[2024-05-06T04:54:34.519+0000] {local_task_job_runner.py:120} INFO - ::group::Pre task execution logs
[2024-05-06T04:54:34.666+0000] {taskinstance.py:2073} INFO - Dependencies all met for dep_context=non-requeueable deps ti=<TaskInstance: example_complex.search_catalog manual__2024-05-06T04:53:55.730459+00:00 [queued]>
[2024-05-06T04:54:34.708+0000] {taskinstance.py:2073} INFO - Dependencies all met for dep_context=requeueable deps ti=<TaskInstance: example_complex.search_catalog manual__2024-05-06T04:53:55.730459+00:00 [queued]>
[2024-05-06T04:54:34.712+0000] {taskinstance.py:2303} INFO - Starting attempt 1 of 1
[2024-05-06T04:54:34.789+0000] {taskinstance.py:2327} INFO - Executing <Task(BashOperator): search_catalog> on 2024-05-06 04:53:55.730459+00:00
[2024-05-06T04:54:34.854+0000] {standard_task_runner.py:90} INFO - Running: ['***', 'tasks', 'run', 'example_complex', 'search_catalog', 'manual__2024-05-06T04:53:55.730459+00:00', '--job-id', '27', '--raw', '--subdir', '/home/***/.local/lib/python3.12/site-packages/***/example_dags/example_complex.py', '--cfg-path', '/tmp/tmpjv9ram4u']
[2024-05-06T04:54:34.903+0000] {logging_mixin.py:188} WARNING - /home/***/.local/lib/python3.12/site-packages/***/task/task_runner/standard_task_runner.py:61 DeprecationWarning: This process (pid=2610) is multi-threaded, use of fork() may lead to deadlocks in the child.
[2024-05-06T04:54:34.880+0000] {standard_task_runner.py:91} INFO - Job 27: Subtask search_catalog
[2024-05-06T04:54:34.904+0000] {standard_task_runner.py:63} INFO - Started process 2624 to run task
[2024-05-06T04:54:35.288+0000] {task_command.py:426} INFO - Running <TaskInstance: example_complex.search_catalog manual__2024-05-06T04:53:55.730459+00:00 [running]> on host 0cea9ba68f60
[2024-05-06T04:54:35.600+0000] {taskinstance.py:2644} INFO - Exporting env vars: AIRFLOW_CTX_DAG_OWNER='***' AIRFLOW_CTX_DAG_ID='example_complex' AIRFLOW_CTX_TASK_ID='search_catalog' AIRFLOW_CTX_EXECUTION_DATE='2024-05-06T04:53:55.730459+00:00' AIRFLOW_CTX_TRY_NUMBER='1' AIRFLOW_CTX_DAG_RUN_ID='manual__2024-05-06T04:53:55.730459+00:00'
[2024-05-06T04:54:35.602+0000] {taskinstance.py:430} INFO - ::endgroup::
[2024-05-06T04:54:35.604+0000] {subprocess.py:63} INFO - Tmp dir root location: /tmp
[2024-05-06T04:54:35.607+0000] {subprocess.py:75} INFO - Running command: ['/usr/bin/bash', '-c', 'echo search_catalog']
[2024-05-06T04:54:35.708+0000] {subprocess.py:86} INFO - Output:
[2024-05-06T04:54:35.729+0000] {subprocess.py:93} INFO - search_catalog
[2024-05-06T04:54:35.731+0000] {subprocess.py:97} INFO - Command exited with return code 0
[2024-05-06T04:54:35.733+0000] {taskinstance.py:441} INFO - ::group::Post task execution logs
[2024-05-06T04:54:35.818+0000] {taskinstance.py:1205} INFO - Marking task as SUCCESS. dag_id=example_complex, task_id=search_catalog, execution_date=20240506T045355, start_date=20240506T045434, end_date=20240506T045435
[2024-05-06T04:54:35.934+0000] {local_task_job_runner.py:240} INFO - Task exited with return code 0
[2024-05-06T04:54:36.192+0000] {taskinstance.py:3482} INFO - 1 downstream tasks scheduled from follow-on schedule check
[2024-05-06T04:54:36.204+0000] {local_task_job_runner.py:222} INFO - ::endgroup::
