[2024-05-06T04:50:18.162+0000] {processor.py:161} INFO - Started process (PID=284) to work on /home/airflow/.local/lib/python3.12/site-packages/airflow/example_dags/example_branch_python_dop_operator_3.py
[2024-05-06T04:50:18.167+0000] {processor.py:830} INFO - Processing file /home/airflow/.local/lib/python3.12/site-packages/airflow/example_dags/example_branch_python_dop_operator_3.py for tasks to queue
[2024-05-06T04:50:18.170+0000] {logging_mixin.py:188} INFO - [2024-05-06T04:50:18.170+0000] {dagbag.py:540} INFO - Filling up the DagBag from /home/airflow/.local/lib/python3.12/site-packages/airflow/example_dags/example_branch_python_dop_operator_3.py
[2024-05-06T04:50:18.183+0000] {processor.py:840} INFO - DAG(s) 'example_branch_dop_operator_v3' retrieved from /home/airflow/.local/lib/python3.12/site-packages/airflow/example_dags/example_branch_python_dop_operator_3.py
[2024-05-06T04:50:18.736+0000] {logging_mixin.py:188} INFO - [2024-05-06T04:50:18.735+0000] {override.py:1829} INFO - Created Permission View: can delete on DAG:example_branch_dop_operator_v3
[2024-05-06T04:50:18.759+0000] {logging_mixin.py:188} INFO - [2024-05-06T04:50:18.759+0000] {override.py:1829} INFO - Created Permission View: can edit on DAG:example_branch_dop_operator_v3
[2024-05-06T04:50:18.774+0000] {logging_mixin.py:188} INFO - [2024-05-06T04:50:18.774+0000] {override.py:1829} INFO - Created Permission View: can read on DAG:example_branch_dop_operator_v3
[2024-05-06T04:50:18.775+0000] {logging_mixin.py:188} INFO - [2024-05-06T04:50:18.775+0000] {dag.py:3096} INFO - Sync 1 DAGs
[2024-05-06T04:50:18.800+0000] {logging_mixin.py:188} INFO - [2024-05-06T04:50:18.799+0000] {dag.py:3118} INFO - Creating ORM DAG for example_branch_dop_operator_v3
[2024-05-06T04:50:18.836+0000] {logging_mixin.py:188} INFO - [2024-05-06T04:50:18.836+0000] {dag.py:3954} INFO - Setting next_dagrun for example_branch_dop_operator_v3 to 2024-05-06 04:49:00+00:00, run_after=2024-05-06 04:50:00+00:00
[2024-05-06T04:50:18.874+0000] {processor.py:183} INFO - Processing /home/airflow/.local/lib/python3.12/site-packages/airflow/example_dags/example_branch_python_dop_operator_3.py took 0.733 seconds
[2024-05-06T04:50:48.969+0000] {processor.py:161} INFO - Started process (PID=552) to work on /home/airflow/.local/lib/python3.12/site-packages/airflow/example_dags/example_branch_python_dop_operator_3.py
[2024-05-06T04:50:48.971+0000] {processor.py:830} INFO - Processing file /home/airflow/.local/lib/python3.12/site-packages/airflow/example_dags/example_branch_python_dop_operator_3.py for tasks to queue
[2024-05-06T04:50:48.973+0000] {logging_mixin.py:188} INFO - [2024-05-06T04:50:48.972+0000] {dagbag.py:540} INFO - Filling up the DagBag from /home/airflow/.local/lib/python3.12/site-packages/airflow/example_dags/example_branch_python_dop_operator_3.py
[2024-05-06T04:50:48.997+0000] {processor.py:840} INFO - DAG(s) 'example_branch_dop_operator_v3' retrieved from /home/airflow/.local/lib/python3.12/site-packages/airflow/example_dags/example_branch_python_dop_operator_3.py
[2024-05-06T04:50:49.028+0000] {logging_mixin.py:188} INFO - [2024-05-06T04:50:49.028+0000] {dag.py:3096} INFO - Sync 1 DAGs
[2024-05-06T04:50:49.059+0000] {logging_mixin.py:188} INFO - [2024-05-06T04:50:49.059+0000] {dag.py:3954} INFO - Setting next_dagrun for example_branch_dop_operator_v3 to 2024-05-06 04:49:00+00:00, run_after=2024-05-06 04:50:00+00:00
[2024-05-06T04:50:49.088+0000] {processor.py:183} INFO - Processing /home/airflow/.local/lib/python3.12/site-packages/airflow/example_dags/example_branch_python_dop_operator_3.py took 0.125 seconds
[2024-05-06T04:51:19.178+0000] {processor.py:161} INFO - Started process (PID=816) to work on /home/airflow/.local/lib/python3.12/site-packages/airflow/example_dags/example_branch_python_dop_operator_3.py
[2024-05-06T04:51:19.179+0000] {processor.py:830} INFO - Processing file /home/airflow/.local/lib/python3.12/site-packages/airflow/example_dags/example_branch_python_dop_operator_3.py for tasks to queue
[2024-05-06T04:51:19.182+0000] {logging_mixin.py:188} INFO - [2024-05-06T04:51:19.181+0000] {dagbag.py:540} INFO - Filling up the DagBag from /home/airflow/.local/lib/python3.12/site-packages/airflow/example_dags/example_branch_python_dop_operator_3.py
[2024-05-06T04:51:19.210+0000] {processor.py:840} INFO - DAG(s) 'example_branch_dop_operator_v3' retrieved from /home/airflow/.local/lib/python3.12/site-packages/airflow/example_dags/example_branch_python_dop_operator_3.py
[2024-05-06T04:51:19.242+0000] {logging_mixin.py:188} INFO - [2024-05-06T04:51:19.242+0000] {dag.py:3096} INFO - Sync 1 DAGs
[2024-05-06T04:51:19.280+0000] {logging_mixin.py:188} INFO - [2024-05-06T04:51:19.280+0000] {dag.py:3954} INFO - Setting next_dagrun for example_branch_dop_operator_v3 to 2024-05-06 04:50:00+00:00, run_after=2024-05-06 04:51:00+00:00
[2024-05-06T04:51:19.317+0000] {processor.py:183} INFO - Processing /home/airflow/.local/lib/python3.12/site-packages/airflow/example_dags/example_branch_python_dop_operator_3.py took 0.147 seconds
[2024-05-06T04:51:49.622+0000] {processor.py:161} INFO - Started process (PID=1077) to work on /home/airflow/.local/lib/python3.12/site-packages/airflow/example_dags/example_branch_python_dop_operator_3.py
[2024-05-06T04:51:49.623+0000] {processor.py:830} INFO - Processing file /home/airflow/.local/lib/python3.12/site-packages/airflow/example_dags/example_branch_python_dop_operator_3.py for tasks to queue
[2024-05-06T04:51:49.625+0000] {logging_mixin.py:188} INFO - [2024-05-06T04:51:49.625+0000] {dagbag.py:540} INFO - Filling up the DagBag from /home/airflow/.local/lib/python3.12/site-packages/airflow/example_dags/example_branch_python_dop_operator_3.py
[2024-05-06T04:51:49.646+0000] {processor.py:840} INFO - DAG(s) 'example_branch_dop_operator_v3' retrieved from /home/airflow/.local/lib/python3.12/site-packages/airflow/example_dags/example_branch_python_dop_operator_3.py
[2024-05-06T04:51:49.697+0000] {logging_mixin.py:188} INFO - [2024-05-06T04:51:49.697+0000] {dag.py:3096} INFO - Sync 1 DAGs
[2024-05-06T04:51:49.733+0000] {logging_mixin.py:188} INFO - [2024-05-06T04:51:49.733+0000] {dag.py:3954} INFO - Setting next_dagrun for example_branch_dop_operator_v3 to 2024-05-06 04:50:00+00:00, run_after=2024-05-06 04:51:00+00:00
[2024-05-06T04:51:49.768+0000] {processor.py:183} INFO - Processing /home/airflow/.local/lib/python3.12/site-packages/airflow/example_dags/example_branch_python_dop_operator_3.py took 0.154 seconds
[2024-05-06T04:52:20.577+0000] {processor.py:161} INFO - Started process (PID=1340) to work on /home/airflow/.local/lib/python3.12/site-packages/airflow/example_dags/example_branch_python_dop_operator_3.py
[2024-05-06T04:52:20.578+0000] {processor.py:830} INFO - Processing file /home/airflow/.local/lib/python3.12/site-packages/airflow/example_dags/example_branch_python_dop_operator_3.py for tasks to queue
[2024-05-06T04:52:20.579+0000] {logging_mixin.py:188} INFO - [2024-05-06T04:52:20.579+0000] {dagbag.py:540} INFO - Filling up the DagBag from /home/airflow/.local/lib/python3.12/site-packages/airflow/example_dags/example_branch_python_dop_operator_3.py
[2024-05-06T04:52:20.589+0000] {processor.py:840} INFO - DAG(s) 'example_branch_dop_operator_v3' retrieved from /home/airflow/.local/lib/python3.12/site-packages/airflow/example_dags/example_branch_python_dop_operator_3.py
[2024-05-06T04:52:20.612+0000] {logging_mixin.py:188} INFO - [2024-05-06T04:52:20.612+0000] {dag.py:3096} INFO - Sync 1 DAGs
[2024-05-06T04:52:20.645+0000] {logging_mixin.py:188} INFO - [2024-05-06T04:52:20.645+0000] {dag.py:3954} INFO - Setting next_dagrun for example_branch_dop_operator_v3 to 2024-05-06 04:51:00+00:00, run_after=2024-05-06 04:52:00+00:00
[2024-05-06T04:52:20.671+0000] {processor.py:183} INFO - Processing /home/airflow/.local/lib/python3.12/site-packages/airflow/example_dags/example_branch_python_dop_operator_3.py took 0.101 seconds
[2024-05-06T04:52:50.870+0000] {processor.py:161} INFO - Started process (PID=1600) to work on /home/airflow/.local/lib/python3.12/site-packages/airflow/example_dags/example_branch_python_dop_operator_3.py
[2024-05-06T04:52:50.871+0000] {processor.py:830} INFO - Processing file /home/airflow/.local/lib/python3.12/site-packages/airflow/example_dags/example_branch_python_dop_operator_3.py for tasks to queue
[2024-05-06T04:52:50.873+0000] {logging_mixin.py:188} INFO - [2024-05-06T04:52:50.872+0000] {dagbag.py:540} INFO - Filling up the DagBag from /home/airflow/.local/lib/python3.12/site-packages/airflow/example_dags/example_branch_python_dop_operator_3.py
[2024-05-06T04:52:50.883+0000] {processor.py:840} INFO - DAG(s) 'example_branch_dop_operator_v3' retrieved from /home/airflow/.local/lib/python3.12/site-packages/airflow/example_dags/example_branch_python_dop_operator_3.py
[2024-05-06T04:52:50.907+0000] {logging_mixin.py:188} INFO - [2024-05-06T04:52:50.906+0000] {dag.py:3096} INFO - Sync 1 DAGs
[2024-05-06T04:52:50.941+0000] {logging_mixin.py:188} INFO - [2024-05-06T04:52:50.940+0000] {dag.py:3954} INFO - Setting next_dagrun for example_branch_dop_operator_v3 to 2024-05-06 04:51:00+00:00, run_after=2024-05-06 04:52:00+00:00
[2024-05-06T04:52:50.966+0000] {processor.py:183} INFO - Processing /home/airflow/.local/lib/python3.12/site-packages/airflow/example_dags/example_branch_python_dop_operator_3.py took 0.102 seconds
[2024-05-06T04:53:21.042+0000] {processor.py:161} INFO - Started process (PID=1862) to work on /home/airflow/.local/lib/python3.12/site-packages/airflow/example_dags/example_branch_python_dop_operator_3.py
[2024-05-06T04:53:21.043+0000] {processor.py:830} INFO - Processing file /home/airflow/.local/lib/python3.12/site-packages/airflow/example_dags/example_branch_python_dop_operator_3.py for tasks to queue
[2024-05-06T04:53:21.044+0000] {logging_mixin.py:188} INFO - [2024-05-06T04:53:21.044+0000] {dagbag.py:540} INFO - Filling up the DagBag from /home/airflow/.local/lib/python3.12/site-packages/airflow/example_dags/example_branch_python_dop_operator_3.py
[2024-05-06T04:53:21.054+0000] {processor.py:840} INFO - DAG(s) 'example_branch_dop_operator_v3' retrieved from /home/airflow/.local/lib/python3.12/site-packages/airflow/example_dags/example_branch_python_dop_operator_3.py
[2024-05-06T04:53:21.078+0000] {logging_mixin.py:188} INFO - [2024-05-06T04:53:21.077+0000] {dag.py:3096} INFO - Sync 1 DAGs
[2024-05-06T04:53:21.130+0000] {logging_mixin.py:188} INFO - [2024-05-06T04:53:21.129+0000] {dag.py:3954} INFO - Setting next_dagrun for example_branch_dop_operator_v3 to 2024-05-06 04:52:00+00:00, run_after=2024-05-06 04:53:00+00:00
[2024-05-06T04:53:21.179+0000] {processor.py:183} INFO - Processing /home/airflow/.local/lib/python3.12/site-packages/airflow/example_dags/example_branch_python_dop_operator_3.py took 0.145 seconds
[2024-05-06T04:53:51.561+0000] {processor.py:161} INFO - Started process (PID=2125) to work on /home/airflow/.local/lib/python3.12/site-packages/airflow/example_dags/example_branch_python_dop_operator_3.py
[2024-05-06T04:53:51.562+0000] {processor.py:830} INFO - Processing file /home/airflow/.local/lib/python3.12/site-packages/airflow/example_dags/example_branch_python_dop_operator_3.py for tasks to queue
[2024-05-06T04:53:51.564+0000] {logging_mixin.py:188} INFO - [2024-05-06T04:53:51.564+0000] {dagbag.py:540} INFO - Filling up the DagBag from /home/airflow/.local/lib/python3.12/site-packages/airflow/example_dags/example_branch_python_dop_operator_3.py
[2024-05-06T04:53:51.574+0000] {processor.py:840} INFO - DAG(s) 'example_branch_dop_operator_v3' retrieved from /home/airflow/.local/lib/python3.12/site-packages/airflow/example_dags/example_branch_python_dop_operator_3.py
[2024-05-06T04:53:51.656+0000] {logging_mixin.py:188} INFO - [2024-05-06T04:53:51.655+0000] {dag.py:3096} INFO - Sync 1 DAGs
[2024-05-06T04:53:51.699+0000] {logging_mixin.py:188} INFO - [2024-05-06T04:53:51.699+0000] {dag.py:3954} INFO - Setting next_dagrun for example_branch_dop_operator_v3 to 2024-05-06 04:52:00+00:00, run_after=2024-05-06 04:53:00+00:00
[2024-05-06T04:53:51.777+0000] {processor.py:183} INFO - Processing /home/airflow/.local/lib/python3.12/site-packages/airflow/example_dags/example_branch_python_dop_operator_3.py took 0.223 seconds
[2024-05-06T04:54:24.251+0000] {processor.py:161} INFO - Started process (PID=2474) to work on /home/airflow/.local/lib/python3.12/site-packages/airflow/example_dags/example_branch_python_dop_operator_3.py
[2024-05-06T04:54:24.260+0000] {processor.py:830} INFO - Processing file /home/airflow/.local/lib/python3.12/site-packages/airflow/example_dags/example_branch_python_dop_operator_3.py for tasks to queue
[2024-05-06T04:54:24.262+0000] {logging_mixin.py:188} INFO - [2024-05-06T04:54:24.262+0000] {dagbag.py:540} INFO - Filling up the DagBag from /home/airflow/.local/lib/python3.12/site-packages/airflow/example_dags/example_branch_python_dop_operator_3.py
[2024-05-06T04:54:24.298+0000] {processor.py:840} INFO - DAG(s) 'example_branch_dop_operator_v3' retrieved from /home/airflow/.local/lib/python3.12/site-packages/airflow/example_dags/example_branch_python_dop_operator_3.py
[2024-05-06T04:54:24.380+0000] {logging_mixin.py:188} INFO - [2024-05-06T04:54:24.380+0000] {dag.py:3096} INFO - Sync 1 DAGs
[2024-05-06T04:54:24.530+0000] {logging_mixin.py:188} INFO - [2024-05-06T04:54:24.530+0000] {dag.py:3954} INFO - Setting next_dagrun for example_branch_dop_operator_v3 to 2024-05-06 04:53:00+00:00, run_after=2024-05-06 04:54:00+00:00
[2024-05-06T04:54:24.632+0000] {processor.py:183} INFO - Processing /home/airflow/.local/lib/python3.12/site-packages/airflow/example_dags/example_branch_python_dop_operator_3.py took 0.390 seconds
[2024-05-06T04:54:54.740+0000] {processor.py:161} INFO - Started process (PID=2797) to work on /home/airflow/.local/lib/python3.12/site-packages/airflow/example_dags/example_branch_python_dop_operator_3.py
[2024-05-06T04:54:54.741+0000] {processor.py:830} INFO - Processing file /home/airflow/.local/lib/python3.12/site-packages/airflow/example_dags/example_branch_python_dop_operator_3.py for tasks to queue
[2024-05-06T04:54:54.743+0000] {logging_mixin.py:188} INFO - [2024-05-06T04:54:54.742+0000] {dagbag.py:540} INFO - Filling up the DagBag from /home/airflow/.local/lib/python3.12/site-packages/airflow/example_dags/example_branch_python_dop_operator_3.py
[2024-05-06T04:54:54.753+0000] {processor.py:840} INFO - DAG(s) 'example_branch_dop_operator_v3' retrieved from /home/airflow/.local/lib/python3.12/site-packages/airflow/example_dags/example_branch_python_dop_operator_3.py
[2024-05-06T04:54:54.778+0000] {logging_mixin.py:188} INFO - [2024-05-06T04:54:54.778+0000] {dag.py:3096} INFO - Sync 1 DAGs
[2024-05-06T04:54:54.808+0000] {logging_mixin.py:188} INFO - [2024-05-06T04:54:54.808+0000] {dag.py:3954} INFO - Setting next_dagrun for example_branch_dop_operator_v3 to 2024-05-06 04:53:00+00:00, run_after=2024-05-06 04:54:00+00:00
[2024-05-06T04:54:54.832+0000] {processor.py:183} INFO - Processing /home/airflow/.local/lib/python3.12/site-packages/airflow/example_dags/example_branch_python_dop_operator_3.py took 0.099 seconds
[2024-05-06T04:55:24.909+0000] {processor.py:161} INFO - Started process (PID=3059) to work on /home/airflow/.local/lib/python3.12/site-packages/airflow/example_dags/example_branch_python_dop_operator_3.py
[2024-05-06T04:55:24.910+0000] {processor.py:830} INFO - Processing file /home/airflow/.local/lib/python3.12/site-packages/airflow/example_dags/example_branch_python_dop_operator_3.py for tasks to queue
[2024-05-06T04:55:24.911+0000] {logging_mixin.py:188} INFO - [2024-05-06T04:55:24.911+0000] {dagbag.py:540} INFO - Filling up the DagBag from /home/airflow/.local/lib/python3.12/site-packages/airflow/example_dags/example_branch_python_dop_operator_3.py
[2024-05-06T04:55:24.922+0000] {processor.py:840} INFO - DAG(s) 'example_branch_dop_operator_v3' retrieved from /home/airflow/.local/lib/python3.12/site-packages/airflow/example_dags/example_branch_python_dop_operator_3.py
[2024-05-06T04:55:24.944+0000] {logging_mixin.py:188} INFO - [2024-05-06T04:55:24.944+0000] {dag.py:3096} INFO - Sync 1 DAGs
[2024-05-06T04:55:24.976+0000] {logging_mixin.py:188} INFO - [2024-05-06T04:55:24.976+0000] {dag.py:3954} INFO - Setting next_dagrun for example_branch_dop_operator_v3 to 2024-05-06 04:54:00+00:00, run_after=2024-05-06 04:55:00+00:00
[2024-05-06T04:55:25.001+0000] {processor.py:183} INFO - Processing /home/airflow/.local/lib/python3.12/site-packages/airflow/example_dags/example_branch_python_dop_operator_3.py took 0.098 seconds
[2024-05-06T04:55:55.128+0000] {processor.py:161} INFO - Started process (PID=3322) to work on /home/airflow/.local/lib/python3.12/site-packages/airflow/example_dags/example_branch_python_dop_operator_3.py
[2024-05-06T04:55:55.138+0000] {processor.py:830} INFO - Processing file /home/airflow/.local/lib/python3.12/site-packages/airflow/example_dags/example_branch_python_dop_operator_3.py for tasks to queue
[2024-05-06T04:55:55.147+0000] {logging_mixin.py:188} INFO - [2024-05-06T04:55:55.145+0000] {dagbag.py:540} INFO - Filling up the DagBag from /home/airflow/.local/lib/python3.12/site-packages/airflow/example_dags/example_branch_python_dop_operator_3.py
[2024-05-06T04:55:55.166+0000] {processor.py:840} INFO - DAG(s) 'example_branch_dop_operator_v3' retrieved from /home/airflow/.local/lib/python3.12/site-packages/airflow/example_dags/example_branch_python_dop_operator_3.py
[2024-05-06T04:55:55.203+0000] {logging_mixin.py:188} INFO - [2024-05-06T04:55:55.203+0000] {dag.py:3096} INFO - Sync 1 DAGs
[2024-05-06T04:55:55.249+0000] {logging_mixin.py:188} INFO - [2024-05-06T04:55:55.249+0000] {dag.py:3954} INFO - Setting next_dagrun for example_branch_dop_operator_v3 to 2024-05-06 04:54:00+00:00, run_after=2024-05-06 04:55:00+00:00
[2024-05-06T04:55:55.285+0000] {processor.py:183} INFO - Processing /home/airflow/.local/lib/python3.12/site-packages/airflow/example_dags/example_branch_python_dop_operator_3.py took 0.169 seconds
[2024-05-06T04:56:26.117+0000] {processor.py:161} INFO - Started process (PID=3585) to work on /home/airflow/.local/lib/python3.12/site-packages/airflow/example_dags/example_branch_python_dop_operator_3.py
[2024-05-06T04:56:26.118+0000] {processor.py:830} INFO - Processing file /home/airflow/.local/lib/python3.12/site-packages/airflow/example_dags/example_branch_python_dop_operator_3.py for tasks to queue
[2024-05-06T04:56:26.120+0000] {logging_mixin.py:188} INFO - [2024-05-06T04:56:26.119+0000] {dagbag.py:540} INFO - Filling up the DagBag from /home/airflow/.local/lib/python3.12/site-packages/airflow/example_dags/example_branch_python_dop_operator_3.py
[2024-05-06T04:56:26.129+0000] {processor.py:840} INFO - DAG(s) 'example_branch_dop_operator_v3' retrieved from /home/airflow/.local/lib/python3.12/site-packages/airflow/example_dags/example_branch_python_dop_operator_3.py
[2024-05-06T04:56:26.150+0000] {logging_mixin.py:188} INFO - [2024-05-06T04:56:26.150+0000] {dag.py:3096} INFO - Sync 1 DAGs
[2024-05-06T04:56:26.182+0000] {logging_mixin.py:188} INFO - [2024-05-06T04:56:26.182+0000] {dag.py:3954} INFO - Setting next_dagrun for example_branch_dop_operator_v3 to 2024-05-06 04:55:00+00:00, run_after=2024-05-06 04:56:00+00:00
[2024-05-06T04:56:26.207+0000] {processor.py:183} INFO - Processing /home/airflow/.local/lib/python3.12/site-packages/airflow/example_dags/example_branch_python_dop_operator_3.py took 0.098 seconds
[2024-05-06T04:56:56.883+0000] {processor.py:161} INFO - Started process (PID=3848) to work on /home/airflow/.local/lib/python3.12/site-packages/airflow/example_dags/example_branch_python_dop_operator_3.py
[2024-05-06T04:56:56.883+0000] {processor.py:830} INFO - Processing file /home/airflow/.local/lib/python3.12/site-packages/airflow/example_dags/example_branch_python_dop_operator_3.py for tasks to queue
[2024-05-06T04:56:56.885+0000] {logging_mixin.py:188} INFO - [2024-05-06T04:56:56.885+0000] {dagbag.py:540} INFO - Filling up the DagBag from /home/airflow/.local/lib/python3.12/site-packages/airflow/example_dags/example_branch_python_dop_operator_3.py
[2024-05-06T04:56:56.896+0000] {processor.py:840} INFO - DAG(s) 'example_branch_dop_operator_v3' retrieved from /home/airflow/.local/lib/python3.12/site-packages/airflow/example_dags/example_branch_python_dop_operator_3.py
[2024-05-06T04:56:56.919+0000] {logging_mixin.py:188} INFO - [2024-05-06T04:56:56.918+0000] {dag.py:3096} INFO - Sync 1 DAGs
[2024-05-06T04:56:56.953+0000] {logging_mixin.py:188} INFO - [2024-05-06T04:56:56.953+0000] {dag.py:3954} INFO - Setting next_dagrun for example_branch_dop_operator_v3 to 2024-05-06 04:55:00+00:00, run_after=2024-05-06 04:56:00+00:00
[2024-05-06T04:56:56.977+0000] {processor.py:183} INFO - Processing /home/airflow/.local/lib/python3.12/site-packages/airflow/example_dags/example_branch_python_dop_operator_3.py took 0.101 seconds
[2024-05-06T04:57:27.946+0000] {processor.py:161} INFO - Started process (PID=4110) to work on /home/airflow/.local/lib/python3.12/site-packages/airflow/example_dags/example_branch_python_dop_operator_3.py
[2024-05-06T04:57:27.947+0000] {processor.py:830} INFO - Processing file /home/airflow/.local/lib/python3.12/site-packages/airflow/example_dags/example_branch_python_dop_operator_3.py for tasks to queue
[2024-05-06T04:57:27.964+0000] {logging_mixin.py:188} INFO - [2024-05-06T04:57:27.963+0000] {dagbag.py:540} INFO - Filling up the DagBag from /home/airflow/.local/lib/python3.12/site-packages/airflow/example_dags/example_branch_python_dop_operator_3.py
[2024-05-06T04:57:27.983+0000] {processor.py:840} INFO - DAG(s) 'example_branch_dop_operator_v3' retrieved from /home/airflow/.local/lib/python3.12/site-packages/airflow/example_dags/example_branch_python_dop_operator_3.py
[2024-05-06T04:57:28.057+0000] {logging_mixin.py:188} INFO - [2024-05-06T04:57:28.056+0000] {dag.py:3096} INFO - Sync 1 DAGs
[2024-05-06T04:57:28.111+0000] {logging_mixin.py:188} INFO - [2024-05-06T04:57:28.111+0000] {dag.py:3954} INFO - Setting next_dagrun for example_branch_dop_operator_v3 to 2024-05-06 04:56:00+00:00, run_after=2024-05-06 04:57:00+00:00
[2024-05-06T04:57:28.138+0000] {processor.py:183} INFO - Processing /home/airflow/.local/lib/python3.12/site-packages/airflow/example_dags/example_branch_python_dop_operator_3.py took 0.215 seconds
[2024-05-06T04:57:58.412+0000] {processor.py:161} INFO - Started process (PID=4374) to work on /home/airflow/.local/lib/python3.12/site-packages/airflow/example_dags/example_branch_python_dop_operator_3.py
[2024-05-06T04:57:58.413+0000] {processor.py:830} INFO - Processing file /home/airflow/.local/lib/python3.12/site-packages/airflow/example_dags/example_branch_python_dop_operator_3.py for tasks to queue
[2024-05-06T04:57:58.415+0000] {logging_mixin.py:188} INFO - [2024-05-06T04:57:58.415+0000] {dagbag.py:540} INFO - Filling up the DagBag from /home/airflow/.local/lib/python3.12/site-packages/airflow/example_dags/example_branch_python_dop_operator_3.py
[2024-05-06T04:57:58.433+0000] {processor.py:840} INFO - DAG(s) 'example_branch_dop_operator_v3' retrieved from /home/airflow/.local/lib/python3.12/site-packages/airflow/example_dags/example_branch_python_dop_operator_3.py
[2024-05-06T04:57:58.475+0000] {logging_mixin.py:188} INFO - [2024-05-06T04:57:58.474+0000] {dag.py:3096} INFO - Sync 1 DAGs
[2024-05-06T04:57:58.563+0000] {logging_mixin.py:188} INFO - [2024-05-06T04:57:58.563+0000] {dag.py:3954} INFO - Setting next_dagrun for example_branch_dop_operator_v3 to 2024-05-06 04:56:00+00:00, run_after=2024-05-06 04:57:00+00:00
[2024-05-06T04:57:58.607+0000] {processor.py:183} INFO - Processing /home/airflow/.local/lib/python3.12/site-packages/airflow/example_dags/example_branch_python_dop_operator_3.py took 0.201 seconds
[2024-05-06T04:58:29.326+0000] {processor.py:161} INFO - Started process (PID=4634) to work on /home/airflow/.local/lib/python3.12/site-packages/airflow/example_dags/example_branch_python_dop_operator_3.py
[2024-05-06T04:58:29.327+0000] {processor.py:830} INFO - Processing file /home/airflow/.local/lib/python3.12/site-packages/airflow/example_dags/example_branch_python_dop_operator_3.py for tasks to queue
[2024-05-06T04:58:29.329+0000] {logging_mixin.py:188} INFO - [2024-05-06T04:58:29.329+0000] {dagbag.py:540} INFO - Filling up the DagBag from /home/airflow/.local/lib/python3.12/site-packages/airflow/example_dags/example_branch_python_dop_operator_3.py
[2024-05-06T04:58:29.341+0000] {processor.py:840} INFO - DAG(s) 'example_branch_dop_operator_v3' retrieved from /home/airflow/.local/lib/python3.12/site-packages/airflow/example_dags/example_branch_python_dop_operator_3.py
[2024-05-06T04:58:29.369+0000] {logging_mixin.py:188} INFO - [2024-05-06T04:58:29.369+0000] {dag.py:3096} INFO - Sync 1 DAGs
[2024-05-06T04:58:29.405+0000] {logging_mixin.py:188} INFO - [2024-05-06T04:58:29.405+0000] {dag.py:3954} INFO - Setting next_dagrun for example_branch_dop_operator_v3 to 2024-05-06 04:57:00+00:00, run_after=2024-05-06 04:58:00+00:00
[2024-05-06T04:58:29.440+0000] {processor.py:183} INFO - Processing /home/airflow/.local/lib/python3.12/site-packages/airflow/example_dags/example_branch_python_dop_operator_3.py took 0.121 seconds
[2024-05-06T04:58:59.712+0000] {processor.py:161} INFO - Started process (PID=4896) to work on /home/airflow/.local/lib/python3.12/site-packages/airflow/example_dags/example_branch_python_dop_operator_3.py
[2024-05-06T04:58:59.713+0000] {processor.py:830} INFO - Processing file /home/airflow/.local/lib/python3.12/site-packages/airflow/example_dags/example_branch_python_dop_operator_3.py for tasks to queue
[2024-05-06T04:58:59.715+0000] {logging_mixin.py:188} INFO - [2024-05-06T04:58:59.714+0000] {dagbag.py:540} INFO - Filling up the DagBag from /home/airflow/.local/lib/python3.12/site-packages/airflow/example_dags/example_branch_python_dop_operator_3.py
[2024-05-06T04:58:59.737+0000] {processor.py:840} INFO - DAG(s) 'example_branch_dop_operator_v3' retrieved from /home/airflow/.local/lib/python3.12/site-packages/airflow/example_dags/example_branch_python_dop_operator_3.py
[2024-05-06T04:58:59.789+0000] {logging_mixin.py:188} INFO - [2024-05-06T04:58:59.789+0000] {dag.py:3096} INFO - Sync 1 DAGs
[2024-05-06T04:58:59.844+0000] {logging_mixin.py:188} INFO - [2024-05-06T04:58:59.844+0000] {dag.py:3954} INFO - Setting next_dagrun for example_branch_dop_operator_v3 to 2024-05-06 04:57:00+00:00, run_after=2024-05-06 04:58:00+00:00
[2024-05-06T04:58:59.869+0000] {processor.py:183} INFO - Processing /home/airflow/.local/lib/python3.12/site-packages/airflow/example_dags/example_branch_python_dop_operator_3.py took 0.172 seconds
[2024-05-06T04:59:30.801+0000] {processor.py:161} INFO - Started process (PID=5159) to work on /home/airflow/.local/lib/python3.12/site-packages/airflow/example_dags/example_branch_python_dop_operator_3.py
[2024-05-06T04:59:30.802+0000] {processor.py:830} INFO - Processing file /home/airflow/.local/lib/python3.12/site-packages/airflow/example_dags/example_branch_python_dop_operator_3.py for tasks to queue
[2024-05-06T04:59:30.804+0000] {logging_mixin.py:188} INFO - [2024-05-06T04:59:30.803+0000] {dagbag.py:540} INFO - Filling up the DagBag from /home/airflow/.local/lib/python3.12/site-packages/airflow/example_dags/example_branch_python_dop_operator_3.py
[2024-05-06T04:59:30.814+0000] {processor.py:840} INFO - DAG(s) 'example_branch_dop_operator_v3' retrieved from /home/airflow/.local/lib/python3.12/site-packages/airflow/example_dags/example_branch_python_dop_operator_3.py
[2024-05-06T04:59:30.835+0000] {logging_mixin.py:188} INFO - [2024-05-06T04:59:30.835+0000] {dag.py:3096} INFO - Sync 1 DAGs
[2024-05-06T04:59:30.866+0000] {logging_mixin.py:188} INFO - [2024-05-06T04:59:30.866+0000] {dag.py:3954} INFO - Setting next_dagrun for example_branch_dop_operator_v3 to 2024-05-06 04:58:00+00:00, run_after=2024-05-06 04:59:00+00:00
[2024-05-06T04:59:30.892+0000] {processor.py:183} INFO - Processing /home/airflow/.local/lib/python3.12/site-packages/airflow/example_dags/example_branch_python_dop_operator_3.py took 0.098 seconds
[2024-05-06T05:00:01.180+0000] {processor.py:161} INFO - Started process (PID=5421) to work on /home/airflow/.local/lib/python3.12/site-packages/airflow/example_dags/example_branch_python_dop_operator_3.py
[2024-05-06T05:00:01.181+0000] {processor.py:830} INFO - Processing file /home/airflow/.local/lib/python3.12/site-packages/airflow/example_dags/example_branch_python_dop_operator_3.py for tasks to queue
[2024-05-06T05:00:01.183+0000] {logging_mixin.py:188} INFO - [2024-05-06T05:00:01.182+0000] {dagbag.py:540} INFO - Filling up the DagBag from /home/airflow/.local/lib/python3.12/site-packages/airflow/example_dags/example_branch_python_dop_operator_3.py
[2024-05-06T05:00:01.193+0000] {processor.py:840} INFO - DAG(s) 'example_branch_dop_operator_v3' retrieved from /home/airflow/.local/lib/python3.12/site-packages/airflow/example_dags/example_branch_python_dop_operator_3.py
[2024-05-06T05:00:01.214+0000] {logging_mixin.py:188} INFO - [2024-05-06T05:00:01.213+0000] {dag.py:3096} INFO - Sync 1 DAGs
[2024-05-06T05:00:01.244+0000] {logging_mixin.py:188} INFO - [2024-05-06T05:00:01.244+0000] {dag.py:3954} INFO - Setting next_dagrun for example_branch_dop_operator_v3 to 2024-05-06 04:59:00+00:00, run_after=2024-05-06 05:00:00+00:00
[2024-05-06T05:00:01.272+0000] {processor.py:183} INFO - Processing /home/airflow/.local/lib/python3.12/site-packages/airflow/example_dags/example_branch_python_dop_operator_3.py took 0.099 seconds
[2024-05-06T05:00:31.421+0000] {processor.py:161} INFO - Started process (PID=5689) to work on /home/airflow/.local/lib/python3.12/site-packages/airflow/example_dags/example_branch_python_dop_operator_3.py
[2024-05-06T05:00:31.422+0000] {processor.py:830} INFO - Processing file /home/airflow/.local/lib/python3.12/site-packages/airflow/example_dags/example_branch_python_dop_operator_3.py for tasks to queue
[2024-05-06T05:00:31.424+0000] {logging_mixin.py:188} INFO - [2024-05-06T05:00:31.423+0000] {dagbag.py:540} INFO - Filling up the DagBag from /home/airflow/.local/lib/python3.12/site-packages/airflow/example_dags/example_branch_python_dop_operator_3.py
[2024-05-06T05:00:31.433+0000] {processor.py:840} INFO - DAG(s) 'example_branch_dop_operator_v3' retrieved from /home/airflow/.local/lib/python3.12/site-packages/airflow/example_dags/example_branch_python_dop_operator_3.py
[2024-05-06T05:00:31.456+0000] {logging_mixin.py:188} INFO - [2024-05-06T05:00:31.455+0000] {dag.py:3096} INFO - Sync 1 DAGs
[2024-05-06T05:00:31.491+0000] {logging_mixin.py:188} INFO - [2024-05-06T05:00:31.491+0000] {dag.py:3954} INFO - Setting next_dagrun for example_branch_dop_operator_v3 to 2024-05-06 04:59:00+00:00, run_after=2024-05-06 05:00:00+00:00
[2024-05-06T05:00:31.514+0000] {processor.py:183} INFO - Processing /home/airflow/.local/lib/python3.12/site-packages/airflow/example_dags/example_branch_python_dop_operator_3.py took 0.100 seconds
[2024-05-06T05:01:01.865+0000] {processor.py:161} INFO - Started process (PID=5956) to work on /home/airflow/.local/lib/python3.12/site-packages/airflow/example_dags/example_branch_python_dop_operator_3.py
[2024-05-06T05:01:01.866+0000] {processor.py:830} INFO - Processing file /home/airflow/.local/lib/python3.12/site-packages/airflow/example_dags/example_branch_python_dop_operator_3.py for tasks to queue
[2024-05-06T05:01:01.868+0000] {logging_mixin.py:188} INFO - [2024-05-06T05:01:01.868+0000] {dagbag.py:540} INFO - Filling up the DagBag from /home/airflow/.local/lib/python3.12/site-packages/airflow/example_dags/example_branch_python_dop_operator_3.py
[2024-05-06T05:01:01.878+0000] {processor.py:840} INFO - DAG(s) 'example_branch_dop_operator_v3' retrieved from /home/airflow/.local/lib/python3.12/site-packages/airflow/example_dags/example_branch_python_dop_operator_3.py
[2024-05-06T05:01:01.901+0000] {logging_mixin.py:188} INFO - [2024-05-06T05:01:01.901+0000] {dag.py:3096} INFO - Sync 1 DAGs
[2024-05-06T05:01:01.931+0000] {logging_mixin.py:188} INFO - [2024-05-06T05:01:01.930+0000] {dag.py:3954} INFO - Setting next_dagrun for example_branch_dop_operator_v3 to 2024-05-06 05:00:00+00:00, run_after=2024-05-06 05:01:00+00:00
[2024-05-06T05:01:01.954+0000] {processor.py:183} INFO - Processing /home/airflow/.local/lib/python3.12/site-packages/airflow/example_dags/example_branch_python_dop_operator_3.py took 0.096 seconds
[2024-05-06T05:01:32.801+0000] {processor.py:161} INFO - Started process (PID=6223) to work on /home/airflow/.local/lib/python3.12/site-packages/airflow/example_dags/example_branch_python_dop_operator_3.py
[2024-05-06T05:01:32.802+0000] {processor.py:830} INFO - Processing file /home/airflow/.local/lib/python3.12/site-packages/airflow/example_dags/example_branch_python_dop_operator_3.py for tasks to queue
[2024-05-06T05:01:32.804+0000] {logging_mixin.py:188} INFO - [2024-05-06T05:01:32.804+0000] {dagbag.py:540} INFO - Filling up the DagBag from /home/airflow/.local/lib/python3.12/site-packages/airflow/example_dags/example_branch_python_dop_operator_3.py
[2024-05-06T05:01:32.814+0000] {processor.py:840} INFO - DAG(s) 'example_branch_dop_operator_v3' retrieved from /home/airflow/.local/lib/python3.12/site-packages/airflow/example_dags/example_branch_python_dop_operator_3.py
[2024-05-06T05:01:32.837+0000] {logging_mixin.py:188} INFO - [2024-05-06T05:01:32.837+0000] {dag.py:3096} INFO - Sync 1 DAGs
[2024-05-06T05:01:32.869+0000] {logging_mixin.py:188} INFO - [2024-05-06T05:01:32.868+0000] {dag.py:3954} INFO - Setting next_dagrun for example_branch_dop_operator_v3 to 2024-05-06 05:00:00+00:00, run_after=2024-05-06 05:01:00+00:00
[2024-05-06T05:01:32.892+0000] {processor.py:183} INFO - Processing /home/airflow/.local/lib/python3.12/site-packages/airflow/example_dags/example_branch_python_dop_operator_3.py took 0.098 seconds
[2024-05-06T05:02:03.035+0000] {processor.py:161} INFO - Started process (PID=6489) to work on /home/airflow/.local/lib/python3.12/site-packages/airflow/example_dags/example_branch_python_dop_operator_3.py
[2024-05-06T05:02:03.053+0000] {processor.py:830} INFO - Processing file /home/airflow/.local/lib/python3.12/site-packages/airflow/example_dags/example_branch_python_dop_operator_3.py for tasks to queue
[2024-05-06T05:02:03.059+0000] {logging_mixin.py:188} INFO - [2024-05-06T05:02:03.058+0000] {dagbag.py:540} INFO - Filling up the DagBag from /home/airflow/.local/lib/python3.12/site-packages/airflow/example_dags/example_branch_python_dop_operator_3.py
[2024-05-06T05:02:03.083+0000] {processor.py:840} INFO - DAG(s) 'example_branch_dop_operator_v3' retrieved from /home/airflow/.local/lib/python3.12/site-packages/airflow/example_dags/example_branch_python_dop_operator_3.py
[2024-05-06T05:02:03.106+0000] {logging_mixin.py:188} INFO - [2024-05-06T05:02:03.106+0000] {dag.py:3096} INFO - Sync 1 DAGs
[2024-05-06T05:02:03.138+0000] {logging_mixin.py:188} INFO - [2024-05-06T05:02:03.137+0000] {dag.py:3954} INFO - Setting next_dagrun for example_branch_dop_operator_v3 to 2024-05-06 05:01:00+00:00, run_after=2024-05-06 05:02:00+00:00
[2024-05-06T05:02:03.164+0000] {processor.py:183} INFO - Processing /home/airflow/.local/lib/python3.12/site-packages/airflow/example_dags/example_branch_python_dop_operator_3.py took 0.142 seconds
[2024-05-06T05:02:34.085+0000] {processor.py:161} INFO - Started process (PID=6759) to work on /home/airflow/.local/lib/python3.12/site-packages/airflow/example_dags/example_branch_python_dop_operator_3.py
[2024-05-06T05:02:34.086+0000] {processor.py:830} INFO - Processing file /home/airflow/.local/lib/python3.12/site-packages/airflow/example_dags/example_branch_python_dop_operator_3.py for tasks to queue
[2024-05-06T05:02:34.088+0000] {logging_mixin.py:188} INFO - [2024-05-06T05:02:34.088+0000] {dagbag.py:540} INFO - Filling up the DagBag from /home/airflow/.local/lib/python3.12/site-packages/airflow/example_dags/example_branch_python_dop_operator_3.py
[2024-05-06T05:02:34.098+0000] {processor.py:840} INFO - DAG(s) 'example_branch_dop_operator_v3' retrieved from /home/airflow/.local/lib/python3.12/site-packages/airflow/example_dags/example_branch_python_dop_operator_3.py
[2024-05-06T05:02:34.126+0000] {logging_mixin.py:188} INFO - [2024-05-06T05:02:34.126+0000] {dag.py:3096} INFO - Sync 1 DAGs
[2024-05-06T05:02:34.157+0000] {logging_mixin.py:188} INFO - [2024-05-06T05:02:34.157+0000] {dag.py:3954} INFO - Setting next_dagrun for example_branch_dop_operator_v3 to 2024-05-06 05:01:00+00:00, run_after=2024-05-06 05:02:00+00:00
[2024-05-06T05:02:34.185+0000] {processor.py:183} INFO - Processing /home/airflow/.local/lib/python3.12/site-packages/airflow/example_dags/example_branch_python_dop_operator_3.py took 0.108 seconds
[2024-05-06T05:03:04.391+0000] {processor.py:161} INFO - Started process (PID=7027) to work on /home/airflow/.local/lib/python3.12/site-packages/airflow/example_dags/example_branch_python_dop_operator_3.py
[2024-05-06T05:03:04.392+0000] {processor.py:830} INFO - Processing file /home/airflow/.local/lib/python3.12/site-packages/airflow/example_dags/example_branch_python_dop_operator_3.py for tasks to queue
[2024-05-06T05:03:04.394+0000] {logging_mixin.py:188} INFO - [2024-05-06T05:03:04.393+0000] {dagbag.py:540} INFO - Filling up the DagBag from /home/airflow/.local/lib/python3.12/site-packages/airflow/example_dags/example_branch_python_dop_operator_3.py
[2024-05-06T05:03:04.403+0000] {processor.py:840} INFO - DAG(s) 'example_branch_dop_operator_v3' retrieved from /home/airflow/.local/lib/python3.12/site-packages/airflow/example_dags/example_branch_python_dop_operator_3.py
[2024-05-06T05:03:04.424+0000] {logging_mixin.py:188} INFO - [2024-05-06T05:03:04.424+0000] {dag.py:3096} INFO - Sync 1 DAGs
[2024-05-06T05:03:04.455+0000] {logging_mixin.py:188} INFO - [2024-05-06T05:03:04.455+0000] {dag.py:3954} INFO - Setting next_dagrun for example_branch_dop_operator_v3 to 2024-05-06 05:02:00+00:00, run_after=2024-05-06 05:03:00+00:00
[2024-05-06T05:03:04.479+0000] {processor.py:183} INFO - Processing /home/airflow/.local/lib/python3.12/site-packages/airflow/example_dags/example_branch_python_dop_operator_3.py took 0.095 seconds
[2024-05-06T05:03:35.012+0000] {processor.py:161} INFO - Started process (PID=7291) to work on /home/airflow/.local/lib/python3.12/site-packages/airflow/example_dags/example_branch_python_dop_operator_3.py
[2024-05-06T05:03:35.013+0000] {processor.py:830} INFO - Processing file /home/airflow/.local/lib/python3.12/site-packages/airflow/example_dags/example_branch_python_dop_operator_3.py for tasks to queue
[2024-05-06T05:03:35.014+0000] {logging_mixin.py:188} INFO - [2024-05-06T05:03:35.014+0000] {dagbag.py:540} INFO - Filling up the DagBag from /home/airflow/.local/lib/python3.12/site-packages/airflow/example_dags/example_branch_python_dop_operator_3.py
[2024-05-06T05:03:35.021+0000] {processor.py:840} INFO - DAG(s) 'example_branch_dop_operator_v3' retrieved from /home/airflow/.local/lib/python3.12/site-packages/airflow/example_dags/example_branch_python_dop_operator_3.py
[2024-05-06T05:03:35.037+0000] {logging_mixin.py:188} INFO - [2024-05-06T05:03:35.036+0000] {dag.py:3096} INFO - Sync 1 DAGs
[2024-05-06T05:03:35.057+0000] {logging_mixin.py:188} INFO - [2024-05-06T05:03:35.057+0000] {dag.py:3954} INFO - Setting next_dagrun for example_branch_dop_operator_v3 to 2024-05-06 05:02:00+00:00, run_after=2024-05-06 05:03:00+00:00
[2024-05-06T05:03:35.077+0000] {processor.py:183} INFO - Processing /home/airflow/.local/lib/python3.12/site-packages/airflow/example_dags/example_branch_python_dop_operator_3.py took 0.070 seconds
[2024-05-06T05:04:06.005+0000] {processor.py:161} INFO - Started process (PID=7558) to work on /home/airflow/.local/lib/python3.12/site-packages/airflow/example_dags/example_branch_python_dop_operator_3.py
[2024-05-06T05:04:06.008+0000] {processor.py:830} INFO - Processing file /home/airflow/.local/lib/python3.12/site-packages/airflow/example_dags/example_branch_python_dop_operator_3.py for tasks to queue
[2024-05-06T05:04:06.010+0000] {logging_mixin.py:188} INFO - [2024-05-06T05:04:06.010+0000] {dagbag.py:540} INFO - Filling up the DagBag from /home/airflow/.local/lib/python3.12/site-packages/airflow/example_dags/example_branch_python_dop_operator_3.py
[2024-05-06T05:04:06.022+0000] {processor.py:840} INFO - DAG(s) 'example_branch_dop_operator_v3' retrieved from /home/airflow/.local/lib/python3.12/site-packages/airflow/example_dags/example_branch_python_dop_operator_3.py
[2024-05-06T05:04:06.047+0000] {logging_mixin.py:188} INFO - [2024-05-06T05:04:06.046+0000] {dag.py:3096} INFO - Sync 1 DAGs
[2024-05-06T05:04:06.250+0000] {logging_mixin.py:188} INFO - [2024-05-06T05:04:06.250+0000] {dag.py:3954} INFO - Setting next_dagrun for example_branch_dop_operator_v3 to 2024-05-06 05:03:00+00:00, run_after=2024-05-06 05:04:00+00:00
[2024-05-06T05:04:06.275+0000] {processor.py:183} INFO - Processing /home/airflow/.local/lib/python3.12/site-packages/airflow/example_dags/example_branch_python_dop_operator_3.py took 0.276 seconds
[2024-05-06T05:04:36.722+0000] {processor.py:161} INFO - Started process (PID=7823) to work on /home/airflow/.local/lib/python3.12/site-packages/airflow/example_dags/example_branch_python_dop_operator_3.py
[2024-05-06T05:04:36.723+0000] {processor.py:830} INFO - Processing file /home/airflow/.local/lib/python3.12/site-packages/airflow/example_dags/example_branch_python_dop_operator_3.py for tasks to queue
[2024-05-06T05:04:36.724+0000] {logging_mixin.py:188} INFO - [2024-05-06T05:04:36.724+0000] {dagbag.py:540} INFO - Filling up the DagBag from /home/airflow/.local/lib/python3.12/site-packages/airflow/example_dags/example_branch_python_dop_operator_3.py
[2024-05-06T05:04:36.734+0000] {processor.py:840} INFO - DAG(s) 'example_branch_dop_operator_v3' retrieved from /home/airflow/.local/lib/python3.12/site-packages/airflow/example_dags/example_branch_python_dop_operator_3.py
[2024-05-06T05:04:36.758+0000] {logging_mixin.py:188} INFO - [2024-05-06T05:04:36.758+0000] {dag.py:3096} INFO - Sync 1 DAGs
[2024-05-06T05:04:36.787+0000] {logging_mixin.py:188} INFO - [2024-05-06T05:04:36.787+0000] {dag.py:3954} INFO - Setting next_dagrun for example_branch_dop_operator_v3 to 2024-05-06 05:03:00+00:00, run_after=2024-05-06 05:04:00+00:00
[2024-05-06T05:04:36.811+0000] {processor.py:183} INFO - Processing /home/airflow/.local/lib/python3.12/site-packages/airflow/example_dags/example_branch_python_dop_operator_3.py took 0.096 seconds
[2024-05-06T05:05:06.889+0000] {processor.py:161} INFO - Started process (PID=8090) to work on /home/airflow/.local/lib/python3.12/site-packages/airflow/example_dags/example_branch_python_dop_operator_3.py
[2024-05-06T05:05:06.890+0000] {processor.py:830} INFO - Processing file /home/airflow/.local/lib/python3.12/site-packages/airflow/example_dags/example_branch_python_dop_operator_3.py for tasks to queue
[2024-05-06T05:05:06.892+0000] {logging_mixin.py:188} INFO - [2024-05-06T05:05:06.892+0000] {dagbag.py:540} INFO - Filling up the DagBag from /home/airflow/.local/lib/python3.12/site-packages/airflow/example_dags/example_branch_python_dop_operator_3.py
[2024-05-06T05:05:06.902+0000] {processor.py:840} INFO - DAG(s) 'example_branch_dop_operator_v3' retrieved from /home/airflow/.local/lib/python3.12/site-packages/airflow/example_dags/example_branch_python_dop_operator_3.py
[2024-05-06T05:05:06.930+0000] {logging_mixin.py:188} INFO - [2024-05-06T05:05:06.930+0000] {dag.py:3096} INFO - Sync 1 DAGs
[2024-05-06T05:05:06.959+0000] {logging_mixin.py:188} INFO - [2024-05-06T05:05:06.959+0000] {dag.py:3954} INFO - Setting next_dagrun for example_branch_dop_operator_v3 to 2024-05-06 05:04:00+00:00, run_after=2024-05-06 05:05:00+00:00
[2024-05-06T05:05:06.987+0000] {processor.py:183} INFO - Processing /home/airflow/.local/lib/python3.12/site-packages/airflow/example_dags/example_branch_python_dop_operator_3.py took 0.105 seconds
[2024-05-06T05:05:38.049+0000] {processor.py:161} INFO - Started process (PID=8362) to work on /home/airflow/.local/lib/python3.12/site-packages/airflow/example_dags/example_branch_python_dop_operator_3.py
[2024-05-06T05:05:38.050+0000] {processor.py:830} INFO - Processing file /home/airflow/.local/lib/python3.12/site-packages/airflow/example_dags/example_branch_python_dop_operator_3.py for tasks to queue
[2024-05-06T05:05:38.052+0000] {logging_mixin.py:188} INFO - [2024-05-06T05:05:38.052+0000] {dagbag.py:540} INFO - Filling up the DagBag from /home/airflow/.local/lib/python3.12/site-packages/airflow/example_dags/example_branch_python_dop_operator_3.py
[2024-05-06T05:05:38.076+0000] {processor.py:840} INFO - DAG(s) 'example_branch_dop_operator_v3' retrieved from /home/airflow/.local/lib/python3.12/site-packages/airflow/example_dags/example_branch_python_dop_operator_3.py
[2024-05-06T05:05:38.185+0000] {logging_mixin.py:188} INFO - [2024-05-06T05:05:38.185+0000] {dag.py:3096} INFO - Sync 1 DAGs
[2024-05-06T05:05:38.262+0000] {logging_mixin.py:188} INFO - [2024-05-06T05:05:38.262+0000] {dag.py:3954} INFO - Setting next_dagrun for example_branch_dop_operator_v3 to 2024-05-06 05:04:00+00:00, run_after=2024-05-06 05:05:00+00:00
[2024-05-06T05:05:38.321+0000] {processor.py:183} INFO - Processing /home/airflow/.local/lib/python3.12/site-packages/airflow/example_dags/example_branch_python_dop_operator_3.py took 0.286 seconds
[2024-05-06T05:06:08.420+0000] {processor.py:161} INFO - Started process (PID=8636) to work on /home/airflow/.local/lib/python3.12/site-packages/airflow/example_dags/example_branch_python_dop_operator_3.py
[2024-05-06T05:06:08.421+0000] {processor.py:830} INFO - Processing file /home/airflow/.local/lib/python3.12/site-packages/airflow/example_dags/example_branch_python_dop_operator_3.py for tasks to queue
[2024-05-06T05:06:08.423+0000] {logging_mixin.py:188} INFO - [2024-05-06T05:06:08.422+0000] {dagbag.py:540} INFO - Filling up the DagBag from /home/airflow/.local/lib/python3.12/site-packages/airflow/example_dags/example_branch_python_dop_operator_3.py
[2024-05-06T05:06:08.432+0000] {processor.py:840} INFO - DAG(s) 'example_branch_dop_operator_v3' retrieved from /home/airflow/.local/lib/python3.12/site-packages/airflow/example_dags/example_branch_python_dop_operator_3.py
[2024-05-06T05:06:08.458+0000] {logging_mixin.py:188} INFO - [2024-05-06T05:06:08.457+0000] {dag.py:3096} INFO - Sync 1 DAGs
[2024-05-06T05:06:08.489+0000] {logging_mixin.py:188} INFO - [2024-05-06T05:06:08.489+0000] {dag.py:3954} INFO - Setting next_dagrun for example_branch_dop_operator_v3 to 2024-05-06 05:05:00+00:00, run_after=2024-05-06 05:06:00+00:00
[2024-05-06T05:06:08.512+0000] {processor.py:183} INFO - Processing /home/airflow/.local/lib/python3.12/site-packages/airflow/example_dags/example_branch_python_dop_operator_3.py took 0.098 seconds
[2024-05-06T05:06:38.718+0000] {processor.py:161} INFO - Started process (PID=8906) to work on /home/airflow/.local/lib/python3.12/site-packages/airflow/example_dags/example_branch_python_dop_operator_3.py
[2024-05-06T05:06:38.719+0000] {processor.py:830} INFO - Processing file /home/airflow/.local/lib/python3.12/site-packages/airflow/example_dags/example_branch_python_dop_operator_3.py for tasks to queue
[2024-05-06T05:06:38.721+0000] {logging_mixin.py:188} INFO - [2024-05-06T05:06:38.720+0000] {dagbag.py:540} INFO - Filling up the DagBag from /home/airflow/.local/lib/python3.12/site-packages/airflow/example_dags/example_branch_python_dop_operator_3.py
[2024-05-06T05:06:38.731+0000] {processor.py:840} INFO - DAG(s) 'example_branch_dop_operator_v3' retrieved from /home/airflow/.local/lib/python3.12/site-packages/airflow/example_dags/example_branch_python_dop_operator_3.py
[2024-05-06T05:06:38.752+0000] {logging_mixin.py:188} INFO - [2024-05-06T05:06:38.752+0000] {dag.py:3096} INFO - Sync 1 DAGs
[2024-05-06T05:06:38.783+0000] {logging_mixin.py:188} INFO - [2024-05-06T05:06:38.783+0000] {dag.py:3954} INFO - Setting next_dagrun for example_branch_dop_operator_v3 to 2024-05-06 05:05:00+00:00, run_after=2024-05-06 05:06:00+00:00
[2024-05-06T05:06:38.813+0000] {processor.py:183} INFO - Processing /home/airflow/.local/lib/python3.12/site-packages/airflow/example_dags/example_branch_python_dop_operator_3.py took 0.103 seconds
[2024-05-06T05:07:09.355+0000] {processor.py:161} INFO - Started process (PID=9178) to work on /home/airflow/.local/lib/python3.12/site-packages/airflow/example_dags/example_branch_python_dop_operator_3.py
[2024-05-06T05:07:09.355+0000] {processor.py:830} INFO - Processing file /home/airflow/.local/lib/python3.12/site-packages/airflow/example_dags/example_branch_python_dop_operator_3.py for tasks to queue
[2024-05-06T05:07:09.357+0000] {logging_mixin.py:188} INFO - [2024-05-06T05:07:09.357+0000] {dagbag.py:540} INFO - Filling up the DagBag from /home/airflow/.local/lib/python3.12/site-packages/airflow/example_dags/example_branch_python_dop_operator_3.py
[2024-05-06T05:07:09.367+0000] {processor.py:840} INFO - DAG(s) 'example_branch_dop_operator_v3' retrieved from /home/airflow/.local/lib/python3.12/site-packages/airflow/example_dags/example_branch_python_dop_operator_3.py
[2024-05-06T05:07:09.388+0000] {logging_mixin.py:188} INFO - [2024-05-06T05:07:09.388+0000] {dag.py:3096} INFO - Sync 1 DAGs
[2024-05-06T05:07:09.422+0000] {logging_mixin.py:188} INFO - [2024-05-06T05:07:09.422+0000] {dag.py:3954} INFO - Setting next_dagrun for example_branch_dop_operator_v3 to 2024-05-06 05:06:00+00:00, run_after=2024-05-06 05:07:00+00:00
[2024-05-06T05:07:09.451+0000] {processor.py:183} INFO - Processing /home/airflow/.local/lib/python3.12/site-packages/airflow/example_dags/example_branch_python_dop_operator_3.py took 0.104 seconds
[2024-05-06T05:07:40.116+0000] {processor.py:161} INFO - Started process (PID=9452) to work on /home/airflow/.local/lib/python3.12/site-packages/airflow/example_dags/example_branch_python_dop_operator_3.py
[2024-05-06T05:07:40.117+0000] {processor.py:830} INFO - Processing file /home/airflow/.local/lib/python3.12/site-packages/airflow/example_dags/example_branch_python_dop_operator_3.py for tasks to queue
[2024-05-06T05:07:40.119+0000] {logging_mixin.py:188} INFO - [2024-05-06T05:07:40.119+0000] {dagbag.py:540} INFO - Filling up the DagBag from /home/airflow/.local/lib/python3.12/site-packages/airflow/example_dags/example_branch_python_dop_operator_3.py
[2024-05-06T05:07:40.129+0000] {processor.py:840} INFO - DAG(s) 'example_branch_dop_operator_v3' retrieved from /home/airflow/.local/lib/python3.12/site-packages/airflow/example_dags/example_branch_python_dop_operator_3.py
[2024-05-06T05:07:40.152+0000] {logging_mixin.py:188} INFO - [2024-05-06T05:07:40.151+0000] {dag.py:3096} INFO - Sync 1 DAGs
[2024-05-06T05:07:40.183+0000] {logging_mixin.py:188} INFO - [2024-05-06T05:07:40.183+0000] {dag.py:3954} INFO - Setting next_dagrun for example_branch_dop_operator_v3 to 2024-05-06 05:06:00+00:00, run_after=2024-05-06 05:07:00+00:00
[2024-05-06T05:07:40.207+0000] {processor.py:183} INFO - Processing /home/airflow/.local/lib/python3.12/site-packages/airflow/example_dags/example_branch_python_dop_operator_3.py took 0.099 seconds
[2024-05-06T05:08:10.860+0000] {processor.py:161} INFO - Started process (PID=9725) to work on /home/airflow/.local/lib/python3.12/site-packages/airflow/example_dags/example_branch_python_dop_operator_3.py
[2024-05-06T05:08:10.861+0000] {processor.py:830} INFO - Processing file /home/airflow/.local/lib/python3.12/site-packages/airflow/example_dags/example_branch_python_dop_operator_3.py for tasks to queue
[2024-05-06T05:08:10.863+0000] {logging_mixin.py:188} INFO - [2024-05-06T05:08:10.863+0000] {dagbag.py:540} INFO - Filling up the DagBag from /home/airflow/.local/lib/python3.12/site-packages/airflow/example_dags/example_branch_python_dop_operator_3.py
[2024-05-06T05:08:10.873+0000] {processor.py:840} INFO - DAG(s) 'example_branch_dop_operator_v3' retrieved from /home/airflow/.local/lib/python3.12/site-packages/airflow/example_dags/example_branch_python_dop_operator_3.py
[2024-05-06T05:08:10.909+0000] {logging_mixin.py:188} INFO - [2024-05-06T05:08:10.908+0000] {dag.py:3096} INFO - Sync 1 DAGs
[2024-05-06T05:08:10.939+0000] {logging_mixin.py:188} INFO - [2024-05-06T05:08:10.939+0000] {dag.py:3954} INFO - Setting next_dagrun for example_branch_dop_operator_v3 to 2024-05-06 05:07:00+00:00, run_after=2024-05-06 05:08:00+00:00
[2024-05-06T05:08:10.970+0000] {processor.py:183} INFO - Processing /home/airflow/.local/lib/python3.12/site-packages/airflow/example_dags/example_branch_python_dop_operator_3.py took 0.116 seconds
[2024-05-06T05:08:41.365+0000] {processor.py:161} INFO - Started process (PID=9997) to work on /home/airflow/.local/lib/python3.12/site-packages/airflow/example_dags/example_branch_python_dop_operator_3.py
[2024-05-06T05:08:41.366+0000] {processor.py:830} INFO - Processing file /home/airflow/.local/lib/python3.12/site-packages/airflow/example_dags/example_branch_python_dop_operator_3.py for tasks to queue
[2024-05-06T05:08:41.367+0000] {logging_mixin.py:188} INFO - [2024-05-06T05:08:41.367+0000] {dagbag.py:540} INFO - Filling up the DagBag from /home/airflow/.local/lib/python3.12/site-packages/airflow/example_dags/example_branch_python_dop_operator_3.py
[2024-05-06T05:08:41.378+0000] {processor.py:840} INFO - DAG(s) 'example_branch_dop_operator_v3' retrieved from /home/airflow/.local/lib/python3.12/site-packages/airflow/example_dags/example_branch_python_dop_operator_3.py
[2024-05-06T05:08:41.399+0000] {logging_mixin.py:188} INFO - [2024-05-06T05:08:41.399+0000] {dag.py:3096} INFO - Sync 1 DAGs
[2024-05-06T05:08:41.431+0000] {logging_mixin.py:188} INFO - [2024-05-06T05:08:41.430+0000] {dag.py:3954} INFO - Setting next_dagrun for example_branch_dop_operator_v3 to 2024-05-06 05:07:00+00:00, run_after=2024-05-06 05:08:00+00:00
[2024-05-06T05:08:41.461+0000] {processor.py:183} INFO - Processing /home/airflow/.local/lib/python3.12/site-packages/airflow/example_dags/example_branch_python_dop_operator_3.py took 0.104 seconds
[2024-05-06T05:09:12.049+0000] {processor.py:161} INFO - Started process (PID=10269) to work on /home/airflow/.local/lib/python3.12/site-packages/airflow/example_dags/example_branch_python_dop_operator_3.py
[2024-05-06T05:09:12.050+0000] {processor.py:830} INFO - Processing file /home/airflow/.local/lib/python3.12/site-packages/airflow/example_dags/example_branch_python_dop_operator_3.py for tasks to queue
[2024-05-06T05:09:12.052+0000] {logging_mixin.py:188} INFO - [2024-05-06T05:09:12.052+0000] {dagbag.py:540} INFO - Filling up the DagBag from /home/airflow/.local/lib/python3.12/site-packages/airflow/example_dags/example_branch_python_dop_operator_3.py
[2024-05-06T05:09:12.062+0000] {processor.py:840} INFO - DAG(s) 'example_branch_dop_operator_v3' retrieved from /home/airflow/.local/lib/python3.12/site-packages/airflow/example_dags/example_branch_python_dop_operator_3.py
[2024-05-06T05:09:12.084+0000] {logging_mixin.py:188} INFO - [2024-05-06T05:09:12.084+0000] {dag.py:3096} INFO - Sync 1 DAGs
[2024-05-06T05:09:12.113+0000] {logging_mixin.py:188} INFO - [2024-05-06T05:09:12.113+0000] {dag.py:3954} INFO - Setting next_dagrun for example_branch_dop_operator_v3 to 2024-05-06 05:08:00+00:00, run_after=2024-05-06 05:09:00+00:00
[2024-05-06T05:09:12.138+0000] {processor.py:183} INFO - Processing /home/airflow/.local/lib/python3.12/site-packages/airflow/example_dags/example_branch_python_dop_operator_3.py took 0.096 seconds
[2024-05-06T05:09:42.375+0000] {processor.py:161} INFO - Started process (PID=10541) to work on /home/airflow/.local/lib/python3.12/site-packages/airflow/example_dags/example_branch_python_dop_operator_3.py
[2024-05-06T05:09:42.376+0000] {processor.py:830} INFO - Processing file /home/airflow/.local/lib/python3.12/site-packages/airflow/example_dags/example_branch_python_dop_operator_3.py for tasks to queue
[2024-05-06T05:09:42.378+0000] {logging_mixin.py:188} INFO - [2024-05-06T05:09:42.377+0000] {dagbag.py:540} INFO - Filling up the DagBag from /home/airflow/.local/lib/python3.12/site-packages/airflow/example_dags/example_branch_python_dop_operator_3.py
[2024-05-06T05:09:42.387+0000] {processor.py:840} INFO - DAG(s) 'example_branch_dop_operator_v3' retrieved from /home/airflow/.local/lib/python3.12/site-packages/airflow/example_dags/example_branch_python_dop_operator_3.py
[2024-05-06T05:09:42.410+0000] {logging_mixin.py:188} INFO - [2024-05-06T05:09:42.409+0000] {dag.py:3096} INFO - Sync 1 DAGs
[2024-05-06T05:09:42.441+0000] {logging_mixin.py:188} INFO - [2024-05-06T05:09:42.441+0000] {dag.py:3954} INFO - Setting next_dagrun for example_branch_dop_operator_v3 to 2024-05-06 05:08:00+00:00, run_after=2024-05-06 05:09:00+00:00
[2024-05-06T05:09:42.467+0000] {processor.py:183} INFO - Processing /home/airflow/.local/lib/python3.12/site-packages/airflow/example_dags/example_branch_python_dop_operator_3.py took 0.100 seconds
[2024-05-06T05:10:13.119+0000] {processor.py:161} INFO - Started process (PID=10813) to work on /home/airflow/.local/lib/python3.12/site-packages/airflow/example_dags/example_branch_python_dop_operator_3.py
[2024-05-06T05:10:13.120+0000] {processor.py:830} INFO - Processing file /home/airflow/.local/lib/python3.12/site-packages/airflow/example_dags/example_branch_python_dop_operator_3.py for tasks to queue
[2024-05-06T05:10:13.130+0000] {logging_mixin.py:188} INFO - [2024-05-06T05:10:13.129+0000] {dagbag.py:540} INFO - Filling up the DagBag from /home/airflow/.local/lib/python3.12/site-packages/airflow/example_dags/example_branch_python_dop_operator_3.py
[2024-05-06T05:10:13.148+0000] {processor.py:840} INFO - DAG(s) 'example_branch_dop_operator_v3' retrieved from /home/airflow/.local/lib/python3.12/site-packages/airflow/example_dags/example_branch_python_dop_operator_3.py
[2024-05-06T05:10:13.174+0000] {logging_mixin.py:188} INFO - [2024-05-06T05:10:13.174+0000] {dag.py:3096} INFO - Sync 1 DAGs
[2024-05-06T05:10:13.218+0000] {logging_mixin.py:188} INFO - [2024-05-06T05:10:13.217+0000] {dag.py:3954} INFO - Setting next_dagrun for example_branch_dop_operator_v3 to 2024-05-06 05:09:00+00:00, run_after=2024-05-06 05:10:00+00:00
[2024-05-06T05:10:13.277+0000] {processor.py:183} INFO - Processing /home/airflow/.local/lib/python3.12/site-packages/airflow/example_dags/example_branch_python_dop_operator_3.py took 0.168 seconds
[2024-05-06T05:10:43.383+0000] {processor.py:161} INFO - Started process (PID=11085) to work on /home/airflow/.local/lib/python3.12/site-packages/airflow/example_dags/example_branch_python_dop_operator_3.py
[2024-05-06T05:10:43.384+0000] {processor.py:830} INFO - Processing file /home/airflow/.local/lib/python3.12/site-packages/airflow/example_dags/example_branch_python_dop_operator_3.py for tasks to queue
[2024-05-06T05:10:43.386+0000] {logging_mixin.py:188} INFO - [2024-05-06T05:10:43.386+0000] {dagbag.py:540} INFO - Filling up the DagBag from /home/airflow/.local/lib/python3.12/site-packages/airflow/example_dags/example_branch_python_dop_operator_3.py
[2024-05-06T05:10:43.398+0000] {processor.py:840} INFO - DAG(s) 'example_branch_dop_operator_v3' retrieved from /home/airflow/.local/lib/python3.12/site-packages/airflow/example_dags/example_branch_python_dop_operator_3.py
[2024-05-06T05:10:43.421+0000] {logging_mixin.py:188} INFO - [2024-05-06T05:10:43.420+0000] {dag.py:3096} INFO - Sync 1 DAGs
[2024-05-06T05:10:43.450+0000] {logging_mixin.py:188} INFO - [2024-05-06T05:10:43.450+0000] {dag.py:3954} INFO - Setting next_dagrun for example_branch_dop_operator_v3 to 2024-05-06 05:09:00+00:00, run_after=2024-05-06 05:10:00+00:00
[2024-05-06T05:10:43.475+0000] {processor.py:183} INFO - Processing /home/airflow/.local/lib/python3.12/site-packages/airflow/example_dags/example_branch_python_dop_operator_3.py took 0.100 seconds
[2024-05-06T05:11:13.761+0000] {processor.py:161} INFO - Started process (PID=11357) to work on /home/airflow/.local/lib/python3.12/site-packages/airflow/example_dags/example_branch_python_dop_operator_3.py
[2024-05-06T05:11:13.762+0000] {processor.py:830} INFO - Processing file /home/airflow/.local/lib/python3.12/site-packages/airflow/example_dags/example_branch_python_dop_operator_3.py for tasks to queue
[2024-05-06T05:11:13.764+0000] {logging_mixin.py:188} INFO - [2024-05-06T05:11:13.764+0000] {dagbag.py:540} INFO - Filling up the DagBag from /home/airflow/.local/lib/python3.12/site-packages/airflow/example_dags/example_branch_python_dop_operator_3.py
[2024-05-06T05:11:13.774+0000] {processor.py:840} INFO - DAG(s) 'example_branch_dop_operator_v3' retrieved from /home/airflow/.local/lib/python3.12/site-packages/airflow/example_dags/example_branch_python_dop_operator_3.py
[2024-05-06T05:11:13.799+0000] {logging_mixin.py:188} INFO - [2024-05-06T05:11:13.799+0000] {dag.py:3096} INFO - Sync 1 DAGs
[2024-05-06T05:11:13.835+0000] {logging_mixin.py:188} INFO - [2024-05-06T05:11:13.834+0000] {dag.py:3954} INFO - Setting next_dagrun for example_branch_dop_operator_v3 to 2024-05-06 05:10:00+00:00, run_after=2024-05-06 05:11:00+00:00
[2024-05-06T05:11:13.866+0000] {processor.py:183} INFO - Processing /home/airflow/.local/lib/python3.12/site-packages/airflow/example_dags/example_branch_python_dop_operator_3.py took 0.113 seconds
[2024-05-06T05:11:44.683+0000] {processor.py:161} INFO - Started process (PID=11632) to work on /home/airflow/.local/lib/python3.12/site-packages/airflow/example_dags/example_branch_python_dop_operator_3.py
[2024-05-06T05:11:44.684+0000] {processor.py:830} INFO - Processing file /home/airflow/.local/lib/python3.12/site-packages/airflow/example_dags/example_branch_python_dop_operator_3.py for tasks to queue
[2024-05-06T05:11:44.687+0000] {logging_mixin.py:188} INFO - [2024-05-06T05:11:44.686+0000] {dagbag.py:540} INFO - Filling up the DagBag from /home/airflow/.local/lib/python3.12/site-packages/airflow/example_dags/example_branch_python_dop_operator_3.py
[2024-05-06T05:11:44.697+0000] {processor.py:840} INFO - DAG(s) 'example_branch_dop_operator_v3' retrieved from /home/airflow/.local/lib/python3.12/site-packages/airflow/example_dags/example_branch_python_dop_operator_3.py
[2024-05-06T05:11:44.723+0000] {logging_mixin.py:188} INFO - [2024-05-06T05:11:44.723+0000] {dag.py:3096} INFO - Sync 1 DAGs
[2024-05-06T05:11:44.760+0000] {logging_mixin.py:188} INFO - [2024-05-06T05:11:44.760+0000] {dag.py:3954} INFO - Setting next_dagrun for example_branch_dop_operator_v3 to 2024-05-06 05:10:00+00:00, run_after=2024-05-06 05:11:00+00:00
[2024-05-06T05:11:44.786+0000] {processor.py:183} INFO - Processing /home/airflow/.local/lib/python3.12/site-packages/airflow/example_dags/example_branch_python_dop_operator_3.py took 0.111 seconds
[2024-05-06T05:12:15.706+0000] {processor.py:161} INFO - Started process (PID=11904) to work on /home/airflow/.local/lib/python3.12/site-packages/airflow/example_dags/example_branch_python_dop_operator_3.py
[2024-05-06T05:12:15.707+0000] {processor.py:830} INFO - Processing file /home/airflow/.local/lib/python3.12/site-packages/airflow/example_dags/example_branch_python_dop_operator_3.py for tasks to queue
[2024-05-06T05:12:15.709+0000] {logging_mixin.py:188} INFO - [2024-05-06T05:12:15.709+0000] {dagbag.py:540} INFO - Filling up the DagBag from /home/airflow/.local/lib/python3.12/site-packages/airflow/example_dags/example_branch_python_dop_operator_3.py
[2024-05-06T05:12:15.719+0000] {processor.py:840} INFO - DAG(s) 'example_branch_dop_operator_v3' retrieved from /home/airflow/.local/lib/python3.12/site-packages/airflow/example_dags/example_branch_python_dop_operator_3.py
[2024-05-06T05:12:15.743+0000] {logging_mixin.py:188} INFO - [2024-05-06T05:12:15.743+0000] {dag.py:3096} INFO - Sync 1 DAGs
[2024-05-06T05:12:15.779+0000] {logging_mixin.py:188} INFO - [2024-05-06T05:12:15.779+0000] {dag.py:3954} INFO - Setting next_dagrun for example_branch_dop_operator_v3 to 2024-05-06 05:11:00+00:00, run_after=2024-05-06 05:12:00+00:00
[2024-05-06T05:12:15.806+0000] {processor.py:183} INFO - Processing /home/airflow/.local/lib/python3.12/site-packages/airflow/example_dags/example_branch_python_dop_operator_3.py took 0.106 seconds
[2024-05-06T05:12:46.220+0000] {processor.py:161} INFO - Started process (PID=12176) to work on /home/airflow/.local/lib/python3.12/site-packages/airflow/example_dags/example_branch_python_dop_operator_3.py
[2024-05-06T05:12:46.222+0000] {processor.py:830} INFO - Processing file /home/airflow/.local/lib/python3.12/site-packages/airflow/example_dags/example_branch_python_dop_operator_3.py for tasks to queue
[2024-05-06T05:12:46.224+0000] {logging_mixin.py:188} INFO - [2024-05-06T05:12:46.223+0000] {dagbag.py:540} INFO - Filling up the DagBag from /home/airflow/.local/lib/python3.12/site-packages/airflow/example_dags/example_branch_python_dop_operator_3.py
[2024-05-06T05:12:46.240+0000] {processor.py:840} INFO - DAG(s) 'example_branch_dop_operator_v3' retrieved from /home/airflow/.local/lib/python3.12/site-packages/airflow/example_dags/example_branch_python_dop_operator_3.py
[2024-05-06T05:12:46.295+0000] {logging_mixin.py:188} INFO - [2024-05-06T05:12:46.295+0000] {dag.py:3096} INFO - Sync 1 DAGs
[2024-05-06T05:12:46.329+0000] {logging_mixin.py:188} INFO - [2024-05-06T05:12:46.328+0000] {dag.py:3954} INFO - Setting next_dagrun for example_branch_dop_operator_v3 to 2024-05-06 05:11:00+00:00, run_after=2024-05-06 05:12:00+00:00
[2024-05-06T05:12:46.353+0000] {processor.py:183} INFO - Processing /home/airflow/.local/lib/python3.12/site-packages/airflow/example_dags/example_branch_python_dop_operator_3.py took 0.140 seconds
[2024-05-06T05:13:16.850+0000] {processor.py:161} INFO - Started process (PID=12449) to work on /home/airflow/.local/lib/python3.12/site-packages/airflow/example_dags/example_branch_python_dop_operator_3.py
[2024-05-06T05:13:16.851+0000] {processor.py:830} INFO - Processing file /home/airflow/.local/lib/python3.12/site-packages/airflow/example_dags/example_branch_python_dop_operator_3.py for tasks to queue
[2024-05-06T05:13:16.853+0000] {logging_mixin.py:188} INFO - [2024-05-06T05:13:16.853+0000] {dagbag.py:540} INFO - Filling up the DagBag from /home/airflow/.local/lib/python3.12/site-packages/airflow/example_dags/example_branch_python_dop_operator_3.py
[2024-05-06T05:13:16.863+0000] {processor.py:840} INFO - DAG(s) 'example_branch_dop_operator_v3' retrieved from /home/airflow/.local/lib/python3.12/site-packages/airflow/example_dags/example_branch_python_dop_operator_3.py
[2024-05-06T05:13:16.888+0000] {logging_mixin.py:188} INFO - [2024-05-06T05:13:16.887+0000] {dag.py:3096} INFO - Sync 1 DAGs
[2024-05-06T05:13:16.927+0000] {logging_mixin.py:188} INFO - [2024-05-06T05:13:16.927+0000] {dag.py:3954} INFO - Setting next_dagrun for example_branch_dop_operator_v3 to 2024-05-06 05:12:00+00:00, run_after=2024-05-06 05:13:00+00:00
[2024-05-06T05:13:16.953+0000] {processor.py:183} INFO - Processing /home/airflow/.local/lib/python3.12/site-packages/airflow/example_dags/example_branch_python_dop_operator_3.py took 0.109 seconds
[2024-05-06T05:13:47.549+0000] {processor.py:161} INFO - Started process (PID=12722) to work on /home/airflow/.local/lib/python3.12/site-packages/airflow/example_dags/example_branch_python_dop_operator_3.py
[2024-05-06T05:13:47.550+0000] {processor.py:830} INFO - Processing file /home/airflow/.local/lib/python3.12/site-packages/airflow/example_dags/example_branch_python_dop_operator_3.py for tasks to queue
[2024-05-06T05:13:47.552+0000] {logging_mixin.py:188} INFO - [2024-05-06T05:13:47.552+0000] {dagbag.py:540} INFO - Filling up the DagBag from /home/airflow/.local/lib/python3.12/site-packages/airflow/example_dags/example_branch_python_dop_operator_3.py
[2024-05-06T05:13:47.562+0000] {processor.py:840} INFO - DAG(s) 'example_branch_dop_operator_v3' retrieved from /home/airflow/.local/lib/python3.12/site-packages/airflow/example_dags/example_branch_python_dop_operator_3.py
[2024-05-06T05:13:47.585+0000] {logging_mixin.py:188} INFO - [2024-05-06T05:13:47.585+0000] {dag.py:3096} INFO - Sync 1 DAGs
[2024-05-06T05:13:47.625+0000] {logging_mixin.py:188} INFO - [2024-05-06T05:13:47.625+0000] {dag.py:3954} INFO - Setting next_dagrun for example_branch_dop_operator_v3 to 2024-05-06 05:12:00+00:00, run_after=2024-05-06 05:13:00+00:00
[2024-05-06T05:13:47.701+0000] {processor.py:183} INFO - Processing /home/airflow/.local/lib/python3.12/site-packages/airflow/example_dags/example_branch_python_dop_operator_3.py took 0.159 seconds
[2024-05-06T05:14:18.320+0000] {processor.py:161} INFO - Started process (PID=12994) to work on /home/airflow/.local/lib/python3.12/site-packages/airflow/example_dags/example_branch_python_dop_operator_3.py
[2024-05-06T05:14:18.321+0000] {processor.py:830} INFO - Processing file /home/airflow/.local/lib/python3.12/site-packages/airflow/example_dags/example_branch_python_dop_operator_3.py for tasks to queue
[2024-05-06T05:14:18.323+0000] {logging_mixin.py:188} INFO - [2024-05-06T05:14:18.323+0000] {dagbag.py:540} INFO - Filling up the DagBag from /home/airflow/.local/lib/python3.12/site-packages/airflow/example_dags/example_branch_python_dop_operator_3.py
[2024-05-06T05:14:18.333+0000] {processor.py:840} INFO - DAG(s) 'example_branch_dop_operator_v3' retrieved from /home/airflow/.local/lib/python3.12/site-packages/airflow/example_dags/example_branch_python_dop_operator_3.py
[2024-05-06T05:14:18.358+0000] {logging_mixin.py:188} INFO - [2024-05-06T05:14:18.358+0000] {dag.py:3096} INFO - Sync 1 DAGs
[2024-05-06T05:14:18.393+0000] {logging_mixin.py:188} INFO - [2024-05-06T05:14:18.393+0000] {dag.py:3954} INFO - Setting next_dagrun for example_branch_dop_operator_v3 to 2024-05-06 05:13:00+00:00, run_after=2024-05-06 05:14:00+00:00
[2024-05-06T05:14:18.418+0000] {processor.py:183} INFO - Processing /home/airflow/.local/lib/python3.12/site-packages/airflow/example_dags/example_branch_python_dop_operator_3.py took 0.106 seconds
[2024-05-06T05:14:49.043+0000] {processor.py:161} INFO - Started process (PID=13267) to work on /home/airflow/.local/lib/python3.12/site-packages/airflow/example_dags/example_branch_python_dop_operator_3.py
[2024-05-06T05:14:49.044+0000] {processor.py:830} INFO - Processing file /home/airflow/.local/lib/python3.12/site-packages/airflow/example_dags/example_branch_python_dop_operator_3.py for tasks to queue
[2024-05-06T05:14:49.046+0000] {logging_mixin.py:188} INFO - [2024-05-06T05:14:49.045+0000] {dagbag.py:540} INFO - Filling up the DagBag from /home/airflow/.local/lib/python3.12/site-packages/airflow/example_dags/example_branch_python_dop_operator_3.py
[2024-05-06T05:14:49.055+0000] {processor.py:840} INFO - DAG(s) 'example_branch_dop_operator_v3' retrieved from /home/airflow/.local/lib/python3.12/site-packages/airflow/example_dags/example_branch_python_dop_operator_3.py
[2024-05-06T05:14:49.079+0000] {logging_mixin.py:188} INFO - [2024-05-06T05:14:49.079+0000] {dag.py:3096} INFO - Sync 1 DAGs
[2024-05-06T05:14:49.112+0000] {logging_mixin.py:188} INFO - [2024-05-06T05:14:49.111+0000] {dag.py:3954} INFO - Setting next_dagrun for example_branch_dop_operator_v3 to 2024-05-06 05:13:00+00:00, run_after=2024-05-06 05:14:00+00:00
[2024-05-06T05:14:49.139+0000] {processor.py:183} INFO - Processing /home/airflow/.local/lib/python3.12/site-packages/airflow/example_dags/example_branch_python_dop_operator_3.py took 0.102 seconds
[2024-05-06T05:15:19.874+0000] {processor.py:161} INFO - Started process (PID=13539) to work on /home/airflow/.local/lib/python3.12/site-packages/airflow/example_dags/example_branch_python_dop_operator_3.py
[2024-05-06T05:15:19.875+0000] {processor.py:830} INFO - Processing file /home/airflow/.local/lib/python3.12/site-packages/airflow/example_dags/example_branch_python_dop_operator_3.py for tasks to queue
[2024-05-06T05:15:19.886+0000] {logging_mixin.py:188} INFO - [2024-05-06T05:15:19.886+0000] {dagbag.py:540} INFO - Filling up the DagBag from /home/airflow/.local/lib/python3.12/site-packages/airflow/example_dags/example_branch_python_dop_operator_3.py
[2024-05-06T05:15:19.897+0000] {processor.py:840} INFO - DAG(s) 'example_branch_dop_operator_v3' retrieved from /home/airflow/.local/lib/python3.12/site-packages/airflow/example_dags/example_branch_python_dop_operator_3.py
[2024-05-06T05:15:19.934+0000] {logging_mixin.py:188} INFO - [2024-05-06T05:15:19.933+0000] {dag.py:3096} INFO - Sync 1 DAGs
[2024-05-06T05:15:19.968+0000] {logging_mixin.py:188} INFO - [2024-05-06T05:15:19.968+0000] {dag.py:3954} INFO - Setting next_dagrun for example_branch_dop_operator_v3 to 2024-05-06 05:14:00+00:00, run_after=2024-05-06 05:15:00+00:00
[2024-05-06T05:15:19.990+0000] {processor.py:183} INFO - Processing /home/airflow/.local/lib/python3.12/site-packages/airflow/example_dags/example_branch_python_dop_operator_3.py took 0.126 seconds
[2024-05-06T05:15:50.432+0000] {processor.py:161} INFO - Started process (PID=13812) to work on /home/airflow/.local/lib/python3.12/site-packages/airflow/example_dags/example_branch_python_dop_operator_3.py
[2024-05-06T05:15:50.433+0000] {processor.py:830} INFO - Processing file /home/airflow/.local/lib/python3.12/site-packages/airflow/example_dags/example_branch_python_dop_operator_3.py for tasks to queue
[2024-05-06T05:15:50.435+0000] {logging_mixin.py:188} INFO - [2024-05-06T05:15:50.435+0000] {dagbag.py:540} INFO - Filling up the DagBag from /home/airflow/.local/lib/python3.12/site-packages/airflow/example_dags/example_branch_python_dop_operator_3.py
[2024-05-06T05:15:50.445+0000] {processor.py:840} INFO - DAG(s) 'example_branch_dop_operator_v3' retrieved from /home/airflow/.local/lib/python3.12/site-packages/airflow/example_dags/example_branch_python_dop_operator_3.py
[2024-05-06T05:15:50.469+0000] {logging_mixin.py:188} INFO - [2024-05-06T05:15:50.469+0000] {dag.py:3096} INFO - Sync 1 DAGs
[2024-05-06T05:15:50.503+0000] {logging_mixin.py:188} INFO - [2024-05-06T05:15:50.503+0000] {dag.py:3954} INFO - Setting next_dagrun for example_branch_dop_operator_v3 to 2024-05-06 05:14:00+00:00, run_after=2024-05-06 05:15:00+00:00
[2024-05-06T05:15:50.528+0000] {processor.py:183} INFO - Processing /home/airflow/.local/lib/python3.12/site-packages/airflow/example_dags/example_branch_python_dop_operator_3.py took 0.102 seconds
[2024-05-06T05:16:21.323+0000] {processor.py:161} INFO - Started process (PID=14083) to work on /home/airflow/.local/lib/python3.12/site-packages/airflow/example_dags/example_branch_python_dop_operator_3.py
[2024-05-06T05:16:21.324+0000] {processor.py:830} INFO - Processing file /home/airflow/.local/lib/python3.12/site-packages/airflow/example_dags/example_branch_python_dop_operator_3.py for tasks to queue
[2024-05-06T05:16:21.326+0000] {logging_mixin.py:188} INFO - [2024-05-06T05:16:21.325+0000] {dagbag.py:540} INFO - Filling up the DagBag from /home/airflow/.local/lib/python3.12/site-packages/airflow/example_dags/example_branch_python_dop_operator_3.py
[2024-05-06T05:16:21.336+0000] {processor.py:840} INFO - DAG(s) 'example_branch_dop_operator_v3' retrieved from /home/airflow/.local/lib/python3.12/site-packages/airflow/example_dags/example_branch_python_dop_operator_3.py
[2024-05-06T05:16:21.360+0000] {logging_mixin.py:188} INFO - [2024-05-06T05:16:21.359+0000] {dag.py:3096} INFO - Sync 1 DAGs
[2024-05-06T05:16:21.392+0000] {logging_mixin.py:188} INFO - [2024-05-06T05:16:21.392+0000] {dag.py:3954} INFO - Setting next_dagrun for example_branch_dop_operator_v3 to 2024-05-06 05:15:00+00:00, run_after=2024-05-06 05:16:00+00:00
[2024-05-06T05:16:21.419+0000] {processor.py:183} INFO - Processing /home/airflow/.local/lib/python3.12/site-packages/airflow/example_dags/example_branch_python_dop_operator_3.py took 0.102 seconds
[2024-05-06T05:16:51.514+0000] {processor.py:161} INFO - Started process (PID=14356) to work on /home/airflow/.local/lib/python3.12/site-packages/airflow/example_dags/example_branch_python_dop_operator_3.py
[2024-05-06T05:16:51.515+0000] {processor.py:830} INFO - Processing file /home/airflow/.local/lib/python3.12/site-packages/airflow/example_dags/example_branch_python_dop_operator_3.py for tasks to queue
[2024-05-06T05:16:51.517+0000] {logging_mixin.py:188} INFO - [2024-05-06T05:16:51.517+0000] {dagbag.py:540} INFO - Filling up the DagBag from /home/airflow/.local/lib/python3.12/site-packages/airflow/example_dags/example_branch_python_dop_operator_3.py
[2024-05-06T05:16:51.527+0000] {processor.py:840} INFO - DAG(s) 'example_branch_dop_operator_v3' retrieved from /home/airflow/.local/lib/python3.12/site-packages/airflow/example_dags/example_branch_python_dop_operator_3.py
[2024-05-06T05:16:51.551+0000] {logging_mixin.py:188} INFO - [2024-05-06T05:16:51.550+0000] {dag.py:3096} INFO - Sync 1 DAGs
[2024-05-06T05:16:51.609+0000] {logging_mixin.py:188} INFO - [2024-05-06T05:16:51.608+0000] {dag.py:3954} INFO - Setting next_dagrun for example_branch_dop_operator_v3 to 2024-05-06 05:15:00+00:00, run_after=2024-05-06 05:16:00+00:00
[2024-05-06T05:16:51.637+0000] {processor.py:183} INFO - Processing /home/airflow/.local/lib/python3.12/site-packages/airflow/example_dags/example_branch_python_dop_operator_3.py took 0.129 seconds
[2024-05-06T05:17:21.688+0000] {processor.py:161} INFO - Started process (PID=14629) to work on /home/airflow/.local/lib/python3.12/site-packages/airflow/example_dags/example_branch_python_dop_operator_3.py
[2024-05-06T05:17:21.689+0000] {processor.py:830} INFO - Processing file /home/airflow/.local/lib/python3.12/site-packages/airflow/example_dags/example_branch_python_dop_operator_3.py for tasks to queue
[2024-05-06T05:17:21.691+0000] {logging_mixin.py:188} INFO - [2024-05-06T05:17:21.691+0000] {dagbag.py:540} INFO - Filling up the DagBag from /home/airflow/.local/lib/python3.12/site-packages/airflow/example_dags/example_branch_python_dop_operator_3.py
[2024-05-06T05:17:21.702+0000] {processor.py:840} INFO - DAG(s) 'example_branch_dop_operator_v3' retrieved from /home/airflow/.local/lib/python3.12/site-packages/airflow/example_dags/example_branch_python_dop_operator_3.py
[2024-05-06T05:17:21.725+0000] {logging_mixin.py:188} INFO - [2024-05-06T05:17:21.725+0000] {dag.py:3096} INFO - Sync 1 DAGs
[2024-05-06T05:17:21.761+0000] {logging_mixin.py:188} INFO - [2024-05-06T05:17:21.761+0000] {dag.py:3954} INFO - Setting next_dagrun for example_branch_dop_operator_v3 to 2024-05-06 05:16:00+00:00, run_after=2024-05-06 05:17:00+00:00
[2024-05-06T05:17:21.786+0000] {processor.py:183} INFO - Processing /home/airflow/.local/lib/python3.12/site-packages/airflow/example_dags/example_branch_python_dop_operator_3.py took 0.104 seconds
[2024-05-06T05:17:52.212+0000] {processor.py:161} INFO - Started process (PID=14901) to work on /home/airflow/.local/lib/python3.12/site-packages/airflow/example_dags/example_branch_python_dop_operator_3.py
[2024-05-06T05:17:52.213+0000] {processor.py:830} INFO - Processing file /home/airflow/.local/lib/python3.12/site-packages/airflow/example_dags/example_branch_python_dop_operator_3.py for tasks to queue
[2024-05-06T05:17:52.215+0000] {logging_mixin.py:188} INFO - [2024-05-06T05:17:52.215+0000] {dagbag.py:540} INFO - Filling up the DagBag from /home/airflow/.local/lib/python3.12/site-packages/airflow/example_dags/example_branch_python_dop_operator_3.py
[2024-05-06T05:17:52.225+0000] {processor.py:840} INFO - DAG(s) 'example_branch_dop_operator_v3' retrieved from /home/airflow/.local/lib/python3.12/site-packages/airflow/example_dags/example_branch_python_dop_operator_3.py
[2024-05-06T05:17:52.249+0000] {logging_mixin.py:188} INFO - [2024-05-06T05:17:52.248+0000] {dag.py:3096} INFO - Sync 1 DAGs
[2024-05-06T05:17:52.286+0000] {logging_mixin.py:188} INFO - [2024-05-06T05:17:52.285+0000] {dag.py:3954} INFO - Setting next_dagrun for example_branch_dop_operator_v3 to 2024-05-06 05:16:00+00:00, run_after=2024-05-06 05:17:00+00:00
[2024-05-06T05:17:52.310+0000] {processor.py:183} INFO - Processing /home/airflow/.local/lib/python3.12/site-packages/airflow/example_dags/example_branch_python_dop_operator_3.py took 0.105 seconds
[2024-05-06T05:18:22.813+0000] {processor.py:161} INFO - Started process (PID=15173) to work on /home/airflow/.local/lib/python3.12/site-packages/airflow/example_dags/example_branch_python_dop_operator_3.py
[2024-05-06T05:18:22.814+0000] {processor.py:830} INFO - Processing file /home/airflow/.local/lib/python3.12/site-packages/airflow/example_dags/example_branch_python_dop_operator_3.py for tasks to queue
[2024-05-06T05:18:22.816+0000] {logging_mixin.py:188} INFO - [2024-05-06T05:18:22.816+0000] {dagbag.py:540} INFO - Filling up the DagBag from /home/airflow/.local/lib/python3.12/site-packages/airflow/example_dags/example_branch_python_dop_operator_3.py
[2024-05-06T05:18:22.826+0000] {processor.py:840} INFO - DAG(s) 'example_branch_dop_operator_v3' retrieved from /home/airflow/.local/lib/python3.12/site-packages/airflow/example_dags/example_branch_python_dop_operator_3.py
[2024-05-06T05:18:22.849+0000] {logging_mixin.py:188} INFO - [2024-05-06T05:18:22.849+0000] {dag.py:3096} INFO - Sync 1 DAGs
[2024-05-06T05:18:22.884+0000] {logging_mixin.py:188} INFO - [2024-05-06T05:18:22.884+0000] {dag.py:3954} INFO - Setting next_dagrun for example_branch_dop_operator_v3 to 2024-05-06 05:17:00+00:00, run_after=2024-05-06 05:18:00+00:00
[2024-05-06T05:18:22.910+0000] {processor.py:183} INFO - Processing /home/airflow/.local/lib/python3.12/site-packages/airflow/example_dags/example_branch_python_dop_operator_3.py took 0.104 seconds
[2024-05-06T05:18:53.320+0000] {processor.py:161} INFO - Started process (PID=15445) to work on /home/airflow/.local/lib/python3.12/site-packages/airflow/example_dags/example_branch_python_dop_operator_3.py
[2024-05-06T05:18:53.321+0000] {processor.py:830} INFO - Processing file /home/airflow/.local/lib/python3.12/site-packages/airflow/example_dags/example_branch_python_dop_operator_3.py for tasks to queue
[2024-05-06T05:18:53.323+0000] {logging_mixin.py:188} INFO - [2024-05-06T05:18:53.322+0000] {dagbag.py:540} INFO - Filling up the DagBag from /home/airflow/.local/lib/python3.12/site-packages/airflow/example_dags/example_branch_python_dop_operator_3.py
[2024-05-06T05:18:53.332+0000] {processor.py:840} INFO - DAG(s) 'example_branch_dop_operator_v3' retrieved from /home/airflow/.local/lib/python3.12/site-packages/airflow/example_dags/example_branch_python_dop_operator_3.py
[2024-05-06T05:18:53.356+0000] {logging_mixin.py:188} INFO - [2024-05-06T05:18:53.356+0000] {dag.py:3096} INFO - Sync 1 DAGs
[2024-05-06T05:18:53.387+0000] {logging_mixin.py:188} INFO - [2024-05-06T05:18:53.387+0000] {dag.py:3954} INFO - Setting next_dagrun for example_branch_dop_operator_v3 to 2024-05-06 05:17:00+00:00, run_after=2024-05-06 05:18:00+00:00
[2024-05-06T05:18:53.414+0000] {processor.py:183} INFO - Processing /home/airflow/.local/lib/python3.12/site-packages/airflow/example_dags/example_branch_python_dop_operator_3.py took 0.100 seconds
