[2024-05-06T04:50:23.273+0000] {processor.py:161} INFO - Started process (PID=374) to work on /home/airflow/.local/lib/python3.12/site-packages/airflow/example_dags/example_task_group_decorator.py
[2024-05-06T04:50:23.274+0000] {processor.py:830} INFO - Processing file /home/airflow/.local/lib/python3.12/site-packages/airflow/example_dags/example_task_group_decorator.py for tasks to queue
[2024-05-06T04:50:23.275+0000] {logging_mixin.py:188} INFO - [2024-05-06T04:50:23.275+0000] {dagbag.py:540} INFO - Filling up the DagBag from /home/airflow/.local/lib/python3.12/site-packages/airflow/example_dags/example_task_group_decorator.py
[2024-05-06T04:50:23.344+0000] {processor.py:840} INFO - DAG(s) 'example_task_group_decorator' retrieved from /home/airflow/.local/lib/python3.12/site-packages/airflow/example_dags/example_task_group_decorator.py
[2024-05-06T04:50:23.577+0000] {logging_mixin.py:188} INFO - [2024-05-06T04:50:23.576+0000] {override.py:1829} INFO - Created Permission View: can delete on DAG:example_task_group_decorator
[2024-05-06T04:50:23.608+0000] {logging_mixin.py:188} INFO - [2024-05-06T04:50:23.607+0000] {override.py:1829} INFO - Created Permission View: can edit on DAG:example_task_group_decorator
[2024-05-06T04:50:23.621+0000] {logging_mixin.py:188} INFO - [2024-05-06T04:50:23.620+0000] {override.py:1829} INFO - Created Permission View: can read on DAG:example_task_group_decorator
[2024-05-06T04:50:23.621+0000] {logging_mixin.py:188} INFO - [2024-05-06T04:50:23.621+0000] {dag.py:3096} INFO - Sync 1 DAGs
[2024-05-06T04:50:23.645+0000] {logging_mixin.py:188} INFO - [2024-05-06T04:50:23.645+0000] {dag.py:3118} INFO - Creating ORM DAG for example_task_group_decorator
[2024-05-06T04:50:23.762+0000] {logging_mixin.py:188} INFO - [2024-05-06T04:50:23.761+0000] {dag.py:3954} INFO - Setting next_dagrun for example_task_group_decorator to 2024-05-05 00:00:00+00:00, run_after=2024-05-06 00:00:00+00:00
[2024-05-06T04:50:23.854+0000] {processor.py:183} INFO - Processing /home/airflow/.local/lib/python3.12/site-packages/airflow/example_dags/example_task_group_decorator.py took 0.600 seconds
[2024-05-06T04:50:54.077+0000] {processor.py:161} INFO - Started process (PID=636) to work on /home/airflow/.local/lib/python3.12/site-packages/airflow/example_dags/example_task_group_decorator.py
[2024-05-06T04:50:54.078+0000] {processor.py:830} INFO - Processing file /home/airflow/.local/lib/python3.12/site-packages/airflow/example_dags/example_task_group_decorator.py for tasks to queue
[2024-05-06T04:50:54.079+0000] {logging_mixin.py:188} INFO - [2024-05-06T04:50:54.079+0000] {dagbag.py:540} INFO - Filling up the DagBag from /home/airflow/.local/lib/python3.12/site-packages/airflow/example_dags/example_task_group_decorator.py
[2024-05-06T04:50:54.098+0000] {processor.py:840} INFO - DAG(s) 'example_task_group_decorator' retrieved from /home/airflow/.local/lib/python3.12/site-packages/airflow/example_dags/example_task_group_decorator.py
[2024-05-06T04:50:54.131+0000] {logging_mixin.py:188} INFO - [2024-05-06T04:50:54.131+0000] {dag.py:3096} INFO - Sync 1 DAGs
[2024-05-06T04:50:54.158+0000] {logging_mixin.py:188} INFO - [2024-05-06T04:50:54.158+0000] {dag.py:3954} INFO - Setting next_dagrun for example_task_group_decorator to 2024-05-05 00:00:00+00:00, run_after=2024-05-06 00:00:00+00:00
[2024-05-06T04:50:54.181+0000] {processor.py:183} INFO - Processing /home/airflow/.local/lib/python3.12/site-packages/airflow/example_dags/example_task_group_decorator.py took 0.111 seconds
[2024-05-06T04:51:25.052+0000] {processor.py:161} INFO - Started process (PID=901) to work on /home/airflow/.local/lib/python3.12/site-packages/airflow/example_dags/example_task_group_decorator.py
[2024-05-06T04:51:25.052+0000] {processor.py:830} INFO - Processing file /home/airflow/.local/lib/python3.12/site-packages/airflow/example_dags/example_task_group_decorator.py for tasks to queue
[2024-05-06T04:51:25.054+0000] {logging_mixin.py:188} INFO - [2024-05-06T04:51:25.054+0000] {dagbag.py:540} INFO - Filling up the DagBag from /home/airflow/.local/lib/python3.12/site-packages/airflow/example_dags/example_task_group_decorator.py
[2024-05-06T04:51:25.066+0000] {processor.py:840} INFO - DAG(s) 'example_task_group_decorator' retrieved from /home/airflow/.local/lib/python3.12/site-packages/airflow/example_dags/example_task_group_decorator.py
[2024-05-06T04:51:25.087+0000] {logging_mixin.py:188} INFO - [2024-05-06T04:51:25.087+0000] {dag.py:3096} INFO - Sync 1 DAGs
[2024-05-06T04:51:25.104+0000] {logging_mixin.py:188} INFO - [2024-05-06T04:51:25.104+0000] {dag.py:3954} INFO - Setting next_dagrun for example_task_group_decorator to 2024-05-05 00:00:00+00:00, run_after=2024-05-06 00:00:00+00:00
[2024-05-06T04:51:25.124+0000] {processor.py:183} INFO - Processing /home/airflow/.local/lib/python3.12/site-packages/airflow/example_dags/example_task_group_decorator.py took 0.077 seconds
[2024-05-06T04:51:55.761+0000] {processor.py:161} INFO - Started process (PID=1164) to work on /home/airflow/.local/lib/python3.12/site-packages/airflow/example_dags/example_task_group_decorator.py
[2024-05-06T04:51:55.762+0000] {processor.py:830} INFO - Processing file /home/airflow/.local/lib/python3.12/site-packages/airflow/example_dags/example_task_group_decorator.py for tasks to queue
[2024-05-06T04:51:55.763+0000] {logging_mixin.py:188} INFO - [2024-05-06T04:51:55.763+0000] {dagbag.py:540} INFO - Filling up the DagBag from /home/airflow/.local/lib/python3.12/site-packages/airflow/example_dags/example_task_group_decorator.py
[2024-05-06T04:51:55.775+0000] {processor.py:840} INFO - DAG(s) 'example_task_group_decorator' retrieved from /home/airflow/.local/lib/python3.12/site-packages/airflow/example_dags/example_task_group_decorator.py
[2024-05-06T04:51:55.799+0000] {logging_mixin.py:188} INFO - [2024-05-06T04:51:55.799+0000] {dag.py:3096} INFO - Sync 1 DAGs
[2024-05-06T04:51:55.816+0000] {logging_mixin.py:188} INFO - [2024-05-06T04:51:55.816+0000] {dag.py:3954} INFO - Setting next_dagrun for example_task_group_decorator to 2024-05-05 00:00:00+00:00, run_after=2024-05-06 00:00:00+00:00
[2024-05-06T04:51:55.835+0000] {processor.py:183} INFO - Processing /home/airflow/.local/lib/python3.12/site-packages/airflow/example_dags/example_task_group_decorator.py took 0.079 seconds
[2024-05-06T04:52:26.788+0000] {processor.py:161} INFO - Started process (PID=1425) to work on /home/airflow/.local/lib/python3.12/site-packages/airflow/example_dags/example_task_group_decorator.py
[2024-05-06T04:52:26.788+0000] {processor.py:830} INFO - Processing file /home/airflow/.local/lib/python3.12/site-packages/airflow/example_dags/example_task_group_decorator.py for tasks to queue
[2024-05-06T04:52:26.790+0000] {logging_mixin.py:188} INFO - [2024-05-06T04:52:26.789+0000] {dagbag.py:540} INFO - Filling up the DagBag from /home/airflow/.local/lib/python3.12/site-packages/airflow/example_dags/example_task_group_decorator.py
[2024-05-06T04:52:26.802+0000] {processor.py:840} INFO - DAG(s) 'example_task_group_decorator' retrieved from /home/airflow/.local/lib/python3.12/site-packages/airflow/example_dags/example_task_group_decorator.py
[2024-05-06T04:52:26.823+0000] {logging_mixin.py:188} INFO - [2024-05-06T04:52:26.823+0000] {dag.py:3096} INFO - Sync 1 DAGs
[2024-05-06T04:52:26.841+0000] {logging_mixin.py:188} INFO - [2024-05-06T04:52:26.841+0000] {dag.py:3954} INFO - Setting next_dagrun for example_task_group_decorator to 2024-05-05 00:00:00+00:00, run_after=2024-05-06 00:00:00+00:00
[2024-05-06T04:52:26.863+0000] {processor.py:183} INFO - Processing /home/airflow/.local/lib/python3.12/site-packages/airflow/example_dags/example_task_group_decorator.py took 0.080 seconds
[2024-05-06T04:52:57.028+0000] {processor.py:161} INFO - Started process (PID=1685) to work on /home/airflow/.local/lib/python3.12/site-packages/airflow/example_dags/example_task_group_decorator.py
[2024-05-06T04:52:57.029+0000] {processor.py:830} INFO - Processing file /home/airflow/.local/lib/python3.12/site-packages/airflow/example_dags/example_task_group_decorator.py for tasks to queue
[2024-05-06T04:52:57.031+0000] {logging_mixin.py:188} INFO - [2024-05-06T04:52:57.030+0000] {dagbag.py:540} INFO - Filling up the DagBag from /home/airflow/.local/lib/python3.12/site-packages/airflow/example_dags/example_task_group_decorator.py
[2024-05-06T04:52:57.055+0000] {processor.py:840} INFO - DAG(s) 'example_task_group_decorator' retrieved from /home/airflow/.local/lib/python3.12/site-packages/airflow/example_dags/example_task_group_decorator.py
[2024-05-06T04:52:57.089+0000] {logging_mixin.py:188} INFO - [2024-05-06T04:52:57.089+0000] {dag.py:3096} INFO - Sync 1 DAGs
[2024-05-06T04:52:57.127+0000] {logging_mixin.py:188} INFO - [2024-05-06T04:52:57.127+0000] {dag.py:3954} INFO - Setting next_dagrun for example_task_group_decorator to 2024-05-05 00:00:00+00:00, run_after=2024-05-06 00:00:00+00:00
[2024-05-06T04:52:57.183+0000] {processor.py:183} INFO - Processing /home/airflow/.local/lib/python3.12/site-packages/airflow/example_dags/example_task_group_decorator.py took 0.162 seconds
[2024-05-06T04:53:27.299+0000] {processor.py:161} INFO - Started process (PID=1949) to work on /home/airflow/.local/lib/python3.12/site-packages/airflow/example_dags/example_task_group_decorator.py
[2024-05-06T04:53:27.300+0000] {processor.py:830} INFO - Processing file /home/airflow/.local/lib/python3.12/site-packages/airflow/example_dags/example_task_group_decorator.py for tasks to queue
[2024-05-06T04:53:27.302+0000] {logging_mixin.py:188} INFO - [2024-05-06T04:53:27.302+0000] {dagbag.py:540} INFO - Filling up the DagBag from /home/airflow/.local/lib/python3.12/site-packages/airflow/example_dags/example_task_group_decorator.py
[2024-05-06T04:53:27.323+0000] {processor.py:840} INFO - DAG(s) 'example_task_group_decorator' retrieved from /home/airflow/.local/lib/python3.12/site-packages/airflow/example_dags/example_task_group_decorator.py
[2024-05-06T04:53:27.355+0000] {logging_mixin.py:188} INFO - [2024-05-06T04:53:27.354+0000] {dag.py:3096} INFO - Sync 1 DAGs
[2024-05-06T04:53:27.379+0000] {logging_mixin.py:188} INFO - [2024-05-06T04:53:27.379+0000] {dag.py:3954} INFO - Setting next_dagrun for example_task_group_decorator to 2024-05-05 00:00:00+00:00, run_after=2024-05-06 00:00:00+00:00
[2024-05-06T04:53:27.402+0000] {processor.py:183} INFO - Processing /home/airflow/.local/lib/python3.12/site-packages/airflow/example_dags/example_task_group_decorator.py took 0.109 seconds
[2024-05-06T04:53:57.903+0000] {processor.py:161} INFO - Started process (PID=2212) to work on /home/airflow/.local/lib/python3.12/site-packages/airflow/example_dags/example_task_group_decorator.py
[2024-05-06T04:53:57.904+0000] {processor.py:830} INFO - Processing file /home/airflow/.local/lib/python3.12/site-packages/airflow/example_dags/example_task_group_decorator.py for tasks to queue
[2024-05-06T04:53:57.915+0000] {logging_mixin.py:188} INFO - [2024-05-06T04:53:57.915+0000] {dagbag.py:540} INFO - Filling up the DagBag from /home/airflow/.local/lib/python3.12/site-packages/airflow/example_dags/example_task_group_decorator.py
[2024-05-06T04:53:57.934+0000] {processor.py:840} INFO - DAG(s) 'example_task_group_decorator' retrieved from /home/airflow/.local/lib/python3.12/site-packages/airflow/example_dags/example_task_group_decorator.py
[2024-05-06T04:53:57.974+0000] {logging_mixin.py:188} INFO - [2024-05-06T04:53:57.974+0000] {dag.py:3096} INFO - Sync 1 DAGs
[2024-05-06T04:53:58.001+0000] {logging_mixin.py:188} INFO - [2024-05-06T04:53:58.000+0000] {dag.py:3954} INFO - Setting next_dagrun for example_task_group_decorator to 2024-05-05 00:00:00+00:00, run_after=2024-05-06 00:00:00+00:00
[2024-05-06T04:53:58.033+0000] {processor.py:183} INFO - Processing /home/airflow/.local/lib/python3.12/site-packages/airflow/example_dags/example_task_group_decorator.py took 0.140 seconds
[2024-05-06T04:54:29.302+0000] {processor.py:161} INFO - Started process (PID=2569) to work on /home/airflow/.local/lib/python3.12/site-packages/airflow/example_dags/example_task_group_decorator.py
[2024-05-06T04:54:29.303+0000] {processor.py:830} INFO - Processing file /home/airflow/.local/lib/python3.12/site-packages/airflow/example_dags/example_task_group_decorator.py for tasks to queue
[2024-05-06T04:54:29.304+0000] {logging_mixin.py:188} INFO - [2024-05-06T04:54:29.304+0000] {dagbag.py:540} INFO - Filling up the DagBag from /home/airflow/.local/lib/python3.12/site-packages/airflow/example_dags/example_task_group_decorator.py
[2024-05-06T04:54:29.317+0000] {processor.py:840} INFO - DAG(s) 'example_task_group_decorator' retrieved from /home/airflow/.local/lib/python3.12/site-packages/airflow/example_dags/example_task_group_decorator.py
[2024-05-06T04:54:29.340+0000] {logging_mixin.py:188} INFO - [2024-05-06T04:54:29.340+0000] {dag.py:3096} INFO - Sync 1 DAGs
[2024-05-06T04:54:29.359+0000] {logging_mixin.py:188} INFO - [2024-05-06T04:54:29.359+0000] {dag.py:3954} INFO - Setting next_dagrun for example_task_group_decorator to 2024-05-05 00:00:00+00:00, run_after=2024-05-06 00:00:00+00:00
[2024-05-06T04:54:29.378+0000] {processor.py:183} INFO - Processing /home/airflow/.local/lib/python3.12/site-packages/airflow/example_dags/example_task_group_decorator.py took 0.080 seconds
[2024-05-06T04:55:00.046+0000] {processor.py:161} INFO - Started process (PID=2882) to work on /home/airflow/.local/lib/python3.12/site-packages/airflow/example_dags/example_task_group_decorator.py
[2024-05-06T04:55:00.047+0000] {processor.py:830} INFO - Processing file /home/airflow/.local/lib/python3.12/site-packages/airflow/example_dags/example_task_group_decorator.py for tasks to queue
[2024-05-06T04:55:00.049+0000] {logging_mixin.py:188} INFO - [2024-05-06T04:55:00.048+0000] {dagbag.py:540} INFO - Filling up the DagBag from /home/airflow/.local/lib/python3.12/site-packages/airflow/example_dags/example_task_group_decorator.py
[2024-05-06T04:55:00.067+0000] {processor.py:840} INFO - DAG(s) 'example_task_group_decorator' retrieved from /home/airflow/.local/lib/python3.12/site-packages/airflow/example_dags/example_task_group_decorator.py
[2024-05-06T04:55:00.095+0000] {logging_mixin.py:188} INFO - [2024-05-06T04:55:00.095+0000] {dag.py:3096} INFO - Sync 1 DAGs
[2024-05-06T04:55:00.121+0000] {logging_mixin.py:188} INFO - [2024-05-06T04:55:00.120+0000] {dag.py:3954} INFO - Setting next_dagrun for example_task_group_decorator to 2024-05-05 00:00:00+00:00, run_after=2024-05-06 00:00:00+00:00
[2024-05-06T04:55:00.145+0000] {processor.py:183} INFO - Processing /home/airflow/.local/lib/python3.12/site-packages/airflow/example_dags/example_task_group_decorator.py took 0.106 seconds
[2024-05-06T04:55:30.216+0000] {processor.py:161} INFO - Started process (PID=3144) to work on /home/airflow/.local/lib/python3.12/site-packages/airflow/example_dags/example_task_group_decorator.py
[2024-05-06T04:55:30.217+0000] {processor.py:830} INFO - Processing file /home/airflow/.local/lib/python3.12/site-packages/airflow/example_dags/example_task_group_decorator.py for tasks to queue
[2024-05-06T04:55:30.218+0000] {logging_mixin.py:188} INFO - [2024-05-06T04:55:30.218+0000] {dagbag.py:540} INFO - Filling up the DagBag from /home/airflow/.local/lib/python3.12/site-packages/airflow/example_dags/example_task_group_decorator.py
[2024-05-06T04:55:30.238+0000] {processor.py:840} INFO - DAG(s) 'example_task_group_decorator' retrieved from /home/airflow/.local/lib/python3.12/site-packages/airflow/example_dags/example_task_group_decorator.py
[2024-05-06T04:55:30.275+0000] {logging_mixin.py:188} INFO - [2024-05-06T04:55:30.274+0000] {dag.py:3096} INFO - Sync 1 DAGs
[2024-05-06T04:55:30.301+0000] {logging_mixin.py:188} INFO - [2024-05-06T04:55:30.301+0000] {dag.py:3954} INFO - Setting next_dagrun for example_task_group_decorator to 2024-05-05 00:00:00+00:00, run_after=2024-05-06 00:00:00+00:00
[2024-05-06T04:55:30.326+0000] {processor.py:183} INFO - Processing /home/airflow/.local/lib/python3.12/site-packages/airflow/example_dags/example_task_group_decorator.py took 0.118 seconds
[2024-05-06T04:56:00.509+0000] {processor.py:161} INFO - Started process (PID=3407) to work on /home/airflow/.local/lib/python3.12/site-packages/airflow/example_dags/example_task_group_decorator.py
[2024-05-06T04:56:00.510+0000] {processor.py:830} INFO - Processing file /home/airflow/.local/lib/python3.12/site-packages/airflow/example_dags/example_task_group_decorator.py for tasks to queue
[2024-05-06T04:56:00.512+0000] {logging_mixin.py:188} INFO - [2024-05-06T04:56:00.512+0000] {dagbag.py:540} INFO - Filling up the DagBag from /home/airflow/.local/lib/python3.12/site-packages/airflow/example_dags/example_task_group_decorator.py
[2024-05-06T04:56:00.531+0000] {processor.py:840} INFO - DAG(s) 'example_task_group_decorator' retrieved from /home/airflow/.local/lib/python3.12/site-packages/airflow/example_dags/example_task_group_decorator.py
[2024-05-06T04:56:00.564+0000] {logging_mixin.py:188} INFO - [2024-05-06T04:56:00.564+0000] {dag.py:3096} INFO - Sync 1 DAGs
[2024-05-06T04:56:00.587+0000] {logging_mixin.py:188} INFO - [2024-05-06T04:56:00.587+0000] {dag.py:3954} INFO - Setting next_dagrun for example_task_group_decorator to 2024-05-05 00:00:00+00:00, run_after=2024-05-06 00:00:00+00:00
[2024-05-06T04:56:00.612+0000] {processor.py:183} INFO - Processing /home/airflow/.local/lib/python3.12/site-packages/airflow/example_dags/example_task_group_decorator.py took 0.109 seconds
[2024-05-06T04:56:31.191+0000] {processor.py:161} INFO - Started process (PID=3670) to work on /home/airflow/.local/lib/python3.12/site-packages/airflow/example_dags/example_task_group_decorator.py
[2024-05-06T04:56:31.192+0000] {processor.py:830} INFO - Processing file /home/airflow/.local/lib/python3.12/site-packages/airflow/example_dags/example_task_group_decorator.py for tasks to queue
[2024-05-06T04:56:31.194+0000] {logging_mixin.py:188} INFO - [2024-05-06T04:56:31.193+0000] {dagbag.py:540} INFO - Filling up the DagBag from /home/airflow/.local/lib/python3.12/site-packages/airflow/example_dags/example_task_group_decorator.py
[2024-05-06T04:56:31.212+0000] {processor.py:840} INFO - DAG(s) 'example_task_group_decorator' retrieved from /home/airflow/.local/lib/python3.12/site-packages/airflow/example_dags/example_task_group_decorator.py
[2024-05-06T04:56:31.243+0000] {logging_mixin.py:188} INFO - [2024-05-06T04:56:31.242+0000] {dag.py:3096} INFO - Sync 1 DAGs
[2024-05-06T04:56:31.280+0000] {logging_mixin.py:188} INFO - [2024-05-06T04:56:31.280+0000] {dag.py:3954} INFO - Setting next_dagrun for example_task_group_decorator to 2024-05-05 00:00:00+00:00, run_after=2024-05-06 00:00:00+00:00
[2024-05-06T04:56:31.307+0000] {processor.py:183} INFO - Processing /home/airflow/.local/lib/python3.12/site-packages/airflow/example_dags/example_task_group_decorator.py took 0.123 seconds
[2024-05-06T04:57:02.096+0000] {processor.py:161} INFO - Started process (PID=3933) to work on /home/airflow/.local/lib/python3.12/site-packages/airflow/example_dags/example_task_group_decorator.py
[2024-05-06T04:57:02.097+0000] {processor.py:830} INFO - Processing file /home/airflow/.local/lib/python3.12/site-packages/airflow/example_dags/example_task_group_decorator.py for tasks to queue
[2024-05-06T04:57:02.099+0000] {logging_mixin.py:188} INFO - [2024-05-06T04:57:02.099+0000] {dagbag.py:540} INFO - Filling up the DagBag from /home/airflow/.local/lib/python3.12/site-packages/airflow/example_dags/example_task_group_decorator.py
[2024-05-06T04:57:02.119+0000] {processor.py:840} INFO - DAG(s) 'example_task_group_decorator' retrieved from /home/airflow/.local/lib/python3.12/site-packages/airflow/example_dags/example_task_group_decorator.py
[2024-05-06T04:57:02.150+0000] {logging_mixin.py:188} INFO - [2024-05-06T04:57:02.150+0000] {dag.py:3096} INFO - Sync 1 DAGs
[2024-05-06T04:57:02.218+0000] {logging_mixin.py:188} INFO - [2024-05-06T04:57:02.218+0000] {dag.py:3954} INFO - Setting next_dagrun for example_task_group_decorator to 2024-05-05 00:00:00+00:00, run_after=2024-05-06 00:00:00+00:00
[2024-05-06T04:57:02.280+0000] {processor.py:183} INFO - Processing /home/airflow/.local/lib/python3.12/site-packages/airflow/example_dags/example_task_group_decorator.py took 0.189 seconds
[2024-05-06T04:57:32.406+0000] {processor.py:161} INFO - Started process (PID=4200) to work on /home/airflow/.local/lib/python3.12/site-packages/airflow/example_dags/example_task_group_decorator.py
[2024-05-06T04:57:32.407+0000] {processor.py:830} INFO - Processing file /home/airflow/.local/lib/python3.12/site-packages/airflow/example_dags/example_task_group_decorator.py for tasks to queue
[2024-05-06T04:57:32.409+0000] {logging_mixin.py:188} INFO - [2024-05-06T04:57:32.409+0000] {dagbag.py:540} INFO - Filling up the DagBag from /home/airflow/.local/lib/python3.12/site-packages/airflow/example_dags/example_task_group_decorator.py
[2024-05-06T04:57:32.427+0000] {processor.py:840} INFO - DAG(s) 'example_task_group_decorator' retrieved from /home/airflow/.local/lib/python3.12/site-packages/airflow/example_dags/example_task_group_decorator.py
[2024-05-06T04:57:32.448+0000] {logging_mixin.py:188} INFO - [2024-05-06T04:57:32.448+0000] {dag.py:3096} INFO - Sync 1 DAGs
[2024-05-06T04:57:32.466+0000] {logging_mixin.py:188} INFO - [2024-05-06T04:57:32.466+0000] {dag.py:3954} INFO - Setting next_dagrun for example_task_group_decorator to 2024-05-05 00:00:00+00:00, run_after=2024-05-06 00:00:00+00:00
[2024-05-06T04:57:32.487+0000] {processor.py:183} INFO - Processing /home/airflow/.local/lib/python3.12/site-packages/airflow/example_dags/example_task_group_decorator.py took 0.087 seconds
[2024-05-06T04:58:03.082+0000] {processor.py:161} INFO - Started process (PID=4462) to work on /home/airflow/.local/lib/python3.12/site-packages/airflow/example_dags/example_task_group_decorator.py
[2024-05-06T04:58:03.086+0000] {processor.py:830} INFO - Processing file /home/airflow/.local/lib/python3.12/site-packages/airflow/example_dags/example_task_group_decorator.py for tasks to queue
[2024-05-06T04:58:03.088+0000] {logging_mixin.py:188} INFO - [2024-05-06T04:58:03.088+0000] {dagbag.py:540} INFO - Filling up the DagBag from /home/airflow/.local/lib/python3.12/site-packages/airflow/example_dags/example_task_group_decorator.py
[2024-05-06T04:58:03.109+0000] {processor.py:840} INFO - DAG(s) 'example_task_group_decorator' retrieved from /home/airflow/.local/lib/python3.12/site-packages/airflow/example_dags/example_task_group_decorator.py
[2024-05-06T04:58:03.145+0000] {logging_mixin.py:188} INFO - [2024-05-06T04:58:03.145+0000] {dag.py:3096} INFO - Sync 1 DAGs
[2024-05-06T04:58:03.176+0000] {logging_mixin.py:188} INFO - [2024-05-06T04:58:03.176+0000] {dag.py:3954} INFO - Setting next_dagrun for example_task_group_decorator to 2024-05-05 00:00:00+00:00, run_after=2024-05-06 00:00:00+00:00
[2024-05-06T04:58:03.204+0000] {processor.py:183} INFO - Processing /home/airflow/.local/lib/python3.12/site-packages/airflow/example_dags/example_task_group_decorator.py took 0.133 seconds
[2024-05-06T04:58:33.656+0000] {processor.py:161} INFO - Started process (PID=4719) to work on /home/airflow/.local/lib/python3.12/site-packages/airflow/example_dags/example_task_group_decorator.py
[2024-05-06T04:58:33.657+0000] {processor.py:830} INFO - Processing file /home/airflow/.local/lib/python3.12/site-packages/airflow/example_dags/example_task_group_decorator.py for tasks to queue
[2024-05-06T04:58:33.658+0000] {logging_mixin.py:188} INFO - [2024-05-06T04:58:33.658+0000] {dagbag.py:540} INFO - Filling up the DagBag from /home/airflow/.local/lib/python3.12/site-packages/airflow/example_dags/example_task_group_decorator.py
[2024-05-06T04:58:33.677+0000] {processor.py:840} INFO - DAG(s) 'example_task_group_decorator' retrieved from /home/airflow/.local/lib/python3.12/site-packages/airflow/example_dags/example_task_group_decorator.py
[2024-05-06T04:58:33.709+0000] {logging_mixin.py:188} INFO - [2024-05-06T04:58:33.709+0000] {dag.py:3096} INFO - Sync 1 DAGs
[2024-05-06T04:58:33.737+0000] {logging_mixin.py:188} INFO - [2024-05-06T04:58:33.737+0000] {dag.py:3954} INFO - Setting next_dagrun for example_task_group_decorator to 2024-05-05 00:00:00+00:00, run_after=2024-05-06 00:00:00+00:00
[2024-05-06T04:58:33.765+0000] {processor.py:183} INFO - Processing /home/airflow/.local/lib/python3.12/site-packages/airflow/example_dags/example_task_group_decorator.py took 0.116 seconds
[2024-05-06T04:59:04.216+0000] {processor.py:161} INFO - Started process (PID=4981) to work on /home/airflow/.local/lib/python3.12/site-packages/airflow/example_dags/example_task_group_decorator.py
[2024-05-06T04:59:04.216+0000] {processor.py:830} INFO - Processing file /home/airflow/.local/lib/python3.12/site-packages/airflow/example_dags/example_task_group_decorator.py for tasks to queue
[2024-05-06T04:59:04.218+0000] {logging_mixin.py:188} INFO - [2024-05-06T04:59:04.218+0000] {dagbag.py:540} INFO - Filling up the DagBag from /home/airflow/.local/lib/python3.12/site-packages/airflow/example_dags/example_task_group_decorator.py
[2024-05-06T04:59:04.249+0000] {processor.py:840} INFO - DAG(s) 'example_task_group_decorator' retrieved from /home/airflow/.local/lib/python3.12/site-packages/airflow/example_dags/example_task_group_decorator.py
[2024-05-06T04:59:04.302+0000] {logging_mixin.py:188} INFO - [2024-05-06T04:59:04.302+0000] {dag.py:3096} INFO - Sync 1 DAGs
[2024-05-06T04:59:04.329+0000] {logging_mixin.py:188} INFO - [2024-05-06T04:59:04.329+0000] {dag.py:3954} INFO - Setting next_dagrun for example_task_group_decorator to 2024-05-05 00:00:00+00:00, run_after=2024-05-06 00:00:00+00:00
[2024-05-06T04:59:04.358+0000] {processor.py:183} INFO - Processing /home/airflow/.local/lib/python3.12/site-packages/airflow/example_dags/example_task_group_decorator.py took 0.151 seconds
[2024-05-06T04:59:35.092+0000] {processor.py:161} INFO - Started process (PID=5244) to work on /home/airflow/.local/lib/python3.12/site-packages/airflow/example_dags/example_task_group_decorator.py
[2024-05-06T04:59:35.098+0000] {processor.py:830} INFO - Processing file /home/airflow/.local/lib/python3.12/site-packages/airflow/example_dags/example_task_group_decorator.py for tasks to queue
[2024-05-06T04:59:35.103+0000] {logging_mixin.py:188} INFO - [2024-05-06T04:59:35.103+0000] {dagbag.py:540} INFO - Filling up the DagBag from /home/airflow/.local/lib/python3.12/site-packages/airflow/example_dags/example_task_group_decorator.py
[2024-05-06T04:59:35.123+0000] {processor.py:840} INFO - DAG(s) 'example_task_group_decorator' retrieved from /home/airflow/.local/lib/python3.12/site-packages/airflow/example_dags/example_task_group_decorator.py
[2024-05-06T04:59:35.154+0000] {logging_mixin.py:188} INFO - [2024-05-06T04:59:35.154+0000] {dag.py:3096} INFO - Sync 1 DAGs
[2024-05-06T04:59:35.184+0000] {logging_mixin.py:188} INFO - [2024-05-06T04:59:35.184+0000] {dag.py:3954} INFO - Setting next_dagrun for example_task_group_decorator to 2024-05-05 00:00:00+00:00, run_after=2024-05-06 00:00:00+00:00
[2024-05-06T04:59:35.207+0000] {processor.py:183} INFO - Processing /home/airflow/.local/lib/python3.12/site-packages/airflow/example_dags/example_task_group_decorator.py took 0.120 seconds
[2024-05-06T05:00:05.478+0000] {processor.py:161} INFO - Started process (PID=5506) to work on /home/airflow/.local/lib/python3.12/site-packages/airflow/example_dags/example_task_group_decorator.py
[2024-05-06T05:00:05.479+0000] {processor.py:830} INFO - Processing file /home/airflow/.local/lib/python3.12/site-packages/airflow/example_dags/example_task_group_decorator.py for tasks to queue
[2024-05-06T05:00:05.481+0000] {logging_mixin.py:188} INFO - [2024-05-06T05:00:05.480+0000] {dagbag.py:540} INFO - Filling up the DagBag from /home/airflow/.local/lib/python3.12/site-packages/airflow/example_dags/example_task_group_decorator.py
[2024-05-06T05:00:05.499+0000] {processor.py:840} INFO - DAG(s) 'example_task_group_decorator' retrieved from /home/airflow/.local/lib/python3.12/site-packages/airflow/example_dags/example_task_group_decorator.py
[2024-05-06T05:00:05.532+0000] {logging_mixin.py:188} INFO - [2024-05-06T05:00:05.532+0000] {dag.py:3096} INFO - Sync 1 DAGs
[2024-05-06T05:00:05.560+0000] {logging_mixin.py:188} INFO - [2024-05-06T05:00:05.560+0000] {dag.py:3954} INFO - Setting next_dagrun for example_task_group_decorator to 2024-05-05 00:00:00+00:00, run_after=2024-05-06 00:00:00+00:00
[2024-05-06T05:00:05.587+0000] {processor.py:183} INFO - Processing /home/airflow/.local/lib/python3.12/site-packages/airflow/example_dags/example_task_group_decorator.py took 0.116 seconds
[2024-05-06T05:00:35.679+0000] {processor.py:161} INFO - Started process (PID=5776) to work on /home/airflow/.local/lib/python3.12/site-packages/airflow/example_dags/example_task_group_decorator.py
[2024-05-06T05:00:35.680+0000] {processor.py:830} INFO - Processing file /home/airflow/.local/lib/python3.12/site-packages/airflow/example_dags/example_task_group_decorator.py for tasks to queue
[2024-05-06T05:00:35.681+0000] {logging_mixin.py:188} INFO - [2024-05-06T05:00:35.681+0000] {dagbag.py:540} INFO - Filling up the DagBag from /home/airflow/.local/lib/python3.12/site-packages/airflow/example_dags/example_task_group_decorator.py
[2024-05-06T05:00:35.693+0000] {processor.py:840} INFO - DAG(s) 'example_task_group_decorator' retrieved from /home/airflow/.local/lib/python3.12/site-packages/airflow/example_dags/example_task_group_decorator.py
[2024-05-06T05:00:35.715+0000] {logging_mixin.py:188} INFO - [2024-05-06T05:00:35.715+0000] {dag.py:3096} INFO - Sync 1 DAGs
[2024-05-06T05:00:35.733+0000] {logging_mixin.py:188} INFO - [2024-05-06T05:00:35.733+0000] {dag.py:3954} INFO - Setting next_dagrun for example_task_group_decorator to 2024-05-05 00:00:00+00:00, run_after=2024-05-06 00:00:00+00:00
[2024-05-06T05:00:35.752+0000] {processor.py:183} INFO - Processing /home/airflow/.local/lib/python3.12/site-packages/airflow/example_dags/example_task_group_decorator.py took 0.078 seconds
[2024-05-06T05:01:05.930+0000] {processor.py:161} INFO - Started process (PID=6041) to work on /home/airflow/.local/lib/python3.12/site-packages/airflow/example_dags/example_task_group_decorator.py
[2024-05-06T05:01:05.931+0000] {processor.py:830} INFO - Processing file /home/airflow/.local/lib/python3.12/site-packages/airflow/example_dags/example_task_group_decorator.py for tasks to queue
[2024-05-06T05:01:05.933+0000] {logging_mixin.py:188} INFO - [2024-05-06T05:01:05.933+0000] {dagbag.py:540} INFO - Filling up the DagBag from /home/airflow/.local/lib/python3.12/site-packages/airflow/example_dags/example_task_group_decorator.py
[2024-05-06T05:01:05.950+0000] {processor.py:840} INFO - DAG(s) 'example_task_group_decorator' retrieved from /home/airflow/.local/lib/python3.12/site-packages/airflow/example_dags/example_task_group_decorator.py
[2024-05-06T05:01:05.984+0000] {logging_mixin.py:188} INFO - [2024-05-06T05:01:05.983+0000] {dag.py:3096} INFO - Sync 1 DAGs
[2024-05-06T05:01:06.011+0000] {logging_mixin.py:188} INFO - [2024-05-06T05:01:06.010+0000] {dag.py:3954} INFO - Setting next_dagrun for example_task_group_decorator to 2024-05-05 00:00:00+00:00, run_after=2024-05-06 00:00:00+00:00
[2024-05-06T05:01:06.041+0000] {processor.py:183} INFO - Processing /home/airflow/.local/lib/python3.12/site-packages/airflow/example_dags/example_task_group_decorator.py took 0.117 seconds
[2024-05-06T05:01:36.934+0000] {processor.py:161} INFO - Started process (PID=6308) to work on /home/airflow/.local/lib/python3.12/site-packages/airflow/example_dags/example_task_group_decorator.py
[2024-05-06T05:01:36.935+0000] {processor.py:830} INFO - Processing file /home/airflow/.local/lib/python3.12/site-packages/airflow/example_dags/example_task_group_decorator.py for tasks to queue
[2024-05-06T05:01:36.936+0000] {logging_mixin.py:188} INFO - [2024-05-06T05:01:36.936+0000] {dagbag.py:540} INFO - Filling up the DagBag from /home/airflow/.local/lib/python3.12/site-packages/airflow/example_dags/example_task_group_decorator.py
[2024-05-06T05:01:36.954+0000] {processor.py:840} INFO - DAG(s) 'example_task_group_decorator' retrieved from /home/airflow/.local/lib/python3.12/site-packages/airflow/example_dags/example_task_group_decorator.py
[2024-05-06T05:01:36.989+0000] {logging_mixin.py:188} INFO - [2024-05-06T05:01:36.989+0000] {dag.py:3096} INFO - Sync 1 DAGs
[2024-05-06T05:01:37.016+0000] {logging_mixin.py:188} INFO - [2024-05-06T05:01:37.016+0000] {dag.py:3954} INFO - Setting next_dagrun for example_task_group_decorator to 2024-05-05 00:00:00+00:00, run_after=2024-05-06 00:00:00+00:00
[2024-05-06T05:01:37.040+0000] {processor.py:183} INFO - Processing /home/airflow/.local/lib/python3.12/site-packages/airflow/example_dags/example_task_group_decorator.py took 0.113 seconds
[2024-05-06T05:02:08.194+0000] {processor.py:161} INFO - Started process (PID=6576) to work on /home/airflow/.local/lib/python3.12/site-packages/airflow/example_dags/example_task_group_decorator.py
[2024-05-06T05:02:08.195+0000] {processor.py:830} INFO - Processing file /home/airflow/.local/lib/python3.12/site-packages/airflow/example_dags/example_task_group_decorator.py for tasks to queue
[2024-05-06T05:02:08.196+0000] {logging_mixin.py:188} INFO - [2024-05-06T05:02:08.196+0000] {dagbag.py:540} INFO - Filling up the DagBag from /home/airflow/.local/lib/python3.12/site-packages/airflow/example_dags/example_task_group_decorator.py
[2024-05-06T05:02:08.214+0000] {processor.py:840} INFO - DAG(s) 'example_task_group_decorator' retrieved from /home/airflow/.local/lib/python3.12/site-packages/airflow/example_dags/example_task_group_decorator.py
[2024-05-06T05:02:08.247+0000] {logging_mixin.py:188} INFO - [2024-05-06T05:02:08.247+0000] {dag.py:3096} INFO - Sync 1 DAGs
[2024-05-06T05:02:08.274+0000] {logging_mixin.py:188} INFO - [2024-05-06T05:02:08.274+0000] {dag.py:3954} INFO - Setting next_dagrun for example_task_group_decorator to 2024-05-05 00:00:00+00:00, run_after=2024-05-06 00:00:00+00:00
[2024-05-06T05:02:08.298+0000] {processor.py:183} INFO - Processing /home/airflow/.local/lib/python3.12/site-packages/airflow/example_dags/example_task_group_decorator.py took 0.111 seconds
[2024-05-06T05:02:38.522+0000] {processor.py:161} INFO - Started process (PID=6846) to work on /home/airflow/.local/lib/python3.12/site-packages/airflow/example_dags/example_task_group_decorator.py
[2024-05-06T05:02:38.523+0000] {processor.py:830} INFO - Processing file /home/airflow/.local/lib/python3.12/site-packages/airflow/example_dags/example_task_group_decorator.py for tasks to queue
[2024-05-06T05:02:38.524+0000] {logging_mixin.py:188} INFO - [2024-05-06T05:02:38.524+0000] {dagbag.py:540} INFO - Filling up the DagBag from /home/airflow/.local/lib/python3.12/site-packages/airflow/example_dags/example_task_group_decorator.py
[2024-05-06T05:02:38.542+0000] {processor.py:840} INFO - DAG(s) 'example_task_group_decorator' retrieved from /home/airflow/.local/lib/python3.12/site-packages/airflow/example_dags/example_task_group_decorator.py
[2024-05-06T05:02:38.576+0000] {logging_mixin.py:188} INFO - [2024-05-06T05:02:38.576+0000] {dag.py:3096} INFO - Sync 1 DAGs
[2024-05-06T05:02:38.604+0000] {logging_mixin.py:188} INFO - [2024-05-06T05:02:38.603+0000] {dag.py:3954} INFO - Setting next_dagrun for example_task_group_decorator to 2024-05-05 00:00:00+00:00, run_after=2024-05-06 00:00:00+00:00
[2024-05-06T05:02:38.793+0000] {processor.py:183} INFO - Processing /home/airflow/.local/lib/python3.12/site-packages/airflow/example_dags/example_task_group_decorator.py took 0.278 seconds
[2024-05-06T05:03:08.914+0000] {processor.py:161} INFO - Started process (PID=7122) to work on /home/airflow/.local/lib/python3.12/site-packages/airflow/example_dags/example_task_group_decorator.py
[2024-05-06T05:03:08.915+0000] {processor.py:830} INFO - Processing file /home/airflow/.local/lib/python3.12/site-packages/airflow/example_dags/example_task_group_decorator.py for tasks to queue
[2024-05-06T05:03:08.917+0000] {logging_mixin.py:188} INFO - [2024-05-06T05:03:08.917+0000] {dagbag.py:540} INFO - Filling up the DagBag from /home/airflow/.local/lib/python3.12/site-packages/airflow/example_dags/example_task_group_decorator.py
[2024-05-06T05:03:08.936+0000] {processor.py:840} INFO - DAG(s) 'example_task_group_decorator' retrieved from /home/airflow/.local/lib/python3.12/site-packages/airflow/example_dags/example_task_group_decorator.py
[2024-05-06T05:03:08.969+0000] {logging_mixin.py:188} INFO - [2024-05-06T05:03:08.969+0000] {dag.py:3096} INFO - Sync 1 DAGs
[2024-05-06T05:03:08.999+0000] {logging_mixin.py:188} INFO - [2024-05-06T05:03:08.999+0000] {dag.py:3954} INFO - Setting next_dagrun for example_task_group_decorator to 2024-05-05 00:00:00+00:00, run_after=2024-05-06 00:00:00+00:00
[2024-05-06T05:03:09.046+0000] {processor.py:183} INFO - Processing /home/airflow/.local/lib/python3.12/site-packages/airflow/example_dags/example_task_group_decorator.py took 0.138 seconds
[2024-05-06T05:03:39.559+0000] {processor.py:161} INFO - Started process (PID=7379) to work on /home/airflow/.local/lib/python3.12/site-packages/airflow/example_dags/example_task_group_decorator.py
[2024-05-06T05:03:39.560+0000] {processor.py:830} INFO - Processing file /home/airflow/.local/lib/python3.12/site-packages/airflow/example_dags/example_task_group_decorator.py for tasks to queue
[2024-05-06T05:03:39.562+0000] {logging_mixin.py:188} INFO - [2024-05-06T05:03:39.562+0000] {dagbag.py:540} INFO - Filling up the DagBag from /home/airflow/.local/lib/python3.12/site-packages/airflow/example_dags/example_task_group_decorator.py
[2024-05-06T05:03:39.592+0000] {processor.py:840} INFO - DAG(s) 'example_task_group_decorator' retrieved from /home/airflow/.local/lib/python3.12/site-packages/airflow/example_dags/example_task_group_decorator.py
[2024-05-06T05:03:39.641+0000] {logging_mixin.py:188} INFO - [2024-05-06T05:03:39.641+0000] {dag.py:3096} INFO - Sync 1 DAGs
[2024-05-06T05:03:39.694+0000] {logging_mixin.py:188} INFO - [2024-05-06T05:03:39.693+0000] {dag.py:3954} INFO - Setting next_dagrun for example_task_group_decorator to 2024-05-05 00:00:00+00:00, run_after=2024-05-06 00:00:00+00:00
[2024-05-06T05:03:39.730+0000] {processor.py:183} INFO - Processing /home/airflow/.local/lib/python3.12/site-packages/airflow/example_dags/example_task_group_decorator.py took 0.178 seconds
[2024-05-06T05:04:10.952+0000] {processor.py:161} INFO - Started process (PID=7646) to work on /home/airflow/.local/lib/python3.12/site-packages/airflow/example_dags/example_task_group_decorator.py
[2024-05-06T05:04:10.953+0000] {processor.py:830} INFO - Processing file /home/airflow/.local/lib/python3.12/site-packages/airflow/example_dags/example_task_group_decorator.py for tasks to queue
[2024-05-06T05:04:10.955+0000] {logging_mixin.py:188} INFO - [2024-05-06T05:04:10.954+0000] {dagbag.py:540} INFO - Filling up the DagBag from /home/airflow/.local/lib/python3.12/site-packages/airflow/example_dags/example_task_group_decorator.py
[2024-05-06T05:04:10.973+0000] {processor.py:840} INFO - DAG(s) 'example_task_group_decorator' retrieved from /home/airflow/.local/lib/python3.12/site-packages/airflow/example_dags/example_task_group_decorator.py
[2024-05-06T05:04:11.173+0000] {logging_mixin.py:188} INFO - [2024-05-06T05:04:11.172+0000] {dag.py:3096} INFO - Sync 1 DAGs
[2024-05-06T05:04:11.194+0000] {logging_mixin.py:188} INFO - [2024-05-06T05:04:11.194+0000] {dag.py:3954} INFO - Setting next_dagrun for example_task_group_decorator to 2024-05-05 00:00:00+00:00, run_after=2024-05-06 00:00:00+00:00
[2024-05-06T05:04:11.217+0000] {processor.py:183} INFO - Processing /home/airflow/.local/lib/python3.12/site-packages/airflow/example_dags/example_task_group_decorator.py took 0.272 seconds
[2024-05-06T05:04:42.176+0000] {processor.py:161} INFO - Started process (PID=7913) to work on /home/airflow/.local/lib/python3.12/site-packages/airflow/example_dags/example_task_group_decorator.py
[2024-05-06T05:04:42.177+0000] {processor.py:830} INFO - Processing file /home/airflow/.local/lib/python3.12/site-packages/airflow/example_dags/example_task_group_decorator.py for tasks to queue
[2024-05-06T05:04:42.179+0000] {logging_mixin.py:188} INFO - [2024-05-06T05:04:42.179+0000] {dagbag.py:540} INFO - Filling up the DagBag from /home/airflow/.local/lib/python3.12/site-packages/airflow/example_dags/example_task_group_decorator.py
[2024-05-06T05:04:42.204+0000] {processor.py:840} INFO - DAG(s) 'example_task_group_decorator' retrieved from /home/airflow/.local/lib/python3.12/site-packages/airflow/example_dags/example_task_group_decorator.py
[2024-05-06T05:04:42.287+0000] {logging_mixin.py:188} INFO - [2024-05-06T05:04:42.287+0000] {dag.py:3096} INFO - Sync 1 DAGs
[2024-05-06T05:04:42.312+0000] {logging_mixin.py:188} INFO - [2024-05-06T05:04:42.312+0000] {dag.py:3954} INFO - Setting next_dagrun for example_task_group_decorator to 2024-05-05 00:00:00+00:00, run_after=2024-05-06 00:00:00+00:00
[2024-05-06T05:04:42.339+0000] {processor.py:183} INFO - Processing /home/airflow/.local/lib/python3.12/site-packages/airflow/example_dags/example_task_group_decorator.py took 0.171 seconds
[2024-05-06T05:05:12.501+0000] {processor.py:161} INFO - Started process (PID=8185) to work on /home/airflow/.local/lib/python3.12/site-packages/airflow/example_dags/example_task_group_decorator.py
[2024-05-06T05:05:12.502+0000] {processor.py:830} INFO - Processing file /home/airflow/.local/lib/python3.12/site-packages/airflow/example_dags/example_task_group_decorator.py for tasks to queue
[2024-05-06T05:05:12.504+0000] {logging_mixin.py:188} INFO - [2024-05-06T05:05:12.503+0000] {dagbag.py:540} INFO - Filling up the DagBag from /home/airflow/.local/lib/python3.12/site-packages/airflow/example_dags/example_task_group_decorator.py
[2024-05-06T05:05:12.525+0000] {processor.py:840} INFO - DAG(s) 'example_task_group_decorator' retrieved from /home/airflow/.local/lib/python3.12/site-packages/airflow/example_dags/example_task_group_decorator.py
[2024-05-06T05:05:12.558+0000] {logging_mixin.py:188} INFO - [2024-05-06T05:05:12.557+0000] {dag.py:3096} INFO - Sync 1 DAGs
[2024-05-06T05:05:12.586+0000] {logging_mixin.py:188} INFO - [2024-05-06T05:05:12.585+0000] {dag.py:3954} INFO - Setting next_dagrun for example_task_group_decorator to 2024-05-05 00:00:00+00:00, run_after=2024-05-06 00:00:00+00:00
[2024-05-06T05:05:12.611+0000] {processor.py:183} INFO - Processing /home/airflow/.local/lib/python3.12/site-packages/airflow/example_dags/example_task_group_decorator.py took 0.117 seconds
[2024-05-06T05:05:42.698+0000] {processor.py:161} INFO - Started process (PID=8457) to work on /home/airflow/.local/lib/python3.12/site-packages/airflow/example_dags/example_task_group_decorator.py
[2024-05-06T05:05:42.698+0000] {processor.py:830} INFO - Processing file /home/airflow/.local/lib/python3.12/site-packages/airflow/example_dags/example_task_group_decorator.py for tasks to queue
[2024-05-06T05:05:42.700+0000] {logging_mixin.py:188} INFO - [2024-05-06T05:05:42.700+0000] {dagbag.py:540} INFO - Filling up the DagBag from /home/airflow/.local/lib/python3.12/site-packages/airflow/example_dags/example_task_group_decorator.py
[2024-05-06T05:05:42.720+0000] {processor.py:840} INFO - DAG(s) 'example_task_group_decorator' retrieved from /home/airflow/.local/lib/python3.12/site-packages/airflow/example_dags/example_task_group_decorator.py
[2024-05-06T05:05:42.752+0000] {logging_mixin.py:188} INFO - [2024-05-06T05:05:42.752+0000] {dag.py:3096} INFO - Sync 1 DAGs
[2024-05-06T05:05:42.783+0000] {logging_mixin.py:188} INFO - [2024-05-06T05:05:42.783+0000] {dag.py:3954} INFO - Setting next_dagrun for example_task_group_decorator to 2024-05-05 00:00:00+00:00, run_after=2024-05-06 00:00:00+00:00
[2024-05-06T05:05:42.855+0000] {processor.py:183} INFO - Processing /home/airflow/.local/lib/python3.12/site-packages/airflow/example_dags/example_task_group_decorator.py took 0.163 seconds
[2024-05-06T05:06:13.703+0000] {processor.py:161} INFO - Started process (PID=8729) to work on /home/airflow/.local/lib/python3.12/site-packages/airflow/example_dags/example_task_group_decorator.py
[2024-05-06T05:06:13.704+0000] {processor.py:830} INFO - Processing file /home/airflow/.local/lib/python3.12/site-packages/airflow/example_dags/example_task_group_decorator.py for tasks to queue
[2024-05-06T05:06:13.705+0000] {logging_mixin.py:188} INFO - [2024-05-06T05:06:13.705+0000] {dagbag.py:540} INFO - Filling up the DagBag from /home/airflow/.local/lib/python3.12/site-packages/airflow/example_dags/example_task_group_decorator.py
[2024-05-06T05:06:13.725+0000] {processor.py:840} INFO - DAG(s) 'example_task_group_decorator' retrieved from /home/airflow/.local/lib/python3.12/site-packages/airflow/example_dags/example_task_group_decorator.py
[2024-05-06T05:06:13.761+0000] {logging_mixin.py:188} INFO - [2024-05-06T05:06:13.760+0000] {dag.py:3096} INFO - Sync 1 DAGs
[2024-05-06T05:06:13.793+0000] {logging_mixin.py:188} INFO - [2024-05-06T05:06:13.793+0000] {dag.py:3954} INFO - Setting next_dagrun for example_task_group_decorator to 2024-05-05 00:00:00+00:00, run_after=2024-05-06 00:00:00+00:00
[2024-05-06T05:06:13.818+0000] {processor.py:183} INFO - Processing /home/airflow/.local/lib/python3.12/site-packages/airflow/example_dags/example_task_group_decorator.py took 0.122 seconds
[2024-05-06T05:06:44.075+0000] {processor.py:161} INFO - Started process (PID=9001) to work on /home/airflow/.local/lib/python3.12/site-packages/airflow/example_dags/example_task_group_decorator.py
[2024-05-06T05:06:44.080+0000] {processor.py:830} INFO - Processing file /home/airflow/.local/lib/python3.12/site-packages/airflow/example_dags/example_task_group_decorator.py for tasks to queue
[2024-05-06T05:06:44.082+0000] {logging_mixin.py:188} INFO - [2024-05-06T05:06:44.082+0000] {dagbag.py:540} INFO - Filling up the DagBag from /home/airflow/.local/lib/python3.12/site-packages/airflow/example_dags/example_task_group_decorator.py
[2024-05-06T05:06:44.126+0000] {processor.py:840} INFO - DAG(s) 'example_task_group_decorator' retrieved from /home/airflow/.local/lib/python3.12/site-packages/airflow/example_dags/example_task_group_decorator.py
[2024-05-06T05:06:44.177+0000] {logging_mixin.py:188} INFO - [2024-05-06T05:06:44.177+0000] {dag.py:3096} INFO - Sync 1 DAGs
[2024-05-06T05:06:44.233+0000] {logging_mixin.py:188} INFO - [2024-05-06T05:06:44.232+0000] {dag.py:3954} INFO - Setting next_dagrun for example_task_group_decorator to 2024-05-05 00:00:00+00:00, run_after=2024-05-06 00:00:00+00:00
[2024-05-06T05:06:44.268+0000] {processor.py:183} INFO - Processing /home/airflow/.local/lib/python3.12/site-packages/airflow/example_dags/example_task_group_decorator.py took 0.203 seconds
[2024-05-06T05:07:14.992+0000] {processor.py:161} INFO - Started process (PID=9273) to work on /home/airflow/.local/lib/python3.12/site-packages/airflow/example_dags/example_task_group_decorator.py
[2024-05-06T05:07:14.993+0000] {processor.py:830} INFO - Processing file /home/airflow/.local/lib/python3.12/site-packages/airflow/example_dags/example_task_group_decorator.py for tasks to queue
[2024-05-06T05:07:14.995+0000] {logging_mixin.py:188} INFO - [2024-05-06T05:07:14.995+0000] {dagbag.py:540} INFO - Filling up the DagBag from /home/airflow/.local/lib/python3.12/site-packages/airflow/example_dags/example_task_group_decorator.py
[2024-05-06T05:07:15.014+0000] {processor.py:840} INFO - DAG(s) 'example_task_group_decorator' retrieved from /home/airflow/.local/lib/python3.12/site-packages/airflow/example_dags/example_task_group_decorator.py
[2024-05-06T05:07:15.050+0000] {logging_mixin.py:188} INFO - [2024-05-06T05:07:15.050+0000] {dag.py:3096} INFO - Sync 1 DAGs
[2024-05-06T05:07:15.079+0000] {logging_mixin.py:188} INFO - [2024-05-06T05:07:15.079+0000] {dag.py:3954} INFO - Setting next_dagrun for example_task_group_decorator to 2024-05-05 00:00:00+00:00, run_after=2024-05-06 00:00:00+00:00
[2024-05-06T05:07:15.106+0000] {processor.py:183} INFO - Processing /home/airflow/.local/lib/python3.12/site-packages/airflow/example_dags/example_task_group_decorator.py took 0.121 seconds
[2024-05-06T05:07:45.615+0000] {processor.py:161} INFO - Started process (PID=9547) to work on /home/airflow/.local/lib/python3.12/site-packages/airflow/example_dags/example_task_group_decorator.py
[2024-05-06T05:07:45.616+0000] {processor.py:830} INFO - Processing file /home/airflow/.local/lib/python3.12/site-packages/airflow/example_dags/example_task_group_decorator.py for tasks to queue
[2024-05-06T05:07:45.618+0000] {logging_mixin.py:188} INFO - [2024-05-06T05:07:45.617+0000] {dagbag.py:540} INFO - Filling up the DagBag from /home/airflow/.local/lib/python3.12/site-packages/airflow/example_dags/example_task_group_decorator.py
[2024-05-06T05:07:45.639+0000] {processor.py:840} INFO - DAG(s) 'example_task_group_decorator' retrieved from /home/airflow/.local/lib/python3.12/site-packages/airflow/example_dags/example_task_group_decorator.py
[2024-05-06T05:07:45.672+0000] {logging_mixin.py:188} INFO - [2024-05-06T05:07:45.671+0000] {dag.py:3096} INFO - Sync 1 DAGs
[2024-05-06T05:07:45.699+0000] {logging_mixin.py:188} INFO - [2024-05-06T05:07:45.699+0000] {dag.py:3954} INFO - Setting next_dagrun for example_task_group_decorator to 2024-05-05 00:00:00+00:00, run_after=2024-05-06 00:00:00+00:00
[2024-05-06T05:07:45.727+0000] {processor.py:183} INFO - Processing /home/airflow/.local/lib/python3.12/site-packages/airflow/example_dags/example_task_group_decorator.py took 0.125 seconds
[2024-05-06T05:08:16.273+0000] {processor.py:161} INFO - Started process (PID=9820) to work on /home/airflow/.local/lib/python3.12/site-packages/airflow/example_dags/example_task_group_decorator.py
[2024-05-06T05:08:16.274+0000] {processor.py:830} INFO - Processing file /home/airflow/.local/lib/python3.12/site-packages/airflow/example_dags/example_task_group_decorator.py for tasks to queue
[2024-05-06T05:08:16.276+0000] {logging_mixin.py:188} INFO - [2024-05-06T05:08:16.276+0000] {dagbag.py:540} INFO - Filling up the DagBag from /home/airflow/.local/lib/python3.12/site-packages/airflow/example_dags/example_task_group_decorator.py
[2024-05-06T05:08:16.296+0000] {processor.py:840} INFO - DAG(s) 'example_task_group_decorator' retrieved from /home/airflow/.local/lib/python3.12/site-packages/airflow/example_dags/example_task_group_decorator.py
[2024-05-06T05:08:16.341+0000] {logging_mixin.py:188} INFO - [2024-05-06T05:08:16.341+0000] {dag.py:3096} INFO - Sync 1 DAGs
[2024-05-06T05:08:16.368+0000] {logging_mixin.py:188} INFO - [2024-05-06T05:08:16.367+0000] {dag.py:3954} INFO - Setting next_dagrun for example_task_group_decorator to 2024-05-05 00:00:00+00:00, run_after=2024-05-06 00:00:00+00:00
[2024-05-06T05:08:16.394+0000] {processor.py:183} INFO - Processing /home/airflow/.local/lib/python3.12/site-packages/airflow/example_dags/example_task_group_decorator.py took 0.128 seconds
[2024-05-06T05:08:46.877+0000] {processor.py:161} INFO - Started process (PID=10092) to work on /home/airflow/.local/lib/python3.12/site-packages/airflow/example_dags/example_task_group_decorator.py
[2024-05-06T05:08:46.884+0000] {processor.py:830} INFO - Processing file /home/airflow/.local/lib/python3.12/site-packages/airflow/example_dags/example_task_group_decorator.py for tasks to queue
[2024-05-06T05:08:46.886+0000] {logging_mixin.py:188} INFO - [2024-05-06T05:08:46.886+0000] {dagbag.py:540} INFO - Filling up the DagBag from /home/airflow/.local/lib/python3.12/site-packages/airflow/example_dags/example_task_group_decorator.py
[2024-05-06T05:08:46.909+0000] {processor.py:840} INFO - DAG(s) 'example_task_group_decorator' retrieved from /home/airflow/.local/lib/python3.12/site-packages/airflow/example_dags/example_task_group_decorator.py
[2024-05-06T05:08:46.946+0000] {logging_mixin.py:188} INFO - [2024-05-06T05:08:46.946+0000] {dag.py:3096} INFO - Sync 1 DAGs
[2024-05-06T05:08:46.972+0000] {logging_mixin.py:188} INFO - [2024-05-06T05:08:46.971+0000] {dag.py:3954} INFO - Setting next_dagrun for example_task_group_decorator to 2024-05-05 00:00:00+00:00, run_after=2024-05-06 00:00:00+00:00
[2024-05-06T05:08:47.014+0000] {processor.py:183} INFO - Processing /home/airflow/.local/lib/python3.12/site-packages/airflow/example_dags/example_task_group_decorator.py took 0.144 seconds
[2024-05-06T05:09:17.157+0000] {processor.py:161} INFO - Started process (PID=10364) to work on /home/airflow/.local/lib/python3.12/site-packages/airflow/example_dags/example_task_group_decorator.py
[2024-05-06T05:09:17.157+0000] {processor.py:830} INFO - Processing file /home/airflow/.local/lib/python3.12/site-packages/airflow/example_dags/example_task_group_decorator.py for tasks to queue
[2024-05-06T05:09:17.159+0000] {logging_mixin.py:188} INFO - [2024-05-06T05:09:17.159+0000] {dagbag.py:540} INFO - Filling up the DagBag from /home/airflow/.local/lib/python3.12/site-packages/airflow/example_dags/example_task_group_decorator.py
[2024-05-06T05:09:17.181+0000] {processor.py:840} INFO - DAG(s) 'example_task_group_decorator' retrieved from /home/airflow/.local/lib/python3.12/site-packages/airflow/example_dags/example_task_group_decorator.py
[2024-05-06T05:09:17.212+0000] {logging_mixin.py:188} INFO - [2024-05-06T05:09:17.212+0000] {dag.py:3096} INFO - Sync 1 DAGs
[2024-05-06T05:09:17.266+0000] {logging_mixin.py:188} INFO - [2024-05-06T05:09:17.266+0000] {dag.py:3954} INFO - Setting next_dagrun for example_task_group_decorator to 2024-05-05 00:00:00+00:00, run_after=2024-05-06 00:00:00+00:00
[2024-05-06T05:09:17.305+0000] {processor.py:183} INFO - Processing /home/airflow/.local/lib/python3.12/site-packages/airflow/example_dags/example_task_group_decorator.py took 0.155 seconds
[2024-05-06T05:09:47.762+0000] {processor.py:161} INFO - Started process (PID=10636) to work on /home/airflow/.local/lib/python3.12/site-packages/airflow/example_dags/example_task_group_decorator.py
[2024-05-06T05:09:47.763+0000] {processor.py:830} INFO - Processing file /home/airflow/.local/lib/python3.12/site-packages/airflow/example_dags/example_task_group_decorator.py for tasks to queue
[2024-05-06T05:09:47.765+0000] {logging_mixin.py:188} INFO - [2024-05-06T05:09:47.764+0000] {dagbag.py:540} INFO - Filling up the DagBag from /home/airflow/.local/lib/python3.12/site-packages/airflow/example_dags/example_task_group_decorator.py
[2024-05-06T05:09:47.793+0000] {processor.py:840} INFO - DAG(s) 'example_task_group_decorator' retrieved from /home/airflow/.local/lib/python3.12/site-packages/airflow/example_dags/example_task_group_decorator.py
[2024-05-06T05:09:47.830+0000] {logging_mixin.py:188} INFO - [2024-05-06T05:09:47.829+0000] {dag.py:3096} INFO - Sync 1 DAGs
[2024-05-06T05:09:47.854+0000] {logging_mixin.py:188} INFO - [2024-05-06T05:09:47.854+0000] {dag.py:3954} INFO - Setting next_dagrun for example_task_group_decorator to 2024-05-05 00:00:00+00:00, run_after=2024-05-06 00:00:00+00:00
[2024-05-06T05:09:47.894+0000] {processor.py:183} INFO - Processing /home/airflow/.local/lib/python3.12/site-packages/airflow/example_dags/example_task_group_decorator.py took 0.140 seconds
[2024-05-06T05:10:18.026+0000] {processor.py:161} INFO - Started process (PID=10908) to work on /home/airflow/.local/lib/python3.12/site-packages/airflow/example_dags/example_task_group_decorator.py
[2024-05-06T05:10:18.027+0000] {processor.py:830} INFO - Processing file /home/airflow/.local/lib/python3.12/site-packages/airflow/example_dags/example_task_group_decorator.py for tasks to queue
[2024-05-06T05:10:18.029+0000] {logging_mixin.py:188} INFO - [2024-05-06T05:10:18.028+0000] {dagbag.py:540} INFO - Filling up the DagBag from /home/airflow/.local/lib/python3.12/site-packages/airflow/example_dags/example_task_group_decorator.py
[2024-05-06T05:10:18.047+0000] {processor.py:840} INFO - DAG(s) 'example_task_group_decorator' retrieved from /home/airflow/.local/lib/python3.12/site-packages/airflow/example_dags/example_task_group_decorator.py
[2024-05-06T05:10:18.072+0000] {logging_mixin.py:188} INFO - [2024-05-06T05:10:18.072+0000] {dag.py:3096} INFO - Sync 1 DAGs
[2024-05-06T05:10:18.090+0000] {logging_mixin.py:188} INFO - [2024-05-06T05:10:18.090+0000] {dag.py:3954} INFO - Setting next_dagrun for example_task_group_decorator to 2024-05-05 00:00:00+00:00, run_after=2024-05-06 00:00:00+00:00
[2024-05-06T05:10:18.110+0000] {processor.py:183} INFO - Processing /home/airflow/.local/lib/python3.12/site-packages/airflow/example_dags/example_task_group_decorator.py took 0.091 seconds
[2024-05-06T05:10:49.018+0000] {processor.py:161} INFO - Started process (PID=11180) to work on /home/airflow/.local/lib/python3.12/site-packages/airflow/example_dags/example_task_group_decorator.py
[2024-05-06T05:10:49.019+0000] {processor.py:830} INFO - Processing file /home/airflow/.local/lib/python3.12/site-packages/airflow/example_dags/example_task_group_decorator.py for tasks to queue
[2024-05-06T05:10:49.021+0000] {logging_mixin.py:188} INFO - [2024-05-06T05:10:49.020+0000] {dagbag.py:540} INFO - Filling up the DagBag from /home/airflow/.local/lib/python3.12/site-packages/airflow/example_dags/example_task_group_decorator.py
[2024-05-06T05:10:49.042+0000] {processor.py:840} INFO - DAG(s) 'example_task_group_decorator' retrieved from /home/airflow/.local/lib/python3.12/site-packages/airflow/example_dags/example_task_group_decorator.py
[2024-05-06T05:10:49.075+0000] {logging_mixin.py:188} INFO - [2024-05-06T05:10:49.075+0000] {dag.py:3096} INFO - Sync 1 DAGs
[2024-05-06T05:10:49.101+0000] {logging_mixin.py:188} INFO - [2024-05-06T05:10:49.101+0000] {dag.py:3954} INFO - Setting next_dagrun for example_task_group_decorator to 2024-05-05 00:00:00+00:00, run_after=2024-05-06 00:00:00+00:00
[2024-05-06T05:10:49.124+0000] {processor.py:183} INFO - Processing /home/airflow/.local/lib/python3.12/site-packages/airflow/example_dags/example_task_group_decorator.py took 0.113 seconds
[2024-05-06T05:11:20.113+0000] {processor.py:161} INFO - Started process (PID=11454) to work on /home/airflow/.local/lib/python3.12/site-packages/airflow/example_dags/example_task_group_decorator.py
[2024-05-06T05:11:20.114+0000] {processor.py:830} INFO - Processing file /home/airflow/.local/lib/python3.12/site-packages/airflow/example_dags/example_task_group_decorator.py for tasks to queue
[2024-05-06T05:11:20.115+0000] {logging_mixin.py:188} INFO - [2024-05-06T05:11:20.115+0000] {dagbag.py:540} INFO - Filling up the DagBag from /home/airflow/.local/lib/python3.12/site-packages/airflow/example_dags/example_task_group_decorator.py
[2024-05-06T05:11:20.129+0000] {processor.py:840} INFO - DAG(s) 'example_task_group_decorator' retrieved from /home/airflow/.local/lib/python3.12/site-packages/airflow/example_dags/example_task_group_decorator.py
[2024-05-06T05:11:20.152+0000] {logging_mixin.py:188} INFO - [2024-05-06T05:11:20.151+0000] {dag.py:3096} INFO - Sync 1 DAGs
[2024-05-06T05:11:20.170+0000] {logging_mixin.py:188} INFO - [2024-05-06T05:11:20.170+0000] {dag.py:3954} INFO - Setting next_dagrun for example_task_group_decorator to 2024-05-05 00:00:00+00:00, run_after=2024-05-06 00:00:00+00:00
[2024-05-06T05:11:20.193+0000] {processor.py:183} INFO - Processing /home/airflow/.local/lib/python3.12/site-packages/airflow/example_dags/example_task_group_decorator.py took 0.085 seconds
[2024-05-06T05:11:50.410+0000] {processor.py:161} INFO - Started process (PID=11727) to work on /home/airflow/.local/lib/python3.12/site-packages/airflow/example_dags/example_task_group_decorator.py
[2024-05-06T05:11:50.411+0000] {processor.py:830} INFO - Processing file /home/airflow/.local/lib/python3.12/site-packages/airflow/example_dags/example_task_group_decorator.py for tasks to queue
[2024-05-06T05:11:50.413+0000] {logging_mixin.py:188} INFO - [2024-05-06T05:11:50.412+0000] {dagbag.py:540} INFO - Filling up the DagBag from /home/airflow/.local/lib/python3.12/site-packages/airflow/example_dags/example_task_group_decorator.py
[2024-05-06T05:11:50.432+0000] {processor.py:840} INFO - DAG(s) 'example_task_group_decorator' retrieved from /home/airflow/.local/lib/python3.12/site-packages/airflow/example_dags/example_task_group_decorator.py
[2024-05-06T05:11:50.464+0000] {logging_mixin.py:188} INFO - [2024-05-06T05:11:50.464+0000] {dag.py:3096} INFO - Sync 1 DAGs
[2024-05-06T05:11:50.493+0000] {logging_mixin.py:188} INFO - [2024-05-06T05:11:50.493+0000] {dag.py:3954} INFO - Setting next_dagrun for example_task_group_decorator to 2024-05-05 00:00:00+00:00, run_after=2024-05-06 00:00:00+00:00
[2024-05-06T05:11:50.521+0000] {processor.py:183} INFO - Processing /home/airflow/.local/lib/python3.12/site-packages/airflow/example_dags/example_task_group_decorator.py took 0.117 seconds
[2024-05-06T05:12:21.444+0000] {processor.py:161} INFO - Started process (PID=11999) to work on /home/airflow/.local/lib/python3.12/site-packages/airflow/example_dags/example_task_group_decorator.py
[2024-05-06T05:12:21.445+0000] {processor.py:830} INFO - Processing file /home/airflow/.local/lib/python3.12/site-packages/airflow/example_dags/example_task_group_decorator.py for tasks to queue
[2024-05-06T05:12:21.447+0000] {logging_mixin.py:188} INFO - [2024-05-06T05:12:21.446+0000] {dagbag.py:540} INFO - Filling up the DagBag from /home/airflow/.local/lib/python3.12/site-packages/airflow/example_dags/example_task_group_decorator.py
[2024-05-06T05:12:21.467+0000] {processor.py:840} INFO - DAG(s) 'example_task_group_decorator' retrieved from /home/airflow/.local/lib/python3.12/site-packages/airflow/example_dags/example_task_group_decorator.py
[2024-05-06T05:12:21.500+0000] {logging_mixin.py:188} INFO - [2024-05-06T05:12:21.500+0000] {dag.py:3096} INFO - Sync 1 DAGs
[2024-05-06T05:12:21.529+0000] {logging_mixin.py:188} INFO - [2024-05-06T05:12:21.529+0000] {dag.py:3954} INFO - Setting next_dagrun for example_task_group_decorator to 2024-05-05 00:00:00+00:00, run_after=2024-05-06 00:00:00+00:00
[2024-05-06T05:12:21.553+0000] {processor.py:183} INFO - Processing /home/airflow/.local/lib/python3.12/site-packages/airflow/example_dags/example_task_group_decorator.py took 0.113 seconds
[2024-05-06T05:12:52.487+0000] {processor.py:161} INFO - Started process (PID=12271) to work on /home/airflow/.local/lib/python3.12/site-packages/airflow/example_dags/example_task_group_decorator.py
[2024-05-06T05:12:52.488+0000] {processor.py:830} INFO - Processing file /home/airflow/.local/lib/python3.12/site-packages/airflow/example_dags/example_task_group_decorator.py for tasks to queue
[2024-05-06T05:12:52.489+0000] {logging_mixin.py:188} INFO - [2024-05-06T05:12:52.489+0000] {dagbag.py:540} INFO - Filling up the DagBag from /home/airflow/.local/lib/python3.12/site-packages/airflow/example_dags/example_task_group_decorator.py
[2024-05-06T05:12:52.501+0000] {processor.py:840} INFO - DAG(s) 'example_task_group_decorator' retrieved from /home/airflow/.local/lib/python3.12/site-packages/airflow/example_dags/example_task_group_decorator.py
[2024-05-06T05:12:52.523+0000] {logging_mixin.py:188} INFO - [2024-05-06T05:12:52.523+0000] {dag.py:3096} INFO - Sync 1 DAGs
[2024-05-06T05:12:52.541+0000] {logging_mixin.py:188} INFO - [2024-05-06T05:12:52.541+0000] {dag.py:3954} INFO - Setting next_dagrun for example_task_group_decorator to 2024-05-05 00:00:00+00:00, run_after=2024-05-06 00:00:00+00:00
[2024-05-06T05:12:52.564+0000] {processor.py:183} INFO - Processing /home/airflow/.local/lib/python3.12/site-packages/airflow/example_dags/example_task_group_decorator.py took 0.082 seconds
[2024-05-06T05:13:23.264+0000] {processor.py:161} INFO - Started process (PID=12543) to work on /home/airflow/.local/lib/python3.12/site-packages/airflow/example_dags/example_task_group_decorator.py
[2024-05-06T05:13:23.276+0000] {processor.py:830} INFO - Processing file /home/airflow/.local/lib/python3.12/site-packages/airflow/example_dags/example_task_group_decorator.py for tasks to queue
[2024-05-06T05:13:23.278+0000] {logging_mixin.py:188} INFO - [2024-05-06T05:13:23.278+0000] {dagbag.py:540} INFO - Filling up the DagBag from /home/airflow/.local/lib/python3.12/site-packages/airflow/example_dags/example_task_group_decorator.py
[2024-05-06T05:13:23.323+0000] {processor.py:840} INFO - DAG(s) 'example_task_group_decorator' retrieved from /home/airflow/.local/lib/python3.12/site-packages/airflow/example_dags/example_task_group_decorator.py
[2024-05-06T05:13:23.379+0000] {logging_mixin.py:188} INFO - [2024-05-06T05:13:23.378+0000] {dag.py:3096} INFO - Sync 1 DAGs
[2024-05-06T05:13:23.411+0000] {logging_mixin.py:188} INFO - [2024-05-06T05:13:23.411+0000] {dag.py:3954} INFO - Setting next_dagrun for example_task_group_decorator to 2024-05-05 00:00:00+00:00, run_after=2024-05-06 00:00:00+00:00
[2024-05-06T05:13:23.463+0000] {processor.py:183} INFO - Processing /home/airflow/.local/lib/python3.12/site-packages/airflow/example_dags/example_task_group_decorator.py took 0.209 seconds
[2024-05-06T05:13:53.999+0000] {processor.py:161} INFO - Started process (PID=12823) to work on /home/airflow/.local/lib/python3.12/site-packages/airflow/example_dags/example_task_group_decorator.py
[2024-05-06T05:13:54.000+0000] {processor.py:830} INFO - Processing file /home/airflow/.local/lib/python3.12/site-packages/airflow/example_dags/example_task_group_decorator.py for tasks to queue
[2024-05-06T05:13:54.003+0000] {logging_mixin.py:188} INFO - [2024-05-06T05:13:54.002+0000] {dagbag.py:540} INFO - Filling up the DagBag from /home/airflow/.local/lib/python3.12/site-packages/airflow/example_dags/example_task_group_decorator.py
[2024-05-06T05:13:54.024+0000] {processor.py:840} INFO - DAG(s) 'example_task_group_decorator' retrieved from /home/airflow/.local/lib/python3.12/site-packages/airflow/example_dags/example_task_group_decorator.py
[2024-05-06T05:13:54.055+0000] {logging_mixin.py:188} INFO - [2024-05-06T05:13:54.055+0000] {dag.py:3096} INFO - Sync 1 DAGs
[2024-05-06T05:13:54.084+0000] {logging_mixin.py:188} INFO - [2024-05-06T05:13:54.084+0000] {dag.py:3954} INFO - Setting next_dagrun for example_task_group_decorator to 2024-05-05 00:00:00+00:00, run_after=2024-05-06 00:00:00+00:00
[2024-05-06T05:13:54.118+0000] {processor.py:183} INFO - Processing /home/airflow/.local/lib/python3.12/site-packages/airflow/example_dags/example_task_group_decorator.py took 0.131 seconds
[2024-05-06T05:14:24.792+0000] {processor.py:161} INFO - Started process (PID=13094) to work on /home/airflow/.local/lib/python3.12/site-packages/airflow/example_dags/example_task_group_decorator.py
[2024-05-06T05:14:24.793+0000] {processor.py:830} INFO - Processing file /home/airflow/.local/lib/python3.12/site-packages/airflow/example_dags/example_task_group_decorator.py for tasks to queue
[2024-05-06T05:14:24.795+0000] {logging_mixin.py:188} INFO - [2024-05-06T05:14:24.795+0000] {dagbag.py:540} INFO - Filling up the DagBag from /home/airflow/.local/lib/python3.12/site-packages/airflow/example_dags/example_task_group_decorator.py
[2024-05-06T05:14:24.813+0000] {processor.py:840} INFO - DAG(s) 'example_task_group_decorator' retrieved from /home/airflow/.local/lib/python3.12/site-packages/airflow/example_dags/example_task_group_decorator.py
[2024-05-06T05:14:24.846+0000] {logging_mixin.py:188} INFO - [2024-05-06T05:14:24.846+0000] {dag.py:3096} INFO - Sync 1 DAGs
[2024-05-06T05:14:24.900+0000] {logging_mixin.py:188} INFO - [2024-05-06T05:14:24.900+0000] {dag.py:3954} INFO - Setting next_dagrun for example_task_group_decorator to 2024-05-05 00:00:00+00:00, run_after=2024-05-06 00:00:00+00:00
[2024-05-06T05:14:24.939+0000] {processor.py:183} INFO - Processing /home/airflow/.local/lib/python3.12/site-packages/airflow/example_dags/example_task_group_decorator.py took 0.153 seconds
[2024-05-06T05:14:55.524+0000] {processor.py:161} INFO - Started process (PID=13368) to work on /home/airflow/.local/lib/python3.12/site-packages/airflow/example_dags/example_task_group_decorator.py
[2024-05-06T05:14:55.525+0000] {processor.py:830} INFO - Processing file /home/airflow/.local/lib/python3.12/site-packages/airflow/example_dags/example_task_group_decorator.py for tasks to queue
[2024-05-06T05:14:55.527+0000] {logging_mixin.py:188} INFO - [2024-05-06T05:14:55.526+0000] {dagbag.py:540} INFO - Filling up the DagBag from /home/airflow/.local/lib/python3.12/site-packages/airflow/example_dags/example_task_group_decorator.py
[2024-05-06T05:14:55.546+0000] {processor.py:840} INFO - DAG(s) 'example_task_group_decorator' retrieved from /home/airflow/.local/lib/python3.12/site-packages/airflow/example_dags/example_task_group_decorator.py
[2024-05-06T05:14:55.623+0000] {logging_mixin.py:188} INFO - [2024-05-06T05:14:55.623+0000] {dag.py:3096} INFO - Sync 1 DAGs
[2024-05-06T05:14:55.686+0000] {logging_mixin.py:188} INFO - [2024-05-06T05:14:55.686+0000] {dag.py:3954} INFO - Setting next_dagrun for example_task_group_decorator to 2024-05-05 00:00:00+00:00, run_after=2024-05-06 00:00:00+00:00
[2024-05-06T05:14:55.711+0000] {processor.py:183} INFO - Processing /home/airflow/.local/lib/python3.12/site-packages/airflow/example_dags/example_task_group_decorator.py took 0.194 seconds
[2024-05-06T05:15:26.239+0000] {processor.py:161} INFO - Started process (PID=13641) to work on /home/airflow/.local/lib/python3.12/site-packages/airflow/example_dags/example_task_group_decorator.py
[2024-05-06T05:15:26.240+0000] {processor.py:830} INFO - Processing file /home/airflow/.local/lib/python3.12/site-packages/airflow/example_dags/example_task_group_decorator.py for tasks to queue
[2024-05-06T05:15:26.241+0000] {logging_mixin.py:188} INFO - [2024-05-06T05:15:26.241+0000] {dagbag.py:540} INFO - Filling up the DagBag from /home/airflow/.local/lib/python3.12/site-packages/airflow/example_dags/example_task_group_decorator.py
[2024-05-06T05:15:26.253+0000] {processor.py:840} INFO - DAG(s) 'example_task_group_decorator' retrieved from /home/airflow/.local/lib/python3.12/site-packages/airflow/example_dags/example_task_group_decorator.py
[2024-05-06T05:15:26.275+0000] {logging_mixin.py:188} INFO - [2024-05-06T05:15:26.274+0000] {dag.py:3096} INFO - Sync 1 DAGs
[2024-05-06T05:15:26.292+0000] {logging_mixin.py:188} INFO - [2024-05-06T05:15:26.292+0000] {dag.py:3954} INFO - Setting next_dagrun for example_task_group_decorator to 2024-05-05 00:00:00+00:00, run_after=2024-05-06 00:00:00+00:00
[2024-05-06T05:15:26.314+0000] {processor.py:183} INFO - Processing /home/airflow/.local/lib/python3.12/site-packages/airflow/example_dags/example_task_group_decorator.py took 0.079 seconds
[2024-05-06T05:15:56.956+0000] {processor.py:161} INFO - Started process (PID=13912) to work on /home/airflow/.local/lib/python3.12/site-packages/airflow/example_dags/example_task_group_decorator.py
[2024-05-06T05:15:56.956+0000] {processor.py:830} INFO - Processing file /home/airflow/.local/lib/python3.12/site-packages/airflow/example_dags/example_task_group_decorator.py for tasks to queue
[2024-05-06T05:15:56.958+0000] {logging_mixin.py:188} INFO - [2024-05-06T05:15:56.958+0000] {dagbag.py:540} INFO - Filling up the DagBag from /home/airflow/.local/lib/python3.12/site-packages/airflow/example_dags/example_task_group_decorator.py
[2024-05-06T05:15:56.970+0000] {processor.py:840} INFO - DAG(s) 'example_task_group_decorator' retrieved from /home/airflow/.local/lib/python3.12/site-packages/airflow/example_dags/example_task_group_decorator.py
[2024-05-06T05:15:56.992+0000] {logging_mixin.py:188} INFO - [2024-05-06T05:15:56.992+0000] {dag.py:3096} INFO - Sync 1 DAGs
[2024-05-06T05:15:57.011+0000] {logging_mixin.py:188} INFO - [2024-05-06T05:15:57.011+0000] {dag.py:3954} INFO - Setting next_dagrun for example_task_group_decorator to 2024-05-05 00:00:00+00:00, run_after=2024-05-06 00:00:00+00:00
[2024-05-06T05:15:57.034+0000] {processor.py:183} INFO - Processing /home/airflow/.local/lib/python3.12/site-packages/airflow/example_dags/example_task_group_decorator.py took 0.084 seconds
[2024-05-06T05:16:27.698+0000] {processor.py:161} INFO - Started process (PID=14185) to work on /home/airflow/.local/lib/python3.12/site-packages/airflow/example_dags/example_task_group_decorator.py
[2024-05-06T05:16:27.698+0000] {processor.py:830} INFO - Processing file /home/airflow/.local/lib/python3.12/site-packages/airflow/example_dags/example_task_group_decorator.py for tasks to queue
[2024-05-06T05:16:27.700+0000] {logging_mixin.py:188} INFO - [2024-05-06T05:16:27.700+0000] {dagbag.py:540} INFO - Filling up the DagBag from /home/airflow/.local/lib/python3.12/site-packages/airflow/example_dags/example_task_group_decorator.py
[2024-05-06T05:16:27.713+0000] {processor.py:840} INFO - DAG(s) 'example_task_group_decorator' retrieved from /home/airflow/.local/lib/python3.12/site-packages/airflow/example_dags/example_task_group_decorator.py
[2024-05-06T05:16:27.734+0000] {logging_mixin.py:188} INFO - [2024-05-06T05:16:27.734+0000] {dag.py:3096} INFO - Sync 1 DAGs
[2024-05-06T05:16:27.752+0000] {logging_mixin.py:188} INFO - [2024-05-06T05:16:27.751+0000] {dag.py:3954} INFO - Setting next_dagrun for example_task_group_decorator to 2024-05-05 00:00:00+00:00, run_after=2024-05-06 00:00:00+00:00
[2024-05-06T05:16:27.772+0000] {processor.py:183} INFO - Processing /home/airflow/.local/lib/python3.12/site-packages/airflow/example_dags/example_task_group_decorator.py took 0.080 seconds
[2024-05-06T05:16:58.244+0000] {processor.py:161} INFO - Started process (PID=14456) to work on /home/airflow/.local/lib/python3.12/site-packages/airflow/example_dags/example_task_group_decorator.py
[2024-05-06T05:16:58.245+0000] {processor.py:830} INFO - Processing file /home/airflow/.local/lib/python3.12/site-packages/airflow/example_dags/example_task_group_decorator.py for tasks to queue
[2024-05-06T05:16:58.247+0000] {logging_mixin.py:188} INFO - [2024-05-06T05:16:58.246+0000] {dagbag.py:540} INFO - Filling up the DagBag from /home/airflow/.local/lib/python3.12/site-packages/airflow/example_dags/example_task_group_decorator.py
[2024-05-06T05:16:58.285+0000] {processor.py:840} INFO - DAG(s) 'example_task_group_decorator' retrieved from /home/airflow/.local/lib/python3.12/site-packages/airflow/example_dags/example_task_group_decorator.py
[2024-05-06T05:16:58.321+0000] {logging_mixin.py:188} INFO - [2024-05-06T05:16:58.321+0000] {dag.py:3096} INFO - Sync 1 DAGs
[2024-05-06T05:16:58.351+0000] {logging_mixin.py:188} INFO - [2024-05-06T05:16:58.351+0000] {dag.py:3954} INFO - Setting next_dagrun for example_task_group_decorator to 2024-05-05 00:00:00+00:00, run_after=2024-05-06 00:00:00+00:00
[2024-05-06T05:16:58.393+0000] {processor.py:183} INFO - Processing /home/airflow/.local/lib/python3.12/site-packages/airflow/example_dags/example_task_group_decorator.py took 0.157 seconds
[2024-05-06T05:17:29.186+0000] {processor.py:161} INFO - Started process (PID=14730) to work on /home/airflow/.local/lib/python3.12/site-packages/airflow/example_dags/example_task_group_decorator.py
[2024-05-06T05:17:29.187+0000] {processor.py:830} INFO - Processing file /home/airflow/.local/lib/python3.12/site-packages/airflow/example_dags/example_task_group_decorator.py for tasks to queue
[2024-05-06T05:17:29.188+0000] {logging_mixin.py:188} INFO - [2024-05-06T05:17:29.188+0000] {dagbag.py:540} INFO - Filling up the DagBag from /home/airflow/.local/lib/python3.12/site-packages/airflow/example_dags/example_task_group_decorator.py
[2024-05-06T05:17:29.200+0000] {processor.py:840} INFO - DAG(s) 'example_task_group_decorator' retrieved from /home/airflow/.local/lib/python3.12/site-packages/airflow/example_dags/example_task_group_decorator.py
[2024-05-06T05:17:29.221+0000] {logging_mixin.py:188} INFO - [2024-05-06T05:17:29.221+0000] {dag.py:3096} INFO - Sync 1 DAGs
[2024-05-06T05:17:29.239+0000] {logging_mixin.py:188} INFO - [2024-05-06T05:17:29.239+0000] {dag.py:3954} INFO - Setting next_dagrun for example_task_group_decorator to 2024-05-05 00:00:00+00:00, run_after=2024-05-06 00:00:00+00:00
[2024-05-06T05:17:29.258+0000] {processor.py:183} INFO - Processing /home/airflow/.local/lib/python3.12/site-packages/airflow/example_dags/example_task_group_decorator.py took 0.077 seconds
[2024-05-06T05:17:59.573+0000] {processor.py:161} INFO - Started process (PID=15002) to work on /home/airflow/.local/lib/python3.12/site-packages/airflow/example_dags/example_task_group_decorator.py
[2024-05-06T05:17:59.573+0000] {processor.py:830} INFO - Processing file /home/airflow/.local/lib/python3.12/site-packages/airflow/example_dags/example_task_group_decorator.py for tasks to queue
[2024-05-06T05:17:59.574+0000] {logging_mixin.py:188} INFO - [2024-05-06T05:17:59.574+0000] {dagbag.py:540} INFO - Filling up the DagBag from /home/airflow/.local/lib/python3.12/site-packages/airflow/example_dags/example_task_group_decorator.py
[2024-05-06T05:17:59.587+0000] {processor.py:840} INFO - DAG(s) 'example_task_group_decorator' retrieved from /home/airflow/.local/lib/python3.12/site-packages/airflow/example_dags/example_task_group_decorator.py
[2024-05-06T05:17:59.609+0000] {logging_mixin.py:188} INFO - [2024-05-06T05:17:59.608+0000] {dag.py:3096} INFO - Sync 1 DAGs
[2024-05-06T05:17:59.630+0000] {logging_mixin.py:188} INFO - [2024-05-06T05:17:59.630+0000] {dag.py:3954} INFO - Setting next_dagrun for example_task_group_decorator to 2024-05-05 00:00:00+00:00, run_after=2024-05-06 00:00:00+00:00
[2024-05-06T05:17:59.657+0000] {processor.py:183} INFO - Processing /home/airflow/.local/lib/python3.12/site-packages/airflow/example_dags/example_task_group_decorator.py took 0.089 seconds
[2024-05-06T05:18:30.076+0000] {processor.py:161} INFO - Started process (PID=15274) to work on /home/airflow/.local/lib/python3.12/site-packages/airflow/example_dags/example_task_group_decorator.py
[2024-05-06T05:18:30.077+0000] {processor.py:830} INFO - Processing file /home/airflow/.local/lib/python3.12/site-packages/airflow/example_dags/example_task_group_decorator.py for tasks to queue
[2024-05-06T05:18:30.079+0000] {logging_mixin.py:188} INFO - [2024-05-06T05:18:30.078+0000] {dagbag.py:540} INFO - Filling up the DagBag from /home/airflow/.local/lib/python3.12/site-packages/airflow/example_dags/example_task_group_decorator.py
[2024-05-06T05:18:30.098+0000] {processor.py:840} INFO - DAG(s) 'example_task_group_decorator' retrieved from /home/airflow/.local/lib/python3.12/site-packages/airflow/example_dags/example_task_group_decorator.py
[2024-05-06T05:18:30.131+0000] {logging_mixin.py:188} INFO - [2024-05-06T05:18:30.131+0000] {dag.py:3096} INFO - Sync 1 DAGs
[2024-05-06T05:18:30.162+0000] {logging_mixin.py:188} INFO - [2024-05-06T05:18:30.162+0000] {dag.py:3954} INFO - Setting next_dagrun for example_task_group_decorator to 2024-05-05 00:00:00+00:00, run_after=2024-05-06 00:00:00+00:00
[2024-05-06T05:18:30.187+0000] {processor.py:183} INFO - Processing /home/airflow/.local/lib/python3.12/site-packages/airflow/example_dags/example_task_group_decorator.py took 0.118 seconds
[2024-05-06T05:19:00.704+0000] {processor.py:161} INFO - Started process (PID=15546) to work on /home/airflow/.local/lib/python3.12/site-packages/airflow/example_dags/example_task_group_decorator.py
[2024-05-06T05:19:00.705+0000] {processor.py:830} INFO - Processing file /home/airflow/.local/lib/python3.12/site-packages/airflow/example_dags/example_task_group_decorator.py for tasks to queue
[2024-05-06T05:19:00.706+0000] {logging_mixin.py:188} INFO - [2024-05-06T05:19:00.706+0000] {dagbag.py:540} INFO - Filling up the DagBag from /home/airflow/.local/lib/python3.12/site-packages/airflow/example_dags/example_task_group_decorator.py
[2024-05-06T05:19:00.720+0000] {processor.py:840} INFO - DAG(s) 'example_task_group_decorator' retrieved from /home/airflow/.local/lib/python3.12/site-packages/airflow/example_dags/example_task_group_decorator.py
[2024-05-06T05:19:00.742+0000] {logging_mixin.py:188} INFO - [2024-05-06T05:19:00.741+0000] {dag.py:3096} INFO - Sync 1 DAGs
[2024-05-06T05:19:00.760+0000] {logging_mixin.py:188} INFO - [2024-05-06T05:19:00.760+0000] {dag.py:3954} INFO - Setting next_dagrun for example_task_group_decorator to 2024-05-05 00:00:00+00:00, run_after=2024-05-06 00:00:00+00:00
[2024-05-06T05:19:00.779+0000] {processor.py:183} INFO - Processing /home/airflow/.local/lib/python3.12/site-packages/airflow/example_dags/example_task_group_decorator.py took 0.079 seconds
