[2024-05-06T04:50:11.623+0000] {processor.py:161} INFO - Started process (PID=180) to work on /home/airflow/.local/lib/python3.12/site-packages/airflow/example_dags/example_branch_operator.py
[2024-05-06T04:50:11.624+0000] {processor.py:830} INFO - Processing file /home/airflow/.local/lib/python3.12/site-packages/airflow/example_dags/example_branch_operator.py for tasks to queue
[2024-05-06T04:50:11.626+0000] {logging_mixin.py:188} INFO - [2024-05-06T04:50:11.625+0000] {dagbag.py:540} INFO - Filling up the DagBag from /home/airflow/.local/lib/python3.12/site-packages/airflow/example_dags/example_branch_operator.py
[2024-05-06T04:50:11.650+0000] {processor.py:840} INFO - DAG(s) 'example_branch_operator' retrieved from /home/airflow/.local/lib/python3.12/site-packages/airflow/example_dags/example_branch_operator.py
[2024-05-06T04:50:11.841+0000] {logging_mixin.py:188} INFO - [2024-05-06T04:50:11.840+0000] {override.py:1829} INFO - Created Permission View: can delete on DAG:example_branch_operator
[2024-05-06T04:50:11.857+0000] {logging_mixin.py:188} INFO - [2024-05-06T04:50:11.856+0000] {override.py:1829} INFO - Created Permission View: can edit on DAG:example_branch_operator
[2024-05-06T04:50:11.869+0000] {logging_mixin.py:188} INFO - [2024-05-06T04:50:11.868+0000] {override.py:1829} INFO - Created Permission View: can read on DAG:example_branch_operator
[2024-05-06T04:50:11.869+0000] {logging_mixin.py:188} INFO - [2024-05-06T04:50:11.869+0000] {dag.py:3096} INFO - Sync 1 DAGs
[2024-05-06T04:50:11.885+0000] {logging_mixin.py:188} INFO - [2024-05-06T04:50:11.884+0000] {dag.py:3118} INFO - Creating ORM DAG for example_branch_operator
[2024-05-06T04:50:11.898+0000] {logging_mixin.py:188} INFO - [2024-05-06T04:50:11.898+0000] {dag.py:3954} INFO - Setting next_dagrun for example_branch_operator to 2024-05-05 00:00:00+00:00, run_after=2024-05-06 00:00:00+00:00
[2024-05-06T04:50:11.922+0000] {processor.py:183} INFO - Processing /home/airflow/.local/lib/python3.12/site-packages/airflow/example_dags/example_branch_operator.py took 0.306 seconds
[2024-05-06T04:50:42.363+0000] {processor.py:161} INFO - Started process (PID=440) to work on /home/airflow/.local/lib/python3.12/site-packages/airflow/example_dags/example_branch_operator.py
[2024-05-06T04:50:42.365+0000] {processor.py:830} INFO - Processing file /home/airflow/.local/lib/python3.12/site-packages/airflow/example_dags/example_branch_operator.py for tasks to queue
[2024-05-06T04:50:42.367+0000] {logging_mixin.py:188} INFO - [2024-05-06T04:50:42.366+0000] {dagbag.py:540} INFO - Filling up the DagBag from /home/airflow/.local/lib/python3.12/site-packages/airflow/example_dags/example_branch_operator.py
[2024-05-06T04:50:42.395+0000] {processor.py:840} INFO - DAG(s) 'example_branch_operator' retrieved from /home/airflow/.local/lib/python3.12/site-packages/airflow/example_dags/example_branch_operator.py
[2024-05-06T04:50:42.432+0000] {logging_mixin.py:188} INFO - [2024-05-06T04:50:42.432+0000] {dag.py:3096} INFO - Sync 1 DAGs
[2024-05-06T04:50:42.464+0000] {logging_mixin.py:188} INFO - [2024-05-06T04:50:42.463+0000] {dag.py:3954} INFO - Setting next_dagrun for example_branch_operator to 2024-05-05 00:00:00+00:00, run_after=2024-05-06 00:00:00+00:00
[2024-05-06T04:50:42.494+0000] {processor.py:183} INFO - Processing /home/airflow/.local/lib/python3.12/site-packages/airflow/example_dags/example_branch_operator.py took 0.139 seconds
[2024-05-06T04:51:12.775+0000] {processor.py:161} INFO - Started process (PID=702) to work on /home/airflow/.local/lib/python3.12/site-packages/airflow/example_dags/example_branch_operator.py
[2024-05-06T04:51:12.777+0000] {processor.py:830} INFO - Processing file /home/airflow/.local/lib/python3.12/site-packages/airflow/example_dags/example_branch_operator.py for tasks to queue
[2024-05-06T04:51:12.779+0000] {logging_mixin.py:188} INFO - [2024-05-06T04:51:12.779+0000] {dagbag.py:540} INFO - Filling up the DagBag from /home/airflow/.local/lib/python3.12/site-packages/airflow/example_dags/example_branch_operator.py
[2024-05-06T04:51:12.805+0000] {processor.py:840} INFO - DAG(s) 'example_branch_operator' retrieved from /home/airflow/.local/lib/python3.12/site-packages/airflow/example_dags/example_branch_operator.py
[2024-05-06T04:51:12.857+0000] {logging_mixin.py:188} INFO - [2024-05-06T04:51:12.857+0000] {dag.py:3096} INFO - Sync 1 DAGs
[2024-05-06T04:51:12.886+0000] {logging_mixin.py:188} INFO - [2024-05-06T04:51:12.885+0000] {dag.py:3954} INFO - Setting next_dagrun for example_branch_operator to 2024-05-05 00:00:00+00:00, run_after=2024-05-06 00:00:00+00:00
[2024-05-06T04:51:12.911+0000] {processor.py:183} INFO - Processing /home/airflow/.local/lib/python3.12/site-packages/airflow/example_dags/example_branch_operator.py took 0.143 seconds
[2024-05-06T04:51:43.766+0000] {processor.py:161} INFO - Started process (PID=967) to work on /home/airflow/.local/lib/python3.12/site-packages/airflow/example_dags/example_branch_operator.py
[2024-05-06T04:51:43.767+0000] {processor.py:830} INFO - Processing file /home/airflow/.local/lib/python3.12/site-packages/airflow/example_dags/example_branch_operator.py for tasks to queue
[2024-05-06T04:51:43.768+0000] {logging_mixin.py:188} INFO - [2024-05-06T04:51:43.768+0000] {dagbag.py:540} INFO - Filling up the DagBag from /home/airflow/.local/lib/python3.12/site-packages/airflow/example_dags/example_branch_operator.py
[2024-05-06T04:51:43.783+0000] {processor.py:840} INFO - DAG(s) 'example_branch_operator' retrieved from /home/airflow/.local/lib/python3.12/site-packages/airflow/example_dags/example_branch_operator.py
[2024-05-06T04:51:43.808+0000] {logging_mixin.py:188} INFO - [2024-05-06T04:51:43.808+0000] {dag.py:3096} INFO - Sync 1 DAGs
[2024-05-06T04:51:43.827+0000] {logging_mixin.py:188} INFO - [2024-05-06T04:51:43.827+0000] {dag.py:3954} INFO - Setting next_dagrun for example_branch_operator to 2024-05-05 00:00:00+00:00, run_after=2024-05-06 00:00:00+00:00
[2024-05-06T04:51:43.847+0000] {processor.py:183} INFO - Processing /home/airflow/.local/lib/python3.12/site-packages/airflow/example_dags/example_branch_operator.py took 0.085 seconds
[2024-05-06T04:52:13.964+0000] {processor.py:161} INFO - Started process (PID=1228) to work on /home/airflow/.local/lib/python3.12/site-packages/airflow/example_dags/example_branch_operator.py
[2024-05-06T04:52:13.965+0000] {processor.py:830} INFO - Processing file /home/airflow/.local/lib/python3.12/site-packages/airflow/example_dags/example_branch_operator.py for tasks to queue
[2024-05-06T04:52:13.967+0000] {logging_mixin.py:188} INFO - [2024-05-06T04:52:13.967+0000] {dagbag.py:540} INFO - Filling up the DagBag from /home/airflow/.local/lib/python3.12/site-packages/airflow/example_dags/example_branch_operator.py
[2024-05-06T04:52:13.988+0000] {processor.py:840} INFO - DAG(s) 'example_branch_operator' retrieved from /home/airflow/.local/lib/python3.12/site-packages/airflow/example_dags/example_branch_operator.py
[2024-05-06T04:52:14.012+0000] {logging_mixin.py:188} INFO - [2024-05-06T04:52:14.012+0000] {dag.py:3096} INFO - Sync 1 DAGs
[2024-05-06T04:52:14.031+0000] {logging_mixin.py:188} INFO - [2024-05-06T04:52:14.030+0000] {dag.py:3954} INFO - Setting next_dagrun for example_branch_operator to 2024-05-05 00:00:00+00:00, run_after=2024-05-06 00:00:00+00:00
[2024-05-06T04:52:14.053+0000] {processor.py:183} INFO - Processing /home/airflow/.local/lib/python3.12/site-packages/airflow/example_dags/example_branch_operator.py took 0.097 seconds
[2024-05-06T04:52:44.253+0000] {processor.py:161} INFO - Started process (PID=1491) to work on /home/airflow/.local/lib/python3.12/site-packages/airflow/example_dags/example_branch_operator.py
[2024-05-06T04:52:44.254+0000] {processor.py:830} INFO - Processing file /home/airflow/.local/lib/python3.12/site-packages/airflow/example_dags/example_branch_operator.py for tasks to queue
[2024-05-06T04:52:44.255+0000] {logging_mixin.py:188} INFO - [2024-05-06T04:52:44.255+0000] {dagbag.py:540} INFO - Filling up the DagBag from /home/airflow/.local/lib/python3.12/site-packages/airflow/example_dags/example_branch_operator.py
[2024-05-06T04:52:44.276+0000] {processor.py:840} INFO - DAG(s) 'example_branch_operator' retrieved from /home/airflow/.local/lib/python3.12/site-packages/airflow/example_dags/example_branch_operator.py
[2024-05-06T04:52:44.326+0000] {logging_mixin.py:188} INFO - [2024-05-06T04:52:44.326+0000] {dag.py:3096} INFO - Sync 1 DAGs
[2024-05-06T04:52:44.354+0000] {logging_mixin.py:188} INFO - [2024-05-06T04:52:44.354+0000] {dag.py:3954} INFO - Setting next_dagrun for example_branch_operator to 2024-05-05 00:00:00+00:00, run_after=2024-05-06 00:00:00+00:00
[2024-05-06T04:52:44.379+0000] {processor.py:183} INFO - Processing /home/airflow/.local/lib/python3.12/site-packages/airflow/example_dags/example_branch_operator.py took 0.132 seconds
[2024-05-06T04:53:14.422+0000] {processor.py:161} INFO - Started process (PID=1751) to work on /home/airflow/.local/lib/python3.12/site-packages/airflow/example_dags/example_branch_operator.py
[2024-05-06T04:53:14.423+0000] {processor.py:830} INFO - Processing file /home/airflow/.local/lib/python3.12/site-packages/airflow/example_dags/example_branch_operator.py for tasks to queue
[2024-05-06T04:53:14.425+0000] {logging_mixin.py:188} INFO - [2024-05-06T04:53:14.425+0000] {dagbag.py:540} INFO - Filling up the DagBag from /home/airflow/.local/lib/python3.12/site-packages/airflow/example_dags/example_branch_operator.py
[2024-05-06T04:53:14.446+0000] {processor.py:840} INFO - DAG(s) 'example_branch_operator' retrieved from /home/airflow/.local/lib/python3.12/site-packages/airflow/example_dags/example_branch_operator.py
[2024-05-06T04:53:14.485+0000] {logging_mixin.py:188} INFO - [2024-05-06T04:53:14.484+0000] {dag.py:3096} INFO - Sync 1 DAGs
[2024-05-06T04:53:14.512+0000] {logging_mixin.py:188} INFO - [2024-05-06T04:53:14.512+0000] {dag.py:3954} INFO - Setting next_dagrun for example_branch_operator to 2024-05-05 00:00:00+00:00, run_after=2024-05-06 00:00:00+00:00
[2024-05-06T04:53:14.540+0000] {processor.py:183} INFO - Processing /home/airflow/.local/lib/python3.12/site-packages/airflow/example_dags/example_branch_operator.py took 0.124 seconds
[2024-05-06T04:53:44.696+0000] {processor.py:161} INFO - Started process (PID=2015) to work on /home/airflow/.local/lib/python3.12/site-packages/airflow/example_dags/example_branch_operator.py
[2024-05-06T04:53:44.697+0000] {processor.py:830} INFO - Processing file /home/airflow/.local/lib/python3.12/site-packages/airflow/example_dags/example_branch_operator.py for tasks to queue
[2024-05-06T04:53:44.698+0000] {logging_mixin.py:188} INFO - [2024-05-06T04:53:44.698+0000] {dagbag.py:540} INFO - Filling up the DagBag from /home/airflow/.local/lib/python3.12/site-packages/airflow/example_dags/example_branch_operator.py
[2024-05-06T04:53:44.715+0000] {processor.py:840} INFO - DAG(s) 'example_branch_operator' retrieved from /home/airflow/.local/lib/python3.12/site-packages/airflow/example_dags/example_branch_operator.py
[2024-05-06T04:53:44.776+0000] {logging_mixin.py:188} INFO - [2024-05-06T04:53:44.776+0000] {dag.py:3096} INFO - Sync 1 DAGs
[2024-05-06T04:53:44.799+0000] {logging_mixin.py:188} INFO - [2024-05-06T04:53:44.799+0000] {dag.py:3954} INFO - Setting next_dagrun for example_branch_operator to 2024-05-05 00:00:00+00:00, run_after=2024-05-06 00:00:00+00:00
[2024-05-06T04:53:44.824+0000] {processor.py:183} INFO - Processing /home/airflow/.local/lib/python3.12/site-packages/airflow/example_dags/example_branch_operator.py took 0.133 seconds
[2024-05-06T04:54:16.411+0000] {processor.py:161} INFO - Started process (PID=2337) to work on /home/airflow/.local/lib/python3.12/site-packages/airflow/example_dags/example_branch_operator.py
[2024-05-06T04:54:16.413+0000] {processor.py:830} INFO - Processing file /home/airflow/.local/lib/python3.12/site-packages/airflow/example_dags/example_branch_operator.py for tasks to queue
[2024-05-06T04:54:16.427+0000] {logging_mixin.py:188} INFO - [2024-05-06T04:54:16.426+0000] {dagbag.py:540} INFO - Filling up the DagBag from /home/airflow/.local/lib/python3.12/site-packages/airflow/example_dags/example_branch_operator.py
[2024-05-06T04:54:16.518+0000] {processor.py:840} INFO - DAG(s) 'example_branch_operator' retrieved from /home/airflow/.local/lib/python3.12/site-packages/airflow/example_dags/example_branch_operator.py
[2024-05-06T04:54:16.645+0000] {logging_mixin.py:188} INFO - [2024-05-06T04:54:16.644+0000] {dag.py:3096} INFO - Sync 1 DAGs
[2024-05-06T04:54:16.783+0000] {logging_mixin.py:188} INFO - [2024-05-06T04:54:16.783+0000] {dag.py:3954} INFO - Setting next_dagrun for example_branch_operator to 2024-05-05 00:00:00+00:00, run_after=2024-05-06 00:00:00+00:00
[2024-05-06T04:54:16.893+0000] {processor.py:183} INFO - Processing /home/airflow/.local/lib/python3.12/site-packages/airflow/example_dags/example_branch_operator.py took 0.508 seconds
[2024-05-06T04:54:47.201+0000] {processor.py:161} INFO - Started process (PID=2682) to work on /home/airflow/.local/lib/python3.12/site-packages/airflow/example_dags/example_branch_operator.py
[2024-05-06T04:54:47.203+0000] {processor.py:830} INFO - Processing file /home/airflow/.local/lib/python3.12/site-packages/airflow/example_dags/example_branch_operator.py for tasks to queue
[2024-05-06T04:54:47.205+0000] {logging_mixin.py:188} INFO - [2024-05-06T04:54:47.205+0000] {dagbag.py:540} INFO - Filling up the DagBag from /home/airflow/.local/lib/python3.12/site-packages/airflow/example_dags/example_branch_operator.py
[2024-05-06T04:54:47.235+0000] {processor.py:840} INFO - DAG(s) 'example_branch_operator' retrieved from /home/airflow/.local/lib/python3.12/site-packages/airflow/example_dags/example_branch_operator.py
[2024-05-06T04:54:47.300+0000] {logging_mixin.py:188} INFO - [2024-05-06T04:54:47.300+0000] {dag.py:3096} INFO - Sync 1 DAGs
[2024-05-06T04:54:47.355+0000] {logging_mixin.py:188} INFO - [2024-05-06T04:54:47.355+0000] {dag.py:3954} INFO - Setting next_dagrun for example_branch_operator to 2024-05-05 00:00:00+00:00, run_after=2024-05-06 00:00:00+00:00
[2024-05-06T04:54:47.407+0000] {processor.py:183} INFO - Processing /home/airflow/.local/lib/python3.12/site-packages/airflow/example_dags/example_branch_operator.py took 0.213 seconds
[2024-05-06T04:55:18.284+0000] {processor.py:161} INFO - Started process (PID=2950) to work on /home/airflow/.local/lib/python3.12/site-packages/airflow/example_dags/example_branch_operator.py
[2024-05-06T04:55:18.285+0000] {processor.py:830} INFO - Processing file /home/airflow/.local/lib/python3.12/site-packages/airflow/example_dags/example_branch_operator.py for tasks to queue
[2024-05-06T04:55:18.286+0000] {logging_mixin.py:188} INFO - [2024-05-06T04:55:18.286+0000] {dagbag.py:540} INFO - Filling up the DagBag from /home/airflow/.local/lib/python3.12/site-packages/airflow/example_dags/example_branch_operator.py
[2024-05-06T04:55:18.301+0000] {processor.py:840} INFO - DAG(s) 'example_branch_operator' retrieved from /home/airflow/.local/lib/python3.12/site-packages/airflow/example_dags/example_branch_operator.py
[2024-05-06T04:55:18.326+0000] {logging_mixin.py:188} INFO - [2024-05-06T04:55:18.325+0000] {dag.py:3096} INFO - Sync 1 DAGs
[2024-05-06T04:55:18.346+0000] {logging_mixin.py:188} INFO - [2024-05-06T04:55:18.346+0000] {dag.py:3954} INFO - Setting next_dagrun for example_branch_operator to 2024-05-05 00:00:00+00:00, run_after=2024-05-06 00:00:00+00:00
[2024-05-06T04:55:18.367+0000] {processor.py:183} INFO - Processing /home/airflow/.local/lib/python3.12/site-packages/airflow/example_dags/example_branch_operator.py took 0.089 seconds
[2024-05-06T04:55:48.568+0000] {processor.py:161} INFO - Started process (PID=3212) to work on /home/airflow/.local/lib/python3.12/site-packages/airflow/example_dags/example_branch_operator.py
[2024-05-06T04:55:48.569+0000] {processor.py:830} INFO - Processing file /home/airflow/.local/lib/python3.12/site-packages/airflow/example_dags/example_branch_operator.py for tasks to queue
[2024-05-06T04:55:48.571+0000] {logging_mixin.py:188} INFO - [2024-05-06T04:55:48.571+0000] {dagbag.py:540} INFO - Filling up the DagBag from /home/airflow/.local/lib/python3.12/site-packages/airflow/example_dags/example_branch_operator.py
[2024-05-06T04:55:48.594+0000] {processor.py:840} INFO - DAG(s) 'example_branch_operator' retrieved from /home/airflow/.local/lib/python3.12/site-packages/airflow/example_dags/example_branch_operator.py
[2024-05-06T04:55:48.632+0000] {logging_mixin.py:188} INFO - [2024-05-06T04:55:48.632+0000] {dag.py:3096} INFO - Sync 1 DAGs
[2024-05-06T04:55:48.673+0000] {logging_mixin.py:188} INFO - [2024-05-06T04:55:48.673+0000] {dag.py:3954} INFO - Setting next_dagrun for example_branch_operator to 2024-05-05 00:00:00+00:00, run_after=2024-05-06 00:00:00+00:00
[2024-05-06T04:55:48.736+0000] {processor.py:183} INFO - Processing /home/airflow/.local/lib/python3.12/site-packages/airflow/example_dags/example_branch_operator.py took 0.174 seconds
[2024-05-06T04:56:19.454+0000] {processor.py:161} INFO - Started process (PID=3473) to work on /home/airflow/.local/lib/python3.12/site-packages/airflow/example_dags/example_branch_operator.py
[2024-05-06T04:56:19.455+0000] {processor.py:830} INFO - Processing file /home/airflow/.local/lib/python3.12/site-packages/airflow/example_dags/example_branch_operator.py for tasks to queue
[2024-05-06T04:56:19.457+0000] {logging_mixin.py:188} INFO - [2024-05-06T04:56:19.457+0000] {dagbag.py:540} INFO - Filling up the DagBag from /home/airflow/.local/lib/python3.12/site-packages/airflow/example_dags/example_branch_operator.py
[2024-05-06T04:56:19.489+0000] {processor.py:840} INFO - DAG(s) 'example_branch_operator' retrieved from /home/airflow/.local/lib/python3.12/site-packages/airflow/example_dags/example_branch_operator.py
[2024-05-06T04:56:19.547+0000] {logging_mixin.py:188} INFO - [2024-05-06T04:56:19.547+0000] {dag.py:3096} INFO - Sync 1 DAGs
[2024-05-06T04:56:19.591+0000] {logging_mixin.py:188} INFO - [2024-05-06T04:56:19.591+0000] {dag.py:3954} INFO - Setting next_dagrun for example_branch_operator to 2024-05-05 00:00:00+00:00, run_after=2024-05-06 00:00:00+00:00
[2024-05-06T04:56:19.616+0000] {processor.py:183} INFO - Processing /home/airflow/.local/lib/python3.12/site-packages/airflow/example_dags/example_branch_operator.py took 0.170 seconds
[2024-05-06T04:56:50.036+0000] {processor.py:161} INFO - Started process (PID=3736) to work on /home/airflow/.local/lib/python3.12/site-packages/airflow/example_dags/example_branch_operator.py
[2024-05-06T04:56:50.037+0000] {processor.py:830} INFO - Processing file /home/airflow/.local/lib/python3.12/site-packages/airflow/example_dags/example_branch_operator.py for tasks to queue
[2024-05-06T04:56:50.039+0000] {logging_mixin.py:188} INFO - [2024-05-06T04:56:50.039+0000] {dagbag.py:540} INFO - Filling up the DagBag from /home/airflow/.local/lib/python3.12/site-packages/airflow/example_dags/example_branch_operator.py
[2024-05-06T04:56:50.062+0000] {processor.py:840} INFO - DAG(s) 'example_branch_operator' retrieved from /home/airflow/.local/lib/python3.12/site-packages/airflow/example_dags/example_branch_operator.py
[2024-05-06T04:56:50.100+0000] {logging_mixin.py:188} INFO - [2024-05-06T04:56:50.100+0000] {dag.py:3096} INFO - Sync 1 DAGs
[2024-05-06T04:56:50.134+0000] {logging_mixin.py:188} INFO - [2024-05-06T04:56:50.134+0000] {dag.py:3954} INFO - Setting next_dagrun for example_branch_operator to 2024-05-05 00:00:00+00:00, run_after=2024-05-06 00:00:00+00:00
[2024-05-06T04:56:50.160+0000] {processor.py:183} INFO - Processing /home/airflow/.local/lib/python3.12/site-packages/airflow/example_dags/example_branch_operator.py took 0.133 seconds
[2024-05-06T04:57:21.189+0000] {processor.py:161} INFO - Started process (PID=4007) to work on /home/airflow/.local/lib/python3.12/site-packages/airflow/example_dags/example_branch_operator.py
[2024-05-06T04:57:21.190+0000] {processor.py:830} INFO - Processing file /home/airflow/.local/lib/python3.12/site-packages/airflow/example_dags/example_branch_operator.py for tasks to queue
[2024-05-06T04:57:21.191+0000] {logging_mixin.py:188} INFO - [2024-05-06T04:57:21.191+0000] {dagbag.py:540} INFO - Filling up the DagBag from /home/airflow/.local/lib/python3.12/site-packages/airflow/example_dags/example_branch_operator.py
[2024-05-06T04:57:21.205+0000] {processor.py:840} INFO - DAG(s) 'example_branch_operator' retrieved from /home/airflow/.local/lib/python3.12/site-packages/airflow/example_dags/example_branch_operator.py
[2024-05-06T04:57:21.229+0000] {logging_mixin.py:188} INFO - [2024-05-06T04:57:21.229+0000] {dag.py:3096} INFO - Sync 1 DAGs
[2024-05-06T04:57:21.247+0000] {logging_mixin.py:188} INFO - [2024-05-06T04:57:21.247+0000] {dag.py:3954} INFO - Setting next_dagrun for example_branch_operator to 2024-05-05 00:00:00+00:00, run_after=2024-05-06 00:00:00+00:00
[2024-05-06T04:57:21.268+0000] {processor.py:183} INFO - Processing /home/airflow/.local/lib/python3.12/site-packages/airflow/example_dags/example_branch_operator.py took 0.085 seconds
[2024-05-06T04:57:51.588+0000] {processor.py:161} INFO - Started process (PID=4269) to work on /home/airflow/.local/lib/python3.12/site-packages/airflow/example_dags/example_branch_operator.py
[2024-05-06T04:57:51.588+0000] {processor.py:830} INFO - Processing file /home/airflow/.local/lib/python3.12/site-packages/airflow/example_dags/example_branch_operator.py for tasks to queue
[2024-05-06T04:57:51.590+0000] {logging_mixin.py:188} INFO - [2024-05-06T04:57:51.589+0000] {dagbag.py:540} INFO - Filling up the DagBag from /home/airflow/.local/lib/python3.12/site-packages/airflow/example_dags/example_branch_operator.py
[2024-05-06T04:57:51.604+0000] {processor.py:840} INFO - DAG(s) 'example_branch_operator' retrieved from /home/airflow/.local/lib/python3.12/site-packages/airflow/example_dags/example_branch_operator.py
[2024-05-06T04:57:51.636+0000] {logging_mixin.py:188} INFO - [2024-05-06T04:57:51.636+0000] {dag.py:3096} INFO - Sync 1 DAGs
[2024-05-06T04:57:51.656+0000] {logging_mixin.py:188} INFO - [2024-05-06T04:57:51.656+0000] {dag.py:3954} INFO - Setting next_dagrun for example_branch_operator to 2024-05-05 00:00:00+00:00, run_after=2024-05-06 00:00:00+00:00
[2024-05-06T04:57:51.675+0000] {processor.py:183} INFO - Processing /home/airflow/.local/lib/python3.12/site-packages/airflow/example_dags/example_branch_operator.py took 0.092 seconds
[2024-05-06T04:58:21.777+0000] {processor.py:161} INFO - Started process (PID=4529) to work on /home/airflow/.local/lib/python3.12/site-packages/airflow/example_dags/example_branch_operator.py
[2024-05-06T04:58:21.777+0000] {processor.py:830} INFO - Processing file /home/airflow/.local/lib/python3.12/site-packages/airflow/example_dags/example_branch_operator.py for tasks to queue
[2024-05-06T04:58:21.779+0000] {logging_mixin.py:188} INFO - [2024-05-06T04:58:21.779+0000] {dagbag.py:540} INFO - Filling up the DagBag from /home/airflow/.local/lib/python3.12/site-packages/airflow/example_dags/example_branch_operator.py
[2024-05-06T04:58:21.795+0000] {processor.py:840} INFO - DAG(s) 'example_branch_operator' retrieved from /home/airflow/.local/lib/python3.12/site-packages/airflow/example_dags/example_branch_operator.py
[2024-05-06T04:58:21.819+0000] {logging_mixin.py:188} INFO - [2024-05-06T04:58:21.819+0000] {dag.py:3096} INFO - Sync 1 DAGs
[2024-05-06T04:58:21.837+0000] {logging_mixin.py:188} INFO - [2024-05-06T04:58:21.837+0000] {dag.py:3954} INFO - Setting next_dagrun for example_branch_operator to 2024-05-05 00:00:00+00:00, run_after=2024-05-06 00:00:00+00:00
[2024-05-06T04:58:21.857+0000] {processor.py:183} INFO - Processing /home/airflow/.local/lib/python3.12/site-packages/airflow/example_dags/example_branch_operator.py took 0.087 seconds
[2024-05-06T04:58:52.328+0000] {processor.py:161} INFO - Started process (PID=4793) to work on /home/airflow/.local/lib/python3.12/site-packages/airflow/example_dags/example_branch_operator.py
[2024-05-06T04:58:52.329+0000] {processor.py:830} INFO - Processing file /home/airflow/.local/lib/python3.12/site-packages/airflow/example_dags/example_branch_operator.py for tasks to queue
[2024-05-06T04:58:52.330+0000] {logging_mixin.py:188} INFO - [2024-05-06T04:58:52.330+0000] {dagbag.py:540} INFO - Filling up the DagBag from /home/airflow/.local/lib/python3.12/site-packages/airflow/example_dags/example_branch_operator.py
[2024-05-06T04:58:52.352+0000] {processor.py:840} INFO - DAG(s) 'example_branch_operator' retrieved from /home/airflow/.local/lib/python3.12/site-packages/airflow/example_dags/example_branch_operator.py
[2024-05-06T04:58:52.393+0000] {logging_mixin.py:188} INFO - [2024-05-06T04:58:52.392+0000] {dag.py:3096} INFO - Sync 1 DAGs
[2024-05-06T04:58:52.420+0000] {logging_mixin.py:188} INFO - [2024-05-06T04:58:52.420+0000] {dag.py:3954} INFO - Setting next_dagrun for example_branch_operator to 2024-05-05 00:00:00+00:00, run_after=2024-05-06 00:00:00+00:00
[2024-05-06T04:58:52.443+0000] {processor.py:183} INFO - Processing /home/airflow/.local/lib/python3.12/site-packages/airflow/example_dags/example_branch_operator.py took 0.122 seconds
[2024-05-06T04:59:22.978+0000] {processor.py:161} INFO - Started process (PID=5054) to work on /home/airflow/.local/lib/python3.12/site-packages/airflow/example_dags/example_branch_operator.py
[2024-05-06T04:59:22.979+0000] {processor.py:830} INFO - Processing file /home/airflow/.local/lib/python3.12/site-packages/airflow/example_dags/example_branch_operator.py for tasks to queue
[2024-05-06T04:59:22.980+0000] {logging_mixin.py:188} INFO - [2024-05-06T04:59:22.980+0000] {dagbag.py:540} INFO - Filling up the DagBag from /home/airflow/.local/lib/python3.12/site-packages/airflow/example_dags/example_branch_operator.py
[2024-05-06T04:59:23.001+0000] {processor.py:840} INFO - DAG(s) 'example_branch_operator' retrieved from /home/airflow/.local/lib/python3.12/site-packages/airflow/example_dags/example_branch_operator.py
[2024-05-06T04:59:23.040+0000] {logging_mixin.py:188} INFO - [2024-05-06T04:59:23.039+0000] {dag.py:3096} INFO - Sync 1 DAGs
[2024-05-06T04:59:23.068+0000] {logging_mixin.py:188} INFO - [2024-05-06T04:59:23.068+0000] {dag.py:3954} INFO - Setting next_dagrun for example_branch_operator to 2024-05-05 00:00:00+00:00, run_after=2024-05-06 00:00:00+00:00
[2024-05-06T04:59:23.091+0000] {processor.py:183} INFO - Processing /home/airflow/.local/lib/python3.12/site-packages/airflow/example_dags/example_branch_operator.py took 0.126 seconds
[2024-05-06T04:59:53.348+0000] {processor.py:161} INFO - Started process (PID=5318) to work on /home/airflow/.local/lib/python3.12/site-packages/airflow/example_dags/example_branch_operator.py
[2024-05-06T04:59:53.349+0000] {processor.py:830} INFO - Processing file /home/airflow/.local/lib/python3.12/site-packages/airflow/example_dags/example_branch_operator.py for tasks to queue
[2024-05-06T04:59:53.351+0000] {logging_mixin.py:188} INFO - [2024-05-06T04:59:53.350+0000] {dagbag.py:540} INFO - Filling up the DagBag from /home/airflow/.local/lib/python3.12/site-packages/airflow/example_dags/example_branch_operator.py
[2024-05-06T04:59:53.378+0000] {processor.py:840} INFO - DAG(s) 'example_branch_operator' retrieved from /home/airflow/.local/lib/python3.12/site-packages/airflow/example_dags/example_branch_operator.py
[2024-05-06T04:59:53.422+0000] {logging_mixin.py:188} INFO - [2024-05-06T04:59:53.421+0000] {dag.py:3096} INFO - Sync 1 DAGs
[2024-05-06T04:59:53.448+0000] {logging_mixin.py:188} INFO - [2024-05-06T04:59:53.448+0000] {dag.py:3954} INFO - Setting next_dagrun for example_branch_operator to 2024-05-05 00:00:00+00:00, run_after=2024-05-06 00:00:00+00:00
[2024-05-06T04:59:53.478+0000] {processor.py:183} INFO - Processing /home/airflow/.local/lib/python3.12/site-packages/airflow/example_dags/example_branch_operator.py took 0.137 seconds
[2024-05-06T05:00:23.758+0000] {processor.py:161} INFO - Started process (PID=5586) to work on /home/airflow/.local/lib/python3.12/site-packages/airflow/example_dags/example_branch_operator.py
[2024-05-06T05:00:23.759+0000] {processor.py:830} INFO - Processing file /home/airflow/.local/lib/python3.12/site-packages/airflow/example_dags/example_branch_operator.py for tasks to queue
[2024-05-06T05:00:23.761+0000] {logging_mixin.py:188} INFO - [2024-05-06T05:00:23.760+0000] {dagbag.py:540} INFO - Filling up the DagBag from /home/airflow/.local/lib/python3.12/site-packages/airflow/example_dags/example_branch_operator.py
[2024-05-06T05:00:23.792+0000] {processor.py:840} INFO - DAG(s) 'example_branch_operator' retrieved from /home/airflow/.local/lib/python3.12/site-packages/airflow/example_dags/example_branch_operator.py
[2024-05-06T05:00:23.842+0000] {logging_mixin.py:188} INFO - [2024-05-06T05:00:23.842+0000] {dag.py:3096} INFO - Sync 1 DAGs
[2024-05-06T05:00:23.891+0000] {logging_mixin.py:188} INFO - [2024-05-06T05:00:23.891+0000] {dag.py:3954} INFO - Setting next_dagrun for example_branch_operator to 2024-05-05 00:00:00+00:00, run_after=2024-05-06 00:00:00+00:00
[2024-05-06T05:00:23.916+0000] {processor.py:183} INFO - Processing /home/airflow/.local/lib/python3.12/site-packages/airflow/example_dags/example_branch_operator.py took 0.164 seconds
[2024-05-06T05:00:54.234+0000] {processor.py:161} INFO - Started process (PID=5853) to work on /home/airflow/.local/lib/python3.12/site-packages/airflow/example_dags/example_branch_operator.py
[2024-05-06T05:00:54.235+0000] {processor.py:830} INFO - Processing file /home/airflow/.local/lib/python3.12/site-packages/airflow/example_dags/example_branch_operator.py for tasks to queue
[2024-05-06T05:00:54.236+0000] {logging_mixin.py:188} INFO - [2024-05-06T05:00:54.236+0000] {dagbag.py:540} INFO - Filling up the DagBag from /home/airflow/.local/lib/python3.12/site-packages/airflow/example_dags/example_branch_operator.py
[2024-05-06T05:00:54.249+0000] {processor.py:840} INFO - DAG(s) 'example_branch_operator' retrieved from /home/airflow/.local/lib/python3.12/site-packages/airflow/example_dags/example_branch_operator.py
[2024-05-06T05:00:54.276+0000] {logging_mixin.py:188} INFO - [2024-05-06T05:00:54.276+0000] {dag.py:3096} INFO - Sync 1 DAGs
[2024-05-06T05:00:54.294+0000] {logging_mixin.py:188} INFO - [2024-05-06T05:00:54.294+0000] {dag.py:3954} INFO - Setting next_dagrun for example_branch_operator to 2024-05-05 00:00:00+00:00, run_after=2024-05-06 00:00:00+00:00
[2024-05-06T05:00:54.314+0000] {processor.py:183} INFO - Processing /home/airflow/.local/lib/python3.12/site-packages/airflow/example_dags/example_branch_operator.py took 0.084 seconds
[2024-05-06T05:01:24.719+0000] {processor.py:161} INFO - Started process (PID=6120) to work on /home/airflow/.local/lib/python3.12/site-packages/airflow/example_dags/example_branch_operator.py
[2024-05-06T05:01:24.723+0000] {processor.py:830} INFO - Processing file /home/airflow/.local/lib/python3.12/site-packages/airflow/example_dags/example_branch_operator.py for tasks to queue
[2024-05-06T05:01:24.727+0000] {logging_mixin.py:188} INFO - [2024-05-06T05:01:24.727+0000] {dagbag.py:540} INFO - Filling up the DagBag from /home/airflow/.local/lib/python3.12/site-packages/airflow/example_dags/example_branch_operator.py
[2024-05-06T05:01:24.765+0000] {processor.py:840} INFO - DAG(s) 'example_branch_operator' retrieved from /home/airflow/.local/lib/python3.12/site-packages/airflow/example_dags/example_branch_operator.py
[2024-05-06T05:01:24.820+0000] {logging_mixin.py:188} INFO - [2024-05-06T05:01:24.820+0000] {dag.py:3096} INFO - Sync 1 DAGs
[2024-05-06T05:01:24.847+0000] {logging_mixin.py:188} INFO - [2024-05-06T05:01:24.847+0000] {dag.py:3954} INFO - Setting next_dagrun for example_branch_operator to 2024-05-05 00:00:00+00:00, run_after=2024-05-06 00:00:00+00:00
[2024-05-06T05:01:24.871+0000] {processor.py:183} INFO - Processing /home/airflow/.local/lib/python3.12/site-packages/airflow/example_dags/example_branch_operator.py took 0.162 seconds
[2024-05-06T05:01:54.904+0000] {processor.py:161} INFO - Started process (PID=6388) to work on /home/airflow/.local/lib/python3.12/site-packages/airflow/example_dags/example_branch_operator.py
[2024-05-06T05:01:54.905+0000] {processor.py:830} INFO - Processing file /home/airflow/.local/lib/python3.12/site-packages/airflow/example_dags/example_branch_operator.py for tasks to queue
[2024-05-06T05:01:54.906+0000] {logging_mixin.py:188} INFO - [2024-05-06T05:01:54.906+0000] {dagbag.py:540} INFO - Filling up the DagBag from /home/airflow/.local/lib/python3.12/site-packages/airflow/example_dags/example_branch_operator.py
[2024-05-06T05:01:54.920+0000] {processor.py:840} INFO - DAG(s) 'example_branch_operator' retrieved from /home/airflow/.local/lib/python3.12/site-packages/airflow/example_dags/example_branch_operator.py
[2024-05-06T05:01:54.946+0000] {logging_mixin.py:188} INFO - [2024-05-06T05:01:54.946+0000] {dag.py:3096} INFO - Sync 1 DAGs
[2024-05-06T05:01:54.980+0000] {logging_mixin.py:188} INFO - [2024-05-06T05:01:54.979+0000] {dag.py:3954} INFO - Setting next_dagrun for example_branch_operator to 2024-05-05 00:00:00+00:00, run_after=2024-05-06 00:00:00+00:00
[2024-05-06T05:01:55.017+0000] {processor.py:183} INFO - Processing /home/airflow/.local/lib/python3.12/site-packages/airflow/example_dags/example_branch_operator.py took 0.119 seconds
[2024-05-06T05:02:25.497+0000] {processor.py:161} INFO - Started process (PID=6656) to work on /home/airflow/.local/lib/python3.12/site-packages/airflow/example_dags/example_branch_operator.py
[2024-05-06T05:02:25.502+0000] {processor.py:830} INFO - Processing file /home/airflow/.local/lib/python3.12/site-packages/airflow/example_dags/example_branch_operator.py for tasks to queue
[2024-05-06T05:02:25.507+0000] {logging_mixin.py:188} INFO - [2024-05-06T05:02:25.506+0000] {dagbag.py:540} INFO - Filling up the DagBag from /home/airflow/.local/lib/python3.12/site-packages/airflow/example_dags/example_branch_operator.py
[2024-05-06T05:02:25.528+0000] {processor.py:840} INFO - DAG(s) 'example_branch_operator' retrieved from /home/airflow/.local/lib/python3.12/site-packages/airflow/example_dags/example_branch_operator.py
[2024-05-06T05:02:25.567+0000] {logging_mixin.py:188} INFO - [2024-05-06T05:02:25.567+0000] {dag.py:3096} INFO - Sync 1 DAGs
[2024-05-06T05:02:25.602+0000] {logging_mixin.py:188} INFO - [2024-05-06T05:02:25.601+0000] {dag.py:3954} INFO - Setting next_dagrun for example_branch_operator to 2024-05-05 00:00:00+00:00, run_after=2024-05-06 00:00:00+00:00
[2024-05-06T05:02:25.630+0000] {processor.py:183} INFO - Processing /home/airflow/.local/lib/python3.12/site-packages/airflow/example_dags/example_branch_operator.py took 0.160 seconds
[2024-05-06T05:02:55.944+0000] {processor.py:161} INFO - Started process (PID=6924) to work on /home/airflow/.local/lib/python3.12/site-packages/airflow/example_dags/example_branch_operator.py
[2024-05-06T05:02:55.945+0000] {processor.py:830} INFO - Processing file /home/airflow/.local/lib/python3.12/site-packages/airflow/example_dags/example_branch_operator.py for tasks to queue
[2024-05-06T05:02:55.946+0000] {logging_mixin.py:188} INFO - [2024-05-06T05:02:55.946+0000] {dagbag.py:540} INFO - Filling up the DagBag from /home/airflow/.local/lib/python3.12/site-packages/airflow/example_dags/example_branch_operator.py
[2024-05-06T05:02:55.962+0000] {processor.py:840} INFO - DAG(s) 'example_branch_operator' retrieved from /home/airflow/.local/lib/python3.12/site-packages/airflow/example_dags/example_branch_operator.py
[2024-05-06T05:02:55.986+0000] {logging_mixin.py:188} INFO - [2024-05-06T05:02:55.986+0000] {dag.py:3096} INFO - Sync 1 DAGs
[2024-05-06T05:02:56.005+0000] {logging_mixin.py:188} INFO - [2024-05-06T05:02:56.005+0000] {dag.py:3954} INFO - Setting next_dagrun for example_branch_operator to 2024-05-05 00:00:00+00:00, run_after=2024-05-06 00:00:00+00:00
[2024-05-06T05:02:56.025+0000] {processor.py:183} INFO - Processing /home/airflow/.local/lib/python3.12/site-packages/airflow/example_dags/example_branch_operator.py took 0.086 seconds
[2024-05-06T05:03:26.515+0000] {processor.py:161} INFO - Started process (PID=7191) to work on /home/airflow/.local/lib/python3.12/site-packages/airflow/example_dags/example_branch_operator.py
[2024-05-06T05:03:26.516+0000] {processor.py:830} INFO - Processing file /home/airflow/.local/lib/python3.12/site-packages/airflow/example_dags/example_branch_operator.py for tasks to queue
[2024-05-06T05:03:26.518+0000] {logging_mixin.py:188} INFO - [2024-05-06T05:03:26.517+0000] {dagbag.py:540} INFO - Filling up the DagBag from /home/airflow/.local/lib/python3.12/site-packages/airflow/example_dags/example_branch_operator.py
[2024-05-06T05:03:26.538+0000] {processor.py:840} INFO - DAG(s) 'example_branch_operator' retrieved from /home/airflow/.local/lib/python3.12/site-packages/airflow/example_dags/example_branch_operator.py
[2024-05-06T05:03:26.581+0000] {logging_mixin.py:188} INFO - [2024-05-06T05:03:26.581+0000] {dag.py:3096} INFO - Sync 1 DAGs
[2024-05-06T05:03:26.770+0000] {logging_mixin.py:188} INFO - [2024-05-06T05:03:26.770+0000] {dag.py:3954} INFO - Setting next_dagrun for example_branch_operator to 2024-05-05 00:00:00+00:00, run_after=2024-05-06 00:00:00+00:00
[2024-05-06T05:03:26.800+0000] {processor.py:183} INFO - Processing /home/airflow/.local/lib/python3.12/site-packages/airflow/example_dags/example_branch_operator.py took 0.294 seconds
[2024-05-06T05:03:57.795+0000] {processor.py:161} INFO - Started process (PID=7458) to work on /home/airflow/.local/lib/python3.12/site-packages/airflow/example_dags/example_branch_operator.py
[2024-05-06T05:03:57.797+0000] {processor.py:830} INFO - Processing file /home/airflow/.local/lib/python3.12/site-packages/airflow/example_dags/example_branch_operator.py for tasks to queue
[2024-05-06T05:03:57.799+0000] {logging_mixin.py:188} INFO - [2024-05-06T05:03:57.799+0000] {dagbag.py:540} INFO - Filling up the DagBag from /home/airflow/.local/lib/python3.12/site-packages/airflow/example_dags/example_branch_operator.py
[2024-05-06T05:03:57.821+0000] {processor.py:840} INFO - DAG(s) 'example_branch_operator' retrieved from /home/airflow/.local/lib/python3.12/site-packages/airflow/example_dags/example_branch_operator.py
[2024-05-06T05:03:57.856+0000] {logging_mixin.py:188} INFO - [2024-05-06T05:03:57.856+0000] {dag.py:3096} INFO - Sync 1 DAGs
[2024-05-06T05:03:57.882+0000] {logging_mixin.py:188} INFO - [2024-05-06T05:03:57.882+0000] {dag.py:3954} INFO - Setting next_dagrun for example_branch_operator to 2024-05-05 00:00:00+00:00, run_after=2024-05-06 00:00:00+00:00
[2024-05-06T05:03:58.072+0000] {processor.py:183} INFO - Processing /home/airflow/.local/lib/python3.12/site-packages/airflow/example_dags/example_branch_operator.py took 0.283 seconds
[2024-05-06T05:04:28.154+0000] {processor.py:161} INFO - Started process (PID=7725) to work on /home/airflow/.local/lib/python3.12/site-packages/airflow/example_dags/example_branch_operator.py
[2024-05-06T05:04:28.155+0000] {processor.py:830} INFO - Processing file /home/airflow/.local/lib/python3.12/site-packages/airflow/example_dags/example_branch_operator.py for tasks to queue
[2024-05-06T05:04:28.157+0000] {logging_mixin.py:188} INFO - [2024-05-06T05:04:28.157+0000] {dagbag.py:540} INFO - Filling up the DagBag from /home/airflow/.local/lib/python3.12/site-packages/airflow/example_dags/example_branch_operator.py
[2024-05-06T05:04:28.178+0000] {processor.py:840} INFO - DAG(s) 'example_branch_operator' retrieved from /home/airflow/.local/lib/python3.12/site-packages/airflow/example_dags/example_branch_operator.py
[2024-05-06T05:04:28.214+0000] {logging_mixin.py:188} INFO - [2024-05-06T05:04:28.214+0000] {dag.py:3096} INFO - Sync 1 DAGs
[2024-05-06T05:04:28.242+0000] {logging_mixin.py:188} INFO - [2024-05-06T05:04:28.242+0000] {dag.py:3954} INFO - Setting next_dagrun for example_branch_operator to 2024-05-05 00:00:00+00:00, run_after=2024-05-06 00:00:00+00:00
[2024-05-06T05:04:28.273+0000] {processor.py:183} INFO - Processing /home/airflow/.local/lib/python3.12/site-packages/airflow/example_dags/example_branch_operator.py took 0.125 seconds
[2024-05-06T05:04:58.395+0000] {processor.py:161} INFO - Started process (PID=7992) to work on /home/airflow/.local/lib/python3.12/site-packages/airflow/example_dags/example_branch_operator.py
[2024-05-06T05:04:58.396+0000] {processor.py:830} INFO - Processing file /home/airflow/.local/lib/python3.12/site-packages/airflow/example_dags/example_branch_operator.py for tasks to queue
[2024-05-06T05:04:58.398+0000] {logging_mixin.py:188} INFO - [2024-05-06T05:04:58.398+0000] {dagbag.py:540} INFO - Filling up the DagBag from /home/airflow/.local/lib/python3.12/site-packages/airflow/example_dags/example_branch_operator.py
[2024-05-06T05:04:58.420+0000] {processor.py:840} INFO - DAG(s) 'example_branch_operator' retrieved from /home/airflow/.local/lib/python3.12/site-packages/airflow/example_dags/example_branch_operator.py
[2024-05-06T05:04:58.458+0000] {logging_mixin.py:188} INFO - [2024-05-06T05:04:58.458+0000] {dag.py:3096} INFO - Sync 1 DAGs
[2024-05-06T05:04:58.484+0000] {logging_mixin.py:188} INFO - [2024-05-06T05:04:58.484+0000] {dag.py:3954} INFO - Setting next_dagrun for example_branch_operator to 2024-05-05 00:00:00+00:00, run_after=2024-05-06 00:00:00+00:00
[2024-05-06T05:04:58.511+0000] {processor.py:183} INFO - Processing /home/airflow/.local/lib/python3.12/site-packages/airflow/example_dags/example_branch_operator.py took 0.122 seconds
[2024-05-06T05:05:28.621+0000] {processor.py:161} INFO - Started process (PID=8264) to work on /home/airflow/.local/lib/python3.12/site-packages/airflow/example_dags/example_branch_operator.py
[2024-05-06T05:05:28.622+0000] {processor.py:830} INFO - Processing file /home/airflow/.local/lib/python3.12/site-packages/airflow/example_dags/example_branch_operator.py for tasks to queue
[2024-05-06T05:05:28.624+0000] {logging_mixin.py:188} INFO - [2024-05-06T05:05:28.623+0000] {dagbag.py:540} INFO - Filling up the DagBag from /home/airflow/.local/lib/python3.12/site-packages/airflow/example_dags/example_branch_operator.py
[2024-05-06T05:05:28.644+0000] {processor.py:840} INFO - DAG(s) 'example_branch_operator' retrieved from /home/airflow/.local/lib/python3.12/site-packages/airflow/example_dags/example_branch_operator.py
[2024-05-06T05:05:28.698+0000] {logging_mixin.py:188} INFO - [2024-05-06T05:05:28.698+0000] {dag.py:3096} INFO - Sync 1 DAGs
[2024-05-06T05:05:28.724+0000] {logging_mixin.py:188} INFO - [2024-05-06T05:05:28.724+0000] {dag.py:3954} INFO - Setting next_dagrun for example_branch_operator to 2024-05-05 00:00:00+00:00, run_after=2024-05-06 00:00:00+00:00
[2024-05-06T05:05:28.747+0000] {processor.py:183} INFO - Processing /home/airflow/.local/lib/python3.12/site-packages/airflow/example_dags/example_branch_operator.py took 0.133 seconds
[2024-05-06T05:05:59.018+0000] {processor.py:161} INFO - Started process (PID=8536) to work on /home/airflow/.local/lib/python3.12/site-packages/airflow/example_dags/example_branch_operator.py
[2024-05-06T05:05:59.020+0000] {processor.py:830} INFO - Processing file /home/airflow/.local/lib/python3.12/site-packages/airflow/example_dags/example_branch_operator.py for tasks to queue
[2024-05-06T05:05:59.022+0000] {logging_mixin.py:188} INFO - [2024-05-06T05:05:59.022+0000] {dagbag.py:540} INFO - Filling up the DagBag from /home/airflow/.local/lib/python3.12/site-packages/airflow/example_dags/example_branch_operator.py
[2024-05-06T05:05:59.043+0000] {processor.py:840} INFO - DAG(s) 'example_branch_operator' retrieved from /home/airflow/.local/lib/python3.12/site-packages/airflow/example_dags/example_branch_operator.py
[2024-05-06T05:05:59.088+0000] {logging_mixin.py:188} INFO - [2024-05-06T05:05:59.088+0000] {dag.py:3096} INFO - Sync 1 DAGs
[2024-05-06T05:05:59.139+0000] {logging_mixin.py:188} INFO - [2024-05-06T05:05:59.138+0000] {dag.py:3954} INFO - Setting next_dagrun for example_branch_operator to 2024-05-05 00:00:00+00:00, run_after=2024-05-06 00:00:00+00:00
[2024-05-06T05:05:59.179+0000] {processor.py:183} INFO - Processing /home/airflow/.local/lib/python3.12/site-packages/airflow/example_dags/example_branch_operator.py took 0.168 seconds
[2024-05-06T05:06:29.325+0000] {processor.py:161} INFO - Started process (PID=8808) to work on /home/airflow/.local/lib/python3.12/site-packages/airflow/example_dags/example_branch_operator.py
[2024-05-06T05:06:29.326+0000] {processor.py:830} INFO - Processing file /home/airflow/.local/lib/python3.12/site-packages/airflow/example_dags/example_branch_operator.py for tasks to queue
[2024-05-06T05:06:29.328+0000] {logging_mixin.py:188} INFO - [2024-05-06T05:06:29.327+0000] {dagbag.py:540} INFO - Filling up the DagBag from /home/airflow/.local/lib/python3.12/site-packages/airflow/example_dags/example_branch_operator.py
[2024-05-06T05:06:29.349+0000] {processor.py:840} INFO - DAG(s) 'example_branch_operator' retrieved from /home/airflow/.local/lib/python3.12/site-packages/airflow/example_dags/example_branch_operator.py
[2024-05-06T05:06:29.384+0000] {logging_mixin.py:188} INFO - [2024-05-06T05:06:29.384+0000] {dag.py:3096} INFO - Sync 1 DAGs
[2024-05-06T05:06:29.412+0000] {logging_mixin.py:188} INFO - [2024-05-06T05:06:29.412+0000] {dag.py:3954} INFO - Setting next_dagrun for example_branch_operator to 2024-05-05 00:00:00+00:00, run_after=2024-05-06 00:00:00+00:00
[2024-05-06T05:06:29.435+0000] {processor.py:183} INFO - Processing /home/airflow/.local/lib/python3.12/site-packages/airflow/example_dags/example_branch_operator.py took 0.116 seconds
[2024-05-06T05:07:00.018+0000] {processor.py:161} INFO - Started process (PID=9080) to work on /home/airflow/.local/lib/python3.12/site-packages/airflow/example_dags/example_branch_operator.py
[2024-05-06T05:07:00.018+0000] {processor.py:830} INFO - Processing file /home/airflow/.local/lib/python3.12/site-packages/airflow/example_dags/example_branch_operator.py for tasks to queue
[2024-05-06T05:07:00.020+0000] {logging_mixin.py:188} INFO - [2024-05-06T05:07:00.020+0000] {dagbag.py:540} INFO - Filling up the DagBag from /home/airflow/.local/lib/python3.12/site-packages/airflow/example_dags/example_branch_operator.py
[2024-05-06T05:07:00.048+0000] {processor.py:840} INFO - DAG(s) 'example_branch_operator' retrieved from /home/airflow/.local/lib/python3.12/site-packages/airflow/example_dags/example_branch_operator.py
[2024-05-06T05:07:00.085+0000] {logging_mixin.py:188} INFO - [2024-05-06T05:07:00.085+0000] {dag.py:3096} INFO - Sync 1 DAGs
[2024-05-06T05:07:00.115+0000] {logging_mixin.py:188} INFO - [2024-05-06T05:07:00.114+0000] {dag.py:3954} INFO - Setting next_dagrun for example_branch_operator to 2024-05-05 00:00:00+00:00, run_after=2024-05-06 00:00:00+00:00
[2024-05-06T05:07:00.139+0000] {processor.py:183} INFO - Processing /home/airflow/.local/lib/python3.12/site-packages/airflow/example_dags/example_branch_operator.py took 0.128 seconds
[2024-05-06T05:07:30.804+0000] {processor.py:161} INFO - Started process (PID=9354) to work on /home/airflow/.local/lib/python3.12/site-packages/airflow/example_dags/example_branch_operator.py
[2024-05-06T05:07:30.806+0000] {processor.py:830} INFO - Processing file /home/airflow/.local/lib/python3.12/site-packages/airflow/example_dags/example_branch_operator.py for tasks to queue
[2024-05-06T05:07:30.808+0000] {logging_mixin.py:188} INFO - [2024-05-06T05:07:30.808+0000] {dagbag.py:540} INFO - Filling up the DagBag from /home/airflow/.local/lib/python3.12/site-packages/airflow/example_dags/example_branch_operator.py
[2024-05-06T05:07:30.830+0000] {processor.py:840} INFO - DAG(s) 'example_branch_operator' retrieved from /home/airflow/.local/lib/python3.12/site-packages/airflow/example_dags/example_branch_operator.py
[2024-05-06T05:07:30.865+0000] {logging_mixin.py:188} INFO - [2024-05-06T05:07:30.864+0000] {dag.py:3096} INFO - Sync 1 DAGs
[2024-05-06T05:07:30.891+0000] {logging_mixin.py:188} INFO - [2024-05-06T05:07:30.891+0000] {dag.py:3954} INFO - Setting next_dagrun for example_branch_operator to 2024-05-05 00:00:00+00:00, run_after=2024-05-06 00:00:00+00:00
[2024-05-06T05:07:30.914+0000] {processor.py:183} INFO - Processing /home/airflow/.local/lib/python3.12/site-packages/airflow/example_dags/example_branch_operator.py took 0.117 seconds
[2024-05-06T05:08:01.515+0000] {processor.py:161} INFO - Started process (PID=9627) to work on /home/airflow/.local/lib/python3.12/site-packages/airflow/example_dags/example_branch_operator.py
[2024-05-06T05:08:01.516+0000] {processor.py:830} INFO - Processing file /home/airflow/.local/lib/python3.12/site-packages/airflow/example_dags/example_branch_operator.py for tasks to queue
[2024-05-06T05:08:01.518+0000] {logging_mixin.py:188} INFO - [2024-05-06T05:08:01.518+0000] {dagbag.py:540} INFO - Filling up the DagBag from /home/airflow/.local/lib/python3.12/site-packages/airflow/example_dags/example_branch_operator.py
[2024-05-06T05:08:01.543+0000] {processor.py:840} INFO - DAG(s) 'example_branch_operator' retrieved from /home/airflow/.local/lib/python3.12/site-packages/airflow/example_dags/example_branch_operator.py
[2024-05-06T05:08:01.595+0000] {logging_mixin.py:188} INFO - [2024-05-06T05:08:01.595+0000] {dag.py:3096} INFO - Sync 1 DAGs
[2024-05-06T05:08:01.625+0000] {logging_mixin.py:188} INFO - [2024-05-06T05:08:01.625+0000] {dag.py:3954} INFO - Setting next_dagrun for example_branch_operator to 2024-05-05 00:00:00+00:00, run_after=2024-05-06 00:00:00+00:00
[2024-05-06T05:08:01.655+0000] {processor.py:183} INFO - Processing /home/airflow/.local/lib/python3.12/site-packages/airflow/example_dags/example_branch_operator.py took 0.146 seconds
[2024-05-06T05:08:32.057+0000] {processor.py:161} INFO - Started process (PID=9899) to work on /home/airflow/.local/lib/python3.12/site-packages/airflow/example_dags/example_branch_operator.py
[2024-05-06T05:08:32.059+0000] {processor.py:830} INFO - Processing file /home/airflow/.local/lib/python3.12/site-packages/airflow/example_dags/example_branch_operator.py for tasks to queue
[2024-05-06T05:08:32.061+0000] {logging_mixin.py:188} INFO - [2024-05-06T05:08:32.060+0000] {dagbag.py:540} INFO - Filling up the DagBag from /home/airflow/.local/lib/python3.12/site-packages/airflow/example_dags/example_branch_operator.py
[2024-05-06T05:08:32.081+0000] {processor.py:840} INFO - DAG(s) 'example_branch_operator' retrieved from /home/airflow/.local/lib/python3.12/site-packages/airflow/example_dags/example_branch_operator.py
[2024-05-06T05:08:32.117+0000] {logging_mixin.py:188} INFO - [2024-05-06T05:08:32.117+0000] {dag.py:3096} INFO - Sync 1 DAGs
[2024-05-06T05:08:32.145+0000] {logging_mixin.py:188} INFO - [2024-05-06T05:08:32.144+0000] {dag.py:3954} INFO - Setting next_dagrun for example_branch_operator to 2024-05-05 00:00:00+00:00, run_after=2024-05-06 00:00:00+00:00
[2024-05-06T05:08:32.166+0000] {processor.py:183} INFO - Processing /home/airflow/.local/lib/python3.12/site-packages/airflow/example_dags/example_branch_operator.py took 0.116 seconds
[2024-05-06T05:09:02.618+0000] {processor.py:161} INFO - Started process (PID=10171) to work on /home/airflow/.local/lib/python3.12/site-packages/airflow/example_dags/example_branch_operator.py
[2024-05-06T05:09:02.619+0000] {processor.py:830} INFO - Processing file /home/airflow/.local/lib/python3.12/site-packages/airflow/example_dags/example_branch_operator.py for tasks to queue
[2024-05-06T05:09:02.621+0000] {logging_mixin.py:188} INFO - [2024-05-06T05:09:02.621+0000] {dagbag.py:540} INFO - Filling up the DagBag from /home/airflow/.local/lib/python3.12/site-packages/airflow/example_dags/example_branch_operator.py
[2024-05-06T05:09:02.642+0000] {processor.py:840} INFO - DAG(s) 'example_branch_operator' retrieved from /home/airflow/.local/lib/python3.12/site-packages/airflow/example_dags/example_branch_operator.py
[2024-05-06T05:09:02.679+0000] {logging_mixin.py:188} INFO - [2024-05-06T05:09:02.679+0000] {dag.py:3096} INFO - Sync 1 DAGs
[2024-05-06T05:09:02.707+0000] {logging_mixin.py:188} INFO - [2024-05-06T05:09:02.707+0000] {dag.py:3954} INFO - Setting next_dagrun for example_branch_operator to 2024-05-05 00:00:00+00:00, run_after=2024-05-06 00:00:00+00:00
[2024-05-06T05:09:02.731+0000] {processor.py:183} INFO - Processing /home/airflow/.local/lib/python3.12/site-packages/airflow/example_dags/example_branch_operator.py took 0.121 seconds
[2024-05-06T05:09:32.989+0000] {processor.py:161} INFO - Started process (PID=10443) to work on /home/airflow/.local/lib/python3.12/site-packages/airflow/example_dags/example_branch_operator.py
[2024-05-06T05:09:32.990+0000] {processor.py:830} INFO - Processing file /home/airflow/.local/lib/python3.12/site-packages/airflow/example_dags/example_branch_operator.py for tasks to queue
[2024-05-06T05:09:32.992+0000] {logging_mixin.py:188} INFO - [2024-05-06T05:09:32.991+0000] {dagbag.py:540} INFO - Filling up the DagBag from /home/airflow/.local/lib/python3.12/site-packages/airflow/example_dags/example_branch_operator.py
[2024-05-06T05:09:33.017+0000] {processor.py:840} INFO - DAG(s) 'example_branch_operator' retrieved from /home/airflow/.local/lib/python3.12/site-packages/airflow/example_dags/example_branch_operator.py
[2024-05-06T05:09:33.052+0000] {logging_mixin.py:188} INFO - [2024-05-06T05:09:33.052+0000] {dag.py:3096} INFO - Sync 1 DAGs
[2024-05-06T05:09:33.079+0000] {logging_mixin.py:188} INFO - [2024-05-06T05:09:33.079+0000] {dag.py:3954} INFO - Setting next_dagrun for example_branch_operator to 2024-05-05 00:00:00+00:00, run_after=2024-05-06 00:00:00+00:00
[2024-05-06T05:09:33.102+0000] {processor.py:183} INFO - Processing /home/airflow/.local/lib/python3.12/site-packages/airflow/example_dags/example_branch_operator.py took 0.120 seconds
[2024-05-06T05:10:03.661+0000] {processor.py:161} INFO - Started process (PID=10715) to work on /home/airflow/.local/lib/python3.12/site-packages/airflow/example_dags/example_branch_operator.py
[2024-05-06T05:10:03.662+0000] {processor.py:830} INFO - Processing file /home/airflow/.local/lib/python3.12/site-packages/airflow/example_dags/example_branch_operator.py for tasks to queue
[2024-05-06T05:10:03.664+0000] {logging_mixin.py:188} INFO - [2024-05-06T05:10:03.663+0000] {dagbag.py:540} INFO - Filling up the DagBag from /home/airflow/.local/lib/python3.12/site-packages/airflow/example_dags/example_branch_operator.py
[2024-05-06T05:10:03.686+0000] {processor.py:840} INFO - DAG(s) 'example_branch_operator' retrieved from /home/airflow/.local/lib/python3.12/site-packages/airflow/example_dags/example_branch_operator.py
[2024-05-06T05:10:03.745+0000] {logging_mixin.py:188} INFO - [2024-05-06T05:10:03.745+0000] {dag.py:3096} INFO - Sync 1 DAGs
[2024-05-06T05:10:03.783+0000] {logging_mixin.py:188} INFO - [2024-05-06T05:10:03.783+0000] {dag.py:3954} INFO - Setting next_dagrun for example_branch_operator to 2024-05-05 00:00:00+00:00, run_after=2024-05-06 00:00:00+00:00
[2024-05-06T05:10:03.823+0000] {processor.py:183} INFO - Processing /home/airflow/.local/lib/python3.12/site-packages/airflow/example_dags/example_branch_operator.py took 0.169 seconds
[2024-05-06T05:10:33.993+0000] {processor.py:161} INFO - Started process (PID=10987) to work on /home/airflow/.local/lib/python3.12/site-packages/airflow/example_dags/example_branch_operator.py
[2024-05-06T05:10:33.994+0000] {processor.py:830} INFO - Processing file /home/airflow/.local/lib/python3.12/site-packages/airflow/example_dags/example_branch_operator.py for tasks to queue
[2024-05-06T05:10:33.996+0000] {logging_mixin.py:188} INFO - [2024-05-06T05:10:33.996+0000] {dagbag.py:540} INFO - Filling up the DagBag from /home/airflow/.local/lib/python3.12/site-packages/airflow/example_dags/example_branch_operator.py
[2024-05-06T05:10:34.043+0000] {processor.py:840} INFO - DAG(s) 'example_branch_operator' retrieved from /home/airflow/.local/lib/python3.12/site-packages/airflow/example_dags/example_branch_operator.py
[2024-05-06T05:10:34.088+0000] {logging_mixin.py:188} INFO - [2024-05-06T05:10:34.088+0000] {dag.py:3096} INFO - Sync 1 DAGs
[2024-05-06T05:10:34.118+0000] {logging_mixin.py:188} INFO - [2024-05-06T05:10:34.118+0000] {dag.py:3954} INFO - Setting next_dagrun for example_branch_operator to 2024-05-05 00:00:00+00:00, run_after=2024-05-06 00:00:00+00:00
[2024-05-06T05:10:34.145+0000] {processor.py:183} INFO - Processing /home/airflow/.local/lib/python3.12/site-packages/airflow/example_dags/example_branch_operator.py took 0.160 seconds
[2024-05-06T05:11:04.331+0000] {processor.py:161} INFO - Started process (PID=11259) to work on /home/airflow/.local/lib/python3.12/site-packages/airflow/example_dags/example_branch_operator.py
[2024-05-06T05:11:04.332+0000] {processor.py:830} INFO - Processing file /home/airflow/.local/lib/python3.12/site-packages/airflow/example_dags/example_branch_operator.py for tasks to queue
[2024-05-06T05:11:04.333+0000] {logging_mixin.py:188} INFO - [2024-05-06T05:11:04.333+0000] {dagbag.py:540} INFO - Filling up the DagBag from /home/airflow/.local/lib/python3.12/site-packages/airflow/example_dags/example_branch_operator.py
[2024-05-06T05:11:04.354+0000] {processor.py:840} INFO - DAG(s) 'example_branch_operator' retrieved from /home/airflow/.local/lib/python3.12/site-packages/airflow/example_dags/example_branch_operator.py
[2024-05-06T05:11:04.394+0000] {logging_mixin.py:188} INFO - [2024-05-06T05:11:04.393+0000] {dag.py:3096} INFO - Sync 1 DAGs
[2024-05-06T05:11:04.420+0000] {logging_mixin.py:188} INFO - [2024-05-06T05:11:04.420+0000] {dag.py:3954} INFO - Setting next_dagrun for example_branch_operator to 2024-05-05 00:00:00+00:00, run_after=2024-05-06 00:00:00+00:00
[2024-05-06T05:11:04.443+0000] {processor.py:183} INFO - Processing /home/airflow/.local/lib/python3.12/site-packages/airflow/example_dags/example_branch_operator.py took 0.119 seconds
[2024-05-06T05:11:34.759+0000] {processor.py:161} INFO - Started process (PID=11524) to work on /home/airflow/.local/lib/python3.12/site-packages/airflow/example_dags/example_branch_operator.py
[2024-05-06T05:11:34.760+0000] {processor.py:830} INFO - Processing file /home/airflow/.local/lib/python3.12/site-packages/airflow/example_dags/example_branch_operator.py for tasks to queue
[2024-05-06T05:11:34.762+0000] {logging_mixin.py:188} INFO - [2024-05-06T05:11:34.762+0000] {dagbag.py:540} INFO - Filling up the DagBag from /home/airflow/.local/lib/python3.12/site-packages/airflow/example_dags/example_branch_operator.py
[2024-05-06T05:11:34.784+0000] {processor.py:840} INFO - DAG(s) 'example_branch_operator' retrieved from /home/airflow/.local/lib/python3.12/site-packages/airflow/example_dags/example_branch_operator.py
[2024-05-06T05:11:34.846+0000] {logging_mixin.py:188} INFO - [2024-05-06T05:11:34.846+0000] {dag.py:3096} INFO - Sync 1 DAGs
[2024-05-06T05:11:34.903+0000] {logging_mixin.py:188} INFO - [2024-05-06T05:11:34.903+0000] {dag.py:3954} INFO - Setting next_dagrun for example_branch_operator to 2024-05-05 00:00:00+00:00, run_after=2024-05-06 00:00:00+00:00
[2024-05-06T05:11:34.944+0000] {processor.py:183} INFO - Processing /home/airflow/.local/lib/python3.12/site-packages/airflow/example_dags/example_branch_operator.py took 0.192 seconds
[2024-05-06T05:12:05.087+0000] {processor.py:161} INFO - Started process (PID=11796) to work on /home/airflow/.local/lib/python3.12/site-packages/airflow/example_dags/example_branch_operator.py
[2024-05-06T05:12:05.094+0000] {processor.py:830} INFO - Processing file /home/airflow/.local/lib/python3.12/site-packages/airflow/example_dags/example_branch_operator.py for tasks to queue
[2024-05-06T05:12:05.099+0000] {logging_mixin.py:188} INFO - [2024-05-06T05:12:05.099+0000] {dagbag.py:540} INFO - Filling up the DagBag from /home/airflow/.local/lib/python3.12/site-packages/airflow/example_dags/example_branch_operator.py
[2024-05-06T05:12:05.149+0000] {processor.py:840} INFO - DAG(s) 'example_branch_operator' retrieved from /home/airflow/.local/lib/python3.12/site-packages/airflow/example_dags/example_branch_operator.py
[2024-05-06T05:12:05.186+0000] {logging_mixin.py:188} INFO - [2024-05-06T05:12:05.186+0000] {dag.py:3096} INFO - Sync 1 DAGs
[2024-05-06T05:12:05.231+0000] {logging_mixin.py:188} INFO - [2024-05-06T05:12:05.231+0000] {dag.py:3954} INFO - Setting next_dagrun for example_branch_operator to 2024-05-05 00:00:00+00:00, run_after=2024-05-06 00:00:00+00:00
[2024-05-06T05:12:05.271+0000] {processor.py:183} INFO - Processing /home/airflow/.local/lib/python3.12/site-packages/airflow/example_dags/example_branch_operator.py took 0.191 seconds
[2024-05-06T05:12:36.198+0000] {processor.py:161} INFO - Started process (PID=12068) to work on /home/airflow/.local/lib/python3.12/site-packages/airflow/example_dags/example_branch_operator.py
[2024-05-06T05:12:36.199+0000] {processor.py:830} INFO - Processing file /home/airflow/.local/lib/python3.12/site-packages/airflow/example_dags/example_branch_operator.py for tasks to queue
[2024-05-06T05:12:36.201+0000] {logging_mixin.py:188} INFO - [2024-05-06T05:12:36.201+0000] {dagbag.py:540} INFO - Filling up the DagBag from /home/airflow/.local/lib/python3.12/site-packages/airflow/example_dags/example_branch_operator.py
[2024-05-06T05:12:36.223+0000] {processor.py:840} INFO - DAG(s) 'example_branch_operator' retrieved from /home/airflow/.local/lib/python3.12/site-packages/airflow/example_dags/example_branch_operator.py
[2024-05-06T05:12:36.261+0000] {logging_mixin.py:188} INFO - [2024-05-06T05:12:36.260+0000] {dag.py:3096} INFO - Sync 1 DAGs
[2024-05-06T05:12:36.290+0000] {logging_mixin.py:188} INFO - [2024-05-06T05:12:36.289+0000] {dag.py:3954} INFO - Setting next_dagrun for example_branch_operator to 2024-05-05 00:00:00+00:00, run_after=2024-05-06 00:00:00+00:00
[2024-05-06T05:12:36.332+0000] {processor.py:183} INFO - Processing /home/airflow/.local/lib/python3.12/site-packages/airflow/example_dags/example_branch_operator.py took 0.141 seconds
[2024-05-06T05:13:07.234+0000] {processor.py:161} INFO - Started process (PID=12341) to work on /home/airflow/.local/lib/python3.12/site-packages/airflow/example_dags/example_branch_operator.py
[2024-05-06T05:13:07.236+0000] {processor.py:830} INFO - Processing file /home/airflow/.local/lib/python3.12/site-packages/airflow/example_dags/example_branch_operator.py for tasks to queue
[2024-05-06T05:13:07.237+0000] {logging_mixin.py:188} INFO - [2024-05-06T05:13:07.237+0000] {dagbag.py:540} INFO - Filling up the DagBag from /home/airflow/.local/lib/python3.12/site-packages/airflow/example_dags/example_branch_operator.py
[2024-05-06T05:13:07.259+0000] {processor.py:840} INFO - DAG(s) 'example_branch_operator' retrieved from /home/airflow/.local/lib/python3.12/site-packages/airflow/example_dags/example_branch_operator.py
[2024-05-06T05:13:07.302+0000] {logging_mixin.py:188} INFO - [2024-05-06T05:13:07.302+0000] {dag.py:3096} INFO - Sync 1 DAGs
[2024-05-06T05:13:07.332+0000] {logging_mixin.py:188} INFO - [2024-05-06T05:13:07.332+0000] {dag.py:3954} INFO - Setting next_dagrun for example_branch_operator to 2024-05-05 00:00:00+00:00, run_after=2024-05-06 00:00:00+00:00
[2024-05-06T05:13:07.357+0000] {processor.py:183} INFO - Processing /home/airflow/.local/lib/python3.12/site-packages/airflow/example_dags/example_branch_operator.py took 0.130 seconds
[2024-05-06T05:13:38.079+0000] {processor.py:161} INFO - Started process (PID=12614) to work on /home/airflow/.local/lib/python3.12/site-packages/airflow/example_dags/example_branch_operator.py
[2024-05-06T05:13:38.080+0000] {processor.py:830} INFO - Processing file /home/airflow/.local/lib/python3.12/site-packages/airflow/example_dags/example_branch_operator.py for tasks to queue
[2024-05-06T05:13:38.082+0000] {logging_mixin.py:188} INFO - [2024-05-06T05:13:38.082+0000] {dagbag.py:540} INFO - Filling up the DagBag from /home/airflow/.local/lib/python3.12/site-packages/airflow/example_dags/example_branch_operator.py
[2024-05-06T05:13:38.103+0000] {processor.py:840} INFO - DAG(s) 'example_branch_operator' retrieved from /home/airflow/.local/lib/python3.12/site-packages/airflow/example_dags/example_branch_operator.py
[2024-05-06T05:13:38.138+0000] {logging_mixin.py:188} INFO - [2024-05-06T05:13:38.138+0000] {dag.py:3096} INFO - Sync 1 DAGs
[2024-05-06T05:13:38.178+0000] {logging_mixin.py:188} INFO - [2024-05-06T05:13:38.178+0000] {dag.py:3954} INFO - Setting next_dagrun for example_branch_operator to 2024-05-05 00:00:00+00:00, run_after=2024-05-06 00:00:00+00:00
[2024-05-06T05:13:38.207+0000] {processor.py:183} INFO - Processing /home/airflow/.local/lib/python3.12/site-packages/airflow/example_dags/example_branch_operator.py took 0.137 seconds
[2024-05-06T05:14:08.696+0000] {processor.py:161} INFO - Started process (PID=12886) to work on /home/airflow/.local/lib/python3.12/site-packages/airflow/example_dags/example_branch_operator.py
[2024-05-06T05:14:08.697+0000] {processor.py:830} INFO - Processing file /home/airflow/.local/lib/python3.12/site-packages/airflow/example_dags/example_branch_operator.py for tasks to queue
[2024-05-06T05:14:08.699+0000] {logging_mixin.py:188} INFO - [2024-05-06T05:14:08.699+0000] {dagbag.py:540} INFO - Filling up the DagBag from /home/airflow/.local/lib/python3.12/site-packages/airflow/example_dags/example_branch_operator.py
[2024-05-06T05:14:08.721+0000] {processor.py:840} INFO - DAG(s) 'example_branch_operator' retrieved from /home/airflow/.local/lib/python3.12/site-packages/airflow/example_dags/example_branch_operator.py
[2024-05-06T05:14:08.760+0000] {logging_mixin.py:188} INFO - [2024-05-06T05:14:08.759+0000] {dag.py:3096} INFO - Sync 1 DAGs
[2024-05-06T05:14:08.787+0000] {logging_mixin.py:188} INFO - [2024-05-06T05:14:08.787+0000] {dag.py:3954} INFO - Setting next_dagrun for example_branch_operator to 2024-05-05 00:00:00+00:00, run_after=2024-05-06 00:00:00+00:00
[2024-05-06T05:14:08.817+0000] {processor.py:183} INFO - Processing /home/airflow/.local/lib/python3.12/site-packages/airflow/example_dags/example_branch_operator.py took 0.129 seconds
[2024-05-06T05:14:39.516+0000] {processor.py:161} INFO - Started process (PID=13159) to work on /home/airflow/.local/lib/python3.12/site-packages/airflow/example_dags/example_branch_operator.py
[2024-05-06T05:14:39.517+0000] {processor.py:830} INFO - Processing file /home/airflow/.local/lib/python3.12/site-packages/airflow/example_dags/example_branch_operator.py for tasks to queue
[2024-05-06T05:14:39.519+0000] {logging_mixin.py:188} INFO - [2024-05-06T05:14:39.519+0000] {dagbag.py:540} INFO - Filling up the DagBag from /home/airflow/.local/lib/python3.12/site-packages/airflow/example_dags/example_branch_operator.py
[2024-05-06T05:14:39.540+0000] {processor.py:840} INFO - DAG(s) 'example_branch_operator' retrieved from /home/airflow/.local/lib/python3.12/site-packages/airflow/example_dags/example_branch_operator.py
[2024-05-06T05:14:39.581+0000] {logging_mixin.py:188} INFO - [2024-05-06T05:14:39.580+0000] {dag.py:3096} INFO - Sync 1 DAGs
[2024-05-06T05:14:39.608+0000] {logging_mixin.py:188} INFO - [2024-05-06T05:14:39.608+0000] {dag.py:3954} INFO - Setting next_dagrun for example_branch_operator to 2024-05-05 00:00:00+00:00, run_after=2024-05-06 00:00:00+00:00
[2024-05-06T05:14:39.646+0000] {processor.py:183} INFO - Processing /home/airflow/.local/lib/python3.12/site-packages/airflow/example_dags/example_branch_operator.py took 0.137 seconds
[2024-05-06T05:15:10.278+0000] {processor.py:161} INFO - Started process (PID=13431) to work on /home/airflow/.local/lib/python3.12/site-packages/airflow/example_dags/example_branch_operator.py
[2024-05-06T05:15:10.279+0000] {processor.py:830} INFO - Processing file /home/airflow/.local/lib/python3.12/site-packages/airflow/example_dags/example_branch_operator.py for tasks to queue
[2024-05-06T05:15:10.281+0000] {logging_mixin.py:188} INFO - [2024-05-06T05:15:10.281+0000] {dagbag.py:540} INFO - Filling up the DagBag from /home/airflow/.local/lib/python3.12/site-packages/airflow/example_dags/example_branch_operator.py
[2024-05-06T05:15:10.303+0000] {processor.py:840} INFO - DAG(s) 'example_branch_operator' retrieved from /home/airflow/.local/lib/python3.12/site-packages/airflow/example_dags/example_branch_operator.py
[2024-05-06T05:15:10.341+0000] {logging_mixin.py:188} INFO - [2024-05-06T05:15:10.341+0000] {dag.py:3096} INFO - Sync 1 DAGs
[2024-05-06T05:15:10.370+0000] {logging_mixin.py:188} INFO - [2024-05-06T05:15:10.370+0000] {dag.py:3954} INFO - Setting next_dagrun for example_branch_operator to 2024-05-05 00:00:00+00:00, run_after=2024-05-06 00:00:00+00:00
[2024-05-06T05:15:10.398+0000] {processor.py:183} INFO - Processing /home/airflow/.local/lib/python3.12/site-packages/airflow/example_dags/example_branch_operator.py took 0.127 seconds
[2024-05-06T05:15:40.907+0000] {processor.py:161} INFO - Started process (PID=13704) to work on /home/airflow/.local/lib/python3.12/site-packages/airflow/example_dags/example_branch_operator.py
[2024-05-06T05:15:40.908+0000] {processor.py:830} INFO - Processing file /home/airflow/.local/lib/python3.12/site-packages/airflow/example_dags/example_branch_operator.py for tasks to queue
[2024-05-06T05:15:40.910+0000] {logging_mixin.py:188} INFO - [2024-05-06T05:15:40.909+0000] {dagbag.py:540} INFO - Filling up the DagBag from /home/airflow/.local/lib/python3.12/site-packages/airflow/example_dags/example_branch_operator.py
[2024-05-06T05:15:40.931+0000] {processor.py:840} INFO - DAG(s) 'example_branch_operator' retrieved from /home/airflow/.local/lib/python3.12/site-packages/airflow/example_dags/example_branch_operator.py
[2024-05-06T05:15:40.968+0000] {logging_mixin.py:188} INFO - [2024-05-06T05:15:40.968+0000] {dag.py:3096} INFO - Sync 1 DAGs
[2024-05-06T05:15:40.997+0000] {logging_mixin.py:188} INFO - [2024-05-06T05:15:40.997+0000] {dag.py:3954} INFO - Setting next_dagrun for example_branch_operator to 2024-05-05 00:00:00+00:00, run_after=2024-05-06 00:00:00+00:00
[2024-05-06T05:15:41.028+0000] {processor.py:183} INFO - Processing /home/airflow/.local/lib/python3.12/site-packages/airflow/example_dags/example_branch_operator.py took 0.128 seconds
[2024-05-06T05:16:11.780+0000] {processor.py:161} INFO - Started process (PID=13973) to work on /home/airflow/.local/lib/python3.12/site-packages/airflow/example_dags/example_branch_operator.py
[2024-05-06T05:16:11.781+0000] {processor.py:830} INFO - Processing file /home/airflow/.local/lib/python3.12/site-packages/airflow/example_dags/example_branch_operator.py for tasks to queue
[2024-05-06T05:16:11.783+0000] {logging_mixin.py:188} INFO - [2024-05-06T05:16:11.783+0000] {dagbag.py:540} INFO - Filling up the DagBag from /home/airflow/.local/lib/python3.12/site-packages/airflow/example_dags/example_branch_operator.py
[2024-05-06T05:16:11.803+0000] {processor.py:840} INFO - DAG(s) 'example_branch_operator' retrieved from /home/airflow/.local/lib/python3.12/site-packages/airflow/example_dags/example_branch_operator.py
[2024-05-06T05:16:11.843+0000] {logging_mixin.py:188} INFO - [2024-05-06T05:16:11.843+0000] {dag.py:3096} INFO - Sync 1 DAGs
[2024-05-06T05:16:11.871+0000] {logging_mixin.py:188} INFO - [2024-05-06T05:16:11.870+0000] {dag.py:3954} INFO - Setting next_dagrun for example_branch_operator to 2024-05-05 00:00:00+00:00, run_after=2024-05-06 00:00:00+00:00
[2024-05-06T05:16:11.895+0000] {processor.py:183} INFO - Processing /home/airflow/.local/lib/python3.12/site-packages/airflow/example_dags/example_branch_operator.py took 0.122 seconds
[2024-05-06T05:16:42.460+0000] {processor.py:161} INFO - Started process (PID=14248) to work on /home/airflow/.local/lib/python3.12/site-packages/airflow/example_dags/example_branch_operator.py
[2024-05-06T05:16:42.461+0000] {processor.py:830} INFO - Processing file /home/airflow/.local/lib/python3.12/site-packages/airflow/example_dags/example_branch_operator.py for tasks to queue
[2024-05-06T05:16:42.463+0000] {logging_mixin.py:188} INFO - [2024-05-06T05:16:42.462+0000] {dagbag.py:540} INFO - Filling up the DagBag from /home/airflow/.local/lib/python3.12/site-packages/airflow/example_dags/example_branch_operator.py
[2024-05-06T05:16:42.483+0000] {processor.py:840} INFO - DAG(s) 'example_branch_operator' retrieved from /home/airflow/.local/lib/python3.12/site-packages/airflow/example_dags/example_branch_operator.py
[2024-05-06T05:16:42.520+0000] {logging_mixin.py:188} INFO - [2024-05-06T05:16:42.519+0000] {dag.py:3096} INFO - Sync 1 DAGs
[2024-05-06T05:16:42.551+0000] {logging_mixin.py:188} INFO - [2024-05-06T05:16:42.551+0000] {dag.py:3954} INFO - Setting next_dagrun for example_branch_operator to 2024-05-05 00:00:00+00:00, run_after=2024-05-06 00:00:00+00:00
[2024-05-06T05:16:42.603+0000] {processor.py:183} INFO - Processing /home/airflow/.local/lib/python3.12/site-packages/airflow/example_dags/example_branch_operator.py took 0.150 seconds
[2024-05-06T05:17:12.963+0000] {processor.py:161} INFO - Started process (PID=14521) to work on /home/airflow/.local/lib/python3.12/site-packages/airflow/example_dags/example_branch_operator.py
[2024-05-06T05:17:12.963+0000] {processor.py:830} INFO - Processing file /home/airflow/.local/lib/python3.12/site-packages/airflow/example_dags/example_branch_operator.py for tasks to queue
[2024-05-06T05:17:12.965+0000] {logging_mixin.py:188} INFO - [2024-05-06T05:17:12.965+0000] {dagbag.py:540} INFO - Filling up the DagBag from /home/airflow/.local/lib/python3.12/site-packages/airflow/example_dags/example_branch_operator.py
[2024-05-06T05:17:12.986+0000] {processor.py:840} INFO - DAG(s) 'example_branch_operator' retrieved from /home/airflow/.local/lib/python3.12/site-packages/airflow/example_dags/example_branch_operator.py
[2024-05-06T05:17:13.025+0000] {logging_mixin.py:188} INFO - [2024-05-06T05:17:13.024+0000] {dag.py:3096} INFO - Sync 1 DAGs
[2024-05-06T05:17:13.061+0000] {logging_mixin.py:188} INFO - [2024-05-06T05:17:13.060+0000] {dag.py:3954} INFO - Setting next_dagrun for example_branch_operator to 2024-05-05 00:00:00+00:00, run_after=2024-05-06 00:00:00+00:00
[2024-05-06T05:17:13.088+0000] {processor.py:183} INFO - Processing /home/airflow/.local/lib/python3.12/site-packages/airflow/example_dags/example_branch_operator.py took 0.132 seconds
[2024-05-06T05:17:43.838+0000] {processor.py:161} INFO - Started process (PID=14793) to work on /home/airflow/.local/lib/python3.12/site-packages/airflow/example_dags/example_branch_operator.py
[2024-05-06T05:17:43.839+0000] {processor.py:830} INFO - Processing file /home/airflow/.local/lib/python3.12/site-packages/airflow/example_dags/example_branch_operator.py for tasks to queue
[2024-05-06T05:17:43.841+0000] {logging_mixin.py:188} INFO - [2024-05-06T05:17:43.841+0000] {dagbag.py:540} INFO - Filling up the DagBag from /home/airflow/.local/lib/python3.12/site-packages/airflow/example_dags/example_branch_operator.py
[2024-05-06T05:17:43.863+0000] {processor.py:840} INFO - DAG(s) 'example_branch_operator' retrieved from /home/airflow/.local/lib/python3.12/site-packages/airflow/example_dags/example_branch_operator.py
[2024-05-06T05:17:43.903+0000] {logging_mixin.py:188} INFO - [2024-05-06T05:17:43.902+0000] {dag.py:3096} INFO - Sync 1 DAGs
[2024-05-06T05:17:43.933+0000] {logging_mixin.py:188} INFO - [2024-05-06T05:17:43.932+0000] {dag.py:3954} INFO - Setting next_dagrun for example_branch_operator to 2024-05-05 00:00:00+00:00, run_after=2024-05-06 00:00:00+00:00
[2024-05-06T05:17:43.956+0000] {processor.py:183} INFO - Processing /home/airflow/.local/lib/python3.12/site-packages/airflow/example_dags/example_branch_operator.py took 0.125 seconds
[2024-05-06T05:18:14.340+0000] {processor.py:161} INFO - Started process (PID=15065) to work on /home/airflow/.local/lib/python3.12/site-packages/airflow/example_dags/example_branch_operator.py
[2024-05-06T05:18:14.341+0000] {processor.py:830} INFO - Processing file /home/airflow/.local/lib/python3.12/site-packages/airflow/example_dags/example_branch_operator.py for tasks to queue
[2024-05-06T05:18:14.343+0000] {logging_mixin.py:188} INFO - [2024-05-06T05:18:14.342+0000] {dagbag.py:540} INFO - Filling up the DagBag from /home/airflow/.local/lib/python3.12/site-packages/airflow/example_dags/example_branch_operator.py
[2024-05-06T05:18:14.366+0000] {processor.py:840} INFO - DAG(s) 'example_branch_operator' retrieved from /home/airflow/.local/lib/python3.12/site-packages/airflow/example_dags/example_branch_operator.py
[2024-05-06T05:18:14.406+0000] {logging_mixin.py:188} INFO - [2024-05-06T05:18:14.405+0000] {dag.py:3096} INFO - Sync 1 DAGs
[2024-05-06T05:18:14.431+0000] {logging_mixin.py:188} INFO - [2024-05-06T05:18:14.430+0000] {dag.py:3954} INFO - Setting next_dagrun for example_branch_operator to 2024-05-05 00:00:00+00:00, run_after=2024-05-06 00:00:00+00:00
[2024-05-06T05:18:14.456+0000] {processor.py:183} INFO - Processing /home/airflow/.local/lib/python3.12/site-packages/airflow/example_dags/example_branch_operator.py took 0.124 seconds
[2024-05-06T05:18:44.750+0000] {processor.py:161} INFO - Started process (PID=15337) to work on /home/airflow/.local/lib/python3.12/site-packages/airflow/example_dags/example_branch_operator.py
[2024-05-06T05:18:44.751+0000] {processor.py:830} INFO - Processing file /home/airflow/.local/lib/python3.12/site-packages/airflow/example_dags/example_branch_operator.py for tasks to queue
[2024-05-06T05:18:44.753+0000] {logging_mixin.py:188} INFO - [2024-05-06T05:18:44.753+0000] {dagbag.py:540} INFO - Filling up the DagBag from /home/airflow/.local/lib/python3.12/site-packages/airflow/example_dags/example_branch_operator.py
[2024-05-06T05:18:44.774+0000] {processor.py:840} INFO - DAG(s) 'example_branch_operator' retrieved from /home/airflow/.local/lib/python3.12/site-packages/airflow/example_dags/example_branch_operator.py
[2024-05-06T05:18:44.812+0000] {logging_mixin.py:188} INFO - [2024-05-06T05:18:44.812+0000] {dag.py:3096} INFO - Sync 1 DAGs
[2024-05-06T05:18:44.841+0000] {logging_mixin.py:188} INFO - [2024-05-06T05:18:44.841+0000] {dag.py:3954} INFO - Setting next_dagrun for example_branch_operator to 2024-05-05 00:00:00+00:00, run_after=2024-05-06 00:00:00+00:00
[2024-05-06T05:18:44.876+0000] {processor.py:183} INFO - Processing /home/airflow/.local/lib/python3.12/site-packages/airflow/example_dags/example_branch_operator.py took 0.133 seconds
[2024-05-06T05:19:15.350+0000] {processor.py:161} INFO - Started process (PID=15609) to work on /home/airflow/.local/lib/python3.12/site-packages/airflow/example_dags/example_branch_operator.py
[2024-05-06T05:19:15.351+0000] {processor.py:830} INFO - Processing file /home/airflow/.local/lib/python3.12/site-packages/airflow/example_dags/example_branch_operator.py for tasks to queue
[2024-05-06T05:19:15.352+0000] {logging_mixin.py:188} INFO - [2024-05-06T05:19:15.352+0000] {dagbag.py:540} INFO - Filling up the DagBag from /home/airflow/.local/lib/python3.12/site-packages/airflow/example_dags/example_branch_operator.py
[2024-05-06T05:19:15.375+0000] {processor.py:840} INFO - DAG(s) 'example_branch_operator' retrieved from /home/airflow/.local/lib/python3.12/site-packages/airflow/example_dags/example_branch_operator.py
[2024-05-06T05:19:15.415+0000] {logging_mixin.py:188} INFO - [2024-05-06T05:19:15.415+0000] {dag.py:3096} INFO - Sync 1 DAGs
[2024-05-06T05:19:15.460+0000] {logging_mixin.py:188} INFO - [2024-05-06T05:19:15.460+0000] {dag.py:3954} INFO - Setting next_dagrun for example_branch_operator to 2024-05-05 00:00:00+00:00, run_after=2024-05-06 00:00:00+00:00
[2024-05-06T05:19:15.497+0000] {processor.py:183} INFO - Processing /home/airflow/.local/lib/python3.12/site-packages/airflow/example_dags/example_branch_operator.py took 0.155 seconds
