[2024-05-06T04:50:16.824+0000] {processor.py:161} INFO - Started process (PID=263) to work on /home/airflow/.local/lib/python3.12/site-packages/airflow/example_dags/example_sla_dag.py
[2024-05-06T04:50:16.828+0000] {processor.py:830} INFO - Processing file /home/airflow/.local/lib/python3.12/site-packages/airflow/example_dags/example_sla_dag.py for tasks to queue
[2024-05-06T04:50:16.833+0000] {logging_mixin.py:188} INFO - [2024-05-06T04:50:16.833+0000] {dagbag.py:540} INFO - Filling up the DagBag from /home/airflow/.local/lib/python3.12/site-packages/airflow/example_dags/example_sla_dag.py
[2024-05-06T04:50:16.853+0000] {processor.py:840} INFO - DAG(s) 'example_sla_dag' retrieved from /home/airflow/.local/lib/python3.12/site-packages/airflow/example_dags/example_sla_dag.py
[2024-05-06T04:50:17.147+0000] {logging_mixin.py:188} INFO - [2024-05-06T04:50:17.146+0000] {override.py:1829} INFO - Created Permission View: can delete on DAG:example_sla_dag
[2024-05-06T04:50:17.168+0000] {logging_mixin.py:188} INFO - [2024-05-06T04:50:17.168+0000] {override.py:1829} INFO - Created Permission View: can edit on DAG:example_sla_dag
[2024-05-06T04:50:17.183+0000] {logging_mixin.py:188} INFO - [2024-05-06T04:50:17.183+0000] {override.py:1829} INFO - Created Permission View: can read on DAG:example_sla_dag
[2024-05-06T04:50:17.185+0000] {logging_mixin.py:188} INFO - [2024-05-06T04:50:17.185+0000] {dag.py:3096} INFO - Sync 1 DAGs
[2024-05-06T04:50:17.220+0000] {logging_mixin.py:188} INFO - [2024-05-06T04:50:17.220+0000] {dag.py:3118} INFO - Creating ORM DAG for example_sla_dag
[2024-05-06T04:50:17.252+0000] {logging_mixin.py:188} INFO - [2024-05-06T04:50:17.252+0000] {dag.py:3954} INFO - Setting next_dagrun for example_sla_dag to 2024-05-06 04:48:00+00:00, run_after=2024-05-06 04:50:00+00:00
[2024-05-06T04:50:17.289+0000] {processor.py:183} INFO - Processing /home/airflow/.local/lib/python3.12/site-packages/airflow/example_dags/example_sla_dag.py took 0.486 seconds
[2024-05-06T04:50:47.520+0000] {processor.py:161} INFO - Started process (PID=525) to work on /home/airflow/.local/lib/python3.12/site-packages/airflow/example_dags/example_sla_dag.py
[2024-05-06T04:50:47.521+0000] {processor.py:830} INFO - Processing file /home/airflow/.local/lib/python3.12/site-packages/airflow/example_dags/example_sla_dag.py for tasks to queue
[2024-05-06T04:50:47.523+0000] {logging_mixin.py:188} INFO - [2024-05-06T04:50:47.522+0000] {dagbag.py:540} INFO - Filling up the DagBag from /home/airflow/.local/lib/python3.12/site-packages/airflow/example_dags/example_sla_dag.py
[2024-05-06T04:50:47.532+0000] {processor.py:840} INFO - DAG(s) 'example_sla_dag' retrieved from /home/airflow/.local/lib/python3.12/site-packages/airflow/example_dags/example_sla_dag.py
[2024-05-06T04:50:47.555+0000] {logging_mixin.py:188} INFO - [2024-05-06T04:50:47.555+0000] {dag.py:3096} INFO - Sync 1 DAGs
[2024-05-06T04:50:47.591+0000] {logging_mixin.py:188} INFO - [2024-05-06T04:50:47.590+0000] {dag.py:3954} INFO - Setting next_dagrun for example_sla_dag to 2024-05-06 04:48:00+00:00, run_after=2024-05-06 04:50:00+00:00
[2024-05-06T04:50:47.618+0000] {processor.py:183} INFO - Processing /home/airflow/.local/lib/python3.12/site-packages/airflow/example_dags/example_sla_dag.py took 0.106 seconds
[2024-05-06T04:51:17.815+0000] {processor.py:161} INFO - Started process (PID=786) to work on /home/airflow/.local/lib/python3.12/site-packages/airflow/example_dags/example_sla_dag.py
[2024-05-06T04:51:17.817+0000] {processor.py:830} INFO - Processing file /home/airflow/.local/lib/python3.12/site-packages/airflow/example_dags/example_sla_dag.py for tasks to queue
[2024-05-06T04:51:17.818+0000] {logging_mixin.py:188} INFO - [2024-05-06T04:51:17.818+0000] {dagbag.py:540} INFO - Filling up the DagBag from /home/airflow/.local/lib/python3.12/site-packages/airflow/example_dags/example_sla_dag.py
[2024-05-06T04:51:17.828+0000] {processor.py:840} INFO - DAG(s) 'example_sla_dag' retrieved from /home/airflow/.local/lib/python3.12/site-packages/airflow/example_dags/example_sla_dag.py
[2024-05-06T04:51:17.849+0000] {logging_mixin.py:188} INFO - [2024-05-06T04:51:17.849+0000] {dag.py:3096} INFO - Sync 1 DAGs
[2024-05-06T04:51:17.877+0000] {logging_mixin.py:188} INFO - [2024-05-06T04:51:17.877+0000] {dag.py:3954} INFO - Setting next_dagrun for example_sla_dag to 2024-05-06 04:48:00+00:00, run_after=2024-05-06 04:50:00+00:00
[2024-05-06T04:51:17.903+0000] {processor.py:183} INFO - Processing /home/airflow/.local/lib/python3.12/site-packages/airflow/example_dags/example_sla_dag.py took 0.095 seconds
[2024-05-06T04:51:48.306+0000] {processor.py:161} INFO - Started process (PID=1050) to work on /home/airflow/.local/lib/python3.12/site-packages/airflow/example_dags/example_sla_dag.py
[2024-05-06T04:51:48.307+0000] {processor.py:830} INFO - Processing file /home/airflow/.local/lib/python3.12/site-packages/airflow/example_dags/example_sla_dag.py for tasks to queue
[2024-05-06T04:51:48.309+0000] {logging_mixin.py:188} INFO - [2024-05-06T04:51:48.309+0000] {dagbag.py:540} INFO - Filling up the DagBag from /home/airflow/.local/lib/python3.12/site-packages/airflow/example_dags/example_sla_dag.py
[2024-05-06T04:51:48.320+0000] {processor.py:840} INFO - DAG(s) 'example_sla_dag' retrieved from /home/airflow/.local/lib/python3.12/site-packages/airflow/example_dags/example_sla_dag.py
[2024-05-06T04:51:48.342+0000] {logging_mixin.py:188} INFO - [2024-05-06T04:51:48.342+0000] {dag.py:3096} INFO - Sync 1 DAGs
[2024-05-06T04:51:48.372+0000] {logging_mixin.py:188} INFO - [2024-05-06T04:51:48.372+0000] {dag.py:3954} INFO - Setting next_dagrun for example_sla_dag to 2024-05-06 04:48:00+00:00, run_after=2024-05-06 04:50:00+00:00
[2024-05-06T04:51:48.396+0000] {processor.py:183} INFO - Processing /home/airflow/.local/lib/python3.12/site-packages/airflow/example_dags/example_sla_dag.py took 0.097 seconds
[2024-05-06T04:52:19.307+0000] {processor.py:161} INFO - Started process (PID=1318) to work on /home/airflow/.local/lib/python3.12/site-packages/airflow/example_dags/example_sla_dag.py
[2024-05-06T04:52:19.308+0000] {processor.py:830} INFO - Processing file /home/airflow/.local/lib/python3.12/site-packages/airflow/example_dags/example_sla_dag.py for tasks to queue
[2024-05-06T04:52:19.310+0000] {logging_mixin.py:188} INFO - [2024-05-06T04:52:19.310+0000] {dagbag.py:540} INFO - Filling up the DagBag from /home/airflow/.local/lib/python3.12/site-packages/airflow/example_dags/example_sla_dag.py
[2024-05-06T04:52:19.321+0000] {processor.py:840} INFO - DAG(s) 'example_sla_dag' retrieved from /home/airflow/.local/lib/python3.12/site-packages/airflow/example_dags/example_sla_dag.py
[2024-05-06T04:52:19.344+0000] {logging_mixin.py:188} INFO - [2024-05-06T04:52:19.343+0000] {dag.py:3096} INFO - Sync 1 DAGs
[2024-05-06T04:52:19.374+0000] {logging_mixin.py:188} INFO - [2024-05-06T04:52:19.374+0000] {dag.py:3954} INFO - Setting next_dagrun for example_sla_dag to 2024-05-06 04:50:00+00:00, run_after=2024-05-06 04:52:00+00:00
[2024-05-06T04:52:19.402+0000] {processor.py:183} INFO - Processing /home/airflow/.local/lib/python3.12/site-packages/airflow/example_dags/example_sla_dag.py took 0.101 seconds
[2024-05-06T04:52:49.519+0000] {processor.py:161} INFO - Started process (PID=1580) to work on /home/airflow/.local/lib/python3.12/site-packages/airflow/example_dags/example_sla_dag.py
[2024-05-06T04:52:49.520+0000] {processor.py:830} INFO - Processing file /home/airflow/.local/lib/python3.12/site-packages/airflow/example_dags/example_sla_dag.py for tasks to queue
[2024-05-06T04:52:49.522+0000] {logging_mixin.py:188} INFO - [2024-05-06T04:52:49.522+0000] {dagbag.py:540} INFO - Filling up the DagBag from /home/airflow/.local/lib/python3.12/site-packages/airflow/example_dags/example_sla_dag.py
[2024-05-06T04:52:49.532+0000] {processor.py:840} INFO - DAG(s) 'example_sla_dag' retrieved from /home/airflow/.local/lib/python3.12/site-packages/airflow/example_dags/example_sla_dag.py
[2024-05-06T04:52:49.552+0000] {logging_mixin.py:188} INFO - [2024-05-06T04:52:49.552+0000] {dag.py:3096} INFO - Sync 1 DAGs
[2024-05-06T04:52:49.581+0000] {logging_mixin.py:188} INFO - [2024-05-06T04:52:49.580+0000] {dag.py:3954} INFO - Setting next_dagrun for example_sla_dag to 2024-05-06 04:50:00+00:00, run_after=2024-05-06 04:52:00+00:00
[2024-05-06T04:52:49.605+0000] {processor.py:183} INFO - Processing /home/airflow/.local/lib/python3.12/site-packages/airflow/example_dags/example_sla_dag.py took 0.093 seconds
[2024-05-06T04:53:19.750+0000] {processor.py:161} INFO - Started process (PID=1844) to work on /home/airflow/.local/lib/python3.12/site-packages/airflow/example_dags/example_sla_dag.py
[2024-05-06T04:53:19.751+0000] {processor.py:830} INFO - Processing file /home/airflow/.local/lib/python3.12/site-packages/airflow/example_dags/example_sla_dag.py for tasks to queue
[2024-05-06T04:53:19.753+0000] {logging_mixin.py:188} INFO - [2024-05-06T04:53:19.753+0000] {dagbag.py:540} INFO - Filling up the DagBag from /home/airflow/.local/lib/python3.12/site-packages/airflow/example_dags/example_sla_dag.py
[2024-05-06T04:53:19.764+0000] {processor.py:840} INFO - DAG(s) 'example_sla_dag' retrieved from /home/airflow/.local/lib/python3.12/site-packages/airflow/example_dags/example_sla_dag.py
[2024-05-06T04:53:19.788+0000] {logging_mixin.py:188} INFO - [2024-05-06T04:53:19.787+0000] {dag.py:3096} INFO - Sync 1 DAGs
[2024-05-06T04:53:19.821+0000] {logging_mixin.py:188} INFO - [2024-05-06T04:53:19.821+0000] {dag.py:3954} INFO - Setting next_dagrun for example_sla_dag to 2024-05-06 04:50:00+00:00, run_after=2024-05-06 04:52:00+00:00
[2024-05-06T04:53:19.847+0000] {processor.py:183} INFO - Processing /home/airflow/.local/lib/python3.12/site-packages/airflow/example_dags/example_sla_dag.py took 0.104 seconds
[2024-05-06T04:53:50.259+0000] {processor.py:161} INFO - Started process (PID=2104) to work on /home/airflow/.local/lib/python3.12/site-packages/airflow/example_dags/example_sla_dag.py
[2024-05-06T04:53:50.260+0000] {processor.py:830} INFO - Processing file /home/airflow/.local/lib/python3.12/site-packages/airflow/example_dags/example_sla_dag.py for tasks to queue
[2024-05-06T04:53:50.262+0000] {logging_mixin.py:188} INFO - [2024-05-06T04:53:50.262+0000] {dagbag.py:540} INFO - Filling up the DagBag from /home/airflow/.local/lib/python3.12/site-packages/airflow/example_dags/example_sla_dag.py
[2024-05-06T04:53:50.285+0000] {processor.py:840} INFO - DAG(s) 'example_sla_dag' retrieved from /home/airflow/.local/lib/python3.12/site-packages/airflow/example_dags/example_sla_dag.py
[2024-05-06T04:53:50.328+0000] {logging_mixin.py:188} INFO - [2024-05-06T04:53:50.328+0000] {dag.py:3096} INFO - Sync 1 DAGs
[2024-05-06T04:53:50.360+0000] {logging_mixin.py:188} INFO - [2024-05-06T04:53:50.360+0000] {dag.py:3954} INFO - Setting next_dagrun for example_sla_dag to 2024-05-06 04:50:00+00:00, run_after=2024-05-06 04:52:00+00:00
[2024-05-06T04:53:50.385+0000] {processor.py:183} INFO - Processing /home/airflow/.local/lib/python3.12/site-packages/airflow/example_dags/example_sla_dag.py took 0.133 seconds
[2024-05-06T04:54:23.136+0000] {processor.py:161} INFO - Started process (PID=2447) to work on /home/airflow/.local/lib/python3.12/site-packages/airflow/example_dags/example_sla_dag.py
[2024-05-06T04:54:23.152+0000] {processor.py:830} INFO - Processing file /home/airflow/.local/lib/python3.12/site-packages/airflow/example_dags/example_sla_dag.py for tasks to queue
[2024-05-06T04:54:23.154+0000] {logging_mixin.py:188} INFO - [2024-05-06T04:54:23.154+0000] {dagbag.py:540} INFO - Filling up the DagBag from /home/airflow/.local/lib/python3.12/site-packages/airflow/example_dags/example_sla_dag.py
[2024-05-06T04:54:23.196+0000] {processor.py:840} INFO - DAG(s) 'example_sla_dag' retrieved from /home/airflow/.local/lib/python3.12/site-packages/airflow/example_dags/example_sla_dag.py
[2024-05-06T04:54:23.238+0000] {logging_mixin.py:188} INFO - [2024-05-06T04:54:23.238+0000] {dag.py:3096} INFO - Sync 1 DAGs
[2024-05-06T04:54:23.284+0000] {logging_mixin.py:188} INFO - [2024-05-06T04:54:23.283+0000] {dag.py:3954} INFO - Setting next_dagrun for example_sla_dag to 2024-05-06 04:52:00+00:00, run_after=2024-05-06 04:54:00+00:00
[2024-05-06T04:54:23.333+0000] {processor.py:183} INFO - Processing /home/airflow/.local/lib/python3.12/site-packages/airflow/example_dags/example_sla_dag.py took 0.213 seconds
[2024-05-06T04:54:53.441+0000] {processor.py:161} INFO - Started process (PID=2777) to work on /home/airflow/.local/lib/python3.12/site-packages/airflow/example_dags/example_sla_dag.py
[2024-05-06T04:54:53.442+0000] {processor.py:830} INFO - Processing file /home/airflow/.local/lib/python3.12/site-packages/airflow/example_dags/example_sla_dag.py for tasks to queue
[2024-05-06T04:54:53.444+0000] {logging_mixin.py:188} INFO - [2024-05-06T04:54:53.444+0000] {dagbag.py:540} INFO - Filling up the DagBag from /home/airflow/.local/lib/python3.12/site-packages/airflow/example_dags/example_sla_dag.py
[2024-05-06T04:54:53.455+0000] {processor.py:840} INFO - DAG(s) 'example_sla_dag' retrieved from /home/airflow/.local/lib/python3.12/site-packages/airflow/example_dags/example_sla_dag.py
[2024-05-06T04:54:53.475+0000] {logging_mixin.py:188} INFO - [2024-05-06T04:54:53.475+0000] {dag.py:3096} INFO - Sync 1 DAGs
[2024-05-06T04:54:53.500+0000] {logging_mixin.py:188} INFO - [2024-05-06T04:54:53.500+0000] {dag.py:3954} INFO - Setting next_dagrun for example_sla_dag to 2024-05-06 04:52:00+00:00, run_after=2024-05-06 04:54:00+00:00
[2024-05-06T04:54:53.520+0000] {processor.py:183} INFO - Processing /home/airflow/.local/lib/python3.12/site-packages/airflow/example_dags/example_sla_dag.py took 0.085 seconds
[2024-05-06T04:55:23.708+0000] {processor.py:161} INFO - Started process (PID=3041) to work on /home/airflow/.local/lib/python3.12/site-packages/airflow/example_dags/example_sla_dag.py
[2024-05-06T04:55:23.709+0000] {processor.py:830} INFO - Processing file /home/airflow/.local/lib/python3.12/site-packages/airflow/example_dags/example_sla_dag.py for tasks to queue
[2024-05-06T04:55:23.710+0000] {logging_mixin.py:188} INFO - [2024-05-06T04:55:23.710+0000] {dagbag.py:540} INFO - Filling up the DagBag from /home/airflow/.local/lib/python3.12/site-packages/airflow/example_dags/example_sla_dag.py
[2024-05-06T04:55:23.717+0000] {processor.py:840} INFO - DAG(s) 'example_sla_dag' retrieved from /home/airflow/.local/lib/python3.12/site-packages/airflow/example_dags/example_sla_dag.py
[2024-05-06T04:55:23.732+0000] {logging_mixin.py:188} INFO - [2024-05-06T04:55:23.732+0000] {dag.py:3096} INFO - Sync 1 DAGs
[2024-05-06T04:55:23.752+0000] {logging_mixin.py:188} INFO - [2024-05-06T04:55:23.752+0000] {dag.py:3954} INFO - Setting next_dagrun for example_sla_dag to 2024-05-06 04:52:00+00:00, run_after=2024-05-06 04:54:00+00:00
[2024-05-06T04:55:23.773+0000] {processor.py:183} INFO - Processing /home/airflow/.local/lib/python3.12/site-packages/airflow/example_dags/example_sla_dag.py took 0.070 seconds
[2024-05-06T04:55:53.946+0000] {processor.py:161} INFO - Started process (PID=3304) to work on /home/airflow/.local/lib/python3.12/site-packages/airflow/example_dags/example_sla_dag.py
[2024-05-06T04:55:53.946+0000] {processor.py:830} INFO - Processing file /home/airflow/.local/lib/python3.12/site-packages/airflow/example_dags/example_sla_dag.py for tasks to queue
[2024-05-06T04:55:53.948+0000] {logging_mixin.py:188} INFO - [2024-05-06T04:55:53.947+0000] {dagbag.py:540} INFO - Filling up the DagBag from /home/airflow/.local/lib/python3.12/site-packages/airflow/example_dags/example_sla_dag.py
[2024-05-06T04:55:53.955+0000] {processor.py:840} INFO - DAG(s) 'example_sla_dag' retrieved from /home/airflow/.local/lib/python3.12/site-packages/airflow/example_dags/example_sla_dag.py
[2024-05-06T04:55:53.970+0000] {logging_mixin.py:188} INFO - [2024-05-06T04:55:53.970+0000] {dag.py:3096} INFO - Sync 1 DAGs
[2024-05-06T04:55:53.990+0000] {logging_mixin.py:188} INFO - [2024-05-06T04:55:53.990+0000] {dag.py:3954} INFO - Setting next_dagrun for example_sla_dag to 2024-05-06 04:52:00+00:00, run_after=2024-05-06 04:54:00+00:00
[2024-05-06T04:55:54.010+0000] {processor.py:183} INFO - Processing /home/airflow/.local/lib/python3.12/site-packages/airflow/example_dags/example_sla_dag.py took 0.069 seconds
[2024-05-06T04:56:24.938+0000] {processor.py:161} INFO - Started process (PID=3565) to work on /home/airflow/.local/lib/python3.12/site-packages/airflow/example_dags/example_sla_dag.py
[2024-05-06T04:56:24.939+0000] {processor.py:830} INFO - Processing file /home/airflow/.local/lib/python3.12/site-packages/airflow/example_dags/example_sla_dag.py for tasks to queue
[2024-05-06T04:56:24.940+0000] {logging_mixin.py:188} INFO - [2024-05-06T04:56:24.940+0000] {dagbag.py:540} INFO - Filling up the DagBag from /home/airflow/.local/lib/python3.12/site-packages/airflow/example_dags/example_sla_dag.py
[2024-05-06T04:56:24.950+0000] {processor.py:840} INFO - DAG(s) 'example_sla_dag' retrieved from /home/airflow/.local/lib/python3.12/site-packages/airflow/example_dags/example_sla_dag.py
[2024-05-06T04:56:24.965+0000] {logging_mixin.py:188} INFO - [2024-05-06T04:56:24.965+0000] {dag.py:3096} INFO - Sync 1 DAGs
[2024-05-06T04:56:24.986+0000] {logging_mixin.py:188} INFO - [2024-05-06T04:56:24.985+0000] {dag.py:3954} INFO - Setting next_dagrun for example_sla_dag to 2024-05-06 04:54:00+00:00, run_after=2024-05-06 04:56:00+00:00
[2024-05-06T04:56:25.006+0000] {processor.py:183} INFO - Processing /home/airflow/.local/lib/python3.12/site-packages/airflow/example_dags/example_sla_dag.py took 0.075 seconds
[2024-05-06T04:56:55.727+0000] {processor.py:161} INFO - Started process (PID=3830) to work on /home/airflow/.local/lib/python3.12/site-packages/airflow/example_dags/example_sla_dag.py
[2024-05-06T04:56:55.728+0000] {processor.py:830} INFO - Processing file /home/airflow/.local/lib/python3.12/site-packages/airflow/example_dags/example_sla_dag.py for tasks to queue
[2024-05-06T04:56:55.730+0000] {logging_mixin.py:188} INFO - [2024-05-06T04:56:55.729+0000] {dagbag.py:540} INFO - Filling up the DagBag from /home/airflow/.local/lib/python3.12/site-packages/airflow/example_dags/example_sla_dag.py
[2024-05-06T04:56:55.738+0000] {processor.py:840} INFO - DAG(s) 'example_sla_dag' retrieved from /home/airflow/.local/lib/python3.12/site-packages/airflow/example_dags/example_sla_dag.py
[2024-05-06T04:56:55.759+0000] {logging_mixin.py:188} INFO - [2024-05-06T04:56:55.758+0000] {dag.py:3096} INFO - Sync 1 DAGs
[2024-05-06T04:56:55.790+0000] {logging_mixin.py:188} INFO - [2024-05-06T04:56:55.790+0000] {dag.py:3954} INFO - Setting next_dagrun for example_sla_dag to 2024-05-06 04:54:00+00:00, run_after=2024-05-06 04:56:00+00:00
[2024-05-06T04:56:55.816+0000] {processor.py:183} INFO - Processing /home/airflow/.local/lib/python3.12/site-packages/airflow/example_dags/example_sla_dag.py took 0.094 seconds
[2024-05-06T04:57:26.678+0000] {processor.py:161} INFO - Started process (PID=4090) to work on /home/airflow/.local/lib/python3.12/site-packages/airflow/example_dags/example_sla_dag.py
[2024-05-06T04:57:26.679+0000] {processor.py:830} INFO - Processing file /home/airflow/.local/lib/python3.12/site-packages/airflow/example_dags/example_sla_dag.py for tasks to queue
[2024-05-06T04:57:26.681+0000] {logging_mixin.py:188} INFO - [2024-05-06T04:57:26.680+0000] {dagbag.py:540} INFO - Filling up the DagBag from /home/airflow/.local/lib/python3.12/site-packages/airflow/example_dags/example_sla_dag.py
[2024-05-06T04:57:26.689+0000] {processor.py:840} INFO - DAG(s) 'example_sla_dag' retrieved from /home/airflow/.local/lib/python3.12/site-packages/airflow/example_dags/example_sla_dag.py
[2024-05-06T04:57:26.704+0000] {logging_mixin.py:188} INFO - [2024-05-06T04:57:26.704+0000] {dag.py:3096} INFO - Sync 1 DAGs
[2024-05-06T04:57:26.724+0000] {logging_mixin.py:188} INFO - [2024-05-06T04:57:26.724+0000] {dag.py:3954} INFO - Setting next_dagrun for example_sla_dag to 2024-05-06 04:54:00+00:00, run_after=2024-05-06 04:56:00+00:00
[2024-05-06T04:57:26.743+0000] {processor.py:183} INFO - Processing /home/airflow/.local/lib/python3.12/site-packages/airflow/example_dags/example_sla_dag.py took 0.072 seconds
[2024-05-06T04:57:57.063+0000] {processor.py:161} INFO - Started process (PID=4352) to work on /home/airflow/.local/lib/python3.12/site-packages/airflow/example_dags/example_sla_dag.py
[2024-05-06T04:57:57.064+0000] {processor.py:830} INFO - Processing file /home/airflow/.local/lib/python3.12/site-packages/airflow/example_dags/example_sla_dag.py for tasks to queue
[2024-05-06T04:57:57.065+0000] {logging_mixin.py:188} INFO - [2024-05-06T04:57:57.065+0000] {dagbag.py:540} INFO - Filling up the DagBag from /home/airflow/.local/lib/python3.12/site-packages/airflow/example_dags/example_sla_dag.py
[2024-05-06T04:57:57.075+0000] {processor.py:840} INFO - DAG(s) 'example_sla_dag' retrieved from /home/airflow/.local/lib/python3.12/site-packages/airflow/example_dags/example_sla_dag.py
[2024-05-06T04:57:57.098+0000] {logging_mixin.py:188} INFO - [2024-05-06T04:57:57.098+0000] {dag.py:3096} INFO - Sync 1 DAGs
[2024-05-06T04:57:57.126+0000] {logging_mixin.py:188} INFO - [2024-05-06T04:57:57.126+0000] {dag.py:3954} INFO - Setting next_dagrun for example_sla_dag to 2024-05-06 04:54:00+00:00, run_after=2024-05-06 04:56:00+00:00
[2024-05-06T04:57:57.148+0000] {processor.py:183} INFO - Processing /home/airflow/.local/lib/python3.12/site-packages/airflow/example_dags/example_sla_dag.py took 0.092 seconds
[2024-05-06T04:58:28.036+0000] {processor.py:161} INFO - Started process (PID=4614) to work on /home/airflow/.local/lib/python3.12/site-packages/airflow/example_dags/example_sla_dag.py
[2024-05-06T04:58:28.037+0000] {processor.py:830} INFO - Processing file /home/airflow/.local/lib/python3.12/site-packages/airflow/example_dags/example_sla_dag.py for tasks to queue
[2024-05-06T04:58:28.039+0000] {logging_mixin.py:188} INFO - [2024-05-06T04:58:28.038+0000] {dagbag.py:540} INFO - Filling up the DagBag from /home/airflow/.local/lib/python3.12/site-packages/airflow/example_dags/example_sla_dag.py
[2024-05-06T04:58:28.047+0000] {processor.py:840} INFO - DAG(s) 'example_sla_dag' retrieved from /home/airflow/.local/lib/python3.12/site-packages/airflow/example_dags/example_sla_dag.py
[2024-05-06T04:58:28.068+0000] {logging_mixin.py:188} INFO - [2024-05-06T04:58:28.068+0000] {dag.py:3096} INFO - Sync 1 DAGs
[2024-05-06T04:58:28.096+0000] {logging_mixin.py:188} INFO - [2024-05-06T04:58:28.096+0000] {dag.py:3954} INFO - Setting next_dagrun for example_sla_dag to 2024-05-06 04:56:00+00:00, run_after=2024-05-06 04:58:00+00:00
[2024-05-06T04:58:28.120+0000] {processor.py:183} INFO - Processing /home/airflow/.local/lib/python3.12/site-packages/airflow/example_dags/example_sla_dag.py took 0.091 seconds
[2024-05-06T04:58:58.338+0000] {processor.py:161} INFO - Started process (PID=4876) to work on /home/airflow/.local/lib/python3.12/site-packages/airflow/example_dags/example_sla_dag.py
[2024-05-06T04:58:58.338+0000] {processor.py:830} INFO - Processing file /home/airflow/.local/lib/python3.12/site-packages/airflow/example_dags/example_sla_dag.py for tasks to queue
[2024-05-06T04:58:58.340+0000] {logging_mixin.py:188} INFO - [2024-05-06T04:58:58.340+0000] {dagbag.py:540} INFO - Filling up the DagBag from /home/airflow/.local/lib/python3.12/site-packages/airflow/example_dags/example_sla_dag.py
[2024-05-06T04:58:58.351+0000] {processor.py:840} INFO - DAG(s) 'example_sla_dag' retrieved from /home/airflow/.local/lib/python3.12/site-packages/airflow/example_dags/example_sla_dag.py
[2024-05-06T04:58:58.374+0000] {logging_mixin.py:188} INFO - [2024-05-06T04:58:58.374+0000] {dag.py:3096} INFO - Sync 1 DAGs
[2024-05-06T04:58:58.405+0000] {logging_mixin.py:188} INFO - [2024-05-06T04:58:58.405+0000] {dag.py:3954} INFO - Setting next_dagrun for example_sla_dag to 2024-05-06 04:56:00+00:00, run_after=2024-05-06 04:58:00+00:00
[2024-05-06T04:58:58.428+0000] {processor.py:183} INFO - Processing /home/airflow/.local/lib/python3.12/site-packages/airflow/example_dags/example_sla_dag.py took 0.097 seconds
[2024-05-06T04:59:29.527+0000] {processor.py:161} INFO - Started process (PID=5139) to work on /home/airflow/.local/lib/python3.12/site-packages/airflow/example_dags/example_sla_dag.py
[2024-05-06T04:59:29.528+0000] {processor.py:830} INFO - Processing file /home/airflow/.local/lib/python3.12/site-packages/airflow/example_dags/example_sla_dag.py for tasks to queue
[2024-05-06T04:59:29.529+0000] {logging_mixin.py:188} INFO - [2024-05-06T04:59:29.529+0000] {dagbag.py:540} INFO - Filling up the DagBag from /home/airflow/.local/lib/python3.12/site-packages/airflow/example_dags/example_sla_dag.py
[2024-05-06T04:59:29.539+0000] {processor.py:840} INFO - DAG(s) 'example_sla_dag' retrieved from /home/airflow/.local/lib/python3.12/site-packages/airflow/example_dags/example_sla_dag.py
[2024-05-06T04:59:29.566+0000] {logging_mixin.py:188} INFO - [2024-05-06T04:59:29.566+0000] {dag.py:3096} INFO - Sync 1 DAGs
[2024-05-06T04:59:29.601+0000] {logging_mixin.py:188} INFO - [2024-05-06T04:59:29.601+0000] {dag.py:3954} INFO - Setting next_dagrun for example_sla_dag to 2024-05-06 04:56:00+00:00, run_after=2024-05-06 04:58:00+00:00
[2024-05-06T04:59:29.626+0000] {processor.py:183} INFO - Processing /home/airflow/.local/lib/python3.12/site-packages/airflow/example_dags/example_sla_dag.py took 0.105 seconds
[2024-05-06T04:59:59.784+0000] {processor.py:161} INFO - Started process (PID=5401) to work on /home/airflow/.local/lib/python3.12/site-packages/airflow/example_dags/example_sla_dag.py
[2024-05-06T04:59:59.785+0000] {processor.py:830} INFO - Processing file /home/airflow/.local/lib/python3.12/site-packages/airflow/example_dags/example_sla_dag.py for tasks to queue
[2024-05-06T04:59:59.786+0000] {logging_mixin.py:188} INFO - [2024-05-06T04:59:59.786+0000] {dagbag.py:540} INFO - Filling up the DagBag from /home/airflow/.local/lib/python3.12/site-packages/airflow/example_dags/example_sla_dag.py
[2024-05-06T04:59:59.796+0000] {processor.py:840} INFO - DAG(s) 'example_sla_dag' retrieved from /home/airflow/.local/lib/python3.12/site-packages/airflow/example_dags/example_sla_dag.py
[2024-05-06T04:59:59.818+0000] {logging_mixin.py:188} INFO - [2024-05-06T04:59:59.817+0000] {dag.py:3096} INFO - Sync 1 DAGs
[2024-05-06T04:59:59.846+0000] {logging_mixin.py:188} INFO - [2024-05-06T04:59:59.846+0000] {dag.py:3954} INFO - Setting next_dagrun for example_sla_dag to 2024-05-06 04:56:00+00:00, run_after=2024-05-06 04:58:00+00:00
[2024-05-06T04:59:59.871+0000] {processor.py:183} INFO - Processing /home/airflow/.local/lib/python3.12/site-packages/airflow/example_dags/example_sla_dag.py took 0.095 seconds
[2024-05-06T05:00:29.920+0000] {processor.py:161} INFO - Started process (PID=5664) to work on /home/airflow/.local/lib/python3.12/site-packages/airflow/example_dags/example_sla_dag.py
[2024-05-06T05:00:29.921+0000] {processor.py:830} INFO - Processing file /home/airflow/.local/lib/python3.12/site-packages/airflow/example_dags/example_sla_dag.py for tasks to queue
[2024-05-06T05:00:29.923+0000] {logging_mixin.py:188} INFO - [2024-05-06T05:00:29.923+0000] {dagbag.py:540} INFO - Filling up the DagBag from /home/airflow/.local/lib/python3.12/site-packages/airflow/example_dags/example_sla_dag.py
[2024-05-06T05:00:29.932+0000] {processor.py:840} INFO - DAG(s) 'example_sla_dag' retrieved from /home/airflow/.local/lib/python3.12/site-packages/airflow/example_dags/example_sla_dag.py
[2024-05-06T05:00:29.951+0000] {logging_mixin.py:188} INFO - [2024-05-06T05:00:29.950+0000] {dag.py:3096} INFO - Sync 1 DAGs
[2024-05-06T05:00:29.972+0000] {logging_mixin.py:188} INFO - [2024-05-06T05:00:29.972+0000] {dag.py:3954} INFO - Setting next_dagrun for example_sla_dag to 2024-05-06 04:58:00+00:00, run_after=2024-05-06 05:00:00+00:00
[2024-05-06T05:00:29.995+0000] {processor.py:183} INFO - Processing /home/airflow/.local/lib/python3.12/site-packages/airflow/example_dags/example_sla_dag.py took 0.081 seconds
[2024-05-06T05:01:00.280+0000] {processor.py:161} INFO - Started process (PID=5931) to work on /home/airflow/.local/lib/python3.12/site-packages/airflow/example_dags/example_sla_dag.py
[2024-05-06T05:01:00.283+0000] {processor.py:830} INFO - Processing file /home/airflow/.local/lib/python3.12/site-packages/airflow/example_dags/example_sla_dag.py for tasks to queue
[2024-05-06T05:01:00.285+0000] {logging_mixin.py:188} INFO - [2024-05-06T05:01:00.284+0000] {dagbag.py:540} INFO - Filling up the DagBag from /home/airflow/.local/lib/python3.12/site-packages/airflow/example_dags/example_sla_dag.py
[2024-05-06T05:01:00.308+0000] {processor.py:840} INFO - DAG(s) 'example_sla_dag' retrieved from /home/airflow/.local/lib/python3.12/site-packages/airflow/example_dags/example_sla_dag.py
[2024-05-06T05:01:00.352+0000] {logging_mixin.py:188} INFO - [2024-05-06T05:01:00.352+0000] {dag.py:3096} INFO - Sync 1 DAGs
[2024-05-06T05:01:00.406+0000] {logging_mixin.py:188} INFO - [2024-05-06T05:01:00.405+0000] {dag.py:3954} INFO - Setting next_dagrun for example_sla_dag to 2024-05-06 04:58:00+00:00, run_after=2024-05-06 05:00:00+00:00
[2024-05-06T05:01:00.445+0000] {processor.py:183} INFO - Processing /home/airflow/.local/lib/python3.12/site-packages/airflow/example_dags/example_sla_dag.py took 0.173 seconds
[2024-05-06T05:01:31.150+0000] {processor.py:161} INFO - Started process (PID=6198) to work on /home/airflow/.local/lib/python3.12/site-packages/airflow/example_dags/example_sla_dag.py
[2024-05-06T05:01:31.151+0000] {processor.py:830} INFO - Processing file /home/airflow/.local/lib/python3.12/site-packages/airflow/example_dags/example_sla_dag.py for tasks to queue
[2024-05-06T05:01:31.153+0000] {logging_mixin.py:188} INFO - [2024-05-06T05:01:31.153+0000] {dagbag.py:540} INFO - Filling up the DagBag from /home/airflow/.local/lib/python3.12/site-packages/airflow/example_dags/example_sla_dag.py
[2024-05-06T05:01:31.164+0000] {processor.py:840} INFO - DAG(s) 'example_sla_dag' retrieved from /home/airflow/.local/lib/python3.12/site-packages/airflow/example_dags/example_sla_dag.py
[2024-05-06T05:01:31.185+0000] {logging_mixin.py:188} INFO - [2024-05-06T05:01:31.184+0000] {dag.py:3096} INFO - Sync 1 DAGs
[2024-05-06T05:01:31.212+0000] {logging_mixin.py:188} INFO - [2024-05-06T05:01:31.212+0000] {dag.py:3954} INFO - Setting next_dagrun for example_sla_dag to 2024-05-06 04:58:00+00:00, run_after=2024-05-06 05:00:00+00:00
[2024-05-06T05:01:31.233+0000] {processor.py:183} INFO - Processing /home/airflow/.local/lib/python3.12/site-packages/airflow/example_dags/example_sla_dag.py took 0.090 seconds
[2024-05-06T05:02:01.507+0000] {processor.py:161} INFO - Started process (PID=6466) to work on /home/airflow/.local/lib/python3.12/site-packages/airflow/example_dags/example_sla_dag.py
[2024-05-06T05:02:01.508+0000] {processor.py:830} INFO - Processing file /home/airflow/.local/lib/python3.12/site-packages/airflow/example_dags/example_sla_dag.py for tasks to queue
[2024-05-06T05:02:01.510+0000] {logging_mixin.py:188} INFO - [2024-05-06T05:02:01.509+0000] {dagbag.py:540} INFO - Filling up the DagBag from /home/airflow/.local/lib/python3.12/site-packages/airflow/example_dags/example_sla_dag.py
[2024-05-06T05:02:01.524+0000] {processor.py:840} INFO - DAG(s) 'example_sla_dag' retrieved from /home/airflow/.local/lib/python3.12/site-packages/airflow/example_dags/example_sla_dag.py
[2024-05-06T05:02:01.554+0000] {logging_mixin.py:188} INFO - [2024-05-06T05:02:01.554+0000] {dag.py:3096} INFO - Sync 1 DAGs
[2024-05-06T05:02:01.606+0000] {logging_mixin.py:188} INFO - [2024-05-06T05:02:01.606+0000] {dag.py:3954} INFO - Setting next_dagrun for example_sla_dag to 2024-05-06 05:00:00+00:00, run_after=2024-05-06 05:02:00+00:00
[2024-05-06T05:02:01.639+0000] {processor.py:183} INFO - Processing /home/airflow/.local/lib/python3.12/site-packages/airflow/example_dags/example_sla_dag.py took 0.149 seconds
[2024-05-06T05:02:32.564+0000] {processor.py:161} INFO - Started process (PID=6736) to work on /home/airflow/.local/lib/python3.12/site-packages/airflow/example_dags/example_sla_dag.py
[2024-05-06T05:02:32.565+0000] {processor.py:830} INFO - Processing file /home/airflow/.local/lib/python3.12/site-packages/airflow/example_dags/example_sla_dag.py for tasks to queue
[2024-05-06T05:02:32.566+0000] {logging_mixin.py:188} INFO - [2024-05-06T05:02:32.566+0000] {dagbag.py:540} INFO - Filling up the DagBag from /home/airflow/.local/lib/python3.12/site-packages/airflow/example_dags/example_sla_dag.py
[2024-05-06T05:02:32.573+0000] {processor.py:840} INFO - DAG(s) 'example_sla_dag' retrieved from /home/airflow/.local/lib/python3.12/site-packages/airflow/example_dags/example_sla_dag.py
[2024-05-06T05:02:32.594+0000] {logging_mixin.py:188} INFO - [2024-05-06T05:02:32.594+0000] {dag.py:3096} INFO - Sync 1 DAGs
[2024-05-06T05:02:32.614+0000] {logging_mixin.py:188} INFO - [2024-05-06T05:02:32.614+0000] {dag.py:3954} INFO - Setting next_dagrun for example_sla_dag to 2024-05-06 05:00:00+00:00, run_after=2024-05-06 05:02:00+00:00
[2024-05-06T05:02:32.634+0000] {processor.py:183} INFO - Processing /home/airflow/.local/lib/python3.12/site-packages/airflow/example_dags/example_sla_dag.py took 0.075 seconds
[2024-05-06T05:03:03.042+0000] {processor.py:161} INFO - Started process (PID=7004) to work on /home/airflow/.local/lib/python3.12/site-packages/airflow/example_dags/example_sla_dag.py
[2024-05-06T05:03:03.043+0000] {processor.py:830} INFO - Processing file /home/airflow/.local/lib/python3.12/site-packages/airflow/example_dags/example_sla_dag.py for tasks to queue
[2024-05-06T05:03:03.044+0000] {logging_mixin.py:188} INFO - [2024-05-06T05:03:03.044+0000] {dagbag.py:540} INFO - Filling up the DagBag from /home/airflow/.local/lib/python3.12/site-packages/airflow/example_dags/example_sla_dag.py
[2024-05-06T05:03:03.054+0000] {processor.py:840} INFO - DAG(s) 'example_sla_dag' retrieved from /home/airflow/.local/lib/python3.12/site-packages/airflow/example_dags/example_sla_dag.py
[2024-05-06T05:03:03.071+0000] {logging_mixin.py:188} INFO - [2024-05-06T05:03:03.071+0000] {dag.py:3096} INFO - Sync 1 DAGs
[2024-05-06T05:03:03.091+0000] {logging_mixin.py:188} INFO - [2024-05-06T05:03:03.091+0000] {dag.py:3954} INFO - Setting next_dagrun for example_sla_dag to 2024-05-06 05:00:00+00:00, run_after=2024-05-06 05:02:00+00:00
[2024-05-06T05:03:03.111+0000] {processor.py:183} INFO - Processing /home/airflow/.local/lib/python3.12/site-packages/airflow/example_dags/example_sla_dag.py took 0.077 seconds
[2024-05-06T05:03:33.584+0000] {processor.py:161} INFO - Started process (PID=7271) to work on /home/airflow/.local/lib/python3.12/site-packages/airflow/example_dags/example_sla_dag.py
[2024-05-06T05:03:33.585+0000] {processor.py:830} INFO - Processing file /home/airflow/.local/lib/python3.12/site-packages/airflow/example_dags/example_sla_dag.py for tasks to queue
[2024-05-06T05:03:33.586+0000] {logging_mixin.py:188} INFO - [2024-05-06T05:03:33.586+0000] {dagbag.py:540} INFO - Filling up the DagBag from /home/airflow/.local/lib/python3.12/site-packages/airflow/example_dags/example_sla_dag.py
[2024-05-06T05:03:33.593+0000] {processor.py:840} INFO - DAG(s) 'example_sla_dag' retrieved from /home/airflow/.local/lib/python3.12/site-packages/airflow/example_dags/example_sla_dag.py
[2024-05-06T05:03:33.613+0000] {logging_mixin.py:188} INFO - [2024-05-06T05:03:33.613+0000] {dag.py:3096} INFO - Sync 1 DAGs
[2024-05-06T05:03:33.759+0000] {logging_mixin.py:188} INFO - [2024-05-06T05:03:33.759+0000] {dag.py:3954} INFO - Setting next_dagrun for example_sla_dag to 2024-05-06 05:00:00+00:00, run_after=2024-05-06 05:02:00+00:00
[2024-05-06T05:03:33.781+0000] {processor.py:183} INFO - Processing /home/airflow/.local/lib/python3.12/site-packages/airflow/example_dags/example_sla_dag.py took 0.203 seconds
[2024-05-06T05:04:04.288+0000] {processor.py:161} INFO - Started process (PID=7538) to work on /home/airflow/.local/lib/python3.12/site-packages/airflow/example_dags/example_sla_dag.py
[2024-05-06T05:04:04.289+0000] {processor.py:830} INFO - Processing file /home/airflow/.local/lib/python3.12/site-packages/airflow/example_dags/example_sla_dag.py for tasks to queue
[2024-05-06T05:04:04.291+0000] {logging_mixin.py:188} INFO - [2024-05-06T05:04:04.290+0000] {dagbag.py:540} INFO - Filling up the DagBag from /home/airflow/.local/lib/python3.12/site-packages/airflow/example_dags/example_sla_dag.py
[2024-05-06T05:04:04.297+0000] {processor.py:840} INFO - DAG(s) 'example_sla_dag' retrieved from /home/airflow/.local/lib/python3.12/site-packages/airflow/example_dags/example_sla_dag.py
[2024-05-06T05:04:04.314+0000] {logging_mixin.py:188} INFO - [2024-05-06T05:04:04.314+0000] {dag.py:3096} INFO - Sync 1 DAGs
[2024-05-06T05:04:04.335+0000] {logging_mixin.py:188} INFO - [2024-05-06T05:04:04.335+0000] {dag.py:3954} INFO - Setting next_dagrun for example_sla_dag to 2024-05-06 05:02:00+00:00, run_after=2024-05-06 05:04:00+00:00
[2024-05-06T05:04:04.474+0000] {processor.py:183} INFO - Processing /home/airflow/.local/lib/python3.12/site-packages/airflow/example_dags/example_sla_dag.py took 0.191 seconds
[2024-05-06T05:04:34.504+0000] {processor.py:161} INFO - Started process (PID=7805) to work on /home/airflow/.local/lib/python3.12/site-packages/airflow/example_dags/example_sla_dag.py
[2024-05-06T05:04:34.505+0000] {processor.py:830} INFO - Processing file /home/airflow/.local/lib/python3.12/site-packages/airflow/example_dags/example_sla_dag.py for tasks to queue
[2024-05-06T05:04:34.506+0000] {logging_mixin.py:188} INFO - [2024-05-06T05:04:34.506+0000] {dagbag.py:540} INFO - Filling up the DagBag from /home/airflow/.local/lib/python3.12/site-packages/airflow/example_dags/example_sla_dag.py
[2024-05-06T05:04:34.513+0000] {processor.py:840} INFO - DAG(s) 'example_sla_dag' retrieved from /home/airflow/.local/lib/python3.12/site-packages/airflow/example_dags/example_sla_dag.py
[2024-05-06T05:04:34.529+0000] {logging_mixin.py:188} INFO - [2024-05-06T05:04:34.529+0000] {dag.py:3096} INFO - Sync 1 DAGs
[2024-05-06T05:04:34.550+0000] {logging_mixin.py:188} INFO - [2024-05-06T05:04:34.550+0000] {dag.py:3954} INFO - Setting next_dagrun for example_sla_dag to 2024-05-06 05:02:00+00:00, run_after=2024-05-06 05:04:00+00:00
[2024-05-06T05:04:34.573+0000] {processor.py:183} INFO - Processing /home/airflow/.local/lib/python3.12/site-packages/airflow/example_dags/example_sla_dag.py took 0.073 seconds
[2024-05-06T05:05:04.629+0000] {processor.py:161} INFO - Started process (PID=8072) to work on /home/airflow/.local/lib/python3.12/site-packages/airflow/example_dags/example_sla_dag.py
[2024-05-06T05:05:04.630+0000] {processor.py:830} INFO - Processing file /home/airflow/.local/lib/python3.12/site-packages/airflow/example_dags/example_sla_dag.py for tasks to queue
[2024-05-06T05:05:04.631+0000] {logging_mixin.py:188} INFO - [2024-05-06T05:05:04.631+0000] {dagbag.py:540} INFO - Filling up the DagBag from /home/airflow/.local/lib/python3.12/site-packages/airflow/example_dags/example_sla_dag.py
[2024-05-06T05:05:04.640+0000] {processor.py:840} INFO - DAG(s) 'example_sla_dag' retrieved from /home/airflow/.local/lib/python3.12/site-packages/airflow/example_dags/example_sla_dag.py
[2024-05-06T05:05:04.657+0000] {logging_mixin.py:188} INFO - [2024-05-06T05:05:04.656+0000] {dag.py:3096} INFO - Sync 1 DAGs
[2024-05-06T05:05:04.677+0000] {logging_mixin.py:188} INFO - [2024-05-06T05:05:04.677+0000] {dag.py:3954} INFO - Setting next_dagrun for example_sla_dag to 2024-05-06 05:02:00+00:00, run_after=2024-05-06 05:04:00+00:00
[2024-05-06T05:05:04.700+0000] {processor.py:183} INFO - Processing /home/airflow/.local/lib/python3.12/site-packages/airflow/example_dags/example_sla_dag.py took 0.078 seconds
[2024-05-06T05:05:34.745+0000] {processor.py:161} INFO - Started process (PID=8344) to work on /home/airflow/.local/lib/python3.12/site-packages/airflow/example_dags/example_sla_dag.py
[2024-05-06T05:05:34.746+0000] {processor.py:830} INFO - Processing file /home/airflow/.local/lib/python3.12/site-packages/airflow/example_dags/example_sla_dag.py for tasks to queue
[2024-05-06T05:05:34.747+0000] {logging_mixin.py:188} INFO - [2024-05-06T05:05:34.747+0000] {dagbag.py:540} INFO - Filling up the DagBag from /home/airflow/.local/lib/python3.12/site-packages/airflow/example_dags/example_sla_dag.py
[2024-05-06T05:05:34.754+0000] {processor.py:840} INFO - DAG(s) 'example_sla_dag' retrieved from /home/airflow/.local/lib/python3.12/site-packages/airflow/example_dags/example_sla_dag.py
[2024-05-06T05:05:34.772+0000] {logging_mixin.py:188} INFO - [2024-05-06T05:05:34.772+0000] {dag.py:3096} INFO - Sync 1 DAGs
[2024-05-06T05:05:34.792+0000] {logging_mixin.py:188} INFO - [2024-05-06T05:05:34.792+0000] {dag.py:3954} INFO - Setting next_dagrun for example_sla_dag to 2024-05-06 05:02:00+00:00, run_after=2024-05-06 05:04:00+00:00
[2024-05-06T05:05:34.811+0000] {processor.py:183} INFO - Processing /home/airflow/.local/lib/python3.12/site-packages/airflow/example_dags/example_sla_dag.py took 0.071 seconds
[2024-05-06T05:06:05.178+0000] {processor.py:161} INFO - Started process (PID=8616) to work on /home/airflow/.local/lib/python3.12/site-packages/airflow/example_dags/example_sla_dag.py
[2024-05-06T05:06:05.179+0000] {processor.py:830} INFO - Processing file /home/airflow/.local/lib/python3.12/site-packages/airflow/example_dags/example_sla_dag.py for tasks to queue
[2024-05-06T05:06:05.180+0000] {logging_mixin.py:188} INFO - [2024-05-06T05:06:05.180+0000] {dagbag.py:540} INFO - Filling up the DagBag from /home/airflow/.local/lib/python3.12/site-packages/airflow/example_dags/example_sla_dag.py
[2024-05-06T05:06:05.187+0000] {processor.py:840} INFO - DAG(s) 'example_sla_dag' retrieved from /home/airflow/.local/lib/python3.12/site-packages/airflow/example_dags/example_sla_dag.py
[2024-05-06T05:06:05.202+0000] {logging_mixin.py:188} INFO - [2024-05-06T05:06:05.202+0000] {dag.py:3096} INFO - Sync 1 DAGs
[2024-05-06T05:06:05.222+0000] {logging_mixin.py:188} INFO - [2024-05-06T05:06:05.222+0000] {dag.py:3954} INFO - Setting next_dagrun for example_sla_dag to 2024-05-06 05:04:00+00:00, run_after=2024-05-06 05:06:00+00:00
[2024-05-06T05:06:05.242+0000] {processor.py:183} INFO - Processing /home/airflow/.local/lib/python3.12/site-packages/airflow/example_dags/example_sla_dag.py took 0.070 seconds
[2024-05-06T05:06:35.502+0000] {processor.py:161} INFO - Started process (PID=8888) to work on /home/airflow/.local/lib/python3.12/site-packages/airflow/example_dags/example_sla_dag.py
[2024-05-06T05:06:35.502+0000] {processor.py:830} INFO - Processing file /home/airflow/.local/lib/python3.12/site-packages/airflow/example_dags/example_sla_dag.py for tasks to queue
[2024-05-06T05:06:35.504+0000] {logging_mixin.py:188} INFO - [2024-05-06T05:06:35.504+0000] {dagbag.py:540} INFO - Filling up the DagBag from /home/airflow/.local/lib/python3.12/site-packages/airflow/example_dags/example_sla_dag.py
[2024-05-06T05:06:35.511+0000] {processor.py:840} INFO - DAG(s) 'example_sla_dag' retrieved from /home/airflow/.local/lib/python3.12/site-packages/airflow/example_dags/example_sla_dag.py
[2024-05-06T05:06:35.527+0000] {logging_mixin.py:188} INFO - [2024-05-06T05:06:35.526+0000] {dag.py:3096} INFO - Sync 1 DAGs
[2024-05-06T05:06:35.547+0000] {logging_mixin.py:188} INFO - [2024-05-06T05:06:35.547+0000] {dag.py:3954} INFO - Setting next_dagrun for example_sla_dag to 2024-05-06 05:04:00+00:00, run_after=2024-05-06 05:06:00+00:00
[2024-05-06T05:06:35.566+0000] {processor.py:183} INFO - Processing /home/airflow/.local/lib/python3.12/site-packages/airflow/example_dags/example_sla_dag.py took 0.069 seconds
[2024-05-06T05:07:06.143+0000] {processor.py:161} INFO - Started process (PID=9160) to work on /home/airflow/.local/lib/python3.12/site-packages/airflow/example_dags/example_sla_dag.py
[2024-05-06T05:07:06.144+0000] {processor.py:830} INFO - Processing file /home/airflow/.local/lib/python3.12/site-packages/airflow/example_dags/example_sla_dag.py for tasks to queue
[2024-05-06T05:07:06.145+0000] {logging_mixin.py:188} INFO - [2024-05-06T05:07:06.145+0000] {dagbag.py:540} INFO - Filling up the DagBag from /home/airflow/.local/lib/python3.12/site-packages/airflow/example_dags/example_sla_dag.py
[2024-05-06T05:07:06.152+0000] {processor.py:840} INFO - DAG(s) 'example_sla_dag' retrieved from /home/airflow/.local/lib/python3.12/site-packages/airflow/example_dags/example_sla_dag.py
[2024-05-06T05:07:06.168+0000] {logging_mixin.py:188} INFO - [2024-05-06T05:07:06.168+0000] {dag.py:3096} INFO - Sync 1 DAGs
[2024-05-06T05:07:06.190+0000] {logging_mixin.py:188} INFO - [2024-05-06T05:07:06.190+0000] {dag.py:3954} INFO - Setting next_dagrun for example_sla_dag to 2024-05-06 05:04:00+00:00, run_after=2024-05-06 05:06:00+00:00
[2024-05-06T05:07:06.210+0000] {processor.py:183} INFO - Processing /home/airflow/.local/lib/python3.12/site-packages/airflow/example_dags/example_sla_dag.py took 0.072 seconds
[2024-05-06T05:07:36.919+0000] {processor.py:161} INFO - Started process (PID=9434) to work on /home/airflow/.local/lib/python3.12/site-packages/airflow/example_dags/example_sla_dag.py
[2024-05-06T05:07:36.920+0000] {processor.py:830} INFO - Processing file /home/airflow/.local/lib/python3.12/site-packages/airflow/example_dags/example_sla_dag.py for tasks to queue
[2024-05-06T05:07:36.922+0000] {logging_mixin.py:188} INFO - [2024-05-06T05:07:36.922+0000] {dagbag.py:540} INFO - Filling up the DagBag from /home/airflow/.local/lib/python3.12/site-packages/airflow/example_dags/example_sla_dag.py
[2024-05-06T05:07:36.930+0000] {processor.py:840} INFO - DAG(s) 'example_sla_dag' retrieved from /home/airflow/.local/lib/python3.12/site-packages/airflow/example_dags/example_sla_dag.py
[2024-05-06T05:07:36.948+0000] {logging_mixin.py:188} INFO - [2024-05-06T05:07:36.947+0000] {dag.py:3096} INFO - Sync 1 DAGs
[2024-05-06T05:07:36.970+0000] {logging_mixin.py:188} INFO - [2024-05-06T05:07:36.969+0000] {dag.py:3954} INFO - Setting next_dagrun for example_sla_dag to 2024-05-06 05:04:00+00:00, run_after=2024-05-06 05:06:00+00:00
[2024-05-06T05:07:36.990+0000] {processor.py:183} INFO - Processing /home/airflow/.local/lib/python3.12/site-packages/airflow/example_dags/example_sla_dag.py took 0.076 seconds
[2024-05-06T05:08:07.546+0000] {processor.py:161} INFO - Started process (PID=9707) to work on /home/airflow/.local/lib/python3.12/site-packages/airflow/example_dags/example_sla_dag.py
[2024-05-06T05:08:07.546+0000] {processor.py:830} INFO - Processing file /home/airflow/.local/lib/python3.12/site-packages/airflow/example_dags/example_sla_dag.py for tasks to queue
[2024-05-06T05:08:07.547+0000] {logging_mixin.py:188} INFO - [2024-05-06T05:08:07.547+0000] {dagbag.py:540} INFO - Filling up the DagBag from /home/airflow/.local/lib/python3.12/site-packages/airflow/example_dags/example_sla_dag.py
[2024-05-06T05:08:07.556+0000] {processor.py:840} INFO - DAG(s) 'example_sla_dag' retrieved from /home/airflow/.local/lib/python3.12/site-packages/airflow/example_dags/example_sla_dag.py
[2024-05-06T05:08:07.571+0000] {logging_mixin.py:188} INFO - [2024-05-06T05:08:07.570+0000] {dag.py:3096} INFO - Sync 1 DAGs
[2024-05-06T05:08:07.591+0000] {logging_mixin.py:188} INFO - [2024-05-06T05:08:07.591+0000] {dag.py:3954} INFO - Setting next_dagrun for example_sla_dag to 2024-05-06 05:06:00+00:00, run_after=2024-05-06 05:08:00+00:00
[2024-05-06T05:08:07.613+0000] {processor.py:183} INFO - Processing /home/airflow/.local/lib/python3.12/site-packages/airflow/example_dags/example_sla_dag.py took 0.072 seconds
[2024-05-06T05:08:38.205+0000] {processor.py:161} INFO - Started process (PID=9979) to work on /home/airflow/.local/lib/python3.12/site-packages/airflow/example_dags/example_sla_dag.py
[2024-05-06T05:08:38.206+0000] {processor.py:830} INFO - Processing file /home/airflow/.local/lib/python3.12/site-packages/airflow/example_dags/example_sla_dag.py for tasks to queue
[2024-05-06T05:08:38.207+0000] {logging_mixin.py:188} INFO - [2024-05-06T05:08:38.207+0000] {dagbag.py:540} INFO - Filling up the DagBag from /home/airflow/.local/lib/python3.12/site-packages/airflow/example_dags/example_sla_dag.py
[2024-05-06T05:08:38.215+0000] {processor.py:840} INFO - DAG(s) 'example_sla_dag' retrieved from /home/airflow/.local/lib/python3.12/site-packages/airflow/example_dags/example_sla_dag.py
[2024-05-06T05:08:38.231+0000] {logging_mixin.py:188} INFO - [2024-05-06T05:08:38.231+0000] {dag.py:3096} INFO - Sync 1 DAGs
[2024-05-06T05:08:38.251+0000] {logging_mixin.py:188} INFO - [2024-05-06T05:08:38.251+0000] {dag.py:3954} INFO - Setting next_dagrun for example_sla_dag to 2024-05-06 05:06:00+00:00, run_after=2024-05-06 05:08:00+00:00
[2024-05-06T05:08:38.273+0000] {processor.py:183} INFO - Processing /home/airflow/.local/lib/python3.12/site-packages/airflow/example_dags/example_sla_dag.py took 0.073 seconds
[2024-05-06T05:09:08.809+0000] {processor.py:161} INFO - Started process (PID=10251) to work on /home/airflow/.local/lib/python3.12/site-packages/airflow/example_dags/example_sla_dag.py
[2024-05-06T05:09:08.809+0000] {processor.py:830} INFO - Processing file /home/airflow/.local/lib/python3.12/site-packages/airflow/example_dags/example_sla_dag.py for tasks to queue
[2024-05-06T05:09:08.811+0000] {logging_mixin.py:188} INFO - [2024-05-06T05:09:08.810+0000] {dagbag.py:540} INFO - Filling up the DagBag from /home/airflow/.local/lib/python3.12/site-packages/airflow/example_dags/example_sla_dag.py
[2024-05-06T05:09:08.817+0000] {processor.py:840} INFO - DAG(s) 'example_sla_dag' retrieved from /home/airflow/.local/lib/python3.12/site-packages/airflow/example_dags/example_sla_dag.py
[2024-05-06T05:09:08.832+0000] {logging_mixin.py:188} INFO - [2024-05-06T05:09:08.832+0000] {dag.py:3096} INFO - Sync 1 DAGs
[2024-05-06T05:09:08.852+0000] {logging_mixin.py:188} INFO - [2024-05-06T05:09:08.852+0000] {dag.py:3954} INFO - Setting next_dagrun for example_sla_dag to 2024-05-06 05:06:00+00:00, run_after=2024-05-06 05:08:00+00:00
[2024-05-06T05:09:08.871+0000] {processor.py:183} INFO - Processing /home/airflow/.local/lib/python3.12/site-packages/airflow/example_dags/example_sla_dag.py took 0.069 seconds
[2024-05-06T05:09:39.164+0000] {processor.py:161} INFO - Started process (PID=10523) to work on /home/airflow/.local/lib/python3.12/site-packages/airflow/example_dags/example_sla_dag.py
[2024-05-06T05:09:39.165+0000] {processor.py:830} INFO - Processing file /home/airflow/.local/lib/python3.12/site-packages/airflow/example_dags/example_sla_dag.py for tasks to queue
[2024-05-06T05:09:39.166+0000] {logging_mixin.py:188} INFO - [2024-05-06T05:09:39.166+0000] {dagbag.py:540} INFO - Filling up the DagBag from /home/airflow/.local/lib/python3.12/site-packages/airflow/example_dags/example_sla_dag.py
[2024-05-06T05:09:39.173+0000] {processor.py:840} INFO - DAG(s) 'example_sla_dag' retrieved from /home/airflow/.local/lib/python3.12/site-packages/airflow/example_dags/example_sla_dag.py
[2024-05-06T05:09:39.188+0000] {logging_mixin.py:188} INFO - [2024-05-06T05:09:39.188+0000] {dag.py:3096} INFO - Sync 1 DAGs
[2024-05-06T05:09:39.210+0000] {logging_mixin.py:188} INFO - [2024-05-06T05:09:39.210+0000] {dag.py:3954} INFO - Setting next_dagrun for example_sla_dag to 2024-05-06 05:06:00+00:00, run_after=2024-05-06 05:08:00+00:00
[2024-05-06T05:09:39.238+0000] {processor.py:183} INFO - Processing /home/airflow/.local/lib/python3.12/site-packages/airflow/example_dags/example_sla_dag.py took 0.079 seconds
[2024-05-06T05:10:09.751+0000] {processor.py:161} INFO - Started process (PID=10795) to work on /home/airflow/.local/lib/python3.12/site-packages/airflow/example_dags/example_sla_dag.py
[2024-05-06T05:10:09.751+0000] {processor.py:830} INFO - Processing file /home/airflow/.local/lib/python3.12/site-packages/airflow/example_dags/example_sla_dag.py for tasks to queue
[2024-05-06T05:10:09.753+0000] {logging_mixin.py:188} INFO - [2024-05-06T05:10:09.753+0000] {dagbag.py:540} INFO - Filling up the DagBag from /home/airflow/.local/lib/python3.12/site-packages/airflow/example_dags/example_sla_dag.py
[2024-05-06T05:10:09.760+0000] {processor.py:840} INFO - DAG(s) 'example_sla_dag' retrieved from /home/airflow/.local/lib/python3.12/site-packages/airflow/example_dags/example_sla_dag.py
[2024-05-06T05:10:09.779+0000] {logging_mixin.py:188} INFO - [2024-05-06T05:10:09.778+0000] {dag.py:3096} INFO - Sync 1 DAGs
[2024-05-06T05:10:09.803+0000] {logging_mixin.py:188} INFO - [2024-05-06T05:10:09.802+0000] {dag.py:3954} INFO - Setting next_dagrun for example_sla_dag to 2024-05-06 05:08:00+00:00, run_after=2024-05-06 05:10:00+00:00
[2024-05-06T05:10:09.825+0000] {processor.py:183} INFO - Processing /home/airflow/.local/lib/python3.12/site-packages/airflow/example_dags/example_sla_dag.py took 0.079 seconds
[2024-05-06T05:10:40.183+0000] {processor.py:161} INFO - Started process (PID=11067) to work on /home/airflow/.local/lib/python3.12/site-packages/airflow/example_dags/example_sla_dag.py
[2024-05-06T05:10:40.184+0000] {processor.py:830} INFO - Processing file /home/airflow/.local/lib/python3.12/site-packages/airflow/example_dags/example_sla_dag.py for tasks to queue
[2024-05-06T05:10:40.186+0000] {logging_mixin.py:188} INFO - [2024-05-06T05:10:40.185+0000] {dagbag.py:540} INFO - Filling up the DagBag from /home/airflow/.local/lib/python3.12/site-packages/airflow/example_dags/example_sla_dag.py
[2024-05-06T05:10:40.194+0000] {processor.py:840} INFO - DAG(s) 'example_sla_dag' retrieved from /home/airflow/.local/lib/python3.12/site-packages/airflow/example_dags/example_sla_dag.py
[2024-05-06T05:10:40.211+0000] {logging_mixin.py:188} INFO - [2024-05-06T05:10:40.210+0000] {dag.py:3096} INFO - Sync 1 DAGs
[2024-05-06T05:10:40.233+0000] {logging_mixin.py:188} INFO - [2024-05-06T05:10:40.232+0000] {dag.py:3954} INFO - Setting next_dagrun for example_sla_dag to 2024-05-06 05:08:00+00:00, run_after=2024-05-06 05:10:00+00:00
[2024-05-06T05:10:40.253+0000] {processor.py:183} INFO - Processing /home/airflow/.local/lib/python3.12/site-packages/airflow/example_dags/example_sla_dag.py took 0.075 seconds
[2024-05-06T05:11:10.502+0000] {processor.py:161} INFO - Started process (PID=11339) to work on /home/airflow/.local/lib/python3.12/site-packages/airflow/example_dags/example_sla_dag.py
[2024-05-06T05:11:10.502+0000] {processor.py:830} INFO - Processing file /home/airflow/.local/lib/python3.12/site-packages/airflow/example_dags/example_sla_dag.py for tasks to queue
[2024-05-06T05:11:10.504+0000] {logging_mixin.py:188} INFO - [2024-05-06T05:11:10.504+0000] {dagbag.py:540} INFO - Filling up the DagBag from /home/airflow/.local/lib/python3.12/site-packages/airflow/example_dags/example_sla_dag.py
[2024-05-06T05:11:10.512+0000] {processor.py:840} INFO - DAG(s) 'example_sla_dag' retrieved from /home/airflow/.local/lib/python3.12/site-packages/airflow/example_dags/example_sla_dag.py
[2024-05-06T05:11:10.528+0000] {logging_mixin.py:188} INFO - [2024-05-06T05:11:10.528+0000] {dag.py:3096} INFO - Sync 1 DAGs
[2024-05-06T05:11:10.551+0000] {logging_mixin.py:188} INFO - [2024-05-06T05:11:10.551+0000] {dag.py:3954} INFO - Setting next_dagrun for example_sla_dag to 2024-05-06 05:08:00+00:00, run_after=2024-05-06 05:10:00+00:00
[2024-05-06T05:11:10.578+0000] {processor.py:183} INFO - Processing /home/airflow/.local/lib/python3.12/site-packages/airflow/example_dags/example_sla_dag.py took 0.081 seconds
[2024-05-06T05:11:41.273+0000] {processor.py:161} INFO - Started process (PID=11612) to work on /home/airflow/.local/lib/python3.12/site-packages/airflow/example_dags/example_sla_dag.py
[2024-05-06T05:11:41.273+0000] {processor.py:830} INFO - Processing file /home/airflow/.local/lib/python3.12/site-packages/airflow/example_dags/example_sla_dag.py for tasks to queue
[2024-05-06T05:11:41.275+0000] {logging_mixin.py:188} INFO - [2024-05-06T05:11:41.274+0000] {dagbag.py:540} INFO - Filling up the DagBag from /home/airflow/.local/lib/python3.12/site-packages/airflow/example_dags/example_sla_dag.py
[2024-05-06T05:11:41.283+0000] {processor.py:840} INFO - DAG(s) 'example_sla_dag' retrieved from /home/airflow/.local/lib/python3.12/site-packages/airflow/example_dags/example_sla_dag.py
[2024-05-06T05:11:41.307+0000] {logging_mixin.py:188} INFO - [2024-05-06T05:11:41.307+0000] {dag.py:3096} INFO - Sync 1 DAGs
[2024-05-06T05:11:41.329+0000] {logging_mixin.py:188} INFO - [2024-05-06T05:11:41.329+0000] {dag.py:3954} INFO - Setting next_dagrun for example_sla_dag to 2024-05-06 05:08:00+00:00, run_after=2024-05-06 05:10:00+00:00
[2024-05-06T05:11:41.349+0000] {processor.py:183} INFO - Processing /home/airflow/.local/lib/python3.12/site-packages/airflow/example_dags/example_sla_dag.py took 0.081 seconds
[2024-05-06T05:12:11.459+0000] {processor.py:161} INFO - Started process (PID=11884) to work on /home/airflow/.local/lib/python3.12/site-packages/airflow/example_dags/example_sla_dag.py
[2024-05-06T05:12:11.460+0000] {processor.py:830} INFO - Processing file /home/airflow/.local/lib/python3.12/site-packages/airflow/example_dags/example_sla_dag.py for tasks to queue
[2024-05-06T05:12:11.461+0000] {logging_mixin.py:188} INFO - [2024-05-06T05:12:11.461+0000] {dagbag.py:540} INFO - Filling up the DagBag from /home/airflow/.local/lib/python3.12/site-packages/airflow/example_dags/example_sla_dag.py
[2024-05-06T05:12:11.468+0000] {processor.py:840} INFO - DAG(s) 'example_sla_dag' retrieved from /home/airflow/.local/lib/python3.12/site-packages/airflow/example_dags/example_sla_dag.py
[2024-05-06T05:12:11.484+0000] {logging_mixin.py:188} INFO - [2024-05-06T05:12:11.483+0000] {dag.py:3096} INFO - Sync 1 DAGs
[2024-05-06T05:12:11.503+0000] {logging_mixin.py:188} INFO - [2024-05-06T05:12:11.503+0000] {dag.py:3954} INFO - Setting next_dagrun for example_sla_dag to 2024-05-06 05:10:00+00:00, run_after=2024-05-06 05:12:00+00:00
[2024-05-06T05:12:11.523+0000] {processor.py:183} INFO - Processing /home/airflow/.local/lib/python3.12/site-packages/airflow/example_dags/example_sla_dag.py took 0.071 seconds
[2024-05-06T05:12:41.981+0000] {processor.py:161} INFO - Started process (PID=12156) to work on /home/airflow/.local/lib/python3.12/site-packages/airflow/example_dags/example_sla_dag.py
[2024-05-06T05:12:41.982+0000] {processor.py:830} INFO - Processing file /home/airflow/.local/lib/python3.12/site-packages/airflow/example_dags/example_sla_dag.py for tasks to queue
[2024-05-06T05:12:41.984+0000] {logging_mixin.py:188} INFO - [2024-05-06T05:12:41.983+0000] {dagbag.py:540} INFO - Filling up the DagBag from /home/airflow/.local/lib/python3.12/site-packages/airflow/example_dags/example_sla_dag.py
[2024-05-06T05:12:41.990+0000] {processor.py:840} INFO - DAG(s) 'example_sla_dag' retrieved from /home/airflow/.local/lib/python3.12/site-packages/airflow/example_dags/example_sla_dag.py
[2024-05-06T05:12:42.007+0000] {logging_mixin.py:188} INFO - [2024-05-06T05:12:42.007+0000] {dag.py:3096} INFO - Sync 1 DAGs
[2024-05-06T05:12:42.029+0000] {logging_mixin.py:188} INFO - [2024-05-06T05:12:42.029+0000] {dag.py:3954} INFO - Setting next_dagrun for example_sla_dag to 2024-05-06 05:10:00+00:00, run_after=2024-05-06 05:12:00+00:00
[2024-05-06T05:12:42.049+0000] {processor.py:183} INFO - Processing /home/airflow/.local/lib/python3.12/site-packages/airflow/example_dags/example_sla_dag.py took 0.073 seconds
[2024-05-06T05:13:12.649+0000] {processor.py:161} INFO - Started process (PID=12429) to work on /home/airflow/.local/lib/python3.12/site-packages/airflow/example_dags/example_sla_dag.py
[2024-05-06T05:13:12.650+0000] {processor.py:830} INFO - Processing file /home/airflow/.local/lib/python3.12/site-packages/airflow/example_dags/example_sla_dag.py for tasks to queue
[2024-05-06T05:13:12.651+0000] {logging_mixin.py:188} INFO - [2024-05-06T05:13:12.651+0000] {dagbag.py:540} INFO - Filling up the DagBag from /home/airflow/.local/lib/python3.12/site-packages/airflow/example_dags/example_sla_dag.py
[2024-05-06T05:13:12.658+0000] {processor.py:840} INFO - DAG(s) 'example_sla_dag' retrieved from /home/airflow/.local/lib/python3.12/site-packages/airflow/example_dags/example_sla_dag.py
[2024-05-06T05:13:12.674+0000] {logging_mixin.py:188} INFO - [2024-05-06T05:13:12.674+0000] {dag.py:3096} INFO - Sync 1 DAGs
[2024-05-06T05:13:12.694+0000] {logging_mixin.py:188} INFO - [2024-05-06T05:13:12.694+0000] {dag.py:3954} INFO - Setting next_dagrun for example_sla_dag to 2024-05-06 05:10:00+00:00, run_after=2024-05-06 05:12:00+00:00
[2024-05-06T05:13:12.714+0000] {processor.py:183} INFO - Processing /home/airflow/.local/lib/python3.12/site-packages/airflow/example_dags/example_sla_dag.py took 0.070 seconds
[2024-05-06T05:13:43.351+0000] {processor.py:161} INFO - Started process (PID=12702) to work on /home/airflow/.local/lib/python3.12/site-packages/airflow/example_dags/example_sla_dag.py
[2024-05-06T05:13:43.351+0000] {processor.py:830} INFO - Processing file /home/airflow/.local/lib/python3.12/site-packages/airflow/example_dags/example_sla_dag.py for tasks to queue
[2024-05-06T05:13:43.353+0000] {logging_mixin.py:188} INFO - [2024-05-06T05:13:43.352+0000] {dagbag.py:540} INFO - Filling up the DagBag from /home/airflow/.local/lib/python3.12/site-packages/airflow/example_dags/example_sla_dag.py
[2024-05-06T05:13:43.359+0000] {processor.py:840} INFO - DAG(s) 'example_sla_dag' retrieved from /home/airflow/.local/lib/python3.12/site-packages/airflow/example_dags/example_sla_dag.py
[2024-05-06T05:13:43.375+0000] {logging_mixin.py:188} INFO - [2024-05-06T05:13:43.375+0000] {dag.py:3096} INFO - Sync 1 DAGs
[2024-05-06T05:13:43.395+0000] {logging_mixin.py:188} INFO - [2024-05-06T05:13:43.395+0000] {dag.py:3954} INFO - Setting next_dagrun for example_sla_dag to 2024-05-06 05:10:00+00:00, run_after=2024-05-06 05:12:00+00:00
[2024-05-06T05:13:43.415+0000] {processor.py:183} INFO - Processing /home/airflow/.local/lib/python3.12/site-packages/airflow/example_dags/example_sla_dag.py took 0.069 seconds
[2024-05-06T05:14:14.145+0000] {processor.py:161} INFO - Started process (PID=12974) to work on /home/airflow/.local/lib/python3.12/site-packages/airflow/example_dags/example_sla_dag.py
[2024-05-06T05:14:14.146+0000] {processor.py:830} INFO - Processing file /home/airflow/.local/lib/python3.12/site-packages/airflow/example_dags/example_sla_dag.py for tasks to queue
[2024-05-06T05:14:14.147+0000] {logging_mixin.py:188} INFO - [2024-05-06T05:14:14.147+0000] {dagbag.py:540} INFO - Filling up the DagBag from /home/airflow/.local/lib/python3.12/site-packages/airflow/example_dags/example_sla_dag.py
[2024-05-06T05:14:14.157+0000] {processor.py:840} INFO - DAG(s) 'example_sla_dag' retrieved from /home/airflow/.local/lib/python3.12/site-packages/airflow/example_dags/example_sla_dag.py
[2024-05-06T05:14:14.174+0000] {logging_mixin.py:188} INFO - [2024-05-06T05:14:14.173+0000] {dag.py:3096} INFO - Sync 1 DAGs
[2024-05-06T05:14:14.195+0000] {logging_mixin.py:188} INFO - [2024-05-06T05:14:14.194+0000] {dag.py:3954} INFO - Setting next_dagrun for example_sla_dag to 2024-05-06 05:12:00+00:00, run_after=2024-05-06 05:14:00+00:00
[2024-05-06T05:14:14.215+0000] {processor.py:183} INFO - Processing /home/airflow/.local/lib/python3.12/site-packages/airflow/example_dags/example_sla_dag.py took 0.076 seconds
[2024-05-06T05:14:44.843+0000] {processor.py:161} INFO - Started process (PID=13247) to work on /home/airflow/.local/lib/python3.12/site-packages/airflow/example_dags/example_sla_dag.py
[2024-05-06T05:14:44.844+0000] {processor.py:830} INFO - Processing file /home/airflow/.local/lib/python3.12/site-packages/airflow/example_dags/example_sla_dag.py for tasks to queue
[2024-05-06T05:14:44.845+0000] {logging_mixin.py:188} INFO - [2024-05-06T05:14:44.845+0000] {dagbag.py:540} INFO - Filling up the DagBag from /home/airflow/.local/lib/python3.12/site-packages/airflow/example_dags/example_sla_dag.py
[2024-05-06T05:14:44.852+0000] {processor.py:840} INFO - DAG(s) 'example_sla_dag' retrieved from /home/airflow/.local/lib/python3.12/site-packages/airflow/example_dags/example_sla_dag.py
[2024-05-06T05:14:44.868+0000] {logging_mixin.py:188} INFO - [2024-05-06T05:14:44.868+0000] {dag.py:3096} INFO - Sync 1 DAGs
[2024-05-06T05:14:44.888+0000] {logging_mixin.py:188} INFO - [2024-05-06T05:14:44.888+0000] {dag.py:3954} INFO - Setting next_dagrun for example_sla_dag to 2024-05-06 05:12:00+00:00, run_after=2024-05-06 05:14:00+00:00
[2024-05-06T05:14:44.907+0000] {processor.py:183} INFO - Processing /home/airflow/.local/lib/python3.12/site-packages/airflow/example_dags/example_sla_dag.py took 0.069 seconds
[2024-05-06T05:15:15.555+0000] {processor.py:161} INFO - Started process (PID=13519) to work on /home/airflow/.local/lib/python3.12/site-packages/airflow/example_dags/example_sla_dag.py
[2024-05-06T05:15:15.555+0000] {processor.py:830} INFO - Processing file /home/airflow/.local/lib/python3.12/site-packages/airflow/example_dags/example_sla_dag.py for tasks to queue
[2024-05-06T05:15:15.557+0000] {logging_mixin.py:188} INFO - [2024-05-06T05:15:15.557+0000] {dagbag.py:540} INFO - Filling up the DagBag from /home/airflow/.local/lib/python3.12/site-packages/airflow/example_dags/example_sla_dag.py
[2024-05-06T05:15:15.564+0000] {processor.py:840} INFO - DAG(s) 'example_sla_dag' retrieved from /home/airflow/.local/lib/python3.12/site-packages/airflow/example_dags/example_sla_dag.py
[2024-05-06T05:15:15.581+0000] {logging_mixin.py:188} INFO - [2024-05-06T05:15:15.580+0000] {dag.py:3096} INFO - Sync 1 DAGs
[2024-05-06T05:15:15.601+0000] {logging_mixin.py:188} INFO - [2024-05-06T05:15:15.600+0000] {dag.py:3954} INFO - Setting next_dagrun for example_sla_dag to 2024-05-06 05:12:00+00:00, run_after=2024-05-06 05:14:00+00:00
[2024-05-06T05:15:15.621+0000] {processor.py:183} INFO - Processing /home/airflow/.local/lib/python3.12/site-packages/airflow/example_dags/example_sla_dag.py took 0.071 seconds
[2024-05-06T05:15:46.196+0000] {processor.py:161} INFO - Started process (PID=13792) to work on /home/airflow/.local/lib/python3.12/site-packages/airflow/example_dags/example_sla_dag.py
[2024-05-06T05:15:46.197+0000] {processor.py:830} INFO - Processing file /home/airflow/.local/lib/python3.12/site-packages/airflow/example_dags/example_sla_dag.py for tasks to queue
[2024-05-06T05:15:46.198+0000] {logging_mixin.py:188} INFO - [2024-05-06T05:15:46.198+0000] {dagbag.py:540} INFO - Filling up the DagBag from /home/airflow/.local/lib/python3.12/site-packages/airflow/example_dags/example_sla_dag.py
[2024-05-06T05:15:46.205+0000] {processor.py:840} INFO - DAG(s) 'example_sla_dag' retrieved from /home/airflow/.local/lib/python3.12/site-packages/airflow/example_dags/example_sla_dag.py
[2024-05-06T05:15:46.221+0000] {logging_mixin.py:188} INFO - [2024-05-06T05:15:46.221+0000] {dag.py:3096} INFO - Sync 1 DAGs
[2024-05-06T05:15:46.248+0000] {logging_mixin.py:188} INFO - [2024-05-06T05:15:46.248+0000] {dag.py:3954} INFO - Setting next_dagrun for example_sla_dag to 2024-05-06 05:12:00+00:00, run_after=2024-05-06 05:14:00+00:00
[2024-05-06T05:15:46.270+0000] {processor.py:183} INFO - Processing /home/airflow/.local/lib/python3.12/site-packages/airflow/example_dags/example_sla_dag.py took 0.079 seconds
[2024-05-06T05:16:17.107+0000] {processor.py:161} INFO - Started process (PID=14063) to work on /home/airflow/.local/lib/python3.12/site-packages/airflow/example_dags/example_sla_dag.py
[2024-05-06T05:16:17.108+0000] {processor.py:830} INFO - Processing file /home/airflow/.local/lib/python3.12/site-packages/airflow/example_dags/example_sla_dag.py for tasks to queue
[2024-05-06T05:16:17.109+0000] {logging_mixin.py:188} INFO - [2024-05-06T05:16:17.109+0000] {dagbag.py:540} INFO - Filling up the DagBag from /home/airflow/.local/lib/python3.12/site-packages/airflow/example_dags/example_sla_dag.py
[2024-05-06T05:16:17.116+0000] {processor.py:840} INFO - DAG(s) 'example_sla_dag' retrieved from /home/airflow/.local/lib/python3.12/site-packages/airflow/example_dags/example_sla_dag.py
[2024-05-06T05:16:17.131+0000] {logging_mixin.py:188} INFO - [2024-05-06T05:16:17.131+0000] {dag.py:3096} INFO - Sync 1 DAGs
[2024-05-06T05:16:17.151+0000] {logging_mixin.py:188} INFO - [2024-05-06T05:16:17.151+0000] {dag.py:3954} INFO - Setting next_dagrun for example_sla_dag to 2024-05-06 05:14:00+00:00, run_after=2024-05-06 05:16:00+00:00
[2024-05-06T05:16:17.172+0000] {processor.py:183} INFO - Processing /home/airflow/.local/lib/python3.12/site-packages/airflow/example_dags/example_sla_dag.py took 0.070 seconds
[2024-05-06T05:16:47.314+0000] {processor.py:161} INFO - Started process (PID=14336) to work on /home/airflow/.local/lib/python3.12/site-packages/airflow/example_dags/example_sla_dag.py
[2024-05-06T05:16:47.315+0000] {processor.py:830} INFO - Processing file /home/airflow/.local/lib/python3.12/site-packages/airflow/example_dags/example_sla_dag.py for tasks to queue
[2024-05-06T05:16:47.322+0000] {logging_mixin.py:188} INFO - [2024-05-06T05:16:47.322+0000] {dagbag.py:540} INFO - Filling up the DagBag from /home/airflow/.local/lib/python3.12/site-packages/airflow/example_dags/example_sla_dag.py
[2024-05-06T05:16:47.333+0000] {processor.py:840} INFO - DAG(s) 'example_sla_dag' retrieved from /home/airflow/.local/lib/python3.12/site-packages/airflow/example_dags/example_sla_dag.py
[2024-05-06T05:16:47.356+0000] {logging_mixin.py:188} INFO - [2024-05-06T05:16:47.355+0000] {dag.py:3096} INFO - Sync 1 DAGs
[2024-05-06T05:16:47.389+0000] {logging_mixin.py:188} INFO - [2024-05-06T05:16:47.388+0000] {dag.py:3954} INFO - Setting next_dagrun for example_sla_dag to 2024-05-06 05:14:00+00:00, run_after=2024-05-06 05:16:00+00:00
[2024-05-06T05:16:47.414+0000] {processor.py:183} INFO - Processing /home/airflow/.local/lib/python3.12/site-packages/airflow/example_dags/example_sla_dag.py took 0.107 seconds
[2024-05-06T05:17:17.509+0000] {processor.py:161} INFO - Started process (PID=14609) to work on /home/airflow/.local/lib/python3.12/site-packages/airflow/example_dags/example_sla_dag.py
[2024-05-06T05:17:17.509+0000] {processor.py:830} INFO - Processing file /home/airflow/.local/lib/python3.12/site-packages/airflow/example_dags/example_sla_dag.py for tasks to queue
[2024-05-06T05:17:17.511+0000] {logging_mixin.py:188} INFO - [2024-05-06T05:17:17.510+0000] {dagbag.py:540} INFO - Filling up the DagBag from /home/airflow/.local/lib/python3.12/site-packages/airflow/example_dags/example_sla_dag.py
[2024-05-06T05:17:17.518+0000] {processor.py:840} INFO - DAG(s) 'example_sla_dag' retrieved from /home/airflow/.local/lib/python3.12/site-packages/airflow/example_dags/example_sla_dag.py
[2024-05-06T05:17:17.539+0000] {logging_mixin.py:188} INFO - [2024-05-06T05:17:17.538+0000] {dag.py:3096} INFO - Sync 1 DAGs
[2024-05-06T05:17:17.562+0000] {logging_mixin.py:188} INFO - [2024-05-06T05:17:17.562+0000] {dag.py:3954} INFO - Setting next_dagrun for example_sla_dag to 2024-05-06 05:14:00+00:00, run_after=2024-05-06 05:16:00+00:00
[2024-05-06T05:17:17.581+0000] {processor.py:183} INFO - Processing /home/airflow/.local/lib/python3.12/site-packages/airflow/example_dags/example_sla_dag.py took 0.078 seconds
[2024-05-06T05:17:47.986+0000] {processor.py:161} INFO - Started process (PID=14881) to work on /home/airflow/.local/lib/python3.12/site-packages/airflow/example_dags/example_sla_dag.py
[2024-05-06T05:17:47.987+0000] {processor.py:830} INFO - Processing file /home/airflow/.local/lib/python3.12/site-packages/airflow/example_dags/example_sla_dag.py for tasks to queue
[2024-05-06T05:17:47.988+0000] {logging_mixin.py:188} INFO - [2024-05-06T05:17:47.988+0000] {dagbag.py:540} INFO - Filling up the DagBag from /home/airflow/.local/lib/python3.12/site-packages/airflow/example_dags/example_sla_dag.py
[2024-05-06T05:17:47.995+0000] {processor.py:840} INFO - DAG(s) 'example_sla_dag' retrieved from /home/airflow/.local/lib/python3.12/site-packages/airflow/example_dags/example_sla_dag.py
[2024-05-06T05:17:48.013+0000] {logging_mixin.py:188} INFO - [2024-05-06T05:17:48.013+0000] {dag.py:3096} INFO - Sync 1 DAGs
[2024-05-06T05:17:48.033+0000] {logging_mixin.py:188} INFO - [2024-05-06T05:17:48.033+0000] {dag.py:3954} INFO - Setting next_dagrun for example_sla_dag to 2024-05-06 05:14:00+00:00, run_after=2024-05-06 05:16:00+00:00
[2024-05-06T05:17:48.052+0000] {processor.py:183} INFO - Processing /home/airflow/.local/lib/python3.12/site-packages/airflow/example_dags/example_sla_dag.py took 0.071 seconds
[2024-05-06T05:18:18.570+0000] {processor.py:161} INFO - Started process (PID=15153) to work on /home/airflow/.local/lib/python3.12/site-packages/airflow/example_dags/example_sla_dag.py
[2024-05-06T05:18:18.571+0000] {processor.py:830} INFO - Processing file /home/airflow/.local/lib/python3.12/site-packages/airflow/example_dags/example_sla_dag.py for tasks to queue
[2024-05-06T05:18:18.572+0000] {logging_mixin.py:188} INFO - [2024-05-06T05:18:18.572+0000] {dagbag.py:540} INFO - Filling up the DagBag from /home/airflow/.local/lib/python3.12/site-packages/airflow/example_dags/example_sla_dag.py
[2024-05-06T05:18:18.580+0000] {processor.py:840} INFO - DAG(s) 'example_sla_dag' retrieved from /home/airflow/.local/lib/python3.12/site-packages/airflow/example_dags/example_sla_dag.py
[2024-05-06T05:18:18.595+0000] {logging_mixin.py:188} INFO - [2024-05-06T05:18:18.595+0000] {dag.py:3096} INFO - Sync 1 DAGs
[2024-05-06T05:18:18.615+0000] {logging_mixin.py:188} INFO - [2024-05-06T05:18:18.615+0000] {dag.py:3954} INFO - Setting next_dagrun for example_sla_dag to 2024-05-06 05:16:00+00:00, run_after=2024-05-06 05:18:00+00:00
[2024-05-06T05:18:18.636+0000] {processor.py:183} INFO - Processing /home/airflow/.local/lib/python3.12/site-packages/airflow/example_dags/example_sla_dag.py took 0.070 seconds
[2024-05-06T05:18:49.092+0000] {processor.py:161} INFO - Started process (PID=15425) to work on /home/airflow/.local/lib/python3.12/site-packages/airflow/example_dags/example_sla_dag.py
[2024-05-06T05:18:49.093+0000] {processor.py:830} INFO - Processing file /home/airflow/.local/lib/python3.12/site-packages/airflow/example_dags/example_sla_dag.py for tasks to queue
[2024-05-06T05:18:49.094+0000] {logging_mixin.py:188} INFO - [2024-05-06T05:18:49.094+0000] {dagbag.py:540} INFO - Filling up the DagBag from /home/airflow/.local/lib/python3.12/site-packages/airflow/example_dags/example_sla_dag.py
[2024-05-06T05:18:49.102+0000] {processor.py:840} INFO - DAG(s) 'example_sla_dag' retrieved from /home/airflow/.local/lib/python3.12/site-packages/airflow/example_dags/example_sla_dag.py
[2024-05-06T05:18:49.118+0000] {logging_mixin.py:188} INFO - [2024-05-06T05:18:49.118+0000] {dag.py:3096} INFO - Sync 1 DAGs
[2024-05-06T05:18:49.142+0000] {logging_mixin.py:188} INFO - [2024-05-06T05:18:49.141+0000] {dag.py:3954} INFO - Setting next_dagrun for example_sla_dag to 2024-05-06 05:16:00+00:00, run_after=2024-05-06 05:18:00+00:00
[2024-05-06T05:18:49.164+0000] {processor.py:183} INFO - Processing /home/airflow/.local/lib/python3.12/site-packages/airflow/example_dags/example_sla_dag.py took 0.077 seconds
