[2024-05-06T04:50:11.975+0000] {processor.py:161} INFO - Started process (PID=185) to work on /home/airflow/.local/lib/python3.12/site-packages/airflow/example_dags/example_latest_only_with_trigger.py
[2024-05-06T04:50:11.978+0000] {processor.py:830} INFO - Processing file /home/airflow/.local/lib/python3.12/site-packages/airflow/example_dags/example_latest_only_with_trigger.py for tasks to queue
[2024-05-06T04:50:11.980+0000] {logging_mixin.py:188} INFO - [2024-05-06T04:50:11.979+0000] {dagbag.py:540} INFO - Filling up the DagBag from /home/airflow/.local/lib/python3.12/site-packages/airflow/example_dags/example_latest_only_with_trigger.py
[2024-05-06T04:50:11.990+0000] {processor.py:840} INFO - DAG(s) 'latest_only_with_trigger' retrieved from /home/airflow/.local/lib/python3.12/site-packages/airflow/example_dags/example_latest_only_with_trigger.py
[2024-05-06T04:50:12.187+0000] {logging_mixin.py:188} INFO - [2024-05-06T04:50:12.187+0000] {override.py:1829} INFO - Created Permission View: can delete on DAG:latest_only_with_trigger
[2024-05-06T04:50:12.210+0000] {logging_mixin.py:188} INFO - [2024-05-06T04:50:12.209+0000] {override.py:1829} INFO - Created Permission View: can edit on DAG:latest_only_with_trigger
[2024-05-06T04:50:12.222+0000] {logging_mixin.py:188} INFO - [2024-05-06T04:50:12.221+0000] {override.py:1829} INFO - Created Permission View: can read on DAG:latest_only_with_trigger
[2024-05-06T04:50:12.222+0000] {logging_mixin.py:188} INFO - [2024-05-06T04:50:12.222+0000] {dag.py:3096} INFO - Sync 1 DAGs
[2024-05-06T04:50:12.243+0000] {logging_mixin.py:188} INFO - [2024-05-06T04:50:12.243+0000] {dag.py:3118} INFO - Creating ORM DAG for latest_only_with_trigger
[2024-05-06T04:50:12.265+0000] {logging_mixin.py:188} INFO - [2024-05-06T04:50:12.265+0000] {dag.py:3954} INFO - Setting next_dagrun for latest_only_with_trigger to 2024-05-06 00:00:00+00:00, run_after=2024-05-06 04:00:00+00:00
[2024-05-06T04:50:12.309+0000] {processor.py:183} INFO - Processing /home/airflow/.local/lib/python3.12/site-packages/airflow/example_dags/example_latest_only_with_trigger.py took 0.341 seconds
[2024-05-06T04:50:42.430+0000] {processor.py:161} INFO - Started process (PID=445) to work on /home/airflow/.local/lib/python3.12/site-packages/airflow/example_dags/example_latest_only_with_trigger.py
[2024-05-06T04:50:42.430+0000] {processor.py:830} INFO - Processing file /home/airflow/.local/lib/python3.12/site-packages/airflow/example_dags/example_latest_only_with_trigger.py for tasks to queue
[2024-05-06T04:50:42.433+0000] {logging_mixin.py:188} INFO - [2024-05-06T04:50:42.432+0000] {dagbag.py:540} INFO - Filling up the DagBag from /home/airflow/.local/lib/python3.12/site-packages/airflow/example_dags/example_latest_only_with_trigger.py
[2024-05-06T04:50:42.439+0000] {processor.py:840} INFO - DAG(s) 'latest_only_with_trigger' retrieved from /home/airflow/.local/lib/python3.12/site-packages/airflow/example_dags/example_latest_only_with_trigger.py
[2024-05-06T04:50:42.504+0000] {logging_mixin.py:188} INFO - [2024-05-06T04:50:42.503+0000] {dag.py:3096} INFO - Sync 1 DAGs
[2024-05-06T04:50:42.531+0000] {logging_mixin.py:188} INFO - [2024-05-06T04:50:42.531+0000] {dag.py:3954} INFO - Setting next_dagrun for latest_only_with_trigger to 2024-05-06 00:00:00+00:00, run_after=2024-05-06 04:00:00+00:00
[2024-05-06T04:50:42.556+0000] {processor.py:183} INFO - Processing /home/airflow/.local/lib/python3.12/site-packages/airflow/example_dags/example_latest_only_with_trigger.py took 0.134 seconds
[2024-05-06T04:51:12.838+0000] {processor.py:161} INFO - Started process (PID=706) to work on /home/airflow/.local/lib/python3.12/site-packages/airflow/example_dags/example_latest_only_with_trigger.py
[2024-05-06T04:51:12.840+0000] {processor.py:830} INFO - Processing file /home/airflow/.local/lib/python3.12/site-packages/airflow/example_dags/example_latest_only_with_trigger.py for tasks to queue
[2024-05-06T04:51:12.842+0000] {logging_mixin.py:188} INFO - [2024-05-06T04:51:12.841+0000] {dagbag.py:540} INFO - Filling up the DagBag from /home/airflow/.local/lib/python3.12/site-packages/airflow/example_dags/example_latest_only_with_trigger.py
[2024-05-06T04:51:12.848+0000] {processor.py:840} INFO - DAG(s) 'latest_only_with_trigger' retrieved from /home/airflow/.local/lib/python3.12/site-packages/airflow/example_dags/example_latest_only_with_trigger.py
[2024-05-06T04:51:12.874+0000] {logging_mixin.py:188} INFO - [2024-05-06T04:51:12.873+0000] {dag.py:3096} INFO - Sync 1 DAGs
[2024-05-06T04:51:12.900+0000] {logging_mixin.py:188} INFO - [2024-05-06T04:51:12.900+0000] {dag.py:3954} INFO - Setting next_dagrun for latest_only_with_trigger to 2024-05-06 00:00:00+00:00, run_after=2024-05-06 04:00:00+00:00
[2024-05-06T04:51:12.924+0000] {processor.py:183} INFO - Processing /home/airflow/.local/lib/python3.12/site-packages/airflow/example_dags/example_latest_only_with_trigger.py took 0.092 seconds
[2024-05-06T04:51:43.872+0000] {processor.py:161} INFO - Started process (PID=972) to work on /home/airflow/.local/lib/python3.12/site-packages/airflow/example_dags/example_latest_only_with_trigger.py
[2024-05-06T04:51:43.873+0000] {processor.py:830} INFO - Processing file /home/airflow/.local/lib/python3.12/site-packages/airflow/example_dags/example_latest_only_with_trigger.py for tasks to queue
[2024-05-06T04:51:43.875+0000] {logging_mixin.py:188} INFO - [2024-05-06T04:51:43.874+0000] {dagbag.py:540} INFO - Filling up the DagBag from /home/airflow/.local/lib/python3.12/site-packages/airflow/example_dags/example_latest_only_with_trigger.py
[2024-05-06T04:51:43.880+0000] {processor.py:840} INFO - DAG(s) 'latest_only_with_trigger' retrieved from /home/airflow/.local/lib/python3.12/site-packages/airflow/example_dags/example_latest_only_with_trigger.py
[2024-05-06T04:51:43.911+0000] {logging_mixin.py:188} INFO - [2024-05-06T04:51:43.911+0000] {dag.py:3096} INFO - Sync 1 DAGs
[2024-05-06T04:51:43.944+0000] {logging_mixin.py:188} INFO - [2024-05-06T04:51:43.943+0000] {dag.py:3954} INFO - Setting next_dagrun for latest_only_with_trigger to 2024-05-06 00:00:00+00:00, run_after=2024-05-06 04:00:00+00:00
[2024-05-06T04:51:43.978+0000] {processor.py:183} INFO - Processing /home/airflow/.local/lib/python3.12/site-packages/airflow/example_dags/example_latest_only_with_trigger.py took 0.112 seconds
[2024-05-06T04:52:14.081+0000] {processor.py:161} INFO - Started process (PID=1235) to work on /home/airflow/.local/lib/python3.12/site-packages/airflow/example_dags/example_latest_only_with_trigger.py
[2024-05-06T04:52:14.082+0000] {processor.py:830} INFO - Processing file /home/airflow/.local/lib/python3.12/site-packages/airflow/example_dags/example_latest_only_with_trigger.py for tasks to queue
[2024-05-06T04:52:14.084+0000] {logging_mixin.py:188} INFO - [2024-05-06T04:52:14.083+0000] {dagbag.py:540} INFO - Filling up the DagBag from /home/airflow/.local/lib/python3.12/site-packages/airflow/example_dags/example_latest_only_with_trigger.py
[2024-05-06T04:52:14.090+0000] {processor.py:840} INFO - DAG(s) 'latest_only_with_trigger' retrieved from /home/airflow/.local/lib/python3.12/site-packages/airflow/example_dags/example_latest_only_with_trigger.py
[2024-05-06T04:52:14.114+0000] {logging_mixin.py:188} INFO - [2024-05-06T04:52:14.114+0000] {dag.py:3096} INFO - Sync 1 DAGs
[2024-05-06T04:52:14.141+0000] {logging_mixin.py:188} INFO - [2024-05-06T04:52:14.141+0000] {dag.py:3954} INFO - Setting next_dagrun for latest_only_with_trigger to 2024-05-06 00:00:00+00:00, run_after=2024-05-06 04:00:00+00:00
[2024-05-06T04:52:14.166+0000] {processor.py:183} INFO - Processing /home/airflow/.local/lib/python3.12/site-packages/airflow/example_dags/example_latest_only_with_trigger.py took 0.092 seconds
[2024-05-06T04:52:44.267+0000] {processor.py:161} INFO - Started process (PID=1494) to work on /home/airflow/.local/lib/python3.12/site-packages/airflow/example_dags/example_latest_only_with_trigger.py
[2024-05-06T04:52:44.268+0000] {processor.py:830} INFO - Processing file /home/airflow/.local/lib/python3.12/site-packages/airflow/example_dags/example_latest_only_with_trigger.py for tasks to queue
[2024-05-06T04:52:44.270+0000] {logging_mixin.py:188} INFO - [2024-05-06T04:52:44.269+0000] {dagbag.py:540} INFO - Filling up the DagBag from /home/airflow/.local/lib/python3.12/site-packages/airflow/example_dags/example_latest_only_with_trigger.py
[2024-05-06T04:52:44.282+0000] {processor.py:840} INFO - DAG(s) 'latest_only_with_trigger' retrieved from /home/airflow/.local/lib/python3.12/site-packages/airflow/example_dags/example_latest_only_with_trigger.py
[2024-05-06T04:52:44.322+0000] {logging_mixin.py:188} INFO - [2024-05-06T04:52:44.321+0000] {dag.py:3096} INFO - Sync 1 DAGs
[2024-05-06T04:52:44.348+0000] {logging_mixin.py:188} INFO - [2024-05-06T04:52:44.348+0000] {dag.py:3954} INFO - Setting next_dagrun for latest_only_with_trigger to 2024-05-06 00:00:00+00:00, run_after=2024-05-06 04:00:00+00:00
[2024-05-06T04:52:44.372+0000] {processor.py:183} INFO - Processing /home/airflow/.local/lib/python3.12/site-packages/airflow/example_dags/example_latest_only_with_trigger.py took 0.112 seconds
[2024-05-06T04:53:14.450+0000] {processor.py:161} INFO - Started process (PID=1756) to work on /home/airflow/.local/lib/python3.12/site-packages/airflow/example_dags/example_latest_only_with_trigger.py
[2024-05-06T04:53:14.451+0000] {processor.py:830} INFO - Processing file /home/airflow/.local/lib/python3.12/site-packages/airflow/example_dags/example_latest_only_with_trigger.py for tasks to queue
[2024-05-06T04:53:14.453+0000] {logging_mixin.py:188} INFO - [2024-05-06T04:53:14.453+0000] {dagbag.py:540} INFO - Filling up the DagBag from /home/airflow/.local/lib/python3.12/site-packages/airflow/example_dags/example_latest_only_with_trigger.py
[2024-05-06T04:53:14.459+0000] {processor.py:840} INFO - DAG(s) 'latest_only_with_trigger' retrieved from /home/airflow/.local/lib/python3.12/site-packages/airflow/example_dags/example_latest_only_with_trigger.py
[2024-05-06T04:53:14.482+0000] {logging_mixin.py:188} INFO - [2024-05-06T04:53:14.482+0000] {dag.py:3096} INFO - Sync 1 DAGs
[2024-05-06T04:53:14.508+0000] {logging_mixin.py:188} INFO - [2024-05-06T04:53:14.508+0000] {dag.py:3954} INFO - Setting next_dagrun for latest_only_with_trigger to 2024-05-06 00:00:00+00:00, run_after=2024-05-06 04:00:00+00:00
[2024-05-06T04:53:14.532+0000] {processor.py:183} INFO - Processing /home/airflow/.local/lib/python3.12/site-packages/airflow/example_dags/example_latest_only_with_trigger.py took 0.088 seconds
[2024-05-06T04:53:44.849+0000] {processor.py:161} INFO - Started process (PID=2020) to work on /home/airflow/.local/lib/python3.12/site-packages/airflow/example_dags/example_latest_only_with_trigger.py
[2024-05-06T04:53:44.851+0000] {processor.py:830} INFO - Processing file /home/airflow/.local/lib/python3.12/site-packages/airflow/example_dags/example_latest_only_with_trigger.py for tasks to queue
[2024-05-06T04:53:44.852+0000] {logging_mixin.py:188} INFO - [2024-05-06T04:53:44.852+0000] {dagbag.py:540} INFO - Filling up the DagBag from /home/airflow/.local/lib/python3.12/site-packages/airflow/example_dags/example_latest_only_with_trigger.py
[2024-05-06T04:53:44.858+0000] {processor.py:840} INFO - DAG(s) 'latest_only_with_trigger' retrieved from /home/airflow/.local/lib/python3.12/site-packages/airflow/example_dags/example_latest_only_with_trigger.py
[2024-05-06T04:53:44.883+0000] {logging_mixin.py:188} INFO - [2024-05-06T04:53:44.882+0000] {dag.py:3096} INFO - Sync 1 DAGs
[2024-05-06T04:53:44.909+0000] {logging_mixin.py:188} INFO - [2024-05-06T04:53:44.908+0000] {dag.py:3954} INFO - Setting next_dagrun for latest_only_with_trigger to 2024-05-06 00:00:00+00:00, run_after=2024-05-06 04:00:00+00:00
[2024-05-06T04:53:44.936+0000] {processor.py:183} INFO - Processing /home/airflow/.local/lib/python3.12/site-packages/airflow/example_dags/example_latest_only_with_trigger.py took 0.093 seconds
[2024-05-06T04:54:16.517+0000] {processor.py:161} INFO - Started process (PID=2342) to work on /home/airflow/.local/lib/python3.12/site-packages/airflow/example_dags/example_latest_only_with_trigger.py
[2024-05-06T04:54:16.519+0000] {processor.py:830} INFO - Processing file /home/airflow/.local/lib/python3.12/site-packages/airflow/example_dags/example_latest_only_with_trigger.py for tasks to queue
[2024-05-06T04:54:16.523+0000] {logging_mixin.py:188} INFO - [2024-05-06T04:54:16.522+0000] {dagbag.py:540} INFO - Filling up the DagBag from /home/airflow/.local/lib/python3.12/site-packages/airflow/example_dags/example_latest_only_with_trigger.py
[2024-05-06T04:54:16.548+0000] {processor.py:840} INFO - DAG(s) 'latest_only_with_trigger' retrieved from /home/airflow/.local/lib/python3.12/site-packages/airflow/example_dags/example_latest_only_with_trigger.py
[2024-05-06T04:54:16.653+0000] {logging_mixin.py:188} INFO - [2024-05-06T04:54:16.652+0000] {dag.py:3096} INFO - Sync 1 DAGs
[2024-05-06T04:54:16.791+0000] {logging_mixin.py:188} INFO - [2024-05-06T04:54:16.791+0000] {dag.py:3954} INFO - Setting next_dagrun for latest_only_with_trigger to 2024-05-06 00:00:00+00:00, run_after=2024-05-06 04:00:00+00:00
[2024-05-06T04:54:16.886+0000] {processor.py:183} INFO - Processing /home/airflow/.local/lib/python3.12/site-packages/airflow/example_dags/example_latest_only_with_trigger.py took 0.392 seconds
[2024-05-06T04:54:47.292+0000] {processor.py:161} INFO - Started process (PID=2688) to work on /home/airflow/.local/lib/python3.12/site-packages/airflow/example_dags/example_latest_only_with_trigger.py
[2024-05-06T04:54:47.296+0000] {processor.py:830} INFO - Processing file /home/airflow/.local/lib/python3.12/site-packages/airflow/example_dags/example_latest_only_with_trigger.py for tasks to queue
[2024-05-06T04:54:47.298+0000] {logging_mixin.py:188} INFO - [2024-05-06T04:54:47.298+0000] {dagbag.py:540} INFO - Filling up the DagBag from /home/airflow/.local/lib/python3.12/site-packages/airflow/example_dags/example_latest_only_with_trigger.py
[2024-05-06T04:54:47.304+0000] {processor.py:840} INFO - DAG(s) 'latest_only_with_trigger' retrieved from /home/airflow/.local/lib/python3.12/site-packages/airflow/example_dags/example_latest_only_with_trigger.py
[2024-05-06T04:54:47.334+0000] {logging_mixin.py:188} INFO - [2024-05-06T04:54:47.333+0000] {dag.py:3096} INFO - Sync 1 DAGs
[2024-05-06T04:54:47.367+0000] {logging_mixin.py:188} INFO - [2024-05-06T04:54:47.367+0000] {dag.py:3954} INFO - Setting next_dagrun for latest_only_with_trigger to 2024-05-06 00:00:00+00:00, run_after=2024-05-06 04:00:00+00:00
[2024-05-06T04:54:47.395+0000] {processor.py:183} INFO - Processing /home/airflow/.local/lib/python3.12/site-packages/airflow/example_dags/example_latest_only_with_trigger.py took 0.113 seconds
[2024-05-06T04:55:18.393+0000] {processor.py:161} INFO - Started process (PID=2955) to work on /home/airflow/.local/lib/python3.12/site-packages/airflow/example_dags/example_latest_only_with_trigger.py
[2024-05-06T04:55:18.394+0000] {processor.py:830} INFO - Processing file /home/airflow/.local/lib/python3.12/site-packages/airflow/example_dags/example_latest_only_with_trigger.py for tasks to queue
[2024-05-06T04:55:18.396+0000] {logging_mixin.py:188} INFO - [2024-05-06T04:55:18.396+0000] {dagbag.py:540} INFO - Filling up the DagBag from /home/airflow/.local/lib/python3.12/site-packages/airflow/example_dags/example_latest_only_with_trigger.py
[2024-05-06T04:55:18.402+0000] {processor.py:840} INFO - DAG(s) 'latest_only_with_trigger' retrieved from /home/airflow/.local/lib/python3.12/site-packages/airflow/example_dags/example_latest_only_with_trigger.py
[2024-05-06T04:55:18.431+0000] {logging_mixin.py:188} INFO - [2024-05-06T04:55:18.431+0000] {dag.py:3096} INFO - Sync 1 DAGs
[2024-05-06T04:55:18.456+0000] {logging_mixin.py:188} INFO - [2024-05-06T04:55:18.455+0000] {dag.py:3954} INFO - Setting next_dagrun for latest_only_with_trigger to 2024-05-06 00:00:00+00:00, run_after=2024-05-06 04:00:00+00:00
[2024-05-06T04:55:18.477+0000] {processor.py:183} INFO - Processing /home/airflow/.local/lib/python3.12/site-packages/airflow/example_dags/example_latest_only_with_trigger.py took 0.091 seconds
[2024-05-06T04:55:48.581+0000] {processor.py:161} INFO - Started process (PID=3215) to work on /home/airflow/.local/lib/python3.12/site-packages/airflow/example_dags/example_latest_only_with_trigger.py
[2024-05-06T04:55:48.581+0000] {processor.py:830} INFO - Processing file /home/airflow/.local/lib/python3.12/site-packages/airflow/example_dags/example_latest_only_with_trigger.py for tasks to queue
[2024-05-06T04:55:48.583+0000] {logging_mixin.py:188} INFO - [2024-05-06T04:55:48.583+0000] {dagbag.py:540} INFO - Filling up the DagBag from /home/airflow/.local/lib/python3.12/site-packages/airflow/example_dags/example_latest_only_with_trigger.py
[2024-05-06T04:55:48.589+0000] {processor.py:840} INFO - DAG(s) 'latest_only_with_trigger' retrieved from /home/airflow/.local/lib/python3.12/site-packages/airflow/example_dags/example_latest_only_with_trigger.py
[2024-05-06T04:55:48.614+0000] {logging_mixin.py:188} INFO - [2024-05-06T04:55:48.614+0000] {dag.py:3096} INFO - Sync 1 DAGs
[2024-05-06T04:55:48.640+0000] {logging_mixin.py:188} INFO - [2024-05-06T04:55:48.640+0000] {dag.py:3954} INFO - Setting next_dagrun for latest_only_with_trigger to 2024-05-06 00:00:00+00:00, run_after=2024-05-06 04:00:00+00:00
[2024-05-06T04:55:48.680+0000] {processor.py:183} INFO - Processing /home/airflow/.local/lib/python3.12/site-packages/airflow/example_dags/example_latest_only_with_trigger.py took 0.107 seconds
[2024-05-06T04:56:19.533+0000] {processor.py:161} INFO - Started process (PID=3478) to work on /home/airflow/.local/lib/python3.12/site-packages/airflow/example_dags/example_latest_only_with_trigger.py
[2024-05-06T04:56:19.534+0000] {processor.py:830} INFO - Processing file /home/airflow/.local/lib/python3.12/site-packages/airflow/example_dags/example_latest_only_with_trigger.py for tasks to queue
[2024-05-06T04:56:19.536+0000] {logging_mixin.py:188} INFO - [2024-05-06T04:56:19.536+0000] {dagbag.py:540} INFO - Filling up the DagBag from /home/airflow/.local/lib/python3.12/site-packages/airflow/example_dags/example_latest_only_with_trigger.py
[2024-05-06T04:56:19.544+0000] {processor.py:840} INFO - DAG(s) 'latest_only_with_trigger' retrieved from /home/airflow/.local/lib/python3.12/site-packages/airflow/example_dags/example_latest_only_with_trigger.py
[2024-05-06T04:56:19.579+0000] {logging_mixin.py:188} INFO - [2024-05-06T04:56:19.579+0000] {dag.py:3096} INFO - Sync 1 DAGs
[2024-05-06T04:56:19.605+0000] {logging_mixin.py:188} INFO - [2024-05-06T04:56:19.605+0000] {dag.py:3954} INFO - Setting next_dagrun for latest_only_with_trigger to 2024-05-06 00:00:00+00:00, run_after=2024-05-06 04:00:00+00:00
[2024-05-06T04:56:19.627+0000] {processor.py:183} INFO - Processing /home/airflow/.local/lib/python3.12/site-packages/airflow/example_dags/example_latest_only_with_trigger.py took 0.101 seconds
[2024-05-06T04:56:50.089+0000] {processor.py:161} INFO - Started process (PID=3741) to work on /home/airflow/.local/lib/python3.12/site-packages/airflow/example_dags/example_latest_only_with_trigger.py
[2024-05-06T04:56:50.090+0000] {processor.py:830} INFO - Processing file /home/airflow/.local/lib/python3.12/site-packages/airflow/example_dags/example_latest_only_with_trigger.py for tasks to queue
[2024-05-06T04:56:50.092+0000] {logging_mixin.py:188} INFO - [2024-05-06T04:56:50.092+0000] {dagbag.py:540} INFO - Filling up the DagBag from /home/airflow/.local/lib/python3.12/site-packages/airflow/example_dags/example_latest_only_with_trigger.py
[2024-05-06T04:56:50.098+0000] {processor.py:840} INFO - DAG(s) 'latest_only_with_trigger' retrieved from /home/airflow/.local/lib/python3.12/site-packages/airflow/example_dags/example_latest_only_with_trigger.py
[2024-05-06T04:56:50.124+0000] {logging_mixin.py:188} INFO - [2024-05-06T04:56:50.124+0000] {dag.py:3096} INFO - Sync 1 DAGs
[2024-05-06T04:56:50.150+0000] {logging_mixin.py:188} INFO - [2024-05-06T04:56:50.150+0000] {dag.py:3954} INFO - Setting next_dagrun for latest_only_with_trigger to 2024-05-06 00:00:00+00:00, run_after=2024-05-06 04:00:00+00:00
[2024-05-06T04:56:50.178+0000] {processor.py:183} INFO - Processing /home/airflow/.local/lib/python3.12/site-packages/airflow/example_dags/example_latest_only_with_trigger.py took 0.096 seconds
[2024-05-06T04:57:21.296+0000] {processor.py:161} INFO - Started process (PID=4012) to work on /home/airflow/.local/lib/python3.12/site-packages/airflow/example_dags/example_latest_only_with_trigger.py
[2024-05-06T04:57:21.297+0000] {processor.py:830} INFO - Processing file /home/airflow/.local/lib/python3.12/site-packages/airflow/example_dags/example_latest_only_with_trigger.py for tasks to queue
[2024-05-06T04:57:21.299+0000] {logging_mixin.py:188} INFO - [2024-05-06T04:57:21.298+0000] {dagbag.py:540} INFO - Filling up the DagBag from /home/airflow/.local/lib/python3.12/site-packages/airflow/example_dags/example_latest_only_with_trigger.py
[2024-05-06T04:57:21.305+0000] {processor.py:840} INFO - DAG(s) 'latest_only_with_trigger' retrieved from /home/airflow/.local/lib/python3.12/site-packages/airflow/example_dags/example_latest_only_with_trigger.py
[2024-05-06T04:57:21.332+0000] {logging_mixin.py:188} INFO - [2024-05-06T04:57:21.332+0000] {dag.py:3096} INFO - Sync 1 DAGs
[2024-05-06T04:57:21.361+0000] {logging_mixin.py:188} INFO - [2024-05-06T04:57:21.360+0000] {dag.py:3954} INFO - Setting next_dagrun for latest_only_with_trigger to 2024-05-06 00:00:00+00:00, run_after=2024-05-06 04:00:00+00:00
[2024-05-06T04:57:21.389+0000] {processor.py:183} INFO - Processing /home/airflow/.local/lib/python3.12/site-packages/airflow/example_dags/example_latest_only_with_trigger.py took 0.100 seconds
[2024-05-06T04:57:51.701+0000] {processor.py:161} INFO - Started process (PID=4274) to work on /home/airflow/.local/lib/python3.12/site-packages/airflow/example_dags/example_latest_only_with_trigger.py
[2024-05-06T04:57:51.702+0000] {processor.py:830} INFO - Processing file /home/airflow/.local/lib/python3.12/site-packages/airflow/example_dags/example_latest_only_with_trigger.py for tasks to queue
[2024-05-06T04:57:51.704+0000] {logging_mixin.py:188} INFO - [2024-05-06T04:57:51.703+0000] {dagbag.py:540} INFO - Filling up the DagBag from /home/airflow/.local/lib/python3.12/site-packages/airflow/example_dags/example_latest_only_with_trigger.py
[2024-05-06T04:57:51.710+0000] {processor.py:840} INFO - DAG(s) 'latest_only_with_trigger' retrieved from /home/airflow/.local/lib/python3.12/site-packages/airflow/example_dags/example_latest_only_with_trigger.py
[2024-05-06T04:57:51.735+0000] {logging_mixin.py:188} INFO - [2024-05-06T04:57:51.734+0000] {dag.py:3096} INFO - Sync 1 DAGs
[2024-05-06T04:57:51.761+0000] {logging_mixin.py:188} INFO - [2024-05-06T04:57:51.761+0000] {dag.py:3954} INFO - Setting next_dagrun for latest_only_with_trigger to 2024-05-06 00:00:00+00:00, run_after=2024-05-06 04:00:00+00:00
[2024-05-06T04:57:51.786+0000] {processor.py:183} INFO - Processing /home/airflow/.local/lib/python3.12/site-packages/airflow/example_dags/example_latest_only_with_trigger.py took 0.092 seconds
[2024-05-06T04:58:21.884+0000] {processor.py:161} INFO - Started process (PID=4536) to work on /home/airflow/.local/lib/python3.12/site-packages/airflow/example_dags/example_latest_only_with_trigger.py
[2024-05-06T04:58:21.884+0000] {processor.py:830} INFO - Processing file /home/airflow/.local/lib/python3.12/site-packages/airflow/example_dags/example_latest_only_with_trigger.py for tasks to queue
[2024-05-06T04:58:21.886+0000] {logging_mixin.py:188} INFO - [2024-05-06T04:58:21.886+0000] {dagbag.py:540} INFO - Filling up the DagBag from /home/airflow/.local/lib/python3.12/site-packages/airflow/example_dags/example_latest_only_with_trigger.py
[2024-05-06T04:58:21.892+0000] {processor.py:840} INFO - DAG(s) 'latest_only_with_trigger' retrieved from /home/airflow/.local/lib/python3.12/site-packages/airflow/example_dags/example_latest_only_with_trigger.py
[2024-05-06T04:58:21.918+0000] {logging_mixin.py:188} INFO - [2024-05-06T04:58:21.917+0000] {dag.py:3096} INFO - Sync 1 DAGs
[2024-05-06T04:58:21.943+0000] {logging_mixin.py:188} INFO - [2024-05-06T04:58:21.943+0000] {dag.py:3954} INFO - Setting next_dagrun for latest_only_with_trigger to 2024-05-06 00:00:00+00:00, run_after=2024-05-06 04:00:00+00:00
[2024-05-06T04:58:21.970+0000] {processor.py:183} INFO - Processing /home/airflow/.local/lib/python3.12/site-packages/airflow/example_dags/example_latest_only_with_trigger.py took 0.093 seconds
[2024-05-06T04:58:52.348+0000] {processor.py:161} INFO - Started process (PID=4796) to work on /home/airflow/.local/lib/python3.12/site-packages/airflow/example_dags/example_latest_only_with_trigger.py
[2024-05-06T04:58:52.349+0000] {processor.py:830} INFO - Processing file /home/airflow/.local/lib/python3.12/site-packages/airflow/example_dags/example_latest_only_with_trigger.py for tasks to queue
[2024-05-06T04:58:52.352+0000] {logging_mixin.py:188} INFO - [2024-05-06T04:58:52.352+0000] {dagbag.py:540} INFO - Filling up the DagBag from /home/airflow/.local/lib/python3.12/site-packages/airflow/example_dags/example_latest_only_with_trigger.py
[2024-05-06T04:58:52.362+0000] {processor.py:840} INFO - DAG(s) 'latest_only_with_trigger' retrieved from /home/airflow/.local/lib/python3.12/site-packages/airflow/example_dags/example_latest_only_with_trigger.py
[2024-05-06T04:58:52.389+0000] {logging_mixin.py:188} INFO - [2024-05-06T04:58:52.389+0000] {dag.py:3096} INFO - Sync 1 DAGs
[2024-05-06T04:58:52.420+0000] {logging_mixin.py:188} INFO - [2024-05-06T04:58:52.420+0000] {dag.py:3954} INFO - Setting next_dagrun for latest_only_with_trigger to 2024-05-06 00:00:00+00:00, run_after=2024-05-06 04:00:00+00:00
[2024-05-06T04:58:52.451+0000] {processor.py:183} INFO - Processing /home/airflow/.local/lib/python3.12/site-packages/airflow/example_dags/example_latest_only_with_trigger.py took 0.114 seconds
[2024-05-06T04:59:23.021+0000] {processor.py:161} INFO - Started process (PID=5059) to work on /home/airflow/.local/lib/python3.12/site-packages/airflow/example_dags/example_latest_only_with_trigger.py
[2024-05-06T04:59:23.022+0000] {processor.py:830} INFO - Processing file /home/airflow/.local/lib/python3.12/site-packages/airflow/example_dags/example_latest_only_with_trigger.py for tasks to queue
[2024-05-06T04:59:23.024+0000] {logging_mixin.py:188} INFO - [2024-05-06T04:59:23.024+0000] {dagbag.py:540} INFO - Filling up the DagBag from /home/airflow/.local/lib/python3.12/site-packages/airflow/example_dags/example_latest_only_with_trigger.py
[2024-05-06T04:59:23.030+0000] {processor.py:840} INFO - DAG(s) 'latest_only_with_trigger' retrieved from /home/airflow/.local/lib/python3.12/site-packages/airflow/example_dags/example_latest_only_with_trigger.py
[2024-05-06T04:59:23.053+0000] {logging_mixin.py:188} INFO - [2024-05-06T04:59:23.053+0000] {dag.py:3096} INFO - Sync 1 DAGs
[2024-05-06T04:59:23.079+0000] {logging_mixin.py:188} INFO - [2024-05-06T04:59:23.079+0000] {dag.py:3954} INFO - Setting next_dagrun for latest_only_with_trigger to 2024-05-06 00:00:00+00:00, run_after=2024-05-06 04:00:00+00:00
[2024-05-06T04:59:23.101+0000] {processor.py:183} INFO - Processing /home/airflow/.local/lib/python3.12/site-packages/airflow/example_dags/example_latest_only_with_trigger.py took 0.087 seconds
[2024-05-06T04:59:53.367+0000] {processor.py:161} INFO - Started process (PID=5321) to work on /home/airflow/.local/lib/python3.12/site-packages/airflow/example_dags/example_latest_only_with_trigger.py
[2024-05-06T04:59:53.368+0000] {processor.py:830} INFO - Processing file /home/airflow/.local/lib/python3.12/site-packages/airflow/example_dags/example_latest_only_with_trigger.py for tasks to queue
[2024-05-06T04:59:53.370+0000] {logging_mixin.py:188} INFO - [2024-05-06T04:59:53.369+0000] {dagbag.py:540} INFO - Filling up the DagBag from /home/airflow/.local/lib/python3.12/site-packages/airflow/example_dags/example_latest_only_with_trigger.py
[2024-05-06T04:59:53.377+0000] {processor.py:840} INFO - DAG(s) 'latest_only_with_trigger' retrieved from /home/airflow/.local/lib/python3.12/site-packages/airflow/example_dags/example_latest_only_with_trigger.py
[2024-05-06T04:59:53.403+0000] {logging_mixin.py:188} INFO - [2024-05-06T04:59:53.403+0000] {dag.py:3096} INFO - Sync 1 DAGs
[2024-05-06T04:59:53.430+0000] {logging_mixin.py:188} INFO - [2024-05-06T04:59:53.429+0000] {dag.py:3954} INFO - Setting next_dagrun for latest_only_with_trigger to 2024-05-06 00:00:00+00:00, run_after=2024-05-06 04:00:00+00:00
[2024-05-06T04:59:53.456+0000] {processor.py:183} INFO - Processing /home/airflow/.local/lib/python3.12/site-packages/airflow/example_dags/example_latest_only_with_trigger.py took 0.096 seconds
[2024-05-06T05:00:23.785+0000] {processor.py:161} INFO - Started process (PID=5589) to work on /home/airflow/.local/lib/python3.12/site-packages/airflow/example_dags/example_latest_only_with_trigger.py
[2024-05-06T05:00:23.786+0000] {processor.py:830} INFO - Processing file /home/airflow/.local/lib/python3.12/site-packages/airflow/example_dags/example_latest_only_with_trigger.py for tasks to queue
[2024-05-06T05:00:23.789+0000] {logging_mixin.py:188} INFO - [2024-05-06T05:00:23.789+0000] {dagbag.py:540} INFO - Filling up the DagBag from /home/airflow/.local/lib/python3.12/site-packages/airflow/example_dags/example_latest_only_with_trigger.py
[2024-05-06T05:00:23.818+0000] {processor.py:840} INFO - DAG(s) 'latest_only_with_trigger' retrieved from /home/airflow/.local/lib/python3.12/site-packages/airflow/example_dags/example_latest_only_with_trigger.py
[2024-05-06T05:00:23.857+0000] {logging_mixin.py:188} INFO - [2024-05-06T05:00:23.857+0000] {dag.py:3096} INFO - Sync 1 DAGs
[2024-05-06T05:00:23.900+0000] {logging_mixin.py:188} INFO - [2024-05-06T05:00:23.899+0000] {dag.py:3954} INFO - Setting next_dagrun for latest_only_with_trigger to 2024-05-06 00:00:00+00:00, run_after=2024-05-06 04:00:00+00:00
[2024-05-06T05:00:23.925+0000] {processor.py:183} INFO - Processing /home/airflow/.local/lib/python3.12/site-packages/airflow/example_dags/example_latest_only_with_trigger.py took 0.159 seconds
[2024-05-06T05:00:54.342+0000] {processor.py:161} INFO - Started process (PID=5858) to work on /home/airflow/.local/lib/python3.12/site-packages/airflow/example_dags/example_latest_only_with_trigger.py
[2024-05-06T05:00:54.343+0000] {processor.py:830} INFO - Processing file /home/airflow/.local/lib/python3.12/site-packages/airflow/example_dags/example_latest_only_with_trigger.py for tasks to queue
[2024-05-06T05:00:54.344+0000] {logging_mixin.py:188} INFO - [2024-05-06T05:00:54.344+0000] {dagbag.py:540} INFO - Filling up the DagBag from /home/airflow/.local/lib/python3.12/site-packages/airflow/example_dags/example_latest_only_with_trigger.py
[2024-05-06T05:00:54.350+0000] {processor.py:840} INFO - DAG(s) 'latest_only_with_trigger' retrieved from /home/airflow/.local/lib/python3.12/site-packages/airflow/example_dags/example_latest_only_with_trigger.py
[2024-05-06T05:00:54.374+0000] {logging_mixin.py:188} INFO - [2024-05-06T05:00:54.374+0000] {dag.py:3096} INFO - Sync 1 DAGs
[2024-05-06T05:00:54.400+0000] {logging_mixin.py:188} INFO - [2024-05-06T05:00:54.400+0000] {dag.py:3954} INFO - Setting next_dagrun for latest_only_with_trigger to 2024-05-06 00:00:00+00:00, run_after=2024-05-06 04:00:00+00:00
[2024-05-06T05:00:54.428+0000] {processor.py:183} INFO - Processing /home/airflow/.local/lib/python3.12/site-packages/airflow/example_dags/example_latest_only_with_trigger.py took 0.092 seconds
[2024-05-06T05:01:24.731+0000] {processor.py:161} INFO - Started process (PID=6123) to work on /home/airflow/.local/lib/python3.12/site-packages/airflow/example_dags/example_latest_only_with_trigger.py
[2024-05-06T05:01:24.732+0000] {processor.py:830} INFO - Processing file /home/airflow/.local/lib/python3.12/site-packages/airflow/example_dags/example_latest_only_with_trigger.py for tasks to queue
[2024-05-06T05:01:24.737+0000] {logging_mixin.py:188} INFO - [2024-05-06T05:01:24.736+0000] {dagbag.py:540} INFO - Filling up the DagBag from /home/airflow/.local/lib/python3.12/site-packages/airflow/example_dags/example_latest_only_with_trigger.py
[2024-05-06T05:01:24.743+0000] {processor.py:840} INFO - DAG(s) 'latest_only_with_trigger' retrieved from /home/airflow/.local/lib/python3.12/site-packages/airflow/example_dags/example_latest_only_with_trigger.py
[2024-05-06T05:01:24.799+0000] {logging_mixin.py:188} INFO - [2024-05-06T05:01:24.799+0000] {dag.py:3096} INFO - Sync 1 DAGs
[2024-05-06T05:01:24.825+0000] {logging_mixin.py:188} INFO - [2024-05-06T05:01:24.825+0000] {dag.py:3954} INFO - Setting next_dagrun for latest_only_with_trigger to 2024-05-06 00:00:00+00:00, run_after=2024-05-06 04:00:00+00:00
[2024-05-06T05:01:25.021+0000] {processor.py:183} INFO - Processing /home/airflow/.local/lib/python3.12/site-packages/airflow/example_dags/example_latest_only_with_trigger.py took 0.297 seconds
[2024-05-06T05:01:55.075+0000] {processor.py:161} INFO - Started process (PID=6393) to work on /home/airflow/.local/lib/python3.12/site-packages/airflow/example_dags/example_latest_only_with_trigger.py
[2024-05-06T05:01:55.080+0000] {processor.py:830} INFO - Processing file /home/airflow/.local/lib/python3.12/site-packages/airflow/example_dags/example_latest_only_with_trigger.py for tasks to queue
[2024-05-06T05:01:55.085+0000] {logging_mixin.py:188} INFO - [2024-05-06T05:01:55.084+0000] {dagbag.py:540} INFO - Filling up the DagBag from /home/airflow/.local/lib/python3.12/site-packages/airflow/example_dags/example_latest_only_with_trigger.py
[2024-05-06T05:01:55.100+0000] {processor.py:840} INFO - DAG(s) 'latest_only_with_trigger' retrieved from /home/airflow/.local/lib/python3.12/site-packages/airflow/example_dags/example_latest_only_with_trigger.py
[2024-05-06T05:01:55.217+0000] {logging_mixin.py:188} INFO - [2024-05-06T05:01:55.216+0000] {dag.py:3096} INFO - Sync 1 DAGs
[2024-05-06T05:01:55.291+0000] {logging_mixin.py:188} INFO - [2024-05-06T05:01:55.289+0000] {dag.py:3954} INFO - Setting next_dagrun for latest_only_with_trigger to 2024-05-06 00:00:00+00:00, run_after=2024-05-06 04:00:00+00:00
[2024-05-06T05:01:55.342+0000] {processor.py:183} INFO - Processing /home/airflow/.local/lib/python3.12/site-packages/airflow/example_dags/example_latest_only_with_trigger.py took 0.279 seconds
[2024-05-06T05:02:25.482+0000] {processor.py:161} INFO - Started process (PID=6659) to work on /home/airflow/.local/lib/python3.12/site-packages/airflow/example_dags/example_latest_only_with_trigger.py
[2024-05-06T05:02:25.483+0000] {processor.py:830} INFO - Processing file /home/airflow/.local/lib/python3.12/site-packages/airflow/example_dags/example_latest_only_with_trigger.py for tasks to queue
[2024-05-06T05:02:25.485+0000] {logging_mixin.py:188} INFO - [2024-05-06T05:02:25.485+0000] {dagbag.py:540} INFO - Filling up the DagBag from /home/airflow/.local/lib/python3.12/site-packages/airflow/example_dags/example_latest_only_with_trigger.py
[2024-05-06T05:02:25.491+0000] {processor.py:840} INFO - DAG(s) 'latest_only_with_trigger' retrieved from /home/airflow/.local/lib/python3.12/site-packages/airflow/example_dags/example_latest_only_with_trigger.py
[2024-05-06T05:02:25.517+0000] {logging_mixin.py:188} INFO - [2024-05-06T05:02:25.517+0000] {dag.py:3096} INFO - Sync 1 DAGs
[2024-05-06T05:02:25.553+0000] {logging_mixin.py:188} INFO - [2024-05-06T05:02:25.553+0000] {dag.py:3954} INFO - Setting next_dagrun for latest_only_with_trigger to 2024-05-06 00:00:00+00:00, run_after=2024-05-06 04:00:00+00:00
[2024-05-06T05:02:25.580+0000] {processor.py:183} INFO - Processing /home/airflow/.local/lib/python3.12/site-packages/airflow/example_dags/example_latest_only_with_trigger.py took 0.104 seconds
[2024-05-06T05:02:56.058+0000] {processor.py:161} INFO - Started process (PID=6929) to work on /home/airflow/.local/lib/python3.12/site-packages/airflow/example_dags/example_latest_only_with_trigger.py
[2024-05-06T05:02:56.059+0000] {processor.py:830} INFO - Processing file /home/airflow/.local/lib/python3.12/site-packages/airflow/example_dags/example_latest_only_with_trigger.py for tasks to queue
[2024-05-06T05:02:56.060+0000] {logging_mixin.py:188} INFO - [2024-05-06T05:02:56.060+0000] {dagbag.py:540} INFO - Filling up the DagBag from /home/airflow/.local/lib/python3.12/site-packages/airflow/example_dags/example_latest_only_with_trigger.py
[2024-05-06T05:02:56.066+0000] {processor.py:840} INFO - DAG(s) 'latest_only_with_trigger' retrieved from /home/airflow/.local/lib/python3.12/site-packages/airflow/example_dags/example_latest_only_with_trigger.py
[2024-05-06T05:02:56.091+0000] {logging_mixin.py:188} INFO - [2024-05-06T05:02:56.091+0000] {dag.py:3096} INFO - Sync 1 DAGs
[2024-05-06T05:02:56.118+0000] {logging_mixin.py:188} INFO - [2024-05-06T05:02:56.118+0000] {dag.py:3954} INFO - Setting next_dagrun for latest_only_with_trigger to 2024-05-06 00:00:00+00:00, run_after=2024-05-06 04:00:00+00:00
[2024-05-06T05:02:56.140+0000] {processor.py:183} INFO - Processing /home/airflow/.local/lib/python3.12/site-packages/airflow/example_dags/example_latest_only_with_trigger.py took 0.089 seconds
[2024-05-06T05:03:26.544+0000] {processor.py:161} INFO - Started process (PID=7194) to work on /home/airflow/.local/lib/python3.12/site-packages/airflow/example_dags/example_latest_only_with_trigger.py
[2024-05-06T05:03:26.545+0000] {processor.py:830} INFO - Processing file /home/airflow/.local/lib/python3.12/site-packages/airflow/example_dags/example_latest_only_with_trigger.py for tasks to queue
[2024-05-06T05:03:26.547+0000] {logging_mixin.py:188} INFO - [2024-05-06T05:03:26.547+0000] {dagbag.py:540} INFO - Filling up the DagBag from /home/airflow/.local/lib/python3.12/site-packages/airflow/example_dags/example_latest_only_with_trigger.py
[2024-05-06T05:03:26.553+0000] {processor.py:840} INFO - DAG(s) 'latest_only_with_trigger' retrieved from /home/airflow/.local/lib/python3.12/site-packages/airflow/example_dags/example_latest_only_with_trigger.py
[2024-05-06T05:03:26.581+0000] {logging_mixin.py:188} INFO - [2024-05-06T05:03:26.581+0000] {dag.py:3096} INFO - Sync 1 DAGs
[2024-05-06T05:03:26.607+0000] {logging_mixin.py:188} INFO - [2024-05-06T05:03:26.607+0000] {dag.py:3954} INFO - Setting next_dagrun for latest_only_with_trigger to 2024-05-06 00:00:00+00:00, run_after=2024-05-06 04:00:00+00:00
[2024-05-06T05:03:26.790+0000] {processor.py:183} INFO - Processing /home/airflow/.local/lib/python3.12/site-packages/airflow/example_dags/example_latest_only_with_trigger.py took 0.253 seconds
[2024-05-06T05:03:57.806+0000] {processor.py:161} INFO - Started process (PID=7461) to work on /home/airflow/.local/lib/python3.12/site-packages/airflow/example_dags/example_latest_only_with_trigger.py
[2024-05-06T05:03:57.808+0000] {processor.py:830} INFO - Processing file /home/airflow/.local/lib/python3.12/site-packages/airflow/example_dags/example_latest_only_with_trigger.py for tasks to queue
[2024-05-06T05:03:57.810+0000] {logging_mixin.py:188} INFO - [2024-05-06T05:03:57.809+0000] {dagbag.py:540} INFO - Filling up the DagBag from /home/airflow/.local/lib/python3.12/site-packages/airflow/example_dags/example_latest_only_with_trigger.py
[2024-05-06T05:03:57.815+0000] {processor.py:840} INFO - DAG(s) 'latest_only_with_trigger' retrieved from /home/airflow/.local/lib/python3.12/site-packages/airflow/example_dags/example_latest_only_with_trigger.py
[2024-05-06T05:03:57.840+0000] {logging_mixin.py:188} INFO - [2024-05-06T05:03:57.839+0000] {dag.py:3096} INFO - Sync 1 DAGs
[2024-05-06T05:03:57.865+0000] {logging_mixin.py:188} INFO - [2024-05-06T05:03:57.865+0000] {dag.py:3954} INFO - Setting next_dagrun for latest_only_with_trigger to 2024-05-06 00:00:00+00:00, run_after=2024-05-06 04:00:00+00:00
[2024-05-06T05:03:57.892+0000] {processor.py:183} INFO - Processing /home/airflow/.local/lib/python3.12/site-packages/airflow/example_dags/example_latest_only_with_trigger.py took 0.092 seconds
[2024-05-06T05:04:28.168+0000] {processor.py:161} INFO - Started process (PID=7728) to work on /home/airflow/.local/lib/python3.12/site-packages/airflow/example_dags/example_latest_only_with_trigger.py
[2024-05-06T05:04:28.169+0000] {processor.py:830} INFO - Processing file /home/airflow/.local/lib/python3.12/site-packages/airflow/example_dags/example_latest_only_with_trigger.py for tasks to queue
[2024-05-06T05:04:28.171+0000] {logging_mixin.py:188} INFO - [2024-05-06T05:04:28.171+0000] {dagbag.py:540} INFO - Filling up the DagBag from /home/airflow/.local/lib/python3.12/site-packages/airflow/example_dags/example_latest_only_with_trigger.py
[2024-05-06T05:04:28.177+0000] {processor.py:840} INFO - DAG(s) 'latest_only_with_trigger' retrieved from /home/airflow/.local/lib/python3.12/site-packages/airflow/example_dags/example_latest_only_with_trigger.py
[2024-05-06T05:04:28.200+0000] {logging_mixin.py:188} INFO - [2024-05-06T05:04:28.200+0000] {dag.py:3096} INFO - Sync 1 DAGs
[2024-05-06T05:04:28.265+0000] {logging_mixin.py:188} INFO - [2024-05-06T05:04:28.264+0000] {dag.py:3954} INFO - Setting next_dagrun for latest_only_with_trigger to 2024-05-06 00:00:00+00:00, run_after=2024-05-06 04:00:00+00:00
[2024-05-06T05:04:28.304+0000] {processor.py:183} INFO - Processing /home/airflow/.local/lib/python3.12/site-packages/airflow/example_dags/example_latest_only_with_trigger.py took 0.142 seconds
[2024-05-06T05:04:58.408+0000] {processor.py:161} INFO - Started process (PID=7995) to work on /home/airflow/.local/lib/python3.12/site-packages/airflow/example_dags/example_latest_only_with_trigger.py
[2024-05-06T05:04:58.409+0000] {processor.py:830} INFO - Processing file /home/airflow/.local/lib/python3.12/site-packages/airflow/example_dags/example_latest_only_with_trigger.py for tasks to queue
[2024-05-06T05:04:58.411+0000] {logging_mixin.py:188} INFO - [2024-05-06T05:04:58.410+0000] {dagbag.py:540} INFO - Filling up the DagBag from /home/airflow/.local/lib/python3.12/site-packages/airflow/example_dags/example_latest_only_with_trigger.py
[2024-05-06T05:04:58.416+0000] {processor.py:840} INFO - DAG(s) 'latest_only_with_trigger' retrieved from /home/airflow/.local/lib/python3.12/site-packages/airflow/example_dags/example_latest_only_with_trigger.py
[2024-05-06T05:04:58.442+0000] {logging_mixin.py:188} INFO - [2024-05-06T05:04:58.441+0000] {dag.py:3096} INFO - Sync 1 DAGs
[2024-05-06T05:04:58.467+0000] {logging_mixin.py:188} INFO - [2024-05-06T05:04:58.467+0000] {dag.py:3954} INFO - Setting next_dagrun for latest_only_with_trigger to 2024-05-06 00:00:00+00:00, run_after=2024-05-06 04:00:00+00:00
[2024-05-06T05:04:58.493+0000] {processor.py:183} INFO - Processing /home/airflow/.local/lib/python3.12/site-packages/airflow/example_dags/example_latest_only_with_trigger.py took 0.091 seconds
[2024-05-06T05:05:28.637+0000] {processor.py:161} INFO - Started process (PID=8267) to work on /home/airflow/.local/lib/python3.12/site-packages/airflow/example_dags/example_latest_only_with_trigger.py
[2024-05-06T05:05:28.638+0000] {processor.py:830} INFO - Processing file /home/airflow/.local/lib/python3.12/site-packages/airflow/example_dags/example_latest_only_with_trigger.py for tasks to queue
[2024-05-06T05:05:28.640+0000] {logging_mixin.py:188} INFO - [2024-05-06T05:05:28.640+0000] {dagbag.py:540} INFO - Filling up the DagBag from /home/airflow/.local/lib/python3.12/site-packages/airflow/example_dags/example_latest_only_with_trigger.py
[2024-05-06T05:05:28.650+0000] {processor.py:840} INFO - DAG(s) 'latest_only_with_trigger' retrieved from /home/airflow/.local/lib/python3.12/site-packages/airflow/example_dags/example_latest_only_with_trigger.py
[2024-05-06T05:05:28.675+0000] {logging_mixin.py:188} INFO - [2024-05-06T05:05:28.674+0000] {dag.py:3096} INFO - Sync 1 DAGs
[2024-05-06T05:05:28.707+0000] {logging_mixin.py:188} INFO - [2024-05-06T05:05:28.707+0000] {dag.py:3954} INFO - Setting next_dagrun for latest_only_with_trigger to 2024-05-06 00:00:00+00:00, run_after=2024-05-06 04:00:00+00:00
[2024-05-06T05:05:28.734+0000] {processor.py:183} INFO - Processing /home/airflow/.local/lib/python3.12/site-packages/airflow/example_dags/example_latest_only_with_trigger.py took 0.105 seconds
[2024-05-06T05:05:59.029+0000] {processor.py:161} INFO - Started process (PID=8539) to work on /home/airflow/.local/lib/python3.12/site-packages/airflow/example_dags/example_latest_only_with_trigger.py
[2024-05-06T05:05:59.030+0000] {processor.py:830} INFO - Processing file /home/airflow/.local/lib/python3.12/site-packages/airflow/example_dags/example_latest_only_with_trigger.py for tasks to queue
[2024-05-06T05:05:59.032+0000] {logging_mixin.py:188} INFO - [2024-05-06T05:05:59.032+0000] {dagbag.py:540} INFO - Filling up the DagBag from /home/airflow/.local/lib/python3.12/site-packages/airflow/example_dags/example_latest_only_with_trigger.py
[2024-05-06T05:05:59.038+0000] {processor.py:840} INFO - DAG(s) 'latest_only_with_trigger' retrieved from /home/airflow/.local/lib/python3.12/site-packages/airflow/example_dags/example_latest_only_with_trigger.py
[2024-05-06T05:05:59.063+0000] {logging_mixin.py:188} INFO - [2024-05-06T05:05:59.063+0000] {dag.py:3096} INFO - Sync 1 DAGs
[2024-05-06T05:05:59.092+0000] {logging_mixin.py:188} INFO - [2024-05-06T05:05:59.092+0000] {dag.py:3954} INFO - Setting next_dagrun for latest_only_with_trigger to 2024-05-06 00:00:00+00:00, run_after=2024-05-06 04:00:00+00:00
[2024-05-06T05:05:59.133+0000] {processor.py:183} INFO - Processing /home/airflow/.local/lib/python3.12/site-packages/airflow/example_dags/example_latest_only_with_trigger.py took 0.110 seconds
[2024-05-06T05:06:29.336+0000] {processor.py:161} INFO - Started process (PID=8811) to work on /home/airflow/.local/lib/python3.12/site-packages/airflow/example_dags/example_latest_only_with_trigger.py
[2024-05-06T05:06:29.337+0000] {processor.py:830} INFO - Processing file /home/airflow/.local/lib/python3.12/site-packages/airflow/example_dags/example_latest_only_with_trigger.py for tasks to queue
[2024-05-06T05:06:29.339+0000] {logging_mixin.py:188} INFO - [2024-05-06T05:06:29.339+0000] {dagbag.py:540} INFO - Filling up the DagBag from /home/airflow/.local/lib/python3.12/site-packages/airflow/example_dags/example_latest_only_with_trigger.py
[2024-05-06T05:06:29.345+0000] {processor.py:840} INFO - DAG(s) 'latest_only_with_trigger' retrieved from /home/airflow/.local/lib/python3.12/site-packages/airflow/example_dags/example_latest_only_with_trigger.py
[2024-05-06T05:06:29.370+0000] {logging_mixin.py:188} INFO - [2024-05-06T05:06:29.370+0000] {dag.py:3096} INFO - Sync 1 DAGs
[2024-05-06T05:06:29.397+0000] {logging_mixin.py:188} INFO - [2024-05-06T05:06:29.396+0000] {dag.py:3954} INFO - Setting next_dagrun for latest_only_with_trigger to 2024-05-06 00:00:00+00:00, run_after=2024-05-06 04:00:00+00:00
[2024-05-06T05:06:29.422+0000] {processor.py:183} INFO - Processing /home/airflow/.local/lib/python3.12/site-packages/airflow/example_dags/example_latest_only_with_trigger.py took 0.092 seconds
[2024-05-06T05:07:00.029+0000] {processor.py:161} INFO - Started process (PID=9083) to work on /home/airflow/.local/lib/python3.12/site-packages/airflow/example_dags/example_latest_only_with_trigger.py
[2024-05-06T05:07:00.029+0000] {processor.py:830} INFO - Processing file /home/airflow/.local/lib/python3.12/site-packages/airflow/example_dags/example_latest_only_with_trigger.py for tasks to queue
[2024-05-06T05:07:00.031+0000] {logging_mixin.py:188} INFO - [2024-05-06T05:07:00.031+0000] {dagbag.py:540} INFO - Filling up the DagBag from /home/airflow/.local/lib/python3.12/site-packages/airflow/example_dags/example_latest_only_with_trigger.py
[2024-05-06T05:07:00.036+0000] {processor.py:840} INFO - DAG(s) 'latest_only_with_trigger' retrieved from /home/airflow/.local/lib/python3.12/site-packages/airflow/example_dags/example_latest_only_with_trigger.py
[2024-05-06T05:07:00.062+0000] {logging_mixin.py:188} INFO - [2024-05-06T05:07:00.061+0000] {dag.py:3096} INFO - Sync 1 DAGs
[2024-05-06T05:07:00.088+0000] {logging_mixin.py:188} INFO - [2024-05-06T05:07:00.087+0000] {dag.py:3954} INFO - Setting next_dagrun for latest_only_with_trigger to 2024-05-06 00:00:00+00:00, run_after=2024-05-06 04:00:00+00:00
[2024-05-06T05:07:00.114+0000] {processor.py:183} INFO - Processing /home/airflow/.local/lib/python3.12/site-packages/airflow/example_dags/example_latest_only_with_trigger.py took 0.092 seconds
[2024-05-06T05:07:30.817+0000] {processor.py:161} INFO - Started process (PID=9357) to work on /home/airflow/.local/lib/python3.12/site-packages/airflow/example_dags/example_latest_only_with_trigger.py
[2024-05-06T05:07:30.818+0000] {processor.py:830} INFO - Processing file /home/airflow/.local/lib/python3.12/site-packages/airflow/example_dags/example_latest_only_with_trigger.py for tasks to queue
[2024-05-06T05:07:30.819+0000] {logging_mixin.py:188} INFO - [2024-05-06T05:07:30.819+0000] {dagbag.py:540} INFO - Filling up the DagBag from /home/airflow/.local/lib/python3.12/site-packages/airflow/example_dags/example_latest_only_with_trigger.py
[2024-05-06T05:07:30.825+0000] {processor.py:840} INFO - DAG(s) 'latest_only_with_trigger' retrieved from /home/airflow/.local/lib/python3.12/site-packages/airflow/example_dags/example_latest_only_with_trigger.py
[2024-05-06T05:07:30.849+0000] {logging_mixin.py:188} INFO - [2024-05-06T05:07:30.849+0000] {dag.py:3096} INFO - Sync 1 DAGs
[2024-05-06T05:07:30.876+0000] {logging_mixin.py:188} INFO - [2024-05-06T05:07:30.875+0000] {dag.py:3954} INFO - Setting next_dagrun for latest_only_with_trigger to 2024-05-06 00:00:00+00:00, run_after=2024-05-06 04:00:00+00:00
[2024-05-06T05:07:30.901+0000] {processor.py:183} INFO - Processing /home/airflow/.local/lib/python3.12/site-packages/airflow/example_dags/example_latest_only_with_trigger.py took 0.092 seconds
[2024-05-06T05:08:01.526+0000] {processor.py:161} INFO - Started process (PID=9630) to work on /home/airflow/.local/lib/python3.12/site-packages/airflow/example_dags/example_latest_only_with_trigger.py
[2024-05-06T05:08:01.527+0000] {processor.py:830} INFO - Processing file /home/airflow/.local/lib/python3.12/site-packages/airflow/example_dags/example_latest_only_with_trigger.py for tasks to queue
[2024-05-06T05:08:01.528+0000] {logging_mixin.py:188} INFO - [2024-05-06T05:08:01.528+0000] {dagbag.py:540} INFO - Filling up the DagBag from /home/airflow/.local/lib/python3.12/site-packages/airflow/example_dags/example_latest_only_with_trigger.py
[2024-05-06T05:08:01.534+0000] {processor.py:840} INFO - DAG(s) 'latest_only_with_trigger' retrieved from /home/airflow/.local/lib/python3.12/site-packages/airflow/example_dags/example_latest_only_with_trigger.py
[2024-05-06T05:08:01.559+0000] {logging_mixin.py:188} INFO - [2024-05-06T05:08:01.558+0000] {dag.py:3096} INFO - Sync 1 DAGs
[2024-05-06T05:08:01.585+0000] {logging_mixin.py:188} INFO - [2024-05-06T05:08:01.585+0000] {dag.py:3954} INFO - Setting next_dagrun for latest_only_with_trigger to 2024-05-06 00:00:00+00:00, run_after=2024-05-06 04:00:00+00:00
[2024-05-06T05:08:01.612+0000] {processor.py:183} INFO - Processing /home/airflow/.local/lib/python3.12/site-packages/airflow/example_dags/example_latest_only_with_trigger.py took 0.093 seconds
[2024-05-06T05:08:32.070+0000] {processor.py:161} INFO - Started process (PID=9902) to work on /home/airflow/.local/lib/python3.12/site-packages/airflow/example_dags/example_latest_only_with_trigger.py
[2024-05-06T05:08:32.071+0000] {processor.py:830} INFO - Processing file /home/airflow/.local/lib/python3.12/site-packages/airflow/example_dags/example_latest_only_with_trigger.py for tasks to queue
[2024-05-06T05:08:32.073+0000] {logging_mixin.py:188} INFO - [2024-05-06T05:08:32.073+0000] {dagbag.py:540} INFO - Filling up the DagBag from /home/airflow/.local/lib/python3.12/site-packages/airflow/example_dags/example_latest_only_with_trigger.py
[2024-05-06T05:08:32.079+0000] {processor.py:840} INFO - DAG(s) 'latest_only_with_trigger' retrieved from /home/airflow/.local/lib/python3.12/site-packages/airflow/example_dags/example_latest_only_with_trigger.py
[2024-05-06T05:08:32.103+0000] {logging_mixin.py:188} INFO - [2024-05-06T05:08:32.103+0000] {dag.py:3096} INFO - Sync 1 DAGs
[2024-05-06T05:08:32.131+0000] {logging_mixin.py:188} INFO - [2024-05-06T05:08:32.131+0000] {dag.py:3954} INFO - Setting next_dagrun for latest_only_with_trigger to 2024-05-06 00:00:00+00:00, run_after=2024-05-06 04:00:00+00:00
[2024-05-06T05:08:32.156+0000] {processor.py:183} INFO - Processing /home/airflow/.local/lib/python3.12/site-packages/airflow/example_dags/example_latest_only_with_trigger.py took 0.092 seconds
[2024-05-06T05:09:02.633+0000] {processor.py:161} INFO - Started process (PID=10174) to work on /home/airflow/.local/lib/python3.12/site-packages/airflow/example_dags/example_latest_only_with_trigger.py
[2024-05-06T05:09:02.634+0000] {processor.py:830} INFO - Processing file /home/airflow/.local/lib/python3.12/site-packages/airflow/example_dags/example_latest_only_with_trigger.py for tasks to queue
[2024-05-06T05:09:02.636+0000] {logging_mixin.py:188} INFO - [2024-05-06T05:09:02.636+0000] {dagbag.py:540} INFO - Filling up the DagBag from /home/airflow/.local/lib/python3.12/site-packages/airflow/example_dags/example_latest_only_with_trigger.py
[2024-05-06T05:09:02.643+0000] {processor.py:840} INFO - DAG(s) 'latest_only_with_trigger' retrieved from /home/airflow/.local/lib/python3.12/site-packages/airflow/example_dags/example_latest_only_with_trigger.py
[2024-05-06T05:09:02.665+0000] {logging_mixin.py:188} INFO - [2024-05-06T05:09:02.665+0000] {dag.py:3096} INFO - Sync 1 DAGs
[2024-05-06T05:09:02.691+0000] {logging_mixin.py:188} INFO - [2024-05-06T05:09:02.691+0000] {dag.py:3954} INFO - Setting next_dagrun for latest_only_with_trigger to 2024-05-06 00:00:00+00:00, run_after=2024-05-06 04:00:00+00:00
[2024-05-06T05:09:02.722+0000] {processor.py:183} INFO - Processing /home/airflow/.local/lib/python3.12/site-packages/airflow/example_dags/example_latest_only_with_trigger.py took 0.095 seconds
[2024-05-06T05:09:33.004+0000] {processor.py:161} INFO - Started process (PID=10446) to work on /home/airflow/.local/lib/python3.12/site-packages/airflow/example_dags/example_latest_only_with_trigger.py
[2024-05-06T05:09:33.006+0000] {processor.py:830} INFO - Processing file /home/airflow/.local/lib/python3.12/site-packages/airflow/example_dags/example_latest_only_with_trigger.py for tasks to queue
[2024-05-06T05:09:33.008+0000] {logging_mixin.py:188} INFO - [2024-05-06T05:09:33.007+0000] {dagbag.py:540} INFO - Filling up the DagBag from /home/airflow/.local/lib/python3.12/site-packages/airflow/example_dags/example_latest_only_with_trigger.py
[2024-05-06T05:09:33.013+0000] {processor.py:840} INFO - DAG(s) 'latest_only_with_trigger' retrieved from /home/airflow/.local/lib/python3.12/site-packages/airflow/example_dags/example_latest_only_with_trigger.py
[2024-05-06T05:09:33.038+0000] {logging_mixin.py:188} INFO - [2024-05-06T05:09:33.038+0000] {dag.py:3096} INFO - Sync 1 DAGs
[2024-05-06T05:09:33.066+0000] {logging_mixin.py:188} INFO - [2024-05-06T05:09:33.065+0000] {dag.py:3954} INFO - Setting next_dagrun for latest_only_with_trigger to 2024-05-06 00:00:00+00:00, run_after=2024-05-06 04:00:00+00:00
[2024-05-06T05:09:33.091+0000] {processor.py:183} INFO - Processing /home/airflow/.local/lib/python3.12/site-packages/airflow/example_dags/example_latest_only_with_trigger.py took 0.095 seconds
[2024-05-06T05:10:03.678+0000] {processor.py:161} INFO - Started process (PID=10718) to work on /home/airflow/.local/lib/python3.12/site-packages/airflow/example_dags/example_latest_only_with_trigger.py
[2024-05-06T05:10:03.679+0000] {processor.py:830} INFO - Processing file /home/airflow/.local/lib/python3.12/site-packages/airflow/example_dags/example_latest_only_with_trigger.py for tasks to queue
[2024-05-06T05:10:03.681+0000] {logging_mixin.py:188} INFO - [2024-05-06T05:10:03.680+0000] {dagbag.py:540} INFO - Filling up the DagBag from /home/airflow/.local/lib/python3.12/site-packages/airflow/example_dags/example_latest_only_with_trigger.py
[2024-05-06T05:10:03.687+0000] {processor.py:840} INFO - DAG(s) 'latest_only_with_trigger' retrieved from /home/airflow/.local/lib/python3.12/site-packages/airflow/example_dags/example_latest_only_with_trigger.py
[2024-05-06T05:10:03.711+0000] {logging_mixin.py:188} INFO - [2024-05-06T05:10:03.711+0000] {dag.py:3096} INFO - Sync 1 DAGs
[2024-05-06T05:10:03.744+0000] {logging_mixin.py:188} INFO - [2024-05-06T05:10:03.744+0000] {dag.py:3954} INFO - Setting next_dagrun for latest_only_with_trigger to 2024-05-06 00:00:00+00:00, run_after=2024-05-06 04:00:00+00:00
[2024-05-06T05:10:03.776+0000] {processor.py:183} INFO - Processing /home/airflow/.local/lib/python3.12/site-packages/airflow/example_dags/example_latest_only_with_trigger.py took 0.105 seconds
[2024-05-06T05:10:34.015+0000] {processor.py:161} INFO - Started process (PID=10988) to work on /home/airflow/.local/lib/python3.12/site-packages/airflow/example_dags/example_latest_only_with_trigger.py
[2024-05-06T05:10:34.017+0000] {processor.py:830} INFO - Processing file /home/airflow/.local/lib/python3.12/site-packages/airflow/example_dags/example_latest_only_with_trigger.py for tasks to queue
[2024-05-06T05:10:34.019+0000] {logging_mixin.py:188} INFO - [2024-05-06T05:10:34.018+0000] {dagbag.py:540} INFO - Filling up the DagBag from /home/airflow/.local/lib/python3.12/site-packages/airflow/example_dags/example_latest_only_with_trigger.py
[2024-05-06T05:10:34.031+0000] {processor.py:840} INFO - DAG(s) 'latest_only_with_trigger' retrieved from /home/airflow/.local/lib/python3.12/site-packages/airflow/example_dags/example_latest_only_with_trigger.py
[2024-05-06T05:10:34.072+0000] {logging_mixin.py:188} INFO - [2024-05-06T05:10:34.071+0000] {dag.py:3096} INFO - Sync 1 DAGs
[2024-05-06T05:10:34.099+0000] {logging_mixin.py:188} INFO - [2024-05-06T05:10:34.099+0000] {dag.py:3954} INFO - Setting next_dagrun for latest_only_with_trigger to 2024-05-06 00:00:00+00:00, run_after=2024-05-06 04:00:00+00:00
[2024-05-06T05:10:34.128+0000] {processor.py:183} INFO - Processing /home/airflow/.local/lib/python3.12/site-packages/airflow/example_dags/example_latest_only_with_trigger.py took 0.122 seconds
[2024-05-06T05:11:04.343+0000] {processor.py:161} INFO - Started process (PID=11262) to work on /home/airflow/.local/lib/python3.12/site-packages/airflow/example_dags/example_latest_only_with_trigger.py
[2024-05-06T05:11:04.344+0000] {processor.py:830} INFO - Processing file /home/airflow/.local/lib/python3.12/site-packages/airflow/example_dags/example_latest_only_with_trigger.py for tasks to queue
[2024-05-06T05:11:04.346+0000] {logging_mixin.py:188} INFO - [2024-05-06T05:11:04.346+0000] {dagbag.py:540} INFO - Filling up the DagBag from /home/airflow/.local/lib/python3.12/site-packages/airflow/example_dags/example_latest_only_with_trigger.py
[2024-05-06T05:11:04.352+0000] {processor.py:840} INFO - DAG(s) 'latest_only_with_trigger' retrieved from /home/airflow/.local/lib/python3.12/site-packages/airflow/example_dags/example_latest_only_with_trigger.py
[2024-05-06T05:11:04.376+0000] {logging_mixin.py:188} INFO - [2024-05-06T05:11:04.376+0000] {dag.py:3096} INFO - Sync 1 DAGs
[2024-05-06T05:11:04.403+0000] {logging_mixin.py:188} INFO - [2024-05-06T05:11:04.403+0000] {dag.py:3954} INFO - Setting next_dagrun for latest_only_with_trigger to 2024-05-06 00:00:00+00:00, run_after=2024-05-06 04:00:00+00:00
[2024-05-06T05:11:04.432+0000] {processor.py:183} INFO - Processing /home/airflow/.local/lib/python3.12/site-packages/airflow/example_dags/example_latest_only_with_trigger.py took 0.098 seconds
[2024-05-06T05:11:35.023+0000] {processor.py:161} INFO - Started process (PID=11529) to work on /home/airflow/.local/lib/python3.12/site-packages/airflow/example_dags/example_latest_only_with_trigger.py
[2024-05-06T05:11:35.024+0000] {processor.py:830} INFO - Processing file /home/airflow/.local/lib/python3.12/site-packages/airflow/example_dags/example_latest_only_with_trigger.py for tasks to queue
[2024-05-06T05:11:35.026+0000] {logging_mixin.py:188} INFO - [2024-05-06T05:11:35.025+0000] {dagbag.py:540} INFO - Filling up the DagBag from /home/airflow/.local/lib/python3.12/site-packages/airflow/example_dags/example_latest_only_with_trigger.py
[2024-05-06T05:11:35.032+0000] {processor.py:840} INFO - DAG(s) 'latest_only_with_trigger' retrieved from /home/airflow/.local/lib/python3.12/site-packages/airflow/example_dags/example_latest_only_with_trigger.py
[2024-05-06T05:11:35.060+0000] {logging_mixin.py:188} INFO - [2024-05-06T05:11:35.059+0000] {dag.py:3096} INFO - Sync 1 DAGs
[2024-05-06T05:11:35.086+0000] {logging_mixin.py:188} INFO - [2024-05-06T05:11:35.086+0000] {dag.py:3954} INFO - Setting next_dagrun for latest_only_with_trigger to 2024-05-06 00:00:00+00:00, run_after=2024-05-06 04:00:00+00:00
[2024-05-06T05:11:35.109+0000] {processor.py:183} INFO - Processing /home/airflow/.local/lib/python3.12/site-packages/airflow/example_dags/example_latest_only_with_trigger.py took 0.095 seconds
[2024-05-06T05:12:05.319+0000] {processor.py:161} INFO - Started process (PID=11803) to work on /home/airflow/.local/lib/python3.12/site-packages/airflow/example_dags/example_latest_only_with_trigger.py
[2024-05-06T05:12:05.320+0000] {processor.py:830} INFO - Processing file /home/airflow/.local/lib/python3.12/site-packages/airflow/example_dags/example_latest_only_with_trigger.py for tasks to queue
[2024-05-06T05:12:05.324+0000] {logging_mixin.py:188} INFO - [2024-05-06T05:12:05.323+0000] {dagbag.py:540} INFO - Filling up the DagBag from /home/airflow/.local/lib/python3.12/site-packages/airflow/example_dags/example_latest_only_with_trigger.py
[2024-05-06T05:12:05.330+0000] {processor.py:840} INFO - DAG(s) 'latest_only_with_trigger' retrieved from /home/airflow/.local/lib/python3.12/site-packages/airflow/example_dags/example_latest_only_with_trigger.py
[2024-05-06T05:12:05.376+0000] {logging_mixin.py:188} INFO - [2024-05-06T05:12:05.376+0000] {dag.py:3096} INFO - Sync 1 DAGs
[2024-05-06T05:12:05.429+0000] {logging_mixin.py:188} INFO - [2024-05-06T05:12:05.429+0000] {dag.py:3954} INFO - Setting next_dagrun for latest_only_with_trigger to 2024-05-06 00:00:00+00:00, run_after=2024-05-06 04:00:00+00:00
[2024-05-06T05:12:05.453+0000] {processor.py:183} INFO - Processing /home/airflow/.local/lib/python3.12/site-packages/airflow/example_dags/example_latest_only_with_trigger.py took 0.143 seconds
[2024-05-06T05:12:36.377+0000] {processor.py:161} INFO - Started process (PID=12075) to work on /home/airflow/.local/lib/python3.12/site-packages/airflow/example_dags/example_latest_only_with_trigger.py
[2024-05-06T05:12:36.378+0000] {processor.py:830} INFO - Processing file /home/airflow/.local/lib/python3.12/site-packages/airflow/example_dags/example_latest_only_with_trigger.py for tasks to queue
[2024-05-06T05:12:36.380+0000] {logging_mixin.py:188} INFO - [2024-05-06T05:12:36.380+0000] {dagbag.py:540} INFO - Filling up the DagBag from /home/airflow/.local/lib/python3.12/site-packages/airflow/example_dags/example_latest_only_with_trigger.py
[2024-05-06T05:12:36.386+0000] {processor.py:840} INFO - DAG(s) 'latest_only_with_trigger' retrieved from /home/airflow/.local/lib/python3.12/site-packages/airflow/example_dags/example_latest_only_with_trigger.py
[2024-05-06T05:12:36.438+0000] {logging_mixin.py:188} INFO - [2024-05-06T05:12:36.437+0000] {dag.py:3096} INFO - Sync 1 DAGs
[2024-05-06T05:12:36.489+0000] {logging_mixin.py:188} INFO - [2024-05-06T05:12:36.488+0000] {dag.py:3954} INFO - Setting next_dagrun for latest_only_with_trigger to 2024-05-06 00:00:00+00:00, run_after=2024-05-06 04:00:00+00:00
[2024-05-06T05:12:36.518+0000] {processor.py:183} INFO - Processing /home/airflow/.local/lib/python3.12/site-packages/airflow/example_dags/example_latest_only_with_trigger.py took 0.149 seconds
[2024-05-06T05:13:07.391+0000] {processor.py:161} INFO - Started process (PID=12348) to work on /home/airflow/.local/lib/python3.12/site-packages/airflow/example_dags/example_latest_only_with_trigger.py
[2024-05-06T05:13:07.391+0000] {processor.py:830} INFO - Processing file /home/airflow/.local/lib/python3.12/site-packages/airflow/example_dags/example_latest_only_with_trigger.py for tasks to queue
[2024-05-06T05:13:07.393+0000] {logging_mixin.py:188} INFO - [2024-05-06T05:13:07.393+0000] {dagbag.py:540} INFO - Filling up the DagBag from /home/airflow/.local/lib/python3.12/site-packages/airflow/example_dags/example_latest_only_with_trigger.py
[2024-05-06T05:13:07.399+0000] {processor.py:840} INFO - DAG(s) 'latest_only_with_trigger' retrieved from /home/airflow/.local/lib/python3.12/site-packages/airflow/example_dags/example_latest_only_with_trigger.py
[2024-05-06T05:13:07.424+0000] {logging_mixin.py:188} INFO - [2024-05-06T05:13:07.424+0000] {dag.py:3096} INFO - Sync 1 DAGs
[2024-05-06T05:13:07.453+0000] {logging_mixin.py:188} INFO - [2024-05-06T05:13:07.453+0000] {dag.py:3954} INFO - Setting next_dagrun for latest_only_with_trigger to 2024-05-06 00:00:00+00:00, run_after=2024-05-06 04:00:00+00:00
[2024-05-06T05:13:07.480+0000] {processor.py:183} INFO - Processing /home/airflow/.local/lib/python3.12/site-packages/airflow/example_dags/example_latest_only_with_trigger.py took 0.096 seconds
[2024-05-06T05:13:38.231+0000] {processor.py:161} INFO - Started process (PID=12621) to work on /home/airflow/.local/lib/python3.12/site-packages/airflow/example_dags/example_latest_only_with_trigger.py
[2024-05-06T05:13:38.231+0000] {processor.py:830} INFO - Processing file /home/airflow/.local/lib/python3.12/site-packages/airflow/example_dags/example_latest_only_with_trigger.py for tasks to queue
[2024-05-06T05:13:38.233+0000] {logging_mixin.py:188} INFO - [2024-05-06T05:13:38.233+0000] {dagbag.py:540} INFO - Filling up the DagBag from /home/airflow/.local/lib/python3.12/site-packages/airflow/example_dags/example_latest_only_with_trigger.py
[2024-05-06T05:13:38.239+0000] {processor.py:840} INFO - DAG(s) 'latest_only_with_trigger' retrieved from /home/airflow/.local/lib/python3.12/site-packages/airflow/example_dags/example_latest_only_with_trigger.py
[2024-05-06T05:13:38.264+0000] {logging_mixin.py:188} INFO - [2024-05-06T05:13:38.263+0000] {dag.py:3096} INFO - Sync 1 DAGs
[2024-05-06T05:13:38.291+0000] {logging_mixin.py:188} INFO - [2024-05-06T05:13:38.291+0000] {dag.py:3954} INFO - Setting next_dagrun for latest_only_with_trigger to 2024-05-06 00:00:00+00:00, run_after=2024-05-06 04:00:00+00:00
[2024-05-06T05:13:38.318+0000] {processor.py:183} INFO - Processing /home/airflow/.local/lib/python3.12/site-packages/airflow/example_dags/example_latest_only_with_trigger.py took 0.093 seconds
[2024-05-06T05:14:08.862+0000] {processor.py:161} INFO - Started process (PID=12891) to work on /home/airflow/.local/lib/python3.12/site-packages/airflow/example_dags/example_latest_only_with_trigger.py
[2024-05-06T05:14:08.863+0000] {processor.py:830} INFO - Processing file /home/airflow/.local/lib/python3.12/site-packages/airflow/example_dags/example_latest_only_with_trigger.py for tasks to queue
[2024-05-06T05:14:08.866+0000] {logging_mixin.py:188} INFO - [2024-05-06T05:14:08.866+0000] {dagbag.py:540} INFO - Filling up the DagBag from /home/airflow/.local/lib/python3.12/site-packages/airflow/example_dags/example_latest_only_with_trigger.py
[2024-05-06T05:14:08.872+0000] {processor.py:840} INFO - DAG(s) 'latest_only_with_trigger' retrieved from /home/airflow/.local/lib/python3.12/site-packages/airflow/example_dags/example_latest_only_with_trigger.py
[2024-05-06T05:14:08.900+0000] {logging_mixin.py:188} INFO - [2024-05-06T05:14:08.900+0000] {dag.py:3096} INFO - Sync 1 DAGs
[2024-05-06T05:14:08.934+0000] {logging_mixin.py:188} INFO - [2024-05-06T05:14:08.934+0000] {dag.py:3954} INFO - Setting next_dagrun for latest_only_with_trigger to 2024-05-06 00:00:00+00:00, run_after=2024-05-06 04:00:00+00:00
[2024-05-06T05:14:08.965+0000] {processor.py:183} INFO - Processing /home/airflow/.local/lib/python3.12/site-packages/airflow/example_dags/example_latest_only_with_trigger.py took 0.111 seconds
[2024-05-06T05:14:39.667+0000] {processor.py:161} INFO - Started process (PID=13166) to work on /home/airflow/.local/lib/python3.12/site-packages/airflow/example_dags/example_latest_only_with_trigger.py
[2024-05-06T05:14:39.668+0000] {processor.py:830} INFO - Processing file /home/airflow/.local/lib/python3.12/site-packages/airflow/example_dags/example_latest_only_with_trigger.py for tasks to queue
[2024-05-06T05:14:39.671+0000] {logging_mixin.py:188} INFO - [2024-05-06T05:14:39.671+0000] {dagbag.py:540} INFO - Filling up the DagBag from /home/airflow/.local/lib/python3.12/site-packages/airflow/example_dags/example_latest_only_with_trigger.py
[2024-05-06T05:14:39.677+0000] {processor.py:840} INFO - DAG(s) 'latest_only_with_trigger' retrieved from /home/airflow/.local/lib/python3.12/site-packages/airflow/example_dags/example_latest_only_with_trigger.py
[2024-05-06T05:14:39.700+0000] {logging_mixin.py:188} INFO - [2024-05-06T05:14:39.700+0000] {dag.py:3096} INFO - Sync 1 DAGs
[2024-05-06T05:14:39.728+0000] {logging_mixin.py:188} INFO - [2024-05-06T05:14:39.728+0000] {dag.py:3954} INFO - Setting next_dagrun for latest_only_with_trigger to 2024-05-06 00:00:00+00:00, run_after=2024-05-06 04:00:00+00:00
[2024-05-06T05:14:39.752+0000] {processor.py:183} INFO - Processing /home/airflow/.local/lib/python3.12/site-packages/airflow/example_dags/example_latest_only_with_trigger.py took 0.093 seconds
[2024-05-06T05:15:10.424+0000] {processor.py:161} INFO - Started process (PID=13438) to work on /home/airflow/.local/lib/python3.12/site-packages/airflow/example_dags/example_latest_only_with_trigger.py
[2024-05-06T05:15:10.425+0000] {processor.py:830} INFO - Processing file /home/airflow/.local/lib/python3.12/site-packages/airflow/example_dags/example_latest_only_with_trigger.py for tasks to queue
[2024-05-06T05:15:10.426+0000] {logging_mixin.py:188} INFO - [2024-05-06T05:15:10.426+0000] {dagbag.py:540} INFO - Filling up the DagBag from /home/airflow/.local/lib/python3.12/site-packages/airflow/example_dags/example_latest_only_with_trigger.py
[2024-05-06T05:15:10.432+0000] {processor.py:840} INFO - DAG(s) 'latest_only_with_trigger' retrieved from /home/airflow/.local/lib/python3.12/site-packages/airflow/example_dags/example_latest_only_with_trigger.py
[2024-05-06T05:15:10.449+0000] {logging_mixin.py:188} INFO - [2024-05-06T05:15:10.449+0000] {dag.py:3096} INFO - Sync 1 DAGs
[2024-05-06T05:15:10.473+0000] {logging_mixin.py:188} INFO - [2024-05-06T05:15:10.472+0000] {dag.py:3954} INFO - Setting next_dagrun for latest_only_with_trigger to 2024-05-06 00:00:00+00:00, run_after=2024-05-06 04:00:00+00:00
[2024-05-06T05:15:10.495+0000] {processor.py:183} INFO - Processing /home/airflow/.local/lib/python3.12/site-packages/airflow/example_dags/example_latest_only_with_trigger.py took 0.078 seconds
[2024-05-06T05:15:41.055+0000] {processor.py:161} INFO - Started process (PID=13711) to work on /home/airflow/.local/lib/python3.12/site-packages/airflow/example_dags/example_latest_only_with_trigger.py
[2024-05-06T05:15:41.056+0000] {processor.py:830} INFO - Processing file /home/airflow/.local/lib/python3.12/site-packages/airflow/example_dags/example_latest_only_with_trigger.py for tasks to queue
[2024-05-06T05:15:41.058+0000] {logging_mixin.py:188} INFO - [2024-05-06T05:15:41.057+0000] {dagbag.py:540} INFO - Filling up the DagBag from /home/airflow/.local/lib/python3.12/site-packages/airflow/example_dags/example_latest_only_with_trigger.py
[2024-05-06T05:15:41.062+0000] {processor.py:840} INFO - DAG(s) 'latest_only_with_trigger' retrieved from /home/airflow/.local/lib/python3.12/site-packages/airflow/example_dags/example_latest_only_with_trigger.py
[2024-05-06T05:15:41.079+0000] {logging_mixin.py:188} INFO - [2024-05-06T05:15:41.079+0000] {dag.py:3096} INFO - Sync 1 DAGs
[2024-05-06T05:15:41.097+0000] {logging_mixin.py:188} INFO - [2024-05-06T05:15:41.097+0000] {dag.py:3954} INFO - Setting next_dagrun for latest_only_with_trigger to 2024-05-06 00:00:00+00:00, run_after=2024-05-06 04:00:00+00:00
[2024-05-06T05:15:41.118+0000] {processor.py:183} INFO - Processing /home/airflow/.local/lib/python3.12/site-packages/airflow/example_dags/example_latest_only_with_trigger.py took 0.067 seconds
[2024-05-06T05:16:11.926+0000] {processor.py:161} INFO - Started process (PID=13982) to work on /home/airflow/.local/lib/python3.12/site-packages/airflow/example_dags/example_latest_only_with_trigger.py
[2024-05-06T05:16:11.927+0000] {processor.py:830} INFO - Processing file /home/airflow/.local/lib/python3.12/site-packages/airflow/example_dags/example_latest_only_with_trigger.py for tasks to queue
[2024-05-06T05:16:11.928+0000] {logging_mixin.py:188} INFO - [2024-05-06T05:16:11.928+0000] {dagbag.py:540} INFO - Filling up the DagBag from /home/airflow/.local/lib/python3.12/site-packages/airflow/example_dags/example_latest_only_with_trigger.py
[2024-05-06T05:16:11.933+0000] {processor.py:840} INFO - DAG(s) 'latest_only_with_trigger' retrieved from /home/airflow/.local/lib/python3.12/site-packages/airflow/example_dags/example_latest_only_with_trigger.py
[2024-05-06T05:16:11.950+0000] {logging_mixin.py:188} INFO - [2024-05-06T05:16:11.950+0000] {dag.py:3096} INFO - Sync 1 DAGs
[2024-05-06T05:16:11.970+0000] {logging_mixin.py:188} INFO - [2024-05-06T05:16:11.970+0000] {dag.py:3954} INFO - Setting next_dagrun for latest_only_with_trigger to 2024-05-06 00:00:00+00:00, run_after=2024-05-06 04:00:00+00:00
[2024-05-06T05:16:11.993+0000] {processor.py:183} INFO - Processing /home/airflow/.local/lib/python3.12/site-packages/airflow/example_dags/example_latest_only_with_trigger.py took 0.071 seconds
[2024-05-06T05:16:42.657+0000] {processor.py:161} INFO - Started process (PID=14253) to work on /home/airflow/.local/lib/python3.12/site-packages/airflow/example_dags/example_latest_only_with_trigger.py
[2024-05-06T05:16:42.658+0000] {processor.py:830} INFO - Processing file /home/airflow/.local/lib/python3.12/site-packages/airflow/example_dags/example_latest_only_with_trigger.py for tasks to queue
[2024-05-06T05:16:42.659+0000] {logging_mixin.py:188} INFO - [2024-05-06T05:16:42.659+0000] {dagbag.py:540} INFO - Filling up the DagBag from /home/airflow/.local/lib/python3.12/site-packages/airflow/example_dags/example_latest_only_with_trigger.py
[2024-05-06T05:16:42.665+0000] {processor.py:840} INFO - DAG(s) 'latest_only_with_trigger' retrieved from /home/airflow/.local/lib/python3.12/site-packages/airflow/example_dags/example_latest_only_with_trigger.py
[2024-05-06T05:16:42.690+0000] {logging_mixin.py:188} INFO - [2024-05-06T05:16:42.690+0000] {dag.py:3096} INFO - Sync 1 DAGs
[2024-05-06T05:16:42.718+0000] {logging_mixin.py:188} INFO - [2024-05-06T05:16:42.718+0000] {dag.py:3954} INFO - Setting next_dagrun for latest_only_with_trigger to 2024-05-06 00:00:00+00:00, run_after=2024-05-06 04:00:00+00:00
[2024-05-06T05:16:42.743+0000] {processor.py:183} INFO - Processing /home/airflow/.local/lib/python3.12/site-packages/airflow/example_dags/example_latest_only_with_trigger.py took 0.091 seconds
[2024-05-06T05:17:13.122+0000] {processor.py:161} INFO - Started process (PID=14526) to work on /home/airflow/.local/lib/python3.12/site-packages/airflow/example_dags/example_latest_only_with_trigger.py
[2024-05-06T05:17:13.123+0000] {processor.py:830} INFO - Processing file /home/airflow/.local/lib/python3.12/site-packages/airflow/example_dags/example_latest_only_with_trigger.py for tasks to queue
[2024-05-06T05:17:13.125+0000] {logging_mixin.py:188} INFO - [2024-05-06T05:17:13.125+0000] {dagbag.py:540} INFO - Filling up the DagBag from /home/airflow/.local/lib/python3.12/site-packages/airflow/example_dags/example_latest_only_with_trigger.py
[2024-05-06T05:17:13.131+0000] {processor.py:840} INFO - DAG(s) 'latest_only_with_trigger' retrieved from /home/airflow/.local/lib/python3.12/site-packages/airflow/example_dags/example_latest_only_with_trigger.py
[2024-05-06T05:17:13.154+0000] {logging_mixin.py:188} INFO - [2024-05-06T05:17:13.154+0000] {dag.py:3096} INFO - Sync 1 DAGs
[2024-05-06T05:17:13.181+0000] {logging_mixin.py:188} INFO - [2024-05-06T05:17:13.180+0000] {dag.py:3954} INFO - Setting next_dagrun for latest_only_with_trigger to 2024-05-06 00:00:00+00:00, run_after=2024-05-06 04:00:00+00:00
[2024-05-06T05:17:13.205+0000] {processor.py:183} INFO - Processing /home/airflow/.local/lib/python3.12/site-packages/airflow/example_dags/example_latest_only_with_trigger.py took 0.091 seconds
[2024-05-06T05:17:43.978+0000] {processor.py:161} INFO - Started process (PID=14800) to work on /home/airflow/.local/lib/python3.12/site-packages/airflow/example_dags/example_latest_only_with_trigger.py
[2024-05-06T05:17:43.979+0000] {processor.py:830} INFO - Processing file /home/airflow/.local/lib/python3.12/site-packages/airflow/example_dags/example_latest_only_with_trigger.py for tasks to queue
[2024-05-06T05:17:43.980+0000] {logging_mixin.py:188} INFO - [2024-05-06T05:17:43.980+0000] {dagbag.py:540} INFO - Filling up the DagBag from /home/airflow/.local/lib/python3.12/site-packages/airflow/example_dags/example_latest_only_with_trigger.py
[2024-05-06T05:17:43.984+0000] {processor.py:840} INFO - DAG(s) 'latest_only_with_trigger' retrieved from /home/airflow/.local/lib/python3.12/site-packages/airflow/example_dags/example_latest_only_with_trigger.py
[2024-05-06T05:17:44.004+0000] {logging_mixin.py:188} INFO - [2024-05-06T05:17:44.004+0000] {dag.py:3096} INFO - Sync 1 DAGs
[2024-05-06T05:17:44.022+0000] {logging_mixin.py:188} INFO - [2024-05-06T05:17:44.022+0000] {dag.py:3954} INFO - Setting next_dagrun for latest_only_with_trigger to 2024-05-06 00:00:00+00:00, run_after=2024-05-06 04:00:00+00:00
[2024-05-06T05:17:44.042+0000] {processor.py:183} INFO - Processing /home/airflow/.local/lib/python3.12/site-packages/airflow/example_dags/example_latest_only_with_trigger.py took 0.068 seconds
[2024-05-06T05:18:14.469+0000] {processor.py:161} INFO - Started process (PID=15070) to work on /home/airflow/.local/lib/python3.12/site-packages/airflow/example_dags/example_latest_only_with_trigger.py
[2024-05-06T05:18:14.469+0000] {processor.py:830} INFO - Processing file /home/airflow/.local/lib/python3.12/site-packages/airflow/example_dags/example_latest_only_with_trigger.py for tasks to queue
[2024-05-06T05:18:14.471+0000] {logging_mixin.py:188} INFO - [2024-05-06T05:18:14.471+0000] {dagbag.py:540} INFO - Filling up the DagBag from /home/airflow/.local/lib/python3.12/site-packages/airflow/example_dags/example_latest_only_with_trigger.py
[2024-05-06T05:18:14.478+0000] {processor.py:840} INFO - DAG(s) 'latest_only_with_trigger' retrieved from /home/airflow/.local/lib/python3.12/site-packages/airflow/example_dags/example_latest_only_with_trigger.py
[2024-05-06T05:18:14.502+0000] {logging_mixin.py:188} INFO - [2024-05-06T05:18:14.502+0000] {dag.py:3096} INFO - Sync 1 DAGs
[2024-05-06T05:18:14.531+0000] {logging_mixin.py:188} INFO - [2024-05-06T05:18:14.531+0000] {dag.py:3954} INFO - Setting next_dagrun for latest_only_with_trigger to 2024-05-06 00:00:00+00:00, run_after=2024-05-06 04:00:00+00:00
[2024-05-06T05:18:14.555+0000] {processor.py:183} INFO - Processing /home/airflow/.local/lib/python3.12/site-packages/airflow/example_dags/example_latest_only_with_trigger.py took 0.093 seconds
[2024-05-06T05:18:44.900+0000] {processor.py:161} INFO - Started process (PID=15344) to work on /home/airflow/.local/lib/python3.12/site-packages/airflow/example_dags/example_latest_only_with_trigger.py
[2024-05-06T05:18:44.901+0000] {processor.py:830} INFO - Processing file /home/airflow/.local/lib/python3.12/site-packages/airflow/example_dags/example_latest_only_with_trigger.py for tasks to queue
[2024-05-06T05:18:44.902+0000] {logging_mixin.py:188} INFO - [2024-05-06T05:18:44.902+0000] {dagbag.py:540} INFO - Filling up the DagBag from /home/airflow/.local/lib/python3.12/site-packages/airflow/example_dags/example_latest_only_with_trigger.py
[2024-05-06T05:18:44.906+0000] {processor.py:840} INFO - DAG(s) 'latest_only_with_trigger' retrieved from /home/airflow/.local/lib/python3.12/site-packages/airflow/example_dags/example_latest_only_with_trigger.py
[2024-05-06T05:18:44.923+0000] {logging_mixin.py:188} INFO - [2024-05-06T05:18:44.923+0000] {dag.py:3096} INFO - Sync 1 DAGs
[2024-05-06T05:18:44.941+0000] {logging_mixin.py:188} INFO - [2024-05-06T05:18:44.941+0000] {dag.py:3954} INFO - Setting next_dagrun for latest_only_with_trigger to 2024-05-06 00:00:00+00:00, run_after=2024-05-06 04:00:00+00:00
[2024-05-06T05:18:44.962+0000] {processor.py:183} INFO - Processing /home/airflow/.local/lib/python3.12/site-packages/airflow/example_dags/example_latest_only_with_trigger.py took 0.067 seconds
[2024-05-06T05:19:15.520+0000] {processor.py:161} INFO - Started process (PID=15616) to work on /home/airflow/.local/lib/python3.12/site-packages/airflow/example_dags/example_latest_only_with_trigger.py
[2024-05-06T05:19:15.521+0000] {processor.py:830} INFO - Processing file /home/airflow/.local/lib/python3.12/site-packages/airflow/example_dags/example_latest_only_with_trigger.py for tasks to queue
[2024-05-06T05:19:15.523+0000] {logging_mixin.py:188} INFO - [2024-05-06T05:19:15.522+0000] {dagbag.py:540} INFO - Filling up the DagBag from /home/airflow/.local/lib/python3.12/site-packages/airflow/example_dags/example_latest_only_with_trigger.py
[2024-05-06T05:19:15.527+0000] {processor.py:840} INFO - DAG(s) 'latest_only_with_trigger' retrieved from /home/airflow/.local/lib/python3.12/site-packages/airflow/example_dags/example_latest_only_with_trigger.py
[2024-05-06T05:19:15.545+0000] {logging_mixin.py:188} INFO - [2024-05-06T05:19:15.545+0000] {dag.py:3096} INFO - Sync 1 DAGs
[2024-05-06T05:19:15.564+0000] {logging_mixin.py:188} INFO - [2024-05-06T05:19:15.564+0000] {dag.py:3954} INFO - Setting next_dagrun for latest_only_with_trigger to 2024-05-06 00:00:00+00:00, run_after=2024-05-06 04:00:00+00:00
[2024-05-06T05:19:15.585+0000] {processor.py:183} INFO - Processing /home/airflow/.local/lib/python3.12/site-packages/airflow/example_dags/example_latest_only_with_trigger.py took 0.070 seconds
