[2024-05-06T04:50:14.002+0000] {processor.py:161} INFO - Started process (PID=218) to work on /home/airflow/.local/lib/python3.12/site-packages/airflow/example_dags/example_dag_decorator.py
[2024-05-06T04:50:14.002+0000] {processor.py:830} INFO - Processing file /home/airflow/.local/lib/python3.12/site-packages/airflow/example_dags/example_dag_decorator.py for tasks to queue
[2024-05-06T04:50:14.004+0000] {logging_mixin.py:188} INFO - [2024-05-06T04:50:14.004+0000] {dagbag.py:540} INFO - Filling up the DagBag from /home/airflow/.local/lib/python3.12/site-packages/airflow/example_dags/example_dag_decorator.py
[2024-05-06T04:50:14.466+0000] {processor.py:840} INFO - DAG(s) 'example_dag_decorator' retrieved from /home/airflow/.local/lib/python3.12/site-packages/airflow/example_dags/example_dag_decorator.py
[2024-05-06T04:50:14.769+0000] {logging_mixin.py:188} INFO - [2024-05-06T04:50:14.761+0000] {override.py:1829} INFO - Created Permission View: can delete on DAG:example_dag_decorator
[2024-05-06T04:50:14.828+0000] {logging_mixin.py:188} INFO - [2024-05-06T04:50:14.827+0000] {override.py:1829} INFO - Created Permission View: can edit on DAG:example_dag_decorator
[2024-05-06T04:50:14.839+0000] {logging_mixin.py:188} INFO - [2024-05-06T04:50:14.839+0000] {override.py:1829} INFO - Created Permission View: can read on DAG:example_dag_decorator
[2024-05-06T04:50:14.840+0000] {logging_mixin.py:188} INFO - [2024-05-06T04:50:14.840+0000] {dag.py:3096} INFO - Sync 1 DAGs
[2024-05-06T04:50:14.854+0000] {logging_mixin.py:188} INFO - [2024-05-06T04:50:14.854+0000] {dag.py:3118} INFO - Creating ORM DAG for example_dag_decorator
[2024-05-06T04:50:14.855+0000] {logging_mixin.py:188} INFO - [2024-05-06T04:50:14.855+0000] {dag.py:3954} INFO - Setting next_dagrun for example_dag_decorator to None, run_after=None
[2024-05-06T04:50:14.885+0000] {processor.py:183} INFO - Processing /home/airflow/.local/lib/python3.12/site-packages/airflow/example_dags/example_dag_decorator.py took 0.892 seconds
[2024-05-06T04:50:44.963+0000] {processor.py:161} INFO - Started process (PID=487) to work on /home/airflow/.local/lib/python3.12/site-packages/airflow/example_dags/example_dag_decorator.py
[2024-05-06T04:50:44.964+0000] {processor.py:830} INFO - Processing file /home/airflow/.local/lib/python3.12/site-packages/airflow/example_dags/example_dag_decorator.py for tasks to queue
[2024-05-06T04:50:44.965+0000] {logging_mixin.py:188} INFO - [2024-05-06T04:50:44.965+0000] {dagbag.py:540} INFO - Filling up the DagBag from /home/airflow/.local/lib/python3.12/site-packages/airflow/example_dags/example_dag_decorator.py
[2024-05-06T04:50:45.052+0000] {processor.py:840} INFO - DAG(s) 'example_dag_decorator' retrieved from /home/airflow/.local/lib/python3.12/site-packages/airflow/example_dags/example_dag_decorator.py
[2024-05-06T04:50:45.151+0000] {logging_mixin.py:188} INFO - [2024-05-06T04:50:45.151+0000] {dag.py:3096} INFO - Sync 1 DAGs
[2024-05-06T04:50:45.160+0000] {logging_mixin.py:188} INFO - [2024-05-06T04:50:45.160+0000] {dag.py:3954} INFO - Setting next_dagrun for example_dag_decorator to None, run_after=None
[2024-05-06T04:50:45.180+0000] {processor.py:183} INFO - Processing /home/airflow/.local/lib/python3.12/site-packages/airflow/example_dags/example_dag_decorator.py took 0.223 seconds
[2024-05-06T04:51:15.301+0000] {processor.py:161} INFO - Started process (PID=746) to work on /home/airflow/.local/lib/python3.12/site-packages/airflow/example_dags/example_dag_decorator.py
[2024-05-06T04:51:15.303+0000] {processor.py:830} INFO - Processing file /home/airflow/.local/lib/python3.12/site-packages/airflow/example_dags/example_dag_decorator.py for tasks to queue
[2024-05-06T04:51:15.305+0000] {logging_mixin.py:188} INFO - [2024-05-06T04:51:15.304+0000] {dagbag.py:540} INFO - Filling up the DagBag from /home/airflow/.local/lib/python3.12/site-packages/airflow/example_dags/example_dag_decorator.py
[2024-05-06T04:51:15.427+0000] {processor.py:840} INFO - DAG(s) 'example_dag_decorator' retrieved from /home/airflow/.local/lib/python3.12/site-packages/airflow/example_dags/example_dag_decorator.py
[2024-05-06T04:51:15.543+0000] {logging_mixin.py:188} INFO - [2024-05-06T04:51:15.543+0000] {dag.py:3096} INFO - Sync 1 DAGs
[2024-05-06T04:51:15.552+0000] {logging_mixin.py:188} INFO - [2024-05-06T04:51:15.552+0000] {dag.py:3954} INFO - Setting next_dagrun for example_dag_decorator to None, run_after=None
[2024-05-06T04:51:15.572+0000] {processor.py:183} INFO - Processing /home/airflow/.local/lib/python3.12/site-packages/airflow/example_dags/example_dag_decorator.py took 0.277 seconds
[2024-05-06T04:51:45.631+0000] {processor.py:161} INFO - Started process (PID=1010) to work on /home/airflow/.local/lib/python3.12/site-packages/airflow/example_dags/example_dag_decorator.py
[2024-05-06T04:51:45.632+0000] {processor.py:830} INFO - Processing file /home/airflow/.local/lib/python3.12/site-packages/airflow/example_dags/example_dag_decorator.py for tasks to queue
[2024-05-06T04:51:45.633+0000] {logging_mixin.py:188} INFO - [2024-05-06T04:51:45.633+0000] {dagbag.py:540} INFO - Filling up the DagBag from /home/airflow/.local/lib/python3.12/site-packages/airflow/example_dags/example_dag_decorator.py
[2024-05-06T04:51:45.755+0000] {processor.py:840} INFO - DAG(s) 'example_dag_decorator' retrieved from /home/airflow/.local/lib/python3.12/site-packages/airflow/example_dags/example_dag_decorator.py
[2024-05-06T04:51:45.913+0000] {logging_mixin.py:188} INFO - [2024-05-06T04:51:45.913+0000] {dag.py:3096} INFO - Sync 1 DAGs
[2024-05-06T04:51:45.926+0000] {logging_mixin.py:188} INFO - [2024-05-06T04:51:45.926+0000] {dag.py:3954} INFO - Setting next_dagrun for example_dag_decorator to None, run_after=None
[2024-05-06T04:51:45.949+0000] {processor.py:183} INFO - Processing /home/airflow/.local/lib/python3.12/site-packages/airflow/example_dags/example_dag_decorator.py took 0.325 seconds
[2024-05-06T04:52:16.572+0000] {processor.py:161} INFO - Started process (PID=1270) to work on /home/airflow/.local/lib/python3.12/site-packages/airflow/example_dags/example_dag_decorator.py
[2024-05-06T04:52:16.572+0000] {processor.py:830} INFO - Processing file /home/airflow/.local/lib/python3.12/site-packages/airflow/example_dags/example_dag_decorator.py for tasks to queue
[2024-05-06T04:52:16.574+0000] {logging_mixin.py:188} INFO - [2024-05-06T04:52:16.573+0000] {dagbag.py:540} INFO - Filling up the DagBag from /home/airflow/.local/lib/python3.12/site-packages/airflow/example_dags/example_dag_decorator.py
[2024-05-06T04:52:16.655+0000] {processor.py:840} INFO - DAG(s) 'example_dag_decorator' retrieved from /home/airflow/.local/lib/python3.12/site-packages/airflow/example_dags/example_dag_decorator.py
[2024-05-06T04:52:16.759+0000] {logging_mixin.py:188} INFO - [2024-05-06T04:52:16.759+0000] {dag.py:3096} INFO - Sync 1 DAGs
[2024-05-06T04:52:16.768+0000] {logging_mixin.py:188} INFO - [2024-05-06T04:52:16.768+0000] {dag.py:3954} INFO - Setting next_dagrun for example_dag_decorator to None, run_after=None
[2024-05-06T04:52:16.789+0000] {processor.py:183} INFO - Processing /home/airflow/.local/lib/python3.12/site-packages/airflow/example_dags/example_dag_decorator.py took 0.221 seconds
[2024-05-06T04:52:47.821+0000] {processor.py:161} INFO - Started process (PID=1531) to work on /home/airflow/.local/lib/python3.12/site-packages/airflow/example_dags/example_dag_decorator.py
[2024-05-06T04:52:47.822+0000] {processor.py:830} INFO - Processing file /home/airflow/.local/lib/python3.12/site-packages/airflow/example_dags/example_dag_decorator.py for tasks to queue
[2024-05-06T04:52:47.823+0000] {logging_mixin.py:188} INFO - [2024-05-06T04:52:47.823+0000] {dagbag.py:540} INFO - Filling up the DagBag from /home/airflow/.local/lib/python3.12/site-packages/airflow/example_dags/example_dag_decorator.py
[2024-05-06T04:52:47.951+0000] {processor.py:840} INFO - DAG(s) 'example_dag_decorator' retrieved from /home/airflow/.local/lib/python3.12/site-packages/airflow/example_dags/example_dag_decorator.py
[2024-05-06T04:52:48.118+0000] {logging_mixin.py:188} INFO - [2024-05-06T04:52:48.117+0000] {dag.py:3096} INFO - Sync 1 DAGs
[2024-05-06T04:52:48.131+0000] {logging_mixin.py:188} INFO - [2024-05-06T04:52:48.131+0000] {dag.py:3954} INFO - Setting next_dagrun for example_dag_decorator to None, run_after=None
[2024-05-06T04:52:48.154+0000] {processor.py:183} INFO - Processing /home/airflow/.local/lib/python3.12/site-packages/airflow/example_dags/example_dag_decorator.py took 0.340 seconds
[2024-05-06T04:53:18.891+0000] {processor.py:161} INFO - Started process (PID=1793) to work on /home/airflow/.local/lib/python3.12/site-packages/airflow/example_dags/example_dag_decorator.py
[2024-05-06T04:53:18.892+0000] {processor.py:830} INFO - Processing file /home/airflow/.local/lib/python3.12/site-packages/airflow/example_dags/example_dag_decorator.py for tasks to queue
[2024-05-06T04:53:18.896+0000] {logging_mixin.py:188} INFO - [2024-05-06T04:53:18.895+0000] {dagbag.py:540} INFO - Filling up the DagBag from /home/airflow/.local/lib/python3.12/site-packages/airflow/example_dags/example_dag_decorator.py
[2024-05-06T04:53:19.050+0000] {processor.py:840} INFO - DAG(s) 'example_dag_decorator' retrieved from /home/airflow/.local/lib/python3.12/site-packages/airflow/example_dags/example_dag_decorator.py
[2024-05-06T04:53:19.262+0000] {logging_mixin.py:188} INFO - [2024-05-06T04:53:19.261+0000] {dag.py:3096} INFO - Sync 1 DAGs
[2024-05-06T04:53:19.275+0000] {logging_mixin.py:188} INFO - [2024-05-06T04:53:19.275+0000] {dag.py:3954} INFO - Setting next_dagrun for example_dag_decorator to None, run_after=None
[2024-05-06T04:53:19.299+0000] {processor.py:183} INFO - Processing /home/airflow/.local/lib/python3.12/site-packages/airflow/example_dags/example_dag_decorator.py took 0.419 seconds
[2024-05-06T04:53:49.360+0000] {processor.py:161} INFO - Started process (PID=2065) to work on /home/airflow/.local/lib/python3.12/site-packages/airflow/example_dags/example_dag_decorator.py
[2024-05-06T04:53:49.361+0000] {processor.py:830} INFO - Processing file /home/airflow/.local/lib/python3.12/site-packages/airflow/example_dags/example_dag_decorator.py for tasks to queue
[2024-05-06T04:53:49.363+0000] {logging_mixin.py:188} INFO - [2024-05-06T04:53:49.362+0000] {dagbag.py:540} INFO - Filling up the DagBag from /home/airflow/.local/lib/python3.12/site-packages/airflow/example_dags/example_dag_decorator.py
[2024-05-06T04:53:49.445+0000] {processor.py:840} INFO - DAG(s) 'example_dag_decorator' retrieved from /home/airflow/.local/lib/python3.12/site-packages/airflow/example_dags/example_dag_decorator.py
[2024-05-06T04:53:49.543+0000] {logging_mixin.py:188} INFO - [2024-05-06T04:53:49.543+0000] {dag.py:3096} INFO - Sync 1 DAGs
[2024-05-06T04:53:49.553+0000] {logging_mixin.py:188} INFO - [2024-05-06T04:53:49.553+0000] {dag.py:3954} INFO - Setting next_dagrun for example_dag_decorator to None, run_after=None
[2024-05-06T04:53:49.739+0000] {processor.py:183} INFO - Processing /home/airflow/.local/lib/python3.12/site-packages/airflow/example_dags/example_dag_decorator.py took 0.385 seconds
[2024-05-06T04:54:20.161+0000] {processor.py:161} INFO - Started process (PID=2396) to work on /home/airflow/.local/lib/python3.12/site-packages/airflow/example_dags/example_dag_decorator.py
[2024-05-06T04:54:20.162+0000] {processor.py:830} INFO - Processing file /home/airflow/.local/lib/python3.12/site-packages/airflow/example_dags/example_dag_decorator.py for tasks to queue
[2024-05-06T04:54:20.165+0000] {logging_mixin.py:188} INFO - [2024-05-06T04:54:20.164+0000] {dagbag.py:540} INFO - Filling up the DagBag from /home/airflow/.local/lib/python3.12/site-packages/airflow/example_dags/example_dag_decorator.py
[2024-05-06T04:54:21.188+0000] {processor.py:840} INFO - DAG(s) 'example_dag_decorator' retrieved from /home/airflow/.local/lib/python3.12/site-packages/airflow/example_dags/example_dag_decorator.py
[2024-05-06T04:54:21.649+0000] {logging_mixin.py:188} INFO - [2024-05-06T04:54:21.648+0000] {dag.py:3096} INFO - Sync 1 DAGs
[2024-05-06T04:54:21.671+0000] {logging_mixin.py:188} INFO - [2024-05-06T04:54:21.671+0000] {dag.py:3954} INFO - Setting next_dagrun for example_dag_decorator to None, run_after=None
[2024-05-06T04:54:21.737+0000] {processor.py:183} INFO - Processing /home/airflow/.local/lib/python3.12/site-packages/airflow/example_dags/example_dag_decorator.py took 1.587 seconds
[2024-05-06T04:54:51.846+0000] {processor.py:161} INFO - Started process (PID=2743) to work on /home/airflow/.local/lib/python3.12/site-packages/airflow/example_dags/example_dag_decorator.py
[2024-05-06T04:54:51.847+0000] {processor.py:830} INFO - Processing file /home/airflow/.local/lib/python3.12/site-packages/airflow/example_dags/example_dag_decorator.py for tasks to queue
[2024-05-06T04:54:51.849+0000] {logging_mixin.py:188} INFO - [2024-05-06T04:54:51.848+0000] {dagbag.py:540} INFO - Filling up the DagBag from /home/airflow/.local/lib/python3.12/site-packages/airflow/example_dags/example_dag_decorator.py
[2024-05-06T04:54:51.944+0000] {processor.py:840} INFO - DAG(s) 'example_dag_decorator' retrieved from /home/airflow/.local/lib/python3.12/site-packages/airflow/example_dags/example_dag_decorator.py
[2024-05-06T04:54:52.056+0000] {logging_mixin.py:188} INFO - [2024-05-06T04:54:52.056+0000] {dag.py:3096} INFO - Sync 1 DAGs
[2024-05-06T04:54:52.065+0000] {logging_mixin.py:188} INFO - [2024-05-06T04:54:52.065+0000] {dag.py:3954} INFO - Setting next_dagrun for example_dag_decorator to None, run_after=None
[2024-05-06T04:54:52.085+0000] {processor.py:183} INFO - Processing /home/airflow/.local/lib/python3.12/site-packages/airflow/example_dags/example_dag_decorator.py took 0.246 seconds
[2024-05-06T04:55:22.800+0000] {processor.py:161} INFO - Started process (PID=2996) to work on /home/airflow/.local/lib/python3.12/site-packages/airflow/example_dags/example_dag_decorator.py
[2024-05-06T04:55:22.800+0000] {processor.py:830} INFO - Processing file /home/airflow/.local/lib/python3.12/site-packages/airflow/example_dags/example_dag_decorator.py for tasks to queue
[2024-05-06T04:55:22.802+0000] {logging_mixin.py:188} INFO - [2024-05-06T04:55:22.802+0000] {dagbag.py:540} INFO - Filling up the DagBag from /home/airflow/.local/lib/python3.12/site-packages/airflow/example_dags/example_dag_decorator.py
[2024-05-06T04:55:22.940+0000] {processor.py:840} INFO - DAG(s) 'example_dag_decorator' retrieved from /home/airflow/.local/lib/python3.12/site-packages/airflow/example_dags/example_dag_decorator.py
[2024-05-06T04:55:23.088+0000] {logging_mixin.py:188} INFO - [2024-05-06T04:55:23.087+0000] {dag.py:3096} INFO - Sync 1 DAGs
[2024-05-06T04:55:23.101+0000] {logging_mixin.py:188} INFO - [2024-05-06T04:55:23.101+0000] {dag.py:3954} INFO - Setting next_dagrun for example_dag_decorator to None, run_after=None
[2024-05-06T04:55:23.126+0000] {processor.py:183} INFO - Processing /home/airflow/.local/lib/python3.12/site-packages/airflow/example_dags/example_dag_decorator.py took 0.334 seconds
[2024-05-06T04:55:53.218+0000] {processor.py:161} INFO - Started process (PID=3269) to work on /home/airflow/.local/lib/python3.12/site-packages/airflow/example_dags/example_dag_decorator.py
[2024-05-06T04:55:53.220+0000] {processor.py:830} INFO - Processing file /home/airflow/.local/lib/python3.12/site-packages/airflow/example_dags/example_dag_decorator.py for tasks to queue
[2024-05-06T04:55:53.222+0000] {logging_mixin.py:188} INFO - [2024-05-06T04:55:53.221+0000] {dagbag.py:540} INFO - Filling up the DagBag from /home/airflow/.local/lib/python3.12/site-packages/airflow/example_dags/example_dag_decorator.py
[2024-05-06T04:55:53.319+0000] {processor.py:840} INFO - DAG(s) 'example_dag_decorator' retrieved from /home/airflow/.local/lib/python3.12/site-packages/airflow/example_dags/example_dag_decorator.py
[2024-05-06T04:55:53.339+0000] {logging_mixin.py:188} INFO - [2024-05-06T04:55:53.339+0000] {dag.py:3096} INFO - Sync 1 DAGs
[2024-05-06T04:55:53.350+0000] {logging_mixin.py:188} INFO - [2024-05-06T04:55:53.350+0000] {dag.py:3954} INFO - Setting next_dagrun for example_dag_decorator to None, run_after=None
[2024-05-06T04:55:53.371+0000] {processor.py:183} INFO - Processing /home/airflow/.local/lib/python3.12/site-packages/airflow/example_dags/example_dag_decorator.py took 0.158 seconds
[2024-05-06T04:56:23.979+0000] {processor.py:161} INFO - Started process (PID=3522) to work on /home/airflow/.local/lib/python3.12/site-packages/airflow/example_dags/example_dag_decorator.py
[2024-05-06T04:56:23.979+0000] {processor.py:830} INFO - Processing file /home/airflow/.local/lib/python3.12/site-packages/airflow/example_dags/example_dag_decorator.py for tasks to queue
[2024-05-06T04:56:23.981+0000] {logging_mixin.py:188} INFO - [2024-05-06T04:56:23.981+0000] {dagbag.py:540} INFO - Filling up the DagBag from /home/airflow/.local/lib/python3.12/site-packages/airflow/example_dags/example_dag_decorator.py
[2024-05-06T04:56:24.133+0000] {processor.py:840} INFO - DAG(s) 'example_dag_decorator' retrieved from /home/airflow/.local/lib/python3.12/site-packages/airflow/example_dags/example_dag_decorator.py
[2024-05-06T04:56:24.361+0000] {logging_mixin.py:188} INFO - [2024-05-06T04:56:24.361+0000] {dag.py:3096} INFO - Sync 1 DAGs
[2024-05-06T04:56:24.587+0000] {logging_mixin.py:188} INFO - [2024-05-06T04:56:24.587+0000] {dag.py:3954} INFO - Setting next_dagrun for example_dag_decorator to None, run_after=None
[2024-05-06T04:56:24.613+0000] {processor.py:183} INFO - Processing /home/airflow/.local/lib/python3.12/site-packages/airflow/example_dags/example_dag_decorator.py took 0.641 seconds
[2024-05-06T04:56:54.812+0000] {processor.py:161} INFO - Started process (PID=3798) to work on /home/airflow/.local/lib/python3.12/site-packages/airflow/example_dags/example_dag_decorator.py
[2024-05-06T04:56:54.817+0000] {processor.py:830} INFO - Processing file /home/airflow/.local/lib/python3.12/site-packages/airflow/example_dags/example_dag_decorator.py for tasks to queue
[2024-05-06T04:56:54.818+0000] {logging_mixin.py:188} INFO - [2024-05-06T04:56:54.818+0000] {dagbag.py:540} INFO - Filling up the DagBag from /home/airflow/.local/lib/python3.12/site-packages/airflow/example_dags/example_dag_decorator.py
[2024-05-06T04:56:55.014+0000] {processor.py:840} INFO - DAG(s) 'example_dag_decorator' retrieved from /home/airflow/.local/lib/python3.12/site-packages/airflow/example_dags/example_dag_decorator.py
[2024-05-06T04:56:55.273+0000] {logging_mixin.py:188} INFO - [2024-05-06T04:56:55.273+0000] {dag.py:3096} INFO - Sync 1 DAGs
[2024-05-06T04:56:55.544+0000] {logging_mixin.py:188} INFO - [2024-05-06T04:56:55.544+0000] {dag.py:3954} INFO - Setting next_dagrun for example_dag_decorator to None, run_after=None
[2024-05-06T04:56:55.569+0000] {processor.py:183} INFO - Processing /home/airflow/.local/lib/python3.12/site-packages/airflow/example_dags/example_dag_decorator.py took 0.764 seconds
[2024-05-06T04:57:25.871+0000] {processor.py:161} INFO - Started process (PID=4057) to work on /home/airflow/.local/lib/python3.12/site-packages/airflow/example_dags/example_dag_decorator.py
[2024-05-06T04:57:25.872+0000] {processor.py:830} INFO - Processing file /home/airflow/.local/lib/python3.12/site-packages/airflow/example_dags/example_dag_decorator.py for tasks to queue
[2024-05-06T04:57:25.874+0000] {logging_mixin.py:188} INFO - [2024-05-06T04:57:25.873+0000] {dagbag.py:540} INFO - Filling up the DagBag from /home/airflow/.local/lib/python3.12/site-packages/airflow/example_dags/example_dag_decorator.py
[2024-05-06T04:57:26.005+0000] {processor.py:840} INFO - DAG(s) 'example_dag_decorator' retrieved from /home/airflow/.local/lib/python3.12/site-packages/airflow/example_dags/example_dag_decorator.py
[2024-05-06T04:57:26.468+0000] {logging_mixin.py:188} INFO - [2024-05-06T04:57:26.467+0000] {dag.py:3096} INFO - Sync 1 DAGs
[2024-05-06T04:57:26.482+0000] {logging_mixin.py:188} INFO - [2024-05-06T04:57:26.481+0000] {dag.py:3954} INFO - Setting next_dagrun for example_dag_decorator to None, run_after=None
[2024-05-06T04:57:26.507+0000] {processor.py:183} INFO - Processing /home/airflow/.local/lib/python3.12/site-packages/airflow/example_dags/example_dag_decorator.py took 0.642 seconds
[2024-05-06T04:57:56.572+0000] {processor.py:161} INFO - Started process (PID=4334) to work on /home/airflow/.local/lib/python3.12/site-packages/airflow/example_dags/example_dag_decorator.py
[2024-05-06T04:57:56.573+0000] {processor.py:830} INFO - Processing file /home/airflow/.local/lib/python3.12/site-packages/airflow/example_dags/example_dag_decorator.py for tasks to queue
[2024-05-06T04:57:56.575+0000] {logging_mixin.py:188} INFO - [2024-05-06T04:57:56.574+0000] {dagbag.py:540} INFO - Filling up the DagBag from /home/airflow/.local/lib/python3.12/site-packages/airflow/example_dags/example_dag_decorator.py
[2024-05-06T04:57:56.666+0000] {processor.py:840} INFO - DAG(s) 'example_dag_decorator' retrieved from /home/airflow/.local/lib/python3.12/site-packages/airflow/example_dags/example_dag_decorator.py
[2024-05-06T04:57:56.870+0000] {logging_mixin.py:188} INFO - [2024-05-06T04:57:56.870+0000] {dag.py:3096} INFO - Sync 1 DAGs
[2024-05-06T04:57:56.878+0000] {logging_mixin.py:188} INFO - [2024-05-06T04:57:56.878+0000] {dag.py:3954} INFO - Setting next_dagrun for example_dag_decorator to None, run_after=None
[2024-05-06T04:57:56.900+0000] {processor.py:183} INFO - Processing /home/airflow/.local/lib/python3.12/site-packages/airflow/example_dags/example_dag_decorator.py took 0.333 seconds
[2024-05-06T04:58:27.663+0000] {processor.py:161} INFO - Started process (PID=4596) to work on /home/airflow/.local/lib/python3.12/site-packages/airflow/example_dags/example_dag_decorator.py
[2024-05-06T04:58:27.663+0000] {processor.py:830} INFO - Processing file /home/airflow/.local/lib/python3.12/site-packages/airflow/example_dags/example_dag_decorator.py for tasks to queue
[2024-05-06T04:58:27.665+0000] {logging_mixin.py:188} INFO - [2024-05-06T04:58:27.665+0000] {dagbag.py:540} INFO - Filling up the DagBag from /home/airflow/.local/lib/python3.12/site-packages/airflow/example_dags/example_dag_decorator.py
[2024-05-06T04:58:27.794+0000] {processor.py:840} INFO - DAG(s) 'example_dag_decorator' retrieved from /home/airflow/.local/lib/python3.12/site-packages/airflow/example_dags/example_dag_decorator.py
[2024-05-06T04:58:28.095+0000] {logging_mixin.py:188} INFO - [2024-05-06T04:58:28.095+0000] {dag.py:3096} INFO - Sync 1 DAGs
[2024-05-06T04:58:28.107+0000] {logging_mixin.py:188} INFO - [2024-05-06T04:58:28.107+0000] {dag.py:3954} INFO - Setting next_dagrun for example_dag_decorator to None, run_after=None
[2024-05-06T04:58:28.130+0000] {processor.py:183} INFO - Processing /home/airflow/.local/lib/python3.12/site-packages/airflow/example_dags/example_dag_decorator.py took 0.474 seconds
[2024-05-06T04:58:58.330+0000] {processor.py:161} INFO - Started process (PID=4873) to work on /home/airflow/.local/lib/python3.12/site-packages/airflow/example_dags/example_dag_decorator.py
[2024-05-06T04:58:58.331+0000] {processor.py:830} INFO - Processing file /home/airflow/.local/lib/python3.12/site-packages/airflow/example_dags/example_dag_decorator.py for tasks to queue
[2024-05-06T04:58:58.333+0000] {logging_mixin.py:188} INFO - [2024-05-06T04:58:58.333+0000] {dagbag.py:540} INFO - Filling up the DagBag from /home/airflow/.local/lib/python3.12/site-packages/airflow/example_dags/example_dag_decorator.py
[2024-05-06T04:58:58.470+0000] {processor.py:840} INFO - DAG(s) 'example_dag_decorator' retrieved from /home/airflow/.local/lib/python3.12/site-packages/airflow/example_dags/example_dag_decorator.py
[2024-05-06T04:58:58.692+0000] {logging_mixin.py:188} INFO - [2024-05-06T04:58:58.692+0000] {dag.py:3096} INFO - Sync 1 DAGs
[2024-05-06T04:58:58.702+0000] {logging_mixin.py:188} INFO - [2024-05-06T04:58:58.702+0000] {dag.py:3954} INFO - Setting next_dagrun for example_dag_decorator to None, run_after=None
[2024-05-06T04:58:58.721+0000] {processor.py:183} INFO - Processing /home/airflow/.local/lib/python3.12/site-packages/airflow/example_dags/example_dag_decorator.py took 0.398 seconds
[2024-05-06T04:59:29.058+0000] {processor.py:161} INFO - Started process (PID=5121) to work on /home/airflow/.local/lib/python3.12/site-packages/airflow/example_dags/example_dag_decorator.py
[2024-05-06T04:59:29.059+0000] {processor.py:830} INFO - Processing file /home/airflow/.local/lib/python3.12/site-packages/airflow/example_dags/example_dag_decorator.py for tasks to queue
[2024-05-06T04:59:29.082+0000] {logging_mixin.py:188} INFO - [2024-05-06T04:59:29.081+0000] {dagbag.py:540} INFO - Filling up the DagBag from /home/airflow/.local/lib/python3.12/site-packages/airflow/example_dags/example_dag_decorator.py
[2024-05-06T04:59:29.325+0000] {processor.py:840} INFO - DAG(s) 'example_dag_decorator' retrieved from /home/airflow/.local/lib/python3.12/site-packages/airflow/example_dags/example_dag_decorator.py
[2024-05-06T04:59:29.613+0000] {logging_mixin.py:188} INFO - [2024-05-06T04:59:29.613+0000] {dag.py:3096} INFO - Sync 1 DAGs
[2024-05-06T04:59:29.624+0000] {logging_mixin.py:188} INFO - [2024-05-06T04:59:29.624+0000] {dag.py:3954} INFO - Setting next_dagrun for example_dag_decorator to None, run_after=None
[2024-05-06T04:59:29.676+0000] {processor.py:183} INFO - Processing /home/airflow/.local/lib/python3.12/site-packages/airflow/example_dags/example_dag_decorator.py took 0.625 seconds
[2024-05-06T04:59:59.775+0000] {processor.py:161} INFO - Started process (PID=5398) to work on /home/airflow/.local/lib/python3.12/site-packages/airflow/example_dags/example_dag_decorator.py
[2024-05-06T04:59:59.776+0000] {processor.py:830} INFO - Processing file /home/airflow/.local/lib/python3.12/site-packages/airflow/example_dags/example_dag_decorator.py for tasks to queue
[2024-05-06T04:59:59.777+0000] {logging_mixin.py:188} INFO - [2024-05-06T04:59:59.777+0000] {dagbag.py:540} INFO - Filling up the DagBag from /home/airflow/.local/lib/python3.12/site-packages/airflow/example_dags/example_dag_decorator.py
[2024-05-06T04:59:59.903+0000] {processor.py:840} INFO - DAG(s) 'example_dag_decorator' retrieved from /home/airflow/.local/lib/python3.12/site-packages/airflow/example_dags/example_dag_decorator.py
[2024-05-06T05:00:00.198+0000] {logging_mixin.py:188} INFO - [2024-05-06T05:00:00.198+0000] {dag.py:3096} INFO - Sync 1 DAGs
[2024-05-06T05:00:00.207+0000] {logging_mixin.py:188} INFO - [2024-05-06T05:00:00.206+0000] {dag.py:3954} INFO - Setting next_dagrun for example_dag_decorator to None, run_after=None
[2024-05-06T05:00:00.228+0000] {processor.py:183} INFO - Processing /home/airflow/.local/lib/python3.12/site-packages/airflow/example_dags/example_dag_decorator.py took 0.460 seconds
[2024-05-06T05:00:30.965+0000] {processor.py:161} INFO - Started process (PID=5671) to work on /home/airflow/.local/lib/python3.12/site-packages/airflow/example_dags/example_dag_decorator.py
[2024-05-06T05:00:30.966+0000] {processor.py:830} INFO - Processing file /home/airflow/.local/lib/python3.12/site-packages/airflow/example_dags/example_dag_decorator.py for tasks to queue
[2024-05-06T05:00:30.967+0000] {logging_mixin.py:188} INFO - [2024-05-06T05:00:30.967+0000] {dagbag.py:540} INFO - Filling up the DagBag from /home/airflow/.local/lib/python3.12/site-packages/airflow/example_dags/example_dag_decorator.py
[2024-05-06T05:00:31.111+0000] {processor.py:840} INFO - DAG(s) 'example_dag_decorator' retrieved from /home/airflow/.local/lib/python3.12/site-packages/airflow/example_dags/example_dag_decorator.py
[2024-05-06T05:00:31.349+0000] {logging_mixin.py:188} INFO - [2024-05-06T05:00:31.348+0000] {dag.py:3096} INFO - Sync 1 DAGs
[2024-05-06T05:00:31.357+0000] {logging_mixin.py:188} INFO - [2024-05-06T05:00:31.357+0000] {dag.py:3954} INFO - Setting next_dagrun for example_dag_decorator to None, run_after=None
[2024-05-06T05:00:31.378+0000] {processor.py:183} INFO - Processing /home/airflow/.local/lib/python3.12/site-packages/airflow/example_dags/example_dag_decorator.py took 0.419 seconds
[2024-05-06T05:01:01.447+0000] {processor.py:161} INFO - Started process (PID=5938) to work on /home/airflow/.local/lib/python3.12/site-packages/airflow/example_dags/example_dag_decorator.py
[2024-05-06T05:01:01.448+0000] {processor.py:830} INFO - Processing file /home/airflow/.local/lib/python3.12/site-packages/airflow/example_dags/example_dag_decorator.py for tasks to queue
[2024-05-06T05:01:01.450+0000] {logging_mixin.py:188} INFO - [2024-05-06T05:01:01.449+0000] {dagbag.py:540} INFO - Filling up the DagBag from /home/airflow/.local/lib/python3.12/site-packages/airflow/example_dags/example_dag_decorator.py
[2024-05-06T05:01:01.583+0000] {processor.py:840} INFO - DAG(s) 'example_dag_decorator' retrieved from /home/airflow/.local/lib/python3.12/site-packages/airflow/example_dags/example_dag_decorator.py
[2024-05-06T05:01:01.892+0000] {logging_mixin.py:188} INFO - [2024-05-06T05:01:01.892+0000] {dag.py:3096} INFO - Sync 1 DAGs
[2024-05-06T05:01:01.905+0000] {logging_mixin.py:188} INFO - [2024-05-06T05:01:01.905+0000] {dag.py:3954} INFO - Setting next_dagrun for example_dag_decorator to None, run_after=None
[2024-05-06T05:01:01.929+0000] {processor.py:183} INFO - Processing /home/airflow/.local/lib/python3.12/site-packages/airflow/example_dags/example_dag_decorator.py took 0.491 seconds
[2024-05-06T05:01:32.243+0000] {processor.py:161} INFO - Started process (PID=6205) to work on /home/airflow/.local/lib/python3.12/site-packages/airflow/example_dags/example_dag_decorator.py
[2024-05-06T05:01:32.244+0000] {processor.py:830} INFO - Processing file /home/airflow/.local/lib/python3.12/site-packages/airflow/example_dags/example_dag_decorator.py for tasks to queue
[2024-05-06T05:01:32.249+0000] {logging_mixin.py:188} INFO - [2024-05-06T05:01:32.248+0000] {dagbag.py:540} INFO - Filling up the DagBag from /home/airflow/.local/lib/python3.12/site-packages/airflow/example_dags/example_dag_decorator.py
[2024-05-06T05:01:32.407+0000] {processor.py:840} INFO - DAG(s) 'example_dag_decorator' retrieved from /home/airflow/.local/lib/python3.12/site-packages/airflow/example_dags/example_dag_decorator.py
[2024-05-06T05:01:32.863+0000] {logging_mixin.py:188} INFO - [2024-05-06T05:01:32.863+0000] {dag.py:3096} INFO - Sync 1 DAGs
[2024-05-06T05:01:32.876+0000] {logging_mixin.py:188} INFO - [2024-05-06T05:01:32.876+0000] {dag.py:3954} INFO - Setting next_dagrun for example_dag_decorator to None, run_after=None
[2024-05-06T05:01:32.899+0000] {processor.py:183} INFO - Processing /home/airflow/.local/lib/python3.12/site-packages/airflow/example_dags/example_dag_decorator.py took 0.662 seconds
[2024-05-06T05:02:03.017+0000] {processor.py:161} INFO - Started process (PID=6488) to work on /home/airflow/.local/lib/python3.12/site-packages/airflow/example_dags/example_dag_decorator.py
[2024-05-06T05:02:03.018+0000] {processor.py:830} INFO - Processing file /home/airflow/.local/lib/python3.12/site-packages/airflow/example_dags/example_dag_decorator.py for tasks to queue
[2024-05-06T05:02:03.020+0000] {logging_mixin.py:188} INFO - [2024-05-06T05:02:03.020+0000] {dagbag.py:540} INFO - Filling up the DagBag from /home/airflow/.local/lib/python3.12/site-packages/airflow/example_dags/example_dag_decorator.py
[2024-05-06T05:02:03.151+0000] {processor.py:840} INFO - DAG(s) 'example_dag_decorator' retrieved from /home/airflow/.local/lib/python3.12/site-packages/airflow/example_dags/example_dag_decorator.py
[2024-05-06T05:02:03.561+0000] {logging_mixin.py:188} INFO - [2024-05-06T05:02:03.560+0000] {dag.py:3096} INFO - Sync 1 DAGs
[2024-05-06T05:02:03.574+0000] {logging_mixin.py:188} INFO - [2024-05-06T05:02:03.573+0000] {dag.py:3954} INFO - Setting next_dagrun for example_dag_decorator to None, run_after=None
[2024-05-06T05:02:03.598+0000] {processor.py:183} INFO - Processing /home/airflow/.local/lib/python3.12/site-packages/airflow/example_dags/example_dag_decorator.py took 0.588 seconds
[2024-05-06T05:02:33.648+0000] {processor.py:161} INFO - Started process (PID=6741) to work on /home/airflow/.local/lib/python3.12/site-packages/airflow/example_dags/example_dag_decorator.py
[2024-05-06T05:02:33.649+0000] {processor.py:830} INFO - Processing file /home/airflow/.local/lib/python3.12/site-packages/airflow/example_dags/example_dag_decorator.py for tasks to queue
[2024-05-06T05:02:33.651+0000] {logging_mixin.py:188} INFO - [2024-05-06T05:02:33.650+0000] {dagbag.py:540} INFO - Filling up the DagBag from /home/airflow/.local/lib/python3.12/site-packages/airflow/example_dags/example_dag_decorator.py
[2024-05-06T05:02:33.950+0000] {processor.py:840} INFO - DAG(s) 'example_dag_decorator' retrieved from /home/airflow/.local/lib/python3.12/site-packages/airflow/example_dags/example_dag_decorator.py
[2024-05-06T05:02:34.082+0000] {logging_mixin.py:188} INFO - [2024-05-06T05:02:34.081+0000] {dag.py:3096} INFO - Sync 1 DAGs
[2024-05-06T05:02:34.094+0000] {logging_mixin.py:188} INFO - [2024-05-06T05:02:34.094+0000] {dag.py:3954} INFO - Setting next_dagrun for example_dag_decorator to None, run_after=None
[2024-05-06T05:02:34.121+0000] {processor.py:183} INFO - Processing /home/airflow/.local/lib/python3.12/site-packages/airflow/example_dags/example_dag_decorator.py took 0.480 seconds
[2024-05-06T05:03:04.274+0000] {processor.py:161} INFO - Started process (PID=7022) to work on /home/airflow/.local/lib/python3.12/site-packages/airflow/example_dags/example_dag_decorator.py
[2024-05-06T05:03:04.275+0000] {processor.py:830} INFO - Processing file /home/airflow/.local/lib/python3.12/site-packages/airflow/example_dags/example_dag_decorator.py for tasks to queue
[2024-05-06T05:03:04.277+0000] {logging_mixin.py:188} INFO - [2024-05-06T05:03:04.277+0000] {dagbag.py:540} INFO - Filling up the DagBag from /home/airflow/.local/lib/python3.12/site-packages/airflow/example_dags/example_dag_decorator.py
[2024-05-06T05:03:04.402+0000] {processor.py:840} INFO - DAG(s) 'example_dag_decorator' retrieved from /home/airflow/.local/lib/python3.12/site-packages/airflow/example_dags/example_dag_decorator.py
[2024-05-06T05:03:04.720+0000] {logging_mixin.py:188} INFO - [2024-05-06T05:03:04.719+0000] {dag.py:3096} INFO - Sync 1 DAGs
[2024-05-06T05:03:04.734+0000] {logging_mixin.py:188} INFO - [2024-05-06T05:03:04.734+0000] {dag.py:3954} INFO - Setting next_dagrun for example_dag_decorator to None, run_after=None
[2024-05-06T05:03:04.763+0000] {processor.py:183} INFO - Processing /home/airflow/.local/lib/python3.12/site-packages/airflow/example_dags/example_dag_decorator.py took 0.496 seconds
[2024-05-06T05:03:35.104+0000] {processor.py:161} INFO - Started process (PID=7296) to work on /home/airflow/.local/lib/python3.12/site-packages/airflow/example_dags/example_dag_decorator.py
[2024-05-06T05:03:35.109+0000] {processor.py:830} INFO - Processing file /home/airflow/.local/lib/python3.12/site-packages/airflow/example_dags/example_dag_decorator.py for tasks to queue
[2024-05-06T05:03:35.112+0000] {logging_mixin.py:188} INFO - [2024-05-06T05:03:35.111+0000] {dagbag.py:540} INFO - Filling up the DagBag from /home/airflow/.local/lib/python3.12/site-packages/airflow/example_dags/example_dag_decorator.py
[2024-05-06T05:03:35.273+0000] {processor.py:840} INFO - DAG(s) 'example_dag_decorator' retrieved from /home/airflow/.local/lib/python3.12/site-packages/airflow/example_dags/example_dag_decorator.py
[2024-05-06T05:03:35.627+0000] {logging_mixin.py:188} INFO - [2024-05-06T05:03:35.627+0000] {dag.py:3096} INFO - Sync 1 DAGs
[2024-05-06T05:03:35.638+0000] {logging_mixin.py:188} INFO - [2024-05-06T05:03:35.638+0000] {dag.py:3954} INFO - Setting next_dagrun for example_dag_decorator to None, run_after=None
[2024-05-06T05:03:35.657+0000] {processor.py:183} INFO - Processing /home/airflow/.local/lib/python3.12/site-packages/airflow/example_dags/example_dag_decorator.py took 0.559 seconds
[2024-05-06T05:04:06.313+0000] {processor.py:161} INFO - Started process (PID=7568) to work on /home/airflow/.local/lib/python3.12/site-packages/airflow/example_dags/example_dag_decorator.py
[2024-05-06T05:04:06.316+0000] {processor.py:830} INFO - Processing file /home/airflow/.local/lib/python3.12/site-packages/airflow/example_dags/example_dag_decorator.py for tasks to queue
[2024-05-06T05:04:06.318+0000] {logging_mixin.py:188} INFO - [2024-05-06T05:04:06.318+0000] {dagbag.py:540} INFO - Filling up the DagBag from /home/airflow/.local/lib/python3.12/site-packages/airflow/example_dags/example_dag_decorator.py
[2024-05-06T05:04:06.623+0000] {processor.py:840} INFO - DAG(s) 'example_dag_decorator' retrieved from /home/airflow/.local/lib/python3.12/site-packages/airflow/example_dags/example_dag_decorator.py
[2024-05-06T05:04:06.763+0000] {logging_mixin.py:188} INFO - [2024-05-06T05:04:06.763+0000] {dag.py:3096} INFO - Sync 1 DAGs
[2024-05-06T05:04:06.777+0000] {logging_mixin.py:188} INFO - [2024-05-06T05:04:06.777+0000] {dag.py:3954} INFO - Setting next_dagrun for example_dag_decorator to None, run_after=None
[2024-05-06T05:04:06.801+0000] {processor.py:183} INFO - Processing /home/airflow/.local/lib/python3.12/site-packages/airflow/example_dags/example_dag_decorator.py took 0.494 seconds
[2024-05-06T05:04:36.869+0000] {processor.py:161} INFO - Started process (PID=7833) to work on /home/airflow/.local/lib/python3.12/site-packages/airflow/example_dags/example_dag_decorator.py
[2024-05-06T05:04:36.870+0000] {processor.py:830} INFO - Processing file /home/airflow/.local/lib/python3.12/site-packages/airflow/example_dags/example_dag_decorator.py for tasks to queue
[2024-05-06T05:04:36.874+0000] {logging_mixin.py:188} INFO - [2024-05-06T05:04:36.874+0000] {dagbag.py:540} INFO - Filling up the DagBag from /home/airflow/.local/lib/python3.12/site-packages/airflow/example_dags/example_dag_decorator.py
[2024-05-06T05:04:37.041+0000] {processor.py:840} INFO - DAG(s) 'example_dag_decorator' retrieved from /home/airflow/.local/lib/python3.12/site-packages/airflow/example_dags/example_dag_decorator.py
[2024-05-06T05:04:37.249+0000] {logging_mixin.py:188} INFO - [2024-05-06T05:04:37.249+0000] {dag.py:3096} INFO - Sync 1 DAGs
[2024-05-06T05:04:37.264+0000] {logging_mixin.py:188} INFO - [2024-05-06T05:04:37.264+0000] {dag.py:3954} INFO - Setting next_dagrun for example_dag_decorator to None, run_after=None
[2024-05-06T05:04:37.290+0000] {processor.py:183} INFO - Processing /home/airflow/.local/lib/python3.12/site-packages/airflow/example_dags/example_dag_decorator.py took 0.428 seconds
[2024-05-06T05:05:08.002+0000] {processor.py:161} INFO - Started process (PID=8097) to work on /home/airflow/.local/lib/python3.12/site-packages/airflow/example_dags/example_dag_decorator.py
[2024-05-06T05:05:08.003+0000] {processor.py:830} INFO - Processing file /home/airflow/.local/lib/python3.12/site-packages/airflow/example_dags/example_dag_decorator.py for tasks to queue
[2024-05-06T05:05:08.005+0000] {logging_mixin.py:188} INFO - [2024-05-06T05:05:08.005+0000] {dagbag.py:540} INFO - Filling up the DagBag from /home/airflow/.local/lib/python3.12/site-packages/airflow/example_dags/example_dag_decorator.py
[2024-05-06T05:05:08.131+0000] {processor.py:840} INFO - DAG(s) 'example_dag_decorator' retrieved from /home/airflow/.local/lib/python3.12/site-packages/airflow/example_dags/example_dag_decorator.py
[2024-05-06T05:05:08.289+0000] {logging_mixin.py:188} INFO - [2024-05-06T05:05:08.289+0000] {dag.py:3096} INFO - Sync 1 DAGs
[2024-05-06T05:05:08.303+0000] {logging_mixin.py:188} INFO - [2024-05-06T05:05:08.303+0000] {dag.py:3954} INFO - Setting next_dagrun for example_dag_decorator to None, run_after=None
[2024-05-06T05:05:08.330+0000] {processor.py:183} INFO - Processing /home/airflow/.local/lib/python3.12/site-packages/airflow/example_dags/example_dag_decorator.py took 0.334 seconds
[2024-05-06T05:05:38.407+0000] {processor.py:161} INFO - Started process (PID=8377) to work on /home/airflow/.local/lib/python3.12/site-packages/airflow/example_dags/example_dag_decorator.py
[2024-05-06T05:05:38.408+0000] {processor.py:830} INFO - Processing file /home/airflow/.local/lib/python3.12/site-packages/airflow/example_dags/example_dag_decorator.py for tasks to queue
[2024-05-06T05:05:38.410+0000] {logging_mixin.py:188} INFO - [2024-05-06T05:05:38.410+0000] {dagbag.py:540} INFO - Filling up the DagBag from /home/airflow/.local/lib/python3.12/site-packages/airflow/example_dags/example_dag_decorator.py
[2024-05-06T05:05:38.536+0000] {processor.py:840} INFO - DAG(s) 'example_dag_decorator' retrieved from /home/airflow/.local/lib/python3.12/site-packages/airflow/example_dags/example_dag_decorator.py
[2024-05-06T05:05:38.667+0000] {logging_mixin.py:188} INFO - [2024-05-06T05:05:38.667+0000] {dag.py:3096} INFO - Sync 1 DAGs
[2024-05-06T05:05:38.676+0000] {logging_mixin.py:188} INFO - [2024-05-06T05:05:38.676+0000] {dag.py:3954} INFO - Setting next_dagrun for example_dag_decorator to None, run_after=None
[2024-05-06T05:05:38.697+0000] {processor.py:183} INFO - Processing /home/airflow/.local/lib/python3.12/site-packages/airflow/example_dags/example_dag_decorator.py took 0.297 seconds
[2024-05-06T05:06:09.575+0000] {processor.py:161} INFO - Started process (PID=8651) to work on /home/airflow/.local/lib/python3.12/site-packages/airflow/example_dags/example_dag_decorator.py
[2024-05-06T05:06:09.576+0000] {processor.py:830} INFO - Processing file /home/airflow/.local/lib/python3.12/site-packages/airflow/example_dags/example_dag_decorator.py for tasks to queue
[2024-05-06T05:06:09.579+0000] {logging_mixin.py:188} INFO - [2024-05-06T05:06:09.578+0000] {dagbag.py:540} INFO - Filling up the DagBag from /home/airflow/.local/lib/python3.12/site-packages/airflow/example_dags/example_dag_decorator.py
[2024-05-06T05:06:09.837+0000] {processor.py:840} INFO - DAG(s) 'example_dag_decorator' retrieved from /home/airflow/.local/lib/python3.12/site-packages/airflow/example_dags/example_dag_decorator.py
[2024-05-06T05:06:09.879+0000] {logging_mixin.py:188} INFO - [2024-05-06T05:06:09.878+0000] {dag.py:3096} INFO - Sync 1 DAGs
[2024-05-06T05:06:09.894+0000] {logging_mixin.py:188} INFO - [2024-05-06T05:06:09.894+0000] {dag.py:3954} INFO - Setting next_dagrun for example_dag_decorator to None, run_after=None
[2024-05-06T05:06:09.929+0000] {processor.py:183} INFO - Processing /home/airflow/.local/lib/python3.12/site-packages/airflow/example_dags/example_dag_decorator.py took 0.361 seconds
[2024-05-06T05:06:40.037+0000] {processor.py:161} INFO - Started process (PID=8928) to work on /home/airflow/.local/lib/python3.12/site-packages/airflow/example_dags/example_dag_decorator.py
[2024-05-06T05:06:40.038+0000] {processor.py:830} INFO - Processing file /home/airflow/.local/lib/python3.12/site-packages/airflow/example_dags/example_dag_decorator.py for tasks to queue
[2024-05-06T05:06:40.040+0000] {logging_mixin.py:188} INFO - [2024-05-06T05:06:40.039+0000] {dagbag.py:540} INFO - Filling up the DagBag from /home/airflow/.local/lib/python3.12/site-packages/airflow/example_dags/example_dag_decorator.py
[2024-05-06T05:06:40.167+0000] {processor.py:840} INFO - DAG(s) 'example_dag_decorator' retrieved from /home/airflow/.local/lib/python3.12/site-packages/airflow/example_dags/example_dag_decorator.py
[2024-05-06T05:06:40.196+0000] {logging_mixin.py:188} INFO - [2024-05-06T05:06:40.196+0000] {dag.py:3096} INFO - Sync 1 DAGs
[2024-05-06T05:06:40.211+0000] {logging_mixin.py:188} INFO - [2024-05-06T05:06:40.211+0000] {dag.py:3954} INFO - Setting next_dagrun for example_dag_decorator to None, run_after=None
[2024-05-06T05:06:40.233+0000] {processor.py:183} INFO - Processing /home/airflow/.local/lib/python3.12/site-packages/airflow/example_dags/example_dag_decorator.py took 0.203 seconds
[2024-05-06T05:07:10.574+0000] {processor.py:161} INFO - Started process (PID=9195) to work on /home/airflow/.local/lib/python3.12/site-packages/airflow/example_dags/example_dag_decorator.py
[2024-05-06T05:07:10.575+0000] {processor.py:830} INFO - Processing file /home/airflow/.local/lib/python3.12/site-packages/airflow/example_dags/example_dag_decorator.py for tasks to queue
[2024-05-06T05:07:10.577+0000] {logging_mixin.py:188} INFO - [2024-05-06T05:07:10.576+0000] {dagbag.py:540} INFO - Filling up the DagBag from /home/airflow/.local/lib/python3.12/site-packages/airflow/example_dags/example_dag_decorator.py
[2024-05-06T05:07:10.775+0000] {processor.py:840} INFO - DAG(s) 'example_dag_decorator' retrieved from /home/airflow/.local/lib/python3.12/site-packages/airflow/example_dags/example_dag_decorator.py
[2024-05-06T05:07:10.929+0000] {logging_mixin.py:188} INFO - [2024-05-06T05:07:10.928+0000] {dag.py:3096} INFO - Sync 1 DAGs
[2024-05-06T05:07:10.943+0000] {logging_mixin.py:188} INFO - [2024-05-06T05:07:10.943+0000] {dag.py:3954} INFO - Setting next_dagrun for example_dag_decorator to None, run_after=None
[2024-05-06T05:07:11.011+0000] {processor.py:183} INFO - Processing /home/airflow/.local/lib/python3.12/site-packages/airflow/example_dags/example_dag_decorator.py took 0.444 seconds
[2024-05-06T05:07:41.357+0000] {processor.py:161} INFO - Started process (PID=9469) to work on /home/airflow/.local/lib/python3.12/site-packages/airflow/example_dags/example_dag_decorator.py
[2024-05-06T05:07:41.359+0000] {processor.py:830} INFO - Processing file /home/airflow/.local/lib/python3.12/site-packages/airflow/example_dags/example_dag_decorator.py for tasks to queue
[2024-05-06T05:07:41.362+0000] {logging_mixin.py:188} INFO - [2024-05-06T05:07:41.361+0000] {dagbag.py:540} INFO - Filling up the DagBag from /home/airflow/.local/lib/python3.12/site-packages/airflow/example_dags/example_dag_decorator.py
[2024-05-06T05:07:41.515+0000] {processor.py:840} INFO - DAG(s) 'example_dag_decorator' retrieved from /home/airflow/.local/lib/python3.12/site-packages/airflow/example_dags/example_dag_decorator.py
[2024-05-06T05:07:41.660+0000] {logging_mixin.py:188} INFO - [2024-05-06T05:07:41.660+0000] {dag.py:3096} INFO - Sync 1 DAGs
[2024-05-06T05:07:41.679+0000] {logging_mixin.py:188} INFO - [2024-05-06T05:07:41.679+0000] {dag.py:3954} INFO - Setting next_dagrun for example_dag_decorator to None, run_after=None
[2024-05-06T05:07:41.705+0000] {processor.py:183} INFO - Processing /home/airflow/.local/lib/python3.12/site-packages/airflow/example_dags/example_dag_decorator.py took 0.354 seconds
[2024-05-06T05:08:12.151+0000] {processor.py:161} INFO - Started process (PID=9742) to work on /home/airflow/.local/lib/python3.12/site-packages/airflow/example_dags/example_dag_decorator.py
[2024-05-06T05:08:12.152+0000] {processor.py:830} INFO - Processing file /home/airflow/.local/lib/python3.12/site-packages/airflow/example_dags/example_dag_decorator.py for tasks to queue
[2024-05-06T05:08:12.154+0000] {logging_mixin.py:188} INFO - [2024-05-06T05:08:12.154+0000] {dagbag.py:540} INFO - Filling up the DagBag from /home/airflow/.local/lib/python3.12/site-packages/airflow/example_dags/example_dag_decorator.py
[2024-05-06T05:08:12.286+0000] {processor.py:840} INFO - DAG(s) 'example_dag_decorator' retrieved from /home/airflow/.local/lib/python3.12/site-packages/airflow/example_dags/example_dag_decorator.py
[2024-05-06T05:08:12.316+0000] {logging_mixin.py:188} INFO - [2024-05-06T05:08:12.315+0000] {dag.py:3096} INFO - Sync 1 DAGs
[2024-05-06T05:08:12.331+0000] {logging_mixin.py:188} INFO - [2024-05-06T05:08:12.331+0000] {dag.py:3954} INFO - Setting next_dagrun for example_dag_decorator to None, run_after=None
[2024-05-06T05:08:12.357+0000] {processor.py:183} INFO - Processing /home/airflow/.local/lib/python3.12/site-packages/airflow/example_dags/example_dag_decorator.py took 0.213 seconds
[2024-05-06T05:08:42.586+0000] {processor.py:161} INFO - Started process (PID=10014) to work on /home/airflow/.local/lib/python3.12/site-packages/airflow/example_dags/example_dag_decorator.py
[2024-05-06T05:08:42.587+0000] {processor.py:830} INFO - Processing file /home/airflow/.local/lib/python3.12/site-packages/airflow/example_dags/example_dag_decorator.py for tasks to queue
[2024-05-06T05:08:42.589+0000] {logging_mixin.py:188} INFO - [2024-05-06T05:08:42.589+0000] {dagbag.py:540} INFO - Filling up the DagBag from /home/airflow/.local/lib/python3.12/site-packages/airflow/example_dags/example_dag_decorator.py
[2024-05-06T05:08:42.730+0000] {processor.py:840} INFO - DAG(s) 'example_dag_decorator' retrieved from /home/airflow/.local/lib/python3.12/site-packages/airflow/example_dags/example_dag_decorator.py
[2024-05-06T05:08:42.758+0000] {logging_mixin.py:188} INFO - [2024-05-06T05:08:42.758+0000] {dag.py:3096} INFO - Sync 1 DAGs
[2024-05-06T05:08:42.781+0000] {logging_mixin.py:188} INFO - [2024-05-06T05:08:42.781+0000] {dag.py:3954} INFO - Setting next_dagrun for example_dag_decorator to None, run_after=None
[2024-05-06T05:08:42.840+0000] {processor.py:183} INFO - Processing /home/airflow/.local/lib/python3.12/site-packages/airflow/example_dags/example_dag_decorator.py took 0.260 seconds
[2024-05-06T05:09:13.185+0000] {processor.py:161} INFO - Started process (PID=10286) to work on /home/airflow/.local/lib/python3.12/site-packages/airflow/example_dags/example_dag_decorator.py
[2024-05-06T05:09:13.186+0000] {processor.py:830} INFO - Processing file /home/airflow/.local/lib/python3.12/site-packages/airflow/example_dags/example_dag_decorator.py for tasks to queue
[2024-05-06T05:09:13.188+0000] {logging_mixin.py:188} INFO - [2024-05-06T05:09:13.187+0000] {dagbag.py:540} INFO - Filling up the DagBag from /home/airflow/.local/lib/python3.12/site-packages/airflow/example_dags/example_dag_decorator.py
[2024-05-06T05:09:13.317+0000] {processor.py:840} INFO - DAG(s) 'example_dag_decorator' retrieved from /home/airflow/.local/lib/python3.12/site-packages/airflow/example_dags/example_dag_decorator.py
[2024-05-06T05:09:13.346+0000] {logging_mixin.py:188} INFO - [2024-05-06T05:09:13.346+0000] {dag.py:3096} INFO - Sync 1 DAGs
[2024-05-06T05:09:13.361+0000] {logging_mixin.py:188} INFO - [2024-05-06T05:09:13.361+0000] {dag.py:3954} INFO - Setting next_dagrun for example_dag_decorator to None, run_after=None
[2024-05-06T05:09:13.389+0000] {processor.py:183} INFO - Processing /home/airflow/.local/lib/python3.12/site-packages/airflow/example_dags/example_dag_decorator.py took 0.211 seconds
[2024-05-06T05:09:43.709+0000] {processor.py:161} INFO - Started process (PID=10558) to work on /home/airflow/.local/lib/python3.12/site-packages/airflow/example_dags/example_dag_decorator.py
[2024-05-06T05:09:43.710+0000] {processor.py:830} INFO - Processing file /home/airflow/.local/lib/python3.12/site-packages/airflow/example_dags/example_dag_decorator.py for tasks to queue
[2024-05-06T05:09:43.712+0000] {logging_mixin.py:188} INFO - [2024-05-06T05:09:43.711+0000] {dagbag.py:540} INFO - Filling up the DagBag from /home/airflow/.local/lib/python3.12/site-packages/airflow/example_dags/example_dag_decorator.py
[2024-05-06T05:09:43.855+0000] {processor.py:840} INFO - DAG(s) 'example_dag_decorator' retrieved from /home/airflow/.local/lib/python3.12/site-packages/airflow/example_dags/example_dag_decorator.py
[2024-05-06T05:09:43.885+0000] {logging_mixin.py:188} INFO - [2024-05-06T05:09:43.884+0000] {dag.py:3096} INFO - Sync 1 DAGs
[2024-05-06T05:09:43.900+0000] {logging_mixin.py:188} INFO - [2024-05-06T05:09:43.900+0000] {dag.py:3954} INFO - Setting next_dagrun for example_dag_decorator to None, run_after=None
[2024-05-06T05:09:43.924+0000] {processor.py:183} INFO - Processing /home/airflow/.local/lib/python3.12/site-packages/airflow/example_dags/example_dag_decorator.py took 0.221 seconds
[2024-05-06T05:10:14.490+0000] {processor.py:161} INFO - Started process (PID=10830) to work on /home/airflow/.local/lib/python3.12/site-packages/airflow/example_dags/example_dag_decorator.py
[2024-05-06T05:10:14.491+0000] {processor.py:830} INFO - Processing file /home/airflow/.local/lib/python3.12/site-packages/airflow/example_dags/example_dag_decorator.py for tasks to queue
[2024-05-06T05:10:14.494+0000] {logging_mixin.py:188} INFO - [2024-05-06T05:10:14.493+0000] {dagbag.py:540} INFO - Filling up the DagBag from /home/airflow/.local/lib/python3.12/site-packages/airflow/example_dags/example_dag_decorator.py
[2024-05-06T05:10:14.685+0000] {processor.py:840} INFO - DAG(s) 'example_dag_decorator' retrieved from /home/airflow/.local/lib/python3.12/site-packages/airflow/example_dags/example_dag_decorator.py
[2024-05-06T05:10:14.844+0000] {logging_mixin.py:188} INFO - [2024-05-06T05:10:14.840+0000] {dag.py:3096} INFO - Sync 1 DAGs
[2024-05-06T05:10:14.861+0000] {logging_mixin.py:188} INFO - [2024-05-06T05:10:14.861+0000] {dag.py:3954} INFO - Setting next_dagrun for example_dag_decorator to None, run_after=None
[2024-05-06T05:10:14.917+0000] {processor.py:183} INFO - Processing /home/airflow/.local/lib/python3.12/site-packages/airflow/example_dags/example_dag_decorator.py took 0.433 seconds
[2024-05-06T05:10:45.857+0000] {processor.py:161} INFO - Started process (PID=11112) to work on /home/airflow/.local/lib/python3.12/site-packages/airflow/example_dags/example_dag_decorator.py
[2024-05-06T05:10:45.859+0000] {processor.py:830} INFO - Processing file /home/airflow/.local/lib/python3.12/site-packages/airflow/example_dags/example_dag_decorator.py for tasks to queue
[2024-05-06T05:10:45.861+0000] {logging_mixin.py:188} INFO - [2024-05-06T05:10:45.860+0000] {dagbag.py:540} INFO - Filling up the DagBag from /home/airflow/.local/lib/python3.12/site-packages/airflow/example_dags/example_dag_decorator.py
[2024-05-06T05:10:45.993+0000] {processor.py:840} INFO - DAG(s) 'example_dag_decorator' retrieved from /home/airflow/.local/lib/python3.12/site-packages/airflow/example_dags/example_dag_decorator.py
[2024-05-06T05:10:46.118+0000] {logging_mixin.py:188} INFO - [2024-05-06T05:10:46.118+0000] {dag.py:3096} INFO - Sync 1 DAGs
[2024-05-06T05:10:46.127+0000] {logging_mixin.py:188} INFO - [2024-05-06T05:10:46.127+0000] {dag.py:3954} INFO - Setting next_dagrun for example_dag_decorator to None, run_after=None
[2024-05-06T05:10:46.155+0000] {processor.py:183} INFO - Processing /home/airflow/.local/lib/python3.12/site-packages/airflow/example_dags/example_dag_decorator.py took 0.305 seconds
[2024-05-06T05:11:16.283+0000] {processor.py:161} INFO - Started process (PID=11392) to work on /home/airflow/.local/lib/python3.12/site-packages/airflow/example_dags/example_dag_decorator.py
[2024-05-06T05:11:16.284+0000] {processor.py:830} INFO - Processing file /home/airflow/.local/lib/python3.12/site-packages/airflow/example_dags/example_dag_decorator.py for tasks to queue
[2024-05-06T05:11:16.286+0000] {logging_mixin.py:188} INFO - [2024-05-06T05:11:16.286+0000] {dagbag.py:540} INFO - Filling up the DagBag from /home/airflow/.local/lib/python3.12/site-packages/airflow/example_dags/example_dag_decorator.py
[2024-05-06T05:11:16.369+0000] {processor.py:840} INFO - DAG(s) 'example_dag_decorator' retrieved from /home/airflow/.local/lib/python3.12/site-packages/airflow/example_dags/example_dag_decorator.py
[2024-05-06T05:11:16.465+0000] {logging_mixin.py:188} INFO - [2024-05-06T05:11:16.465+0000] {dag.py:3096} INFO - Sync 1 DAGs
[2024-05-06T05:11:16.474+0000] {logging_mixin.py:188} INFO - [2024-05-06T05:11:16.474+0000] {dag.py:3954} INFO - Setting next_dagrun for example_dag_decorator to None, run_after=None
[2024-05-06T05:11:16.495+0000] {processor.py:183} INFO - Processing /home/airflow/.local/lib/python3.12/site-packages/airflow/example_dags/example_dag_decorator.py took 0.218 seconds
[2024-05-06T05:11:47.201+0000] {processor.py:161} INFO - Started process (PID=11657) to work on /home/airflow/.local/lib/python3.12/site-packages/airflow/example_dags/example_dag_decorator.py
[2024-05-06T05:11:47.203+0000] {processor.py:830} INFO - Processing file /home/airflow/.local/lib/python3.12/site-packages/airflow/example_dags/example_dag_decorator.py for tasks to queue
[2024-05-06T05:11:47.205+0000] {logging_mixin.py:188} INFO - [2024-05-06T05:11:47.205+0000] {dagbag.py:540} INFO - Filling up the DagBag from /home/airflow/.local/lib/python3.12/site-packages/airflow/example_dags/example_dag_decorator.py
[2024-05-06T05:11:47.369+0000] {processor.py:840} INFO - DAG(s) 'example_dag_decorator' retrieved from /home/airflow/.local/lib/python3.12/site-packages/airflow/example_dags/example_dag_decorator.py
[2024-05-06T05:11:47.566+0000] {logging_mixin.py:188} INFO - [2024-05-06T05:11:47.566+0000] {dag.py:3096} INFO - Sync 1 DAGs
[2024-05-06T05:11:47.579+0000] {logging_mixin.py:188} INFO - [2024-05-06T05:11:47.579+0000] {dag.py:3954} INFO - Setting next_dagrun for example_dag_decorator to None, run_after=None
[2024-05-06T05:11:47.607+0000] {processor.py:183} INFO - Processing /home/airflow/.local/lib/python3.12/site-packages/airflow/example_dags/example_dag_decorator.py took 0.412 seconds
[2024-05-06T05:12:17.964+0000] {processor.py:161} INFO - Started process (PID=11932) to work on /home/airflow/.local/lib/python3.12/site-packages/airflow/example_dags/example_dag_decorator.py
[2024-05-06T05:12:17.965+0000] {processor.py:830} INFO - Processing file /home/airflow/.local/lib/python3.12/site-packages/airflow/example_dags/example_dag_decorator.py for tasks to queue
[2024-05-06T05:12:17.967+0000] {logging_mixin.py:188} INFO - [2024-05-06T05:12:17.966+0000] {dagbag.py:540} INFO - Filling up the DagBag from /home/airflow/.local/lib/python3.12/site-packages/airflow/example_dags/example_dag_decorator.py
[2024-05-06T05:12:18.185+0000] {processor.py:840} INFO - DAG(s) 'example_dag_decorator' retrieved from /home/airflow/.local/lib/python3.12/site-packages/airflow/example_dags/example_dag_decorator.py
[2024-05-06T05:12:18.448+0000] {logging_mixin.py:188} INFO - [2024-05-06T05:12:18.448+0000] {dag.py:3096} INFO - Sync 1 DAGs
[2024-05-06T05:12:18.479+0000] {logging_mixin.py:188} INFO - [2024-05-06T05:12:18.479+0000] {dag.py:3954} INFO - Setting next_dagrun for example_dag_decorator to None, run_after=None
[2024-05-06T05:12:18.575+0000] {processor.py:183} INFO - Processing /home/airflow/.local/lib/python3.12/site-packages/airflow/example_dags/example_dag_decorator.py took 0.620 seconds
[2024-05-06T05:12:49.618+0000] {processor.py:161} INFO - Started process (PID=12211) to work on /home/airflow/.local/lib/python3.12/site-packages/airflow/example_dags/example_dag_decorator.py
[2024-05-06T05:12:49.619+0000] {processor.py:830} INFO - Processing file /home/airflow/.local/lib/python3.12/site-packages/airflow/example_dags/example_dag_decorator.py for tasks to queue
[2024-05-06T05:12:49.621+0000] {logging_mixin.py:188} INFO - [2024-05-06T05:12:49.620+0000] {dagbag.py:540} INFO - Filling up the DagBag from /home/airflow/.local/lib/python3.12/site-packages/airflow/example_dags/example_dag_decorator.py
[2024-05-06T05:12:49.750+0000] {processor.py:840} INFO - DAG(s) 'example_dag_decorator' retrieved from /home/airflow/.local/lib/python3.12/site-packages/airflow/example_dags/example_dag_decorator.py
[2024-05-06T05:12:49.894+0000] {logging_mixin.py:188} INFO - [2024-05-06T05:12:49.894+0000] {dag.py:3096} INFO - Sync 1 DAGs
[2024-05-06T05:12:49.915+0000] {logging_mixin.py:188} INFO - [2024-05-06T05:12:49.915+0000] {dag.py:3954} INFO - Setting next_dagrun for example_dag_decorator to None, run_after=None
[2024-05-06T05:12:49.943+0000] {processor.py:183} INFO - Processing /home/airflow/.local/lib/python3.12/site-packages/airflow/example_dags/example_dag_decorator.py took 0.332 seconds
[2024-05-06T05:13:20.210+0000] {processor.py:161} INFO - Started process (PID=12484) to work on /home/airflow/.local/lib/python3.12/site-packages/airflow/example_dags/example_dag_decorator.py
[2024-05-06T05:13:20.211+0000] {processor.py:830} INFO - Processing file /home/airflow/.local/lib/python3.12/site-packages/airflow/example_dags/example_dag_decorator.py for tasks to queue
[2024-05-06T05:13:20.214+0000] {logging_mixin.py:188} INFO - [2024-05-06T05:13:20.213+0000] {dagbag.py:540} INFO - Filling up the DagBag from /home/airflow/.local/lib/python3.12/site-packages/airflow/example_dags/example_dag_decorator.py
[2024-05-06T05:13:20.344+0000] {processor.py:840} INFO - DAG(s) 'example_dag_decorator' retrieved from /home/airflow/.local/lib/python3.12/site-packages/airflow/example_dags/example_dag_decorator.py
[2024-05-06T05:13:20.526+0000] {logging_mixin.py:188} INFO - [2024-05-06T05:13:20.526+0000] {dag.py:3096} INFO - Sync 1 DAGs
[2024-05-06T05:13:20.564+0000] {logging_mixin.py:188} INFO - [2024-05-06T05:13:20.563+0000] {dag.py:3954} INFO - Setting next_dagrun for example_dag_decorator to None, run_after=None
[2024-05-06T05:13:20.616+0000] {processor.py:183} INFO - Processing /home/airflow/.local/lib/python3.12/site-packages/airflow/example_dags/example_dag_decorator.py took 0.414 seconds
[2024-05-06T05:13:51.066+0000] {processor.py:161} INFO - Started process (PID=12757) to work on /home/airflow/.local/lib/python3.12/site-packages/airflow/example_dags/example_dag_decorator.py
[2024-05-06T05:13:51.067+0000] {processor.py:830} INFO - Processing file /home/airflow/.local/lib/python3.12/site-packages/airflow/example_dags/example_dag_decorator.py for tasks to queue
[2024-05-06T05:13:51.069+0000] {logging_mixin.py:188} INFO - [2024-05-06T05:13:51.068+0000] {dagbag.py:540} INFO - Filling up the DagBag from /home/airflow/.local/lib/python3.12/site-packages/airflow/example_dags/example_dag_decorator.py
[2024-05-06T05:13:51.202+0000] {processor.py:840} INFO - DAG(s) 'example_dag_decorator' retrieved from /home/airflow/.local/lib/python3.12/site-packages/airflow/example_dags/example_dag_decorator.py
[2024-05-06T05:13:51.344+0000] {logging_mixin.py:188} INFO - [2024-05-06T05:13:51.343+0000] {dag.py:3096} INFO - Sync 1 DAGs
[2024-05-06T05:13:51.358+0000] {logging_mixin.py:188} INFO - [2024-05-06T05:13:51.357+0000] {dag.py:3954} INFO - Setting next_dagrun for example_dag_decorator to None, run_after=None
[2024-05-06T05:13:51.385+0000] {processor.py:183} INFO - Processing /home/airflow/.local/lib/python3.12/site-packages/airflow/example_dags/example_dag_decorator.py took 0.325 seconds
[2024-05-06T05:14:21.851+0000] {processor.py:161} INFO - Started process (PID=13029) to work on /home/airflow/.local/lib/python3.12/site-packages/airflow/example_dags/example_dag_decorator.py
[2024-05-06T05:14:21.852+0000] {processor.py:830} INFO - Processing file /home/airflow/.local/lib/python3.12/site-packages/airflow/example_dags/example_dag_decorator.py for tasks to queue
[2024-05-06T05:14:21.854+0000] {logging_mixin.py:188} INFO - [2024-05-06T05:14:21.854+0000] {dagbag.py:540} INFO - Filling up the DagBag from /home/airflow/.local/lib/python3.12/site-packages/airflow/example_dags/example_dag_decorator.py
[2024-05-06T05:14:21.996+0000] {processor.py:840} INFO - DAG(s) 'example_dag_decorator' retrieved from /home/airflow/.local/lib/python3.12/site-packages/airflow/example_dags/example_dag_decorator.py
[2024-05-06T05:14:22.153+0000] {logging_mixin.py:188} INFO - [2024-05-06T05:14:22.152+0000] {dag.py:3096} INFO - Sync 1 DAGs
[2024-05-06T05:14:22.171+0000] {logging_mixin.py:188} INFO - [2024-05-06T05:14:22.171+0000] {dag.py:3954} INFO - Setting next_dagrun for example_dag_decorator to None, run_after=None
[2024-05-06T05:14:22.197+0000] {processor.py:183} INFO - Processing /home/airflow/.local/lib/python3.12/site-packages/airflow/example_dags/example_dag_decorator.py took 0.353 seconds
[2024-05-06T05:14:52.535+0000] {processor.py:161} INFO - Started process (PID=13302) to work on /home/airflow/.local/lib/python3.12/site-packages/airflow/example_dags/example_dag_decorator.py
[2024-05-06T05:14:52.536+0000] {processor.py:830} INFO - Processing file /home/airflow/.local/lib/python3.12/site-packages/airflow/example_dags/example_dag_decorator.py for tasks to queue
[2024-05-06T05:14:52.538+0000] {logging_mixin.py:188} INFO - [2024-05-06T05:14:52.538+0000] {dagbag.py:540} INFO - Filling up the DagBag from /home/airflow/.local/lib/python3.12/site-packages/airflow/example_dags/example_dag_decorator.py
[2024-05-06T05:14:52.713+0000] {processor.py:840} INFO - DAG(s) 'example_dag_decorator' retrieved from /home/airflow/.local/lib/python3.12/site-packages/airflow/example_dags/example_dag_decorator.py
[2024-05-06T05:14:52.908+0000] {logging_mixin.py:188} INFO - [2024-05-06T05:14:52.908+0000] {dag.py:3096} INFO - Sync 1 DAGs
[2024-05-06T05:14:52.934+0000] {logging_mixin.py:188} INFO - [2024-05-06T05:14:52.934+0000] {dag.py:3954} INFO - Setting next_dagrun for example_dag_decorator to None, run_after=None
[2024-05-06T05:14:52.961+0000] {processor.py:183} INFO - Processing /home/airflow/.local/lib/python3.12/site-packages/airflow/example_dags/example_dag_decorator.py took 0.432 seconds
[2024-05-06T05:15:23.363+0000] {processor.py:161} INFO - Started process (PID=13574) to work on /home/airflow/.local/lib/python3.12/site-packages/airflow/example_dags/example_dag_decorator.py
[2024-05-06T05:15:23.364+0000] {processor.py:830} INFO - Processing file /home/airflow/.local/lib/python3.12/site-packages/airflow/example_dags/example_dag_decorator.py for tasks to queue
[2024-05-06T05:15:23.366+0000] {logging_mixin.py:188} INFO - [2024-05-06T05:15:23.366+0000] {dagbag.py:540} INFO - Filling up the DagBag from /home/airflow/.local/lib/python3.12/site-packages/airflow/example_dags/example_dag_decorator.py
[2024-05-06T05:15:23.494+0000] {processor.py:840} INFO - DAG(s) 'example_dag_decorator' retrieved from /home/airflow/.local/lib/python3.12/site-packages/airflow/example_dags/example_dag_decorator.py
[2024-05-06T05:15:23.634+0000] {logging_mixin.py:188} INFO - [2024-05-06T05:15:23.634+0000] {dag.py:3096} INFO - Sync 1 DAGs
[2024-05-06T05:15:23.648+0000] {logging_mixin.py:188} INFO - [2024-05-06T05:15:23.647+0000] {dag.py:3954} INFO - Setting next_dagrun for example_dag_decorator to None, run_after=None
[2024-05-06T05:15:23.676+0000] {processor.py:183} INFO - Processing /home/airflow/.local/lib/python3.12/site-packages/airflow/example_dags/example_dag_decorator.py took 0.321 seconds
[2024-05-06T05:15:53.986+0000] {processor.py:161} INFO - Started process (PID=13847) to work on /home/airflow/.local/lib/python3.12/site-packages/airflow/example_dags/example_dag_decorator.py
[2024-05-06T05:15:53.987+0000] {processor.py:830} INFO - Processing file /home/airflow/.local/lib/python3.12/site-packages/airflow/example_dags/example_dag_decorator.py for tasks to queue
[2024-05-06T05:15:53.989+0000] {logging_mixin.py:188} INFO - [2024-05-06T05:15:53.988+0000] {dagbag.py:540} INFO - Filling up the DagBag from /home/airflow/.local/lib/python3.12/site-packages/airflow/example_dags/example_dag_decorator.py
[2024-05-06T05:15:54.128+0000] {processor.py:840} INFO - DAG(s) 'example_dag_decorator' retrieved from /home/airflow/.local/lib/python3.12/site-packages/airflow/example_dags/example_dag_decorator.py
[2024-05-06T05:15:54.273+0000] {logging_mixin.py:188} INFO - [2024-05-06T05:15:54.273+0000] {dag.py:3096} INFO - Sync 1 DAGs
[2024-05-06T05:15:54.309+0000] {logging_mixin.py:188} INFO - [2024-05-06T05:15:54.309+0000] {dag.py:3954} INFO - Setting next_dagrun for example_dag_decorator to None, run_after=None
[2024-05-06T05:15:54.377+0000] {processor.py:183} INFO - Processing /home/airflow/.local/lib/python3.12/site-packages/airflow/example_dags/example_dag_decorator.py took 0.397 seconds
[2024-05-06T05:16:24.731+0000] {processor.py:161} INFO - Started process (PID=14125) to work on /home/airflow/.local/lib/python3.12/site-packages/airflow/example_dags/example_dag_decorator.py
[2024-05-06T05:16:24.733+0000] {processor.py:830} INFO - Processing file /home/airflow/.local/lib/python3.12/site-packages/airflow/example_dags/example_dag_decorator.py for tasks to queue
[2024-05-06T05:16:24.737+0000] {logging_mixin.py:188} INFO - [2024-05-06T05:16:24.736+0000] {dagbag.py:540} INFO - Filling up the DagBag from /home/airflow/.local/lib/python3.12/site-packages/airflow/example_dags/example_dag_decorator.py
[2024-05-06T05:16:24.870+0000] {processor.py:840} INFO - DAG(s) 'example_dag_decorator' retrieved from /home/airflow/.local/lib/python3.12/site-packages/airflow/example_dags/example_dag_decorator.py
[2024-05-06T05:16:25.010+0000] {logging_mixin.py:188} INFO - [2024-05-06T05:16:25.009+0000] {dag.py:3096} INFO - Sync 1 DAGs
[2024-05-06T05:16:25.024+0000] {logging_mixin.py:188} INFO - [2024-05-06T05:16:25.024+0000] {dag.py:3954} INFO - Setting next_dagrun for example_dag_decorator to None, run_after=None
[2024-05-06T05:16:25.065+0000] {processor.py:183} INFO - Processing /home/airflow/.local/lib/python3.12/site-packages/airflow/example_dags/example_dag_decorator.py took 0.343 seconds
[2024-05-06T05:16:55.276+0000] {processor.py:161} INFO - Started process (PID=14406) to work on /home/airflow/.local/lib/python3.12/site-packages/airflow/example_dags/example_dag_decorator.py
[2024-05-06T05:16:55.277+0000] {processor.py:830} INFO - Processing file /home/airflow/.local/lib/python3.12/site-packages/airflow/example_dags/example_dag_decorator.py for tasks to queue
[2024-05-06T05:16:55.281+0000] {logging_mixin.py:188} INFO - [2024-05-06T05:16:55.280+0000] {dagbag.py:540} INFO - Filling up the DagBag from /home/airflow/.local/lib/python3.12/site-packages/airflow/example_dags/example_dag_decorator.py
[2024-05-06T05:16:55.620+0000] {processor.py:840} INFO - DAG(s) 'example_dag_decorator' retrieved from /home/airflow/.local/lib/python3.12/site-packages/airflow/example_dags/example_dag_decorator.py
[2024-05-06T05:16:55.783+0000] {logging_mixin.py:188} INFO - [2024-05-06T05:16:55.782+0000] {dag.py:3096} INFO - Sync 1 DAGs
[2024-05-06T05:16:55.793+0000] {logging_mixin.py:188} INFO - [2024-05-06T05:16:55.792+0000] {dag.py:3954} INFO - Setting next_dagrun for example_dag_decorator to None, run_after=None
[2024-05-06T05:16:55.814+0000] {processor.py:183} INFO - Processing /home/airflow/.local/lib/python3.12/site-packages/airflow/example_dags/example_dag_decorator.py took 0.546 seconds
[2024-05-06T05:17:26.083+0000] {processor.py:161} INFO - Started process (PID=14670) to work on /home/airflow/.local/lib/python3.12/site-packages/airflow/example_dags/example_dag_decorator.py
[2024-05-06T05:17:26.088+0000] {processor.py:830} INFO - Processing file /home/airflow/.local/lib/python3.12/site-packages/airflow/example_dags/example_dag_decorator.py for tasks to queue
[2024-05-06T05:17:26.090+0000] {logging_mixin.py:188} INFO - [2024-05-06T05:17:26.090+0000] {dagbag.py:540} INFO - Filling up the DagBag from /home/airflow/.local/lib/python3.12/site-packages/airflow/example_dags/example_dag_decorator.py
[2024-05-06T05:17:26.361+0000] {processor.py:840} INFO - DAG(s) 'example_dag_decorator' retrieved from /home/airflow/.local/lib/python3.12/site-packages/airflow/example_dags/example_dag_decorator.py
[2024-05-06T05:17:26.521+0000] {logging_mixin.py:188} INFO - [2024-05-06T05:17:26.521+0000] {dag.py:3096} INFO - Sync 1 DAGs
[2024-05-06T05:17:26.536+0000] {logging_mixin.py:188} INFO - [2024-05-06T05:17:26.536+0000] {dag.py:3954} INFO - Setting next_dagrun for example_dag_decorator to None, run_after=None
[2024-05-06T05:17:26.568+0000] {processor.py:183} INFO - Processing /home/airflow/.local/lib/python3.12/site-packages/airflow/example_dags/example_dag_decorator.py took 0.491 seconds
[2024-05-06T05:17:56.645+0000] {processor.py:161} INFO - Started process (PID=14947) to work on /home/airflow/.local/lib/python3.12/site-packages/airflow/example_dags/example_dag_decorator.py
[2024-05-06T05:17:56.646+0000] {processor.py:830} INFO - Processing file /home/airflow/.local/lib/python3.12/site-packages/airflow/example_dags/example_dag_decorator.py for tasks to queue
[2024-05-06T05:17:56.649+0000] {logging_mixin.py:188} INFO - [2024-05-06T05:17:56.648+0000] {dagbag.py:540} INFO - Filling up the DagBag from /home/airflow/.local/lib/python3.12/site-packages/airflow/example_dags/example_dag_decorator.py
[2024-05-06T05:17:56.805+0000] {processor.py:840} INFO - DAG(s) 'example_dag_decorator' retrieved from /home/airflow/.local/lib/python3.12/site-packages/airflow/example_dags/example_dag_decorator.py
[2024-05-06T05:17:56.976+0000] {logging_mixin.py:188} INFO - [2024-05-06T05:17:56.975+0000] {dag.py:3096} INFO - Sync 1 DAGs
[2024-05-06T05:17:56.989+0000] {logging_mixin.py:188} INFO - [2024-05-06T05:17:56.989+0000] {dag.py:3954} INFO - Setting next_dagrun for example_dag_decorator to None, run_after=None
[2024-05-06T05:17:57.015+0000] {processor.py:183} INFO - Processing /home/airflow/.local/lib/python3.12/site-packages/airflow/example_dags/example_dag_decorator.py took 0.377 seconds
[2024-05-06T05:18:27.246+0000] {processor.py:161} INFO - Started process (PID=15214) to work on /home/airflow/.local/lib/python3.12/site-packages/airflow/example_dags/example_dag_decorator.py
[2024-05-06T05:18:27.246+0000] {processor.py:830} INFO - Processing file /home/airflow/.local/lib/python3.12/site-packages/airflow/example_dags/example_dag_decorator.py for tasks to queue
[2024-05-06T05:18:27.249+0000] {logging_mixin.py:188} INFO - [2024-05-06T05:18:27.249+0000] {dagbag.py:540} INFO - Filling up the DagBag from /home/airflow/.local/lib/python3.12/site-packages/airflow/example_dags/example_dag_decorator.py
[2024-05-06T05:18:27.374+0000] {processor.py:840} INFO - DAG(s) 'example_dag_decorator' retrieved from /home/airflow/.local/lib/python3.12/site-packages/airflow/example_dags/example_dag_decorator.py
[2024-05-06T05:18:27.512+0000] {logging_mixin.py:188} INFO - [2024-05-06T05:18:27.512+0000] {dag.py:3096} INFO - Sync 1 DAGs
[2024-05-06T05:18:27.528+0000] {logging_mixin.py:188} INFO - [2024-05-06T05:18:27.527+0000] {dag.py:3954} INFO - Setting next_dagrun for example_dag_decorator to None, run_after=None
[2024-05-06T05:18:27.552+0000] {processor.py:183} INFO - Processing /home/airflow/.local/lib/python3.12/site-packages/airflow/example_dags/example_dag_decorator.py took 0.313 seconds
[2024-05-06T05:18:57.765+0000] {processor.py:161} INFO - Started process (PID=15486) to work on /home/airflow/.local/lib/python3.12/site-packages/airflow/example_dags/example_dag_decorator.py
[2024-05-06T05:18:57.768+0000] {processor.py:830} INFO - Processing file /home/airflow/.local/lib/python3.12/site-packages/airflow/example_dags/example_dag_decorator.py for tasks to queue
[2024-05-06T05:18:57.771+0000] {logging_mixin.py:188} INFO - [2024-05-06T05:18:57.771+0000] {dagbag.py:540} INFO - Filling up the DagBag from /home/airflow/.local/lib/python3.12/site-packages/airflow/example_dags/example_dag_decorator.py
[2024-05-06T05:18:57.932+0000] {processor.py:840} INFO - DAG(s) 'example_dag_decorator' retrieved from /home/airflow/.local/lib/python3.12/site-packages/airflow/example_dags/example_dag_decorator.py
[2024-05-06T05:18:58.076+0000] {logging_mixin.py:188} INFO - [2024-05-06T05:18:58.076+0000] {dag.py:3096} INFO - Sync 1 DAGs
[2024-05-06T05:18:58.091+0000] {logging_mixin.py:188} INFO - [2024-05-06T05:18:58.090+0000] {dag.py:3954} INFO - Setting next_dagrun for example_dag_decorator to None, run_after=None
[2024-05-06T05:18:58.116+0000] {processor.py:183} INFO - Processing /home/airflow/.local/lib/python3.12/site-packages/airflow/example_dags/example_dag_decorator.py took 0.358 seconds
