[2024-05-06T04:50:13.705+0000] {processor.py:161} INFO - Started process (PID=213) to work on /home/airflow/.local/lib/python3.12/site-packages/airflow/example_dags/example_bash_operator.py
[2024-05-06T04:50:13.706+0000] {processor.py:830} INFO - Processing file /home/airflow/.local/lib/python3.12/site-packages/airflow/example_dags/example_bash_operator.py for tasks to queue
[2024-05-06T04:50:13.708+0000] {logging_mixin.py:188} INFO - [2024-05-06T04:50:13.707+0000] {dagbag.py:540} INFO - Filling up the DagBag from /home/airflow/.local/lib/python3.12/site-packages/airflow/example_dags/example_bash_operator.py
[2024-05-06T04:50:13.723+0000] {processor.py:840} INFO - DAG(s) 'example_bash_operator' retrieved from /home/airflow/.local/lib/python3.12/site-packages/airflow/example_dags/example_bash_operator.py
[2024-05-06T04:50:13.955+0000] {logging_mixin.py:188} INFO - [2024-05-06T04:50:13.953+0000] {override.py:1829} INFO - Created Permission View: can delete on DAG:example_bash_operator
[2024-05-06T04:50:13.978+0000] {logging_mixin.py:188} INFO - [2024-05-06T04:50:13.978+0000] {override.py:1829} INFO - Created Permission View: can edit on DAG:example_bash_operator
[2024-05-06T04:50:13.990+0000] {logging_mixin.py:188} INFO - [2024-05-06T04:50:13.990+0000] {override.py:1829} INFO - Created Permission View: can read on DAG:example_bash_operator
[2024-05-06T04:50:13.992+0000] {logging_mixin.py:188} INFO - [2024-05-06T04:50:13.991+0000] {dag.py:3096} INFO - Sync 1 DAGs
[2024-05-06T04:50:14.011+0000] {logging_mixin.py:188} INFO - [2024-05-06T04:50:14.011+0000] {dag.py:3118} INFO - Creating ORM DAG for example_bash_operator
[2024-05-06T04:50:14.046+0000] {logging_mixin.py:188} INFO - [2024-05-06T04:50:14.045+0000] {dag.py:3954} INFO - Setting next_dagrun for example_bash_operator to 2024-05-05 00:00:00+00:00, run_after=2024-05-06 00:00:00+00:00
[2024-05-06T04:50:14.078+0000] {processor.py:183} INFO - Processing /home/airflow/.local/lib/python3.12/site-packages/airflow/example_dags/example_bash_operator.py took 0.380 seconds
[2024-05-06T04:50:44.739+0000] {processor.py:161} INFO - Started process (PID=475) to work on /home/airflow/.local/lib/python3.12/site-packages/airflow/example_dags/example_bash_operator.py
[2024-05-06T04:50:44.740+0000] {processor.py:830} INFO - Processing file /home/airflow/.local/lib/python3.12/site-packages/airflow/example_dags/example_bash_operator.py for tasks to queue
[2024-05-06T04:50:44.742+0000] {logging_mixin.py:188} INFO - [2024-05-06T04:50:44.742+0000] {dagbag.py:540} INFO - Filling up the DagBag from /home/airflow/.local/lib/python3.12/site-packages/airflow/example_dags/example_bash_operator.py
[2024-05-06T04:50:44.756+0000] {processor.py:840} INFO - DAG(s) 'example_bash_operator' retrieved from /home/airflow/.local/lib/python3.12/site-packages/airflow/example_dags/example_bash_operator.py
[2024-05-06T04:50:44.794+0000] {logging_mixin.py:188} INFO - [2024-05-06T04:50:44.794+0000] {dag.py:3096} INFO - Sync 1 DAGs
[2024-05-06T04:50:44.824+0000] {logging_mixin.py:188} INFO - [2024-05-06T04:50:44.824+0000] {dag.py:3954} INFO - Setting next_dagrun for example_bash_operator to 2024-05-05 00:00:00+00:00, run_after=2024-05-06 00:00:00+00:00
[2024-05-06T04:50:44.854+0000] {processor.py:183} INFO - Processing /home/airflow/.local/lib/python3.12/site-packages/airflow/example_dags/example_bash_operator.py took 0.121 seconds
[2024-05-06T04:51:15.113+0000] {processor.py:161} INFO - Started process (PID=736) to work on /home/airflow/.local/lib/python3.12/site-packages/airflow/example_dags/example_bash_operator.py
[2024-05-06T04:51:15.113+0000] {processor.py:830} INFO - Processing file /home/airflow/.local/lib/python3.12/site-packages/airflow/example_dags/example_bash_operator.py for tasks to queue
[2024-05-06T04:51:15.116+0000] {logging_mixin.py:188} INFO - [2024-05-06T04:51:15.116+0000] {dagbag.py:540} INFO - Filling up the DagBag from /home/airflow/.local/lib/python3.12/site-packages/airflow/example_dags/example_bash_operator.py
[2024-05-06T04:51:15.131+0000] {processor.py:840} INFO - DAG(s) 'example_bash_operator' retrieved from /home/airflow/.local/lib/python3.12/site-packages/airflow/example_dags/example_bash_operator.py
[2024-05-06T04:51:15.194+0000] {logging_mixin.py:188} INFO - [2024-05-06T04:51:15.194+0000] {dag.py:3096} INFO - Sync 1 DAGs
[2024-05-06T04:51:15.232+0000] {logging_mixin.py:188} INFO - [2024-05-06T04:51:15.231+0000] {dag.py:3954} INFO - Setting next_dagrun for example_bash_operator to 2024-05-05 00:00:00+00:00, run_after=2024-05-06 00:00:00+00:00
[2024-05-06T04:51:15.264+0000] {processor.py:183} INFO - Processing /home/airflow/.local/lib/python3.12/site-packages/airflow/example_dags/example_bash_operator.py took 0.158 seconds
[2024-05-06T04:51:45.420+0000] {processor.py:161} INFO - Started process (PID=1000) to work on /home/airflow/.local/lib/python3.12/site-packages/airflow/example_dags/example_bash_operator.py
[2024-05-06T04:51:45.421+0000] {processor.py:830} INFO - Processing file /home/airflow/.local/lib/python3.12/site-packages/airflow/example_dags/example_bash_operator.py for tasks to queue
[2024-05-06T04:51:45.423+0000] {logging_mixin.py:188} INFO - [2024-05-06T04:51:45.423+0000] {dagbag.py:540} INFO - Filling up the DagBag from /home/airflow/.local/lib/python3.12/site-packages/airflow/example_dags/example_bash_operator.py
[2024-05-06T04:51:45.437+0000] {processor.py:840} INFO - DAG(s) 'example_bash_operator' retrieved from /home/airflow/.local/lib/python3.12/site-packages/airflow/example_dags/example_bash_operator.py
[2024-05-06T04:51:45.471+0000] {logging_mixin.py:188} INFO - [2024-05-06T04:51:45.471+0000] {dag.py:3096} INFO - Sync 1 DAGs
[2024-05-06T04:51:45.515+0000] {logging_mixin.py:188} INFO - [2024-05-06T04:51:45.513+0000] {dag.py:3954} INFO - Setting next_dagrun for example_bash_operator to 2024-05-05 00:00:00+00:00, run_after=2024-05-06 00:00:00+00:00
[2024-05-06T04:51:45.555+0000] {processor.py:183} INFO - Processing /home/airflow/.local/lib/python3.12/site-packages/airflow/example_dags/example_bash_operator.py took 0.141 seconds
[2024-05-06T04:52:16.443+0000] {processor.py:161} INFO - Started process (PID=1261) to work on /home/airflow/.local/lib/python3.12/site-packages/airflow/example_dags/example_bash_operator.py
[2024-05-06T04:52:16.444+0000] {processor.py:830} INFO - Processing file /home/airflow/.local/lib/python3.12/site-packages/airflow/example_dags/example_bash_operator.py for tasks to queue
[2024-05-06T04:52:16.446+0000] {logging_mixin.py:188} INFO - [2024-05-06T04:52:16.446+0000] {dagbag.py:540} INFO - Filling up the DagBag from /home/airflow/.local/lib/python3.12/site-packages/airflow/example_dags/example_bash_operator.py
[2024-05-06T04:52:16.459+0000] {processor.py:840} INFO - DAG(s) 'example_bash_operator' retrieved from /home/airflow/.local/lib/python3.12/site-packages/airflow/example_dags/example_bash_operator.py
[2024-05-06T04:52:16.493+0000] {logging_mixin.py:188} INFO - [2024-05-06T04:52:16.493+0000] {dag.py:3096} INFO - Sync 1 DAGs
[2024-05-06T04:52:16.519+0000] {logging_mixin.py:188} INFO - [2024-05-06T04:52:16.519+0000] {dag.py:3954} INFO - Setting next_dagrun for example_bash_operator to 2024-05-05 00:00:00+00:00, run_after=2024-05-06 00:00:00+00:00
[2024-05-06T04:52:16.541+0000] {processor.py:183} INFO - Processing /home/airflow/.local/lib/python3.12/site-packages/airflow/example_dags/example_bash_operator.py took 0.105 seconds
[2024-05-06T04:52:46.654+0000] {processor.py:161} INFO - Started process (PID=1524) to work on /home/airflow/.local/lib/python3.12/site-packages/airflow/example_dags/example_bash_operator.py
[2024-05-06T04:52:46.654+0000] {processor.py:830} INFO - Processing file /home/airflow/.local/lib/python3.12/site-packages/airflow/example_dags/example_bash_operator.py for tasks to queue
[2024-05-06T04:52:46.656+0000] {logging_mixin.py:188} INFO - [2024-05-06T04:52:46.656+0000] {dagbag.py:540} INFO - Filling up the DagBag from /home/airflow/.local/lib/python3.12/site-packages/airflow/example_dags/example_bash_operator.py
[2024-05-06T04:52:46.671+0000] {processor.py:840} INFO - DAG(s) 'example_bash_operator' retrieved from /home/airflow/.local/lib/python3.12/site-packages/airflow/example_dags/example_bash_operator.py
[2024-05-06T04:52:46.722+0000] {logging_mixin.py:188} INFO - [2024-05-06T04:52:46.722+0000] {dag.py:3096} INFO - Sync 1 DAGs
[2024-05-06T04:52:46.751+0000] {logging_mixin.py:188} INFO - [2024-05-06T04:52:46.750+0000] {dag.py:3954} INFO - Setting next_dagrun for example_bash_operator to 2024-05-05 00:00:00+00:00, run_after=2024-05-06 00:00:00+00:00
[2024-05-06T04:52:46.781+0000] {processor.py:183} INFO - Processing /home/airflow/.local/lib/python3.12/site-packages/airflow/example_dags/example_bash_operator.py took 0.134 seconds
[2024-05-06T04:53:17.724+0000] {processor.py:161} INFO - Started process (PID=1786) to work on /home/airflow/.local/lib/python3.12/site-packages/airflow/example_dags/example_bash_operator.py
[2024-05-06T04:53:17.725+0000] {processor.py:830} INFO - Processing file /home/airflow/.local/lib/python3.12/site-packages/airflow/example_dags/example_bash_operator.py for tasks to queue
[2024-05-06T04:53:17.726+0000] {logging_mixin.py:188} INFO - [2024-05-06T04:53:17.726+0000] {dagbag.py:540} INFO - Filling up the DagBag from /home/airflow/.local/lib/python3.12/site-packages/airflow/example_dags/example_bash_operator.py
[2024-05-06T04:53:17.740+0000] {processor.py:840} INFO - DAG(s) 'example_bash_operator' retrieved from /home/airflow/.local/lib/python3.12/site-packages/airflow/example_dags/example_bash_operator.py
[2024-05-06T04:53:17.780+0000] {logging_mixin.py:188} INFO - [2024-05-06T04:53:17.780+0000] {dag.py:3096} INFO - Sync 1 DAGs
[2024-05-06T04:53:17.813+0000] {logging_mixin.py:188} INFO - [2024-05-06T04:53:17.813+0000] {dag.py:3954} INFO - Setting next_dagrun for example_bash_operator to 2024-05-05 00:00:00+00:00, run_after=2024-05-06 00:00:00+00:00
[2024-05-06T04:53:17.837+0000] {processor.py:183} INFO - Processing /home/airflow/.local/lib/python3.12/site-packages/airflow/example_dags/example_bash_operator.py took 0.120 seconds
[2024-05-06T04:53:48.013+0000] {processor.py:161} INFO - Started process (PID=2048) to work on /home/airflow/.local/lib/python3.12/site-packages/airflow/example_dags/example_bash_operator.py
[2024-05-06T04:53:48.014+0000] {processor.py:830} INFO - Processing file /home/airflow/.local/lib/python3.12/site-packages/airflow/example_dags/example_bash_operator.py for tasks to queue
[2024-05-06T04:53:48.016+0000] {logging_mixin.py:188} INFO - [2024-05-06T04:53:48.015+0000] {dagbag.py:540} INFO - Filling up the DagBag from /home/airflow/.local/lib/python3.12/site-packages/airflow/example_dags/example_bash_operator.py
[2024-05-06T04:53:48.030+0000] {processor.py:840} INFO - DAG(s) 'example_bash_operator' retrieved from /home/airflow/.local/lib/python3.12/site-packages/airflow/example_dags/example_bash_operator.py
[2024-05-06T04:53:48.065+0000] {logging_mixin.py:188} INFO - [2024-05-06T04:53:48.064+0000] {dag.py:3096} INFO - Sync 1 DAGs
[2024-05-06T04:53:48.105+0000] {logging_mixin.py:188} INFO - [2024-05-06T04:53:48.104+0000] {dag.py:3954} INFO - Setting next_dagrun for example_bash_operator to 2024-05-05 00:00:00+00:00, run_after=2024-05-06 00:00:00+00:00
[2024-05-06T04:53:48.128+0000] {processor.py:183} INFO - Processing /home/airflow/.local/lib/python3.12/site-packages/airflow/example_dags/example_bash_operator.py took 0.121 seconds
[2024-05-06T04:54:19.199+0000] {processor.py:161} INFO - Started process (PID=2379) to work on /home/airflow/.local/lib/python3.12/site-packages/airflow/example_dags/example_bash_operator.py
[2024-05-06T04:54:19.201+0000] {processor.py:830} INFO - Processing file /home/airflow/.local/lib/python3.12/site-packages/airflow/example_dags/example_bash_operator.py for tasks to queue
[2024-05-06T04:54:19.210+0000] {logging_mixin.py:188} INFO - [2024-05-06T04:54:19.210+0000] {dagbag.py:540} INFO - Filling up the DagBag from /home/airflow/.local/lib/python3.12/site-packages/airflow/example_dags/example_bash_operator.py
[2024-05-06T04:54:19.410+0000] {processor.py:840} INFO - DAG(s) 'example_bash_operator' retrieved from /home/airflow/.local/lib/python3.12/site-packages/airflow/example_dags/example_bash_operator.py
[2024-05-06T04:54:19.690+0000] {logging_mixin.py:188} INFO - [2024-05-06T04:54:19.689+0000] {dag.py:3096} INFO - Sync 1 DAGs
[2024-05-06T04:54:19.895+0000] {logging_mixin.py:188} INFO - [2024-05-06T04:54:19.895+0000] {dag.py:3954} INFO - Setting next_dagrun for example_bash_operator to 2024-05-05 00:00:00+00:00, run_after=2024-05-06 00:00:00+00:00
[2024-05-06T04:54:20.069+0000] {processor.py:183} INFO - Processing /home/airflow/.local/lib/python3.12/site-packages/airflow/example_dags/example_bash_operator.py took 0.888 seconds
[2024-05-06T04:54:50.653+0000] {processor.py:161} INFO - Started process (PID=2727) to work on /home/airflow/.local/lib/python3.12/site-packages/airflow/example_dags/example_bash_operator.py
[2024-05-06T04:54:50.654+0000] {processor.py:830} INFO - Processing file /home/airflow/.local/lib/python3.12/site-packages/airflow/example_dags/example_bash_operator.py for tasks to queue
[2024-05-06T04:54:50.656+0000] {logging_mixin.py:188} INFO - [2024-05-06T04:54:50.656+0000] {dagbag.py:540} INFO - Filling up the DagBag from /home/airflow/.local/lib/python3.12/site-packages/airflow/example_dags/example_bash_operator.py
[2024-05-06T04:54:50.670+0000] {processor.py:840} INFO - DAG(s) 'example_bash_operator' retrieved from /home/airflow/.local/lib/python3.12/site-packages/airflow/example_dags/example_bash_operator.py
[2024-05-06T04:54:50.704+0000] {logging_mixin.py:188} INFO - [2024-05-06T04:54:50.704+0000] {dag.py:3096} INFO - Sync 1 DAGs
[2024-05-06T04:54:50.736+0000] {logging_mixin.py:188} INFO - [2024-05-06T04:54:50.736+0000] {dag.py:3954} INFO - Setting next_dagrun for example_bash_operator to 2024-05-05 00:00:00+00:00, run_after=2024-05-06 00:00:00+00:00
[2024-05-06T04:54:50.762+0000] {processor.py:183} INFO - Processing /home/airflow/.local/lib/python3.12/site-packages/airflow/example_dags/example_bash_operator.py took 0.115 seconds
[2024-05-06T04:55:21.601+0000] {processor.py:161} INFO - Started process (PID=2989) to work on /home/airflow/.local/lib/python3.12/site-packages/airflow/example_dags/example_bash_operator.py
[2024-05-06T04:55:21.602+0000] {processor.py:830} INFO - Processing file /home/airflow/.local/lib/python3.12/site-packages/airflow/example_dags/example_bash_operator.py for tasks to queue
[2024-05-06T04:55:21.604+0000] {logging_mixin.py:188} INFO - [2024-05-06T04:55:21.603+0000] {dagbag.py:540} INFO - Filling up the DagBag from /home/airflow/.local/lib/python3.12/site-packages/airflow/example_dags/example_bash_operator.py
[2024-05-06T04:55:21.631+0000] {processor.py:840} INFO - DAG(s) 'example_bash_operator' retrieved from /home/airflow/.local/lib/python3.12/site-packages/airflow/example_dags/example_bash_operator.py
[2024-05-06T04:55:21.709+0000] {logging_mixin.py:188} INFO - [2024-05-06T04:55:21.709+0000] {dag.py:3096} INFO - Sync 1 DAGs
[2024-05-06T04:55:21.737+0000] {logging_mixin.py:188} INFO - [2024-05-06T04:55:21.737+0000] {dag.py:3954} INFO - Setting next_dagrun for example_bash_operator to 2024-05-05 00:00:00+00:00, run_after=2024-05-06 00:00:00+00:00
[2024-05-06T04:55:21.761+0000] {processor.py:183} INFO - Processing /home/airflow/.local/lib/python3.12/site-packages/airflow/example_dags/example_bash_operator.py took 0.168 seconds
[2024-05-06T04:55:51.945+0000] {processor.py:161} INFO - Started process (PID=3252) to work on /home/airflow/.local/lib/python3.12/site-packages/airflow/example_dags/example_bash_operator.py
[2024-05-06T04:55:51.946+0000] {processor.py:830} INFO - Processing file /home/airflow/.local/lib/python3.12/site-packages/airflow/example_dags/example_bash_operator.py for tasks to queue
[2024-05-06T04:55:51.948+0000] {logging_mixin.py:188} INFO - [2024-05-06T04:55:51.948+0000] {dagbag.py:540} INFO - Filling up the DagBag from /home/airflow/.local/lib/python3.12/site-packages/airflow/example_dags/example_bash_operator.py
[2024-05-06T04:55:51.963+0000] {processor.py:840} INFO - DAG(s) 'example_bash_operator' retrieved from /home/airflow/.local/lib/python3.12/site-packages/airflow/example_dags/example_bash_operator.py
[2024-05-06T04:55:51.997+0000] {logging_mixin.py:188} INFO - [2024-05-06T04:55:51.997+0000] {dag.py:3096} INFO - Sync 1 DAGs
[2024-05-06T04:55:52.027+0000] {logging_mixin.py:188} INFO - [2024-05-06T04:55:52.027+0000] {dag.py:3954} INFO - Setting next_dagrun for example_bash_operator to 2024-05-05 00:00:00+00:00, run_after=2024-05-06 00:00:00+00:00
[2024-05-06T04:55:52.058+0000] {processor.py:183} INFO - Processing /home/airflow/.local/lib/python3.12/site-packages/airflow/example_dags/example_bash_operator.py took 0.119 seconds
[2024-05-06T04:56:22.835+0000] {processor.py:161} INFO - Started process (PID=3515) to work on /home/airflow/.local/lib/python3.12/site-packages/airflow/example_dags/example_bash_operator.py
[2024-05-06T04:56:22.836+0000] {processor.py:830} INFO - Processing file /home/airflow/.local/lib/python3.12/site-packages/airflow/example_dags/example_bash_operator.py for tasks to queue
[2024-05-06T04:56:22.838+0000] {logging_mixin.py:188} INFO - [2024-05-06T04:56:22.837+0000] {dagbag.py:540} INFO - Filling up the DagBag from /home/airflow/.local/lib/python3.12/site-packages/airflow/example_dags/example_bash_operator.py
[2024-05-06T04:56:22.852+0000] {processor.py:840} INFO - DAG(s) 'example_bash_operator' retrieved from /home/airflow/.local/lib/python3.12/site-packages/airflow/example_dags/example_bash_operator.py
[2024-05-06T04:56:22.888+0000] {logging_mixin.py:188} INFO - [2024-05-06T04:56:22.888+0000] {dag.py:3096} INFO - Sync 1 DAGs
[2024-05-06T04:56:22.917+0000] {logging_mixin.py:188} INFO - [2024-05-06T04:56:22.917+0000] {dag.py:3954} INFO - Setting next_dagrun for example_bash_operator to 2024-05-05 00:00:00+00:00, run_after=2024-05-06 00:00:00+00:00
[2024-05-06T04:56:22.946+0000] {processor.py:183} INFO - Processing /home/airflow/.local/lib/python3.12/site-packages/airflow/example_dags/example_bash_operator.py took 0.118 seconds
[2024-05-06T04:56:53.400+0000] {processor.py:161} INFO - Started process (PID=3778) to work on /home/airflow/.local/lib/python3.12/site-packages/airflow/example_dags/example_bash_operator.py
[2024-05-06T04:56:53.401+0000] {processor.py:830} INFO - Processing file /home/airflow/.local/lib/python3.12/site-packages/airflow/example_dags/example_bash_operator.py for tasks to queue
[2024-05-06T04:56:53.403+0000] {logging_mixin.py:188} INFO - [2024-05-06T04:56:53.403+0000] {dagbag.py:540} INFO - Filling up the DagBag from /home/airflow/.local/lib/python3.12/site-packages/airflow/example_dags/example_bash_operator.py
[2024-05-06T04:56:53.418+0000] {processor.py:840} INFO - DAG(s) 'example_bash_operator' retrieved from /home/airflow/.local/lib/python3.12/site-packages/airflow/example_dags/example_bash_operator.py
[2024-05-06T04:56:53.452+0000] {logging_mixin.py:188} INFO - [2024-05-06T04:56:53.452+0000] {dag.py:3096} INFO - Sync 1 DAGs
[2024-05-06T04:56:53.489+0000] {logging_mixin.py:188} INFO - [2024-05-06T04:56:53.489+0000] {dag.py:3954} INFO - Setting next_dagrun for example_bash_operator to 2024-05-05 00:00:00+00:00, run_after=2024-05-06 00:00:00+00:00
[2024-05-06T04:56:53.513+0000] {processor.py:183} INFO - Processing /home/airflow/.local/lib/python3.12/site-packages/airflow/example_dags/example_bash_operator.py took 0.119 seconds
[2024-05-06T04:57:23.624+0000] {processor.py:161} INFO - Started process (PID=4040) to work on /home/airflow/.local/lib/python3.12/site-packages/airflow/example_dags/example_bash_operator.py
[2024-05-06T04:57:23.625+0000] {processor.py:830} INFO - Processing file /home/airflow/.local/lib/python3.12/site-packages/airflow/example_dags/example_bash_operator.py for tasks to queue
[2024-05-06T04:57:23.627+0000] {logging_mixin.py:188} INFO - [2024-05-06T04:57:23.627+0000] {dagbag.py:540} INFO - Filling up the DagBag from /home/airflow/.local/lib/python3.12/site-packages/airflow/example_dags/example_bash_operator.py
[2024-05-06T04:57:23.641+0000] {processor.py:840} INFO - DAG(s) 'example_bash_operator' retrieved from /home/airflow/.local/lib/python3.12/site-packages/airflow/example_dags/example_bash_operator.py
[2024-05-06T04:57:23.682+0000] {logging_mixin.py:188} INFO - [2024-05-06T04:57:23.682+0000] {dag.py:3096} INFO - Sync 1 DAGs
[2024-05-06T04:57:23.709+0000] {logging_mixin.py:188} INFO - [2024-05-06T04:57:23.709+0000] {dag.py:3954} INFO - Setting next_dagrun for example_bash_operator to 2024-05-05 00:00:00+00:00, run_after=2024-05-06 00:00:00+00:00
[2024-05-06T04:57:23.733+0000] {processor.py:183} INFO - Processing /home/airflow/.local/lib/python3.12/site-packages/airflow/example_dags/example_bash_operator.py took 0.115 seconds
[2024-05-06T04:57:53.963+0000] {processor.py:161} INFO - Started process (PID=4302) to work on /home/airflow/.local/lib/python3.12/site-packages/airflow/example_dags/example_bash_operator.py
[2024-05-06T04:57:53.964+0000] {processor.py:830} INFO - Processing file /home/airflow/.local/lib/python3.12/site-packages/airflow/example_dags/example_bash_operator.py for tasks to queue
[2024-05-06T04:57:53.966+0000] {logging_mixin.py:188} INFO - [2024-05-06T04:57:53.965+0000] {dagbag.py:540} INFO - Filling up the DagBag from /home/airflow/.local/lib/python3.12/site-packages/airflow/example_dags/example_bash_operator.py
[2024-05-06T04:57:53.979+0000] {processor.py:840} INFO - DAG(s) 'example_bash_operator' retrieved from /home/airflow/.local/lib/python3.12/site-packages/airflow/example_dags/example_bash_operator.py
[2024-05-06T04:57:54.013+0000] {logging_mixin.py:188} INFO - [2024-05-06T04:57:54.013+0000] {dag.py:3096} INFO - Sync 1 DAGs
[2024-05-06T04:57:54.047+0000] {logging_mixin.py:188} INFO - [2024-05-06T04:57:54.047+0000] {dag.py:3954} INFO - Setting next_dagrun for example_bash_operator to 2024-05-05 00:00:00+00:00, run_after=2024-05-06 00:00:00+00:00
[2024-05-06T04:57:54.094+0000] {processor.py:183} INFO - Processing /home/airflow/.local/lib/python3.12/site-packages/airflow/example_dags/example_bash_operator.py took 0.138 seconds
[2024-05-06T04:58:24.192+0000] {processor.py:161} INFO - Started process (PID=4562) to work on /home/airflow/.local/lib/python3.12/site-packages/airflow/example_dags/example_bash_operator.py
[2024-05-06T04:58:24.193+0000] {processor.py:830} INFO - Processing file /home/airflow/.local/lib/python3.12/site-packages/airflow/example_dags/example_bash_operator.py for tasks to queue
[2024-05-06T04:58:24.195+0000] {logging_mixin.py:188} INFO - [2024-05-06T04:58:24.195+0000] {dagbag.py:540} INFO - Filling up the DagBag from /home/airflow/.local/lib/python3.12/site-packages/airflow/example_dags/example_bash_operator.py
[2024-05-06T04:58:24.217+0000] {processor.py:840} INFO - DAG(s) 'example_bash_operator' retrieved from /home/airflow/.local/lib/python3.12/site-packages/airflow/example_dags/example_bash_operator.py
[2024-05-06T04:58:24.300+0000] {logging_mixin.py:188} INFO - [2024-05-06T04:58:24.300+0000] {dag.py:3096} INFO - Sync 1 DAGs
[2024-05-06T04:58:24.332+0000] {logging_mixin.py:188} INFO - [2024-05-06T04:58:24.332+0000] {dag.py:3954} INFO - Setting next_dagrun for example_bash_operator to 2024-05-05 00:00:00+00:00, run_after=2024-05-06 00:00:00+00:00
[2024-05-06T04:58:24.357+0000] {processor.py:183} INFO - Processing /home/airflow/.local/lib/python3.12/site-packages/airflow/example_dags/example_bash_operator.py took 0.180 seconds
[2024-05-06T04:58:54.599+0000] {processor.py:161} INFO - Started process (PID=4826) to work on /home/airflow/.local/lib/python3.12/site-packages/airflow/example_dags/example_bash_operator.py
[2024-05-06T04:58:54.600+0000] {processor.py:830} INFO - Processing file /home/airflow/.local/lib/python3.12/site-packages/airflow/example_dags/example_bash_operator.py for tasks to queue
[2024-05-06T04:58:54.601+0000] {logging_mixin.py:188} INFO - [2024-05-06T04:58:54.601+0000] {dagbag.py:540} INFO - Filling up the DagBag from /home/airflow/.local/lib/python3.12/site-packages/airflow/example_dags/example_bash_operator.py
[2024-05-06T04:58:54.615+0000] {processor.py:840} INFO - DAG(s) 'example_bash_operator' retrieved from /home/airflow/.local/lib/python3.12/site-packages/airflow/example_dags/example_bash_operator.py
[2024-05-06T04:58:54.648+0000] {logging_mixin.py:188} INFO - [2024-05-06T04:58:54.648+0000] {dag.py:3096} INFO - Sync 1 DAGs
[2024-05-06T04:58:54.677+0000] {logging_mixin.py:188} INFO - [2024-05-06T04:58:54.677+0000] {dag.py:3954} INFO - Setting next_dagrun for example_bash_operator to 2024-05-05 00:00:00+00:00, run_after=2024-05-06 00:00:00+00:00
[2024-05-06T04:58:54.703+0000] {processor.py:183} INFO - Processing /home/airflow/.local/lib/python3.12/site-packages/airflow/example_dags/example_bash_operator.py took 0.110 seconds
[2024-05-06T04:59:25.382+0000] {processor.py:161} INFO - Started process (PID=5089) to work on /home/airflow/.local/lib/python3.12/site-packages/airflow/example_dags/example_bash_operator.py
[2024-05-06T04:59:25.383+0000] {processor.py:830} INFO - Processing file /home/airflow/.local/lib/python3.12/site-packages/airflow/example_dags/example_bash_operator.py for tasks to queue
[2024-05-06T04:59:25.385+0000] {logging_mixin.py:188} INFO - [2024-05-06T04:59:25.385+0000] {dagbag.py:540} INFO - Filling up the DagBag from /home/airflow/.local/lib/python3.12/site-packages/airflow/example_dags/example_bash_operator.py
[2024-05-06T04:59:25.402+0000] {processor.py:840} INFO - DAG(s) 'example_bash_operator' retrieved from /home/airflow/.local/lib/python3.12/site-packages/airflow/example_dags/example_bash_operator.py
[2024-05-06T04:59:25.441+0000] {logging_mixin.py:188} INFO - [2024-05-06T04:59:25.441+0000] {dag.py:3096} INFO - Sync 1 DAGs
[2024-05-06T04:59:25.471+0000] {logging_mixin.py:188} INFO - [2024-05-06T04:59:25.471+0000] {dag.py:3954} INFO - Setting next_dagrun for example_bash_operator to 2024-05-05 00:00:00+00:00, run_after=2024-05-06 00:00:00+00:00
[2024-05-06T04:59:25.498+0000] {processor.py:183} INFO - Processing /home/airflow/.local/lib/python3.12/site-packages/airflow/example_dags/example_bash_operator.py took 0.123 seconds
[2024-05-06T04:59:55.815+0000] {processor.py:161} INFO - Started process (PID=5351) to work on /home/airflow/.local/lib/python3.12/site-packages/airflow/example_dags/example_bash_operator.py
[2024-05-06T04:59:55.816+0000] {processor.py:830} INFO - Processing file /home/airflow/.local/lib/python3.12/site-packages/airflow/example_dags/example_bash_operator.py for tasks to queue
[2024-05-06T04:59:55.818+0000] {logging_mixin.py:188} INFO - [2024-05-06T04:59:55.817+0000] {dagbag.py:540} INFO - Filling up the DagBag from /home/airflow/.local/lib/python3.12/site-packages/airflow/example_dags/example_bash_operator.py
[2024-05-06T04:59:55.831+0000] {processor.py:840} INFO - DAG(s) 'example_bash_operator' retrieved from /home/airflow/.local/lib/python3.12/site-packages/airflow/example_dags/example_bash_operator.py
[2024-05-06T04:59:55.928+0000] {logging_mixin.py:188} INFO - [2024-05-06T04:59:55.927+0000] {dag.py:3096} INFO - Sync 1 DAGs
[2024-05-06T04:59:55.957+0000] {logging_mixin.py:188} INFO - [2024-05-06T04:59:55.957+0000] {dag.py:3954} INFO - Setting next_dagrun for example_bash_operator to 2024-05-05 00:00:00+00:00, run_after=2024-05-06 00:00:00+00:00
[2024-05-06T04:59:55.983+0000] {processor.py:183} INFO - Processing /home/airflow/.local/lib/python3.12/site-packages/airflow/example_dags/example_bash_operator.py took 0.175 seconds
[2024-05-06T05:00:26.229+0000] {processor.py:161} INFO - Started process (PID=5619) to work on /home/airflow/.local/lib/python3.12/site-packages/airflow/example_dags/example_bash_operator.py
[2024-05-06T05:00:26.230+0000] {processor.py:830} INFO - Processing file /home/airflow/.local/lib/python3.12/site-packages/airflow/example_dags/example_bash_operator.py for tasks to queue
[2024-05-06T05:00:26.232+0000] {logging_mixin.py:188} INFO - [2024-05-06T05:00:26.232+0000] {dagbag.py:540} INFO - Filling up the DagBag from /home/airflow/.local/lib/python3.12/site-packages/airflow/example_dags/example_bash_operator.py
[2024-05-06T05:00:26.246+0000] {processor.py:840} INFO - DAG(s) 'example_bash_operator' retrieved from /home/airflow/.local/lib/python3.12/site-packages/airflow/example_dags/example_bash_operator.py
[2024-05-06T05:00:26.279+0000] {logging_mixin.py:188} INFO - [2024-05-06T05:00:26.279+0000] {dag.py:3096} INFO - Sync 1 DAGs
[2024-05-06T05:00:26.310+0000] {logging_mixin.py:188} INFO - [2024-05-06T05:00:26.310+0000] {dag.py:3954} INFO - Setting next_dagrun for example_bash_operator to 2024-05-05 00:00:00+00:00, run_after=2024-05-06 00:00:00+00:00
[2024-05-06T05:00:26.340+0000] {processor.py:183} INFO - Processing /home/airflow/.local/lib/python3.12/site-packages/airflow/example_dags/example_bash_operator.py took 0.118 seconds
[2024-05-06T05:00:56.661+0000] {processor.py:161} INFO - Started process (PID=5886) to work on /home/airflow/.local/lib/python3.12/site-packages/airflow/example_dags/example_bash_operator.py
[2024-05-06T05:00:56.662+0000] {processor.py:830} INFO - Processing file /home/airflow/.local/lib/python3.12/site-packages/airflow/example_dags/example_bash_operator.py for tasks to queue
[2024-05-06T05:00:56.663+0000] {logging_mixin.py:188} INFO - [2024-05-06T05:00:56.663+0000] {dagbag.py:540} INFO - Filling up the DagBag from /home/airflow/.local/lib/python3.12/site-packages/airflow/example_dags/example_bash_operator.py
[2024-05-06T05:00:56.676+0000] {processor.py:840} INFO - DAG(s) 'example_bash_operator' retrieved from /home/airflow/.local/lib/python3.12/site-packages/airflow/example_dags/example_bash_operator.py
[2024-05-06T05:00:56.710+0000] {logging_mixin.py:188} INFO - [2024-05-06T05:00:56.710+0000] {dag.py:3096} INFO - Sync 1 DAGs
[2024-05-06T05:00:56.737+0000] {logging_mixin.py:188} INFO - [2024-05-06T05:00:56.736+0000] {dag.py:3954} INFO - Setting next_dagrun for example_bash_operator to 2024-05-05 00:00:00+00:00, run_after=2024-05-06 00:00:00+00:00
[2024-05-06T05:00:56.761+0000] {processor.py:183} INFO - Processing /home/airflow/.local/lib/python3.12/site-packages/airflow/example_dags/example_bash_operator.py took 0.107 seconds
[2024-05-06T05:01:27.377+0000] {processor.py:161} INFO - Started process (PID=6153) to work on /home/airflow/.local/lib/python3.12/site-packages/airflow/example_dags/example_bash_operator.py
[2024-05-06T05:01:27.378+0000] {processor.py:830} INFO - Processing file /home/airflow/.local/lib/python3.12/site-packages/airflow/example_dags/example_bash_operator.py for tasks to queue
[2024-05-06T05:01:27.380+0000] {logging_mixin.py:188} INFO - [2024-05-06T05:01:27.379+0000] {dagbag.py:540} INFO - Filling up the DagBag from /home/airflow/.local/lib/python3.12/site-packages/airflow/example_dags/example_bash_operator.py
[2024-05-06T05:01:27.394+0000] {processor.py:840} INFO - DAG(s) 'example_bash_operator' retrieved from /home/airflow/.local/lib/python3.12/site-packages/airflow/example_dags/example_bash_operator.py
[2024-05-06T05:01:27.427+0000] {logging_mixin.py:188} INFO - [2024-05-06T05:01:27.427+0000] {dag.py:3096} INFO - Sync 1 DAGs
[2024-05-06T05:01:27.457+0000] {logging_mixin.py:188} INFO - [2024-05-06T05:01:27.457+0000] {dag.py:3954} INFO - Setting next_dagrun for example_bash_operator to 2024-05-05 00:00:00+00:00, run_after=2024-05-06 00:00:00+00:00
[2024-05-06T05:01:27.646+0000] {processor.py:183} INFO - Processing /home/airflow/.local/lib/python3.12/site-packages/airflow/example_dags/example_bash_operator.py took 0.276 seconds
[2024-05-06T05:01:57.728+0000] {processor.py:161} INFO - Started process (PID=6421) to work on /home/airflow/.local/lib/python3.12/site-packages/airflow/example_dags/example_bash_operator.py
[2024-05-06T05:01:57.729+0000] {processor.py:830} INFO - Processing file /home/airflow/.local/lib/python3.12/site-packages/airflow/example_dags/example_bash_operator.py for tasks to queue
[2024-05-06T05:01:57.730+0000] {logging_mixin.py:188} INFO - [2024-05-06T05:01:57.730+0000] {dagbag.py:540} INFO - Filling up the DagBag from /home/airflow/.local/lib/python3.12/site-packages/airflow/example_dags/example_bash_operator.py
[2024-05-06T05:01:57.745+0000] {processor.py:840} INFO - DAG(s) 'example_bash_operator' retrieved from /home/airflow/.local/lib/python3.12/site-packages/airflow/example_dags/example_bash_operator.py
[2024-05-06T05:01:57.781+0000] {logging_mixin.py:188} INFO - [2024-05-06T05:01:57.781+0000] {dag.py:3096} INFO - Sync 1 DAGs
[2024-05-06T05:01:57.810+0000] {logging_mixin.py:188} INFO - [2024-05-06T05:01:57.810+0000] {dag.py:3954} INFO - Setting next_dagrun for example_bash_operator to 2024-05-05 00:00:00+00:00, run_after=2024-05-06 00:00:00+00:00
[2024-05-06T05:01:57.842+0000] {processor.py:183} INFO - Processing /home/airflow/.local/lib/python3.12/site-packages/airflow/example_dags/example_bash_operator.py took 0.121 seconds
[2024-05-06T05:02:27.943+0000] {processor.py:161} INFO - Started process (PID=6689) to work on /home/airflow/.local/lib/python3.12/site-packages/airflow/example_dags/example_bash_operator.py
[2024-05-06T05:02:27.945+0000] {processor.py:830} INFO - Processing file /home/airflow/.local/lib/python3.12/site-packages/airflow/example_dags/example_bash_operator.py for tasks to queue
[2024-05-06T05:02:27.946+0000] {logging_mixin.py:188} INFO - [2024-05-06T05:02:27.946+0000] {dagbag.py:540} INFO - Filling up the DagBag from /home/airflow/.local/lib/python3.12/site-packages/airflow/example_dags/example_bash_operator.py
[2024-05-06T05:02:27.975+0000] {processor.py:840} INFO - DAG(s) 'example_bash_operator' retrieved from /home/airflow/.local/lib/python3.12/site-packages/airflow/example_dags/example_bash_operator.py
[2024-05-06T05:02:28.031+0000] {logging_mixin.py:188} INFO - [2024-05-06T05:02:28.031+0000] {dag.py:3096} INFO - Sync 1 DAGs
[2024-05-06T05:02:28.057+0000] {logging_mixin.py:188} INFO - [2024-05-06T05:02:28.057+0000] {dag.py:3954} INFO - Setting next_dagrun for example_bash_operator to 2024-05-05 00:00:00+00:00, run_after=2024-05-06 00:00:00+00:00
[2024-05-06T05:02:28.081+0000] {processor.py:183} INFO - Processing /home/airflow/.local/lib/python3.12/site-packages/airflow/example_dags/example_bash_operator.py took 0.146 seconds
[2024-05-06T05:02:58.382+0000] {processor.py:161} INFO - Started process (PID=6957) to work on /home/airflow/.local/lib/python3.12/site-packages/airflow/example_dags/example_bash_operator.py
[2024-05-06T05:02:58.383+0000] {processor.py:830} INFO - Processing file /home/airflow/.local/lib/python3.12/site-packages/airflow/example_dags/example_bash_operator.py for tasks to queue
[2024-05-06T05:02:58.385+0000] {logging_mixin.py:188} INFO - [2024-05-06T05:02:58.385+0000] {dagbag.py:540} INFO - Filling up the DagBag from /home/airflow/.local/lib/python3.12/site-packages/airflow/example_dags/example_bash_operator.py
[2024-05-06T05:02:58.406+0000] {processor.py:840} INFO - DAG(s) 'example_bash_operator' retrieved from /home/airflow/.local/lib/python3.12/site-packages/airflow/example_dags/example_bash_operator.py
[2024-05-06T05:02:58.485+0000] {logging_mixin.py:188} INFO - [2024-05-06T05:02:58.485+0000] {dag.py:3096} INFO - Sync 1 DAGs
[2024-05-06T05:02:58.529+0000] {logging_mixin.py:188} INFO - [2024-05-06T05:02:58.529+0000] {dag.py:3954} INFO - Setting next_dagrun for example_bash_operator to 2024-05-05 00:00:00+00:00, run_after=2024-05-06 00:00:00+00:00
[2024-05-06T05:02:58.557+0000] {processor.py:183} INFO - Processing /home/airflow/.local/lib/python3.12/site-packages/airflow/example_dags/example_bash_operator.py took 0.181 seconds
[2024-05-06T05:03:28.720+0000] {processor.py:161} INFO - Started process (PID=7224) to work on /home/airflow/.local/lib/python3.12/site-packages/airflow/example_dags/example_bash_operator.py
[2024-05-06T05:03:28.721+0000] {processor.py:830} INFO - Processing file /home/airflow/.local/lib/python3.12/site-packages/airflow/example_dags/example_bash_operator.py for tasks to queue
[2024-05-06T05:03:28.723+0000] {logging_mixin.py:188} INFO - [2024-05-06T05:03:28.723+0000] {dagbag.py:540} INFO - Filling up the DagBag from /home/airflow/.local/lib/python3.12/site-packages/airflow/example_dags/example_bash_operator.py
[2024-05-06T05:03:28.737+0000] {processor.py:840} INFO - DAG(s) 'example_bash_operator' retrieved from /home/airflow/.local/lib/python3.12/site-packages/airflow/example_dags/example_bash_operator.py
[2024-05-06T05:03:28.771+0000] {logging_mixin.py:188} INFO - [2024-05-06T05:03:28.771+0000] {dag.py:3096} INFO - Sync 1 DAGs
[2024-05-06T05:03:28.954+0000] {logging_mixin.py:188} INFO - [2024-05-06T05:03:28.953+0000] {dag.py:3954} INFO - Setting next_dagrun for example_bash_operator to 2024-05-05 00:00:00+00:00, run_after=2024-05-06 00:00:00+00:00
[2024-05-06T05:03:28.977+0000] {processor.py:183} INFO - Processing /home/airflow/.local/lib/python3.12/site-packages/airflow/example_dags/example_bash_operator.py took 0.269 seconds
[2024-05-06T05:03:59.258+0000] {processor.py:161} INFO - Started process (PID=7491) to work on /home/airflow/.local/lib/python3.12/site-packages/airflow/example_dags/example_bash_operator.py
[2024-05-06T05:03:59.259+0000] {processor.py:830} INFO - Processing file /home/airflow/.local/lib/python3.12/site-packages/airflow/example_dags/example_bash_operator.py for tasks to queue
[2024-05-06T05:03:59.261+0000] {logging_mixin.py:188} INFO - [2024-05-06T05:03:59.261+0000] {dagbag.py:540} INFO - Filling up the DagBag from /home/airflow/.local/lib/python3.12/site-packages/airflow/example_dags/example_bash_operator.py
[2024-05-06T05:03:59.278+0000] {processor.py:840} INFO - DAG(s) 'example_bash_operator' retrieved from /home/airflow/.local/lib/python3.12/site-packages/airflow/example_dags/example_bash_operator.py
[2024-05-06T05:03:59.312+0000] {logging_mixin.py:188} INFO - [2024-05-06T05:03:59.312+0000] {dag.py:3096} INFO - Sync 1 DAGs
[2024-05-06T05:03:59.341+0000] {logging_mixin.py:188} INFO - [2024-05-06T05:03:59.341+0000] {dag.py:3954} INFO - Setting next_dagrun for example_bash_operator to 2024-05-05 00:00:00+00:00, run_after=2024-05-06 00:00:00+00:00
[2024-05-06T05:03:59.365+0000] {processor.py:183} INFO - Processing /home/airflow/.local/lib/python3.12/site-packages/airflow/example_dags/example_bash_operator.py took 0.114 seconds
[2024-05-06T05:04:29.686+0000] {processor.py:161} INFO - Started process (PID=7758) to work on /home/airflow/.local/lib/python3.12/site-packages/airflow/example_dags/example_bash_operator.py
[2024-05-06T05:04:29.688+0000] {processor.py:830} INFO - Processing file /home/airflow/.local/lib/python3.12/site-packages/airflow/example_dags/example_bash_operator.py for tasks to queue
[2024-05-06T05:04:29.689+0000] {logging_mixin.py:188} INFO - [2024-05-06T05:04:29.689+0000] {dagbag.py:540} INFO - Filling up the DagBag from /home/airflow/.local/lib/python3.12/site-packages/airflow/example_dags/example_bash_operator.py
[2024-05-06T05:04:29.708+0000] {processor.py:840} INFO - DAG(s) 'example_bash_operator' retrieved from /home/airflow/.local/lib/python3.12/site-packages/airflow/example_dags/example_bash_operator.py
[2024-05-06T05:04:29.757+0000] {logging_mixin.py:188} INFO - [2024-05-06T05:04:29.757+0000] {dag.py:3096} INFO - Sync 1 DAGs
[2024-05-06T05:04:29.814+0000] {logging_mixin.py:188} INFO - [2024-05-06T05:04:29.814+0000] {dag.py:3954} INFO - Setting next_dagrun for example_bash_operator to 2024-05-05 00:00:00+00:00, run_after=2024-05-06 00:00:00+00:00
[2024-05-06T05:04:29.837+0000] {processor.py:183} INFO - Processing /home/airflow/.local/lib/python3.12/site-packages/airflow/example_dags/example_bash_operator.py took 0.157 seconds
[2024-05-06T05:04:59.882+0000] {processor.py:161} INFO - Started process (PID=8025) to work on /home/airflow/.local/lib/python3.12/site-packages/airflow/example_dags/example_bash_operator.py
[2024-05-06T05:04:59.883+0000] {processor.py:830} INFO - Processing file /home/airflow/.local/lib/python3.12/site-packages/airflow/example_dags/example_bash_operator.py for tasks to queue
[2024-05-06T05:04:59.885+0000] {logging_mixin.py:188} INFO - [2024-05-06T05:04:59.884+0000] {dagbag.py:540} INFO - Filling up the DagBag from /home/airflow/.local/lib/python3.12/site-packages/airflow/example_dags/example_bash_operator.py
[2024-05-06T05:04:59.899+0000] {processor.py:840} INFO - DAG(s) 'example_bash_operator' retrieved from /home/airflow/.local/lib/python3.12/site-packages/airflow/example_dags/example_bash_operator.py
[2024-05-06T05:04:59.932+0000] {logging_mixin.py:188} INFO - [2024-05-06T05:04:59.932+0000] {dag.py:3096} INFO - Sync 1 DAGs
[2024-05-06T05:04:59.961+0000] {logging_mixin.py:188} INFO - [2024-05-06T05:04:59.961+0000] {dag.py:3954} INFO - Setting next_dagrun for example_bash_operator to 2024-05-05 00:00:00+00:00, run_after=2024-05-06 00:00:00+00:00
[2024-05-06T05:04:59.987+0000] {processor.py:183} INFO - Processing /home/airflow/.local/lib/python3.12/site-packages/airflow/example_dags/example_bash_operator.py took 0.112 seconds
[2024-05-06T05:05:30.032+0000] {processor.py:161} INFO - Started process (PID=8297) to work on /home/airflow/.local/lib/python3.12/site-packages/airflow/example_dags/example_bash_operator.py
[2024-05-06T05:05:30.033+0000] {processor.py:830} INFO - Processing file /home/airflow/.local/lib/python3.12/site-packages/airflow/example_dags/example_bash_operator.py for tasks to queue
[2024-05-06T05:05:30.035+0000] {logging_mixin.py:188} INFO - [2024-05-06T05:05:30.035+0000] {dagbag.py:540} INFO - Filling up the DagBag from /home/airflow/.local/lib/python3.12/site-packages/airflow/example_dags/example_bash_operator.py
[2024-05-06T05:05:30.049+0000] {processor.py:840} INFO - DAG(s) 'example_bash_operator' retrieved from /home/airflow/.local/lib/python3.12/site-packages/airflow/example_dags/example_bash_operator.py
[2024-05-06T05:05:30.083+0000] {logging_mixin.py:188} INFO - [2024-05-06T05:05:30.083+0000] {dag.py:3096} INFO - Sync 1 DAGs
[2024-05-06T05:05:30.111+0000] {logging_mixin.py:188} INFO - [2024-05-06T05:05:30.111+0000] {dag.py:3954} INFO - Setting next_dagrun for example_bash_operator to 2024-05-05 00:00:00+00:00, run_after=2024-05-06 00:00:00+00:00
[2024-05-06T05:05:30.135+0000] {processor.py:183} INFO - Processing /home/airflow/.local/lib/python3.12/site-packages/airflow/example_dags/example_bash_operator.py took 0.111 seconds
[2024-05-06T05:06:00.465+0000] {processor.py:161} INFO - Started process (PID=8569) to work on /home/airflow/.local/lib/python3.12/site-packages/airflow/example_dags/example_bash_operator.py
[2024-05-06T05:06:00.466+0000] {processor.py:830} INFO - Processing file /home/airflow/.local/lib/python3.12/site-packages/airflow/example_dags/example_bash_operator.py for tasks to queue
[2024-05-06T05:06:00.468+0000] {logging_mixin.py:188} INFO - [2024-05-06T05:06:00.467+0000] {dagbag.py:540} INFO - Filling up the DagBag from /home/airflow/.local/lib/python3.12/site-packages/airflow/example_dags/example_bash_operator.py
[2024-05-06T05:06:00.482+0000] {processor.py:840} INFO - DAG(s) 'example_bash_operator' retrieved from /home/airflow/.local/lib/python3.12/site-packages/airflow/example_dags/example_bash_operator.py
[2024-05-06T05:06:00.542+0000] {logging_mixin.py:188} INFO - [2024-05-06T05:06:00.542+0000] {dag.py:3096} INFO - Sync 1 DAGs
[2024-05-06T05:06:00.587+0000] {logging_mixin.py:188} INFO - [2024-05-06T05:06:00.586+0000] {dag.py:3954} INFO - Setting next_dagrun for example_bash_operator to 2024-05-05 00:00:00+00:00, run_after=2024-05-06 00:00:00+00:00
[2024-05-06T05:06:00.620+0000] {processor.py:183} INFO - Processing /home/airflow/.local/lib/python3.12/site-packages/airflow/example_dags/example_bash_operator.py took 0.161 seconds
[2024-05-06T05:06:30.716+0000] {processor.py:161} INFO - Started process (PID=8841) to work on /home/airflow/.local/lib/python3.12/site-packages/airflow/example_dags/example_bash_operator.py
[2024-05-06T05:06:30.717+0000] {processor.py:830} INFO - Processing file /home/airflow/.local/lib/python3.12/site-packages/airflow/example_dags/example_bash_operator.py for tasks to queue
[2024-05-06T05:06:30.719+0000] {logging_mixin.py:188} INFO - [2024-05-06T05:06:30.718+0000] {dagbag.py:540} INFO - Filling up the DagBag from /home/airflow/.local/lib/python3.12/site-packages/airflow/example_dags/example_bash_operator.py
[2024-05-06T05:06:30.736+0000] {processor.py:840} INFO - DAG(s) 'example_bash_operator' retrieved from /home/airflow/.local/lib/python3.12/site-packages/airflow/example_dags/example_bash_operator.py
[2024-05-06T05:06:30.774+0000] {logging_mixin.py:188} INFO - [2024-05-06T05:06:30.774+0000] {dag.py:3096} INFO - Sync 1 DAGs
[2024-05-06T05:06:30.804+0000] {logging_mixin.py:188} INFO - [2024-05-06T05:06:30.803+0000] {dag.py:3954} INFO - Setting next_dagrun for example_bash_operator to 2024-05-05 00:00:00+00:00, run_after=2024-05-06 00:00:00+00:00
[2024-05-06T05:06:30.832+0000] {processor.py:183} INFO - Processing /home/airflow/.local/lib/python3.12/site-packages/airflow/example_dags/example_bash_operator.py took 0.122 seconds
[2024-05-06T05:07:01.428+0000] {processor.py:161} INFO - Started process (PID=9111) to work on /home/airflow/.local/lib/python3.12/site-packages/airflow/example_dags/example_bash_operator.py
[2024-05-06T05:07:01.439+0000] {processor.py:830} INFO - Processing file /home/airflow/.local/lib/python3.12/site-packages/airflow/example_dags/example_bash_operator.py for tasks to queue
[2024-05-06T05:07:01.441+0000] {logging_mixin.py:188} INFO - [2024-05-06T05:07:01.440+0000] {dagbag.py:540} INFO - Filling up the DagBag from /home/airflow/.local/lib/python3.12/site-packages/airflow/example_dags/example_bash_operator.py
[2024-05-06T05:07:01.459+0000] {processor.py:840} INFO - DAG(s) 'example_bash_operator' retrieved from /home/airflow/.local/lib/python3.12/site-packages/airflow/example_dags/example_bash_operator.py
[2024-05-06T05:07:01.540+0000] {logging_mixin.py:188} INFO - [2024-05-06T05:07:01.540+0000] {dag.py:3096} INFO - Sync 1 DAGs
[2024-05-06T05:07:01.567+0000] {logging_mixin.py:188} INFO - [2024-05-06T05:07:01.567+0000] {dag.py:3954} INFO - Setting next_dagrun for example_bash_operator to 2024-05-05 00:00:00+00:00, run_after=2024-05-06 00:00:00+00:00
[2024-05-06T05:07:01.591+0000] {processor.py:183} INFO - Processing /home/airflow/.local/lib/python3.12/site-packages/airflow/example_dags/example_bash_operator.py took 0.175 seconds
[2024-05-06T05:07:32.261+0000] {processor.py:161} INFO - Started process (PID=9387) to work on /home/airflow/.local/lib/python3.12/site-packages/airflow/example_dags/example_bash_operator.py
[2024-05-06T05:07:32.262+0000] {processor.py:830} INFO - Processing file /home/airflow/.local/lib/python3.12/site-packages/airflow/example_dags/example_bash_operator.py for tasks to queue
[2024-05-06T05:07:32.264+0000] {logging_mixin.py:188} INFO - [2024-05-06T05:07:32.263+0000] {dagbag.py:540} INFO - Filling up the DagBag from /home/airflow/.local/lib/python3.12/site-packages/airflow/example_dags/example_bash_operator.py
[2024-05-06T05:07:32.277+0000] {processor.py:840} INFO - DAG(s) 'example_bash_operator' retrieved from /home/airflow/.local/lib/python3.12/site-packages/airflow/example_dags/example_bash_operator.py
[2024-05-06T05:07:32.311+0000] {logging_mixin.py:188} INFO - [2024-05-06T05:07:32.311+0000] {dag.py:3096} INFO - Sync 1 DAGs
[2024-05-06T05:07:32.346+0000] {logging_mixin.py:188} INFO - [2024-05-06T05:07:32.346+0000] {dag.py:3954} INFO - Setting next_dagrun for example_bash_operator to 2024-05-05 00:00:00+00:00, run_after=2024-05-06 00:00:00+00:00
[2024-05-06T05:07:32.383+0000] {processor.py:183} INFO - Processing /home/airflow/.local/lib/python3.12/site-packages/airflow/example_dags/example_bash_operator.py took 0.129 seconds
[2024-05-06T05:08:02.895+0000] {processor.py:161} INFO - Started process (PID=9660) to work on /home/airflow/.local/lib/python3.12/site-packages/airflow/example_dags/example_bash_operator.py
[2024-05-06T05:08:02.896+0000] {processor.py:830} INFO - Processing file /home/airflow/.local/lib/python3.12/site-packages/airflow/example_dags/example_bash_operator.py for tasks to queue
[2024-05-06T05:08:02.897+0000] {logging_mixin.py:188} INFO - [2024-05-06T05:08:02.897+0000] {dagbag.py:540} INFO - Filling up the DagBag from /home/airflow/.local/lib/python3.12/site-packages/airflow/example_dags/example_bash_operator.py
[2024-05-06T05:08:02.912+0000] {processor.py:840} INFO - DAG(s) 'example_bash_operator' retrieved from /home/airflow/.local/lib/python3.12/site-packages/airflow/example_dags/example_bash_operator.py
[2024-05-06T05:08:02.951+0000] {logging_mixin.py:188} INFO - [2024-05-06T05:08:02.950+0000] {dag.py:3096} INFO - Sync 1 DAGs
[2024-05-06T05:08:02.983+0000] {logging_mixin.py:188} INFO - [2024-05-06T05:08:02.983+0000] {dag.py:3954} INFO - Setting next_dagrun for example_bash_operator to 2024-05-05 00:00:00+00:00, run_after=2024-05-06 00:00:00+00:00
[2024-05-06T05:08:03.008+0000] {processor.py:183} INFO - Processing /home/airflow/.local/lib/python3.12/site-packages/airflow/example_dags/example_bash_operator.py took 0.121 seconds
[2024-05-06T05:08:33.468+0000] {processor.py:161} INFO - Started process (PID=9931) to work on /home/airflow/.local/lib/python3.12/site-packages/airflow/example_dags/example_bash_operator.py
[2024-05-06T05:08:33.473+0000] {processor.py:830} INFO - Processing file /home/airflow/.local/lib/python3.12/site-packages/airflow/example_dags/example_bash_operator.py for tasks to queue
[2024-05-06T05:08:33.482+0000] {logging_mixin.py:188} INFO - [2024-05-06T05:08:33.481+0000] {dagbag.py:540} INFO - Filling up the DagBag from /home/airflow/.local/lib/python3.12/site-packages/airflow/example_dags/example_bash_operator.py
[2024-05-06T05:08:33.498+0000] {processor.py:840} INFO - DAG(s) 'example_bash_operator' retrieved from /home/airflow/.local/lib/python3.12/site-packages/airflow/example_dags/example_bash_operator.py
[2024-05-06T05:08:33.545+0000] {logging_mixin.py:188} INFO - [2024-05-06T05:08:33.545+0000] {dag.py:3096} INFO - Sync 1 DAGs
[2024-05-06T05:08:33.577+0000] {logging_mixin.py:188} INFO - [2024-05-06T05:08:33.576+0000] {dag.py:3954} INFO - Setting next_dagrun for example_bash_operator to 2024-05-05 00:00:00+00:00, run_after=2024-05-06 00:00:00+00:00
[2024-05-06T05:08:33.632+0000] {processor.py:183} INFO - Processing /home/airflow/.local/lib/python3.12/site-packages/airflow/example_dags/example_bash_operator.py took 0.179 seconds
[2024-05-06T05:09:04.111+0000] {processor.py:161} INFO - Started process (PID=10204) to work on /home/airflow/.local/lib/python3.12/site-packages/airflow/example_dags/example_bash_operator.py
[2024-05-06T05:09:04.112+0000] {processor.py:830} INFO - Processing file /home/airflow/.local/lib/python3.12/site-packages/airflow/example_dags/example_bash_operator.py for tasks to queue
[2024-05-06T05:09:04.114+0000] {logging_mixin.py:188} INFO - [2024-05-06T05:09:04.114+0000] {dagbag.py:540} INFO - Filling up the DagBag from /home/airflow/.local/lib/python3.12/site-packages/airflow/example_dags/example_bash_operator.py
[2024-05-06T05:09:04.127+0000] {processor.py:840} INFO - DAG(s) 'example_bash_operator' retrieved from /home/airflow/.local/lib/python3.12/site-packages/airflow/example_dags/example_bash_operator.py
[2024-05-06T05:09:04.164+0000] {logging_mixin.py:188} INFO - [2024-05-06T05:09:04.164+0000] {dag.py:3096} INFO - Sync 1 DAGs
[2024-05-06T05:09:04.205+0000] {logging_mixin.py:188} INFO - [2024-05-06T05:09:04.205+0000] {dag.py:3954} INFO - Setting next_dagrun for example_bash_operator to 2024-05-05 00:00:00+00:00, run_after=2024-05-06 00:00:00+00:00
[2024-05-06T05:09:04.246+0000] {processor.py:183} INFO - Processing /home/airflow/.local/lib/python3.12/site-packages/airflow/example_dags/example_bash_operator.py took 0.142 seconds
[2024-05-06T05:09:34.411+0000] {processor.py:161} INFO - Started process (PID=10474) to work on /home/airflow/.local/lib/python3.12/site-packages/airflow/example_dags/example_bash_operator.py
[2024-05-06T05:09:34.412+0000] {processor.py:830} INFO - Processing file /home/airflow/.local/lib/python3.12/site-packages/airflow/example_dags/example_bash_operator.py for tasks to queue
[2024-05-06T05:09:34.418+0000] {logging_mixin.py:188} INFO - [2024-05-06T05:09:34.418+0000] {dagbag.py:540} INFO - Filling up the DagBag from /home/airflow/.local/lib/python3.12/site-packages/airflow/example_dags/example_bash_operator.py
[2024-05-06T05:09:34.433+0000] {processor.py:840} INFO - DAG(s) 'example_bash_operator' retrieved from /home/airflow/.local/lib/python3.12/site-packages/airflow/example_dags/example_bash_operator.py
[2024-05-06T05:09:34.466+0000] {logging_mixin.py:188} INFO - [2024-05-06T05:09:34.466+0000] {dag.py:3096} INFO - Sync 1 DAGs
[2024-05-06T05:09:34.497+0000] {logging_mixin.py:188} INFO - [2024-05-06T05:09:34.497+0000] {dag.py:3954} INFO - Setting next_dagrun for example_bash_operator to 2024-05-05 00:00:00+00:00, run_after=2024-05-06 00:00:00+00:00
[2024-05-06T05:09:34.528+0000] {processor.py:183} INFO - Processing /home/airflow/.local/lib/python3.12/site-packages/airflow/example_dags/example_bash_operator.py took 0.124 seconds
[2024-05-06T05:10:05.082+0000] {processor.py:161} INFO - Started process (PID=10748) to work on /home/airflow/.local/lib/python3.12/site-packages/airflow/example_dags/example_bash_operator.py
[2024-05-06T05:10:05.083+0000] {processor.py:830} INFO - Processing file /home/airflow/.local/lib/python3.12/site-packages/airflow/example_dags/example_bash_operator.py for tasks to queue
[2024-05-06T05:10:05.085+0000] {logging_mixin.py:188} INFO - [2024-05-06T05:10:05.084+0000] {dagbag.py:540} INFO - Filling up the DagBag from /home/airflow/.local/lib/python3.12/site-packages/airflow/example_dags/example_bash_operator.py
[2024-05-06T05:10:05.100+0000] {processor.py:840} INFO - DAG(s) 'example_bash_operator' retrieved from /home/airflow/.local/lib/python3.12/site-packages/airflow/example_dags/example_bash_operator.py
[2024-05-06T05:10:05.144+0000] {logging_mixin.py:188} INFO - [2024-05-06T05:10:05.143+0000] {dag.py:3096} INFO - Sync 1 DAGs
[2024-05-06T05:10:05.175+0000] {logging_mixin.py:188} INFO - [2024-05-06T05:10:05.175+0000] {dag.py:3954} INFO - Setting next_dagrun for example_bash_operator to 2024-05-05 00:00:00+00:00, run_after=2024-05-06 00:00:00+00:00
[2024-05-06T05:10:05.202+0000] {processor.py:183} INFO - Processing /home/airflow/.local/lib/python3.12/site-packages/airflow/example_dags/example_bash_operator.py took 0.128 seconds
[2024-05-06T05:10:35.461+0000] {processor.py:161} INFO - Started process (PID=11020) to work on /home/airflow/.local/lib/python3.12/site-packages/airflow/example_dags/example_bash_operator.py
[2024-05-06T05:10:35.462+0000] {processor.py:830} INFO - Processing file /home/airflow/.local/lib/python3.12/site-packages/airflow/example_dags/example_bash_operator.py for tasks to queue
[2024-05-06T05:10:35.464+0000] {logging_mixin.py:188} INFO - [2024-05-06T05:10:35.464+0000] {dagbag.py:540} INFO - Filling up the DagBag from /home/airflow/.local/lib/python3.12/site-packages/airflow/example_dags/example_bash_operator.py
[2024-05-06T05:10:35.483+0000] {processor.py:840} INFO - DAG(s) 'example_bash_operator' retrieved from /home/airflow/.local/lib/python3.12/site-packages/airflow/example_dags/example_bash_operator.py
[2024-05-06T05:10:35.523+0000] {logging_mixin.py:188} INFO - [2024-05-06T05:10:35.523+0000] {dag.py:3096} INFO - Sync 1 DAGs
[2024-05-06T05:10:35.552+0000] {logging_mixin.py:188} INFO - [2024-05-06T05:10:35.552+0000] {dag.py:3954} INFO - Setting next_dagrun for example_bash_operator to 2024-05-05 00:00:00+00:00, run_after=2024-05-06 00:00:00+00:00
[2024-05-06T05:10:35.577+0000] {processor.py:183} INFO - Processing /home/airflow/.local/lib/python3.12/site-packages/airflow/example_dags/example_bash_operator.py took 0.122 seconds
[2024-05-06T05:11:05.734+0000] {processor.py:161} INFO - Started process (PID=11292) to work on /home/airflow/.local/lib/python3.12/site-packages/airflow/example_dags/example_bash_operator.py
[2024-05-06T05:11:05.735+0000] {processor.py:830} INFO - Processing file /home/airflow/.local/lib/python3.12/site-packages/airflow/example_dags/example_bash_operator.py for tasks to queue
[2024-05-06T05:11:05.737+0000] {logging_mixin.py:188} INFO - [2024-05-06T05:11:05.737+0000] {dagbag.py:540} INFO - Filling up the DagBag from /home/airflow/.local/lib/python3.12/site-packages/airflow/example_dags/example_bash_operator.py
[2024-05-06T05:11:05.751+0000] {processor.py:840} INFO - DAG(s) 'example_bash_operator' retrieved from /home/airflow/.local/lib/python3.12/site-packages/airflow/example_dags/example_bash_operator.py
[2024-05-06T05:11:05.805+0000] {logging_mixin.py:188} INFO - [2024-05-06T05:11:05.805+0000] {dag.py:3096} INFO - Sync 1 DAGs
[2024-05-06T05:11:05.850+0000] {logging_mixin.py:188} INFO - [2024-05-06T05:11:05.850+0000] {dag.py:3954} INFO - Setting next_dagrun for example_bash_operator to 2024-05-05 00:00:00+00:00, run_after=2024-05-06 00:00:00+00:00
[2024-05-06T05:11:05.874+0000] {processor.py:183} INFO - Processing /home/airflow/.local/lib/python3.12/site-packages/airflow/example_dags/example_bash_operator.py took 0.147 seconds
[2024-05-06T05:11:36.544+0000] {processor.py:161} INFO - Started process (PID=11565) to work on /home/airflow/.local/lib/python3.12/site-packages/airflow/example_dags/example_bash_operator.py
[2024-05-06T05:11:36.545+0000] {processor.py:830} INFO - Processing file /home/airflow/.local/lib/python3.12/site-packages/airflow/example_dags/example_bash_operator.py for tasks to queue
[2024-05-06T05:11:36.547+0000] {logging_mixin.py:188} INFO - [2024-05-06T05:11:36.546+0000] {dagbag.py:540} INFO - Filling up the DagBag from /home/airflow/.local/lib/python3.12/site-packages/airflow/example_dags/example_bash_operator.py
[2024-05-06T05:11:36.561+0000] {processor.py:840} INFO - DAG(s) 'example_bash_operator' retrieved from /home/airflow/.local/lib/python3.12/site-packages/airflow/example_dags/example_bash_operator.py
[2024-05-06T05:11:36.595+0000] {logging_mixin.py:188} INFO - [2024-05-06T05:11:36.595+0000] {dag.py:3096} INFO - Sync 1 DAGs
[2024-05-06T05:11:36.623+0000] {logging_mixin.py:188} INFO - [2024-05-06T05:11:36.623+0000] {dag.py:3954} INFO - Setting next_dagrun for example_bash_operator to 2024-05-05 00:00:00+00:00, run_after=2024-05-06 00:00:00+00:00
[2024-05-06T05:11:36.654+0000] {processor.py:183} INFO - Processing /home/airflow/.local/lib/python3.12/site-packages/airflow/example_dags/example_bash_operator.py took 0.116 seconds
[2024-05-06T05:12:06.875+0000] {processor.py:161} INFO - Started process (PID=11837) to work on /home/airflow/.local/lib/python3.12/site-packages/airflow/example_dags/example_bash_operator.py
[2024-05-06T05:12:06.875+0000] {processor.py:830} INFO - Processing file /home/airflow/.local/lib/python3.12/site-packages/airflow/example_dags/example_bash_operator.py for tasks to queue
[2024-05-06T05:12:06.877+0000] {logging_mixin.py:188} INFO - [2024-05-06T05:12:06.877+0000] {dagbag.py:540} INFO - Filling up the DagBag from /home/airflow/.local/lib/python3.12/site-packages/airflow/example_dags/example_bash_operator.py
[2024-05-06T05:12:06.892+0000] {processor.py:840} INFO - DAG(s) 'example_bash_operator' retrieved from /home/airflow/.local/lib/python3.12/site-packages/airflow/example_dags/example_bash_operator.py
[2024-05-06T05:12:06.927+0000] {logging_mixin.py:188} INFO - [2024-05-06T05:12:06.926+0000] {dag.py:3096} INFO - Sync 1 DAGs
[2024-05-06T05:12:06.957+0000] {logging_mixin.py:188} INFO - [2024-05-06T05:12:06.957+0000] {dag.py:3954} INFO - Setting next_dagrun for example_bash_operator to 2024-05-05 00:00:00+00:00, run_after=2024-05-06 00:00:00+00:00
[2024-05-06T05:12:06.981+0000] {processor.py:183} INFO - Processing /home/airflow/.local/lib/python3.12/site-packages/airflow/example_dags/example_bash_operator.py took 0.113 seconds
[2024-05-06T05:12:37.236+0000] {processor.py:161} INFO - Started process (PID=12109) to work on /home/airflow/.local/lib/python3.12/site-packages/airflow/example_dags/example_bash_operator.py
[2024-05-06T05:12:37.237+0000] {processor.py:830} INFO - Processing file /home/airflow/.local/lib/python3.12/site-packages/airflow/example_dags/example_bash_operator.py for tasks to queue
[2024-05-06T05:12:37.239+0000] {logging_mixin.py:188} INFO - [2024-05-06T05:12:37.238+0000] {dagbag.py:540} INFO - Filling up the DagBag from /home/airflow/.local/lib/python3.12/site-packages/airflow/example_dags/example_bash_operator.py
[2024-05-06T05:12:37.252+0000] {processor.py:840} INFO - DAG(s) 'example_bash_operator' retrieved from /home/airflow/.local/lib/python3.12/site-packages/airflow/example_dags/example_bash_operator.py
[2024-05-06T05:12:37.286+0000] {logging_mixin.py:188} INFO - [2024-05-06T05:12:37.286+0000] {dag.py:3096} INFO - Sync 1 DAGs
[2024-05-06T05:12:37.315+0000] {logging_mixin.py:188} INFO - [2024-05-06T05:12:37.314+0000] {dag.py:3954} INFO - Setting next_dagrun for example_bash_operator to 2024-05-05 00:00:00+00:00, run_after=2024-05-06 00:00:00+00:00
[2024-05-06T05:12:37.338+0000] {processor.py:183} INFO - Processing /home/airflow/.local/lib/python3.12/site-packages/airflow/example_dags/example_bash_operator.py took 0.108 seconds
[2024-05-06T05:13:07.910+0000] {processor.py:161} INFO - Started process (PID=12376) to work on /home/airflow/.local/lib/python3.12/site-packages/airflow/example_dags/example_bash_operator.py
[2024-05-06T05:13:07.911+0000] {processor.py:830} INFO - Processing file /home/airflow/.local/lib/python3.12/site-packages/airflow/example_dags/example_bash_operator.py for tasks to queue
[2024-05-06T05:13:07.915+0000] {logging_mixin.py:188} INFO - [2024-05-06T05:13:07.913+0000] {dagbag.py:540} INFO - Filling up the DagBag from /home/airflow/.local/lib/python3.12/site-packages/airflow/example_dags/example_bash_operator.py
[2024-05-06T05:13:07.934+0000] {processor.py:840} INFO - DAG(s) 'example_bash_operator' retrieved from /home/airflow/.local/lib/python3.12/site-packages/airflow/example_dags/example_bash_operator.py
[2024-05-06T05:13:07.970+0000] {logging_mixin.py:188} INFO - [2024-05-06T05:13:07.970+0000] {dag.py:3096} INFO - Sync 1 DAGs
[2024-05-06T05:13:07.998+0000] {logging_mixin.py:188} INFO - [2024-05-06T05:13:07.998+0000] {dag.py:3954} INFO - Setting next_dagrun for example_bash_operator to 2024-05-05 00:00:00+00:00, run_after=2024-05-06 00:00:00+00:00
[2024-05-06T05:13:08.026+0000] {processor.py:183} INFO - Processing /home/airflow/.local/lib/python3.12/site-packages/airflow/example_dags/example_bash_operator.py took 0.123 seconds
[2024-05-06T05:13:38.584+0000] {processor.py:161} INFO - Started process (PID=12644) to work on /home/airflow/.local/lib/python3.12/site-packages/airflow/example_dags/example_bash_operator.py
[2024-05-06T05:13:38.586+0000] {processor.py:830} INFO - Processing file /home/airflow/.local/lib/python3.12/site-packages/airflow/example_dags/example_bash_operator.py for tasks to queue
[2024-05-06T05:13:38.587+0000] {logging_mixin.py:188} INFO - [2024-05-06T05:13:38.587+0000] {dagbag.py:540} INFO - Filling up the DagBag from /home/airflow/.local/lib/python3.12/site-packages/airflow/example_dags/example_bash_operator.py
[2024-05-06T05:13:38.604+0000] {processor.py:840} INFO - DAG(s) 'example_bash_operator' retrieved from /home/airflow/.local/lib/python3.12/site-packages/airflow/example_dags/example_bash_operator.py
[2024-05-06T05:13:38.644+0000] {logging_mixin.py:188} INFO - [2024-05-06T05:13:38.644+0000] {dag.py:3096} INFO - Sync 1 DAGs
[2024-05-06T05:13:38.674+0000] {logging_mixin.py:188} INFO - [2024-05-06T05:13:38.674+0000] {dag.py:3954} INFO - Setting next_dagrun for example_bash_operator to 2024-05-05 00:00:00+00:00, run_after=2024-05-06 00:00:00+00:00
[2024-05-06T05:13:38.700+0000] {processor.py:183} INFO - Processing /home/airflow/.local/lib/python3.12/site-packages/airflow/example_dags/example_bash_operator.py took 0.128 seconds
[2024-05-06T05:14:09.284+0000] {processor.py:161} INFO - Started process (PID=12922) to work on /home/airflow/.local/lib/python3.12/site-packages/airflow/example_dags/example_bash_operator.py
[2024-05-06T05:14:09.285+0000] {processor.py:830} INFO - Processing file /home/airflow/.local/lib/python3.12/site-packages/airflow/example_dags/example_bash_operator.py for tasks to queue
[2024-05-06T05:14:09.287+0000] {logging_mixin.py:188} INFO - [2024-05-06T05:14:09.287+0000] {dagbag.py:540} INFO - Filling up the DagBag from /home/airflow/.local/lib/python3.12/site-packages/airflow/example_dags/example_bash_operator.py
[2024-05-06T05:14:09.300+0000] {processor.py:840} INFO - DAG(s) 'example_bash_operator' retrieved from /home/airflow/.local/lib/python3.12/site-packages/airflow/example_dags/example_bash_operator.py
[2024-05-06T05:14:09.335+0000] {logging_mixin.py:188} INFO - [2024-05-06T05:14:09.334+0000] {dag.py:3096} INFO - Sync 1 DAGs
[2024-05-06T05:14:09.366+0000] {logging_mixin.py:188} INFO - [2024-05-06T05:14:09.366+0000] {dag.py:3954} INFO - Setting next_dagrun for example_bash_operator to 2024-05-05 00:00:00+00:00, run_after=2024-05-06 00:00:00+00:00
[2024-05-06T05:14:09.392+0000] {processor.py:183} INFO - Processing /home/airflow/.local/lib/python3.12/site-packages/airflow/example_dags/example_bash_operator.py took 0.114 seconds
[2024-05-06T05:14:40.046+0000] {processor.py:161} INFO - Started process (PID=13194) to work on /home/airflow/.local/lib/python3.12/site-packages/airflow/example_dags/example_bash_operator.py
[2024-05-06T05:14:40.047+0000] {processor.py:830} INFO - Processing file /home/airflow/.local/lib/python3.12/site-packages/airflow/example_dags/example_bash_operator.py for tasks to queue
[2024-05-06T05:14:40.049+0000] {logging_mixin.py:188} INFO - [2024-05-06T05:14:40.049+0000] {dagbag.py:540} INFO - Filling up the DagBag from /home/airflow/.local/lib/python3.12/site-packages/airflow/example_dags/example_bash_operator.py
[2024-05-06T05:14:40.064+0000] {processor.py:840} INFO - DAG(s) 'example_bash_operator' retrieved from /home/airflow/.local/lib/python3.12/site-packages/airflow/example_dags/example_bash_operator.py
[2024-05-06T05:14:40.098+0000] {logging_mixin.py:188} INFO - [2024-05-06T05:14:40.098+0000] {dag.py:3096} INFO - Sync 1 DAGs
[2024-05-06T05:14:40.127+0000] {logging_mixin.py:188} INFO - [2024-05-06T05:14:40.127+0000] {dag.py:3954} INFO - Setting next_dagrun for example_bash_operator to 2024-05-05 00:00:00+00:00, run_after=2024-05-06 00:00:00+00:00
[2024-05-06T05:14:40.165+0000] {processor.py:183} INFO - Processing /home/airflow/.local/lib/python3.12/site-packages/airflow/example_dags/example_bash_operator.py took 0.126 seconds
[2024-05-06T05:15:10.892+0000] {processor.py:161} INFO - Started process (PID=13466) to work on /home/airflow/.local/lib/python3.12/site-packages/airflow/example_dags/example_bash_operator.py
[2024-05-06T05:15:10.893+0000] {processor.py:830} INFO - Processing file /home/airflow/.local/lib/python3.12/site-packages/airflow/example_dags/example_bash_operator.py for tasks to queue
[2024-05-06T05:15:10.895+0000] {logging_mixin.py:188} INFO - [2024-05-06T05:15:10.895+0000] {dagbag.py:540} INFO - Filling up the DagBag from /home/airflow/.local/lib/python3.12/site-packages/airflow/example_dags/example_bash_operator.py
[2024-05-06T05:15:10.908+0000] {processor.py:840} INFO - DAG(s) 'example_bash_operator' retrieved from /home/airflow/.local/lib/python3.12/site-packages/airflow/example_dags/example_bash_operator.py
[2024-05-06T05:15:10.946+0000] {logging_mixin.py:188} INFO - [2024-05-06T05:15:10.946+0000] {dag.py:3096} INFO - Sync 1 DAGs
[2024-05-06T05:15:10.973+0000] {logging_mixin.py:188} INFO - [2024-05-06T05:15:10.973+0000] {dag.py:3954} INFO - Setting next_dagrun for example_bash_operator to 2024-05-05 00:00:00+00:00, run_after=2024-05-06 00:00:00+00:00
[2024-05-06T05:15:11.000+0000] {processor.py:183} INFO - Processing /home/airflow/.local/lib/python3.12/site-packages/airflow/example_dags/example_bash_operator.py took 0.115 seconds
[2024-05-06T05:15:41.559+0000] {processor.py:161} INFO - Started process (PID=13739) to work on /home/airflow/.local/lib/python3.12/site-packages/airflow/example_dags/example_bash_operator.py
[2024-05-06T05:15:41.560+0000] {processor.py:830} INFO - Processing file /home/airflow/.local/lib/python3.12/site-packages/airflow/example_dags/example_bash_operator.py for tasks to queue
[2024-05-06T05:15:41.562+0000] {logging_mixin.py:188} INFO - [2024-05-06T05:15:41.561+0000] {dagbag.py:540} INFO - Filling up the DagBag from /home/airflow/.local/lib/python3.12/site-packages/airflow/example_dags/example_bash_operator.py
[2024-05-06T05:15:41.576+0000] {processor.py:840} INFO - DAG(s) 'example_bash_operator' retrieved from /home/airflow/.local/lib/python3.12/site-packages/airflow/example_dags/example_bash_operator.py
[2024-05-06T05:15:41.609+0000] {logging_mixin.py:188} INFO - [2024-05-06T05:15:41.608+0000] {dag.py:3096} INFO - Sync 1 DAGs
[2024-05-06T05:15:41.636+0000] {logging_mixin.py:188} INFO - [2024-05-06T05:15:41.636+0000] {dag.py:3954} INFO - Setting next_dagrun for example_bash_operator to 2024-05-05 00:00:00+00:00, run_after=2024-05-06 00:00:00+00:00
[2024-05-06T05:15:41.661+0000] {processor.py:183} INFO - Processing /home/airflow/.local/lib/python3.12/site-packages/airflow/example_dags/example_bash_operator.py took 0.109 seconds
[2024-05-06T05:16:12.335+0000] {processor.py:161} INFO - Started process (PID=14010) to work on /home/airflow/.local/lib/python3.12/site-packages/airflow/example_dags/example_bash_operator.py
[2024-05-06T05:16:12.336+0000] {processor.py:830} INFO - Processing file /home/airflow/.local/lib/python3.12/site-packages/airflow/example_dags/example_bash_operator.py for tasks to queue
[2024-05-06T05:16:12.338+0000] {logging_mixin.py:188} INFO - [2024-05-06T05:16:12.338+0000] {dagbag.py:540} INFO - Filling up the DagBag from /home/airflow/.local/lib/python3.12/site-packages/airflow/example_dags/example_bash_operator.py
[2024-05-06T05:16:12.353+0000] {processor.py:840} INFO - DAG(s) 'example_bash_operator' retrieved from /home/airflow/.local/lib/python3.12/site-packages/airflow/example_dags/example_bash_operator.py
[2024-05-06T05:16:12.387+0000] {logging_mixin.py:188} INFO - [2024-05-06T05:16:12.387+0000] {dag.py:3096} INFO - Sync 1 DAGs
[2024-05-06T05:16:12.415+0000] {logging_mixin.py:188} INFO - [2024-05-06T05:16:12.414+0000] {dag.py:3954} INFO - Setting next_dagrun for example_bash_operator to 2024-05-05 00:00:00+00:00, run_after=2024-05-06 00:00:00+00:00
[2024-05-06T05:16:12.445+0000] {processor.py:183} INFO - Processing /home/airflow/.local/lib/python3.12/site-packages/airflow/example_dags/example_bash_operator.py took 0.118 seconds
[2024-05-06T05:16:43.154+0000] {processor.py:161} INFO - Started process (PID=14285) to work on /home/airflow/.local/lib/python3.12/site-packages/airflow/example_dags/example_bash_operator.py
[2024-05-06T05:16:43.154+0000] {processor.py:830} INFO - Processing file /home/airflow/.local/lib/python3.12/site-packages/airflow/example_dags/example_bash_operator.py for tasks to queue
[2024-05-06T05:16:43.156+0000] {logging_mixin.py:188} INFO - [2024-05-06T05:16:43.156+0000] {dagbag.py:540} INFO - Filling up the DagBag from /home/airflow/.local/lib/python3.12/site-packages/airflow/example_dags/example_bash_operator.py
[2024-05-06T05:16:43.165+0000] {processor.py:840} INFO - DAG(s) 'example_bash_operator' retrieved from /home/airflow/.local/lib/python3.12/site-packages/airflow/example_dags/example_bash_operator.py
[2024-05-06T05:16:43.189+0000] {logging_mixin.py:188} INFO - [2024-05-06T05:16:43.188+0000] {dag.py:3096} INFO - Sync 1 DAGs
[2024-05-06T05:16:43.207+0000] {logging_mixin.py:188} INFO - [2024-05-06T05:16:43.207+0000] {dag.py:3954} INFO - Setting next_dagrun for example_bash_operator to 2024-05-05 00:00:00+00:00, run_after=2024-05-06 00:00:00+00:00
[2024-05-06T05:16:43.228+0000] {processor.py:183} INFO - Processing /home/airflow/.local/lib/python3.12/site-packages/airflow/example_dags/example_bash_operator.py took 0.079 seconds
[2024-05-06T05:17:13.480+0000] {processor.py:161} INFO - Started process (PID=14556) to work on /home/airflow/.local/lib/python3.12/site-packages/airflow/example_dags/example_bash_operator.py
[2024-05-06T05:17:13.481+0000] {processor.py:830} INFO - Processing file /home/airflow/.local/lib/python3.12/site-packages/airflow/example_dags/example_bash_operator.py for tasks to queue
[2024-05-06T05:17:13.483+0000] {logging_mixin.py:188} INFO - [2024-05-06T05:17:13.483+0000] {dagbag.py:540} INFO - Filling up the DagBag from /home/airflow/.local/lib/python3.12/site-packages/airflow/example_dags/example_bash_operator.py
[2024-05-06T05:17:13.497+0000] {processor.py:840} INFO - DAG(s) 'example_bash_operator' retrieved from /home/airflow/.local/lib/python3.12/site-packages/airflow/example_dags/example_bash_operator.py
[2024-05-06T05:17:13.546+0000] {logging_mixin.py:188} INFO - [2024-05-06T05:17:13.545+0000] {dag.py:3096} INFO - Sync 1 DAGs
[2024-05-06T05:17:13.571+0000] {logging_mixin.py:188} INFO - [2024-05-06T05:17:13.571+0000] {dag.py:3954} INFO - Setting next_dagrun for example_bash_operator to 2024-05-05 00:00:00+00:00, run_after=2024-05-06 00:00:00+00:00
[2024-05-06T05:17:13.592+0000] {processor.py:183} INFO - Processing /home/airflow/.local/lib/python3.12/site-packages/airflow/example_dags/example_bash_operator.py took 0.118 seconds
[2024-05-06T05:17:44.366+0000] {processor.py:161} INFO - Started process (PID=14828) to work on /home/airflow/.local/lib/python3.12/site-packages/airflow/example_dags/example_bash_operator.py
[2024-05-06T05:17:44.367+0000] {processor.py:830} INFO - Processing file /home/airflow/.local/lib/python3.12/site-packages/airflow/example_dags/example_bash_operator.py for tasks to queue
[2024-05-06T05:17:44.373+0000] {logging_mixin.py:188} INFO - [2024-05-06T05:17:44.373+0000] {dagbag.py:540} INFO - Filling up the DagBag from /home/airflow/.local/lib/python3.12/site-packages/airflow/example_dags/example_bash_operator.py
[2024-05-06T05:17:44.387+0000] {processor.py:840} INFO - DAG(s) 'example_bash_operator' retrieved from /home/airflow/.local/lib/python3.12/site-packages/airflow/example_dags/example_bash_operator.py
[2024-05-06T05:17:44.422+0000] {logging_mixin.py:188} INFO - [2024-05-06T05:17:44.422+0000] {dag.py:3096} INFO - Sync 1 DAGs
[2024-05-06T05:17:44.449+0000] {logging_mixin.py:188} INFO - [2024-05-06T05:17:44.449+0000] {dag.py:3954} INFO - Setting next_dagrun for example_bash_operator to 2024-05-05 00:00:00+00:00, run_after=2024-05-06 00:00:00+00:00
[2024-05-06T05:17:44.469+0000] {processor.py:183} INFO - Processing /home/airflow/.local/lib/python3.12/site-packages/airflow/example_dags/example_bash_operator.py took 0.111 seconds
[2024-05-06T05:18:14.834+0000] {processor.py:161} INFO - Started process (PID=15100) to work on /home/airflow/.local/lib/python3.12/site-packages/airflow/example_dags/example_bash_operator.py
[2024-05-06T05:18:14.835+0000] {processor.py:830} INFO - Processing file /home/airflow/.local/lib/python3.12/site-packages/airflow/example_dags/example_bash_operator.py for tasks to queue
[2024-05-06T05:18:14.837+0000] {logging_mixin.py:188} INFO - [2024-05-06T05:18:14.836+0000] {dagbag.py:540} INFO - Filling up the DagBag from /home/airflow/.local/lib/python3.12/site-packages/airflow/example_dags/example_bash_operator.py
[2024-05-06T05:18:14.850+0000] {processor.py:840} INFO - DAG(s) 'example_bash_operator' retrieved from /home/airflow/.local/lib/python3.12/site-packages/airflow/example_dags/example_bash_operator.py
[2024-05-06T05:18:14.888+0000] {logging_mixin.py:188} INFO - [2024-05-06T05:18:14.888+0000] {dag.py:3096} INFO - Sync 1 DAGs
[2024-05-06T05:18:14.914+0000] {logging_mixin.py:188} INFO - [2024-05-06T05:18:14.914+0000] {dag.py:3954} INFO - Setting next_dagrun for example_bash_operator to 2024-05-05 00:00:00+00:00, run_after=2024-05-06 00:00:00+00:00
[2024-05-06T05:18:14.937+0000] {processor.py:183} INFO - Processing /home/airflow/.local/lib/python3.12/site-packages/airflow/example_dags/example_bash_operator.py took 0.110 seconds
[2024-05-06T05:18:45.280+0000] {processor.py:161} INFO - Started process (PID=15372) to work on /home/airflow/.local/lib/python3.12/site-packages/airflow/example_dags/example_bash_operator.py
[2024-05-06T05:18:45.281+0000] {processor.py:830} INFO - Processing file /home/airflow/.local/lib/python3.12/site-packages/airflow/example_dags/example_bash_operator.py for tasks to queue
[2024-05-06T05:18:45.283+0000] {logging_mixin.py:188} INFO - [2024-05-06T05:18:45.283+0000] {dagbag.py:540} INFO - Filling up the DagBag from /home/airflow/.local/lib/python3.12/site-packages/airflow/example_dags/example_bash_operator.py
[2024-05-06T05:18:45.297+0000] {processor.py:840} INFO - DAG(s) 'example_bash_operator' retrieved from /home/airflow/.local/lib/python3.12/site-packages/airflow/example_dags/example_bash_operator.py
[2024-05-06T05:18:45.333+0000] {logging_mixin.py:188} INFO - [2024-05-06T05:18:45.332+0000] {dag.py:3096} INFO - Sync 1 DAGs
[2024-05-06T05:18:45.363+0000] {logging_mixin.py:188} INFO - [2024-05-06T05:18:45.362+0000] {dag.py:3954} INFO - Setting next_dagrun for example_bash_operator to 2024-05-05 00:00:00+00:00, run_after=2024-05-06 00:00:00+00:00
[2024-05-06T05:18:45.390+0000] {processor.py:183} INFO - Processing /home/airflow/.local/lib/python3.12/site-packages/airflow/example_dags/example_bash_operator.py took 0.117 seconds
[2024-05-06T05:19:15.905+0000] {processor.py:161} INFO - Started process (PID=15644) to work on /home/airflow/.local/lib/python3.12/site-packages/airflow/example_dags/example_bash_operator.py
[2024-05-06T05:19:15.907+0000] {processor.py:830} INFO - Processing file /home/airflow/.local/lib/python3.12/site-packages/airflow/example_dags/example_bash_operator.py for tasks to queue
[2024-05-06T05:19:15.909+0000] {logging_mixin.py:188} INFO - [2024-05-06T05:19:15.908+0000] {dagbag.py:540} INFO - Filling up the DagBag from /home/airflow/.local/lib/python3.12/site-packages/airflow/example_dags/example_bash_operator.py
[2024-05-06T05:19:15.948+0000] {processor.py:840} INFO - DAG(s) 'example_bash_operator' retrieved from /home/airflow/.local/lib/python3.12/site-packages/airflow/example_dags/example_bash_operator.py
[2024-05-06T05:19:16.002+0000] {logging_mixin.py:188} INFO - [2024-05-06T05:19:16.001+0000] {dag.py:3096} INFO - Sync 1 DAGs
[2024-05-06T05:19:16.027+0000] {logging_mixin.py:188} INFO - [2024-05-06T05:19:16.027+0000] {dag.py:3954} INFO - Setting next_dagrun for example_bash_operator to 2024-05-05 00:00:00+00:00, run_after=2024-05-06 00:00:00+00:00
[2024-05-06T05:19:16.053+0000] {processor.py:183} INFO - Processing /home/airflow/.local/lib/python3.12/site-packages/airflow/example_dags/example_bash_operator.py took 0.155 seconds
