[2024-05-06T04:50:20.702+0000] {processor.py:161} INFO - Started process (PID=334) to work on /home/airflow/.local/lib/python3.12/site-packages/airflow/example_dags/example_sensor_decorator.py
[2024-05-06T04:50:20.704+0000] {processor.py:830} INFO - Processing file /home/airflow/.local/lib/python3.12/site-packages/airflow/example_dags/example_sensor_decorator.py for tasks to queue
[2024-05-06T04:50:20.709+0000] {logging_mixin.py:188} INFO - [2024-05-06T04:50:20.706+0000] {dagbag.py:540} INFO - Filling up the DagBag from /home/airflow/.local/lib/python3.12/site-packages/airflow/example_dags/example_sensor_decorator.py
[2024-05-06T04:50:20.723+0000] {processor.py:840} INFO - DAG(s) 'example_sensor_decorator' retrieved from /home/airflow/.local/lib/python3.12/site-packages/airflow/example_dags/example_sensor_decorator.py
[2024-05-06T04:50:21.017+0000] {logging_mixin.py:188} INFO - [2024-05-06T04:50:21.017+0000] {override.py:1829} INFO - Created Permission View: can delete on DAG:example_sensor_decorator
[2024-05-06T04:50:21.042+0000] {logging_mixin.py:188} INFO - [2024-05-06T04:50:21.041+0000] {override.py:1829} INFO - Created Permission View: can edit on DAG:example_sensor_decorator
[2024-05-06T04:50:21.056+0000] {logging_mixin.py:188} INFO - [2024-05-06T04:50:21.056+0000] {override.py:1829} INFO - Created Permission View: can read on DAG:example_sensor_decorator
[2024-05-06T04:50:21.057+0000] {logging_mixin.py:188} INFO - [2024-05-06T04:50:21.057+0000] {dag.py:3096} INFO - Sync 1 DAGs
[2024-05-06T04:50:21.084+0000] {logging_mixin.py:188} INFO - [2024-05-06T04:50:21.084+0000] {dag.py:3118} INFO - Creating ORM DAG for example_sensor_decorator
[2024-05-06T04:50:21.089+0000] {logging_mixin.py:188} INFO - [2024-05-06T04:50:21.088+0000] {dag.py:3954} INFO - Setting next_dagrun for example_sensor_decorator to None, run_after=None
[2024-05-06T04:50:21.127+0000] {processor.py:183} INFO - Processing /home/airflow/.local/lib/python3.12/site-packages/airflow/example_dags/example_sensor_decorator.py took 0.432 seconds
[2024-05-06T04:50:51.523+0000] {processor.py:161} INFO - Started process (PID=595) to work on /home/airflow/.local/lib/python3.12/site-packages/airflow/example_dags/example_sensor_decorator.py
[2024-05-06T04:50:51.524+0000] {processor.py:830} INFO - Processing file /home/airflow/.local/lib/python3.12/site-packages/airflow/example_dags/example_sensor_decorator.py for tasks to queue
[2024-05-06T04:50:51.526+0000] {logging_mixin.py:188} INFO - [2024-05-06T04:50:51.525+0000] {dagbag.py:540} INFO - Filling up the DagBag from /home/airflow/.local/lib/python3.12/site-packages/airflow/example_dags/example_sensor_decorator.py
[2024-05-06T04:50:51.532+0000] {processor.py:840} INFO - DAG(s) 'example_sensor_decorator' retrieved from /home/airflow/.local/lib/python3.12/site-packages/airflow/example_dags/example_sensor_decorator.py
[2024-05-06T04:50:51.554+0000] {logging_mixin.py:188} INFO - [2024-05-06T04:50:51.553+0000] {dag.py:3096} INFO - Sync 1 DAGs
[2024-05-06T04:50:51.600+0000] {logging_mixin.py:188} INFO - [2024-05-06T04:50:51.600+0000] {dag.py:3954} INFO - Setting next_dagrun for example_sensor_decorator to None, run_after=None
[2024-05-06T04:50:51.631+0000] {processor.py:183} INFO - Processing /home/airflow/.local/lib/python3.12/site-packages/airflow/example_dags/example_sensor_decorator.py took 0.116 seconds
[2024-05-06T04:51:21.962+0000] {processor.py:161} INFO - Started process (PID=859) to work on /home/airflow/.local/lib/python3.12/site-packages/airflow/example_dags/example_sensor_decorator.py
[2024-05-06T04:51:21.963+0000] {processor.py:830} INFO - Processing file /home/airflow/.local/lib/python3.12/site-packages/airflow/example_dags/example_sensor_decorator.py for tasks to queue
[2024-05-06T04:51:21.966+0000] {logging_mixin.py:188} INFO - [2024-05-06T04:51:21.966+0000] {dagbag.py:540} INFO - Filling up the DagBag from /home/airflow/.local/lib/python3.12/site-packages/airflow/example_dags/example_sensor_decorator.py
[2024-05-06T04:51:21.974+0000] {processor.py:840} INFO - DAG(s) 'example_sensor_decorator' retrieved from /home/airflow/.local/lib/python3.12/site-packages/airflow/example_dags/example_sensor_decorator.py
[2024-05-06T04:51:22.027+0000] {logging_mixin.py:188} INFO - [2024-05-06T04:51:22.027+0000] {dag.py:3096} INFO - Sync 1 DAGs
[2024-05-06T04:51:22.051+0000] {logging_mixin.py:188} INFO - [2024-05-06T04:51:22.051+0000] {dag.py:3954} INFO - Setting next_dagrun for example_sensor_decorator to None, run_after=None
[2024-05-06T04:51:22.083+0000] {processor.py:183} INFO - Processing /home/airflow/.local/lib/python3.12/site-packages/airflow/example_dags/example_sensor_decorator.py took 0.129 seconds
[2024-05-06T04:51:52.296+0000] {processor.py:161} INFO - Started process (PID=1124) to work on /home/airflow/.local/lib/python3.12/site-packages/airflow/example_dags/example_sensor_decorator.py
[2024-05-06T04:51:52.297+0000] {processor.py:830} INFO - Processing file /home/airflow/.local/lib/python3.12/site-packages/airflow/example_dags/example_sensor_decorator.py for tasks to queue
[2024-05-06T04:51:52.298+0000] {logging_mixin.py:188} INFO - [2024-05-06T04:51:52.298+0000] {dagbag.py:540} INFO - Filling up the DagBag from /home/airflow/.local/lib/python3.12/site-packages/airflow/example_dags/example_sensor_decorator.py
[2024-05-06T04:51:52.303+0000] {processor.py:840} INFO - DAG(s) 'example_sensor_decorator' retrieved from /home/airflow/.local/lib/python3.12/site-packages/airflow/example_dags/example_sensor_decorator.py
[2024-05-06T04:51:52.319+0000] {logging_mixin.py:188} INFO - [2024-05-06T04:51:52.319+0000] {dag.py:3096} INFO - Sync 1 DAGs
[2024-05-06T04:51:52.330+0000] {logging_mixin.py:188} INFO - [2024-05-06T04:51:52.330+0000] {dag.py:3954} INFO - Setting next_dagrun for example_sensor_decorator to None, run_after=None
[2024-05-06T04:51:52.350+0000] {processor.py:183} INFO - Processing /home/airflow/.local/lib/python3.12/site-packages/airflow/example_dags/example_sensor_decorator.py took 0.059 seconds
[2024-05-06T04:52:23.313+0000] {processor.py:161} INFO - Started process (PID=1383) to work on /home/airflow/.local/lib/python3.12/site-packages/airflow/example_dags/example_sensor_decorator.py
[2024-05-06T04:52:23.315+0000] {processor.py:830} INFO - Processing file /home/airflow/.local/lib/python3.12/site-packages/airflow/example_dags/example_sensor_decorator.py for tasks to queue
[2024-05-06T04:52:23.318+0000] {logging_mixin.py:188} INFO - [2024-05-06T04:52:23.317+0000] {dagbag.py:540} INFO - Filling up the DagBag from /home/airflow/.local/lib/python3.12/site-packages/airflow/example_dags/example_sensor_decorator.py
[2024-05-06T04:52:23.325+0000] {processor.py:840} INFO - DAG(s) 'example_sensor_decorator' retrieved from /home/airflow/.local/lib/python3.12/site-packages/airflow/example_dags/example_sensor_decorator.py
[2024-05-06T04:52:23.345+0000] {logging_mixin.py:188} INFO - [2024-05-06T04:52:23.345+0000] {dag.py:3096} INFO - Sync 1 DAGs
[2024-05-06T04:52:23.362+0000] {logging_mixin.py:188} INFO - [2024-05-06T04:52:23.362+0000] {dag.py:3954} INFO - Setting next_dagrun for example_sensor_decorator to None, run_after=None
[2024-05-06T04:52:23.384+0000] {processor.py:183} INFO - Processing /home/airflow/.local/lib/python3.12/site-packages/airflow/example_dags/example_sensor_decorator.py took 0.078 seconds
[2024-05-06T04:52:53.481+0000] {processor.py:161} INFO - Started process (PID=1645) to work on /home/airflow/.local/lib/python3.12/site-packages/airflow/example_dags/example_sensor_decorator.py
[2024-05-06T04:52:53.484+0000] {processor.py:830} INFO - Processing file /home/airflow/.local/lib/python3.12/site-packages/airflow/example_dags/example_sensor_decorator.py for tasks to queue
[2024-05-06T04:52:53.486+0000] {logging_mixin.py:188} INFO - [2024-05-06T04:52:53.486+0000] {dagbag.py:540} INFO - Filling up the DagBag from /home/airflow/.local/lib/python3.12/site-packages/airflow/example_dags/example_sensor_decorator.py
[2024-05-06T04:52:53.493+0000] {processor.py:840} INFO - DAG(s) 'example_sensor_decorator' retrieved from /home/airflow/.local/lib/python3.12/site-packages/airflow/example_dags/example_sensor_decorator.py
[2024-05-06T04:52:53.516+0000] {logging_mixin.py:188} INFO - [2024-05-06T04:52:53.516+0000] {dag.py:3096} INFO - Sync 1 DAGs
[2024-05-06T04:52:53.531+0000] {logging_mixin.py:188} INFO - [2024-05-06T04:52:53.531+0000] {dag.py:3954} INFO - Setting next_dagrun for example_sensor_decorator to None, run_after=None
[2024-05-06T04:52:53.555+0000] {processor.py:183} INFO - Processing /home/airflow/.local/lib/python3.12/site-packages/airflow/example_dags/example_sensor_decorator.py took 0.083 seconds
[2024-05-06T04:53:23.731+0000] {processor.py:161} INFO - Started process (PID=1909) to work on /home/airflow/.local/lib/python3.12/site-packages/airflow/example_dags/example_sensor_decorator.py
[2024-05-06T04:53:23.732+0000] {processor.py:830} INFO - Processing file /home/airflow/.local/lib/python3.12/site-packages/airflow/example_dags/example_sensor_decorator.py for tasks to queue
[2024-05-06T04:53:23.733+0000] {logging_mixin.py:188} INFO - [2024-05-06T04:53:23.733+0000] {dagbag.py:540} INFO - Filling up the DagBag from /home/airflow/.local/lib/python3.12/site-packages/airflow/example_dags/example_sensor_decorator.py
[2024-05-06T04:53:23.738+0000] {processor.py:840} INFO - DAG(s) 'example_sensor_decorator' retrieved from /home/airflow/.local/lib/python3.12/site-packages/airflow/example_dags/example_sensor_decorator.py
[2024-05-06T04:53:23.756+0000] {logging_mixin.py:188} INFO - [2024-05-06T04:53:23.756+0000] {dag.py:3096} INFO - Sync 1 DAGs
[2024-05-06T04:53:23.767+0000] {logging_mixin.py:188} INFO - [2024-05-06T04:53:23.767+0000] {dag.py:3954} INFO - Setting next_dagrun for example_sensor_decorator to None, run_after=None
[2024-05-06T04:53:23.787+0000] {processor.py:183} INFO - Processing /home/airflow/.local/lib/python3.12/site-packages/airflow/example_dags/example_sensor_decorator.py took 0.060 seconds
[2024-05-06T04:53:54.206+0000] {processor.py:161} INFO - Started process (PID=2171) to work on /home/airflow/.local/lib/python3.12/site-packages/airflow/example_dags/example_sensor_decorator.py
[2024-05-06T04:53:54.207+0000] {processor.py:830} INFO - Processing file /home/airflow/.local/lib/python3.12/site-packages/airflow/example_dags/example_sensor_decorator.py for tasks to queue
[2024-05-06T04:53:54.208+0000] {logging_mixin.py:188} INFO - [2024-05-06T04:53:54.208+0000] {dagbag.py:540} INFO - Filling up the DagBag from /home/airflow/.local/lib/python3.12/site-packages/airflow/example_dags/example_sensor_decorator.py
[2024-05-06T04:53:54.213+0000] {processor.py:840} INFO - DAG(s) 'example_sensor_decorator' retrieved from /home/airflow/.local/lib/python3.12/site-packages/airflow/example_dags/example_sensor_decorator.py
[2024-05-06T04:53:54.228+0000] {logging_mixin.py:188} INFO - [2024-05-06T04:53:54.228+0000] {dag.py:3096} INFO - Sync 1 DAGs
[2024-05-06T04:53:54.239+0000] {logging_mixin.py:188} INFO - [2024-05-06T04:53:54.238+0000] {dag.py:3954} INFO - Setting next_dagrun for example_sensor_decorator to None, run_after=None
[2024-05-06T04:53:54.260+0000] {processor.py:183} INFO - Processing /home/airflow/.local/lib/python3.12/site-packages/airflow/example_dags/example_sensor_decorator.py took 0.059 seconds
[2024-05-06T04:54:27.416+0000] {processor.py:161} INFO - Started process (PID=2518) to work on /home/airflow/.local/lib/python3.12/site-packages/airflow/example_dags/example_sensor_decorator.py
[2024-05-06T04:54:27.425+0000] {processor.py:830} INFO - Processing file /home/airflow/.local/lib/python3.12/site-packages/airflow/example_dags/example_sensor_decorator.py for tasks to queue
[2024-05-06T04:54:27.430+0000] {logging_mixin.py:188} INFO - [2024-05-06T04:54:27.430+0000] {dagbag.py:540} INFO - Filling up the DagBag from /home/airflow/.local/lib/python3.12/site-packages/airflow/example_dags/example_sensor_decorator.py
[2024-05-06T04:54:27.461+0000] {processor.py:840} INFO - DAG(s) 'example_sensor_decorator' retrieved from /home/airflow/.local/lib/python3.12/site-packages/airflow/example_dags/example_sensor_decorator.py
[2024-05-06T04:54:27.591+0000] {logging_mixin.py:188} INFO - [2024-05-06T04:54:27.591+0000] {dag.py:3096} INFO - Sync 1 DAGs
[2024-05-06T04:54:27.751+0000] {logging_mixin.py:188} INFO - [2024-05-06T04:54:27.750+0000] {dag.py:3954} INFO - Setting next_dagrun for example_sensor_decorator to None, run_after=None
[2024-05-06T04:54:27.931+0000] {processor.py:183} INFO - Processing /home/airflow/.local/lib/python3.12/site-packages/airflow/example_dags/example_sensor_decorator.py took 0.539 seconds
[2024-05-06T04:54:58.332+0000] {processor.py:161} INFO - Started process (PID=2843) to work on /home/airflow/.local/lib/python3.12/site-packages/airflow/example_dags/example_sensor_decorator.py
[2024-05-06T04:54:58.333+0000] {processor.py:830} INFO - Processing file /home/airflow/.local/lib/python3.12/site-packages/airflow/example_dags/example_sensor_decorator.py for tasks to queue
[2024-05-06T04:54:58.335+0000] {logging_mixin.py:188} INFO - [2024-05-06T04:54:58.334+0000] {dagbag.py:540} INFO - Filling up the DagBag from /home/airflow/.local/lib/python3.12/site-packages/airflow/example_dags/example_sensor_decorator.py
[2024-05-06T04:54:58.340+0000] {processor.py:840} INFO - DAG(s) 'example_sensor_decorator' retrieved from /home/airflow/.local/lib/python3.12/site-packages/airflow/example_dags/example_sensor_decorator.py
[2024-05-06T04:54:58.355+0000] {logging_mixin.py:188} INFO - [2024-05-06T04:54:58.355+0000] {dag.py:3096} INFO - Sync 1 DAGs
[2024-05-06T04:54:58.366+0000] {logging_mixin.py:188} INFO - [2024-05-06T04:54:58.366+0000] {dag.py:3954} INFO - Setting next_dagrun for example_sensor_decorator to None, run_after=None
[2024-05-06T04:54:58.385+0000] {processor.py:183} INFO - Processing /home/airflow/.local/lib/python3.12/site-packages/airflow/example_dags/example_sensor_decorator.py took 0.059 seconds
[2024-05-06T04:55:28.517+0000] {processor.py:161} INFO - Started process (PID=3106) to work on /home/airflow/.local/lib/python3.12/site-packages/airflow/example_dags/example_sensor_decorator.py
[2024-05-06T04:55:28.518+0000] {processor.py:830} INFO - Processing file /home/airflow/.local/lib/python3.12/site-packages/airflow/example_dags/example_sensor_decorator.py for tasks to queue
[2024-05-06T04:55:28.519+0000] {logging_mixin.py:188} INFO - [2024-05-06T04:55:28.519+0000] {dagbag.py:540} INFO - Filling up the DagBag from /home/airflow/.local/lib/python3.12/site-packages/airflow/example_dags/example_sensor_decorator.py
[2024-05-06T04:55:28.524+0000] {processor.py:840} INFO - DAG(s) 'example_sensor_decorator' retrieved from /home/airflow/.local/lib/python3.12/site-packages/airflow/example_dags/example_sensor_decorator.py
[2024-05-06T04:55:28.540+0000] {logging_mixin.py:188} INFO - [2024-05-06T04:55:28.539+0000] {dag.py:3096} INFO - Sync 1 DAGs
[2024-05-06T04:55:28.550+0000] {logging_mixin.py:188} INFO - [2024-05-06T04:55:28.550+0000] {dag.py:3954} INFO - Setting next_dagrun for example_sensor_decorator to None, run_after=None
[2024-05-06T04:55:28.570+0000] {processor.py:183} INFO - Processing /home/airflow/.local/lib/python3.12/site-packages/airflow/example_dags/example_sensor_decorator.py took 0.058 seconds
[2024-05-06T04:55:58.784+0000] {processor.py:161} INFO - Started process (PID=3369) to work on /home/airflow/.local/lib/python3.12/site-packages/airflow/example_dags/example_sensor_decorator.py
[2024-05-06T04:55:58.785+0000] {processor.py:830} INFO - Processing file /home/airflow/.local/lib/python3.12/site-packages/airflow/example_dags/example_sensor_decorator.py for tasks to queue
[2024-05-06T04:55:58.787+0000] {logging_mixin.py:188} INFO - [2024-05-06T04:55:58.786+0000] {dagbag.py:540} INFO - Filling up the DagBag from /home/airflow/.local/lib/python3.12/site-packages/airflow/example_dags/example_sensor_decorator.py
[2024-05-06T04:55:58.791+0000] {processor.py:840} INFO - DAG(s) 'example_sensor_decorator' retrieved from /home/airflow/.local/lib/python3.12/site-packages/airflow/example_dags/example_sensor_decorator.py
[2024-05-06T04:55:58.807+0000] {logging_mixin.py:188} INFO - [2024-05-06T04:55:58.807+0000] {dag.py:3096} INFO - Sync 1 DAGs
[2024-05-06T04:55:58.818+0000] {logging_mixin.py:188} INFO - [2024-05-06T04:55:58.818+0000] {dag.py:3954} INFO - Setting next_dagrun for example_sensor_decorator to None, run_after=None
[2024-05-06T04:55:58.839+0000] {processor.py:183} INFO - Processing /home/airflow/.local/lib/python3.12/site-packages/airflow/example_dags/example_sensor_decorator.py took 0.059 seconds
[2024-05-06T04:56:29.739+0000] {processor.py:161} INFO - Started process (PID=3632) to work on /home/airflow/.local/lib/python3.12/site-packages/airflow/example_dags/example_sensor_decorator.py
[2024-05-06T04:56:29.739+0000] {processor.py:830} INFO - Processing file /home/airflow/.local/lib/python3.12/site-packages/airflow/example_dags/example_sensor_decorator.py for tasks to queue
[2024-05-06T04:56:29.741+0000] {logging_mixin.py:188} INFO - [2024-05-06T04:56:29.740+0000] {dagbag.py:540} INFO - Filling up the DagBag from /home/airflow/.local/lib/python3.12/site-packages/airflow/example_dags/example_sensor_decorator.py
[2024-05-06T04:56:29.745+0000] {processor.py:840} INFO - DAG(s) 'example_sensor_decorator' retrieved from /home/airflow/.local/lib/python3.12/site-packages/airflow/example_dags/example_sensor_decorator.py
[2024-05-06T04:56:29.761+0000] {logging_mixin.py:188} INFO - [2024-05-06T04:56:29.761+0000] {dag.py:3096} INFO - Sync 1 DAGs
[2024-05-06T04:56:29.772+0000] {logging_mixin.py:188} INFO - [2024-05-06T04:56:29.772+0000] {dag.py:3954} INFO - Setting next_dagrun for example_sensor_decorator to None, run_after=None
[2024-05-06T04:56:29.792+0000] {processor.py:183} INFO - Processing /home/airflow/.local/lib/python3.12/site-packages/airflow/example_dags/example_sensor_decorator.py took 0.058 seconds
[2024-05-06T04:57:00.647+0000] {processor.py:161} INFO - Started process (PID=3895) to work on /home/airflow/.local/lib/python3.12/site-packages/airflow/example_dags/example_sensor_decorator.py
[2024-05-06T04:57:00.648+0000] {processor.py:830} INFO - Processing file /home/airflow/.local/lib/python3.12/site-packages/airflow/example_dags/example_sensor_decorator.py for tasks to queue
[2024-05-06T04:57:00.649+0000] {logging_mixin.py:188} INFO - [2024-05-06T04:57:00.649+0000] {dagbag.py:540} INFO - Filling up the DagBag from /home/airflow/.local/lib/python3.12/site-packages/airflow/example_dags/example_sensor_decorator.py
[2024-05-06T04:57:00.654+0000] {processor.py:840} INFO - DAG(s) 'example_sensor_decorator' retrieved from /home/airflow/.local/lib/python3.12/site-packages/airflow/example_dags/example_sensor_decorator.py
[2024-05-06T04:57:00.669+0000] {logging_mixin.py:188} INFO - [2024-05-06T04:57:00.669+0000] {dag.py:3096} INFO - Sync 1 DAGs
[2024-05-06T04:57:00.681+0000] {logging_mixin.py:188} INFO - [2024-05-06T04:57:00.681+0000] {dag.py:3954} INFO - Setting next_dagrun for example_sensor_decorator to None, run_after=None
[2024-05-06T04:57:00.714+0000] {processor.py:183} INFO - Processing /home/airflow/.local/lib/python3.12/site-packages/airflow/example_dags/example_sensor_decorator.py took 0.072 seconds
[2024-05-06T04:57:30.868+0000] {processor.py:161} INFO - Started process (PID=4157) to work on /home/airflow/.local/lib/python3.12/site-packages/airflow/example_dags/example_sensor_decorator.py
[2024-05-06T04:57:30.868+0000] {processor.py:830} INFO - Processing file /home/airflow/.local/lib/python3.12/site-packages/airflow/example_dags/example_sensor_decorator.py for tasks to queue
[2024-05-06T04:57:30.871+0000] {logging_mixin.py:188} INFO - [2024-05-06T04:57:30.870+0000] {dagbag.py:540} INFO - Filling up the DagBag from /home/airflow/.local/lib/python3.12/site-packages/airflow/example_dags/example_sensor_decorator.py
[2024-05-06T04:57:30.881+0000] {processor.py:840} INFO - DAG(s) 'example_sensor_decorator' retrieved from /home/airflow/.local/lib/python3.12/site-packages/airflow/example_dags/example_sensor_decorator.py
[2024-05-06T04:57:30.903+0000] {logging_mixin.py:188} INFO - [2024-05-06T04:57:30.903+0000] {dag.py:3096} INFO - Sync 1 DAGs
[2024-05-06T04:57:30.914+0000] {logging_mixin.py:188} INFO - [2024-05-06T04:57:30.914+0000] {dag.py:3954} INFO - Setting next_dagrun for example_sensor_decorator to None, run_after=None
[2024-05-06T04:57:30.935+0000] {processor.py:183} INFO - Processing /home/airflow/.local/lib/python3.12/site-packages/airflow/example_dags/example_sensor_decorator.py took 0.072 seconds
[2024-05-06T04:58:01.427+0000] {processor.py:161} INFO - Started process (PID=4417) to work on /home/airflow/.local/lib/python3.12/site-packages/airflow/example_dags/example_sensor_decorator.py
[2024-05-06T04:58:01.429+0000] {processor.py:830} INFO - Processing file /home/airflow/.local/lib/python3.12/site-packages/airflow/example_dags/example_sensor_decorator.py for tasks to queue
[2024-05-06T04:58:01.436+0000] {logging_mixin.py:188} INFO - [2024-05-06T04:58:01.435+0000] {dagbag.py:540} INFO - Filling up the DagBag from /home/airflow/.local/lib/python3.12/site-packages/airflow/example_dags/example_sensor_decorator.py
[2024-05-06T04:58:01.450+0000] {processor.py:840} INFO - DAG(s) 'example_sensor_decorator' retrieved from /home/airflow/.local/lib/python3.12/site-packages/airflow/example_dags/example_sensor_decorator.py
[2024-05-06T04:58:01.480+0000] {logging_mixin.py:188} INFO - [2024-05-06T04:58:01.480+0000] {dag.py:3096} INFO - Sync 1 DAGs
[2024-05-06T04:58:01.492+0000] {logging_mixin.py:188} INFO - [2024-05-06T04:58:01.491+0000] {dag.py:3954} INFO - Setting next_dagrun for example_sensor_decorator to None, run_after=None
[2024-05-06T04:58:01.513+0000] {processor.py:183} INFO - Processing /home/airflow/.local/lib/python3.12/site-packages/airflow/example_dags/example_sensor_decorator.py took 0.102 seconds
[2024-05-06T04:58:31.965+0000] {processor.py:161} INFO - Started process (PID=4679) to work on /home/airflow/.local/lib/python3.12/site-packages/airflow/example_dags/example_sensor_decorator.py
[2024-05-06T04:58:31.966+0000] {processor.py:830} INFO - Processing file /home/airflow/.local/lib/python3.12/site-packages/airflow/example_dags/example_sensor_decorator.py for tasks to queue
[2024-05-06T04:58:31.968+0000] {logging_mixin.py:188} INFO - [2024-05-06T04:58:31.967+0000] {dagbag.py:540} INFO - Filling up the DagBag from /home/airflow/.local/lib/python3.12/site-packages/airflow/example_dags/example_sensor_decorator.py
[2024-05-06T04:58:31.974+0000] {processor.py:840} INFO - DAG(s) 'example_sensor_decorator' retrieved from /home/airflow/.local/lib/python3.12/site-packages/airflow/example_dags/example_sensor_decorator.py
[2024-05-06T04:58:31.996+0000] {logging_mixin.py:188} INFO - [2024-05-06T04:58:31.996+0000] {dag.py:3096} INFO - Sync 1 DAGs
[2024-05-06T04:58:32.012+0000] {logging_mixin.py:188} INFO - [2024-05-06T04:58:32.011+0000] {dag.py:3954} INFO - Setting next_dagrun for example_sensor_decorator to None, run_after=None
[2024-05-06T04:58:32.034+0000] {processor.py:183} INFO - Processing /home/airflow/.local/lib/python3.12/site-packages/airflow/example_dags/example_sensor_decorator.py took 0.076 seconds
[2024-05-06T04:59:02.465+0000] {processor.py:161} INFO - Started process (PID=4943) to work on /home/airflow/.local/lib/python3.12/site-packages/airflow/example_dags/example_sensor_decorator.py
[2024-05-06T04:59:02.465+0000] {processor.py:830} INFO - Processing file /home/airflow/.local/lib/python3.12/site-packages/airflow/example_dags/example_sensor_decorator.py for tasks to queue
[2024-05-06T04:59:02.467+0000] {logging_mixin.py:188} INFO - [2024-05-06T04:59:02.466+0000] {dagbag.py:540} INFO - Filling up the DagBag from /home/airflow/.local/lib/python3.12/site-packages/airflow/example_dags/example_sensor_decorator.py
[2024-05-06T04:59:02.471+0000] {processor.py:840} INFO - DAG(s) 'example_sensor_decorator' retrieved from /home/airflow/.local/lib/python3.12/site-packages/airflow/example_dags/example_sensor_decorator.py
[2024-05-06T04:59:02.487+0000] {logging_mixin.py:188} INFO - [2024-05-06T04:59:02.487+0000] {dag.py:3096} INFO - Sync 1 DAGs
[2024-05-06T04:59:02.497+0000] {logging_mixin.py:188} INFO - [2024-05-06T04:59:02.497+0000] {dag.py:3954} INFO - Setting next_dagrun for example_sensor_decorator to None, run_after=None
[2024-05-06T04:59:02.518+0000] {processor.py:183} INFO - Processing /home/airflow/.local/lib/python3.12/site-packages/airflow/example_dags/example_sensor_decorator.py took 0.058 seconds
[2024-05-06T04:59:33.477+0000] {processor.py:161} INFO - Started process (PID=5206) to work on /home/airflow/.local/lib/python3.12/site-packages/airflow/example_dags/example_sensor_decorator.py
[2024-05-06T04:59:33.478+0000] {processor.py:830} INFO - Processing file /home/airflow/.local/lib/python3.12/site-packages/airflow/example_dags/example_sensor_decorator.py for tasks to queue
[2024-05-06T04:59:33.479+0000] {logging_mixin.py:188} INFO - [2024-05-06T04:59:33.479+0000] {dagbag.py:540} INFO - Filling up the DagBag from /home/airflow/.local/lib/python3.12/site-packages/airflow/example_dags/example_sensor_decorator.py
[2024-05-06T04:59:33.484+0000] {processor.py:840} INFO - DAG(s) 'example_sensor_decorator' retrieved from /home/airflow/.local/lib/python3.12/site-packages/airflow/example_dags/example_sensor_decorator.py
[2024-05-06T04:59:33.501+0000] {logging_mixin.py:188} INFO - [2024-05-06T04:59:33.501+0000] {dag.py:3096} INFO - Sync 1 DAGs
[2024-05-06T04:59:33.513+0000] {logging_mixin.py:188} INFO - [2024-05-06T04:59:33.512+0000] {dag.py:3954} INFO - Setting next_dagrun for example_sensor_decorator to None, run_after=None
[2024-05-06T04:59:33.535+0000] {processor.py:183} INFO - Processing /home/airflow/.local/lib/python3.12/site-packages/airflow/example_dags/example_sensor_decorator.py took 0.063 seconds
[2024-05-06T05:00:03.883+0000] {processor.py:161} INFO - Started process (PID=5468) to work on /home/airflow/.local/lib/python3.12/site-packages/airflow/example_dags/example_sensor_decorator.py
[2024-05-06T05:00:03.884+0000] {processor.py:830} INFO - Processing file /home/airflow/.local/lib/python3.12/site-packages/airflow/example_dags/example_sensor_decorator.py for tasks to queue
[2024-05-06T05:00:03.885+0000] {logging_mixin.py:188} INFO - [2024-05-06T05:00:03.885+0000] {dagbag.py:540} INFO - Filling up the DagBag from /home/airflow/.local/lib/python3.12/site-packages/airflow/example_dags/example_sensor_decorator.py
[2024-05-06T05:00:03.890+0000] {processor.py:840} INFO - DAG(s) 'example_sensor_decorator' retrieved from /home/airflow/.local/lib/python3.12/site-packages/airflow/example_dags/example_sensor_decorator.py
[2024-05-06T05:00:03.905+0000] {logging_mixin.py:188} INFO - [2024-05-06T05:00:03.905+0000] {dag.py:3096} INFO - Sync 1 DAGs
[2024-05-06T05:00:03.916+0000] {logging_mixin.py:188} INFO - [2024-05-06T05:00:03.916+0000] {dag.py:3954} INFO - Setting next_dagrun for example_sensor_decorator to None, run_after=None
[2024-05-06T05:00:03.935+0000] {processor.py:183} INFO - Processing /home/airflow/.local/lib/python3.12/site-packages/airflow/example_dags/example_sensor_decorator.py took 0.057 seconds
[2024-05-06T05:00:34.065+0000] {processor.py:161} INFO - Started process (PID=5736) to work on /home/airflow/.local/lib/python3.12/site-packages/airflow/example_dags/example_sensor_decorator.py
[2024-05-06T05:00:34.066+0000] {processor.py:830} INFO - Processing file /home/airflow/.local/lib/python3.12/site-packages/airflow/example_dags/example_sensor_decorator.py for tasks to queue
[2024-05-06T05:00:34.067+0000] {logging_mixin.py:188} INFO - [2024-05-06T05:00:34.067+0000] {dagbag.py:540} INFO - Filling up the DagBag from /home/airflow/.local/lib/python3.12/site-packages/airflow/example_dags/example_sensor_decorator.py
[2024-05-06T05:00:34.073+0000] {processor.py:840} INFO - DAG(s) 'example_sensor_decorator' retrieved from /home/airflow/.local/lib/python3.12/site-packages/airflow/example_dags/example_sensor_decorator.py
[2024-05-06T05:00:34.091+0000] {logging_mixin.py:188} INFO - [2024-05-06T05:00:34.091+0000] {dag.py:3096} INFO - Sync 1 DAGs
[2024-05-06T05:00:34.107+0000] {logging_mixin.py:188} INFO - [2024-05-06T05:00:34.107+0000] {dag.py:3954} INFO - Setting next_dagrun for example_sensor_decorator to None, run_after=None
[2024-05-06T05:00:34.128+0000] {processor.py:183} INFO - Processing /home/airflow/.local/lib/python3.12/site-packages/airflow/example_dags/example_sensor_decorator.py took 0.068 seconds
[2024-05-06T05:01:04.458+0000] {processor.py:161} INFO - Started process (PID=6003) to work on /home/airflow/.local/lib/python3.12/site-packages/airflow/example_dags/example_sensor_decorator.py
[2024-05-06T05:01:04.459+0000] {processor.py:830} INFO - Processing file /home/airflow/.local/lib/python3.12/site-packages/airflow/example_dags/example_sensor_decorator.py for tasks to queue
[2024-05-06T05:01:04.460+0000] {logging_mixin.py:188} INFO - [2024-05-06T05:01:04.460+0000] {dagbag.py:540} INFO - Filling up the DagBag from /home/airflow/.local/lib/python3.12/site-packages/airflow/example_dags/example_sensor_decorator.py
[2024-05-06T05:01:04.465+0000] {processor.py:840} INFO - DAG(s) 'example_sensor_decorator' retrieved from /home/airflow/.local/lib/python3.12/site-packages/airflow/example_dags/example_sensor_decorator.py
[2024-05-06T05:01:04.482+0000] {logging_mixin.py:188} INFO - [2024-05-06T05:01:04.482+0000] {dag.py:3096} INFO - Sync 1 DAGs
[2024-05-06T05:01:04.492+0000] {logging_mixin.py:188} INFO - [2024-05-06T05:01:04.492+0000] {dag.py:3954} INFO - Setting next_dagrun for example_sensor_decorator to None, run_after=None
[2024-05-06T05:01:04.514+0000] {processor.py:183} INFO - Processing /home/airflow/.local/lib/python3.12/site-packages/airflow/example_dags/example_sensor_decorator.py took 0.061 seconds
[2024-05-06T05:01:35.328+0000] {processor.py:161} INFO - Started process (PID=6268) to work on /home/airflow/.local/lib/python3.12/site-packages/airflow/example_dags/example_sensor_decorator.py
[2024-05-06T05:01:35.329+0000] {processor.py:830} INFO - Processing file /home/airflow/.local/lib/python3.12/site-packages/airflow/example_dags/example_sensor_decorator.py for tasks to queue
[2024-05-06T05:01:35.332+0000] {logging_mixin.py:188} INFO - [2024-05-06T05:01:35.332+0000] {dagbag.py:540} INFO - Filling up the DagBag from /home/airflow/.local/lib/python3.12/site-packages/airflow/example_dags/example_sensor_decorator.py
[2024-05-06T05:01:35.340+0000] {processor.py:840} INFO - DAG(s) 'example_sensor_decorator' retrieved from /home/airflow/.local/lib/python3.12/site-packages/airflow/example_dags/example_sensor_decorator.py
[2024-05-06T05:01:35.380+0000] {logging_mixin.py:188} INFO - [2024-05-06T05:01:35.380+0000] {dag.py:3096} INFO - Sync 1 DAGs
[2024-05-06T05:01:35.416+0000] {logging_mixin.py:188} INFO - [2024-05-06T05:01:35.416+0000] {dag.py:3954} INFO - Setting next_dagrun for example_sensor_decorator to None, run_after=None
[2024-05-06T05:01:35.452+0000] {processor.py:183} INFO - Processing /home/airflow/.local/lib/python3.12/site-packages/airflow/example_dags/example_sensor_decorator.py took 0.131 seconds
[2024-05-06T05:02:06.337+0000] {processor.py:161} INFO - Started process (PID=6536) to work on /home/airflow/.local/lib/python3.12/site-packages/airflow/example_dags/example_sensor_decorator.py
[2024-05-06T05:02:06.339+0000] {processor.py:830} INFO - Processing file /home/airflow/.local/lib/python3.12/site-packages/airflow/example_dags/example_sensor_decorator.py for tasks to queue
[2024-05-06T05:02:06.341+0000] {logging_mixin.py:188} INFO - [2024-05-06T05:02:06.340+0000] {dagbag.py:540} INFO - Filling up the DagBag from /home/airflow/.local/lib/python3.12/site-packages/airflow/example_dags/example_sensor_decorator.py
[2024-05-06T05:02:06.347+0000] {processor.py:840} INFO - DAG(s) 'example_sensor_decorator' retrieved from /home/airflow/.local/lib/python3.12/site-packages/airflow/example_dags/example_sensor_decorator.py
[2024-05-06T05:02:06.367+0000] {logging_mixin.py:188} INFO - [2024-05-06T05:02:06.367+0000] {dag.py:3096} INFO - Sync 1 DAGs
[2024-05-06T05:02:06.382+0000] {logging_mixin.py:188} INFO - [2024-05-06T05:02:06.381+0000] {dag.py:3954} INFO - Setting next_dagrun for example_sensor_decorator to None, run_after=None
[2024-05-06T05:02:06.406+0000] {processor.py:183} INFO - Processing /home/airflow/.local/lib/python3.12/site-packages/airflow/example_dags/example_sensor_decorator.py took 0.075 seconds
[2024-05-06T05:02:36.720+0000] {processor.py:161} INFO - Started process (PID=6804) to work on /home/airflow/.local/lib/python3.12/site-packages/airflow/example_dags/example_sensor_decorator.py
[2024-05-06T05:02:36.721+0000] {processor.py:830} INFO - Processing file /home/airflow/.local/lib/python3.12/site-packages/airflow/example_dags/example_sensor_decorator.py for tasks to queue
[2024-05-06T05:02:36.733+0000] {logging_mixin.py:188} INFO - [2024-05-06T05:02:36.733+0000] {dagbag.py:540} INFO - Filling up the DagBag from /home/airflow/.local/lib/python3.12/site-packages/airflow/example_dags/example_sensor_decorator.py
[2024-05-06T05:02:36.746+0000] {processor.py:840} INFO - DAG(s) 'example_sensor_decorator' retrieved from /home/airflow/.local/lib/python3.12/site-packages/airflow/example_dags/example_sensor_decorator.py
[2024-05-06T05:02:36.783+0000] {logging_mixin.py:188} INFO - [2024-05-06T05:02:36.782+0000] {dag.py:3096} INFO - Sync 1 DAGs
[2024-05-06T05:02:36.805+0000] {logging_mixin.py:188} INFO - [2024-05-06T05:02:36.805+0000] {dag.py:3954} INFO - Setting next_dagrun for example_sensor_decorator to None, run_after=None
[2024-05-06T05:02:36.834+0000] {processor.py:183} INFO - Processing /home/airflow/.local/lib/python3.12/site-packages/airflow/example_dags/example_sensor_decorator.py took 0.122 seconds
[2024-05-06T05:03:07.246+0000] {processor.py:161} INFO - Started process (PID=7072) to work on /home/airflow/.local/lib/python3.12/site-packages/airflow/example_dags/example_sensor_decorator.py
[2024-05-06T05:03:07.247+0000] {processor.py:830} INFO - Processing file /home/airflow/.local/lib/python3.12/site-packages/airflow/example_dags/example_sensor_decorator.py for tasks to queue
[2024-05-06T05:03:07.249+0000] {logging_mixin.py:188} INFO - [2024-05-06T05:03:07.248+0000] {dagbag.py:540} INFO - Filling up the DagBag from /home/airflow/.local/lib/python3.12/site-packages/airflow/example_dags/example_sensor_decorator.py
[2024-05-06T05:03:07.255+0000] {processor.py:840} INFO - DAG(s) 'example_sensor_decorator' retrieved from /home/airflow/.local/lib/python3.12/site-packages/airflow/example_dags/example_sensor_decorator.py
[2024-05-06T05:03:07.276+0000] {logging_mixin.py:188} INFO - [2024-05-06T05:03:07.276+0000] {dag.py:3096} INFO - Sync 1 DAGs
[2024-05-06T05:03:07.291+0000] {logging_mixin.py:188} INFO - [2024-05-06T05:03:07.291+0000] {dag.py:3954} INFO - Setting next_dagrun for example_sensor_decorator to None, run_after=None
[2024-05-06T05:03:07.319+0000] {processor.py:183} INFO - Processing /home/airflow/.local/lib/python3.12/site-packages/airflow/example_dags/example_sensor_decorator.py took 0.081 seconds
[2024-05-06T05:03:38.096+0000] {processor.py:161} INFO - Started process (PID=7339) to work on /home/airflow/.local/lib/python3.12/site-packages/airflow/example_dags/example_sensor_decorator.py
[2024-05-06T05:03:38.096+0000] {processor.py:830} INFO - Processing file /home/airflow/.local/lib/python3.12/site-packages/airflow/example_dags/example_sensor_decorator.py for tasks to queue
[2024-05-06T05:03:38.098+0000] {logging_mixin.py:188} INFO - [2024-05-06T05:03:38.098+0000] {dagbag.py:540} INFO - Filling up the DagBag from /home/airflow/.local/lib/python3.12/site-packages/airflow/example_dags/example_sensor_decorator.py
[2024-05-06T05:03:38.105+0000] {processor.py:840} INFO - DAG(s) 'example_sensor_decorator' retrieved from /home/airflow/.local/lib/python3.12/site-packages/airflow/example_dags/example_sensor_decorator.py
[2024-05-06T05:03:38.127+0000] {logging_mixin.py:188} INFO - [2024-05-06T05:03:38.127+0000] {dag.py:3096} INFO - Sync 1 DAGs
[2024-05-06T05:03:38.142+0000] {logging_mixin.py:188} INFO - [2024-05-06T05:03:38.142+0000] {dag.py:3954} INFO - Setting next_dagrun for example_sensor_decorator to None, run_after=None
[2024-05-06T05:03:38.166+0000] {processor.py:183} INFO - Processing /home/airflow/.local/lib/python3.12/site-packages/airflow/example_dags/example_sensor_decorator.py took 0.078 seconds
[2024-05-06T05:04:08.899+0000] {processor.py:161} INFO - Started process (PID=7607) to work on /home/airflow/.local/lib/python3.12/site-packages/airflow/example_dags/example_sensor_decorator.py
[2024-05-06T05:04:08.900+0000] {processor.py:830} INFO - Processing file /home/airflow/.local/lib/python3.12/site-packages/airflow/example_dags/example_sensor_decorator.py for tasks to queue
[2024-05-06T05:04:08.905+0000] {logging_mixin.py:188} INFO - [2024-05-06T05:04:08.905+0000] {dagbag.py:540} INFO - Filling up the DagBag from /home/airflow/.local/lib/python3.12/site-packages/airflow/example_dags/example_sensor_decorator.py
[2024-05-06T05:04:08.914+0000] {processor.py:840} INFO - DAG(s) 'example_sensor_decorator' retrieved from /home/airflow/.local/lib/python3.12/site-packages/airflow/example_dags/example_sensor_decorator.py
[2024-05-06T05:04:08.929+0000] {logging_mixin.py:188} INFO - [2024-05-06T05:04:08.929+0000] {dag.py:3096} INFO - Sync 1 DAGs
[2024-05-06T05:04:09.056+0000] {logging_mixin.py:188} INFO - [2024-05-06T05:04:09.056+0000] {dag.py:3954} INFO - Setting next_dagrun for example_sensor_decorator to None, run_after=None
[2024-05-06T05:04:09.076+0000] {processor.py:183} INFO - Processing /home/airflow/.local/lib/python3.12/site-packages/airflow/example_dags/example_sensor_decorator.py took 0.186 seconds
[2024-05-06T05:04:39.718+0000] {processor.py:161} INFO - Started process (PID=7875) to work on /home/airflow/.local/lib/python3.12/site-packages/airflow/example_dags/example_sensor_decorator.py
[2024-05-06T05:04:39.719+0000] {processor.py:830} INFO - Processing file /home/airflow/.local/lib/python3.12/site-packages/airflow/example_dags/example_sensor_decorator.py for tasks to queue
[2024-05-06T05:04:39.721+0000] {logging_mixin.py:188} INFO - [2024-05-06T05:04:39.720+0000] {dagbag.py:540} INFO - Filling up the DagBag from /home/airflow/.local/lib/python3.12/site-packages/airflow/example_dags/example_sensor_decorator.py
[2024-05-06T05:04:39.725+0000] {processor.py:840} INFO - DAG(s) 'example_sensor_decorator' retrieved from /home/airflow/.local/lib/python3.12/site-packages/airflow/example_dags/example_sensor_decorator.py
[2024-05-06T05:04:39.742+0000] {logging_mixin.py:188} INFO - [2024-05-06T05:04:39.741+0000] {dag.py:3096} INFO - Sync 1 DAGs
[2024-05-06T05:04:39.754+0000] {logging_mixin.py:188} INFO - [2024-05-06T05:04:39.753+0000] {dag.py:3954} INFO - Setting next_dagrun for example_sensor_decorator to None, run_after=None
[2024-05-06T05:04:39.774+0000] {processor.py:183} INFO - Processing /home/airflow/.local/lib/python3.12/site-packages/airflow/example_dags/example_sensor_decorator.py took 0.062 seconds
[2024-05-06T05:05:10.864+0000] {processor.py:161} INFO - Started process (PID=8147) to work on /home/airflow/.local/lib/python3.12/site-packages/airflow/example_dags/example_sensor_decorator.py
[2024-05-06T05:05:10.865+0000] {processor.py:830} INFO - Processing file /home/airflow/.local/lib/python3.12/site-packages/airflow/example_dags/example_sensor_decorator.py for tasks to queue
[2024-05-06T05:05:10.867+0000] {logging_mixin.py:188} INFO - [2024-05-06T05:05:10.866+0000] {dagbag.py:540} INFO - Filling up the DagBag from /home/airflow/.local/lib/python3.12/site-packages/airflow/example_dags/example_sensor_decorator.py
[2024-05-06T05:05:10.874+0000] {processor.py:840} INFO - DAG(s) 'example_sensor_decorator' retrieved from /home/airflow/.local/lib/python3.12/site-packages/airflow/example_dags/example_sensor_decorator.py
[2024-05-06T05:05:10.895+0000] {logging_mixin.py:188} INFO - [2024-05-06T05:05:10.894+0000] {dag.py:3096} INFO - Sync 1 DAGs
[2024-05-06T05:05:10.906+0000] {logging_mixin.py:188} INFO - [2024-05-06T05:05:10.906+0000] {dag.py:3954} INFO - Setting next_dagrun for example_sensor_decorator to None, run_after=None
[2024-05-06T05:05:10.927+0000] {processor.py:183} INFO - Processing /home/airflow/.local/lib/python3.12/site-packages/airflow/example_dags/example_sensor_decorator.py took 0.070 seconds
[2024-05-06T05:05:41.063+0000] {processor.py:161} INFO - Started process (PID=8419) to work on /home/airflow/.local/lib/python3.12/site-packages/airflow/example_dags/example_sensor_decorator.py
[2024-05-06T05:05:41.064+0000] {processor.py:830} INFO - Processing file /home/airflow/.local/lib/python3.12/site-packages/airflow/example_dags/example_sensor_decorator.py for tasks to queue
[2024-05-06T05:05:41.066+0000] {logging_mixin.py:188} INFO - [2024-05-06T05:05:41.065+0000] {dagbag.py:540} INFO - Filling up the DagBag from /home/airflow/.local/lib/python3.12/site-packages/airflow/example_dags/example_sensor_decorator.py
[2024-05-06T05:05:41.070+0000] {processor.py:840} INFO - DAG(s) 'example_sensor_decorator' retrieved from /home/airflow/.local/lib/python3.12/site-packages/airflow/example_dags/example_sensor_decorator.py
[2024-05-06T05:05:41.085+0000] {logging_mixin.py:188} INFO - [2024-05-06T05:05:41.085+0000] {dag.py:3096} INFO - Sync 1 DAGs
[2024-05-06T05:05:41.096+0000] {logging_mixin.py:188} INFO - [2024-05-06T05:05:41.096+0000] {dag.py:3954} INFO - Setting next_dagrun for example_sensor_decorator to None, run_after=None
[2024-05-06T05:05:41.118+0000] {processor.py:183} INFO - Processing /home/airflow/.local/lib/python3.12/site-packages/airflow/example_dags/example_sensor_decorator.py took 0.060 seconds
[2024-05-06T05:06:11.203+0000] {processor.py:161} INFO - Started process (PID=8689) to work on /home/airflow/.local/lib/python3.12/site-packages/airflow/example_dags/example_sensor_decorator.py
[2024-05-06T05:06:11.204+0000] {processor.py:830} INFO - Processing file /home/airflow/.local/lib/python3.12/site-packages/airflow/example_dags/example_sensor_decorator.py for tasks to queue
[2024-05-06T05:06:11.206+0000] {logging_mixin.py:188} INFO - [2024-05-06T05:06:11.205+0000] {dagbag.py:540} INFO - Filling up the DagBag from /home/airflow/.local/lib/python3.12/site-packages/airflow/example_dags/example_sensor_decorator.py
[2024-05-06T05:06:11.212+0000] {processor.py:840} INFO - DAG(s) 'example_sensor_decorator' retrieved from /home/airflow/.local/lib/python3.12/site-packages/airflow/example_dags/example_sensor_decorator.py
[2024-05-06T05:06:11.235+0000] {logging_mixin.py:188} INFO - [2024-05-06T05:06:11.235+0000] {dag.py:3096} INFO - Sync 1 DAGs
[2024-05-06T05:06:11.255+0000] {logging_mixin.py:188} INFO - [2024-05-06T05:06:11.255+0000] {dag.py:3954} INFO - Setting next_dagrun for example_sensor_decorator to None, run_after=None
[2024-05-06T05:06:11.279+0000] {processor.py:183} INFO - Processing /home/airflow/.local/lib/python3.12/site-packages/airflow/example_dags/example_sensor_decorator.py took 0.083 seconds
[2024-05-06T05:06:41.649+0000] {processor.py:161} INFO - Started process (PID=8963) to work on /home/airflow/.local/lib/python3.12/site-packages/airflow/example_dags/example_sensor_decorator.py
[2024-05-06T05:06:41.651+0000] {processor.py:830} INFO - Processing file /home/airflow/.local/lib/python3.12/site-packages/airflow/example_dags/example_sensor_decorator.py for tasks to queue
[2024-05-06T05:06:41.654+0000] {logging_mixin.py:188} INFO - [2024-05-06T05:06:41.653+0000] {dagbag.py:540} INFO - Filling up the DagBag from /home/airflow/.local/lib/python3.12/site-packages/airflow/example_dags/example_sensor_decorator.py
[2024-05-06T05:06:41.664+0000] {processor.py:840} INFO - DAG(s) 'example_sensor_decorator' retrieved from /home/airflow/.local/lib/python3.12/site-packages/airflow/example_dags/example_sensor_decorator.py
[2024-05-06T05:06:41.690+0000] {logging_mixin.py:188} INFO - [2024-05-06T05:06:41.690+0000] {dag.py:3096} INFO - Sync 1 DAGs
[2024-05-06T05:06:41.712+0000] {logging_mixin.py:188} INFO - [2024-05-06T05:06:41.711+0000] {dag.py:3954} INFO - Setting next_dagrun for example_sensor_decorator to None, run_after=None
[2024-05-06T05:06:41.754+0000] {processor.py:183} INFO - Processing /home/airflow/.local/lib/python3.12/site-packages/airflow/example_dags/example_sensor_decorator.py took 0.118 seconds
[2024-05-06T05:07:12.353+0000] {processor.py:161} INFO - Started process (PID=9233) to work on /home/airflow/.local/lib/python3.12/site-packages/airflow/example_dags/example_sensor_decorator.py
[2024-05-06T05:07:12.354+0000] {processor.py:830} INFO - Processing file /home/airflow/.local/lib/python3.12/site-packages/airflow/example_dags/example_sensor_decorator.py for tasks to queue
[2024-05-06T05:07:12.362+0000] {logging_mixin.py:188} INFO - [2024-05-06T05:07:12.361+0000] {dagbag.py:540} INFO - Filling up the DagBag from /home/airflow/.local/lib/python3.12/site-packages/airflow/example_dags/example_sensor_decorator.py
[2024-05-06T05:07:12.371+0000] {processor.py:840} INFO - DAG(s) 'example_sensor_decorator' retrieved from /home/airflow/.local/lib/python3.12/site-packages/airflow/example_dags/example_sensor_decorator.py
[2024-05-06T05:07:12.403+0000] {logging_mixin.py:188} INFO - [2024-05-06T05:07:12.403+0000] {dag.py:3096} INFO - Sync 1 DAGs
[2024-05-06T05:07:12.420+0000] {logging_mixin.py:188} INFO - [2024-05-06T05:07:12.420+0000] {dag.py:3954} INFO - Setting next_dagrun for example_sensor_decorator to None, run_after=None
[2024-05-06T05:07:12.447+0000] {processor.py:183} INFO - Processing /home/airflow/.local/lib/python3.12/site-packages/airflow/example_dags/example_sensor_decorator.py took 0.109 seconds
[2024-05-06T05:07:43.125+0000] {processor.py:161} INFO - Started process (PID=9507) to work on /home/airflow/.local/lib/python3.12/site-packages/airflow/example_dags/example_sensor_decorator.py
[2024-05-06T05:07:43.126+0000] {processor.py:830} INFO - Processing file /home/airflow/.local/lib/python3.12/site-packages/airflow/example_dags/example_sensor_decorator.py for tasks to queue
[2024-05-06T05:07:43.128+0000] {logging_mixin.py:188} INFO - [2024-05-06T05:07:43.127+0000] {dagbag.py:540} INFO - Filling up the DagBag from /home/airflow/.local/lib/python3.12/site-packages/airflow/example_dags/example_sensor_decorator.py
[2024-05-06T05:07:43.135+0000] {processor.py:840} INFO - DAG(s) 'example_sensor_decorator' retrieved from /home/airflow/.local/lib/python3.12/site-packages/airflow/example_dags/example_sensor_decorator.py
[2024-05-06T05:07:43.159+0000] {logging_mixin.py:188} INFO - [2024-05-06T05:07:43.159+0000] {dag.py:3096} INFO - Sync 1 DAGs
[2024-05-06T05:07:43.172+0000] {logging_mixin.py:188} INFO - [2024-05-06T05:07:43.172+0000] {dag.py:3954} INFO - Setting next_dagrun for example_sensor_decorator to None, run_after=None
[2024-05-06T05:07:43.196+0000] {processor.py:183} INFO - Processing /home/airflow/.local/lib/python3.12/site-packages/airflow/example_dags/example_sensor_decorator.py took 0.078 seconds
[2024-05-06T05:08:13.737+0000] {processor.py:161} INFO - Started process (PID=9780) to work on /home/airflow/.local/lib/python3.12/site-packages/airflow/example_dags/example_sensor_decorator.py
[2024-05-06T05:08:13.738+0000] {processor.py:830} INFO - Processing file /home/airflow/.local/lib/python3.12/site-packages/airflow/example_dags/example_sensor_decorator.py for tasks to queue
[2024-05-06T05:08:13.743+0000] {logging_mixin.py:188} INFO - [2024-05-06T05:08:13.740+0000] {dagbag.py:540} INFO - Filling up the DagBag from /home/airflow/.local/lib/python3.12/site-packages/airflow/example_dags/example_sensor_decorator.py
[2024-05-06T05:08:13.765+0000] {processor.py:840} INFO - DAG(s) 'example_sensor_decorator' retrieved from /home/airflow/.local/lib/python3.12/site-packages/airflow/example_dags/example_sensor_decorator.py
[2024-05-06T05:08:13.802+0000] {logging_mixin.py:188} INFO - [2024-05-06T05:08:13.802+0000] {dag.py:3096} INFO - Sync 1 DAGs
[2024-05-06T05:08:13.823+0000] {logging_mixin.py:188} INFO - [2024-05-06T05:08:13.823+0000] {dag.py:3954} INFO - Setting next_dagrun for example_sensor_decorator to None, run_after=None
[2024-05-06T05:08:13.848+0000] {processor.py:183} INFO - Processing /home/airflow/.local/lib/python3.12/site-packages/airflow/example_dags/example_sensor_decorator.py took 0.123 seconds
[2024-05-06T05:08:44.482+0000] {processor.py:161} INFO - Started process (PID=10054) to work on /home/airflow/.local/lib/python3.12/site-packages/airflow/example_dags/example_sensor_decorator.py
[2024-05-06T05:08:44.483+0000] {processor.py:830} INFO - Processing file /home/airflow/.local/lib/python3.12/site-packages/airflow/example_dags/example_sensor_decorator.py for tasks to queue
[2024-05-06T05:08:44.484+0000] {logging_mixin.py:188} INFO - [2024-05-06T05:08:44.484+0000] {dagbag.py:540} INFO - Filling up the DagBag from /home/airflow/.local/lib/python3.12/site-packages/airflow/example_dags/example_sensor_decorator.py
[2024-05-06T05:08:44.489+0000] {processor.py:840} INFO - DAG(s) 'example_sensor_decorator' retrieved from /home/airflow/.local/lib/python3.12/site-packages/airflow/example_dags/example_sensor_decorator.py
[2024-05-06T05:08:44.505+0000] {logging_mixin.py:188} INFO - [2024-05-06T05:08:44.504+0000] {dag.py:3096} INFO - Sync 1 DAGs
[2024-05-06T05:08:44.522+0000] {logging_mixin.py:188} INFO - [2024-05-06T05:08:44.521+0000] {dag.py:3954} INFO - Setting next_dagrun for example_sensor_decorator to None, run_after=None
[2024-05-06T05:08:44.551+0000] {processor.py:183} INFO - Processing /home/airflow/.local/lib/python3.12/site-packages/airflow/example_dags/example_sensor_decorator.py took 0.074 seconds
[2024-05-06T05:09:14.755+0000] {processor.py:161} INFO - Started process (PID=10326) to work on /home/airflow/.local/lib/python3.12/site-packages/airflow/example_dags/example_sensor_decorator.py
[2024-05-06T05:09:14.756+0000] {processor.py:830} INFO - Processing file /home/airflow/.local/lib/python3.12/site-packages/airflow/example_dags/example_sensor_decorator.py for tasks to queue
[2024-05-06T05:09:14.757+0000] {logging_mixin.py:188} INFO - [2024-05-06T05:09:14.757+0000] {dagbag.py:540} INFO - Filling up the DagBag from /home/airflow/.local/lib/python3.12/site-packages/airflow/example_dags/example_sensor_decorator.py
[2024-05-06T05:09:14.764+0000] {processor.py:840} INFO - DAG(s) 'example_sensor_decorator' retrieved from /home/airflow/.local/lib/python3.12/site-packages/airflow/example_dags/example_sensor_decorator.py
[2024-05-06T05:09:14.783+0000] {logging_mixin.py:188} INFO - [2024-05-06T05:09:14.783+0000] {dag.py:3096} INFO - Sync 1 DAGs
[2024-05-06T05:09:14.805+0000] {logging_mixin.py:188} INFO - [2024-05-06T05:09:14.805+0000] {dag.py:3954} INFO - Setting next_dagrun for example_sensor_decorator to None, run_after=None
[2024-05-06T05:09:14.833+0000] {processor.py:183} INFO - Processing /home/airflow/.local/lib/python3.12/site-packages/airflow/example_dags/example_sensor_decorator.py took 0.085 seconds
[2024-05-06T05:09:45.232+0000] {processor.py:161} INFO - Started process (PID=10596) to work on /home/airflow/.local/lib/python3.12/site-packages/airflow/example_dags/example_sensor_decorator.py
[2024-05-06T05:09:45.233+0000] {processor.py:830} INFO - Processing file /home/airflow/.local/lib/python3.12/site-packages/airflow/example_dags/example_sensor_decorator.py for tasks to queue
[2024-05-06T05:09:45.235+0000] {logging_mixin.py:188} INFO - [2024-05-06T05:09:45.234+0000] {dagbag.py:540} INFO - Filling up the DagBag from /home/airflow/.local/lib/python3.12/site-packages/airflow/example_dags/example_sensor_decorator.py
[2024-05-06T05:09:45.241+0000] {processor.py:840} INFO - DAG(s) 'example_sensor_decorator' retrieved from /home/airflow/.local/lib/python3.12/site-packages/airflow/example_dags/example_sensor_decorator.py
[2024-05-06T05:09:45.263+0000] {logging_mixin.py:188} INFO - [2024-05-06T05:09:45.263+0000] {dag.py:3096} INFO - Sync 1 DAGs
[2024-05-06T05:09:45.278+0000] {logging_mixin.py:188} INFO - [2024-05-06T05:09:45.277+0000] {dag.py:3954} INFO - Setting next_dagrun for example_sensor_decorator to None, run_after=None
[2024-05-06T05:09:45.311+0000] {processor.py:183} INFO - Processing /home/airflow/.local/lib/python3.12/site-packages/airflow/example_dags/example_sensor_decorator.py took 0.086 seconds
[2024-05-06T05:10:16.293+0000] {processor.py:161} INFO - Started process (PID=10868) to work on /home/airflow/.local/lib/python3.12/site-packages/airflow/example_dags/example_sensor_decorator.py
[2024-05-06T05:10:16.293+0000] {processor.py:830} INFO - Processing file /home/airflow/.local/lib/python3.12/site-packages/airflow/example_dags/example_sensor_decorator.py for tasks to queue
[2024-05-06T05:10:16.296+0000] {logging_mixin.py:188} INFO - [2024-05-06T05:10:16.296+0000] {dagbag.py:540} INFO - Filling up the DagBag from /home/airflow/.local/lib/python3.12/site-packages/airflow/example_dags/example_sensor_decorator.py
[2024-05-06T05:10:16.302+0000] {processor.py:840} INFO - DAG(s) 'example_sensor_decorator' retrieved from /home/airflow/.local/lib/python3.12/site-packages/airflow/example_dags/example_sensor_decorator.py
[2024-05-06T05:10:16.326+0000] {logging_mixin.py:188} INFO - [2024-05-06T05:10:16.326+0000] {dag.py:3096} INFO - Sync 1 DAGs
[2024-05-06T05:10:16.339+0000] {logging_mixin.py:188} INFO - [2024-05-06T05:10:16.339+0000] {dag.py:3954} INFO - Setting next_dagrun for example_sensor_decorator to None, run_after=None
[2024-05-06T05:10:16.365+0000] {processor.py:183} INFO - Processing /home/airflow/.local/lib/python3.12/site-packages/airflow/example_dags/example_sensor_decorator.py took 0.079 seconds
[2024-05-06T05:10:47.254+0000] {processor.py:161} INFO - Started process (PID=11140) to work on /home/airflow/.local/lib/python3.12/site-packages/airflow/example_dags/example_sensor_decorator.py
[2024-05-06T05:10:47.255+0000] {processor.py:830} INFO - Processing file /home/airflow/.local/lib/python3.12/site-packages/airflow/example_dags/example_sensor_decorator.py for tasks to queue
[2024-05-06T05:10:47.258+0000] {logging_mixin.py:188} INFO - [2024-05-06T05:10:47.258+0000] {dagbag.py:540} INFO - Filling up the DagBag from /home/airflow/.local/lib/python3.12/site-packages/airflow/example_dags/example_sensor_decorator.py
[2024-05-06T05:10:47.265+0000] {processor.py:840} INFO - DAG(s) 'example_sensor_decorator' retrieved from /home/airflow/.local/lib/python3.12/site-packages/airflow/example_dags/example_sensor_decorator.py
[2024-05-06T05:10:47.286+0000] {logging_mixin.py:188} INFO - [2024-05-06T05:10:47.286+0000] {dag.py:3096} INFO - Sync 1 DAGs
[2024-05-06T05:10:47.302+0000] {logging_mixin.py:188} INFO - [2024-05-06T05:10:47.302+0000] {dag.py:3954} INFO - Setting next_dagrun for example_sensor_decorator to None, run_after=None
[2024-05-06T05:10:47.331+0000] {processor.py:183} INFO - Processing /home/airflow/.local/lib/python3.12/site-packages/airflow/example_dags/example_sensor_decorator.py took 0.084 seconds
[2024-05-06T05:11:17.493+0000] {processor.py:161} INFO - Started process (PID=11412) to work on /home/airflow/.local/lib/python3.12/site-packages/airflow/example_dags/example_sensor_decorator.py
[2024-05-06T05:11:17.494+0000] {processor.py:830} INFO - Processing file /home/airflow/.local/lib/python3.12/site-packages/airflow/example_dags/example_sensor_decorator.py for tasks to queue
[2024-05-06T05:11:17.497+0000] {logging_mixin.py:188} INFO - [2024-05-06T05:11:17.496+0000] {dagbag.py:540} INFO - Filling up the DagBag from /home/airflow/.local/lib/python3.12/site-packages/airflow/example_dags/example_sensor_decorator.py
[2024-05-06T05:11:17.503+0000] {processor.py:840} INFO - DAG(s) 'example_sensor_decorator' retrieved from /home/airflow/.local/lib/python3.12/site-packages/airflow/example_dags/example_sensor_decorator.py
[2024-05-06T05:11:17.524+0000] {logging_mixin.py:188} INFO - [2024-05-06T05:11:17.524+0000] {dag.py:3096} INFO - Sync 1 DAGs
[2024-05-06T05:11:17.540+0000] {logging_mixin.py:188} INFO - [2024-05-06T05:11:17.540+0000] {dag.py:3954} INFO - Setting next_dagrun for example_sensor_decorator to None, run_after=None
[2024-05-06T05:11:17.571+0000] {processor.py:183} INFO - Processing /home/airflow/.local/lib/python3.12/site-packages/airflow/example_dags/example_sensor_decorator.py took 0.085 seconds
[2024-05-06T05:11:47.802+0000] {processor.py:161} INFO - Started process (PID=11685) to work on /home/airflow/.local/lib/python3.12/site-packages/airflow/example_dags/example_sensor_decorator.py
[2024-05-06T05:11:47.803+0000] {processor.py:830} INFO - Processing file /home/airflow/.local/lib/python3.12/site-packages/airflow/example_dags/example_sensor_decorator.py for tasks to queue
[2024-05-06T05:11:47.806+0000] {logging_mixin.py:188} INFO - [2024-05-06T05:11:47.806+0000] {dagbag.py:540} INFO - Filling up the DagBag from /home/airflow/.local/lib/python3.12/site-packages/airflow/example_dags/example_sensor_decorator.py
[2024-05-06T05:11:47.827+0000] {processor.py:840} INFO - DAG(s) 'example_sensor_decorator' retrieved from /home/airflow/.local/lib/python3.12/site-packages/airflow/example_dags/example_sensor_decorator.py
[2024-05-06T05:11:47.886+0000] {logging_mixin.py:188} INFO - [2024-05-06T05:11:47.886+0000] {dag.py:3096} INFO - Sync 1 DAGs
[2024-05-06T05:11:47.909+0000] {logging_mixin.py:188} INFO - [2024-05-06T05:11:47.909+0000] {dag.py:3954} INFO - Setting next_dagrun for example_sensor_decorator to None, run_after=None
[2024-05-06T05:11:47.952+0000] {processor.py:183} INFO - Processing /home/airflow/.local/lib/python3.12/site-packages/airflow/example_dags/example_sensor_decorator.py took 0.167 seconds
[2024-05-06T05:12:18.942+0000] {processor.py:161} INFO - Started process (PID=11957) to work on /home/airflow/.local/lib/python3.12/site-packages/airflow/example_dags/example_sensor_decorator.py
[2024-05-06T05:12:18.943+0000] {processor.py:830} INFO - Processing file /home/airflow/.local/lib/python3.12/site-packages/airflow/example_dags/example_sensor_decorator.py for tasks to queue
[2024-05-06T05:12:18.946+0000] {logging_mixin.py:188} INFO - [2024-05-06T05:12:18.945+0000] {dagbag.py:540} INFO - Filling up the DagBag from /home/airflow/.local/lib/python3.12/site-packages/airflow/example_dags/example_sensor_decorator.py
[2024-05-06T05:12:18.955+0000] {processor.py:840} INFO - DAG(s) 'example_sensor_decorator' retrieved from /home/airflow/.local/lib/python3.12/site-packages/airflow/example_dags/example_sensor_decorator.py
[2024-05-06T05:12:18.975+0000] {logging_mixin.py:188} INFO - [2024-05-06T05:12:18.974+0000] {dag.py:3096} INFO - Sync 1 DAGs
[2024-05-06T05:12:18.992+0000] {logging_mixin.py:188} INFO - [2024-05-06T05:12:18.992+0000] {dag.py:3954} INFO - Setting next_dagrun for example_sensor_decorator to None, run_after=None
[2024-05-06T05:12:19.022+0000] {processor.py:183} INFO - Processing /home/airflow/.local/lib/python3.12/site-packages/airflow/example_dags/example_sensor_decorator.py took 0.105 seconds
[2024-05-06T05:12:49.987+0000] {processor.py:161} INFO - Started process (PID=12229) to work on /home/airflow/.local/lib/python3.12/site-packages/airflow/example_dags/example_sensor_decorator.py
[2024-05-06T05:12:49.987+0000] {processor.py:830} INFO - Processing file /home/airflow/.local/lib/python3.12/site-packages/airflow/example_dags/example_sensor_decorator.py for tasks to queue
[2024-05-06T05:12:49.989+0000] {logging_mixin.py:188} INFO - [2024-05-06T05:12:49.989+0000] {dagbag.py:540} INFO - Filling up the DagBag from /home/airflow/.local/lib/python3.12/site-packages/airflow/example_dags/example_sensor_decorator.py
[2024-05-06T05:12:49.994+0000] {processor.py:840} INFO - DAG(s) 'example_sensor_decorator' retrieved from /home/airflow/.local/lib/python3.12/site-packages/airflow/example_dags/example_sensor_decorator.py
[2024-05-06T05:12:50.017+0000] {logging_mixin.py:188} INFO - [2024-05-06T05:12:50.017+0000] {dag.py:3096} INFO - Sync 1 DAGs
[2024-05-06T05:12:50.031+0000] {logging_mixin.py:188} INFO - [2024-05-06T05:12:50.031+0000] {dag.py:3954} INFO - Setting next_dagrun for example_sensor_decorator to None, run_after=None
[2024-05-06T05:12:50.051+0000] {processor.py:183} INFO - Processing /home/airflow/.local/lib/python3.12/site-packages/airflow/example_dags/example_sensor_decorator.py took 0.072 seconds
[2024-05-06T05:13:20.688+0000] {processor.py:161} INFO - Started process (PID=12502) to work on /home/airflow/.local/lib/python3.12/site-packages/airflow/example_dags/example_sensor_decorator.py
[2024-05-06T05:13:20.694+0000] {processor.py:830} INFO - Processing file /home/airflow/.local/lib/python3.12/site-packages/airflow/example_dags/example_sensor_decorator.py for tasks to queue
[2024-05-06T05:13:20.700+0000] {logging_mixin.py:188} INFO - [2024-05-06T05:13:20.699+0000] {dagbag.py:540} INFO - Filling up the DagBag from /home/airflow/.local/lib/python3.12/site-packages/airflow/example_dags/example_sensor_decorator.py
[2024-05-06T05:13:20.711+0000] {processor.py:840} INFO - DAG(s) 'example_sensor_decorator' retrieved from /home/airflow/.local/lib/python3.12/site-packages/airflow/example_dags/example_sensor_decorator.py
[2024-05-06T05:13:20.743+0000] {logging_mixin.py:188} INFO - [2024-05-06T05:13:20.742+0000] {dag.py:3096} INFO - Sync 1 DAGs
[2024-05-06T05:13:20.754+0000] {logging_mixin.py:188} INFO - [2024-05-06T05:13:20.753+0000] {dag.py:3954} INFO - Setting next_dagrun for example_sensor_decorator to None, run_after=None
[2024-05-06T05:13:20.775+0000] {processor.py:183} INFO - Processing /home/airflow/.local/lib/python3.12/site-packages/airflow/example_dags/example_sensor_decorator.py took 0.101 seconds
[2024-05-06T05:13:51.423+0000] {processor.py:161} INFO - Started process (PID=12775) to work on /home/airflow/.local/lib/python3.12/site-packages/airflow/example_dags/example_sensor_decorator.py
[2024-05-06T05:13:51.424+0000] {processor.py:830} INFO - Processing file /home/airflow/.local/lib/python3.12/site-packages/airflow/example_dags/example_sensor_decorator.py for tasks to queue
[2024-05-06T05:13:51.427+0000] {logging_mixin.py:188} INFO - [2024-05-06T05:13:51.426+0000] {dagbag.py:540} INFO - Filling up the DagBag from /home/airflow/.local/lib/python3.12/site-packages/airflow/example_dags/example_sensor_decorator.py
[2024-05-06T05:13:51.432+0000] {processor.py:840} INFO - DAG(s) 'example_sensor_decorator' retrieved from /home/airflow/.local/lib/python3.12/site-packages/airflow/example_dags/example_sensor_decorator.py
[2024-05-06T05:13:51.448+0000] {logging_mixin.py:188} INFO - [2024-05-06T05:13:51.447+0000] {dag.py:3096} INFO - Sync 1 DAGs
[2024-05-06T05:13:51.458+0000] {logging_mixin.py:188} INFO - [2024-05-06T05:13:51.458+0000] {dag.py:3954} INFO - Setting next_dagrun for example_sensor_decorator to None, run_after=None
[2024-05-06T05:13:51.479+0000] {processor.py:183} INFO - Processing /home/airflow/.local/lib/python3.12/site-packages/airflow/example_dags/example_sensor_decorator.py took 0.062 seconds
[2024-05-06T05:14:22.221+0000] {processor.py:161} INFO - Started process (PID=13049) to work on /home/airflow/.local/lib/python3.12/site-packages/airflow/example_dags/example_sensor_decorator.py
[2024-05-06T05:14:22.222+0000] {processor.py:830} INFO - Processing file /home/airflow/.local/lib/python3.12/site-packages/airflow/example_dags/example_sensor_decorator.py for tasks to queue
[2024-05-06T05:14:22.224+0000] {logging_mixin.py:188} INFO - [2024-05-06T05:14:22.223+0000] {dagbag.py:540} INFO - Filling up the DagBag from /home/airflow/.local/lib/python3.12/site-packages/airflow/example_dags/example_sensor_decorator.py
[2024-05-06T05:14:22.228+0000] {processor.py:840} INFO - DAG(s) 'example_sensor_decorator' retrieved from /home/airflow/.local/lib/python3.12/site-packages/airflow/example_dags/example_sensor_decorator.py
[2024-05-06T05:14:22.244+0000] {logging_mixin.py:188} INFO - [2024-05-06T05:14:22.244+0000] {dag.py:3096} INFO - Sync 1 DAGs
[2024-05-06T05:14:22.254+0000] {logging_mixin.py:188} INFO - [2024-05-06T05:14:22.254+0000] {dag.py:3954} INFO - Setting next_dagrun for example_sensor_decorator to None, run_after=None
[2024-05-06T05:14:22.273+0000] {processor.py:183} INFO - Processing /home/airflow/.local/lib/python3.12/site-packages/airflow/example_dags/example_sensor_decorator.py took 0.057 seconds
[2024-05-06T05:14:52.994+0000] {processor.py:161} INFO - Started process (PID=13322) to work on /home/airflow/.local/lib/python3.12/site-packages/airflow/example_dags/example_sensor_decorator.py
[2024-05-06T05:14:52.994+0000] {processor.py:830} INFO - Processing file /home/airflow/.local/lib/python3.12/site-packages/airflow/example_dags/example_sensor_decorator.py for tasks to queue
[2024-05-06T05:14:52.996+0000] {logging_mixin.py:188} INFO - [2024-05-06T05:14:52.996+0000] {dagbag.py:540} INFO - Filling up the DagBag from /home/airflow/.local/lib/python3.12/site-packages/airflow/example_dags/example_sensor_decorator.py
[2024-05-06T05:14:53.001+0000] {processor.py:840} INFO - DAG(s) 'example_sensor_decorator' retrieved from /home/airflow/.local/lib/python3.12/site-packages/airflow/example_dags/example_sensor_decorator.py
[2024-05-06T05:14:53.018+0000] {logging_mixin.py:188} INFO - [2024-05-06T05:14:53.018+0000] {dag.py:3096} INFO - Sync 1 DAGs
[2024-05-06T05:14:53.029+0000] {logging_mixin.py:188} INFO - [2024-05-06T05:14:53.029+0000] {dag.py:3954} INFO - Setting next_dagrun for example_sensor_decorator to None, run_after=None
[2024-05-06T05:14:53.049+0000] {processor.py:183} INFO - Processing /home/airflow/.local/lib/python3.12/site-packages/airflow/example_dags/example_sensor_decorator.py took 0.060 seconds
[2024-05-06T05:15:23.714+0000] {processor.py:161} INFO - Started process (PID=13592) to work on /home/airflow/.local/lib/python3.12/site-packages/airflow/example_dags/example_sensor_decorator.py
[2024-05-06T05:15:23.715+0000] {processor.py:830} INFO - Processing file /home/airflow/.local/lib/python3.12/site-packages/airflow/example_dags/example_sensor_decorator.py for tasks to queue
[2024-05-06T05:15:23.718+0000] {logging_mixin.py:188} INFO - [2024-05-06T05:15:23.718+0000] {dagbag.py:540} INFO - Filling up the DagBag from /home/airflow/.local/lib/python3.12/site-packages/airflow/example_dags/example_sensor_decorator.py
[2024-05-06T05:15:23.725+0000] {processor.py:840} INFO - DAG(s) 'example_sensor_decorator' retrieved from /home/airflow/.local/lib/python3.12/site-packages/airflow/example_dags/example_sensor_decorator.py
[2024-05-06T05:15:23.748+0000] {logging_mixin.py:188} INFO - [2024-05-06T05:15:23.748+0000] {dag.py:3096} INFO - Sync 1 DAGs
[2024-05-06T05:15:23.766+0000] {logging_mixin.py:188} INFO - [2024-05-06T05:15:23.765+0000] {dag.py:3954} INFO - Setting next_dagrun for example_sensor_decorator to None, run_after=None
[2024-05-06T05:15:23.802+0000] {processor.py:183} INFO - Processing /home/airflow/.local/lib/python3.12/site-packages/airflow/example_dags/example_sensor_decorator.py took 0.096 seconds
[2024-05-06T05:15:54.462+0000] {processor.py:161} INFO - Started process (PID=13865) to work on /home/airflow/.local/lib/python3.12/site-packages/airflow/example_dags/example_sensor_decorator.py
[2024-05-06T05:15:54.463+0000] {processor.py:830} INFO - Processing file /home/airflow/.local/lib/python3.12/site-packages/airflow/example_dags/example_sensor_decorator.py for tasks to queue
[2024-05-06T05:15:54.475+0000] {logging_mixin.py:188} INFO - [2024-05-06T05:15:54.475+0000] {dagbag.py:540} INFO - Filling up the DagBag from /home/airflow/.local/lib/python3.12/site-packages/airflow/example_dags/example_sensor_decorator.py
[2024-05-06T05:15:54.490+0000] {processor.py:840} INFO - DAG(s) 'example_sensor_decorator' retrieved from /home/airflow/.local/lib/python3.12/site-packages/airflow/example_dags/example_sensor_decorator.py
[2024-05-06T05:15:54.529+0000] {logging_mixin.py:188} INFO - [2024-05-06T05:15:54.529+0000] {dag.py:3096} INFO - Sync 1 DAGs
[2024-05-06T05:15:54.551+0000] {logging_mixin.py:188} INFO - [2024-05-06T05:15:54.551+0000] {dag.py:3954} INFO - Setting next_dagrun for example_sensor_decorator to None, run_after=None
[2024-05-06T05:15:54.585+0000] {processor.py:183} INFO - Processing /home/airflow/.local/lib/python3.12/site-packages/airflow/example_dags/example_sensor_decorator.py took 0.130 seconds
[2024-05-06T05:16:25.115+0000] {processor.py:161} INFO - Started process (PID=14143) to work on /home/airflow/.local/lib/python3.12/site-packages/airflow/example_dags/example_sensor_decorator.py
[2024-05-06T05:16:25.116+0000] {processor.py:830} INFO - Processing file /home/airflow/.local/lib/python3.12/site-packages/airflow/example_dags/example_sensor_decorator.py for tasks to queue
[2024-05-06T05:16:25.119+0000] {logging_mixin.py:188} INFO - [2024-05-06T05:16:25.118+0000] {dagbag.py:540} INFO - Filling up the DagBag from /home/airflow/.local/lib/python3.12/site-packages/airflow/example_dags/example_sensor_decorator.py
[2024-05-06T05:16:25.125+0000] {processor.py:840} INFO - DAG(s) 'example_sensor_decorator' retrieved from /home/airflow/.local/lib/python3.12/site-packages/airflow/example_dags/example_sensor_decorator.py
[2024-05-06T05:16:25.145+0000] {logging_mixin.py:188} INFO - [2024-05-06T05:16:25.145+0000] {dag.py:3096} INFO - Sync 1 DAGs
[2024-05-06T05:16:25.160+0000] {logging_mixin.py:188} INFO - [2024-05-06T05:16:25.160+0000] {dag.py:3954} INFO - Setting next_dagrun for example_sensor_decorator to None, run_after=None
[2024-05-06T05:16:25.190+0000] {processor.py:183} INFO - Processing /home/airflow/.local/lib/python3.12/site-packages/airflow/example_dags/example_sensor_decorator.py took 0.082 seconds
[2024-05-06T05:16:55.650+0000] {processor.py:161} INFO - Started process (PID=14416) to work on /home/airflow/.local/lib/python3.12/site-packages/airflow/example_dags/example_sensor_decorator.py
[2024-05-06T05:16:55.651+0000] {processor.py:830} INFO - Processing file /home/airflow/.local/lib/python3.12/site-packages/airflow/example_dags/example_sensor_decorator.py for tasks to queue
[2024-05-06T05:16:55.654+0000] {logging_mixin.py:188} INFO - [2024-05-06T05:16:55.654+0000] {dagbag.py:540} INFO - Filling up the DagBag from /home/airflow/.local/lib/python3.12/site-packages/airflow/example_dags/example_sensor_decorator.py
[2024-05-06T05:16:55.660+0000] {processor.py:840} INFO - DAG(s) 'example_sensor_decorator' retrieved from /home/airflow/.local/lib/python3.12/site-packages/airflow/example_dags/example_sensor_decorator.py
[2024-05-06T05:16:55.682+0000] {logging_mixin.py:188} INFO - [2024-05-06T05:16:55.681+0000] {dag.py:3096} INFO - Sync 1 DAGs
[2024-05-06T05:16:55.699+0000] {logging_mixin.py:188} INFO - [2024-05-06T05:16:55.698+0000] {dag.py:3954} INFO - Setting next_dagrun for example_sensor_decorator to None, run_after=None
[2024-05-06T05:16:55.725+0000] {processor.py:183} INFO - Processing /home/airflow/.local/lib/python3.12/site-packages/airflow/example_dags/example_sensor_decorator.py took 0.082 seconds
[2024-05-06T05:17:26.609+0000] {processor.py:161} INFO - Started process (PID=14688) to work on /home/airflow/.local/lib/python3.12/site-packages/airflow/example_dags/example_sensor_decorator.py
[2024-05-06T05:17:26.610+0000] {processor.py:830} INFO - Processing file /home/airflow/.local/lib/python3.12/site-packages/airflow/example_dags/example_sensor_decorator.py for tasks to queue
[2024-05-06T05:17:26.612+0000] {logging_mixin.py:188} INFO - [2024-05-06T05:17:26.612+0000] {dagbag.py:540} INFO - Filling up the DagBag from /home/airflow/.local/lib/python3.12/site-packages/airflow/example_dags/example_sensor_decorator.py
[2024-05-06T05:17:26.619+0000] {processor.py:840} INFO - DAG(s) 'example_sensor_decorator' retrieved from /home/airflow/.local/lib/python3.12/site-packages/airflow/example_dags/example_sensor_decorator.py
[2024-05-06T05:17:26.643+0000] {logging_mixin.py:188} INFO - [2024-05-06T05:17:26.643+0000] {dag.py:3096} INFO - Sync 1 DAGs
[2024-05-06T05:17:26.660+0000] {logging_mixin.py:188} INFO - [2024-05-06T05:17:26.660+0000] {dag.py:3954} INFO - Setting next_dagrun for example_sensor_decorator to None, run_after=None
[2024-05-06T05:17:26.684+0000] {processor.py:183} INFO - Processing /home/airflow/.local/lib/python3.12/site-packages/airflow/example_dags/example_sensor_decorator.py took 0.082 seconds
[2024-05-06T05:17:56.993+0000] {processor.py:161} INFO - Started process (PID=14960) to work on /home/airflow/.local/lib/python3.12/site-packages/airflow/example_dags/example_sensor_decorator.py
[2024-05-06T05:17:56.993+0000] {processor.py:830} INFO - Processing file /home/airflow/.local/lib/python3.12/site-packages/airflow/example_dags/example_sensor_decorator.py for tasks to queue
[2024-05-06T05:17:56.996+0000] {logging_mixin.py:188} INFO - [2024-05-06T05:17:56.996+0000] {dagbag.py:540} INFO - Filling up the DagBag from /home/airflow/.local/lib/python3.12/site-packages/airflow/example_dags/example_sensor_decorator.py
[2024-05-06T05:17:57.002+0000] {processor.py:840} INFO - DAG(s) 'example_sensor_decorator' retrieved from /home/airflow/.local/lib/python3.12/site-packages/airflow/example_dags/example_sensor_decorator.py
[2024-05-06T05:17:57.026+0000] {logging_mixin.py:188} INFO - [2024-05-06T05:17:57.025+0000] {dag.py:3096} INFO - Sync 1 DAGs
[2024-05-06T05:17:57.039+0000] {logging_mixin.py:188} INFO - [2024-05-06T05:17:57.039+0000] {dag.py:3954} INFO - Setting next_dagrun for example_sensor_decorator to None, run_after=None
[2024-05-06T05:17:57.059+0000] {processor.py:183} INFO - Processing /home/airflow/.local/lib/python3.12/site-packages/airflow/example_dags/example_sensor_decorator.py took 0.074 seconds
[2024-05-06T05:18:27.607+0000] {processor.py:161} INFO - Started process (PID=15232) to work on /home/airflow/.local/lib/python3.12/site-packages/airflow/example_dags/example_sensor_decorator.py
[2024-05-06T05:18:27.608+0000] {processor.py:830} INFO - Processing file /home/airflow/.local/lib/python3.12/site-packages/airflow/example_dags/example_sensor_decorator.py for tasks to queue
[2024-05-06T05:18:27.610+0000] {logging_mixin.py:188} INFO - [2024-05-06T05:18:27.610+0000] {dagbag.py:540} INFO - Filling up the DagBag from /home/airflow/.local/lib/python3.12/site-packages/airflow/example_dags/example_sensor_decorator.py
[2024-05-06T05:18:27.614+0000] {processor.py:840} INFO - DAG(s) 'example_sensor_decorator' retrieved from /home/airflow/.local/lib/python3.12/site-packages/airflow/example_dags/example_sensor_decorator.py
[2024-05-06T05:18:27.630+0000] {logging_mixin.py:188} INFO - [2024-05-06T05:18:27.629+0000] {dag.py:3096} INFO - Sync 1 DAGs
[2024-05-06T05:18:27.640+0000] {logging_mixin.py:188} INFO - [2024-05-06T05:18:27.640+0000] {dag.py:3954} INFO - Setting next_dagrun for example_sensor_decorator to None, run_after=None
[2024-05-06T05:18:27.660+0000] {processor.py:183} INFO - Processing /home/airflow/.local/lib/python3.12/site-packages/airflow/example_dags/example_sensor_decorator.py took 0.061 seconds
[2024-05-06T05:18:58.167+0000] {processor.py:161} INFO - Started process (PID=15504) to work on /home/airflow/.local/lib/python3.12/site-packages/airflow/example_dags/example_sensor_decorator.py
[2024-05-06T05:18:58.168+0000] {processor.py:830} INFO - Processing file /home/airflow/.local/lib/python3.12/site-packages/airflow/example_dags/example_sensor_decorator.py for tasks to queue
[2024-05-06T05:18:58.171+0000] {logging_mixin.py:188} INFO - [2024-05-06T05:18:58.170+0000] {dagbag.py:540} INFO - Filling up the DagBag from /home/airflow/.local/lib/python3.12/site-packages/airflow/example_dags/example_sensor_decorator.py
[2024-05-06T05:18:58.177+0000] {processor.py:840} INFO - DAG(s) 'example_sensor_decorator' retrieved from /home/airflow/.local/lib/python3.12/site-packages/airflow/example_dags/example_sensor_decorator.py
[2024-05-06T05:18:58.199+0000] {logging_mixin.py:188} INFO - [2024-05-06T05:18:58.199+0000] {dag.py:3096} INFO - Sync 1 DAGs
[2024-05-06T05:18:58.213+0000] {logging_mixin.py:188} INFO - [2024-05-06T05:18:58.213+0000] {dag.py:3954} INFO - Setting next_dagrun for example_sensor_decorator to None, run_after=None
[2024-05-06T05:18:58.234+0000] {processor.py:183} INFO - Processing /home/airflow/.local/lib/python3.12/site-packages/airflow/example_dags/example_sensor_decorator.py took 0.080 seconds
