[2024-05-06T04:50:21.978+0000] {processor.py:161} INFO - Started process (PID=354) to work on /home/airflow/.local/lib/python3.12/site-packages/airflow/example_dags/example_external_task_marker_dag.py
[2024-05-06T04:50:21.979+0000] {processor.py:830} INFO - Processing file /home/airflow/.local/lib/python3.12/site-packages/airflow/example_dags/example_external_task_marker_dag.py for tasks to queue
[2024-05-06T04:50:21.989+0000] {logging_mixin.py:188} INFO - [2024-05-06T04:50:21.988+0000] {dagbag.py:540} INFO - Filling up the DagBag from /home/airflow/.local/lib/python3.12/site-packages/airflow/example_dags/example_external_task_marker_dag.py
[2024-05-06T04:50:22.001+0000] {processor.py:840} INFO - DAG(s) 'example_external_task_marker_parent', 'example_external_task_marker_child' retrieved from /home/airflow/.local/lib/python3.12/site-packages/airflow/example_dags/example_external_task_marker_dag.py
[2024-05-06T04:50:22.424+0000] {logging_mixin.py:188} INFO - [2024-05-06T04:50:22.423+0000] {override.py:1829} INFO - Created Permission View: can delete on DAG:example_external_task_marker_parent
[2024-05-06T04:50:22.444+0000] {logging_mixin.py:188} INFO - [2024-05-06T04:50:22.444+0000] {override.py:1829} INFO - Created Permission View: can edit on DAG:example_external_task_marker_parent
[2024-05-06T04:50:22.468+0000] {logging_mixin.py:188} INFO - [2024-05-06T04:50:22.468+0000] {override.py:1829} INFO - Created Permission View: can read on DAG:example_external_task_marker_parent
[2024-05-06T04:50:22.522+0000] {logging_mixin.py:188} INFO - [2024-05-06T04:50:22.522+0000] {override.py:1829} INFO - Created Permission View: can delete on DAG:example_external_task_marker_child
[2024-05-06T04:50:22.533+0000] {logging_mixin.py:188} INFO - [2024-05-06T04:50:22.533+0000] {override.py:1829} INFO - Created Permission View: can edit on DAG:example_external_task_marker_child
[2024-05-06T04:50:22.546+0000] {logging_mixin.py:188} INFO - [2024-05-06T04:50:22.546+0000] {override.py:1829} INFO - Created Permission View: can read on DAG:example_external_task_marker_child
[2024-05-06T04:50:22.547+0000] {logging_mixin.py:188} INFO - [2024-05-06T04:50:22.546+0000] {dag.py:3096} INFO - Sync 2 DAGs
[2024-05-06T04:50:22.596+0000] {logging_mixin.py:188} INFO - [2024-05-06T04:50:22.596+0000] {dag.py:3118} INFO - Creating ORM DAG for example_external_task_marker_child
[2024-05-06T04:50:22.597+0000] {logging_mixin.py:188} INFO - [2024-05-06T04:50:22.597+0000] {dag.py:3118} INFO - Creating ORM DAG for example_external_task_marker_parent
[2024-05-06T04:50:22.598+0000] {logging_mixin.py:188} INFO - [2024-05-06T04:50:22.597+0000] {dag.py:3954} INFO - Setting next_dagrun for example_external_task_marker_child to None, run_after=None
[2024-05-06T04:50:22.598+0000] {logging_mixin.py:188} INFO - [2024-05-06T04:50:22.598+0000] {dag.py:3954} INFO - Setting next_dagrun for example_external_task_marker_parent to None, run_after=None
[2024-05-06T04:50:22.656+0000] {processor.py:183} INFO - Processing /home/airflow/.local/lib/python3.12/site-packages/airflow/example_dags/example_external_task_marker_dag.py took 0.690 seconds
[2024-05-06T04:50:52.821+0000] {processor.py:161} INFO - Started process (PID=615) to work on /home/airflow/.local/lib/python3.12/site-packages/airflow/example_dags/example_external_task_marker_dag.py
[2024-05-06T04:50:52.822+0000] {processor.py:830} INFO - Processing file /home/airflow/.local/lib/python3.12/site-packages/airflow/example_dags/example_external_task_marker_dag.py for tasks to queue
[2024-05-06T04:50:52.824+0000] {logging_mixin.py:188} INFO - [2024-05-06T04:50:52.824+0000] {dagbag.py:540} INFO - Filling up the DagBag from /home/airflow/.local/lib/python3.12/site-packages/airflow/example_dags/example_external_task_marker_dag.py
[2024-05-06T04:50:52.831+0000] {processor.py:840} INFO - DAG(s) 'example_external_task_marker_parent', 'example_external_task_marker_child' retrieved from /home/airflow/.local/lib/python3.12/site-packages/airflow/example_dags/example_external_task_marker_dag.py
[2024-05-06T04:50:52.855+0000] {logging_mixin.py:188} INFO - [2024-05-06T04:50:52.855+0000] {dag.py:3096} INFO - Sync 2 DAGs
[2024-05-06T04:50:52.869+0000] {logging_mixin.py:188} INFO - [2024-05-06T04:50:52.869+0000] {dag.py:3954} INFO - Setting next_dagrun for example_external_task_marker_child to None, run_after=None
[2024-05-06T04:50:52.874+0000] {logging_mixin.py:188} INFO - [2024-05-06T04:50:52.874+0000] {dag.py:3954} INFO - Setting next_dagrun for example_external_task_marker_parent to None, run_after=None
[2024-05-06T04:50:52.896+0000] {processor.py:183} INFO - Processing /home/airflow/.local/lib/python3.12/site-packages/airflow/example_dags/example_external_task_marker_dag.py took 0.082 seconds
[2024-05-06T04:51:23.576+0000] {processor.py:161} INFO - Started process (PID=880) to work on /home/airflow/.local/lib/python3.12/site-packages/airflow/example_dags/example_external_task_marker_dag.py
[2024-05-06T04:51:23.577+0000] {processor.py:830} INFO - Processing file /home/airflow/.local/lib/python3.12/site-packages/airflow/example_dags/example_external_task_marker_dag.py for tasks to queue
[2024-05-06T04:51:23.579+0000] {logging_mixin.py:188} INFO - [2024-05-06T04:51:23.579+0000] {dagbag.py:540} INFO - Filling up the DagBag from /home/airflow/.local/lib/python3.12/site-packages/airflow/example_dags/example_external_task_marker_dag.py
[2024-05-06T04:51:23.610+0000] {processor.py:840} INFO - DAG(s) 'example_external_task_marker_parent', 'example_external_task_marker_child' retrieved from /home/airflow/.local/lib/python3.12/site-packages/airflow/example_dags/example_external_task_marker_dag.py
[2024-05-06T04:51:23.761+0000] {logging_mixin.py:188} INFO - [2024-05-06T04:51:23.761+0000] {dag.py:3096} INFO - Sync 2 DAGs
[2024-05-06T04:51:23.783+0000] {logging_mixin.py:188} INFO - [2024-05-06T04:51:23.783+0000] {dag.py:3954} INFO - Setting next_dagrun for example_external_task_marker_child to None, run_after=None
[2024-05-06T04:51:23.789+0000] {logging_mixin.py:188} INFO - [2024-05-06T04:51:23.789+0000] {dag.py:3954} INFO - Setting next_dagrun for example_external_task_marker_parent to None, run_after=None
[2024-05-06T04:51:23.850+0000] {processor.py:183} INFO - Processing /home/airflow/.local/lib/python3.12/site-packages/airflow/example_dags/example_external_task_marker_dag.py took 0.301 seconds
[2024-05-06T04:51:54.509+0000] {processor.py:161} INFO - Started process (PID=1142) to work on /home/airflow/.local/lib/python3.12/site-packages/airflow/example_dags/example_external_task_marker_dag.py
[2024-05-06T04:51:54.510+0000] {processor.py:830} INFO - Processing file /home/airflow/.local/lib/python3.12/site-packages/airflow/example_dags/example_external_task_marker_dag.py for tasks to queue
[2024-05-06T04:51:54.511+0000] {logging_mixin.py:188} INFO - [2024-05-06T04:51:54.511+0000] {dagbag.py:540} INFO - Filling up the DagBag from /home/airflow/.local/lib/python3.12/site-packages/airflow/example_dags/example_external_task_marker_dag.py
[2024-05-06T04:51:54.517+0000] {processor.py:840} INFO - DAG(s) 'example_external_task_marker_child', 'example_external_task_marker_parent' retrieved from /home/airflow/.local/lib/python3.12/site-packages/airflow/example_dags/example_external_task_marker_dag.py
[2024-05-06T04:51:54.542+0000] {logging_mixin.py:188} INFO - [2024-05-06T04:51:54.542+0000] {dag.py:3096} INFO - Sync 2 DAGs
[2024-05-06T04:51:54.560+0000] {logging_mixin.py:188} INFO - [2024-05-06T04:51:54.560+0000] {dag.py:3954} INFO - Setting next_dagrun for example_external_task_marker_child to None, run_after=None
[2024-05-06T04:51:54.565+0000] {logging_mixin.py:188} INFO - [2024-05-06T04:51:54.565+0000] {dag.py:3954} INFO - Setting next_dagrun for example_external_task_marker_parent to None, run_after=None
[2024-05-06T04:51:54.588+0000] {processor.py:183} INFO - Processing /home/airflow/.local/lib/python3.12/site-packages/airflow/example_dags/example_external_task_marker_dag.py took 0.085 seconds
[2024-05-06T04:52:25.541+0000] {processor.py:161} INFO - Started process (PID=1403) to work on /home/airflow/.local/lib/python3.12/site-packages/airflow/example_dags/example_external_task_marker_dag.py
[2024-05-06T04:52:25.542+0000] {processor.py:830} INFO - Processing file /home/airflow/.local/lib/python3.12/site-packages/airflow/example_dags/example_external_task_marker_dag.py for tasks to queue
[2024-05-06T04:52:25.543+0000] {logging_mixin.py:188} INFO - [2024-05-06T04:52:25.543+0000] {dagbag.py:540} INFO - Filling up the DagBag from /home/airflow/.local/lib/python3.12/site-packages/airflow/example_dags/example_external_task_marker_dag.py
[2024-05-06T04:52:25.549+0000] {processor.py:840} INFO - DAG(s) 'example_external_task_marker_parent', 'example_external_task_marker_child' retrieved from /home/airflow/.local/lib/python3.12/site-packages/airflow/example_dags/example_external_task_marker_dag.py
[2024-05-06T04:52:25.573+0000] {logging_mixin.py:188} INFO - [2024-05-06T04:52:25.573+0000] {dag.py:3096} INFO - Sync 2 DAGs
[2024-05-06T04:52:25.590+0000] {logging_mixin.py:188} INFO - [2024-05-06T04:52:25.590+0000] {dag.py:3954} INFO - Setting next_dagrun for example_external_task_marker_child to None, run_after=None
[2024-05-06T04:52:25.594+0000] {logging_mixin.py:188} INFO - [2024-05-06T04:52:25.594+0000] {dag.py:3954} INFO - Setting next_dagrun for example_external_task_marker_parent to None, run_after=None
[2024-05-06T04:52:25.618+0000] {processor.py:183} INFO - Processing /home/airflow/.local/lib/python3.12/site-packages/airflow/example_dags/example_external_task_marker_dag.py took 0.083 seconds
[2024-05-06T04:52:55.729+0000] {processor.py:161} INFO - Started process (PID=1665) to work on /home/airflow/.local/lib/python3.12/site-packages/airflow/example_dags/example_external_task_marker_dag.py
[2024-05-06T04:52:55.730+0000] {processor.py:830} INFO - Processing file /home/airflow/.local/lib/python3.12/site-packages/airflow/example_dags/example_external_task_marker_dag.py for tasks to queue
[2024-05-06T04:52:55.731+0000] {logging_mixin.py:188} INFO - [2024-05-06T04:52:55.731+0000] {dagbag.py:540} INFO - Filling up the DagBag from /home/airflow/.local/lib/python3.12/site-packages/airflow/example_dags/example_external_task_marker_dag.py
[2024-05-06T04:52:55.738+0000] {processor.py:840} INFO - DAG(s) 'example_external_task_marker_child', 'example_external_task_marker_parent' retrieved from /home/airflow/.local/lib/python3.12/site-packages/airflow/example_dags/example_external_task_marker_dag.py
[2024-05-06T04:52:55.766+0000] {logging_mixin.py:188} INFO - [2024-05-06T04:52:55.765+0000] {dag.py:3096} INFO - Sync 2 DAGs
[2024-05-06T04:52:55.783+0000] {logging_mixin.py:188} INFO - [2024-05-06T04:52:55.782+0000] {dag.py:3954} INFO - Setting next_dagrun for example_external_task_marker_child to None, run_after=None
[2024-05-06T04:52:55.787+0000] {logging_mixin.py:188} INFO - [2024-05-06T04:52:55.787+0000] {dag.py:3954} INFO - Setting next_dagrun for example_external_task_marker_parent to None, run_after=None
[2024-05-06T04:52:55.812+0000] {processor.py:183} INFO - Processing /home/airflow/.local/lib/python3.12/site-packages/airflow/example_dags/example_external_task_marker_dag.py took 0.089 seconds
[2024-05-06T04:53:25.940+0000] {processor.py:161} INFO - Started process (PID=1927) to work on /home/airflow/.local/lib/python3.12/site-packages/airflow/example_dags/example_external_task_marker_dag.py
[2024-05-06T04:53:25.941+0000] {processor.py:830} INFO - Processing file /home/airflow/.local/lib/python3.12/site-packages/airflow/example_dags/example_external_task_marker_dag.py for tasks to queue
[2024-05-06T04:53:25.942+0000] {logging_mixin.py:188} INFO - [2024-05-06T04:53:25.942+0000] {dagbag.py:540} INFO - Filling up the DagBag from /home/airflow/.local/lib/python3.12/site-packages/airflow/example_dags/example_external_task_marker_dag.py
[2024-05-06T04:53:25.948+0000] {processor.py:840} INFO - DAG(s) 'example_external_task_marker_child', 'example_external_task_marker_parent' retrieved from /home/airflow/.local/lib/python3.12/site-packages/airflow/example_dags/example_external_task_marker_dag.py
[2024-05-06T04:53:25.979+0000] {logging_mixin.py:188} INFO - [2024-05-06T04:53:25.978+0000] {dag.py:3096} INFO - Sync 2 DAGs
[2024-05-06T04:53:25.995+0000] {logging_mixin.py:188} INFO - [2024-05-06T04:53:25.995+0000] {dag.py:3954} INFO - Setting next_dagrun for example_external_task_marker_child to None, run_after=None
[2024-05-06T04:53:26.002+0000] {logging_mixin.py:188} INFO - [2024-05-06T04:53:26.002+0000] {dag.py:3954} INFO - Setting next_dagrun for example_external_task_marker_parent to None, run_after=None
[2024-05-06T04:53:26.029+0000] {processor.py:183} INFO - Processing /home/airflow/.local/lib/python3.12/site-packages/airflow/example_dags/example_external_task_marker_dag.py took 0.094 seconds
[2024-05-06T04:53:57.318+0000] {processor.py:161} INFO - Started process (PID=2192) to work on /home/airflow/.local/lib/python3.12/site-packages/airflow/example_dags/example_external_task_marker_dag.py
[2024-05-06T04:53:57.321+0000] {processor.py:830} INFO - Processing file /home/airflow/.local/lib/python3.12/site-packages/airflow/example_dags/example_external_task_marker_dag.py for tasks to queue
[2024-05-06T04:53:57.324+0000] {logging_mixin.py:188} INFO - [2024-05-06T04:53:57.324+0000] {dagbag.py:540} INFO - Filling up the DagBag from /home/airflow/.local/lib/python3.12/site-packages/airflow/example_dags/example_external_task_marker_dag.py
[2024-05-06T04:53:57.331+0000] {processor.py:840} INFO - DAG(s) 'example_external_task_marker_child', 'example_external_task_marker_parent' retrieved from /home/airflow/.local/lib/python3.12/site-packages/airflow/example_dags/example_external_task_marker_dag.py
[2024-05-06T04:53:57.362+0000] {logging_mixin.py:188} INFO - [2024-05-06T04:53:57.362+0000] {dag.py:3096} INFO - Sync 2 DAGs
[2024-05-06T04:53:57.390+0000] {logging_mixin.py:188} INFO - [2024-05-06T04:53:57.390+0000] {dag.py:3954} INFO - Setting next_dagrun for example_external_task_marker_child to None, run_after=None
[2024-05-06T04:53:57.395+0000] {logging_mixin.py:188} INFO - [2024-05-06T04:53:57.394+0000] {dag.py:3954} INFO - Setting next_dagrun for example_external_task_marker_parent to None, run_after=None
[2024-05-06T04:53:57.423+0000] {processor.py:183} INFO - Processing /home/airflow/.local/lib/python3.12/site-packages/airflow/example_dags/example_external_task_marker_dag.py took 0.119 seconds
[2024-05-06T04:54:28.996+0000] {processor.py:161} INFO - Started process (PID=2549) to work on /home/airflow/.local/lib/python3.12/site-packages/airflow/example_dags/example_external_task_marker_dag.py
[2024-05-06T04:54:28.998+0000] {processor.py:830} INFO - Processing file /home/airflow/.local/lib/python3.12/site-packages/airflow/example_dags/example_external_task_marker_dag.py for tasks to queue
[2024-05-06T04:54:29.000+0000] {logging_mixin.py:188} INFO - [2024-05-06T04:54:28.999+0000] {dagbag.py:540} INFO - Filling up the DagBag from /home/airflow/.local/lib/python3.12/site-packages/airflow/example_dags/example_external_task_marker_dag.py
[2024-05-06T04:54:29.022+0000] {processor.py:840} INFO - DAG(s) 'example_external_task_marker_child', 'example_external_task_marker_parent' retrieved from /home/airflow/.local/lib/python3.12/site-packages/airflow/example_dags/example_external_task_marker_dag.py
[2024-05-06T04:54:29.058+0000] {logging_mixin.py:188} INFO - [2024-05-06T04:54:29.057+0000] {dag.py:3096} INFO - Sync 2 DAGs
[2024-05-06T04:54:29.075+0000] {logging_mixin.py:188} INFO - [2024-05-06T04:54:29.075+0000] {dag.py:3954} INFO - Setting next_dagrun for example_external_task_marker_child to None, run_after=None
[2024-05-06T04:54:29.079+0000] {logging_mixin.py:188} INFO - [2024-05-06T04:54:29.079+0000] {dag.py:3954} INFO - Setting next_dagrun for example_external_task_marker_parent to None, run_after=None
[2024-05-06T04:54:29.102+0000] {processor.py:183} INFO - Processing /home/airflow/.local/lib/python3.12/site-packages/airflow/example_dags/example_external_task_marker_dag.py took 0.127 seconds
[2024-05-06T04:54:59.641+0000] {processor.py:161} INFO - Started process (PID=2862) to work on /home/airflow/.local/lib/python3.12/site-packages/airflow/example_dags/example_external_task_marker_dag.py
[2024-05-06T04:54:59.646+0000] {processor.py:830} INFO - Processing file /home/airflow/.local/lib/python3.12/site-packages/airflow/example_dags/example_external_task_marker_dag.py for tasks to queue
[2024-05-06T04:54:59.648+0000] {logging_mixin.py:188} INFO - [2024-05-06T04:54:59.647+0000] {dagbag.py:540} INFO - Filling up the DagBag from /home/airflow/.local/lib/python3.12/site-packages/airflow/example_dags/example_external_task_marker_dag.py
[2024-05-06T04:54:59.695+0000] {processor.py:840} INFO - DAG(s) 'example_external_task_marker_parent', 'example_external_task_marker_child' retrieved from /home/airflow/.local/lib/python3.12/site-packages/airflow/example_dags/example_external_task_marker_dag.py
[2024-05-06T04:54:59.743+0000] {logging_mixin.py:188} INFO - [2024-05-06T04:54:59.742+0000] {dag.py:3096} INFO - Sync 2 DAGs
[2024-05-06T04:54:59.768+0000] {logging_mixin.py:188} INFO - [2024-05-06T04:54:59.767+0000] {dag.py:3954} INFO - Setting next_dagrun for example_external_task_marker_child to None, run_after=None
[2024-05-06T04:54:59.793+0000] {logging_mixin.py:188} INFO - [2024-05-06T04:54:59.793+0000] {dag.py:3954} INFO - Setting next_dagrun for example_external_task_marker_parent to None, run_after=None
[2024-05-06T04:54:59.833+0000] {processor.py:183} INFO - Processing /home/airflow/.local/lib/python3.12/site-packages/airflow/example_dags/example_external_task_marker_dag.py took 0.199 seconds
[2024-05-06T04:55:29.969+0000] {processor.py:161} INFO - Started process (PID=3126) to work on /home/airflow/.local/lib/python3.12/site-packages/airflow/example_dags/example_external_task_marker_dag.py
[2024-05-06T04:55:29.970+0000] {processor.py:830} INFO - Processing file /home/airflow/.local/lib/python3.12/site-packages/airflow/example_dags/example_external_task_marker_dag.py for tasks to queue
[2024-05-06T04:55:29.972+0000] {logging_mixin.py:188} INFO - [2024-05-06T04:55:29.972+0000] {dagbag.py:540} INFO - Filling up the DagBag from /home/airflow/.local/lib/python3.12/site-packages/airflow/example_dags/example_external_task_marker_dag.py
[2024-05-06T04:55:29.978+0000] {processor.py:840} INFO - DAG(s) 'example_external_task_marker_parent', 'example_external_task_marker_child' retrieved from /home/airflow/.local/lib/python3.12/site-packages/airflow/example_dags/example_external_task_marker_dag.py
[2024-05-06T04:55:29.998+0000] {logging_mixin.py:188} INFO - [2024-05-06T04:55:29.997+0000] {dag.py:3096} INFO - Sync 2 DAGs
[2024-05-06T04:55:30.009+0000] {logging_mixin.py:188} INFO - [2024-05-06T04:55:30.009+0000] {dag.py:3954} INFO - Setting next_dagrun for example_external_task_marker_child to None, run_after=None
[2024-05-06T04:55:30.013+0000] {logging_mixin.py:188} INFO - [2024-05-06T04:55:30.013+0000] {dag.py:3954} INFO - Setting next_dagrun for example_external_task_marker_parent to None, run_after=None
[2024-05-06T04:55:30.033+0000] {processor.py:183} INFO - Processing /home/airflow/.local/lib/python3.12/site-packages/airflow/example_dags/example_external_task_marker_dag.py took 0.072 seconds
[2024-05-06T04:56:00.199+0000] {processor.py:161} INFO - Started process (PID=3387) to work on /home/airflow/.local/lib/python3.12/site-packages/airflow/example_dags/example_external_task_marker_dag.py
[2024-05-06T04:56:00.206+0000] {processor.py:830} INFO - Processing file /home/airflow/.local/lib/python3.12/site-packages/airflow/example_dags/example_external_task_marker_dag.py for tasks to queue
[2024-05-06T04:56:00.207+0000] {logging_mixin.py:188} INFO - [2024-05-06T04:56:00.207+0000] {dagbag.py:540} INFO - Filling up the DagBag from /home/airflow/.local/lib/python3.12/site-packages/airflow/example_dags/example_external_task_marker_dag.py
[2024-05-06T04:56:00.214+0000] {processor.py:840} INFO - DAG(s) 'example_external_task_marker_parent', 'example_external_task_marker_child' retrieved from /home/airflow/.local/lib/python3.12/site-packages/airflow/example_dags/example_external_task_marker_dag.py
[2024-05-06T04:56:00.261+0000] {logging_mixin.py:188} INFO - [2024-05-06T04:56:00.260+0000] {dag.py:3096} INFO - Sync 2 DAGs
[2024-05-06T04:56:00.312+0000] {logging_mixin.py:188} INFO - [2024-05-06T04:56:00.311+0000] {dag.py:3954} INFO - Setting next_dagrun for example_external_task_marker_child to None, run_after=None
[2024-05-06T04:56:00.321+0000] {logging_mixin.py:188} INFO - [2024-05-06T04:56:00.321+0000] {dag.py:3954} INFO - Setting next_dagrun for example_external_task_marker_parent to None, run_after=None
[2024-05-06T04:56:00.372+0000] {processor.py:183} INFO - Processing /home/airflow/.local/lib/python3.12/site-packages/airflow/example_dags/example_external_task_marker_dag.py took 0.179 seconds
[2024-05-06T04:56:30.938+0000] {processor.py:161} INFO - Started process (PID=3650) to work on /home/airflow/.local/lib/python3.12/site-packages/airflow/example_dags/example_external_task_marker_dag.py
[2024-05-06T04:56:30.939+0000] {processor.py:830} INFO - Processing file /home/airflow/.local/lib/python3.12/site-packages/airflow/example_dags/example_external_task_marker_dag.py for tasks to queue
[2024-05-06T04:56:30.940+0000] {logging_mixin.py:188} INFO - [2024-05-06T04:56:30.940+0000] {dagbag.py:540} INFO - Filling up the DagBag from /home/airflow/.local/lib/python3.12/site-packages/airflow/example_dags/example_external_task_marker_dag.py
[2024-05-06T04:56:30.947+0000] {processor.py:840} INFO - DAG(s) 'example_external_task_marker_child', 'example_external_task_marker_parent' retrieved from /home/airflow/.local/lib/python3.12/site-packages/airflow/example_dags/example_external_task_marker_dag.py
[2024-05-06T04:56:30.971+0000] {logging_mixin.py:188} INFO - [2024-05-06T04:56:30.971+0000] {dag.py:3096} INFO - Sync 2 DAGs
[2024-05-06T04:56:30.987+0000] {logging_mixin.py:188} INFO - [2024-05-06T04:56:30.987+0000] {dag.py:3954} INFO - Setting next_dagrun for example_external_task_marker_child to None, run_after=None
[2024-05-06T04:56:30.991+0000] {logging_mixin.py:188} INFO - [2024-05-06T04:56:30.991+0000] {dag.py:3954} INFO - Setting next_dagrun for example_external_task_marker_parent to None, run_after=None
[2024-05-06T04:56:31.014+0000] {processor.py:183} INFO - Processing /home/airflow/.local/lib/python3.12/site-packages/airflow/example_dags/example_external_task_marker_dag.py took 0.084 seconds
[2024-05-06T04:57:01.843+0000] {processor.py:161} INFO - Started process (PID=3913) to work on /home/airflow/.local/lib/python3.12/site-packages/airflow/example_dags/example_external_task_marker_dag.py
[2024-05-06T04:57:01.844+0000] {processor.py:830} INFO - Processing file /home/airflow/.local/lib/python3.12/site-packages/airflow/example_dags/example_external_task_marker_dag.py for tasks to queue
[2024-05-06T04:57:01.846+0000] {logging_mixin.py:188} INFO - [2024-05-06T04:57:01.846+0000] {dagbag.py:540} INFO - Filling up the DagBag from /home/airflow/.local/lib/python3.12/site-packages/airflow/example_dags/example_external_task_marker_dag.py
[2024-05-06T04:57:01.850+0000] {processor.py:840} INFO - DAG(s) 'example_external_task_marker_parent', 'example_external_task_marker_child' retrieved from /home/airflow/.local/lib/python3.12/site-packages/airflow/example_dags/example_external_task_marker_dag.py
[2024-05-06T04:57:01.876+0000] {logging_mixin.py:188} INFO - [2024-05-06T04:57:01.876+0000] {dag.py:3096} INFO - Sync 2 DAGs
[2024-05-06T04:57:01.892+0000] {logging_mixin.py:188} INFO - [2024-05-06T04:57:01.891+0000] {dag.py:3954} INFO - Setting next_dagrun for example_external_task_marker_child to None, run_after=None
[2024-05-06T04:57:01.896+0000] {logging_mixin.py:188} INFO - [2024-05-06T04:57:01.896+0000] {dag.py:3954} INFO - Setting next_dagrun for example_external_task_marker_parent to None, run_after=None
[2024-05-06T04:57:01.919+0000] {processor.py:183} INFO - Processing /home/airflow/.local/lib/python3.12/site-packages/airflow/example_dags/example_external_task_marker_dag.py took 0.083 seconds
[2024-05-06T04:57:32.070+0000] {processor.py:161} INFO - Started process (PID=4175) to work on /home/airflow/.local/lib/python3.12/site-packages/airflow/example_dags/example_external_task_marker_dag.py
[2024-05-06T04:57:32.070+0000] {processor.py:830} INFO - Processing file /home/airflow/.local/lib/python3.12/site-packages/airflow/example_dags/example_external_task_marker_dag.py for tasks to queue
[2024-05-06T04:57:32.072+0000] {logging_mixin.py:188} INFO - [2024-05-06T04:57:32.072+0000] {dagbag.py:540} INFO - Filling up the DagBag from /home/airflow/.local/lib/python3.12/site-packages/airflow/example_dags/example_external_task_marker_dag.py
[2024-05-06T04:57:32.077+0000] {processor.py:840} INFO - DAG(s) 'example_external_task_marker_child', 'example_external_task_marker_parent' retrieved from /home/airflow/.local/lib/python3.12/site-packages/airflow/example_dags/example_external_task_marker_dag.py
[2024-05-06T04:57:32.109+0000] {logging_mixin.py:188} INFO - [2024-05-06T04:57:32.109+0000] {dag.py:3096} INFO - Sync 2 DAGs
[2024-05-06T04:57:32.125+0000] {logging_mixin.py:188} INFO - [2024-05-06T04:57:32.124+0000] {dag.py:3954} INFO - Setting next_dagrun for example_external_task_marker_child to None, run_after=None
[2024-05-06T04:57:32.129+0000] {logging_mixin.py:188} INFO - [2024-05-06T04:57:32.129+0000] {dag.py:3954} INFO - Setting next_dagrun for example_external_task_marker_parent to None, run_after=None
[2024-05-06T04:57:32.151+0000] {processor.py:183} INFO - Processing /home/airflow/.local/lib/python3.12/site-packages/airflow/example_dags/example_external_task_marker_dag.py took 0.088 seconds
[2024-05-06T04:58:02.693+0000] {processor.py:161} INFO - Started process (PID=4437) to work on /home/airflow/.local/lib/python3.12/site-packages/airflow/example_dags/example_external_task_marker_dag.py
[2024-05-06T04:58:02.700+0000] {processor.py:830} INFO - Processing file /home/airflow/.local/lib/python3.12/site-packages/airflow/example_dags/example_external_task_marker_dag.py for tasks to queue
[2024-05-06T04:58:02.701+0000] {logging_mixin.py:188} INFO - [2024-05-06T04:58:02.701+0000] {dagbag.py:540} INFO - Filling up the DagBag from /home/airflow/.local/lib/python3.12/site-packages/airflow/example_dags/example_external_task_marker_dag.py
[2024-05-06T04:58:02.708+0000] {processor.py:840} INFO - DAG(s) 'example_external_task_marker_parent', 'example_external_task_marker_child' retrieved from /home/airflow/.local/lib/python3.12/site-packages/airflow/example_dags/example_external_task_marker_dag.py
[2024-05-06T04:58:02.735+0000] {logging_mixin.py:188} INFO - [2024-05-06T04:58:02.735+0000] {dag.py:3096} INFO - Sync 2 DAGs
[2024-05-06T04:58:02.753+0000] {logging_mixin.py:188} INFO - [2024-05-06T04:58:02.753+0000] {dag.py:3954} INFO - Setting next_dagrun for example_external_task_marker_child to None, run_after=None
[2024-05-06T04:58:02.758+0000] {logging_mixin.py:188} INFO - [2024-05-06T04:58:02.758+0000] {dag.py:3954} INFO - Setting next_dagrun for example_external_task_marker_parent to None, run_after=None
[2024-05-06T04:58:02.795+0000] {processor.py:183} INFO - Processing /home/airflow/.local/lib/python3.12/site-packages/airflow/example_dags/example_external_task_marker_dag.py took 0.114 seconds
[2024-05-06T04:58:33.355+0000] {processor.py:161} INFO - Started process (PID=4699) to work on /home/airflow/.local/lib/python3.12/site-packages/airflow/example_dags/example_external_task_marker_dag.py
[2024-05-06T04:58:33.360+0000] {processor.py:830} INFO - Processing file /home/airflow/.local/lib/python3.12/site-packages/airflow/example_dags/example_external_task_marker_dag.py for tasks to queue
[2024-05-06T04:58:33.365+0000] {logging_mixin.py:188} INFO - [2024-05-06T04:58:33.364+0000] {dagbag.py:540} INFO - Filling up the DagBag from /home/airflow/.local/lib/python3.12/site-packages/airflow/example_dags/example_external_task_marker_dag.py
[2024-05-06T04:58:33.371+0000] {processor.py:840} INFO - DAG(s) 'example_external_task_marker_parent', 'example_external_task_marker_child' retrieved from /home/airflow/.local/lib/python3.12/site-packages/airflow/example_dags/example_external_task_marker_dag.py
[2024-05-06T04:58:33.407+0000] {logging_mixin.py:188} INFO - [2024-05-06T04:58:33.407+0000] {dag.py:3096} INFO - Sync 2 DAGs
[2024-05-06T04:58:33.425+0000] {logging_mixin.py:188} INFO - [2024-05-06T04:58:33.425+0000] {dag.py:3954} INFO - Setting next_dagrun for example_external_task_marker_child to None, run_after=None
[2024-05-06T04:58:33.431+0000] {logging_mixin.py:188} INFO - [2024-05-06T04:58:33.431+0000] {dag.py:3954} INFO - Setting next_dagrun for example_external_task_marker_parent to None, run_after=None
[2024-05-06T04:58:33.458+0000] {processor.py:183} INFO - Processing /home/airflow/.local/lib/python3.12/site-packages/airflow/example_dags/example_external_task_marker_dag.py took 0.136 seconds
[2024-05-06T04:59:03.838+0000] {processor.py:161} INFO - Started process (PID=4963) to work on /home/airflow/.local/lib/python3.12/site-packages/airflow/example_dags/example_external_task_marker_dag.py
[2024-05-06T04:59:03.839+0000] {processor.py:830} INFO - Processing file /home/airflow/.local/lib/python3.12/site-packages/airflow/example_dags/example_external_task_marker_dag.py for tasks to queue
[2024-05-06T04:59:03.841+0000] {logging_mixin.py:188} INFO - [2024-05-06T04:59:03.841+0000] {dagbag.py:540} INFO - Filling up the DagBag from /home/airflow/.local/lib/python3.12/site-packages/airflow/example_dags/example_external_task_marker_dag.py
[2024-05-06T04:59:03.848+0000] {processor.py:840} INFO - DAG(s) 'example_external_task_marker_parent', 'example_external_task_marker_child' retrieved from /home/airflow/.local/lib/python3.12/site-packages/airflow/example_dags/example_external_task_marker_dag.py
[2024-05-06T04:59:03.891+0000] {logging_mixin.py:188} INFO - [2024-05-06T04:59:03.891+0000] {dag.py:3096} INFO - Sync 2 DAGs
[2024-05-06T04:59:03.909+0000] {logging_mixin.py:188} INFO - [2024-05-06T04:59:03.909+0000] {dag.py:3954} INFO - Setting next_dagrun for example_external_task_marker_child to None, run_after=None
[2024-05-06T04:59:03.914+0000] {logging_mixin.py:188} INFO - [2024-05-06T04:59:03.914+0000] {dag.py:3954} INFO - Setting next_dagrun for example_external_task_marker_parent to None, run_after=None
[2024-05-06T04:59:03.938+0000] {processor.py:183} INFO - Processing /home/airflow/.local/lib/python3.12/site-packages/airflow/example_dags/example_external_task_marker_dag.py took 0.107 seconds
[2024-05-06T04:59:34.780+0000] {processor.py:161} INFO - Started process (PID=5224) to work on /home/airflow/.local/lib/python3.12/site-packages/airflow/example_dags/example_external_task_marker_dag.py
[2024-05-06T04:59:34.784+0000] {processor.py:830} INFO - Processing file /home/airflow/.local/lib/python3.12/site-packages/airflow/example_dags/example_external_task_marker_dag.py for tasks to queue
[2024-05-06T04:59:34.786+0000] {logging_mixin.py:188} INFO - [2024-05-06T04:59:34.786+0000] {dagbag.py:540} INFO - Filling up the DagBag from /home/airflow/.local/lib/python3.12/site-packages/airflow/example_dags/example_external_task_marker_dag.py
[2024-05-06T04:59:34.802+0000] {processor.py:840} INFO - DAG(s) 'example_external_task_marker_parent', 'example_external_task_marker_child' retrieved from /home/airflow/.local/lib/python3.12/site-packages/airflow/example_dags/example_external_task_marker_dag.py
[2024-05-06T04:59:34.851+0000] {logging_mixin.py:188} INFO - [2024-05-06T04:59:34.851+0000] {dag.py:3096} INFO - Sync 2 DAGs
[2024-05-06T04:59:34.885+0000] {logging_mixin.py:188} INFO - [2024-05-06T04:59:34.885+0000] {dag.py:3954} INFO - Setting next_dagrun for example_external_task_marker_child to None, run_after=None
[2024-05-06T04:59:34.890+0000] {logging_mixin.py:188} INFO - [2024-05-06T04:59:34.890+0000] {dag.py:3954} INFO - Setting next_dagrun for example_external_task_marker_parent to None, run_after=None
[2024-05-06T04:59:34.914+0000] {processor.py:183} INFO - Processing /home/airflow/.local/lib/python3.12/site-packages/airflow/example_dags/example_external_task_marker_dag.py took 0.149 seconds
[2024-05-06T05:00:05.084+0000] {processor.py:161} INFO - Started process (PID=5486) to work on /home/airflow/.local/lib/python3.12/site-packages/airflow/example_dags/example_external_task_marker_dag.py
[2024-05-06T05:00:05.085+0000] {processor.py:830} INFO - Processing file /home/airflow/.local/lib/python3.12/site-packages/airflow/example_dags/example_external_task_marker_dag.py for tasks to queue
[2024-05-06T05:00:05.087+0000] {logging_mixin.py:188} INFO - [2024-05-06T05:00:05.087+0000] {dagbag.py:540} INFO - Filling up the DagBag from /home/airflow/.local/lib/python3.12/site-packages/airflow/example_dags/example_external_task_marker_dag.py
[2024-05-06T05:00:05.094+0000] {processor.py:840} INFO - DAG(s) 'example_external_task_marker_child', 'example_external_task_marker_parent' retrieved from /home/airflow/.local/lib/python3.12/site-packages/airflow/example_dags/example_external_task_marker_dag.py
[2024-05-06T05:00:05.119+0000] {logging_mixin.py:188} INFO - [2024-05-06T05:00:05.119+0000] {dag.py:3096} INFO - Sync 2 DAGs
[2024-05-06T05:00:05.136+0000] {logging_mixin.py:188} INFO - [2024-05-06T05:00:05.136+0000] {dag.py:3954} INFO - Setting next_dagrun for example_external_task_marker_child to None, run_after=None
[2024-05-06T05:00:05.141+0000] {logging_mixin.py:188} INFO - [2024-05-06T05:00:05.141+0000] {dag.py:3954} INFO - Setting next_dagrun for example_external_task_marker_parent to None, run_after=None
[2024-05-06T05:00:05.164+0000] {processor.py:183} INFO - Processing /home/airflow/.local/lib/python3.12/site-packages/airflow/example_dags/example_external_task_marker_dag.py took 0.085 seconds
[2024-05-06T05:00:35.382+0000] {processor.py:161} INFO - Started process (PID=5754) to work on /home/airflow/.local/lib/python3.12/site-packages/airflow/example_dags/example_external_task_marker_dag.py
[2024-05-06T05:00:35.392+0000] {processor.py:830} INFO - Processing file /home/airflow/.local/lib/python3.12/site-packages/airflow/example_dags/example_external_task_marker_dag.py for tasks to queue
[2024-05-06T05:00:35.394+0000] {logging_mixin.py:188} INFO - [2024-05-06T05:00:35.394+0000] {dagbag.py:540} INFO - Filling up the DagBag from /home/airflow/.local/lib/python3.12/site-packages/airflow/example_dags/example_external_task_marker_dag.py
[2024-05-06T05:00:35.411+0000] {processor.py:840} INFO - DAG(s) 'example_external_task_marker_child', 'example_external_task_marker_parent' retrieved from /home/airflow/.local/lib/python3.12/site-packages/airflow/example_dags/example_external_task_marker_dag.py
[2024-05-06T05:00:35.441+0000] {logging_mixin.py:188} INFO - [2024-05-06T05:00:35.440+0000] {dag.py:3096} INFO - Sync 2 DAGs
[2024-05-06T05:00:35.459+0000] {logging_mixin.py:188} INFO - [2024-05-06T05:00:35.459+0000] {dag.py:3954} INFO - Setting next_dagrun for example_external_task_marker_child to None, run_after=None
[2024-05-06T05:00:35.463+0000] {logging_mixin.py:188} INFO - [2024-05-06T05:00:35.463+0000] {dag.py:3954} INFO - Setting next_dagrun for example_external_task_marker_parent to None, run_after=None
[2024-05-06T05:00:35.489+0000] {processor.py:183} INFO - Processing /home/airflow/.local/lib/python3.12/site-packages/airflow/example_dags/example_external_task_marker_dag.py took 0.116 seconds
[2024-05-06T05:01:05.662+0000] {processor.py:161} INFO - Started process (PID=6021) to work on /home/airflow/.local/lib/python3.12/site-packages/airflow/example_dags/example_external_task_marker_dag.py
[2024-05-06T05:01:05.663+0000] {processor.py:830} INFO - Processing file /home/airflow/.local/lib/python3.12/site-packages/airflow/example_dags/example_external_task_marker_dag.py for tasks to queue
[2024-05-06T05:01:05.664+0000] {logging_mixin.py:188} INFO - [2024-05-06T05:01:05.664+0000] {dagbag.py:540} INFO - Filling up the DagBag from /home/airflow/.local/lib/python3.12/site-packages/airflow/example_dags/example_external_task_marker_dag.py
[2024-05-06T05:01:05.670+0000] {processor.py:840} INFO - DAG(s) 'example_external_task_marker_parent', 'example_external_task_marker_child' retrieved from /home/airflow/.local/lib/python3.12/site-packages/airflow/example_dags/example_external_task_marker_dag.py
[2024-05-06T05:01:05.695+0000] {logging_mixin.py:188} INFO - [2024-05-06T05:01:05.695+0000] {dag.py:3096} INFO - Sync 2 DAGs
[2024-05-06T05:01:05.713+0000] {logging_mixin.py:188} INFO - [2024-05-06T05:01:05.712+0000] {dag.py:3954} INFO - Setting next_dagrun for example_external_task_marker_child to None, run_after=None
[2024-05-06T05:01:05.717+0000] {logging_mixin.py:188} INFO - [2024-05-06T05:01:05.716+0000] {dag.py:3954} INFO - Setting next_dagrun for example_external_task_marker_parent to None, run_after=None
[2024-05-06T05:01:05.739+0000] {processor.py:183} INFO - Processing /home/airflow/.local/lib/python3.12/site-packages/airflow/example_dags/example_external_task_marker_dag.py took 0.083 seconds
[2024-05-06T05:01:36.678+0000] {processor.py:161} INFO - Started process (PID=6288) to work on /home/airflow/.local/lib/python3.12/site-packages/airflow/example_dags/example_external_task_marker_dag.py
[2024-05-06T05:01:36.678+0000] {processor.py:830} INFO - Processing file /home/airflow/.local/lib/python3.12/site-packages/airflow/example_dags/example_external_task_marker_dag.py for tasks to queue
[2024-05-06T05:01:36.680+0000] {logging_mixin.py:188} INFO - [2024-05-06T05:01:36.680+0000] {dagbag.py:540} INFO - Filling up the DagBag from /home/airflow/.local/lib/python3.12/site-packages/airflow/example_dags/example_external_task_marker_dag.py
[2024-05-06T05:01:36.687+0000] {processor.py:840} INFO - DAG(s) 'example_external_task_marker_parent', 'example_external_task_marker_child' retrieved from /home/airflow/.local/lib/python3.12/site-packages/airflow/example_dags/example_external_task_marker_dag.py
[2024-05-06T05:01:36.712+0000] {logging_mixin.py:188} INFO - [2024-05-06T05:01:36.712+0000] {dag.py:3096} INFO - Sync 2 DAGs
[2024-05-06T05:01:36.729+0000] {logging_mixin.py:188} INFO - [2024-05-06T05:01:36.729+0000] {dag.py:3954} INFO - Setting next_dagrun for example_external_task_marker_child to None, run_after=None
[2024-05-06T05:01:36.733+0000] {logging_mixin.py:188} INFO - [2024-05-06T05:01:36.733+0000] {dag.py:3954} INFO - Setting next_dagrun for example_external_task_marker_parent to None, run_after=None
[2024-05-06T05:01:36.756+0000] {processor.py:183} INFO - Processing /home/airflow/.local/lib/python3.12/site-packages/airflow/example_dags/example_external_task_marker_dag.py took 0.084 seconds
[2024-05-06T05:02:07.740+0000] {processor.py:161} INFO - Started process (PID=6556) to work on /home/airflow/.local/lib/python3.12/site-packages/airflow/example_dags/example_external_task_marker_dag.py
[2024-05-06T05:02:07.741+0000] {processor.py:830} INFO - Processing file /home/airflow/.local/lib/python3.12/site-packages/airflow/example_dags/example_external_task_marker_dag.py for tasks to queue
[2024-05-06T05:02:07.742+0000] {logging_mixin.py:188} INFO - [2024-05-06T05:02:07.742+0000] {dagbag.py:540} INFO - Filling up the DagBag from /home/airflow/.local/lib/python3.12/site-packages/airflow/example_dags/example_external_task_marker_dag.py
[2024-05-06T05:02:07.748+0000] {processor.py:840} INFO - DAG(s) 'example_external_task_marker_child', 'example_external_task_marker_parent' retrieved from /home/airflow/.local/lib/python3.12/site-packages/airflow/example_dags/example_external_task_marker_dag.py
[2024-05-06T05:02:07.776+0000] {logging_mixin.py:188} INFO - [2024-05-06T05:02:07.775+0000] {dag.py:3096} INFO - Sync 2 DAGs
[2024-05-06T05:02:07.793+0000] {logging_mixin.py:188} INFO - [2024-05-06T05:02:07.792+0000] {dag.py:3954} INFO - Setting next_dagrun for example_external_task_marker_child to None, run_after=None
[2024-05-06T05:02:07.797+0000] {logging_mixin.py:188} INFO - [2024-05-06T05:02:07.797+0000] {dag.py:3954} INFO - Setting next_dagrun for example_external_task_marker_parent to None, run_after=None
[2024-05-06T05:02:08.003+0000] {processor.py:183} INFO - Processing /home/airflow/.local/lib/python3.12/site-packages/airflow/example_dags/example_external_task_marker_dag.py took 0.270 seconds
[2024-05-06T05:02:38.061+0000] {processor.py:161} INFO - Started process (PID=6826) to work on /home/airflow/.local/lib/python3.12/site-packages/airflow/example_dags/example_external_task_marker_dag.py
[2024-05-06T05:02:38.061+0000] {processor.py:830} INFO - Processing file /home/airflow/.local/lib/python3.12/site-packages/airflow/example_dags/example_external_task_marker_dag.py for tasks to queue
[2024-05-06T05:02:38.063+0000] {logging_mixin.py:188} INFO - [2024-05-06T05:02:38.063+0000] {dagbag.py:540} INFO - Filling up the DagBag from /home/airflow/.local/lib/python3.12/site-packages/airflow/example_dags/example_external_task_marker_dag.py
[2024-05-06T05:02:38.068+0000] {processor.py:840} INFO - DAG(s) 'example_external_task_marker_child', 'example_external_task_marker_parent' retrieved from /home/airflow/.local/lib/python3.12/site-packages/airflow/example_dags/example_external_task_marker_dag.py
[2024-05-06T05:02:38.087+0000] {logging_mixin.py:188} INFO - [2024-05-06T05:02:38.087+0000] {dag.py:3096} INFO - Sync 2 DAGs
[2024-05-06T05:02:38.098+0000] {logging_mixin.py:188} INFO - [2024-05-06T05:02:38.098+0000] {dag.py:3954} INFO - Setting next_dagrun for example_external_task_marker_child to None, run_after=None
[2024-05-06T05:02:38.101+0000] {logging_mixin.py:188} INFO - [2024-05-06T05:02:38.101+0000] {dag.py:3954} INFO - Setting next_dagrun for example_external_task_marker_parent to None, run_after=None
[2024-05-06T05:02:38.119+0000] {processor.py:183} INFO - Processing /home/airflow/.local/lib/python3.12/site-packages/airflow/example_dags/example_external_task_marker_dag.py took 0.063 seconds
[2024-05-06T05:03:08.539+0000] {processor.py:161} INFO - Started process (PID=7092) to work on /home/airflow/.local/lib/python3.12/site-packages/airflow/example_dags/example_external_task_marker_dag.py
[2024-05-06T05:03:08.540+0000] {processor.py:830} INFO - Processing file /home/airflow/.local/lib/python3.12/site-packages/airflow/example_dags/example_external_task_marker_dag.py for tasks to queue
[2024-05-06T05:03:08.541+0000] {logging_mixin.py:188} INFO - [2024-05-06T05:03:08.541+0000] {dagbag.py:540} INFO - Filling up the DagBag from /home/airflow/.local/lib/python3.12/site-packages/airflow/example_dags/example_external_task_marker_dag.py
[2024-05-06T05:03:08.547+0000] {processor.py:840} INFO - DAG(s) 'example_external_task_marker_parent', 'example_external_task_marker_child' retrieved from /home/airflow/.local/lib/python3.12/site-packages/airflow/example_dags/example_external_task_marker_dag.py
[2024-05-06T05:03:08.581+0000] {logging_mixin.py:188} INFO - [2024-05-06T05:03:08.580+0000] {dag.py:3096} INFO - Sync 2 DAGs
[2024-05-06T05:03:08.597+0000] {logging_mixin.py:188} INFO - [2024-05-06T05:03:08.597+0000] {dag.py:3954} INFO - Setting next_dagrun for example_external_task_marker_child to None, run_after=None
[2024-05-06T05:03:08.601+0000] {logging_mixin.py:188} INFO - [2024-05-06T05:03:08.601+0000] {dag.py:3954} INFO - Setting next_dagrun for example_external_task_marker_parent to None, run_after=None
[2024-05-06T05:03:08.624+0000] {processor.py:183} INFO - Processing /home/airflow/.local/lib/python3.12/site-packages/airflow/example_dags/example_external_task_marker_dag.py took 0.091 seconds
[2024-05-06T05:03:39.296+0000] {processor.py:161} INFO - Started process (PID=7359) to work on /home/airflow/.local/lib/python3.12/site-packages/airflow/example_dags/example_external_task_marker_dag.py
[2024-05-06T05:03:39.297+0000] {processor.py:830} INFO - Processing file /home/airflow/.local/lib/python3.12/site-packages/airflow/example_dags/example_external_task_marker_dag.py for tasks to queue
[2024-05-06T05:03:39.298+0000] {logging_mixin.py:188} INFO - [2024-05-06T05:03:39.298+0000] {dagbag.py:540} INFO - Filling up the DagBag from /home/airflow/.local/lib/python3.12/site-packages/airflow/example_dags/example_external_task_marker_dag.py
[2024-05-06T05:03:39.311+0000] {processor.py:840} INFO - DAG(s) 'example_external_task_marker_child', 'example_external_task_marker_parent' retrieved from /home/airflow/.local/lib/python3.12/site-packages/airflow/example_dags/example_external_task_marker_dag.py
[2024-05-06T05:03:39.339+0000] {logging_mixin.py:188} INFO - [2024-05-06T05:03:39.338+0000] {dag.py:3096} INFO - Sync 2 DAGs
[2024-05-06T05:03:39.355+0000] {logging_mixin.py:188} INFO - [2024-05-06T05:03:39.355+0000] {dag.py:3954} INFO - Setting next_dagrun for example_external_task_marker_child to None, run_after=None
[2024-05-06T05:03:39.360+0000] {logging_mixin.py:188} INFO - [2024-05-06T05:03:39.360+0000] {dag.py:3954} INFO - Setting next_dagrun for example_external_task_marker_parent to None, run_after=None
[2024-05-06T05:03:39.384+0000] {processor.py:183} INFO - Processing /home/airflow/.local/lib/python3.12/site-packages/airflow/example_dags/example_external_task_marker_dag.py took 0.103 seconds
[2024-05-06T05:04:10.343+0000] {processor.py:161} INFO - Started process (PID=7626) to work on /home/airflow/.local/lib/python3.12/site-packages/airflow/example_dags/example_external_task_marker_dag.py
[2024-05-06T05:04:10.344+0000] {processor.py:830} INFO - Processing file /home/airflow/.local/lib/python3.12/site-packages/airflow/example_dags/example_external_task_marker_dag.py for tasks to queue
[2024-05-06T05:04:10.346+0000] {logging_mixin.py:188} INFO - [2024-05-06T05:04:10.346+0000] {dagbag.py:540} INFO - Filling up the DagBag from /home/airflow/.local/lib/python3.12/site-packages/airflow/example_dags/example_external_task_marker_dag.py
[2024-05-06T05:04:10.352+0000] {processor.py:840} INFO - DAG(s) 'example_external_task_marker_parent', 'example_external_task_marker_child' retrieved from /home/airflow/.local/lib/python3.12/site-packages/airflow/example_dags/example_external_task_marker_dag.py
[2024-05-06T05:04:10.377+0000] {logging_mixin.py:188} INFO - [2024-05-06T05:04:10.376+0000] {dag.py:3096} INFO - Sync 2 DAGs
[2024-05-06T05:04:10.547+0000] {logging_mixin.py:188} INFO - [2024-05-06T05:04:10.547+0000] {dag.py:3954} INFO - Setting next_dagrun for example_external_task_marker_child to None, run_after=None
[2024-05-06T05:04:10.558+0000] {logging_mixin.py:188} INFO - [2024-05-06T05:04:10.558+0000] {dag.py:3954} INFO - Setting next_dagrun for example_external_task_marker_parent to None, run_after=None
[2024-05-06T05:04:10.587+0000] {processor.py:183} INFO - Processing /home/airflow/.local/lib/python3.12/site-packages/airflow/example_dags/example_external_task_marker_dag.py took 0.250 seconds
[2024-05-06T05:04:40.925+0000] {processor.py:161} INFO - Started process (PID=7893) to work on /home/airflow/.local/lib/python3.12/site-packages/airflow/example_dags/example_external_task_marker_dag.py
[2024-05-06T05:04:40.925+0000] {processor.py:830} INFO - Processing file /home/airflow/.local/lib/python3.12/site-packages/airflow/example_dags/example_external_task_marker_dag.py for tasks to queue
[2024-05-06T05:04:40.932+0000] {logging_mixin.py:188} INFO - [2024-05-06T05:04:40.932+0000] {dagbag.py:540} INFO - Filling up the DagBag from /home/airflow/.local/lib/python3.12/site-packages/airflow/example_dags/example_external_task_marker_dag.py
[2024-05-06T05:04:40.944+0000] {processor.py:840} INFO - DAG(s) 'example_external_task_marker_parent', 'example_external_task_marker_child' retrieved from /home/airflow/.local/lib/python3.12/site-packages/airflow/example_dags/example_external_task_marker_dag.py
[2024-05-06T05:04:40.983+0000] {logging_mixin.py:188} INFO - [2024-05-06T05:04:40.982+0000] {dag.py:3096} INFO - Sync 2 DAGs
[2024-05-06T05:04:41.015+0000] {logging_mixin.py:188} INFO - [2024-05-06T05:04:41.015+0000] {dag.py:3954} INFO - Setting next_dagrun for example_external_task_marker_child to None, run_after=None
[2024-05-06T05:04:41.020+0000] {logging_mixin.py:188} INFO - [2024-05-06T05:04:41.020+0000] {dag.py:3954} INFO - Setting next_dagrun for example_external_task_marker_parent to None, run_after=None
[2024-05-06T05:04:41.049+0000] {processor.py:183} INFO - Processing /home/airflow/.local/lib/python3.12/site-packages/airflow/example_dags/example_external_task_marker_dag.py took 0.131 seconds
[2024-05-06T05:05:11.131+0000] {processor.py:161} INFO - Started process (PID=8165) to work on /home/airflow/.local/lib/python3.12/site-packages/airflow/example_dags/example_external_task_marker_dag.py
[2024-05-06T05:05:11.132+0000] {processor.py:830} INFO - Processing file /home/airflow/.local/lib/python3.12/site-packages/airflow/example_dags/example_external_task_marker_dag.py for tasks to queue
[2024-05-06T05:05:11.134+0000] {logging_mixin.py:188} INFO - [2024-05-06T05:05:11.133+0000] {dagbag.py:540} INFO - Filling up the DagBag from /home/airflow/.local/lib/python3.12/site-packages/airflow/example_dags/example_external_task_marker_dag.py
[2024-05-06T05:05:11.140+0000] {processor.py:840} INFO - DAG(s) 'example_external_task_marker_child', 'example_external_task_marker_parent' retrieved from /home/airflow/.local/lib/python3.12/site-packages/airflow/example_dags/example_external_task_marker_dag.py
[2024-05-06T05:05:11.166+0000] {logging_mixin.py:188} INFO - [2024-05-06T05:05:11.166+0000] {dag.py:3096} INFO - Sync 2 DAGs
[2024-05-06T05:05:11.182+0000] {logging_mixin.py:188} INFO - [2024-05-06T05:05:11.182+0000] {dag.py:3954} INFO - Setting next_dagrun for example_external_task_marker_child to None, run_after=None
[2024-05-06T05:05:11.187+0000] {logging_mixin.py:188} INFO - [2024-05-06T05:05:11.187+0000] {dag.py:3954} INFO - Setting next_dagrun for example_external_task_marker_parent to None, run_after=None
[2024-05-06T05:05:11.211+0000] {processor.py:183} INFO - Processing /home/airflow/.local/lib/python3.12/site-packages/airflow/example_dags/example_external_task_marker_dag.py took 0.087 seconds
[2024-05-06T05:05:41.400+0000] {processor.py:161} INFO - Started process (PID=8437) to work on /home/airflow/.local/lib/python3.12/site-packages/airflow/example_dags/example_external_task_marker_dag.py
[2024-05-06T05:05:41.401+0000] {processor.py:830} INFO - Processing file /home/airflow/.local/lib/python3.12/site-packages/airflow/example_dags/example_external_task_marker_dag.py for tasks to queue
[2024-05-06T05:05:41.403+0000] {logging_mixin.py:188} INFO - [2024-05-06T05:05:41.402+0000] {dagbag.py:540} INFO - Filling up the DagBag from /home/airflow/.local/lib/python3.12/site-packages/airflow/example_dags/example_external_task_marker_dag.py
[2024-05-06T05:05:41.410+0000] {processor.py:840} INFO - DAG(s) 'example_external_task_marker_child', 'example_external_task_marker_parent' retrieved from /home/airflow/.local/lib/python3.12/site-packages/airflow/example_dags/example_external_task_marker_dag.py
[2024-05-06T05:05:41.436+0000] {logging_mixin.py:188} INFO - [2024-05-06T05:05:41.436+0000] {dag.py:3096} INFO - Sync 2 DAGs
[2024-05-06T05:05:41.453+0000] {logging_mixin.py:188} INFO - [2024-05-06T05:05:41.453+0000] {dag.py:3954} INFO - Setting next_dagrun for example_external_task_marker_child to None, run_after=None
[2024-05-06T05:05:41.457+0000] {logging_mixin.py:188} INFO - [2024-05-06T05:05:41.457+0000] {dag.py:3954} INFO - Setting next_dagrun for example_external_task_marker_parent to None, run_after=None
[2024-05-06T05:05:41.479+0000] {processor.py:183} INFO - Processing /home/airflow/.local/lib/python3.12/site-packages/airflow/example_dags/example_external_task_marker_dag.py took 0.086 seconds
[2024-05-06T05:06:12.502+0000] {processor.py:161} INFO - Started process (PID=8709) to work on /home/airflow/.local/lib/python3.12/site-packages/airflow/example_dags/example_external_task_marker_dag.py
[2024-05-06T05:06:12.503+0000] {processor.py:830} INFO - Processing file /home/airflow/.local/lib/python3.12/site-packages/airflow/example_dags/example_external_task_marker_dag.py for tasks to queue
[2024-05-06T05:06:12.504+0000] {logging_mixin.py:188} INFO - [2024-05-06T05:06:12.504+0000] {dagbag.py:540} INFO - Filling up the DagBag from /home/airflow/.local/lib/python3.12/site-packages/airflow/example_dags/example_external_task_marker_dag.py
[2024-05-06T05:06:12.509+0000] {processor.py:840} INFO - DAG(s) 'example_external_task_marker_child', 'example_external_task_marker_parent' retrieved from /home/airflow/.local/lib/python3.12/site-packages/airflow/example_dags/example_external_task_marker_dag.py
[2024-05-06T05:06:12.537+0000] {logging_mixin.py:188} INFO - [2024-05-06T05:06:12.537+0000] {dag.py:3096} INFO - Sync 2 DAGs
[2024-05-06T05:06:12.554+0000] {logging_mixin.py:188} INFO - [2024-05-06T05:06:12.553+0000] {dag.py:3954} INFO - Setting next_dagrun for example_external_task_marker_child to None, run_after=None
[2024-05-06T05:06:12.558+0000] {logging_mixin.py:188} INFO - [2024-05-06T05:06:12.558+0000] {dag.py:3954} INFO - Setting next_dagrun for example_external_task_marker_parent to None, run_after=None
[2024-05-06T05:06:12.580+0000] {processor.py:183} INFO - Processing /home/airflow/.local/lib/python3.12/site-packages/airflow/example_dags/example_external_task_marker_dag.py took 0.085 seconds
[2024-05-06T05:06:42.825+0000] {processor.py:161} INFO - Started process (PID=8981) to work on /home/airflow/.local/lib/python3.12/site-packages/airflow/example_dags/example_external_task_marker_dag.py
[2024-05-06T05:06:42.826+0000] {processor.py:830} INFO - Processing file /home/airflow/.local/lib/python3.12/site-packages/airflow/example_dags/example_external_task_marker_dag.py for tasks to queue
[2024-05-06T05:06:42.828+0000] {logging_mixin.py:188} INFO - [2024-05-06T05:06:42.828+0000] {dagbag.py:540} INFO - Filling up the DagBag from /home/airflow/.local/lib/python3.12/site-packages/airflow/example_dags/example_external_task_marker_dag.py
[2024-05-06T05:06:42.835+0000] {processor.py:840} INFO - DAG(s) 'example_external_task_marker_child', 'example_external_task_marker_parent' retrieved from /home/airflow/.local/lib/python3.12/site-packages/airflow/example_dags/example_external_task_marker_dag.py
[2024-05-06T05:06:42.860+0000] {logging_mixin.py:188} INFO - [2024-05-06T05:06:42.860+0000] {dag.py:3096} INFO - Sync 2 DAGs
[2024-05-06T05:06:42.875+0000] {logging_mixin.py:188} INFO - [2024-05-06T05:06:42.875+0000] {dag.py:3954} INFO - Setting next_dagrun for example_external_task_marker_child to None, run_after=None
[2024-05-06T05:06:42.879+0000] {logging_mixin.py:188} INFO - [2024-05-06T05:06:42.879+0000] {dag.py:3954} INFO - Setting next_dagrun for example_external_task_marker_parent to None, run_after=None
[2024-05-06T05:06:42.919+0000] {processor.py:183} INFO - Processing /home/airflow/.local/lib/python3.12/site-packages/airflow/example_dags/example_external_task_marker_dag.py took 0.101 seconds
[2024-05-06T05:07:13.674+0000] {processor.py:161} INFO - Started process (PID=9253) to work on /home/airflow/.local/lib/python3.12/site-packages/airflow/example_dags/example_external_task_marker_dag.py
[2024-05-06T05:07:13.680+0000] {processor.py:830} INFO - Processing file /home/airflow/.local/lib/python3.12/site-packages/airflow/example_dags/example_external_task_marker_dag.py for tasks to queue
[2024-05-06T05:07:13.684+0000] {logging_mixin.py:188} INFO - [2024-05-06T05:07:13.683+0000] {dagbag.py:540} INFO - Filling up the DagBag from /home/airflow/.local/lib/python3.12/site-packages/airflow/example_dags/example_external_task_marker_dag.py
[2024-05-06T05:07:13.698+0000] {processor.py:840} INFO - DAG(s) 'example_external_task_marker_parent', 'example_external_task_marker_child' retrieved from /home/airflow/.local/lib/python3.12/site-packages/airflow/example_dags/example_external_task_marker_dag.py
[2024-05-06T05:07:13.755+0000] {logging_mixin.py:188} INFO - [2024-05-06T05:07:13.755+0000] {dag.py:3096} INFO - Sync 2 DAGs
[2024-05-06T05:07:13.801+0000] {logging_mixin.py:188} INFO - [2024-05-06T05:07:13.800+0000] {dag.py:3954} INFO - Setting next_dagrun for example_external_task_marker_child to None, run_after=None
[2024-05-06T05:07:13.807+0000] {logging_mixin.py:188} INFO - [2024-05-06T05:07:13.806+0000] {dag.py:3954} INFO - Setting next_dagrun for example_external_task_marker_parent to None, run_after=None
[2024-05-06T05:07:13.838+0000] {processor.py:183} INFO - Processing /home/airflow/.local/lib/python3.12/site-packages/airflow/example_dags/example_external_task_marker_dag.py took 0.171 seconds
[2024-05-06T05:07:44.432+0000] {processor.py:161} INFO - Started process (PID=9527) to work on /home/airflow/.local/lib/python3.12/site-packages/airflow/example_dags/example_external_task_marker_dag.py
[2024-05-06T05:07:44.436+0000] {processor.py:830} INFO - Processing file /home/airflow/.local/lib/python3.12/site-packages/airflow/example_dags/example_external_task_marker_dag.py for tasks to queue
[2024-05-06T05:07:44.438+0000] {logging_mixin.py:188} INFO - [2024-05-06T05:07:44.438+0000] {dagbag.py:540} INFO - Filling up the DagBag from /home/airflow/.local/lib/python3.12/site-packages/airflow/example_dags/example_external_task_marker_dag.py
[2024-05-06T05:07:44.444+0000] {processor.py:840} INFO - DAG(s) 'example_external_task_marker_child', 'example_external_task_marker_parent' retrieved from /home/airflow/.local/lib/python3.12/site-packages/airflow/example_dags/example_external_task_marker_dag.py
[2024-05-06T05:07:44.470+0000] {logging_mixin.py:188} INFO - [2024-05-06T05:07:44.470+0000] {dag.py:3096} INFO - Sync 2 DAGs
[2024-05-06T05:07:44.489+0000] {logging_mixin.py:188} INFO - [2024-05-06T05:07:44.489+0000] {dag.py:3954} INFO - Setting next_dagrun for example_external_task_marker_child to None, run_after=None
[2024-05-06T05:07:44.493+0000] {logging_mixin.py:188} INFO - [2024-05-06T05:07:44.493+0000] {dag.py:3954} INFO - Setting next_dagrun for example_external_task_marker_parent to None, run_after=None
[2024-05-06T05:07:44.515+0000] {processor.py:183} INFO - Processing /home/airflow/.local/lib/python3.12/site-packages/airflow/example_dags/example_external_task_marker_dag.py took 0.090 seconds
[2024-05-06T05:08:15.070+0000] {processor.py:161} INFO - Started process (PID=9800) to work on /home/airflow/.local/lib/python3.12/site-packages/airflow/example_dags/example_external_task_marker_dag.py
[2024-05-06T05:08:15.071+0000] {processor.py:830} INFO - Processing file /home/airflow/.local/lib/python3.12/site-packages/airflow/example_dags/example_external_task_marker_dag.py for tasks to queue
[2024-05-06T05:08:15.073+0000] {logging_mixin.py:188} INFO - [2024-05-06T05:08:15.072+0000] {dagbag.py:540} INFO - Filling up the DagBag from /home/airflow/.local/lib/python3.12/site-packages/airflow/example_dags/example_external_task_marker_dag.py
[2024-05-06T05:08:15.079+0000] {processor.py:840} INFO - DAG(s) 'example_external_task_marker_child', 'example_external_task_marker_parent' retrieved from /home/airflow/.local/lib/python3.12/site-packages/airflow/example_dags/example_external_task_marker_dag.py
[2024-05-06T05:08:15.106+0000] {logging_mixin.py:188} INFO - [2024-05-06T05:08:15.106+0000] {dag.py:3096} INFO - Sync 2 DAGs
[2024-05-06T05:08:15.123+0000] {logging_mixin.py:188} INFO - [2024-05-06T05:08:15.122+0000] {dag.py:3954} INFO - Setting next_dagrun for example_external_task_marker_child to None, run_after=None
[2024-05-06T05:08:15.127+0000] {logging_mixin.py:188} INFO - [2024-05-06T05:08:15.127+0000] {dag.py:3954} INFO - Setting next_dagrun for example_external_task_marker_parent to None, run_after=None
[2024-05-06T05:08:15.150+0000] {processor.py:183} INFO - Processing /home/airflow/.local/lib/python3.12/site-packages/airflow/example_dags/example_external_task_marker_dag.py took 0.086 seconds
[2024-05-06T05:08:45.679+0000] {processor.py:161} INFO - Started process (PID=10072) to work on /home/airflow/.local/lib/python3.12/site-packages/airflow/example_dags/example_external_task_marker_dag.py
[2024-05-06T05:08:45.680+0000] {processor.py:830} INFO - Processing file /home/airflow/.local/lib/python3.12/site-packages/airflow/example_dags/example_external_task_marker_dag.py for tasks to queue
[2024-05-06T05:08:45.681+0000] {logging_mixin.py:188} INFO - [2024-05-06T05:08:45.681+0000] {dagbag.py:540} INFO - Filling up the DagBag from /home/airflow/.local/lib/python3.12/site-packages/airflow/example_dags/example_external_task_marker_dag.py
[2024-05-06T05:08:45.687+0000] {processor.py:840} INFO - DAG(s) 'example_external_task_marker_child', 'example_external_task_marker_parent' retrieved from /home/airflow/.local/lib/python3.12/site-packages/airflow/example_dags/example_external_task_marker_dag.py
[2024-05-06T05:08:45.717+0000] {logging_mixin.py:188} INFO - [2024-05-06T05:08:45.716+0000] {dag.py:3096} INFO - Sync 2 DAGs
[2024-05-06T05:08:45.733+0000] {logging_mixin.py:188} INFO - [2024-05-06T05:08:45.733+0000] {dag.py:3954} INFO - Setting next_dagrun for example_external_task_marker_child to None, run_after=None
[2024-05-06T05:08:45.737+0000] {logging_mixin.py:188} INFO - [2024-05-06T05:08:45.737+0000] {dag.py:3954} INFO - Setting next_dagrun for example_external_task_marker_parent to None, run_after=None
[2024-05-06T05:08:45.760+0000] {processor.py:183} INFO - Processing /home/airflow/.local/lib/python3.12/site-packages/airflow/example_dags/example_external_task_marker_dag.py took 0.088 seconds
[2024-05-06T05:09:15.956+0000] {processor.py:161} INFO - Started process (PID=10344) to work on /home/airflow/.local/lib/python3.12/site-packages/airflow/example_dags/example_external_task_marker_dag.py
[2024-05-06T05:09:15.957+0000] {processor.py:830} INFO - Processing file /home/airflow/.local/lib/python3.12/site-packages/airflow/example_dags/example_external_task_marker_dag.py for tasks to queue
[2024-05-06T05:09:15.959+0000] {logging_mixin.py:188} INFO - [2024-05-06T05:09:15.959+0000] {dagbag.py:540} INFO - Filling up the DagBag from /home/airflow/.local/lib/python3.12/site-packages/airflow/example_dags/example_external_task_marker_dag.py
[2024-05-06T05:09:15.965+0000] {processor.py:840} INFO - DAG(s) 'example_external_task_marker_parent', 'example_external_task_marker_child' retrieved from /home/airflow/.local/lib/python3.12/site-packages/airflow/example_dags/example_external_task_marker_dag.py
[2024-05-06T05:09:15.990+0000] {logging_mixin.py:188} INFO - [2024-05-06T05:09:15.990+0000] {dag.py:3096} INFO - Sync 2 DAGs
[2024-05-06T05:09:16.010+0000] {logging_mixin.py:188} INFO - [2024-05-06T05:09:16.009+0000] {dag.py:3954} INFO - Setting next_dagrun for example_external_task_marker_child to None, run_after=None
[2024-05-06T05:09:16.014+0000] {logging_mixin.py:188} INFO - [2024-05-06T05:09:16.014+0000] {dag.py:3954} INFO - Setting next_dagrun for example_external_task_marker_parent to None, run_after=None
[2024-05-06T05:09:16.037+0000] {processor.py:183} INFO - Processing /home/airflow/.local/lib/python3.12/site-packages/airflow/example_dags/example_external_task_marker_dag.py took 0.088 seconds
[2024-05-06T05:09:46.574+0000] {processor.py:161} INFO - Started process (PID=10616) to work on /home/airflow/.local/lib/python3.12/site-packages/airflow/example_dags/example_external_task_marker_dag.py
[2024-05-06T05:09:46.575+0000] {processor.py:830} INFO - Processing file /home/airflow/.local/lib/python3.12/site-packages/airflow/example_dags/example_external_task_marker_dag.py for tasks to queue
[2024-05-06T05:09:46.577+0000] {logging_mixin.py:188} INFO - [2024-05-06T05:09:46.576+0000] {dagbag.py:540} INFO - Filling up the DagBag from /home/airflow/.local/lib/python3.12/site-packages/airflow/example_dags/example_external_task_marker_dag.py
[2024-05-06T05:09:46.583+0000] {processor.py:840} INFO - DAG(s) 'example_external_task_marker_child', 'example_external_task_marker_parent' retrieved from /home/airflow/.local/lib/python3.12/site-packages/airflow/example_dags/example_external_task_marker_dag.py
[2024-05-06T05:09:46.609+0000] {logging_mixin.py:188} INFO - [2024-05-06T05:09:46.608+0000] {dag.py:3096} INFO - Sync 2 DAGs
[2024-05-06T05:09:46.625+0000] {logging_mixin.py:188} INFO - [2024-05-06T05:09:46.625+0000] {dag.py:3954} INFO - Setting next_dagrun for example_external_task_marker_child to None, run_after=None
[2024-05-06T05:09:46.630+0000] {logging_mixin.py:188} INFO - [2024-05-06T05:09:46.630+0000] {dag.py:3954} INFO - Setting next_dagrun for example_external_task_marker_parent to None, run_after=None
[2024-05-06T05:09:46.653+0000] {processor.py:183} INFO - Processing /home/airflow/.local/lib/python3.12/site-packages/airflow/example_dags/example_external_task_marker_dag.py took 0.086 seconds
[2024-05-06T05:10:17.633+0000] {processor.py:161} INFO - Started process (PID=10888) to work on /home/airflow/.local/lib/python3.12/site-packages/airflow/example_dags/example_external_task_marker_dag.py
[2024-05-06T05:10:17.635+0000] {processor.py:830} INFO - Processing file /home/airflow/.local/lib/python3.12/site-packages/airflow/example_dags/example_external_task_marker_dag.py for tasks to queue
[2024-05-06T05:10:17.637+0000] {logging_mixin.py:188} INFO - [2024-05-06T05:10:17.637+0000] {dagbag.py:540} INFO - Filling up the DagBag from /home/airflow/.local/lib/python3.12/site-packages/airflow/example_dags/example_external_task_marker_dag.py
[2024-05-06T05:10:17.647+0000] {processor.py:840} INFO - DAG(s) 'example_external_task_marker_child', 'example_external_task_marker_parent' retrieved from /home/airflow/.local/lib/python3.12/site-packages/airflow/example_dags/example_external_task_marker_dag.py
[2024-05-06T05:10:17.706+0000] {logging_mixin.py:188} INFO - [2024-05-06T05:10:17.705+0000] {dag.py:3096} INFO - Sync 2 DAGs
[2024-05-06T05:10:17.725+0000] {logging_mixin.py:188} INFO - [2024-05-06T05:10:17.725+0000] {dag.py:3954} INFO - Setting next_dagrun for example_external_task_marker_child to None, run_after=None
[2024-05-06T05:10:17.732+0000] {logging_mixin.py:188} INFO - [2024-05-06T05:10:17.732+0000] {dag.py:3954} INFO - Setting next_dagrun for example_external_task_marker_parent to None, run_after=None
[2024-05-06T05:10:17.763+0000] {processor.py:183} INFO - Processing /home/airflow/.local/lib/python3.12/site-packages/airflow/example_dags/example_external_task_marker_dag.py took 0.152 seconds
[2024-05-06T05:10:48.611+0000] {processor.py:161} INFO - Started process (PID=11161) to work on /home/airflow/.local/lib/python3.12/site-packages/airflow/example_dags/example_external_task_marker_dag.py
[2024-05-06T05:10:48.612+0000] {processor.py:830} INFO - Processing file /home/airflow/.local/lib/python3.12/site-packages/airflow/example_dags/example_external_task_marker_dag.py for tasks to queue
[2024-05-06T05:10:48.614+0000] {logging_mixin.py:188} INFO - [2024-05-06T05:10:48.614+0000] {dagbag.py:540} INFO - Filling up the DagBag from /home/airflow/.local/lib/python3.12/site-packages/airflow/example_dags/example_external_task_marker_dag.py
[2024-05-06T05:10:48.621+0000] {processor.py:840} INFO - DAG(s) 'example_external_task_marker_parent', 'example_external_task_marker_child' retrieved from /home/airflow/.local/lib/python3.12/site-packages/airflow/example_dags/example_external_task_marker_dag.py
[2024-05-06T05:10:48.647+0000] {logging_mixin.py:188} INFO - [2024-05-06T05:10:48.647+0000] {dag.py:3096} INFO - Sync 2 DAGs
[2024-05-06T05:10:48.667+0000] {logging_mixin.py:188} INFO - [2024-05-06T05:10:48.667+0000] {dag.py:3954} INFO - Setting next_dagrun for example_external_task_marker_child to None, run_after=None
[2024-05-06T05:10:48.671+0000] {logging_mixin.py:188} INFO - [2024-05-06T05:10:48.671+0000] {dag.py:3954} INFO - Setting next_dagrun for example_external_task_marker_parent to None, run_after=None
[2024-05-06T05:10:48.735+0000] {processor.py:183} INFO - Processing /home/airflow/.local/lib/python3.12/site-packages/airflow/example_dags/example_external_task_marker_dag.py took 0.133 seconds
[2024-05-06T05:11:18.824+0000] {processor.py:161} INFO - Started process (PID=11434) to work on /home/airflow/.local/lib/python3.12/site-packages/airflow/example_dags/example_external_task_marker_dag.py
[2024-05-06T05:11:18.825+0000] {processor.py:830} INFO - Processing file /home/airflow/.local/lib/python3.12/site-packages/airflow/example_dags/example_external_task_marker_dag.py for tasks to queue
[2024-05-06T05:11:18.827+0000] {logging_mixin.py:188} INFO - [2024-05-06T05:11:18.827+0000] {dagbag.py:540} INFO - Filling up the DagBag from /home/airflow/.local/lib/python3.12/site-packages/airflow/example_dags/example_external_task_marker_dag.py
[2024-05-06T05:11:18.834+0000] {processor.py:840} INFO - DAG(s) 'example_external_task_marker_child', 'example_external_task_marker_parent' retrieved from /home/airflow/.local/lib/python3.12/site-packages/airflow/example_dags/example_external_task_marker_dag.py
[2024-05-06T05:11:18.883+0000] {logging_mixin.py:188} INFO - [2024-05-06T05:11:18.882+0000] {dag.py:3096} INFO - Sync 2 DAGs
[2024-05-06T05:11:18.903+0000] {logging_mixin.py:188} INFO - [2024-05-06T05:11:18.902+0000] {dag.py:3954} INFO - Setting next_dagrun for example_external_task_marker_child to None, run_after=None
[2024-05-06T05:11:18.907+0000] {logging_mixin.py:188} INFO - [2024-05-06T05:11:18.907+0000] {dag.py:3954} INFO - Setting next_dagrun for example_external_task_marker_parent to None, run_after=None
[2024-05-06T05:11:18.930+0000] {processor.py:183} INFO - Processing /home/airflow/.local/lib/python3.12/site-packages/airflow/example_dags/example_external_task_marker_dag.py took 0.113 seconds
[2024-05-06T05:11:49.149+0000] {processor.py:161} INFO - Started process (PID=11705) to work on /home/airflow/.local/lib/python3.12/site-packages/airflow/example_dags/example_external_task_marker_dag.py
[2024-05-06T05:11:49.150+0000] {processor.py:830} INFO - Processing file /home/airflow/.local/lib/python3.12/site-packages/airflow/example_dags/example_external_task_marker_dag.py for tasks to queue
[2024-05-06T05:11:49.152+0000] {logging_mixin.py:188} INFO - [2024-05-06T05:11:49.151+0000] {dagbag.py:540} INFO - Filling up the DagBag from /home/airflow/.local/lib/python3.12/site-packages/airflow/example_dags/example_external_task_marker_dag.py
[2024-05-06T05:11:49.157+0000] {processor.py:840} INFO - DAG(s) 'example_external_task_marker_parent', 'example_external_task_marker_child' retrieved from /home/airflow/.local/lib/python3.12/site-packages/airflow/example_dags/example_external_task_marker_dag.py
[2024-05-06T05:11:49.185+0000] {logging_mixin.py:188} INFO - [2024-05-06T05:11:49.185+0000] {dag.py:3096} INFO - Sync 2 DAGs
[2024-05-06T05:11:49.204+0000] {logging_mixin.py:188} INFO - [2024-05-06T05:11:49.204+0000] {dag.py:3954} INFO - Setting next_dagrun for example_external_task_marker_child to None, run_after=None
[2024-05-06T05:11:49.209+0000] {logging_mixin.py:188} INFO - [2024-05-06T05:11:49.208+0000] {dag.py:3954} INFO - Setting next_dagrun for example_external_task_marker_parent to None, run_after=None
[2024-05-06T05:11:49.231+0000] {processor.py:183} INFO - Processing /home/airflow/.local/lib/python3.12/site-packages/airflow/example_dags/example_external_task_marker_dag.py took 0.089 seconds
[2024-05-06T05:12:20.179+0000] {processor.py:161} INFO - Started process (PID=11977) to work on /home/airflow/.local/lib/python3.12/site-packages/airflow/example_dags/example_external_task_marker_dag.py
[2024-05-06T05:12:20.180+0000] {processor.py:830} INFO - Processing file /home/airflow/.local/lib/python3.12/site-packages/airflow/example_dags/example_external_task_marker_dag.py for tasks to queue
[2024-05-06T05:12:20.185+0000] {logging_mixin.py:188} INFO - [2024-05-06T05:12:20.183+0000] {dagbag.py:540} INFO - Filling up the DagBag from /home/airflow/.local/lib/python3.12/site-packages/airflow/example_dags/example_external_task_marker_dag.py
[2024-05-06T05:12:20.192+0000] {processor.py:840} INFO - DAG(s) 'example_external_task_marker_parent', 'example_external_task_marker_child' retrieved from /home/airflow/.local/lib/python3.12/site-packages/airflow/example_dags/example_external_task_marker_dag.py
[2024-05-06T05:12:20.218+0000] {logging_mixin.py:188} INFO - [2024-05-06T05:12:20.218+0000] {dag.py:3096} INFO - Sync 2 DAGs
[2024-05-06T05:12:20.234+0000] {logging_mixin.py:188} INFO - [2024-05-06T05:12:20.233+0000] {dag.py:3954} INFO - Setting next_dagrun for example_external_task_marker_child to None, run_after=None
[2024-05-06T05:12:20.238+0000] {logging_mixin.py:188} INFO - [2024-05-06T05:12:20.238+0000] {dag.py:3954} INFO - Setting next_dagrun for example_external_task_marker_parent to None, run_after=None
[2024-05-06T05:12:20.260+0000] {processor.py:183} INFO - Processing /home/airflow/.local/lib/python3.12/site-packages/airflow/example_dags/example_external_task_marker_dag.py took 0.088 seconds
[2024-05-06T05:12:51.228+0000] {processor.py:161} INFO - Started process (PID=12249) to work on /home/airflow/.local/lib/python3.12/site-packages/airflow/example_dags/example_external_task_marker_dag.py
[2024-05-06T05:12:51.229+0000] {processor.py:830} INFO - Processing file /home/airflow/.local/lib/python3.12/site-packages/airflow/example_dags/example_external_task_marker_dag.py for tasks to queue
[2024-05-06T05:12:51.232+0000] {logging_mixin.py:188} INFO - [2024-05-06T05:12:51.231+0000] {dagbag.py:540} INFO - Filling up the DagBag from /home/airflow/.local/lib/python3.12/site-packages/airflow/example_dags/example_external_task_marker_dag.py
[2024-05-06T05:12:51.239+0000] {processor.py:840} INFO - DAG(s) 'example_external_task_marker_parent', 'example_external_task_marker_child' retrieved from /home/airflow/.local/lib/python3.12/site-packages/airflow/example_dags/example_external_task_marker_dag.py
[2024-05-06T05:12:51.265+0000] {logging_mixin.py:188} INFO - [2024-05-06T05:12:51.265+0000] {dag.py:3096} INFO - Sync 2 DAGs
[2024-05-06T05:12:51.285+0000] {logging_mixin.py:188} INFO - [2024-05-06T05:12:51.284+0000] {dag.py:3954} INFO - Setting next_dagrun for example_external_task_marker_child to None, run_after=None
[2024-05-06T05:12:51.289+0000] {logging_mixin.py:188} INFO - [2024-05-06T05:12:51.289+0000] {dag.py:3954} INFO - Setting next_dagrun for example_external_task_marker_parent to None, run_after=None
[2024-05-06T05:12:51.312+0000] {processor.py:183} INFO - Processing /home/airflow/.local/lib/python3.12/site-packages/airflow/example_dags/example_external_task_marker_dag.py took 0.090 seconds
[2024-05-06T05:13:21.955+0000] {processor.py:161} INFO - Started process (PID=12522) to work on /home/airflow/.local/lib/python3.12/site-packages/airflow/example_dags/example_external_task_marker_dag.py
[2024-05-06T05:13:21.955+0000] {processor.py:830} INFO - Processing file /home/airflow/.local/lib/python3.12/site-packages/airflow/example_dags/example_external_task_marker_dag.py for tasks to queue
[2024-05-06T05:13:21.957+0000] {logging_mixin.py:188} INFO - [2024-05-06T05:13:21.957+0000] {dagbag.py:540} INFO - Filling up the DagBag from /home/airflow/.local/lib/python3.12/site-packages/airflow/example_dags/example_external_task_marker_dag.py
[2024-05-06T05:13:21.964+0000] {processor.py:840} INFO - DAG(s) 'example_external_task_marker_parent', 'example_external_task_marker_child' retrieved from /home/airflow/.local/lib/python3.12/site-packages/airflow/example_dags/example_external_task_marker_dag.py
[2024-05-06T05:13:21.990+0000] {logging_mixin.py:188} INFO - [2024-05-06T05:13:21.990+0000] {dag.py:3096} INFO - Sync 2 DAGs
[2024-05-06T05:13:22.008+0000] {logging_mixin.py:188} INFO - [2024-05-06T05:13:22.008+0000] {dag.py:3954} INFO - Setting next_dagrun for example_external_task_marker_child to None, run_after=None
[2024-05-06T05:13:22.013+0000] {logging_mixin.py:188} INFO - [2024-05-06T05:13:22.012+0000] {dag.py:3954} INFO - Setting next_dagrun for example_external_task_marker_parent to None, run_after=None
[2024-05-06T05:13:22.035+0000] {processor.py:183} INFO - Processing /home/airflow/.local/lib/python3.12/site-packages/airflow/example_dags/example_external_task_marker_dag.py took 0.088 seconds
[2024-05-06T05:13:52.639+0000] {processor.py:161} INFO - Started process (PID=12795) to work on /home/airflow/.local/lib/python3.12/site-packages/airflow/example_dags/example_external_task_marker_dag.py
[2024-05-06T05:13:52.640+0000] {processor.py:830} INFO - Processing file /home/airflow/.local/lib/python3.12/site-packages/airflow/example_dags/example_external_task_marker_dag.py for tasks to queue
[2024-05-06T05:13:52.642+0000] {logging_mixin.py:188} INFO - [2024-05-06T05:13:52.642+0000] {dagbag.py:540} INFO - Filling up the DagBag from /home/airflow/.local/lib/python3.12/site-packages/airflow/example_dags/example_external_task_marker_dag.py
[2024-05-06T05:13:52.649+0000] {processor.py:840} INFO - DAG(s) 'example_external_task_marker_parent', 'example_external_task_marker_child' retrieved from /home/airflow/.local/lib/python3.12/site-packages/airflow/example_dags/example_external_task_marker_dag.py
[2024-05-06T05:13:52.675+0000] {logging_mixin.py:188} INFO - [2024-05-06T05:13:52.674+0000] {dag.py:3096} INFO - Sync 2 DAGs
[2024-05-06T05:13:52.690+0000] {logging_mixin.py:188} INFO - [2024-05-06T05:13:52.690+0000] {dag.py:3954} INFO - Setting next_dagrun for example_external_task_marker_child to None, run_after=None
[2024-05-06T05:13:52.695+0000] {logging_mixin.py:188} INFO - [2024-05-06T05:13:52.695+0000] {dag.py:3954} INFO - Setting next_dagrun for example_external_task_marker_parent to None, run_after=None
[2024-05-06T05:13:52.729+0000] {processor.py:183} INFO - Processing /home/airflow/.local/lib/python3.12/site-packages/airflow/example_dags/example_external_task_marker_dag.py took 0.096 seconds
[2024-05-06T05:14:23.471+0000] {processor.py:161} INFO - Started process (PID=13067) to work on /home/airflow/.local/lib/python3.12/site-packages/airflow/example_dags/example_external_task_marker_dag.py
[2024-05-06T05:14:23.472+0000] {processor.py:830} INFO - Processing file /home/airflow/.local/lib/python3.12/site-packages/airflow/example_dags/example_external_task_marker_dag.py for tasks to queue
[2024-05-06T05:14:23.474+0000] {logging_mixin.py:188} INFO - [2024-05-06T05:14:23.474+0000] {dagbag.py:540} INFO - Filling up the DagBag from /home/airflow/.local/lib/python3.12/site-packages/airflow/example_dags/example_external_task_marker_dag.py
[2024-05-06T05:14:23.480+0000] {processor.py:840} INFO - DAG(s) 'example_external_task_marker_parent', 'example_external_task_marker_child' retrieved from /home/airflow/.local/lib/python3.12/site-packages/airflow/example_dags/example_external_task_marker_dag.py
[2024-05-06T05:14:23.505+0000] {logging_mixin.py:188} INFO - [2024-05-06T05:14:23.505+0000] {dag.py:3096} INFO - Sync 2 DAGs
[2024-05-06T05:14:23.539+0000] {logging_mixin.py:188} INFO - [2024-05-06T05:14:23.538+0000] {dag.py:3954} INFO - Setting next_dagrun for example_external_task_marker_child to None, run_after=None
[2024-05-06T05:14:23.546+0000] {logging_mixin.py:188} INFO - [2024-05-06T05:14:23.546+0000] {dag.py:3954} INFO - Setting next_dagrun for example_external_task_marker_parent to None, run_after=None
[2024-05-06T05:14:23.580+0000] {processor.py:183} INFO - Processing /home/airflow/.local/lib/python3.12/site-packages/airflow/example_dags/example_external_task_marker_dag.py took 0.116 seconds
[2024-05-06T05:14:54.259+0000] {processor.py:161} INFO - Started process (PID=13346) to work on /home/airflow/.local/lib/python3.12/site-packages/airflow/example_dags/example_external_task_marker_dag.py
[2024-05-06T05:14:54.259+0000] {processor.py:830} INFO - Processing file /home/airflow/.local/lib/python3.12/site-packages/airflow/example_dags/example_external_task_marker_dag.py for tasks to queue
[2024-05-06T05:14:54.261+0000] {logging_mixin.py:188} INFO - [2024-05-06T05:14:54.261+0000] {dagbag.py:540} INFO - Filling up the DagBag from /home/airflow/.local/lib/python3.12/site-packages/airflow/example_dags/example_external_task_marker_dag.py
[2024-05-06T05:14:54.270+0000] {processor.py:840} INFO - DAG(s) 'example_external_task_marker_child', 'example_external_task_marker_parent' retrieved from /home/airflow/.local/lib/python3.12/site-packages/airflow/example_dags/example_external_task_marker_dag.py
[2024-05-06T05:14:54.295+0000] {logging_mixin.py:188} INFO - [2024-05-06T05:14:54.295+0000] {dag.py:3096} INFO - Sync 2 DAGs
[2024-05-06T05:14:54.319+0000] {logging_mixin.py:188} INFO - [2024-05-06T05:14:54.319+0000] {dag.py:3954} INFO - Setting next_dagrun for example_external_task_marker_child to None, run_after=None
[2024-05-06T05:14:54.324+0000] {logging_mixin.py:188} INFO - [2024-05-06T05:14:54.324+0000] {dag.py:3954} INFO - Setting next_dagrun for example_external_task_marker_parent to None, run_after=None
[2024-05-06T05:14:54.347+0000] {processor.py:183} INFO - Processing /home/airflow/.local/lib/python3.12/site-packages/airflow/example_dags/example_external_task_marker_dag.py took 0.098 seconds
[2024-05-06T05:15:24.974+0000] {processor.py:161} INFO - Started process (PID=13619) to work on /home/airflow/.local/lib/python3.12/site-packages/airflow/example_dags/example_external_task_marker_dag.py
[2024-05-06T05:15:24.975+0000] {processor.py:830} INFO - Processing file /home/airflow/.local/lib/python3.12/site-packages/airflow/example_dags/example_external_task_marker_dag.py for tasks to queue
[2024-05-06T05:15:24.977+0000] {logging_mixin.py:188} INFO - [2024-05-06T05:15:24.977+0000] {dagbag.py:540} INFO - Filling up the DagBag from /home/airflow/.local/lib/python3.12/site-packages/airflow/example_dags/example_external_task_marker_dag.py
[2024-05-06T05:15:24.984+0000] {processor.py:840} INFO - DAG(s) 'example_external_task_marker_parent', 'example_external_task_marker_child' retrieved from /home/airflow/.local/lib/python3.12/site-packages/airflow/example_dags/example_external_task_marker_dag.py
[2024-05-06T05:15:25.014+0000] {logging_mixin.py:188} INFO - [2024-05-06T05:15:25.014+0000] {dag.py:3096} INFO - Sync 2 DAGs
[2024-05-06T05:15:25.033+0000] {logging_mixin.py:188} INFO - [2024-05-06T05:15:25.033+0000] {dag.py:3954} INFO - Setting next_dagrun for example_external_task_marker_child to None, run_after=None
[2024-05-06T05:15:25.038+0000] {logging_mixin.py:188} INFO - [2024-05-06T05:15:25.037+0000] {dag.py:3954} INFO - Setting next_dagrun for example_external_task_marker_parent to None, run_after=None
[2024-05-06T05:15:25.060+0000] {processor.py:183} INFO - Processing /home/airflow/.local/lib/python3.12/site-packages/airflow/example_dags/example_external_task_marker_dag.py took 0.098 seconds
[2024-05-06T05:15:55.692+0000] {processor.py:161} INFO - Started process (PID=13890) to work on /home/airflow/.local/lib/python3.12/site-packages/airflow/example_dags/example_external_task_marker_dag.py
[2024-05-06T05:15:55.693+0000] {processor.py:830} INFO - Processing file /home/airflow/.local/lib/python3.12/site-packages/airflow/example_dags/example_external_task_marker_dag.py for tasks to queue
[2024-05-06T05:15:55.694+0000] {logging_mixin.py:188} INFO - [2024-05-06T05:15:55.694+0000] {dagbag.py:540} INFO - Filling up the DagBag from /home/airflow/.local/lib/python3.12/site-packages/airflow/example_dags/example_external_task_marker_dag.py
[2024-05-06T05:15:55.701+0000] {processor.py:840} INFO - DAG(s) 'example_external_task_marker_child', 'example_external_task_marker_parent' retrieved from /home/airflow/.local/lib/python3.12/site-packages/airflow/example_dags/example_external_task_marker_dag.py
[2024-05-06T05:15:55.727+0000] {logging_mixin.py:188} INFO - [2024-05-06T05:15:55.727+0000] {dag.py:3096} INFO - Sync 2 DAGs
[2024-05-06T05:15:55.743+0000] {logging_mixin.py:188} INFO - [2024-05-06T05:15:55.743+0000] {dag.py:3954} INFO - Setting next_dagrun for example_external_task_marker_child to None, run_after=None
[2024-05-06T05:15:55.748+0000] {logging_mixin.py:188} INFO - [2024-05-06T05:15:55.748+0000] {dag.py:3954} INFO - Setting next_dagrun for example_external_task_marker_parent to None, run_after=None
[2024-05-06T05:15:55.771+0000] {processor.py:183} INFO - Processing /home/airflow/.local/lib/python3.12/site-packages/airflow/example_dags/example_external_task_marker_dag.py took 0.086 seconds
[2024-05-06T05:16:26.446+0000] {processor.py:161} INFO - Started process (PID=14163) to work on /home/airflow/.local/lib/python3.12/site-packages/airflow/example_dags/example_external_task_marker_dag.py
[2024-05-06T05:16:26.447+0000] {processor.py:830} INFO - Processing file /home/airflow/.local/lib/python3.12/site-packages/airflow/example_dags/example_external_task_marker_dag.py for tasks to queue
[2024-05-06T05:16:26.449+0000] {logging_mixin.py:188} INFO - [2024-05-06T05:16:26.449+0000] {dagbag.py:540} INFO - Filling up the DagBag from /home/airflow/.local/lib/python3.12/site-packages/airflow/example_dags/example_external_task_marker_dag.py
[2024-05-06T05:16:26.456+0000] {processor.py:840} INFO - DAG(s) 'example_external_task_marker_child', 'example_external_task_marker_parent' retrieved from /home/airflow/.local/lib/python3.12/site-packages/airflow/example_dags/example_external_task_marker_dag.py
[2024-05-06T05:16:26.481+0000] {logging_mixin.py:188} INFO - [2024-05-06T05:16:26.481+0000] {dag.py:3096} INFO - Sync 2 DAGs
[2024-05-06T05:16:26.496+0000] {logging_mixin.py:188} INFO - [2024-05-06T05:16:26.495+0000] {dag.py:3954} INFO - Setting next_dagrun for example_external_task_marker_child to None, run_after=None
[2024-05-06T05:16:26.500+0000] {logging_mixin.py:188} INFO - [2024-05-06T05:16:26.500+0000] {dag.py:3954} INFO - Setting next_dagrun for example_external_task_marker_parent to None, run_after=None
[2024-05-06T05:16:26.522+0000] {processor.py:183} INFO - Processing /home/airflow/.local/lib/python3.12/site-packages/airflow/example_dags/example_external_task_marker_dag.py took 0.083 seconds
[2024-05-06T05:16:56.947+0000] {processor.py:161} INFO - Started process (PID=14436) to work on /home/airflow/.local/lib/python3.12/site-packages/airflow/example_dags/example_external_task_marker_dag.py
[2024-05-06T05:16:56.948+0000] {processor.py:830} INFO - Processing file /home/airflow/.local/lib/python3.12/site-packages/airflow/example_dags/example_external_task_marker_dag.py for tasks to queue
[2024-05-06T05:16:56.950+0000] {logging_mixin.py:188} INFO - [2024-05-06T05:16:56.950+0000] {dagbag.py:540} INFO - Filling up the DagBag from /home/airflow/.local/lib/python3.12/site-packages/airflow/example_dags/example_external_task_marker_dag.py
[2024-05-06T05:16:56.955+0000] {processor.py:840} INFO - DAG(s) 'example_external_task_marker_child', 'example_external_task_marker_parent' retrieved from /home/airflow/.local/lib/python3.12/site-packages/airflow/example_dags/example_external_task_marker_dag.py
[2024-05-06T05:16:56.985+0000] {logging_mixin.py:188} INFO - [2024-05-06T05:16:56.985+0000] {dag.py:3096} INFO - Sync 2 DAGs
[2024-05-06T05:16:57.002+0000] {logging_mixin.py:188} INFO - [2024-05-06T05:16:57.001+0000] {dag.py:3954} INFO - Setting next_dagrun for example_external_task_marker_child to None, run_after=None
[2024-05-06T05:16:57.006+0000] {logging_mixin.py:188} INFO - [2024-05-06T05:16:57.006+0000] {dag.py:3954} INFO - Setting next_dagrun for example_external_task_marker_parent to None, run_after=None
[2024-05-06T05:16:57.029+0000] {processor.py:183} INFO - Processing /home/airflow/.local/lib/python3.12/site-packages/airflow/example_dags/example_external_task_marker_dag.py took 0.089 seconds
[2024-05-06T05:17:27.912+0000] {processor.py:161} INFO - Started process (PID=14708) to work on /home/airflow/.local/lib/python3.12/site-packages/airflow/example_dags/example_external_task_marker_dag.py
[2024-05-06T05:17:27.913+0000] {processor.py:830} INFO - Processing file /home/airflow/.local/lib/python3.12/site-packages/airflow/example_dags/example_external_task_marker_dag.py for tasks to queue
[2024-05-06T05:17:27.914+0000] {logging_mixin.py:188} INFO - [2024-05-06T05:17:27.914+0000] {dagbag.py:540} INFO - Filling up the DagBag from /home/airflow/.local/lib/python3.12/site-packages/airflow/example_dags/example_external_task_marker_dag.py
[2024-05-06T05:17:27.920+0000] {processor.py:840} INFO - DAG(s) 'example_external_task_marker_child', 'example_external_task_marker_parent' retrieved from /home/airflow/.local/lib/python3.12/site-packages/airflow/example_dags/example_external_task_marker_dag.py
[2024-05-06T05:17:27.946+0000] {logging_mixin.py:188} INFO - [2024-05-06T05:17:27.945+0000] {dag.py:3096} INFO - Sync 2 DAGs
[2024-05-06T05:17:27.964+0000] {logging_mixin.py:188} INFO - [2024-05-06T05:17:27.963+0000] {dag.py:3954} INFO - Setting next_dagrun for example_external_task_marker_child to None, run_after=None
[2024-05-06T05:17:27.969+0000] {logging_mixin.py:188} INFO - [2024-05-06T05:17:27.969+0000] {dag.py:3954} INFO - Setting next_dagrun for example_external_task_marker_parent to None, run_after=None
[2024-05-06T05:17:27.997+0000] {processor.py:183} INFO - Processing /home/airflow/.local/lib/python3.12/site-packages/airflow/example_dags/example_external_task_marker_dag.py took 0.092 seconds
[2024-05-06T05:17:58.254+0000] {processor.py:161} INFO - Started process (PID=14980) to work on /home/airflow/.local/lib/python3.12/site-packages/airflow/example_dags/example_external_task_marker_dag.py
[2024-05-06T05:17:58.255+0000] {processor.py:830} INFO - Processing file /home/airflow/.local/lib/python3.12/site-packages/airflow/example_dags/example_external_task_marker_dag.py for tasks to queue
[2024-05-06T05:17:58.257+0000] {logging_mixin.py:188} INFO - [2024-05-06T05:17:58.257+0000] {dagbag.py:540} INFO - Filling up the DagBag from /home/airflow/.local/lib/python3.12/site-packages/airflow/example_dags/example_external_task_marker_dag.py
[2024-05-06T05:17:58.265+0000] {processor.py:840} INFO - DAG(s) 'example_external_task_marker_child', 'example_external_task_marker_parent' retrieved from /home/airflow/.local/lib/python3.12/site-packages/airflow/example_dags/example_external_task_marker_dag.py
[2024-05-06T05:17:58.290+0000] {logging_mixin.py:188} INFO - [2024-05-06T05:17:58.289+0000] {dag.py:3096} INFO - Sync 2 DAGs
[2024-05-06T05:17:58.306+0000] {logging_mixin.py:188} INFO - [2024-05-06T05:17:58.306+0000] {dag.py:3954} INFO - Setting next_dagrun for example_external_task_marker_child to None, run_after=None
[2024-05-06T05:17:58.312+0000] {logging_mixin.py:188} INFO - [2024-05-06T05:17:58.311+0000] {dag.py:3954} INFO - Setting next_dagrun for example_external_task_marker_parent to None, run_after=None
[2024-05-06T05:17:58.334+0000] {processor.py:183} INFO - Processing /home/airflow/.local/lib/python3.12/site-packages/airflow/example_dags/example_external_task_marker_dag.py took 0.084 seconds
[2024-05-06T05:18:28.818+0000] {processor.py:161} INFO - Started process (PID=15252) to work on /home/airflow/.local/lib/python3.12/site-packages/airflow/example_dags/example_external_task_marker_dag.py
[2024-05-06T05:18:28.819+0000] {processor.py:830} INFO - Processing file /home/airflow/.local/lib/python3.12/site-packages/airflow/example_dags/example_external_task_marker_dag.py for tasks to queue
[2024-05-06T05:18:28.820+0000] {logging_mixin.py:188} INFO - [2024-05-06T05:18:28.820+0000] {dagbag.py:540} INFO - Filling up the DagBag from /home/airflow/.local/lib/python3.12/site-packages/airflow/example_dags/example_external_task_marker_dag.py
[2024-05-06T05:18:28.826+0000] {processor.py:840} INFO - DAG(s) 'example_external_task_marker_parent', 'example_external_task_marker_child' retrieved from /home/airflow/.local/lib/python3.12/site-packages/airflow/example_dags/example_external_task_marker_dag.py
[2024-05-06T05:18:28.851+0000] {logging_mixin.py:188} INFO - [2024-05-06T05:18:28.851+0000] {dag.py:3096} INFO - Sync 2 DAGs
[2024-05-06T05:18:28.867+0000] {logging_mixin.py:188} INFO - [2024-05-06T05:18:28.867+0000] {dag.py:3954} INFO - Setting next_dagrun for example_external_task_marker_child to None, run_after=None
[2024-05-06T05:18:28.872+0000] {logging_mixin.py:188} INFO - [2024-05-06T05:18:28.871+0000] {dag.py:3954} INFO - Setting next_dagrun for example_external_task_marker_parent to None, run_after=None
[2024-05-06T05:18:28.895+0000] {processor.py:183} INFO - Processing /home/airflow/.local/lib/python3.12/site-packages/airflow/example_dags/example_external_task_marker_dag.py took 0.083 seconds
[2024-05-06T05:18:59.433+0000] {processor.py:161} INFO - Started process (PID=15524) to work on /home/airflow/.local/lib/python3.12/site-packages/airflow/example_dags/example_external_task_marker_dag.py
[2024-05-06T05:18:59.434+0000] {processor.py:830} INFO - Processing file /home/airflow/.local/lib/python3.12/site-packages/airflow/example_dags/example_external_task_marker_dag.py for tasks to queue
[2024-05-06T05:18:59.435+0000] {logging_mixin.py:188} INFO - [2024-05-06T05:18:59.435+0000] {dagbag.py:540} INFO - Filling up the DagBag from /home/airflow/.local/lib/python3.12/site-packages/airflow/example_dags/example_external_task_marker_dag.py
[2024-05-06T05:18:59.440+0000] {processor.py:840} INFO - DAG(s) 'example_external_task_marker_child', 'example_external_task_marker_parent' retrieved from /home/airflow/.local/lib/python3.12/site-packages/airflow/example_dags/example_external_task_marker_dag.py
[2024-05-06T05:18:59.470+0000] {logging_mixin.py:188} INFO - [2024-05-06T05:18:59.470+0000] {dag.py:3096} INFO - Sync 2 DAGs
[2024-05-06T05:18:59.486+0000] {logging_mixin.py:188} INFO - [2024-05-06T05:18:59.486+0000] {dag.py:3954} INFO - Setting next_dagrun for example_external_task_marker_child to None, run_after=None
[2024-05-06T05:18:59.490+0000] {logging_mixin.py:188} INFO - [2024-05-06T05:18:59.490+0000] {dag.py:3954} INFO - Setting next_dagrun for example_external_task_marker_parent to None, run_after=None
[2024-05-06T05:18:59.512+0000] {processor.py:183} INFO - Processing /home/airflow/.local/lib/python3.12/site-packages/airflow/example_dags/example_external_task_marker_dag.py took 0.086 seconds
