[2024-05-06T04:50:22.471+0000] {processor.py:161} INFO - Started process (PID=359) to work on /home/airflow/.local/lib/python3.12/site-packages/airflow/example_dags/example_branch_labels.py
[2024-05-06T04:50:22.472+0000] {processor.py:830} INFO - Processing file /home/airflow/.local/lib/python3.12/site-packages/airflow/example_dags/example_branch_labels.py for tasks to queue
[2024-05-06T04:50:22.474+0000] {logging_mixin.py:188} INFO - [2024-05-06T04:50:22.474+0000] {dagbag.py:540} INFO - Filling up the DagBag from /home/airflow/.local/lib/python3.12/site-packages/airflow/example_dags/example_branch_labels.py
[2024-05-06T04:50:22.488+0000] {processor.py:840} INFO - DAG(s) 'example_branch_labels' retrieved from /home/airflow/.local/lib/python3.12/site-packages/airflow/example_dags/example_branch_labels.py
[2024-05-06T04:50:22.694+0000] {logging_mixin.py:188} INFO - [2024-05-06T04:50:22.693+0000] {override.py:1829} INFO - Created Permission View: can delete on DAG:example_branch_labels
[2024-05-06T04:50:22.711+0000] {logging_mixin.py:188} INFO - [2024-05-06T04:50:22.710+0000] {override.py:1829} INFO - Created Permission View: can edit on DAG:example_branch_labels
[2024-05-06T04:50:22.725+0000] {logging_mixin.py:188} INFO - [2024-05-06T04:50:22.725+0000] {override.py:1829} INFO - Created Permission View: can read on DAG:example_branch_labels
[2024-05-06T04:50:22.726+0000] {logging_mixin.py:188} INFO - [2024-05-06T04:50:22.725+0000] {dag.py:3096} INFO - Sync 1 DAGs
[2024-05-06T04:50:22.748+0000] {logging_mixin.py:188} INFO - [2024-05-06T04:50:22.748+0000] {dag.py:3118} INFO - Creating ORM DAG for example_branch_labels
[2024-05-06T04:50:22.792+0000] {logging_mixin.py:188} INFO - [2024-05-06T04:50:22.791+0000] {dag.py:3954} INFO - Setting next_dagrun for example_branch_labels to 2024-05-05 00:00:00+00:00, run_after=2024-05-06 00:00:00+00:00
[2024-05-06T04:50:22.837+0000] {processor.py:183} INFO - Processing /home/airflow/.local/lib/python3.12/site-packages/airflow/example_dags/example_branch_labels.py took 0.373 seconds
[2024-05-06T04:50:52.887+0000] {processor.py:161} INFO - Started process (PID=620) to work on /home/airflow/.local/lib/python3.12/site-packages/airflow/example_dags/example_branch_labels.py
[2024-05-06T04:50:52.888+0000] {processor.py:830} INFO - Processing file /home/airflow/.local/lib/python3.12/site-packages/airflow/example_dags/example_branch_labels.py for tasks to queue
[2024-05-06T04:50:52.890+0000] {logging_mixin.py:188} INFO - [2024-05-06T04:50:52.890+0000] {dagbag.py:540} INFO - Filling up the DagBag from /home/airflow/.local/lib/python3.12/site-packages/airflow/example_dags/example_branch_labels.py
[2024-05-06T04:50:52.899+0000] {processor.py:840} INFO - DAG(s) 'example_branch_labels' retrieved from /home/airflow/.local/lib/python3.12/site-packages/airflow/example_dags/example_branch_labels.py
[2024-05-06T04:50:52.921+0000] {logging_mixin.py:188} INFO - [2024-05-06T04:50:52.920+0000] {dag.py:3096} INFO - Sync 1 DAGs
[2024-05-06T04:50:52.939+0000] {logging_mixin.py:188} INFO - [2024-05-06T04:50:52.939+0000] {dag.py:3954} INFO - Setting next_dagrun for example_branch_labels to 2024-05-05 00:00:00+00:00, run_after=2024-05-06 00:00:00+00:00
[2024-05-06T04:50:52.958+0000] {processor.py:183} INFO - Processing /home/airflow/.local/lib/python3.12/site-packages/airflow/example_dags/example_branch_labels.py took 0.076 seconds
[2024-05-06T04:51:23.719+0000] {processor.py:161} INFO - Started process (PID=884) to work on /home/airflow/.local/lib/python3.12/site-packages/airflow/example_dags/example_branch_labels.py
[2024-05-06T04:51:23.721+0000] {processor.py:830} INFO - Processing file /home/airflow/.local/lib/python3.12/site-packages/airflow/example_dags/example_branch_labels.py for tasks to queue
[2024-05-06T04:51:23.731+0000] {logging_mixin.py:188} INFO - [2024-05-06T04:51:23.731+0000] {dagbag.py:540} INFO - Filling up the DagBag from /home/airflow/.local/lib/python3.12/site-packages/airflow/example_dags/example_branch_labels.py
[2024-05-06T04:51:23.751+0000] {processor.py:840} INFO - DAG(s) 'example_branch_labels' retrieved from /home/airflow/.local/lib/python3.12/site-packages/airflow/example_dags/example_branch_labels.py
[2024-05-06T04:51:23.807+0000] {logging_mixin.py:188} INFO - [2024-05-06T04:51:23.807+0000] {dag.py:3096} INFO - Sync 1 DAGs
[2024-05-06T04:51:23.845+0000] {logging_mixin.py:188} INFO - [2024-05-06T04:51:23.845+0000] {dag.py:3954} INFO - Setting next_dagrun for example_branch_labels to 2024-05-05 00:00:00+00:00, run_after=2024-05-06 00:00:00+00:00
[2024-05-06T04:51:23.884+0000] {processor.py:183} INFO - Processing /home/airflow/.local/lib/python3.12/site-packages/airflow/example_dags/example_branch_labels.py took 0.190 seconds
[2024-05-06T04:51:54.561+0000] {processor.py:161} INFO - Started process (PID=1147) to work on /home/airflow/.local/lib/python3.12/site-packages/airflow/example_dags/example_branch_labels.py
[2024-05-06T04:51:54.562+0000] {processor.py:830} INFO - Processing file /home/airflow/.local/lib/python3.12/site-packages/airflow/example_dags/example_branch_labels.py for tasks to queue
[2024-05-06T04:51:54.564+0000] {logging_mixin.py:188} INFO - [2024-05-06T04:51:54.563+0000] {dagbag.py:540} INFO - Filling up the DagBag from /home/airflow/.local/lib/python3.12/site-packages/airflow/example_dags/example_branch_labels.py
[2024-05-06T04:51:54.573+0000] {processor.py:840} INFO - DAG(s) 'example_branch_labels' retrieved from /home/airflow/.local/lib/python3.12/site-packages/airflow/example_dags/example_branch_labels.py
[2024-05-06T04:51:54.596+0000] {logging_mixin.py:188} INFO - [2024-05-06T04:51:54.595+0000] {dag.py:3096} INFO - Sync 1 DAGs
[2024-05-06T04:51:54.618+0000] {logging_mixin.py:188} INFO - [2024-05-06T04:51:54.617+0000] {dag.py:3954} INFO - Setting next_dagrun for example_branch_labels to 2024-05-05 00:00:00+00:00, run_after=2024-05-06 00:00:00+00:00
[2024-05-06T04:51:54.636+0000] {processor.py:183} INFO - Processing /home/airflow/.local/lib/python3.12/site-packages/airflow/example_dags/example_branch_labels.py took 0.084 seconds
[2024-05-06T04:52:25.597+0000] {processor.py:161} INFO - Started process (PID=1408) to work on /home/airflow/.local/lib/python3.12/site-packages/airflow/example_dags/example_branch_labels.py
[2024-05-06T04:52:25.598+0000] {processor.py:830} INFO - Processing file /home/airflow/.local/lib/python3.12/site-packages/airflow/example_dags/example_branch_labels.py for tasks to queue
[2024-05-06T04:52:25.599+0000] {logging_mixin.py:188} INFO - [2024-05-06T04:52:25.599+0000] {dagbag.py:540} INFO - Filling up the DagBag from /home/airflow/.local/lib/python3.12/site-packages/airflow/example_dags/example_branch_labels.py
[2024-05-06T04:52:25.607+0000] {processor.py:840} INFO - DAG(s) 'example_branch_labels' retrieved from /home/airflow/.local/lib/python3.12/site-packages/airflow/example_dags/example_branch_labels.py
[2024-05-06T04:52:25.629+0000] {logging_mixin.py:188} INFO - [2024-05-06T04:52:25.629+0000] {dag.py:3096} INFO - Sync 1 DAGs
[2024-05-06T04:52:25.650+0000] {logging_mixin.py:188} INFO - [2024-05-06T04:52:25.650+0000] {dag.py:3954} INFO - Setting next_dagrun for example_branch_labels to 2024-05-05 00:00:00+00:00, run_after=2024-05-06 00:00:00+00:00
[2024-05-06T04:52:25.670+0000] {processor.py:183} INFO - Processing /home/airflow/.local/lib/python3.12/site-packages/airflow/example_dags/example_branch_labels.py took 0.080 seconds
[2024-05-06T04:52:55.778+0000] {processor.py:161} INFO - Started process (PID=1670) to work on /home/airflow/.local/lib/python3.12/site-packages/airflow/example_dags/example_branch_labels.py
[2024-05-06T04:52:55.780+0000] {processor.py:830} INFO - Processing file /home/airflow/.local/lib/python3.12/site-packages/airflow/example_dags/example_branch_labels.py for tasks to queue
[2024-05-06T04:52:55.782+0000] {logging_mixin.py:188} INFO - [2024-05-06T04:52:55.781+0000] {dagbag.py:540} INFO - Filling up the DagBag from /home/airflow/.local/lib/python3.12/site-packages/airflow/example_dags/example_branch_labels.py
[2024-05-06T04:52:55.791+0000] {processor.py:840} INFO - DAG(s) 'example_branch_labels' retrieved from /home/airflow/.local/lib/python3.12/site-packages/airflow/example_dags/example_branch_labels.py
[2024-05-06T04:52:55.815+0000] {logging_mixin.py:188} INFO - [2024-05-06T04:52:55.815+0000] {dag.py:3096} INFO - Sync 1 DAGs
[2024-05-06T04:52:55.838+0000] {logging_mixin.py:188} INFO - [2024-05-06T04:52:55.838+0000] {dag.py:3954} INFO - Setting next_dagrun for example_branch_labels to 2024-05-05 00:00:00+00:00, run_after=2024-05-06 00:00:00+00:00
[2024-05-06T04:52:55.857+0000] {processor.py:183} INFO - Processing /home/airflow/.local/lib/python3.12/site-packages/airflow/example_dags/example_branch_labels.py took 0.085 seconds
[2024-05-06T04:53:26.095+0000] {processor.py:161} INFO - Started process (PID=1934) to work on /home/airflow/.local/lib/python3.12/site-packages/airflow/example_dags/example_branch_labels.py
[2024-05-06T04:53:26.096+0000] {processor.py:830} INFO - Processing file /home/airflow/.local/lib/python3.12/site-packages/airflow/example_dags/example_branch_labels.py for tasks to queue
[2024-05-06T04:53:26.098+0000] {logging_mixin.py:188} INFO - [2024-05-06T04:53:26.098+0000] {dagbag.py:540} INFO - Filling up the DagBag from /home/airflow/.local/lib/python3.12/site-packages/airflow/example_dags/example_branch_labels.py
[2024-05-06T04:53:26.107+0000] {processor.py:840} INFO - DAG(s) 'example_branch_labels' retrieved from /home/airflow/.local/lib/python3.12/site-packages/airflow/example_dags/example_branch_labels.py
[2024-05-06T04:53:26.136+0000] {logging_mixin.py:188} INFO - [2024-05-06T04:53:26.136+0000] {dag.py:3096} INFO - Sync 1 DAGs
[2024-05-06T04:53:26.166+0000] {logging_mixin.py:188} INFO - [2024-05-06T04:53:26.166+0000] {dag.py:3954} INFO - Setting next_dagrun for example_branch_labels to 2024-05-05 00:00:00+00:00, run_after=2024-05-06 00:00:00+00:00
[2024-05-06T04:53:26.194+0000] {processor.py:183} INFO - Processing /home/airflow/.local/lib/python3.12/site-packages/airflow/example_dags/example_branch_labels.py took 0.109 seconds
[2024-05-06T04:53:57.320+0000] {processor.py:161} INFO - Started process (PID=2194) to work on /home/airflow/.local/lib/python3.12/site-packages/airflow/example_dags/example_branch_labels.py
[2024-05-06T04:53:57.322+0000] {processor.py:830} INFO - Processing file /home/airflow/.local/lib/python3.12/site-packages/airflow/example_dags/example_branch_labels.py for tasks to queue
[2024-05-06T04:53:57.328+0000] {logging_mixin.py:188} INFO - [2024-05-06T04:53:57.324+0000] {dagbag.py:540} INFO - Filling up the DagBag from /home/airflow/.local/lib/python3.12/site-packages/airflow/example_dags/example_branch_labels.py
[2024-05-06T04:53:57.340+0000] {processor.py:840} INFO - DAG(s) 'example_branch_labels' retrieved from /home/airflow/.local/lib/python3.12/site-packages/airflow/example_dags/example_branch_labels.py
[2024-05-06T04:53:57.388+0000] {logging_mixin.py:188} INFO - [2024-05-06T04:53:57.388+0000] {dag.py:3096} INFO - Sync 1 DAGs
[2024-05-06T04:53:57.427+0000] {logging_mixin.py:188} INFO - [2024-05-06T04:53:57.423+0000] {dag.py:3954} INFO - Setting next_dagrun for example_branch_labels to 2024-05-05 00:00:00+00:00, run_after=2024-05-06 00:00:00+00:00
[2024-05-06T04:53:57.467+0000] {processor.py:183} INFO - Processing /home/airflow/.local/lib/python3.12/site-packages/airflow/example_dags/example_branch_labels.py took 0.157 seconds
[2024-05-06T04:54:29.035+0000] {processor.py:161} INFO - Started process (PID=2552) to work on /home/airflow/.local/lib/python3.12/site-packages/airflow/example_dags/example_branch_labels.py
[2024-05-06T04:54:29.036+0000] {processor.py:830} INFO - Processing file /home/airflow/.local/lib/python3.12/site-packages/airflow/example_dags/example_branch_labels.py for tasks to queue
[2024-05-06T04:54:29.042+0000] {logging_mixin.py:188} INFO - [2024-05-06T04:54:29.039+0000] {dagbag.py:540} INFO - Filling up the DagBag from /home/airflow/.local/lib/python3.12/site-packages/airflow/example_dags/example_branch_labels.py
[2024-05-06T04:54:29.054+0000] {processor.py:840} INFO - DAG(s) 'example_branch_labels' retrieved from /home/airflow/.local/lib/python3.12/site-packages/airflow/example_dags/example_branch_labels.py
[2024-05-06T04:54:29.080+0000] {logging_mixin.py:188} INFO - [2024-05-06T04:54:29.080+0000] {dag.py:3096} INFO - Sync 1 DAGs
[2024-05-06T04:54:29.106+0000] {logging_mixin.py:188} INFO - [2024-05-06T04:54:29.106+0000] {dag.py:3954} INFO - Setting next_dagrun for example_branch_labels to 2024-05-05 00:00:00+00:00, run_after=2024-05-06 00:00:00+00:00
[2024-05-06T04:54:29.131+0000] {processor.py:183} INFO - Processing /home/airflow/.local/lib/python3.12/site-packages/airflow/example_dags/example_branch_labels.py took 0.102 seconds
[2024-05-06T04:54:59.883+0000] {processor.py:161} INFO - Started process (PID=2867) to work on /home/airflow/.local/lib/python3.12/site-packages/airflow/example_dags/example_branch_labels.py
[2024-05-06T04:54:59.885+0000] {processor.py:830} INFO - Processing file /home/airflow/.local/lib/python3.12/site-packages/airflow/example_dags/example_branch_labels.py for tasks to queue
[2024-05-06T04:54:59.889+0000] {logging_mixin.py:188} INFO - [2024-05-06T04:54:59.889+0000] {dagbag.py:540} INFO - Filling up the DagBag from /home/airflow/.local/lib/python3.12/site-packages/airflow/example_dags/example_branch_labels.py
[2024-05-06T04:54:59.898+0000] {processor.py:840} INFO - DAG(s) 'example_branch_labels' retrieved from /home/airflow/.local/lib/python3.12/site-packages/airflow/example_dags/example_branch_labels.py
[2024-05-06T04:54:59.922+0000] {logging_mixin.py:188} INFO - [2024-05-06T04:54:59.922+0000] {dag.py:3096} INFO - Sync 1 DAGs
[2024-05-06T04:54:59.950+0000] {logging_mixin.py:188} INFO - [2024-05-06T04:54:59.950+0000] {dag.py:3954} INFO - Setting next_dagrun for example_branch_labels to 2024-05-05 00:00:00+00:00, run_after=2024-05-06 00:00:00+00:00
[2024-05-06T04:54:59.975+0000] {processor.py:183} INFO - Processing /home/airflow/.local/lib/python3.12/site-packages/airflow/example_dags/example_branch_labels.py took 0.108 seconds
[2024-05-06T04:55:30.059+0000] {processor.py:161} INFO - Started process (PID=3131) to work on /home/airflow/.local/lib/python3.12/site-packages/airflow/example_dags/example_branch_labels.py
[2024-05-06T04:55:30.060+0000] {processor.py:830} INFO - Processing file /home/airflow/.local/lib/python3.12/site-packages/airflow/example_dags/example_branch_labels.py for tasks to queue
[2024-05-06T04:55:30.062+0000] {logging_mixin.py:188} INFO - [2024-05-06T04:55:30.062+0000] {dagbag.py:540} INFO - Filling up the DagBag from /home/airflow/.local/lib/python3.12/site-packages/airflow/example_dags/example_branch_labels.py
[2024-05-06T04:55:30.071+0000] {processor.py:840} INFO - DAG(s) 'example_branch_labels' retrieved from /home/airflow/.local/lib/python3.12/site-packages/airflow/example_dags/example_branch_labels.py
[2024-05-06T04:55:30.097+0000] {logging_mixin.py:188} INFO - [2024-05-06T04:55:30.097+0000] {dag.py:3096} INFO - Sync 1 DAGs
[2024-05-06T04:55:30.124+0000] {logging_mixin.py:188} INFO - [2024-05-06T04:55:30.124+0000] {dag.py:3954} INFO - Setting next_dagrun for example_branch_labels to 2024-05-05 00:00:00+00:00, run_after=2024-05-06 00:00:00+00:00
[2024-05-06T04:55:30.148+0000] {processor.py:183} INFO - Processing /home/airflow/.local/lib/python3.12/site-packages/airflow/example_dags/example_branch_labels.py took 0.095 seconds
[2024-05-06T04:56:00.222+0000] {processor.py:161} INFO - Started process (PID=3392) to work on /home/airflow/.local/lib/python3.12/site-packages/airflow/example_dags/example_branch_labels.py
[2024-05-06T04:56:00.223+0000] {processor.py:830} INFO - Processing file /home/airflow/.local/lib/python3.12/site-packages/airflow/example_dags/example_branch_labels.py for tasks to queue
[2024-05-06T04:56:00.225+0000] {logging_mixin.py:188} INFO - [2024-05-06T04:56:00.225+0000] {dagbag.py:540} INFO - Filling up the DagBag from /home/airflow/.local/lib/python3.12/site-packages/airflow/example_dags/example_branch_labels.py
[2024-05-06T04:56:00.246+0000] {processor.py:840} INFO - DAG(s) 'example_branch_labels' retrieved from /home/airflow/.local/lib/python3.12/site-packages/airflow/example_dags/example_branch_labels.py
[2024-05-06T04:56:00.273+0000] {logging_mixin.py:188} INFO - [2024-05-06T04:56:00.272+0000] {dag.py:3096} INFO - Sync 1 DAGs
[2024-05-06T04:56:00.302+0000] {logging_mixin.py:188} INFO - [2024-05-06T04:56:00.301+0000] {dag.py:3954} INFO - Setting next_dagrun for example_branch_labels to 2024-05-05 00:00:00+00:00, run_after=2024-05-06 00:00:00+00:00
[2024-05-06T04:56:00.352+0000] {processor.py:183} INFO - Processing /home/airflow/.local/lib/python3.12/site-packages/airflow/example_dags/example_branch_labels.py took 0.136 seconds
[2024-05-06T04:56:31.015+0000] {processor.py:161} INFO - Started process (PID=3655) to work on /home/airflow/.local/lib/python3.12/site-packages/airflow/example_dags/example_branch_labels.py
[2024-05-06T04:56:31.016+0000] {processor.py:830} INFO - Processing file /home/airflow/.local/lib/python3.12/site-packages/airflow/example_dags/example_branch_labels.py for tasks to queue
[2024-05-06T04:56:31.017+0000] {logging_mixin.py:188} INFO - [2024-05-06T04:56:31.017+0000] {dagbag.py:540} INFO - Filling up the DagBag from /home/airflow/.local/lib/python3.12/site-packages/airflow/example_dags/example_branch_labels.py
[2024-05-06T04:56:31.026+0000] {processor.py:840} INFO - DAG(s) 'example_branch_labels' retrieved from /home/airflow/.local/lib/python3.12/site-packages/airflow/example_dags/example_branch_labels.py
[2024-05-06T04:56:31.050+0000] {logging_mixin.py:188} INFO - [2024-05-06T04:56:31.049+0000] {dag.py:3096} INFO - Sync 1 DAGs
[2024-05-06T04:56:31.078+0000] {logging_mixin.py:188} INFO - [2024-05-06T04:56:31.078+0000] {dag.py:3954} INFO - Setting next_dagrun for example_branch_labels to 2024-05-05 00:00:00+00:00, run_after=2024-05-06 00:00:00+00:00
[2024-05-06T04:56:31.102+0000] {processor.py:183} INFO - Processing /home/airflow/.local/lib/python3.12/site-packages/airflow/example_dags/example_branch_labels.py took 0.094 seconds
[2024-05-06T04:57:01.895+0000] {processor.py:161} INFO - Started process (PID=3918) to work on /home/airflow/.local/lib/python3.12/site-packages/airflow/example_dags/example_branch_labels.py
[2024-05-06T04:57:01.897+0000] {processor.py:830} INFO - Processing file /home/airflow/.local/lib/python3.12/site-packages/airflow/example_dags/example_branch_labels.py for tasks to queue
[2024-05-06T04:57:01.899+0000] {logging_mixin.py:188} INFO - [2024-05-06T04:57:01.898+0000] {dagbag.py:540} INFO - Filling up the DagBag from /home/airflow/.local/lib/python3.12/site-packages/airflow/example_dags/example_branch_labels.py
[2024-05-06T04:57:01.906+0000] {processor.py:840} INFO - DAG(s) 'example_branch_labels' retrieved from /home/airflow/.local/lib/python3.12/site-packages/airflow/example_dags/example_branch_labels.py
[2024-05-06T04:57:01.929+0000] {logging_mixin.py:188} INFO - [2024-05-06T04:57:01.929+0000] {dag.py:3096} INFO - Sync 1 DAGs
[2024-05-06T04:57:01.957+0000] {logging_mixin.py:188} INFO - [2024-05-06T04:57:01.957+0000] {dag.py:3954} INFO - Setting next_dagrun for example_branch_labels to 2024-05-05 00:00:00+00:00, run_after=2024-05-06 00:00:00+00:00
[2024-05-06T04:57:01.982+0000] {processor.py:183} INFO - Processing /home/airflow/.local/lib/python3.12/site-packages/airflow/example_dags/example_branch_labels.py took 0.093 seconds
[2024-05-06T04:57:32.147+0000] {processor.py:161} INFO - Started process (PID=4180) to work on /home/airflow/.local/lib/python3.12/site-packages/airflow/example_dags/example_branch_labels.py
[2024-05-06T04:57:32.148+0000] {processor.py:830} INFO - Processing file /home/airflow/.local/lib/python3.12/site-packages/airflow/example_dags/example_branch_labels.py for tasks to queue
[2024-05-06T04:57:32.150+0000] {logging_mixin.py:188} INFO - [2024-05-06T04:57:32.150+0000] {dagbag.py:540} INFO - Filling up the DagBag from /home/airflow/.local/lib/python3.12/site-packages/airflow/example_dags/example_branch_labels.py
[2024-05-06T04:57:32.160+0000] {processor.py:840} INFO - DAG(s) 'example_branch_labels' retrieved from /home/airflow/.local/lib/python3.12/site-packages/airflow/example_dags/example_branch_labels.py
[2024-05-06T04:57:32.188+0000] {logging_mixin.py:188} INFO - [2024-05-06T04:57:32.187+0000] {dag.py:3096} INFO - Sync 1 DAGs
[2024-05-06T04:57:32.217+0000] {logging_mixin.py:188} INFO - [2024-05-06T04:57:32.216+0000] {dag.py:3954} INFO - Setting next_dagrun for example_branch_labels to 2024-05-05 00:00:00+00:00, run_after=2024-05-06 00:00:00+00:00
[2024-05-06T04:57:32.242+0000] {processor.py:183} INFO - Processing /home/airflow/.local/lib/python3.12/site-packages/airflow/example_dags/example_branch_labels.py took 0.101 seconds
[2024-05-06T04:58:02.775+0000] {processor.py:161} INFO - Started process (PID=4442) to work on /home/airflow/.local/lib/python3.12/site-packages/airflow/example_dags/example_branch_labels.py
[2024-05-06T04:58:02.777+0000] {processor.py:830} INFO - Processing file /home/airflow/.local/lib/python3.12/site-packages/airflow/example_dags/example_branch_labels.py for tasks to queue
[2024-05-06T04:58:02.779+0000] {logging_mixin.py:188} INFO - [2024-05-06T04:58:02.778+0000] {dagbag.py:540} INFO - Filling up the DagBag from /home/airflow/.local/lib/python3.12/site-packages/airflow/example_dags/example_branch_labels.py
[2024-05-06T04:58:02.795+0000] {processor.py:840} INFO - DAG(s) 'example_branch_labels' retrieved from /home/airflow/.local/lib/python3.12/site-packages/airflow/example_dags/example_branch_labels.py
[2024-05-06T04:58:02.819+0000] {logging_mixin.py:188} INFO - [2024-05-06T04:58:02.819+0000] {dag.py:3096} INFO - Sync 1 DAGs
[2024-05-06T04:58:02.848+0000] {logging_mixin.py:188} INFO - [2024-05-06T04:58:02.848+0000] {dag.py:3954} INFO - Setting next_dagrun for example_branch_labels to 2024-05-05 00:00:00+00:00, run_after=2024-05-06 00:00:00+00:00
[2024-05-06T04:58:02.872+0000] {processor.py:183} INFO - Processing /home/airflow/.local/lib/python3.12/site-packages/airflow/example_dags/example_branch_labels.py took 0.116 seconds
[2024-05-06T04:58:33.390+0000] {processor.py:161} INFO - Started process (PID=4704) to work on /home/airflow/.local/lib/python3.12/site-packages/airflow/example_dags/example_branch_labels.py
[2024-05-06T04:58:33.394+0000] {processor.py:830} INFO - Processing file /home/airflow/.local/lib/python3.12/site-packages/airflow/example_dags/example_branch_labels.py for tasks to queue
[2024-05-06T04:58:33.399+0000] {logging_mixin.py:188} INFO - [2024-05-06T04:58:33.399+0000] {dagbag.py:540} INFO - Filling up the DagBag from /home/airflow/.local/lib/python3.12/site-packages/airflow/example_dags/example_branch_labels.py
[2024-05-06T04:58:33.420+0000] {processor.py:840} INFO - DAG(s) 'example_branch_labels' retrieved from /home/airflow/.local/lib/python3.12/site-packages/airflow/example_dags/example_branch_labels.py
[2024-05-06T04:58:33.473+0000] {logging_mixin.py:188} INFO - [2024-05-06T04:58:33.472+0000] {dag.py:3096} INFO - Sync 1 DAGs
[2024-05-06T04:58:33.500+0000] {logging_mixin.py:188} INFO - [2024-05-06T04:58:33.500+0000] {dag.py:3954} INFO - Setting next_dagrun for example_branch_labels to 2024-05-05 00:00:00+00:00, run_after=2024-05-06 00:00:00+00:00
[2024-05-06T04:58:33.528+0000] {processor.py:183} INFO - Processing /home/airflow/.local/lib/python3.12/site-packages/airflow/example_dags/example_branch_labels.py took 0.150 seconds
[2024-05-06T04:59:03.921+0000] {processor.py:161} INFO - Started process (PID=4966) to work on /home/airflow/.local/lib/python3.12/site-packages/airflow/example_dags/example_branch_labels.py
[2024-05-06T04:59:03.923+0000] {processor.py:830} INFO - Processing file /home/airflow/.local/lib/python3.12/site-packages/airflow/example_dags/example_branch_labels.py for tasks to queue
[2024-05-06T04:59:03.924+0000] {logging_mixin.py:188} INFO - [2024-05-06T04:59:03.924+0000] {dagbag.py:540} INFO - Filling up the DagBag from /home/airflow/.local/lib/python3.12/site-packages/airflow/example_dags/example_branch_labels.py
[2024-05-06T04:59:03.933+0000] {processor.py:840} INFO - DAG(s) 'example_branch_labels' retrieved from /home/airflow/.local/lib/python3.12/site-packages/airflow/example_dags/example_branch_labels.py
[2024-05-06T04:59:03.966+0000] {logging_mixin.py:188} INFO - [2024-05-06T04:59:03.965+0000] {dag.py:3096} INFO - Sync 1 DAGs
[2024-05-06T04:59:03.996+0000] {logging_mixin.py:188} INFO - [2024-05-06T04:59:03.995+0000] {dag.py:3954} INFO - Setting next_dagrun for example_branch_labels to 2024-05-05 00:00:00+00:00, run_after=2024-05-06 00:00:00+00:00
[2024-05-06T04:59:04.020+0000] {processor.py:183} INFO - Processing /home/airflow/.local/lib/python3.12/site-packages/airflow/example_dags/example_branch_labels.py took 0.132 seconds
[2024-05-06T04:59:34.879+0000] {processor.py:161} INFO - Started process (PID=5229) to work on /home/airflow/.local/lib/python3.12/site-packages/airflow/example_dags/example_branch_labels.py
[2024-05-06T04:59:34.880+0000] {processor.py:830} INFO - Processing file /home/airflow/.local/lib/python3.12/site-packages/airflow/example_dags/example_branch_labels.py for tasks to queue
[2024-05-06T04:59:34.882+0000] {logging_mixin.py:188} INFO - [2024-05-06T04:59:34.881+0000] {dagbag.py:540} INFO - Filling up the DagBag from /home/airflow/.local/lib/python3.12/site-packages/airflow/example_dags/example_branch_labels.py
[2024-05-06T04:59:34.898+0000] {processor.py:840} INFO - DAG(s) 'example_branch_labels' retrieved from /home/airflow/.local/lib/python3.12/site-packages/airflow/example_dags/example_branch_labels.py
[2024-05-06T04:59:34.923+0000] {logging_mixin.py:188} INFO - [2024-05-06T04:59:34.923+0000] {dag.py:3096} INFO - Sync 1 DAGs
[2024-05-06T04:59:34.953+0000] {logging_mixin.py:188} INFO - [2024-05-06T04:59:34.952+0000] {dag.py:3954} INFO - Setting next_dagrun for example_branch_labels to 2024-05-05 00:00:00+00:00, run_after=2024-05-06 00:00:00+00:00
[2024-05-06T04:59:34.979+0000] {processor.py:183} INFO - Processing /home/airflow/.local/lib/python3.12/site-packages/airflow/example_dags/example_branch_labels.py took 0.112 seconds
[2024-05-06T05:00:05.126+0000] {processor.py:161} INFO - Started process (PID=5491) to work on /home/airflow/.local/lib/python3.12/site-packages/airflow/example_dags/example_branch_labels.py
[2024-05-06T05:00:05.127+0000] {processor.py:830} INFO - Processing file /home/airflow/.local/lib/python3.12/site-packages/airflow/example_dags/example_branch_labels.py for tasks to queue
[2024-05-06T05:00:05.129+0000] {logging_mixin.py:188} INFO - [2024-05-06T05:00:05.128+0000] {dagbag.py:540} INFO - Filling up the DagBag from /home/airflow/.local/lib/python3.12/site-packages/airflow/example_dags/example_branch_labels.py
[2024-05-06T05:00:05.137+0000] {processor.py:840} INFO - DAG(s) 'example_branch_labels' retrieved from /home/airflow/.local/lib/python3.12/site-packages/airflow/example_dags/example_branch_labels.py
[2024-05-06T05:00:05.160+0000] {logging_mixin.py:188} INFO - [2024-05-06T05:00:05.160+0000] {dag.py:3096} INFO - Sync 1 DAGs
[2024-05-06T05:00:05.187+0000] {logging_mixin.py:188} INFO - [2024-05-06T05:00:05.187+0000] {dag.py:3954} INFO - Setting next_dagrun for example_branch_labels to 2024-05-05 00:00:00+00:00, run_after=2024-05-06 00:00:00+00:00
[2024-05-06T05:00:05.218+0000] {processor.py:183} INFO - Processing /home/airflow/.local/lib/python3.12/site-packages/airflow/example_dags/example_branch_labels.py took 0.098 seconds
[2024-05-06T05:00:35.428+0000] {processor.py:161} INFO - Started process (PID=5759) to work on /home/airflow/.local/lib/python3.12/site-packages/airflow/example_dags/example_branch_labels.py
[2024-05-06T05:00:35.429+0000] {processor.py:830} INFO - Processing file /home/airflow/.local/lib/python3.12/site-packages/airflow/example_dags/example_branch_labels.py for tasks to queue
[2024-05-06T05:00:35.431+0000] {logging_mixin.py:188} INFO - [2024-05-06T05:00:35.431+0000] {dagbag.py:540} INFO - Filling up the DagBag from /home/airflow/.local/lib/python3.12/site-packages/airflow/example_dags/example_branch_labels.py
[2024-05-06T05:00:35.440+0000] {processor.py:840} INFO - DAG(s) 'example_branch_labels' retrieved from /home/airflow/.local/lib/python3.12/site-packages/airflow/example_dags/example_branch_labels.py
[2024-05-06T05:00:35.469+0000] {logging_mixin.py:188} INFO - [2024-05-06T05:00:35.469+0000] {dag.py:3096} INFO - Sync 1 DAGs
[2024-05-06T05:00:35.495+0000] {logging_mixin.py:188} INFO - [2024-05-06T05:00:35.495+0000] {dag.py:3954} INFO - Setting next_dagrun for example_branch_labels to 2024-05-05 00:00:00+00:00, run_after=2024-05-06 00:00:00+00:00
[2024-05-06T05:00:35.521+0000] {processor.py:183} INFO - Processing /home/airflow/.local/lib/python3.12/site-packages/airflow/example_dags/example_branch_labels.py took 0.099 seconds
[2024-05-06T05:01:05.707+0000] {processor.py:161} INFO - Started process (PID=6026) to work on /home/airflow/.local/lib/python3.12/site-packages/airflow/example_dags/example_branch_labels.py
[2024-05-06T05:01:05.708+0000] {processor.py:830} INFO - Processing file /home/airflow/.local/lib/python3.12/site-packages/airflow/example_dags/example_branch_labels.py for tasks to queue
[2024-05-06T05:01:05.710+0000] {logging_mixin.py:188} INFO - [2024-05-06T05:01:05.709+0000] {dagbag.py:540} INFO - Filling up the DagBag from /home/airflow/.local/lib/python3.12/site-packages/airflow/example_dags/example_branch_labels.py
[2024-05-06T05:01:05.721+0000] {processor.py:840} INFO - DAG(s) 'example_branch_labels' retrieved from /home/airflow/.local/lib/python3.12/site-packages/airflow/example_dags/example_branch_labels.py
[2024-05-06T05:01:05.744+0000] {logging_mixin.py:188} INFO - [2024-05-06T05:01:05.743+0000] {dag.py:3096} INFO - Sync 1 DAGs
[2024-05-06T05:01:05.773+0000] {logging_mixin.py:188} INFO - [2024-05-06T05:01:05.772+0000] {dag.py:3954} INFO - Setting next_dagrun for example_branch_labels to 2024-05-05 00:00:00+00:00, run_after=2024-05-06 00:00:00+00:00
[2024-05-06T05:01:05.799+0000] {processor.py:183} INFO - Processing /home/airflow/.local/lib/python3.12/site-packages/airflow/example_dags/example_branch_labels.py took 0.098 seconds
[2024-05-06T05:01:36.722+0000] {processor.py:161} INFO - Started process (PID=6293) to work on /home/airflow/.local/lib/python3.12/site-packages/airflow/example_dags/example_branch_labels.py
[2024-05-06T05:01:36.723+0000] {processor.py:830} INFO - Processing file /home/airflow/.local/lib/python3.12/site-packages/airflow/example_dags/example_branch_labels.py for tasks to queue
[2024-05-06T05:01:36.725+0000] {logging_mixin.py:188} INFO - [2024-05-06T05:01:36.725+0000] {dagbag.py:540} INFO - Filling up the DagBag from /home/airflow/.local/lib/python3.12/site-packages/airflow/example_dags/example_branch_labels.py
[2024-05-06T05:01:36.734+0000] {processor.py:840} INFO - DAG(s) 'example_branch_labels' retrieved from /home/airflow/.local/lib/python3.12/site-packages/airflow/example_dags/example_branch_labels.py
[2024-05-06T05:01:36.757+0000] {logging_mixin.py:188} INFO - [2024-05-06T05:01:36.756+0000] {dag.py:3096} INFO - Sync 1 DAGs
[2024-05-06T05:01:36.785+0000] {logging_mixin.py:188} INFO - [2024-05-06T05:01:36.785+0000] {dag.py:3954} INFO - Setting next_dagrun for example_branch_labels to 2024-05-05 00:00:00+00:00, run_after=2024-05-06 00:00:00+00:00
[2024-05-06T05:01:36.810+0000] {processor.py:183} INFO - Processing /home/airflow/.local/lib/python3.12/site-packages/airflow/example_dags/example_branch_labels.py took 0.095 seconds
[2024-05-06T05:02:07.776+0000] {processor.py:161} INFO - Started process (PID=6561) to work on /home/airflow/.local/lib/python3.12/site-packages/airflow/example_dags/example_branch_labels.py
[2024-05-06T05:02:07.777+0000] {processor.py:830} INFO - Processing file /home/airflow/.local/lib/python3.12/site-packages/airflow/example_dags/example_branch_labels.py for tasks to queue
[2024-05-06T05:02:07.779+0000] {logging_mixin.py:188} INFO - [2024-05-06T05:02:07.778+0000] {dagbag.py:540} INFO - Filling up the DagBag from /home/airflow/.local/lib/python3.12/site-packages/airflow/example_dags/example_branch_labels.py
[2024-05-06T05:02:07.788+0000] {processor.py:840} INFO - DAG(s) 'example_branch_labels' retrieved from /home/airflow/.local/lib/python3.12/site-packages/airflow/example_dags/example_branch_labels.py
[2024-05-06T05:02:07.810+0000] {logging_mixin.py:188} INFO - [2024-05-06T05:02:07.810+0000] {dag.py:3096} INFO - Sync 1 DAGs
[2024-05-06T05:02:07.837+0000] {logging_mixin.py:188} INFO - [2024-05-06T05:02:07.837+0000] {dag.py:3954} INFO - Setting next_dagrun for example_branch_labels to 2024-05-05 00:00:00+00:00, run_after=2024-05-06 00:00:00+00:00
[2024-05-06T05:02:08.041+0000] {processor.py:183} INFO - Processing /home/airflow/.local/lib/python3.12/site-packages/airflow/example_dags/example_branch_labels.py took 0.272 seconds
[2024-05-06T05:02:38.143+0000] {processor.py:161} INFO - Started process (PID=6831) to work on /home/airflow/.local/lib/python3.12/site-packages/airflow/example_dags/example_branch_labels.py
[2024-05-06T05:02:38.144+0000] {processor.py:830} INFO - Processing file /home/airflow/.local/lib/python3.12/site-packages/airflow/example_dags/example_branch_labels.py for tasks to queue
[2024-05-06T05:02:38.146+0000] {logging_mixin.py:188} INFO - [2024-05-06T05:02:38.145+0000] {dagbag.py:540} INFO - Filling up the DagBag from /home/airflow/.local/lib/python3.12/site-packages/airflow/example_dags/example_branch_labels.py
[2024-05-06T05:02:38.152+0000] {processor.py:840} INFO - DAG(s) 'example_branch_labels' retrieved from /home/airflow/.local/lib/python3.12/site-packages/airflow/example_dags/example_branch_labels.py
[2024-05-06T05:02:38.170+0000] {logging_mixin.py:188} INFO - [2024-05-06T05:02:38.170+0000] {dag.py:3096} INFO - Sync 1 DAGs
[2024-05-06T05:02:38.189+0000] {logging_mixin.py:188} INFO - [2024-05-06T05:02:38.189+0000] {dag.py:3954} INFO - Setting next_dagrun for example_branch_labels to 2024-05-05 00:00:00+00:00, run_after=2024-05-06 00:00:00+00:00
[2024-05-06T05:02:38.208+0000] {processor.py:183} INFO - Processing /home/airflow/.local/lib/python3.12/site-packages/airflow/example_dags/example_branch_labels.py took 0.070 seconds
[2024-05-06T05:03:08.590+0000] {processor.py:161} INFO - Started process (PID=7097) to work on /home/airflow/.local/lib/python3.12/site-packages/airflow/example_dags/example_branch_labels.py
[2024-05-06T05:03:08.591+0000] {processor.py:830} INFO - Processing file /home/airflow/.local/lib/python3.12/site-packages/airflow/example_dags/example_branch_labels.py for tasks to queue
[2024-05-06T05:03:08.594+0000] {logging_mixin.py:188} INFO - [2024-05-06T05:03:08.593+0000] {dagbag.py:540} INFO - Filling up the DagBag from /home/airflow/.local/lib/python3.12/site-packages/airflow/example_dags/example_branch_labels.py
[2024-05-06T05:03:08.603+0000] {processor.py:840} INFO - DAG(s) 'example_branch_labels' retrieved from /home/airflow/.local/lib/python3.12/site-packages/airflow/example_dags/example_branch_labels.py
[2024-05-06T05:03:08.627+0000] {logging_mixin.py:188} INFO - [2024-05-06T05:03:08.626+0000] {dag.py:3096} INFO - Sync 1 DAGs
[2024-05-06T05:03:08.655+0000] {logging_mixin.py:188} INFO - [2024-05-06T05:03:08.654+0000] {dag.py:3954} INFO - Setting next_dagrun for example_branch_labels to 2024-05-05 00:00:00+00:00, run_after=2024-05-06 00:00:00+00:00
[2024-05-06T05:03:08.678+0000] {processor.py:183} INFO - Processing /home/airflow/.local/lib/python3.12/site-packages/airflow/example_dags/example_branch_labels.py took 0.094 seconds
[2024-05-06T05:03:39.350+0000] {processor.py:161} INFO - Started process (PID=7364) to work on /home/airflow/.local/lib/python3.12/site-packages/airflow/example_dags/example_branch_labels.py
[2024-05-06T05:03:39.351+0000] {processor.py:830} INFO - Processing file /home/airflow/.local/lib/python3.12/site-packages/airflow/example_dags/example_branch_labels.py for tasks to queue
[2024-05-06T05:03:39.353+0000] {logging_mixin.py:188} INFO - [2024-05-06T05:03:39.353+0000] {dagbag.py:540} INFO - Filling up the DagBag from /home/airflow/.local/lib/python3.12/site-packages/airflow/example_dags/example_branch_labels.py
[2024-05-06T05:03:39.363+0000] {processor.py:840} INFO - DAG(s) 'example_branch_labels' retrieved from /home/airflow/.local/lib/python3.12/site-packages/airflow/example_dags/example_branch_labels.py
[2024-05-06T05:03:39.386+0000] {logging_mixin.py:188} INFO - [2024-05-06T05:03:39.386+0000] {dag.py:3096} INFO - Sync 1 DAGs
[2024-05-06T05:03:39.414+0000] {logging_mixin.py:188} INFO - [2024-05-06T05:03:39.414+0000] {dag.py:3954} INFO - Setting next_dagrun for example_branch_labels to 2024-05-05 00:00:00+00:00, run_after=2024-05-06 00:00:00+00:00
[2024-05-06T05:03:39.438+0000] {processor.py:183} INFO - Processing /home/airflow/.local/lib/python3.12/site-packages/airflow/example_dags/example_branch_labels.py took 0.095 seconds
[2024-05-06T05:04:10.585+0000] {processor.py:161} INFO - Started process (PID=7631) to work on /home/airflow/.local/lib/python3.12/site-packages/airflow/example_dags/example_branch_labels.py
[2024-05-06T05:04:10.592+0000] {processor.py:830} INFO - Processing file /home/airflow/.local/lib/python3.12/site-packages/airflow/example_dags/example_branch_labels.py for tasks to queue
[2024-05-06T05:04:10.595+0000] {logging_mixin.py:188} INFO - [2024-05-06T05:04:10.594+0000] {dagbag.py:540} INFO - Filling up the DagBag from /home/airflow/.local/lib/python3.12/site-packages/airflow/example_dags/example_branch_labels.py
[2024-05-06T05:04:10.605+0000] {processor.py:840} INFO - DAG(s) 'example_branch_labels' retrieved from /home/airflow/.local/lib/python3.12/site-packages/airflow/example_dags/example_branch_labels.py
[2024-05-06T05:04:10.657+0000] {logging_mixin.py:188} INFO - [2024-05-06T05:04:10.657+0000] {dag.py:3096} INFO - Sync 1 DAGs
[2024-05-06T05:04:10.862+0000] {logging_mixin.py:188} INFO - [2024-05-06T05:04:10.861+0000] {dag.py:3954} INFO - Setting next_dagrun for example_branch_labels to 2024-05-05 00:00:00+00:00, run_after=2024-05-06 00:00:00+00:00
[2024-05-06T05:04:10.884+0000] {processor.py:183} INFO - Processing /home/airflow/.local/lib/python3.12/site-packages/airflow/example_dags/example_branch_labels.py took 0.314 seconds
[2024-05-06T05:04:41.026+0000] {processor.py:161} INFO - Started process (PID=7898) to work on /home/airflow/.local/lib/python3.12/site-packages/airflow/example_dags/example_branch_labels.py
[2024-05-06T05:04:41.027+0000] {processor.py:830} INFO - Processing file /home/airflow/.local/lib/python3.12/site-packages/airflow/example_dags/example_branch_labels.py for tasks to queue
[2024-05-06T05:04:41.029+0000] {logging_mixin.py:188} INFO - [2024-05-06T05:04:41.028+0000] {dagbag.py:540} INFO - Filling up the DagBag from /home/airflow/.local/lib/python3.12/site-packages/airflow/example_dags/example_branch_labels.py
[2024-05-06T05:04:41.045+0000] {processor.py:840} INFO - DAG(s) 'example_branch_labels' retrieved from /home/airflow/.local/lib/python3.12/site-packages/airflow/example_dags/example_branch_labels.py
[2024-05-06T05:04:41.074+0000] {logging_mixin.py:188} INFO - [2024-05-06T05:04:41.074+0000] {dag.py:3096} INFO - Sync 1 DAGs
[2024-05-06T05:04:41.103+0000] {logging_mixin.py:188} INFO - [2024-05-06T05:04:41.103+0000] {dag.py:3954} INFO - Setting next_dagrun for example_branch_labels to 2024-05-05 00:00:00+00:00, run_after=2024-05-06 00:00:00+00:00
[2024-05-06T05:04:41.128+0000] {processor.py:183} INFO - Processing /home/airflow/.local/lib/python3.12/site-packages/airflow/example_dags/example_branch_labels.py took 0.118 seconds
[2024-05-06T05:05:11.219+0000] {processor.py:161} INFO - Started process (PID=8170) to work on /home/airflow/.local/lib/python3.12/site-packages/airflow/example_dags/example_branch_labels.py
[2024-05-06T05:05:11.220+0000] {processor.py:830} INFO - Processing file /home/airflow/.local/lib/python3.12/site-packages/airflow/example_dags/example_branch_labels.py for tasks to queue
[2024-05-06T05:05:11.224+0000] {logging_mixin.py:188} INFO - [2024-05-06T05:05:11.224+0000] {dagbag.py:540} INFO - Filling up the DagBag from /home/airflow/.local/lib/python3.12/site-packages/airflow/example_dags/example_branch_labels.py
[2024-05-06T05:05:11.234+0000] {processor.py:840} INFO - DAG(s) 'example_branch_labels' retrieved from /home/airflow/.local/lib/python3.12/site-packages/airflow/example_dags/example_branch_labels.py
[2024-05-06T05:05:11.258+0000] {logging_mixin.py:188} INFO - [2024-05-06T05:05:11.258+0000] {dag.py:3096} INFO - Sync 1 DAGs
[2024-05-06T05:05:11.364+0000] {logging_mixin.py:188} INFO - [2024-05-06T05:05:11.364+0000] {dag.py:3954} INFO - Setting next_dagrun for example_branch_labels to 2024-05-05 00:00:00+00:00, run_after=2024-05-06 00:00:00+00:00
[2024-05-06T05:05:11.417+0000] {processor.py:183} INFO - Processing /home/airflow/.local/lib/python3.12/site-packages/airflow/example_dags/example_branch_labels.py took 0.205 seconds
[2024-05-06T05:05:41.478+0000] {processor.py:161} INFO - Started process (PID=8442) to work on /home/airflow/.local/lib/python3.12/site-packages/airflow/example_dags/example_branch_labels.py
[2024-05-06T05:05:41.480+0000] {processor.py:830} INFO - Processing file /home/airflow/.local/lib/python3.12/site-packages/airflow/example_dags/example_branch_labels.py for tasks to queue
[2024-05-06T05:05:41.481+0000] {logging_mixin.py:188} INFO - [2024-05-06T05:05:41.481+0000] {dagbag.py:540} INFO - Filling up the DagBag from /home/airflow/.local/lib/python3.12/site-packages/airflow/example_dags/example_branch_labels.py
[2024-05-06T05:05:41.489+0000] {processor.py:840} INFO - DAG(s) 'example_branch_labels' retrieved from /home/airflow/.local/lib/python3.12/site-packages/airflow/example_dags/example_branch_labels.py
[2024-05-06T05:05:41.509+0000] {logging_mixin.py:188} INFO - [2024-05-06T05:05:41.509+0000] {dag.py:3096} INFO - Sync 1 DAGs
[2024-05-06T05:05:41.528+0000] {logging_mixin.py:188} INFO - [2024-05-06T05:05:41.528+0000] {dag.py:3954} INFO - Setting next_dagrun for example_branch_labels to 2024-05-05 00:00:00+00:00, run_after=2024-05-06 00:00:00+00:00
[2024-05-06T05:05:41.550+0000] {processor.py:183} INFO - Processing /home/airflow/.local/lib/python3.12/site-packages/airflow/example_dags/example_branch_labels.py took 0.078 seconds
[2024-05-06T05:06:12.558+0000] {processor.py:161} INFO - Started process (PID=8714) to work on /home/airflow/.local/lib/python3.12/site-packages/airflow/example_dags/example_branch_labels.py
[2024-05-06T05:06:12.560+0000] {processor.py:830} INFO - Processing file /home/airflow/.local/lib/python3.12/site-packages/airflow/example_dags/example_branch_labels.py for tasks to queue
[2024-05-06T05:06:12.561+0000] {logging_mixin.py:188} INFO - [2024-05-06T05:06:12.561+0000] {dagbag.py:540} INFO - Filling up the DagBag from /home/airflow/.local/lib/python3.12/site-packages/airflow/example_dags/example_branch_labels.py
[2024-05-06T05:06:12.569+0000] {processor.py:840} INFO - DAG(s) 'example_branch_labels' retrieved from /home/airflow/.local/lib/python3.12/site-packages/airflow/example_dags/example_branch_labels.py
[2024-05-06T05:06:12.591+0000] {logging_mixin.py:188} INFO - [2024-05-06T05:06:12.591+0000] {dag.py:3096} INFO - Sync 1 DAGs
[2024-05-06T05:06:12.626+0000] {logging_mixin.py:188} INFO - [2024-05-06T05:06:12.626+0000] {dag.py:3954} INFO - Setting next_dagrun for example_branch_labels to 2024-05-05 00:00:00+00:00, run_after=2024-05-06 00:00:00+00:00
[2024-05-06T05:06:12.650+0000] {processor.py:183} INFO - Processing /home/airflow/.local/lib/python3.12/site-packages/airflow/example_dags/example_branch_labels.py took 0.099 seconds
[2024-05-06T05:06:42.892+0000] {processor.py:161} INFO - Started process (PID=8986) to work on /home/airflow/.local/lib/python3.12/site-packages/airflow/example_dags/example_branch_labels.py
[2024-05-06T05:06:42.893+0000] {processor.py:830} INFO - Processing file /home/airflow/.local/lib/python3.12/site-packages/airflow/example_dags/example_branch_labels.py for tasks to queue
[2024-05-06T05:06:42.896+0000] {logging_mixin.py:188} INFO - [2024-05-06T05:06:42.895+0000] {dagbag.py:540} INFO - Filling up the DagBag from /home/airflow/.local/lib/python3.12/site-packages/airflow/example_dags/example_branch_labels.py
[2024-05-06T05:06:42.910+0000] {processor.py:840} INFO - DAG(s) 'example_branch_labels' retrieved from /home/airflow/.local/lib/python3.12/site-packages/airflow/example_dags/example_branch_labels.py
[2024-05-06T05:06:42.938+0000] {logging_mixin.py:188} INFO - [2024-05-06T05:06:42.937+0000] {dag.py:3096} INFO - Sync 1 DAGs
[2024-05-06T05:06:42.966+0000] {logging_mixin.py:188} INFO - [2024-05-06T05:06:42.966+0000] {dag.py:3954} INFO - Setting next_dagrun for example_branch_labels to 2024-05-05 00:00:00+00:00, run_after=2024-05-06 00:00:00+00:00
[2024-05-06T05:06:42.991+0000] {processor.py:183} INFO - Processing /home/airflow/.local/lib/python3.12/site-packages/airflow/example_dags/example_branch_labels.py took 0.106 seconds
[2024-05-06T05:07:13.786+0000] {processor.py:161} INFO - Started process (PID=9258) to work on /home/airflow/.local/lib/python3.12/site-packages/airflow/example_dags/example_branch_labels.py
[2024-05-06T05:07:13.787+0000] {processor.py:830} INFO - Processing file /home/airflow/.local/lib/python3.12/site-packages/airflow/example_dags/example_branch_labels.py for tasks to queue
[2024-05-06T05:07:13.799+0000] {logging_mixin.py:188} INFO - [2024-05-06T05:07:13.798+0000] {dagbag.py:540} INFO - Filling up the DagBag from /home/airflow/.local/lib/python3.12/site-packages/airflow/example_dags/example_branch_labels.py
[2024-05-06T05:07:13.830+0000] {processor.py:840} INFO - DAG(s) 'example_branch_labels' retrieved from /home/airflow/.local/lib/python3.12/site-packages/airflow/example_dags/example_branch_labels.py
[2024-05-06T05:07:13.876+0000] {logging_mixin.py:188} INFO - [2024-05-06T05:07:13.875+0000] {dag.py:3096} INFO - Sync 1 DAGs
[2024-05-06T05:07:13.917+0000] {logging_mixin.py:188} INFO - [2024-05-06T05:07:13.916+0000] {dag.py:3954} INFO - Setting next_dagrun for example_branch_labels to 2024-05-05 00:00:00+00:00, run_after=2024-05-06 00:00:00+00:00
[2024-05-06T05:07:13.942+0000] {processor.py:183} INFO - Processing /home/airflow/.local/lib/python3.12/site-packages/airflow/example_dags/example_branch_labels.py took 0.171 seconds
[2024-05-06T05:07:44.468+0000] {processor.py:161} INFO - Started process (PID=9532) to work on /home/airflow/.local/lib/python3.12/site-packages/airflow/example_dags/example_branch_labels.py
[2024-05-06T05:07:44.469+0000] {processor.py:830} INFO - Processing file /home/airflow/.local/lib/python3.12/site-packages/airflow/example_dags/example_branch_labels.py for tasks to queue
[2024-05-06T05:07:44.471+0000] {logging_mixin.py:188} INFO - [2024-05-06T05:07:44.470+0000] {dagbag.py:540} INFO - Filling up the DagBag from /home/airflow/.local/lib/python3.12/site-packages/airflow/example_dags/example_branch_labels.py
[2024-05-06T05:07:44.479+0000] {processor.py:840} INFO - DAG(s) 'example_branch_labels' retrieved from /home/airflow/.local/lib/python3.12/site-packages/airflow/example_dags/example_branch_labels.py
[2024-05-06T05:07:44.504+0000] {logging_mixin.py:188} INFO - [2024-05-06T05:07:44.504+0000] {dag.py:3096} INFO - Sync 1 DAGs
[2024-05-06T05:07:44.533+0000] {logging_mixin.py:188} INFO - [2024-05-06T05:07:44.532+0000] {dag.py:3954} INFO - Setting next_dagrun for example_branch_labels to 2024-05-05 00:00:00+00:00, run_after=2024-05-06 00:00:00+00:00
[2024-05-06T05:07:44.557+0000] {processor.py:183} INFO - Processing /home/airflow/.local/lib/python3.12/site-packages/airflow/example_dags/example_branch_labels.py took 0.096 seconds
[2024-05-06T05:08:15.135+0000] {processor.py:161} INFO - Started process (PID=9805) to work on /home/airflow/.local/lib/python3.12/site-packages/airflow/example_dags/example_branch_labels.py
[2024-05-06T05:08:15.135+0000] {processor.py:830} INFO - Processing file /home/airflow/.local/lib/python3.12/site-packages/airflow/example_dags/example_branch_labels.py for tasks to queue
[2024-05-06T05:08:15.137+0000] {logging_mixin.py:188} INFO - [2024-05-06T05:08:15.136+0000] {dagbag.py:540} INFO - Filling up the DagBag from /home/airflow/.local/lib/python3.12/site-packages/airflow/example_dags/example_branch_labels.py
[2024-05-06T05:08:15.144+0000] {processor.py:840} INFO - DAG(s) 'example_branch_labels' retrieved from /home/airflow/.local/lib/python3.12/site-packages/airflow/example_dags/example_branch_labels.py
[2024-05-06T05:08:15.170+0000] {logging_mixin.py:188} INFO - [2024-05-06T05:08:15.170+0000] {dag.py:3096} INFO - Sync 1 DAGs
[2024-05-06T05:08:15.199+0000] {logging_mixin.py:188} INFO - [2024-05-06T05:08:15.199+0000] {dag.py:3954} INFO - Setting next_dagrun for example_branch_labels to 2024-05-05 00:00:00+00:00, run_after=2024-05-06 00:00:00+00:00
[2024-05-06T05:08:15.224+0000] {processor.py:183} INFO - Processing /home/airflow/.local/lib/python3.12/site-packages/airflow/example_dags/example_branch_labels.py took 0.096 seconds
[2024-05-06T05:08:45.737+0000] {processor.py:161} INFO - Started process (PID=10077) to work on /home/airflow/.local/lib/python3.12/site-packages/airflow/example_dags/example_branch_labels.py
[2024-05-06T05:08:45.739+0000] {processor.py:830} INFO - Processing file /home/airflow/.local/lib/python3.12/site-packages/airflow/example_dags/example_branch_labels.py for tasks to queue
[2024-05-06T05:08:45.740+0000] {logging_mixin.py:188} INFO - [2024-05-06T05:08:45.740+0000] {dagbag.py:540} INFO - Filling up the DagBag from /home/airflow/.local/lib/python3.12/site-packages/airflow/example_dags/example_branch_labels.py
[2024-05-06T05:08:45.751+0000] {processor.py:840} INFO - DAG(s) 'example_branch_labels' retrieved from /home/airflow/.local/lib/python3.12/site-packages/airflow/example_dags/example_branch_labels.py
[2024-05-06T05:08:45.777+0000] {logging_mixin.py:188} INFO - [2024-05-06T05:08:45.777+0000] {dag.py:3096} INFO - Sync 1 DAGs
[2024-05-06T05:08:45.804+0000] {logging_mixin.py:188} INFO - [2024-05-06T05:08:45.804+0000] {dag.py:3954} INFO - Setting next_dagrun for example_branch_labels to 2024-05-05 00:00:00+00:00, run_after=2024-05-06 00:00:00+00:00
[2024-05-06T05:08:45.829+0000] {processor.py:183} INFO - Processing /home/airflow/.local/lib/python3.12/site-packages/airflow/example_dags/example_branch_labels.py took 0.098 seconds
[2024-05-06T05:09:16.020+0000] {processor.py:161} INFO - Started process (PID=10349) to work on /home/airflow/.local/lib/python3.12/site-packages/airflow/example_dags/example_branch_labels.py
[2024-05-06T05:09:16.021+0000] {processor.py:830} INFO - Processing file /home/airflow/.local/lib/python3.12/site-packages/airflow/example_dags/example_branch_labels.py for tasks to queue
[2024-05-06T05:09:16.023+0000] {logging_mixin.py:188} INFO - [2024-05-06T05:09:16.023+0000] {dagbag.py:540} INFO - Filling up the DagBag from /home/airflow/.local/lib/python3.12/site-packages/airflow/example_dags/example_branch_labels.py
[2024-05-06T05:09:16.030+0000] {processor.py:840} INFO - DAG(s) 'example_branch_labels' retrieved from /home/airflow/.local/lib/python3.12/site-packages/airflow/example_dags/example_branch_labels.py
[2024-05-06T05:09:16.056+0000] {logging_mixin.py:188} INFO - [2024-05-06T05:09:16.056+0000] {dag.py:3096} INFO - Sync 1 DAGs
[2024-05-06T05:09:16.083+0000] {logging_mixin.py:188} INFO - [2024-05-06T05:09:16.083+0000] {dag.py:3954} INFO - Setting next_dagrun for example_branch_labels to 2024-05-05 00:00:00+00:00, run_after=2024-05-06 00:00:00+00:00
[2024-05-06T05:09:16.107+0000] {processor.py:183} INFO - Processing /home/airflow/.local/lib/python3.12/site-packages/airflow/example_dags/example_branch_labels.py took 0.094 seconds
[2024-05-06T05:09:46.613+0000] {processor.py:161} INFO - Started process (PID=10621) to work on /home/airflow/.local/lib/python3.12/site-packages/airflow/example_dags/example_branch_labels.py
[2024-05-06T05:09:46.613+0000] {processor.py:830} INFO - Processing file /home/airflow/.local/lib/python3.12/site-packages/airflow/example_dags/example_branch_labels.py for tasks to queue
[2024-05-06T05:09:46.615+0000] {logging_mixin.py:188} INFO - [2024-05-06T05:09:46.615+0000] {dagbag.py:540} INFO - Filling up the DagBag from /home/airflow/.local/lib/python3.12/site-packages/airflow/example_dags/example_branch_labels.py
[2024-05-06T05:09:46.624+0000] {processor.py:840} INFO - DAG(s) 'example_branch_labels' retrieved from /home/airflow/.local/lib/python3.12/site-packages/airflow/example_dags/example_branch_labels.py
[2024-05-06T05:09:46.646+0000] {logging_mixin.py:188} INFO - [2024-05-06T05:09:46.646+0000] {dag.py:3096} INFO - Sync 1 DAGs
[2024-05-06T05:09:46.673+0000] {logging_mixin.py:188} INFO - [2024-05-06T05:09:46.673+0000] {dag.py:3954} INFO - Setting next_dagrun for example_branch_labels to 2024-05-05 00:00:00+00:00, run_after=2024-05-06 00:00:00+00:00
[2024-05-06T05:09:46.699+0000] {processor.py:183} INFO - Processing /home/airflow/.local/lib/python3.12/site-packages/airflow/example_dags/example_branch_labels.py took 0.093 seconds
[2024-05-06T05:10:17.725+0000] {processor.py:161} INFO - Started process (PID=10893) to work on /home/airflow/.local/lib/python3.12/site-packages/airflow/example_dags/example_branch_labels.py
[2024-05-06T05:10:17.726+0000] {processor.py:830} INFO - Processing file /home/airflow/.local/lib/python3.12/site-packages/airflow/example_dags/example_branch_labels.py for tasks to queue
[2024-05-06T05:10:17.728+0000] {logging_mixin.py:188} INFO - [2024-05-06T05:10:17.728+0000] {dagbag.py:540} INFO - Filling up the DagBag from /home/airflow/.local/lib/python3.12/site-packages/airflow/example_dags/example_branch_labels.py
[2024-05-06T05:10:17.738+0000] {processor.py:840} INFO - DAG(s) 'example_branch_labels' retrieved from /home/airflow/.local/lib/python3.12/site-packages/airflow/example_dags/example_branch_labels.py
[2024-05-06T05:10:17.766+0000] {logging_mixin.py:188} INFO - [2024-05-06T05:10:17.765+0000] {dag.py:3096} INFO - Sync 1 DAGs
[2024-05-06T05:10:17.799+0000] {logging_mixin.py:188} INFO - [2024-05-06T05:10:17.799+0000] {dag.py:3954} INFO - Setting next_dagrun for example_branch_labels to 2024-05-05 00:00:00+00:00, run_after=2024-05-06 00:00:00+00:00
[2024-05-06T05:10:17.838+0000] {processor.py:183} INFO - Processing /home/airflow/.local/lib/python3.12/site-packages/airflow/example_dags/example_branch_labels.py took 0.121 seconds
[2024-05-06T05:10:48.643+0000] {processor.py:161} INFO - Started process (PID=11165) to work on /home/airflow/.local/lib/python3.12/site-packages/airflow/example_dags/example_branch_labels.py
[2024-05-06T05:10:48.644+0000] {processor.py:830} INFO - Processing file /home/airflow/.local/lib/python3.12/site-packages/airflow/example_dags/example_branch_labels.py for tasks to queue
[2024-05-06T05:10:48.646+0000] {logging_mixin.py:188} INFO - [2024-05-06T05:10:48.646+0000] {dagbag.py:540} INFO - Filling up the DagBag from /home/airflow/.local/lib/python3.12/site-packages/airflow/example_dags/example_branch_labels.py
[2024-05-06T05:10:48.658+0000] {processor.py:840} INFO - DAG(s) 'example_branch_labels' retrieved from /home/airflow/.local/lib/python3.12/site-packages/airflow/example_dags/example_branch_labels.py
[2024-05-06T05:10:48.689+0000] {logging_mixin.py:188} INFO - [2024-05-06T05:10:48.688+0000] {dag.py:3096} INFO - Sync 1 DAGs
[2024-05-06T05:10:48.732+0000] {logging_mixin.py:188} INFO - [2024-05-06T05:10:48.732+0000] {dag.py:3954} INFO - Setting next_dagrun for example_branch_labels to 2024-05-05 00:00:00+00:00, run_after=2024-05-06 00:00:00+00:00
[2024-05-06T05:10:48.763+0000] {processor.py:183} INFO - Processing /home/airflow/.local/lib/python3.12/site-packages/airflow/example_dags/example_branch_labels.py took 0.127 seconds
[2024-05-06T05:11:18.824+0000] {processor.py:161} INFO - Started process (PID=11435) to work on /home/airflow/.local/lib/python3.12/site-packages/airflow/example_dags/example_branch_labels.py
[2024-05-06T05:11:18.826+0000] {processor.py:830} INFO - Processing file /home/airflow/.local/lib/python3.12/site-packages/airflow/example_dags/example_branch_labels.py for tasks to queue
[2024-05-06T05:11:18.828+0000] {logging_mixin.py:188} INFO - [2024-05-06T05:11:18.828+0000] {dagbag.py:540} INFO - Filling up the DagBag from /home/airflow/.local/lib/python3.12/site-packages/airflow/example_dags/example_branch_labels.py
[2024-05-06T05:11:18.841+0000] {processor.py:840} INFO - DAG(s) 'example_branch_labels' retrieved from /home/airflow/.local/lib/python3.12/site-packages/airflow/example_dags/example_branch_labels.py
[2024-05-06T05:11:18.883+0000] {logging_mixin.py:188} INFO - [2024-05-06T05:11:18.882+0000] {dag.py:3096} INFO - Sync 1 DAGs
[2024-05-06T05:11:18.913+0000] {logging_mixin.py:188} INFO - [2024-05-06T05:11:18.913+0000] {dag.py:3954} INFO - Setting next_dagrun for example_branch_labels to 2024-05-05 00:00:00+00:00, run_after=2024-05-06 00:00:00+00:00
[2024-05-06T05:11:18.942+0000] {processor.py:183} INFO - Processing /home/airflow/.local/lib/python3.12/site-packages/airflow/example_dags/example_branch_labels.py took 0.125 seconds
[2024-05-06T05:11:49.203+0000] {processor.py:161} INFO - Started process (PID=11710) to work on /home/airflow/.local/lib/python3.12/site-packages/airflow/example_dags/example_branch_labels.py
[2024-05-06T05:11:49.204+0000] {processor.py:830} INFO - Processing file /home/airflow/.local/lib/python3.12/site-packages/airflow/example_dags/example_branch_labels.py for tasks to queue
[2024-05-06T05:11:49.206+0000] {logging_mixin.py:188} INFO - [2024-05-06T05:11:49.206+0000] {dagbag.py:540} INFO - Filling up the DagBag from /home/airflow/.local/lib/python3.12/site-packages/airflow/example_dags/example_branch_labels.py
[2024-05-06T05:11:49.215+0000] {processor.py:840} INFO - DAG(s) 'example_branch_labels' retrieved from /home/airflow/.local/lib/python3.12/site-packages/airflow/example_dags/example_branch_labels.py
[2024-05-06T05:11:49.238+0000] {logging_mixin.py:188} INFO - [2024-05-06T05:11:49.238+0000] {dag.py:3096} INFO - Sync 1 DAGs
[2024-05-06T05:11:49.261+0000] {logging_mixin.py:188} INFO - [2024-05-06T05:11:49.261+0000] {dag.py:3954} INFO - Setting next_dagrun for example_branch_labels to 2024-05-05 00:00:00+00:00, run_after=2024-05-06 00:00:00+00:00
[2024-05-06T05:11:49.280+0000] {processor.py:183} INFO - Processing /home/airflow/.local/lib/python3.12/site-packages/airflow/example_dags/example_branch_labels.py took 0.084 seconds
[2024-05-06T05:12:20.268+0000] {processor.py:161} INFO - Started process (PID=11982) to work on /home/airflow/.local/lib/python3.12/site-packages/airflow/example_dags/example_branch_labels.py
[2024-05-06T05:12:20.269+0000] {processor.py:830} INFO - Processing file /home/airflow/.local/lib/python3.12/site-packages/airflow/example_dags/example_branch_labels.py for tasks to queue
[2024-05-06T05:12:20.271+0000] {logging_mixin.py:188} INFO - [2024-05-06T05:12:20.270+0000] {dagbag.py:540} INFO - Filling up the DagBag from /home/airflow/.local/lib/python3.12/site-packages/airflow/example_dags/example_branch_labels.py
[2024-05-06T05:12:20.280+0000] {processor.py:840} INFO - DAG(s) 'example_branch_labels' retrieved from /home/airflow/.local/lib/python3.12/site-packages/airflow/example_dags/example_branch_labels.py
[2024-05-06T05:12:20.298+0000] {logging_mixin.py:188} INFO - [2024-05-06T05:12:20.298+0000] {dag.py:3096} INFO - Sync 1 DAGs
[2024-05-06T05:12:20.318+0000] {logging_mixin.py:188} INFO - [2024-05-06T05:12:20.318+0000] {dag.py:3954} INFO - Setting next_dagrun for example_branch_labels to 2024-05-05 00:00:00+00:00, run_after=2024-05-06 00:00:00+00:00
[2024-05-06T05:12:20.338+0000] {processor.py:183} INFO - Processing /home/airflow/.local/lib/python3.12/site-packages/airflow/example_dags/example_branch_labels.py took 0.076 seconds
[2024-05-06T05:12:51.313+0000] {processor.py:161} INFO - Started process (PID=12254) to work on /home/airflow/.local/lib/python3.12/site-packages/airflow/example_dags/example_branch_labels.py
[2024-05-06T05:12:51.315+0000] {processor.py:830} INFO - Processing file /home/airflow/.local/lib/python3.12/site-packages/airflow/example_dags/example_branch_labels.py for tasks to queue
[2024-05-06T05:12:51.317+0000] {logging_mixin.py:188} INFO - [2024-05-06T05:12:51.317+0000] {dagbag.py:540} INFO - Filling up the DagBag from /home/airflow/.local/lib/python3.12/site-packages/airflow/example_dags/example_branch_labels.py
[2024-05-06T05:12:51.325+0000] {processor.py:840} INFO - DAG(s) 'example_branch_labels' retrieved from /home/airflow/.local/lib/python3.12/site-packages/airflow/example_dags/example_branch_labels.py
[2024-05-06T05:12:51.347+0000] {logging_mixin.py:188} INFO - [2024-05-06T05:12:51.347+0000] {dag.py:3096} INFO - Sync 1 DAGs
[2024-05-06T05:12:51.366+0000] {logging_mixin.py:188} INFO - [2024-05-06T05:12:51.366+0000] {dag.py:3954} INFO - Setting next_dagrun for example_branch_labels to 2024-05-05 00:00:00+00:00, run_after=2024-05-06 00:00:00+00:00
[2024-05-06T05:12:51.386+0000] {processor.py:183} INFO - Processing /home/airflow/.local/lib/python3.12/site-packages/airflow/example_dags/example_branch_labels.py took 0.079 seconds
[2024-05-06T05:13:22.005+0000] {processor.py:161} INFO - Started process (PID=12527) to work on /home/airflow/.local/lib/python3.12/site-packages/airflow/example_dags/example_branch_labels.py
[2024-05-06T05:13:22.006+0000] {processor.py:830} INFO - Processing file /home/airflow/.local/lib/python3.12/site-packages/airflow/example_dags/example_branch_labels.py for tasks to queue
[2024-05-06T05:13:22.008+0000] {logging_mixin.py:188} INFO - [2024-05-06T05:13:22.007+0000] {dagbag.py:540} INFO - Filling up the DagBag from /home/airflow/.local/lib/python3.12/site-packages/airflow/example_dags/example_branch_labels.py
[2024-05-06T05:13:22.017+0000] {processor.py:840} INFO - DAG(s) 'example_branch_labels' retrieved from /home/airflow/.local/lib/python3.12/site-packages/airflow/example_dags/example_branch_labels.py
[2024-05-06T05:13:22.041+0000] {logging_mixin.py:188} INFO - [2024-05-06T05:13:22.040+0000] {dag.py:3096} INFO - Sync 1 DAGs
[2024-05-06T05:13:22.063+0000] {logging_mixin.py:188} INFO - [2024-05-06T05:13:22.063+0000] {dag.py:3954} INFO - Setting next_dagrun for example_branch_labels to 2024-05-05 00:00:00+00:00, run_after=2024-05-06 00:00:00+00:00
[2024-05-06T05:13:22.082+0000] {processor.py:183} INFO - Processing /home/airflow/.local/lib/python3.12/site-packages/airflow/example_dags/example_branch_labels.py took 0.084 seconds
[2024-05-06T05:13:52.716+0000] {processor.py:161} INFO - Started process (PID=12800) to work on /home/airflow/.local/lib/python3.12/site-packages/airflow/example_dags/example_branch_labels.py
[2024-05-06T05:13:52.721+0000] {processor.py:830} INFO - Processing file /home/airflow/.local/lib/python3.12/site-packages/airflow/example_dags/example_branch_labels.py for tasks to queue
[2024-05-06T05:13:52.725+0000] {logging_mixin.py:188} INFO - [2024-05-06T05:13:52.724+0000] {dagbag.py:540} INFO - Filling up the DagBag from /home/airflow/.local/lib/python3.12/site-packages/airflow/example_dags/example_branch_labels.py
[2024-05-06T05:13:52.743+0000] {processor.py:840} INFO - DAG(s) 'example_branch_labels' retrieved from /home/airflow/.local/lib/python3.12/site-packages/airflow/example_dags/example_branch_labels.py
[2024-05-06T05:13:52.772+0000] {logging_mixin.py:188} INFO - [2024-05-06T05:13:52.771+0000] {dag.py:3096} INFO - Sync 1 DAGs
[2024-05-06T05:13:52.798+0000] {logging_mixin.py:188} INFO - [2024-05-06T05:13:52.797+0000] {dag.py:3954} INFO - Setting next_dagrun for example_branch_labels to 2024-05-05 00:00:00+00:00, run_after=2024-05-06 00:00:00+00:00
[2024-05-06T05:13:52.821+0000] {processor.py:183} INFO - Processing /home/airflow/.local/lib/python3.12/site-packages/airflow/example_dags/example_branch_labels.py took 0.113 seconds
[2024-05-06T05:14:23.509+0000] {processor.py:161} INFO - Started process (PID=13072) to work on /home/airflow/.local/lib/python3.12/site-packages/airflow/example_dags/example_branch_labels.py
[2024-05-06T05:14:23.509+0000] {processor.py:830} INFO - Processing file /home/airflow/.local/lib/python3.12/site-packages/airflow/example_dags/example_branch_labels.py for tasks to queue
[2024-05-06T05:14:23.512+0000] {logging_mixin.py:188} INFO - [2024-05-06T05:14:23.511+0000] {dagbag.py:540} INFO - Filling up the DagBag from /home/airflow/.local/lib/python3.12/site-packages/airflow/example_dags/example_branch_labels.py
[2024-05-06T05:14:23.531+0000] {processor.py:840} INFO - DAG(s) 'example_branch_labels' retrieved from /home/airflow/.local/lib/python3.12/site-packages/airflow/example_dags/example_branch_labels.py
[2024-05-06T05:14:23.571+0000] {logging_mixin.py:188} INFO - [2024-05-06T05:14:23.570+0000] {dag.py:3096} INFO - Sync 1 DAGs
[2024-05-06T05:14:23.622+0000] {logging_mixin.py:188} INFO - [2024-05-06T05:14:23.622+0000] {dag.py:3954} INFO - Setting next_dagrun for example_branch_labels to 2024-05-05 00:00:00+00:00, run_after=2024-05-06 00:00:00+00:00
[2024-05-06T05:14:23.643+0000] {processor.py:183} INFO - Processing /home/airflow/.local/lib/python3.12/site-packages/airflow/example_dags/example_branch_labels.py took 0.141 seconds
[2024-05-06T05:14:54.297+0000] {processor.py:161} INFO - Started process (PID=13351) to work on /home/airflow/.local/lib/python3.12/site-packages/airflow/example_dags/example_branch_labels.py
[2024-05-06T05:14:54.298+0000] {processor.py:830} INFO - Processing file /home/airflow/.local/lib/python3.12/site-packages/airflow/example_dags/example_branch_labels.py for tasks to queue
[2024-05-06T05:14:54.304+0000] {logging_mixin.py:188} INFO - [2024-05-06T05:14:54.304+0000] {dagbag.py:540} INFO - Filling up the DagBag from /home/airflow/.local/lib/python3.12/site-packages/airflow/example_dags/example_branch_labels.py
[2024-05-06T05:14:54.313+0000] {processor.py:840} INFO - DAG(s) 'example_branch_labels' retrieved from /home/airflow/.local/lib/python3.12/site-packages/airflow/example_dags/example_branch_labels.py
[2024-05-06T05:14:54.337+0000] {logging_mixin.py:188} INFO - [2024-05-06T05:14:54.337+0000] {dag.py:3096} INFO - Sync 1 DAGs
[2024-05-06T05:14:54.365+0000] {logging_mixin.py:188} INFO - [2024-05-06T05:14:54.365+0000] {dag.py:3954} INFO - Setting next_dagrun for example_branch_labels to 2024-05-05 00:00:00+00:00, run_after=2024-05-06 00:00:00+00:00
[2024-05-06T05:14:54.388+0000] {processor.py:183} INFO - Processing /home/airflow/.local/lib/python3.12/site-packages/airflow/example_dags/example_branch_labels.py took 0.098 seconds
[2024-05-06T05:15:25.056+0000] {processor.py:161} INFO - Started process (PID=13624) to work on /home/airflow/.local/lib/python3.12/site-packages/airflow/example_dags/example_branch_labels.py
[2024-05-06T05:15:25.057+0000] {processor.py:830} INFO - Processing file /home/airflow/.local/lib/python3.12/site-packages/airflow/example_dags/example_branch_labels.py for tasks to queue
[2024-05-06T05:15:25.059+0000] {logging_mixin.py:188} INFO - [2024-05-06T05:15:25.058+0000] {dagbag.py:540} INFO - Filling up the DagBag from /home/airflow/.local/lib/python3.12/site-packages/airflow/example_dags/example_branch_labels.py
[2024-05-06T05:15:25.067+0000] {processor.py:840} INFO - DAG(s) 'example_branch_labels' retrieved from /home/airflow/.local/lib/python3.12/site-packages/airflow/example_dags/example_branch_labels.py
[2024-05-06T05:15:25.088+0000] {logging_mixin.py:188} INFO - [2024-05-06T05:15:25.088+0000] {dag.py:3096} INFO - Sync 1 DAGs
[2024-05-06T05:15:25.106+0000] {logging_mixin.py:188} INFO - [2024-05-06T05:15:25.106+0000] {dag.py:3954} INFO - Setting next_dagrun for example_branch_labels to 2024-05-05 00:00:00+00:00, run_after=2024-05-06 00:00:00+00:00
[2024-05-06T05:15:25.126+0000] {processor.py:183} INFO - Processing /home/airflow/.local/lib/python3.12/site-packages/airflow/example_dags/example_branch_labels.py took 0.076 seconds
[2024-05-06T05:15:55.742+0000] {processor.py:161} INFO - Started process (PID=13895) to work on /home/airflow/.local/lib/python3.12/site-packages/airflow/example_dags/example_branch_labels.py
[2024-05-06T05:15:55.743+0000] {processor.py:830} INFO - Processing file /home/airflow/.local/lib/python3.12/site-packages/airflow/example_dags/example_branch_labels.py for tasks to queue
[2024-05-06T05:15:55.745+0000] {logging_mixin.py:188} INFO - [2024-05-06T05:15:55.744+0000] {dagbag.py:540} INFO - Filling up the DagBag from /home/airflow/.local/lib/python3.12/site-packages/airflow/example_dags/example_branch_labels.py
[2024-05-06T05:15:55.754+0000] {processor.py:840} INFO - DAG(s) 'example_branch_labels' retrieved from /home/airflow/.local/lib/python3.12/site-packages/airflow/example_dags/example_branch_labels.py
[2024-05-06T05:15:55.778+0000] {logging_mixin.py:188} INFO - [2024-05-06T05:15:55.778+0000] {dag.py:3096} INFO - Sync 1 DAGs
[2024-05-06T05:15:55.801+0000] {logging_mixin.py:188} INFO - [2024-05-06T05:15:55.801+0000] {dag.py:3954} INFO - Setting next_dagrun for example_branch_labels to 2024-05-05 00:00:00+00:00, run_after=2024-05-06 00:00:00+00:00
[2024-05-06T05:15:55.845+0000] {processor.py:183} INFO - Processing /home/airflow/.local/lib/python3.12/site-packages/airflow/example_dags/example_branch_labels.py took 0.110 seconds
[2024-05-06T05:16:26.511+0000] {processor.py:161} INFO - Started process (PID=14168) to work on /home/airflow/.local/lib/python3.12/site-packages/airflow/example_dags/example_branch_labels.py
[2024-05-06T05:16:26.512+0000] {processor.py:830} INFO - Processing file /home/airflow/.local/lib/python3.12/site-packages/airflow/example_dags/example_branch_labels.py for tasks to queue
[2024-05-06T05:16:26.513+0000] {logging_mixin.py:188} INFO - [2024-05-06T05:16:26.513+0000] {dagbag.py:540} INFO - Filling up the DagBag from /home/airflow/.local/lib/python3.12/site-packages/airflow/example_dags/example_branch_labels.py
[2024-05-06T05:16:26.522+0000] {processor.py:840} INFO - DAG(s) 'example_branch_labels' retrieved from /home/airflow/.local/lib/python3.12/site-packages/airflow/example_dags/example_branch_labels.py
[2024-05-06T05:16:26.545+0000] {logging_mixin.py:188} INFO - [2024-05-06T05:16:26.544+0000] {dag.py:3096} INFO - Sync 1 DAGs
[2024-05-06T05:16:26.564+0000] {logging_mixin.py:188} INFO - [2024-05-06T05:16:26.563+0000] {dag.py:3954} INFO - Setting next_dagrun for example_branch_labels to 2024-05-05 00:00:00+00:00, run_after=2024-05-06 00:00:00+00:00
[2024-05-06T05:16:26.583+0000] {processor.py:183} INFO - Processing /home/airflow/.local/lib/python3.12/site-packages/airflow/example_dags/example_branch_labels.py took 0.077 seconds
[2024-05-06T05:16:57.005+0000] {processor.py:161} INFO - Started process (PID=14441) to work on /home/airflow/.local/lib/python3.12/site-packages/airflow/example_dags/example_branch_labels.py
[2024-05-06T05:16:57.007+0000] {processor.py:830} INFO - Processing file /home/airflow/.local/lib/python3.12/site-packages/airflow/example_dags/example_branch_labels.py for tasks to queue
[2024-05-06T05:16:57.009+0000] {logging_mixin.py:188} INFO - [2024-05-06T05:16:57.008+0000] {dagbag.py:540} INFO - Filling up the DagBag from /home/airflow/.local/lib/python3.12/site-packages/airflow/example_dags/example_branch_labels.py
[2024-05-06T05:16:57.016+0000] {processor.py:840} INFO - DAG(s) 'example_branch_labels' retrieved from /home/airflow/.local/lib/python3.12/site-packages/airflow/example_dags/example_branch_labels.py
[2024-05-06T05:16:57.039+0000] {logging_mixin.py:188} INFO - [2024-05-06T05:16:57.039+0000] {dag.py:3096} INFO - Sync 1 DAGs
[2024-05-06T05:16:57.065+0000] {logging_mixin.py:188} INFO - [2024-05-06T05:16:57.065+0000] {dag.py:3954} INFO - Setting next_dagrun for example_branch_labels to 2024-05-05 00:00:00+00:00, run_after=2024-05-06 00:00:00+00:00
[2024-05-06T05:16:57.084+0000] {processor.py:183} INFO - Processing /home/airflow/.local/lib/python3.12/site-packages/airflow/example_dags/example_branch_labels.py took 0.085 seconds
[2024-05-06T05:17:27.967+0000] {processor.py:161} INFO - Started process (PID=14713) to work on /home/airflow/.local/lib/python3.12/site-packages/airflow/example_dags/example_branch_labels.py
[2024-05-06T05:17:27.968+0000] {processor.py:830} INFO - Processing file /home/airflow/.local/lib/python3.12/site-packages/airflow/example_dags/example_branch_labels.py for tasks to queue
[2024-05-06T05:17:27.970+0000] {logging_mixin.py:188} INFO - [2024-05-06T05:17:27.969+0000] {dagbag.py:540} INFO - Filling up the DagBag from /home/airflow/.local/lib/python3.12/site-packages/airflow/example_dags/example_branch_labels.py
[2024-05-06T05:17:27.979+0000] {processor.py:840} INFO - DAG(s) 'example_branch_labels' retrieved from /home/airflow/.local/lib/python3.12/site-packages/airflow/example_dags/example_branch_labels.py
[2024-05-06T05:17:28.003+0000] {logging_mixin.py:188} INFO - [2024-05-06T05:17:28.003+0000] {dag.py:3096} INFO - Sync 1 DAGs
[2024-05-06T05:17:28.026+0000] {logging_mixin.py:188} INFO - [2024-05-06T05:17:28.026+0000] {dag.py:3954} INFO - Setting next_dagrun for example_branch_labels to 2024-05-05 00:00:00+00:00, run_after=2024-05-06 00:00:00+00:00
[2024-05-06T05:17:28.047+0000] {processor.py:183} INFO - Processing /home/airflow/.local/lib/python3.12/site-packages/airflow/example_dags/example_branch_labels.py took 0.086 seconds
[2024-05-06T05:17:58.306+0000] {processor.py:161} INFO - Started process (PID=14985) to work on /home/airflow/.local/lib/python3.12/site-packages/airflow/example_dags/example_branch_labels.py
[2024-05-06T05:17:58.307+0000] {processor.py:830} INFO - Processing file /home/airflow/.local/lib/python3.12/site-packages/airflow/example_dags/example_branch_labels.py for tasks to queue
[2024-05-06T05:17:58.309+0000] {logging_mixin.py:188} INFO - [2024-05-06T05:17:58.309+0000] {dagbag.py:540} INFO - Filling up the DagBag from /home/airflow/.local/lib/python3.12/site-packages/airflow/example_dags/example_branch_labels.py
[2024-05-06T05:17:58.319+0000] {processor.py:840} INFO - DAG(s) 'example_branch_labels' retrieved from /home/airflow/.local/lib/python3.12/site-packages/airflow/example_dags/example_branch_labels.py
[2024-05-06T05:17:58.342+0000] {logging_mixin.py:188} INFO - [2024-05-06T05:17:58.342+0000] {dag.py:3096} INFO - Sync 1 DAGs
[2024-05-06T05:17:58.366+0000] {logging_mixin.py:188} INFO - [2024-05-06T05:17:58.366+0000] {dag.py:3954} INFO - Setting next_dagrun for example_branch_labels to 2024-05-05 00:00:00+00:00, run_after=2024-05-06 00:00:00+00:00
[2024-05-06T05:17:58.387+0000] {processor.py:183} INFO - Processing /home/airflow/.local/lib/python3.12/site-packages/airflow/example_dags/example_branch_labels.py took 0.088 seconds
[2024-05-06T05:18:28.874+0000] {processor.py:161} INFO - Started process (PID=15257) to work on /home/airflow/.local/lib/python3.12/site-packages/airflow/example_dags/example_branch_labels.py
[2024-05-06T05:18:28.875+0000] {processor.py:830} INFO - Processing file /home/airflow/.local/lib/python3.12/site-packages/airflow/example_dags/example_branch_labels.py for tasks to queue
[2024-05-06T05:18:28.877+0000] {logging_mixin.py:188} INFO - [2024-05-06T05:18:28.877+0000] {dagbag.py:540} INFO - Filling up the DagBag from /home/airflow/.local/lib/python3.12/site-packages/airflow/example_dags/example_branch_labels.py
[2024-05-06T05:18:28.884+0000] {processor.py:840} INFO - DAG(s) 'example_branch_labels' retrieved from /home/airflow/.local/lib/python3.12/site-packages/airflow/example_dags/example_branch_labels.py
[2024-05-06T05:18:28.908+0000] {logging_mixin.py:188} INFO - [2024-05-06T05:18:28.907+0000] {dag.py:3096} INFO - Sync 1 DAGs
[2024-05-06T05:18:28.928+0000] {logging_mixin.py:188} INFO - [2024-05-06T05:18:28.928+0000] {dag.py:3954} INFO - Setting next_dagrun for example_branch_labels to 2024-05-05 00:00:00+00:00, run_after=2024-05-06 00:00:00+00:00
[2024-05-06T05:18:28.947+0000] {processor.py:183} INFO - Processing /home/airflow/.local/lib/python3.12/site-packages/airflow/example_dags/example_branch_labels.py took 0.081 seconds
[2024-05-06T05:18:59.485+0000] {processor.py:161} INFO - Started process (PID=15529) to work on /home/airflow/.local/lib/python3.12/site-packages/airflow/example_dags/example_branch_labels.py
[2024-05-06T05:18:59.486+0000] {processor.py:830} INFO - Processing file /home/airflow/.local/lib/python3.12/site-packages/airflow/example_dags/example_branch_labels.py for tasks to queue
[2024-05-06T05:18:59.488+0000] {logging_mixin.py:188} INFO - [2024-05-06T05:18:59.487+0000] {dagbag.py:540} INFO - Filling up the DagBag from /home/airflow/.local/lib/python3.12/site-packages/airflow/example_dags/example_branch_labels.py
[2024-05-06T05:18:59.497+0000] {processor.py:840} INFO - DAG(s) 'example_branch_labels' retrieved from /home/airflow/.local/lib/python3.12/site-packages/airflow/example_dags/example_branch_labels.py
[2024-05-06T05:18:59.520+0000] {logging_mixin.py:188} INFO - [2024-05-06T05:18:59.520+0000] {dag.py:3096} INFO - Sync 1 DAGs
[2024-05-06T05:18:59.544+0000] {logging_mixin.py:188} INFO - [2024-05-06T05:18:59.544+0000] {dag.py:3954} INFO - Setting next_dagrun for example_branch_labels to 2024-05-05 00:00:00+00:00, run_after=2024-05-06 00:00:00+00:00
[2024-05-06T05:18:59.569+0000] {processor.py:183} INFO - Processing /home/airflow/.local/lib/python3.12/site-packages/airflow/example_dags/example_branch_labels.py took 0.091 seconds
