[2024-05-06T04:50:17.692+0000] {processor.py:161} INFO - Started process (PID=278) to work on /home/airflow/.local/lib/python3.12/site-packages/airflow/example_dags/example_complex.py
[2024-05-06T04:50:17.693+0000] {processor.py:830} INFO - Processing file /home/airflow/.local/lib/python3.12/site-packages/airflow/example_dags/example_complex.py for tasks to queue
[2024-05-06T04:50:17.695+0000] {logging_mixin.py:188} INFO - [2024-05-06T04:50:17.694+0000] {dagbag.py:540} INFO - Filling up the DagBag from /home/airflow/.local/lib/python3.12/site-packages/airflow/example_dags/example_complex.py
[2024-05-06T04:50:17.725+0000] {processor.py:840} INFO - DAG(s) 'example_complex' retrieved from /home/airflow/.local/lib/python3.12/site-packages/airflow/example_dags/example_complex.py
[2024-05-06T04:50:17.953+0000] {logging_mixin.py:188} INFO - [2024-05-06T04:50:17.953+0000] {override.py:1829} INFO - Created Permission View: can delete on DAG:example_complex
[2024-05-06T04:50:17.980+0000] {logging_mixin.py:188} INFO - [2024-05-06T04:50:17.980+0000] {override.py:1829} INFO - Created Permission View: can edit on DAG:example_complex
[2024-05-06T04:50:17.996+0000] {logging_mixin.py:188} INFO - [2024-05-06T04:50:17.996+0000] {override.py:1829} INFO - Created Permission View: can read on DAG:example_complex
[2024-05-06T04:50:17.997+0000] {logging_mixin.py:188} INFO - [2024-05-06T04:50:17.996+0000] {dag.py:3096} INFO - Sync 1 DAGs
[2024-05-06T04:50:18.043+0000] {logging_mixin.py:188} INFO - [2024-05-06T04:50:18.043+0000] {dag.py:3118} INFO - Creating ORM DAG for example_complex
[2024-05-06T04:50:18.045+0000] {logging_mixin.py:188} INFO - [2024-05-06T04:50:18.044+0000] {dag.py:3954} INFO - Setting next_dagrun for example_complex to None, run_after=None
[2024-05-06T04:50:18.126+0000] {processor.py:183} INFO - Processing /home/airflow/.local/lib/python3.12/site-packages/airflow/example_dags/example_complex.py took 0.493 seconds
[2024-05-06T04:50:48.741+0000] {processor.py:161} INFO - Started process (PID=540) to work on /home/airflow/.local/lib/python3.12/site-packages/airflow/example_dags/example_complex.py
[2024-05-06T04:50:48.748+0000] {processor.py:830} INFO - Processing file /home/airflow/.local/lib/python3.12/site-packages/airflow/example_dags/example_complex.py for tasks to queue
[2024-05-06T04:50:48.757+0000] {logging_mixin.py:188} INFO - [2024-05-06T04:50:48.756+0000] {dagbag.py:540} INFO - Filling up the DagBag from /home/airflow/.local/lib/python3.12/site-packages/airflow/example_dags/example_complex.py
[2024-05-06T04:50:48.797+0000] {processor.py:840} INFO - DAG(s) 'example_complex' retrieved from /home/airflow/.local/lib/python3.12/site-packages/airflow/example_dags/example_complex.py
[2024-05-06T04:50:48.892+0000] {logging_mixin.py:188} INFO - [2024-05-06T04:50:48.891+0000] {dag.py:3096} INFO - Sync 1 DAGs
[2024-05-06T04:50:48.910+0000] {logging_mixin.py:188} INFO - [2024-05-06T04:50:48.909+0000] {dag.py:3954} INFO - Setting next_dagrun for example_complex to None, run_after=None
[2024-05-06T04:50:48.935+0000] {processor.py:183} INFO - Processing /home/airflow/.local/lib/python3.12/site-packages/airflow/example_dags/example_complex.py took 0.223 seconds
[2024-05-06T04:51:19.027+0000] {processor.py:161} INFO - Started process (PID=809) to work on /home/airflow/.local/lib/python3.12/site-packages/airflow/example_dags/example_complex.py
[2024-05-06T04:51:19.028+0000] {processor.py:830} INFO - Processing file /home/airflow/.local/lib/python3.12/site-packages/airflow/example_dags/example_complex.py for tasks to queue
[2024-05-06T04:51:19.030+0000] {logging_mixin.py:188} INFO - [2024-05-06T04:51:19.030+0000] {dagbag.py:540} INFO - Filling up the DagBag from /home/airflow/.local/lib/python3.12/site-packages/airflow/example_dags/example_complex.py
[2024-05-06T04:51:19.042+0000] {processor.py:840} INFO - DAG(s) 'example_complex' retrieved from /home/airflow/.local/lib/python3.12/site-packages/airflow/example_dags/example_complex.py
[2024-05-06T04:51:19.087+0000] {logging_mixin.py:188} INFO - [2024-05-06T04:51:19.087+0000] {dag.py:3096} INFO - Sync 1 DAGs
[2024-05-06T04:51:19.102+0000] {logging_mixin.py:188} INFO - [2024-05-06T04:51:19.102+0000] {dag.py:3954} INFO - Setting next_dagrun for example_complex to None, run_after=None
[2024-05-06T04:51:19.129+0000] {processor.py:183} INFO - Processing /home/airflow/.local/lib/python3.12/site-packages/airflow/example_dags/example_complex.py took 0.111 seconds
[2024-05-06T04:51:49.452+0000] {processor.py:161} INFO - Started process (PID=1072) to work on /home/airflow/.local/lib/python3.12/site-packages/airflow/example_dags/example_complex.py
[2024-05-06T04:51:49.453+0000] {processor.py:830} INFO - Processing file /home/airflow/.local/lib/python3.12/site-packages/airflow/example_dags/example_complex.py for tasks to queue
[2024-05-06T04:51:49.456+0000] {logging_mixin.py:188} INFO - [2024-05-06T04:51:49.455+0000] {dagbag.py:540} INFO - Filling up the DagBag from /home/airflow/.local/lib/python3.12/site-packages/airflow/example_dags/example_complex.py
[2024-05-06T04:51:49.470+0000] {processor.py:840} INFO - DAG(s) 'example_complex' retrieved from /home/airflow/.local/lib/python3.12/site-packages/airflow/example_dags/example_complex.py
[2024-05-06T04:51:49.532+0000] {logging_mixin.py:188} INFO - [2024-05-06T04:51:49.532+0000] {dag.py:3096} INFO - Sync 1 DAGs
[2024-05-06T04:51:49.552+0000] {logging_mixin.py:188} INFO - [2024-05-06T04:51:49.552+0000] {dag.py:3954} INFO - Setting next_dagrun for example_complex to None, run_after=None
[2024-05-06T04:51:49.605+0000] {processor.py:183} INFO - Processing /home/airflow/.local/lib/python3.12/site-packages/airflow/example_dags/example_complex.py took 0.161 seconds
[2024-05-06T04:52:20.451+0000] {processor.py:161} INFO - Started process (PID=1333) to work on /home/airflow/.local/lib/python3.12/site-packages/airflow/example_dags/example_complex.py
[2024-05-06T04:52:20.452+0000] {processor.py:830} INFO - Processing file /home/airflow/.local/lib/python3.12/site-packages/airflow/example_dags/example_complex.py for tasks to queue
[2024-05-06T04:52:20.455+0000] {logging_mixin.py:188} INFO - [2024-05-06T04:52:20.454+0000] {dagbag.py:540} INFO - Filling up the DagBag from /home/airflow/.local/lib/python3.12/site-packages/airflow/example_dags/example_complex.py
[2024-05-06T04:52:20.470+0000] {processor.py:840} INFO - DAG(s) 'example_complex' retrieved from /home/airflow/.local/lib/python3.12/site-packages/airflow/example_dags/example_complex.py
[2024-05-06T04:52:20.514+0000] {logging_mixin.py:188} INFO - [2024-05-06T04:52:20.514+0000] {dag.py:3096} INFO - Sync 1 DAGs
[2024-05-06T04:52:20.531+0000] {logging_mixin.py:188} INFO - [2024-05-06T04:52:20.531+0000] {dag.py:3954} INFO - Setting next_dagrun for example_complex to None, run_after=None
[2024-05-06T04:52:20.554+0000] {processor.py:183} INFO - Processing /home/airflow/.local/lib/python3.12/site-packages/airflow/example_dags/example_complex.py took 0.110 seconds
[2024-05-06T04:52:50.704+0000] {processor.py:161} INFO - Started process (PID=1595) to work on /home/airflow/.local/lib/python3.12/site-packages/airflow/example_dags/example_complex.py
[2024-05-06T04:52:50.710+0000] {processor.py:830} INFO - Processing file /home/airflow/.local/lib/python3.12/site-packages/airflow/example_dags/example_complex.py for tasks to queue
[2024-05-06T04:52:50.712+0000] {logging_mixin.py:188} INFO - [2024-05-06T04:52:50.712+0000] {dagbag.py:540} INFO - Filling up the DagBag from /home/airflow/.local/lib/python3.12/site-packages/airflow/example_dags/example_complex.py
[2024-05-06T04:52:50.733+0000] {processor.py:840} INFO - DAG(s) 'example_complex' retrieved from /home/airflow/.local/lib/python3.12/site-packages/airflow/example_dags/example_complex.py
[2024-05-06T04:52:50.836+0000] {logging_mixin.py:188} INFO - [2024-05-06T04:52:50.836+0000] {dag.py:3096} INFO - Sync 1 DAGs
[2024-05-06T04:52:50.852+0000] {logging_mixin.py:188} INFO - [2024-05-06T04:52:50.851+0000] {dag.py:3954} INFO - Setting next_dagrun for example_complex to None, run_after=None
[2024-05-06T04:52:50.876+0000] {processor.py:183} INFO - Processing /home/airflow/.local/lib/python3.12/site-packages/airflow/example_dags/example_complex.py took 0.181 seconds
[2024-05-06T04:53:21.022+0000] {processor.py:161} INFO - Started process (PID=1857) to work on /home/airflow/.local/lib/python3.12/site-packages/airflow/example_dags/example_complex.py
[2024-05-06T04:53:21.022+0000] {processor.py:830} INFO - Processing file /home/airflow/.local/lib/python3.12/site-packages/airflow/example_dags/example_complex.py for tasks to queue
[2024-05-06T04:53:21.024+0000] {logging_mixin.py:188} INFO - [2024-05-06T04:53:21.024+0000] {dagbag.py:540} INFO - Filling up the DagBag from /home/airflow/.local/lib/python3.12/site-packages/airflow/example_dags/example_complex.py
[2024-05-06T04:53:21.038+0000] {processor.py:840} INFO - DAG(s) 'example_complex' retrieved from /home/airflow/.local/lib/python3.12/site-packages/airflow/example_dags/example_complex.py
[2024-05-06T04:53:21.099+0000] {logging_mixin.py:188} INFO - [2024-05-06T04:53:21.099+0000] {dag.py:3096} INFO - Sync 1 DAGs
[2024-05-06T04:53:21.127+0000] {logging_mixin.py:188} INFO - [2024-05-06T04:53:21.127+0000] {dag.py:3954} INFO - Setting next_dagrun for example_complex to None, run_after=None
[2024-05-06T04:53:21.162+0000] {processor.py:183} INFO - Processing /home/airflow/.local/lib/python3.12/site-packages/airflow/example_dags/example_complex.py took 0.147 seconds
[2024-05-06T04:53:51.445+0000] {processor.py:161} INFO - Started process (PID=2119) to work on /home/airflow/.local/lib/python3.12/site-packages/airflow/example_dags/example_complex.py
[2024-05-06T04:53:51.446+0000] {processor.py:830} INFO - Processing file /home/airflow/.local/lib/python3.12/site-packages/airflow/example_dags/example_complex.py for tasks to queue
[2024-05-06T04:53:51.448+0000] {logging_mixin.py:188} INFO - [2024-05-06T04:53:51.448+0000] {dagbag.py:540} INFO - Filling up the DagBag from /home/airflow/.local/lib/python3.12/site-packages/airflow/example_dags/example_complex.py
[2024-05-06T04:53:51.463+0000] {processor.py:840} INFO - DAG(s) 'example_complex' retrieved from /home/airflow/.local/lib/python3.12/site-packages/airflow/example_dags/example_complex.py
[2024-05-06T04:53:51.506+0000] {logging_mixin.py:188} INFO - [2024-05-06T04:53:51.506+0000] {dag.py:3096} INFO - Sync 1 DAGs
[2024-05-06T04:53:51.520+0000] {logging_mixin.py:188} INFO - [2024-05-06T04:53:51.520+0000] {dag.py:3954} INFO - Setting next_dagrun for example_complex to None, run_after=None
[2024-05-06T04:53:51.543+0000] {processor.py:183} INFO - Processing /home/airflow/.local/lib/python3.12/site-packages/airflow/example_dags/example_complex.py took 0.105 seconds
[2024-05-06T04:54:23.924+0000] {processor.py:161} INFO - Started process (PID=2467) to work on /home/airflow/.local/lib/python3.12/site-packages/airflow/example_dags/example_complex.py
[2024-05-06T04:54:23.925+0000] {processor.py:830} INFO - Processing file /home/airflow/.local/lib/python3.12/site-packages/airflow/example_dags/example_complex.py for tasks to queue
[2024-05-06T04:54:23.927+0000] {logging_mixin.py:188} INFO - [2024-05-06T04:54:23.927+0000] {dagbag.py:540} INFO - Filling up the DagBag from /home/airflow/.local/lib/python3.12/site-packages/airflow/example_dags/example_complex.py
[2024-05-06T04:54:23.983+0000] {processor.py:840} INFO - DAG(s) 'example_complex' retrieved from /home/airflow/.local/lib/python3.12/site-packages/airflow/example_dags/example_complex.py
[2024-05-06T04:54:24.051+0000] {logging_mixin.py:188} INFO - [2024-05-06T04:54:24.050+0000] {dag.py:3096} INFO - Sync 1 DAGs
[2024-05-06T04:54:24.073+0000] {logging_mixin.py:188} INFO - [2024-05-06T04:54:24.072+0000] {dag.py:3954} INFO - Setting next_dagrun for example_complex to None, run_after=None
[2024-05-06T04:54:24.121+0000] {processor.py:183} INFO - Processing /home/airflow/.local/lib/python3.12/site-packages/airflow/example_dags/example_complex.py took 0.217 seconds
[2024-05-06T04:54:54.694+0000] {processor.py:161} INFO - Started process (PID=2792) to work on /home/airflow/.local/lib/python3.12/site-packages/airflow/example_dags/example_complex.py
[2024-05-06T04:54:54.695+0000] {processor.py:830} INFO - Processing file /home/airflow/.local/lib/python3.12/site-packages/airflow/example_dags/example_complex.py for tasks to queue
[2024-05-06T04:54:54.697+0000] {logging_mixin.py:188} INFO - [2024-05-06T04:54:54.697+0000] {dagbag.py:540} INFO - Filling up the DagBag from /home/airflow/.local/lib/python3.12/site-packages/airflow/example_dags/example_complex.py
[2024-05-06T04:54:54.711+0000] {processor.py:840} INFO - DAG(s) 'example_complex' retrieved from /home/airflow/.local/lib/python3.12/site-packages/airflow/example_dags/example_complex.py
[2024-05-06T04:54:54.756+0000] {logging_mixin.py:188} INFO - [2024-05-06T04:54:54.756+0000] {dag.py:3096} INFO - Sync 1 DAGs
[2024-05-06T04:54:54.773+0000] {logging_mixin.py:188} INFO - [2024-05-06T04:54:54.772+0000] {dag.py:3954} INFO - Setting next_dagrun for example_complex to None, run_after=None
[2024-05-06T04:54:54.797+0000] {processor.py:183} INFO - Processing /home/airflow/.local/lib/python3.12/site-packages/airflow/example_dags/example_complex.py took 0.110 seconds
[2024-05-06T04:55:24.901+0000] {processor.py:161} INFO - Started process (PID=3056) to work on /home/airflow/.local/lib/python3.12/site-packages/airflow/example_dags/example_complex.py
[2024-05-06T04:55:24.902+0000] {processor.py:830} INFO - Processing file /home/airflow/.local/lib/python3.12/site-packages/airflow/example_dags/example_complex.py for tasks to queue
[2024-05-06T04:55:24.905+0000] {logging_mixin.py:188} INFO - [2024-05-06T04:55:24.904+0000] {dagbag.py:540} INFO - Filling up the DagBag from /home/airflow/.local/lib/python3.12/site-packages/airflow/example_dags/example_complex.py
[2024-05-06T04:55:24.920+0000] {processor.py:840} INFO - DAG(s) 'example_complex' retrieved from /home/airflow/.local/lib/python3.12/site-packages/airflow/example_dags/example_complex.py
[2024-05-06T04:55:24.966+0000] {logging_mixin.py:188} INFO - [2024-05-06T04:55:24.966+0000] {dag.py:3096} INFO - Sync 1 DAGs
[2024-05-06T04:55:24.981+0000] {logging_mixin.py:188} INFO - [2024-05-06T04:55:24.981+0000] {dag.py:3954} INFO - Setting next_dagrun for example_complex to None, run_after=None
[2024-05-06T04:55:25.008+0000] {processor.py:183} INFO - Processing /home/airflow/.local/lib/python3.12/site-packages/airflow/example_dags/example_complex.py took 0.113 seconds
[2024-05-06T04:55:55.088+0000] {processor.py:161} INFO - Started process (PID=3317) to work on /home/airflow/.local/lib/python3.12/site-packages/airflow/example_dags/example_complex.py
[2024-05-06T04:55:55.094+0000] {processor.py:830} INFO - Processing file /home/airflow/.local/lib/python3.12/site-packages/airflow/example_dags/example_complex.py for tasks to queue
[2024-05-06T04:55:55.100+0000] {logging_mixin.py:188} INFO - [2024-05-06T04:55:55.099+0000] {dagbag.py:540} INFO - Filling up the DagBag from /home/airflow/.local/lib/python3.12/site-packages/airflow/example_dags/example_complex.py
[2024-05-06T04:55:55.116+0000] {processor.py:840} INFO - DAG(s) 'example_complex' retrieved from /home/airflow/.local/lib/python3.12/site-packages/airflow/example_dags/example_complex.py
[2024-05-06T04:55:55.159+0000] {logging_mixin.py:188} INFO - [2024-05-06T04:55:55.159+0000] {dag.py:3096} INFO - Sync 1 DAGs
[2024-05-06T04:55:55.175+0000] {logging_mixin.py:188} INFO - [2024-05-06T04:55:55.175+0000] {dag.py:3954} INFO - Setting next_dagrun for example_complex to None, run_after=None
[2024-05-06T04:55:55.242+0000] {processor.py:183} INFO - Processing /home/airflow/.local/lib/python3.12/site-packages/airflow/example_dags/example_complex.py took 0.167 seconds
[2024-05-06T04:56:26.103+0000] {processor.py:161} INFO - Started process (PID=3582) to work on /home/airflow/.local/lib/python3.12/site-packages/airflow/example_dags/example_complex.py
[2024-05-06T04:56:26.104+0000] {processor.py:830} INFO - Processing file /home/airflow/.local/lib/python3.12/site-packages/airflow/example_dags/example_complex.py for tasks to queue
[2024-05-06T04:56:26.106+0000] {logging_mixin.py:188} INFO - [2024-05-06T04:56:26.106+0000] {dagbag.py:540} INFO - Filling up the DagBag from /home/airflow/.local/lib/python3.12/site-packages/airflow/example_dags/example_complex.py
[2024-05-06T04:56:26.125+0000] {processor.py:840} INFO - DAG(s) 'example_complex' retrieved from /home/airflow/.local/lib/python3.12/site-packages/airflow/example_dags/example_complex.py
[2024-05-06T04:56:26.168+0000] {logging_mixin.py:188} INFO - [2024-05-06T04:56:26.168+0000] {dag.py:3096} INFO - Sync 1 DAGs
[2024-05-06T04:56:26.184+0000] {logging_mixin.py:188} INFO - [2024-05-06T04:56:26.184+0000] {dag.py:3954} INFO - Setting next_dagrun for example_complex to None, run_after=None
[2024-05-06T04:56:26.213+0000] {processor.py:183} INFO - Processing /home/airflow/.local/lib/python3.12/site-packages/airflow/example_dags/example_complex.py took 0.118 seconds
[2024-05-06T04:56:56.868+0000] {processor.py:161} INFO - Started process (PID=3845) to work on /home/airflow/.local/lib/python3.12/site-packages/airflow/example_dags/example_complex.py
[2024-05-06T04:56:56.869+0000] {processor.py:830} INFO - Processing file /home/airflow/.local/lib/python3.12/site-packages/airflow/example_dags/example_complex.py for tasks to queue
[2024-05-06T04:56:56.870+0000] {logging_mixin.py:188} INFO - [2024-05-06T04:56:56.870+0000] {dagbag.py:540} INFO - Filling up the DagBag from /home/airflow/.local/lib/python3.12/site-packages/airflow/example_dags/example_complex.py
[2024-05-06T04:56:56.885+0000] {processor.py:840} INFO - DAG(s) 'example_complex' retrieved from /home/airflow/.local/lib/python3.12/site-packages/airflow/example_dags/example_complex.py
[2024-05-06T04:56:56.930+0000] {logging_mixin.py:188} INFO - [2024-05-06T04:56:56.930+0000] {dag.py:3096} INFO - Sync 1 DAGs
[2024-05-06T04:56:56.946+0000] {logging_mixin.py:188} INFO - [2024-05-06T04:56:56.946+0000] {dag.py:3954} INFO - Setting next_dagrun for example_complex to None, run_after=None
[2024-05-06T04:56:56.969+0000] {processor.py:183} INFO - Processing /home/airflow/.local/lib/python3.12/site-packages/airflow/example_dags/example_complex.py took 0.109 seconds
[2024-05-06T04:57:27.906+0000] {processor.py:161} INFO - Started process (PID=4107) to work on /home/airflow/.local/lib/python3.12/site-packages/airflow/example_dags/example_complex.py
[2024-05-06T04:57:27.907+0000] {processor.py:830} INFO - Processing file /home/airflow/.local/lib/python3.12/site-packages/airflow/example_dags/example_complex.py for tasks to queue
[2024-05-06T04:57:27.909+0000] {logging_mixin.py:188} INFO - [2024-05-06T04:57:27.909+0000] {dagbag.py:540} INFO - Filling up the DagBag from /home/airflow/.local/lib/python3.12/site-packages/airflow/example_dags/example_complex.py
[2024-05-06T04:57:27.926+0000] {processor.py:840} INFO - DAG(s) 'example_complex' retrieved from /home/airflow/.local/lib/python3.12/site-packages/airflow/example_dags/example_complex.py
[2024-05-06T04:57:28.034+0000] {logging_mixin.py:188} INFO - [2024-05-06T04:57:28.034+0000] {dag.py:3096} INFO - Sync 1 DAGs
[2024-05-06T04:57:28.079+0000] {logging_mixin.py:188} INFO - [2024-05-06T04:57:28.079+0000] {dag.py:3954} INFO - Setting next_dagrun for example_complex to None, run_after=None
[2024-05-06T04:57:28.116+0000] {processor.py:183} INFO - Processing /home/airflow/.local/lib/python3.12/site-packages/airflow/example_dags/example_complex.py took 0.217 seconds
[2024-05-06T04:57:58.294+0000] {processor.py:161} INFO - Started process (PID=4369) to work on /home/airflow/.local/lib/python3.12/site-packages/airflow/example_dags/example_complex.py
[2024-05-06T04:57:58.295+0000] {processor.py:830} INFO - Processing file /home/airflow/.local/lib/python3.12/site-packages/airflow/example_dags/example_complex.py for tasks to queue
[2024-05-06T04:57:58.296+0000] {logging_mixin.py:188} INFO - [2024-05-06T04:57:58.296+0000] {dagbag.py:540} INFO - Filling up the DagBag from /home/airflow/.local/lib/python3.12/site-packages/airflow/example_dags/example_complex.py
[2024-05-06T04:57:58.306+0000] {processor.py:840} INFO - DAG(s) 'example_complex' retrieved from /home/airflow/.local/lib/python3.12/site-packages/airflow/example_dags/example_complex.py
[2024-05-06T04:57:58.341+0000] {logging_mixin.py:188} INFO - [2024-05-06T04:57:58.341+0000] {dag.py:3096} INFO - Sync 1 DAGs
[2024-05-06T04:57:58.352+0000] {logging_mixin.py:188} INFO - [2024-05-06T04:57:58.352+0000] {dag.py:3954} INFO - Setting next_dagrun for example_complex to None, run_after=None
[2024-05-06T04:57:58.372+0000] {processor.py:183} INFO - Processing /home/airflow/.local/lib/python3.12/site-packages/airflow/example_dags/example_complex.py took 0.083 seconds
[2024-05-06T04:58:29.293+0000] {processor.py:161} INFO - Started process (PID=4629) to work on /home/airflow/.local/lib/python3.12/site-packages/airflow/example_dags/example_complex.py
[2024-05-06T04:58:29.294+0000] {processor.py:830} INFO - Processing file /home/airflow/.local/lib/python3.12/site-packages/airflow/example_dags/example_complex.py for tasks to queue
[2024-05-06T04:58:29.296+0000] {logging_mixin.py:188} INFO - [2024-05-06T04:58:29.296+0000] {dagbag.py:540} INFO - Filling up the DagBag from /home/airflow/.local/lib/python3.12/site-packages/airflow/example_dags/example_complex.py
[2024-05-06T04:58:29.314+0000] {processor.py:840} INFO - DAG(s) 'example_complex' retrieved from /home/airflow/.local/lib/python3.12/site-packages/airflow/example_dags/example_complex.py
[2024-05-06T04:58:29.458+0000] {logging_mixin.py:188} INFO - [2024-05-06T04:58:29.457+0000] {dag.py:3096} INFO - Sync 1 DAGs
[2024-05-06T04:58:29.476+0000] {logging_mixin.py:188} INFO - [2024-05-06T04:58:29.475+0000] {dag.py:3954} INFO - Setting next_dagrun for example_complex to None, run_after=None
[2024-05-06T04:58:29.509+0000] {processor.py:183} INFO - Processing /home/airflow/.local/lib/python3.12/site-packages/airflow/example_dags/example_complex.py took 0.222 seconds
[2024-05-06T04:58:59.638+0000] {processor.py:161} INFO - Started process (PID=4891) to work on /home/airflow/.local/lib/python3.12/site-packages/airflow/example_dags/example_complex.py
[2024-05-06T04:58:59.640+0000] {processor.py:830} INFO - Processing file /home/airflow/.local/lib/python3.12/site-packages/airflow/example_dags/example_complex.py for tasks to queue
[2024-05-06T04:58:59.644+0000] {logging_mixin.py:188} INFO - [2024-05-06T04:58:59.643+0000] {dagbag.py:540} INFO - Filling up the DagBag from /home/airflow/.local/lib/python3.12/site-packages/airflow/example_dags/example_complex.py
[2024-05-06T04:58:59.682+0000] {processor.py:840} INFO - DAG(s) 'example_complex' retrieved from /home/airflow/.local/lib/python3.12/site-packages/airflow/example_dags/example_complex.py
[2024-05-06T04:58:59.758+0000] {logging_mixin.py:188} INFO - [2024-05-06T04:58:59.758+0000] {dag.py:3096} INFO - Sync 1 DAGs
[2024-05-06T04:58:59.796+0000] {logging_mixin.py:188} INFO - [2024-05-06T04:58:59.796+0000] {dag.py:3954} INFO - Setting next_dagrun for example_complex to None, run_after=None
[2024-05-06T04:58:59.827+0000] {processor.py:183} INFO - Processing /home/airflow/.local/lib/python3.12/site-packages/airflow/example_dags/example_complex.py took 0.200 seconds
[2024-05-06T04:59:30.792+0000] {processor.py:161} INFO - Started process (PID=5156) to work on /home/airflow/.local/lib/python3.12/site-packages/airflow/example_dags/example_complex.py
[2024-05-06T04:59:30.793+0000] {processor.py:830} INFO - Processing file /home/airflow/.local/lib/python3.12/site-packages/airflow/example_dags/example_complex.py for tasks to queue
[2024-05-06T04:59:30.795+0000] {logging_mixin.py:188} INFO - [2024-05-06T04:59:30.795+0000] {dagbag.py:540} INFO - Filling up the DagBag from /home/airflow/.local/lib/python3.12/site-packages/airflow/example_dags/example_complex.py
[2024-05-06T04:59:30.810+0000] {processor.py:840} INFO - DAG(s) 'example_complex' retrieved from /home/airflow/.local/lib/python3.12/site-packages/airflow/example_dags/example_complex.py
[2024-05-06T04:59:30.858+0000] {logging_mixin.py:188} INFO - [2024-05-06T04:59:30.857+0000] {dag.py:3096} INFO - Sync 1 DAGs
[2024-05-06T04:59:30.874+0000] {logging_mixin.py:188} INFO - [2024-05-06T04:59:30.873+0000] {dag.py:3954} INFO - Setting next_dagrun for example_complex to None, run_after=None
[2024-05-06T04:59:30.900+0000] {processor.py:183} INFO - Processing /home/airflow/.local/lib/python3.12/site-packages/airflow/example_dags/example_complex.py took 0.114 seconds
[2024-05-06T05:00:01.171+0000] {processor.py:161} INFO - Started process (PID=5418) to work on /home/airflow/.local/lib/python3.12/site-packages/airflow/example_dags/example_complex.py
[2024-05-06T05:00:01.172+0000] {processor.py:830} INFO - Processing file /home/airflow/.local/lib/python3.12/site-packages/airflow/example_dags/example_complex.py for tasks to queue
[2024-05-06T05:00:01.173+0000] {logging_mixin.py:188} INFO - [2024-05-06T05:00:01.173+0000] {dagbag.py:540} INFO - Filling up the DagBag from /home/airflow/.local/lib/python3.12/site-packages/airflow/example_dags/example_complex.py
[2024-05-06T05:00:01.187+0000] {processor.py:840} INFO - DAG(s) 'example_complex' retrieved from /home/airflow/.local/lib/python3.12/site-packages/airflow/example_dags/example_complex.py
[2024-05-06T05:00:01.232+0000] {logging_mixin.py:188} INFO - [2024-05-06T05:00:01.232+0000] {dag.py:3096} INFO - Sync 1 DAGs
[2024-05-06T05:00:01.251+0000] {logging_mixin.py:188} INFO - [2024-05-06T05:00:01.251+0000] {dag.py:3954} INFO - Setting next_dagrun for example_complex to None, run_after=None
[2024-05-06T05:00:01.285+0000] {processor.py:183} INFO - Processing /home/airflow/.local/lib/python3.12/site-packages/airflow/example_dags/example_complex.py took 0.121 seconds
[2024-05-06T05:00:31.410+0000] {processor.py:161} INFO - Started process (PID=5686) to work on /home/airflow/.local/lib/python3.12/site-packages/airflow/example_dags/example_complex.py
[2024-05-06T05:00:31.411+0000] {processor.py:830} INFO - Processing file /home/airflow/.local/lib/python3.12/site-packages/airflow/example_dags/example_complex.py for tasks to queue
[2024-05-06T05:00:31.417+0000] {logging_mixin.py:188} INFO - [2024-05-06T05:00:31.416+0000] {dagbag.py:540} INFO - Filling up the DagBag from /home/airflow/.local/lib/python3.12/site-packages/airflow/example_dags/example_complex.py
[2024-05-06T05:00:31.431+0000] {processor.py:840} INFO - DAG(s) 'example_complex' retrieved from /home/airflow/.local/lib/python3.12/site-packages/airflow/example_dags/example_complex.py
[2024-05-06T05:00:31.484+0000] {logging_mixin.py:188} INFO - [2024-05-06T05:00:31.484+0000] {dag.py:3096} INFO - Sync 1 DAGs
[2024-05-06T05:00:31.500+0000] {logging_mixin.py:188} INFO - [2024-05-06T05:00:31.500+0000] {dag.py:3954} INFO - Setting next_dagrun for example_complex to None, run_after=None
[2024-05-06T05:00:31.523+0000] {processor.py:183} INFO - Processing /home/airflow/.local/lib/python3.12/site-packages/airflow/example_dags/example_complex.py took 0.120 seconds
[2024-05-06T05:01:01.714+0000] {processor.py:161} INFO - Started process (PID=5951) to work on /home/airflow/.local/lib/python3.12/site-packages/airflow/example_dags/example_complex.py
[2024-05-06T05:01:01.721+0000] {processor.py:830} INFO - Processing file /home/airflow/.local/lib/python3.12/site-packages/airflow/example_dags/example_complex.py for tasks to queue
[2024-05-06T05:01:01.733+0000] {logging_mixin.py:188} INFO - [2024-05-06T05:01:01.732+0000] {dagbag.py:540} INFO - Filling up the DagBag from /home/airflow/.local/lib/python3.12/site-packages/airflow/example_dags/example_complex.py
[2024-05-06T05:01:01.748+0000] {processor.py:840} INFO - DAG(s) 'example_complex' retrieved from /home/airflow/.local/lib/python3.12/site-packages/airflow/example_dags/example_complex.py
[2024-05-06T05:01:01.786+0000] {logging_mixin.py:188} INFO - [2024-05-06T05:01:01.786+0000] {dag.py:3096} INFO - Sync 1 DAGs
[2024-05-06T05:01:01.802+0000] {logging_mixin.py:188} INFO - [2024-05-06T05:01:01.802+0000] {dag.py:3954} INFO - Setting next_dagrun for example_complex to None, run_after=None
[2024-05-06T05:01:01.828+0000] {processor.py:183} INFO - Processing /home/airflow/.local/lib/python3.12/site-packages/airflow/example_dags/example_complex.py took 0.121 seconds
[2024-05-06T05:01:32.622+0000] {processor.py:161} INFO - Started process (PID=6218) to work on /home/airflow/.local/lib/python3.12/site-packages/airflow/example_dags/example_complex.py
[2024-05-06T05:01:32.623+0000] {processor.py:830} INFO - Processing file /home/airflow/.local/lib/python3.12/site-packages/airflow/example_dags/example_complex.py for tasks to queue
[2024-05-06T05:01:32.629+0000] {logging_mixin.py:188} INFO - [2024-05-06T05:01:32.628+0000] {dagbag.py:540} INFO - Filling up the DagBag from /home/airflow/.local/lib/python3.12/site-packages/airflow/example_dags/example_complex.py
[2024-05-06T05:01:32.653+0000] {processor.py:840} INFO - DAG(s) 'example_complex' retrieved from /home/airflow/.local/lib/python3.12/site-packages/airflow/example_dags/example_complex.py
[2024-05-06T05:01:32.721+0000] {logging_mixin.py:188} INFO - [2024-05-06T05:01:32.721+0000] {dag.py:3096} INFO - Sync 1 DAGs
[2024-05-06T05:01:32.738+0000] {logging_mixin.py:188} INFO - [2024-05-06T05:01:32.737+0000] {dag.py:3954} INFO - Setting next_dagrun for example_complex to None, run_after=None
[2024-05-06T05:01:32.763+0000] {processor.py:183} INFO - Processing /home/airflow/.local/lib/python3.12/site-packages/airflow/example_dags/example_complex.py took 0.154 seconds
[2024-05-06T05:02:02.877+0000] {processor.py:161} INFO - Started process (PID=6483) to work on /home/airflow/.local/lib/python3.12/site-packages/airflow/example_dags/example_complex.py
[2024-05-06T05:02:02.878+0000] {processor.py:830} INFO - Processing file /home/airflow/.local/lib/python3.12/site-packages/airflow/example_dags/example_complex.py for tasks to queue
[2024-05-06T05:02:02.879+0000] {logging_mixin.py:188} INFO - [2024-05-06T05:02:02.879+0000] {dagbag.py:540} INFO - Filling up the DagBag from /home/airflow/.local/lib/python3.12/site-packages/airflow/example_dags/example_complex.py
[2024-05-06T05:02:02.888+0000] {processor.py:840} INFO - DAG(s) 'example_complex' retrieved from /home/airflow/.local/lib/python3.12/site-packages/airflow/example_dags/example_complex.py
[2024-05-06T05:02:02.925+0000] {logging_mixin.py:188} INFO - [2024-05-06T05:02:02.925+0000] {dag.py:3096} INFO - Sync 1 DAGs
[2024-05-06T05:02:02.949+0000] {logging_mixin.py:188} INFO - [2024-05-06T05:02:02.949+0000] {dag.py:3954} INFO - Setting next_dagrun for example_complex to None, run_after=None
[2024-05-06T05:02:02.974+0000] {processor.py:183} INFO - Processing /home/airflow/.local/lib/python3.12/site-packages/airflow/example_dags/example_complex.py took 0.102 seconds
[2024-05-06T05:02:33.942+0000] {processor.py:161} INFO - Started process (PID=6754) to work on /home/airflow/.local/lib/python3.12/site-packages/airflow/example_dags/example_complex.py
[2024-05-06T05:02:33.944+0000] {processor.py:830} INFO - Processing file /home/airflow/.local/lib/python3.12/site-packages/airflow/example_dags/example_complex.py for tasks to queue
[2024-05-06T05:02:33.946+0000] {logging_mixin.py:188} INFO - [2024-05-06T05:02:33.945+0000] {dagbag.py:540} INFO - Filling up the DagBag from /home/airflow/.local/lib/python3.12/site-packages/airflow/example_dags/example_complex.py
[2024-05-06T05:02:33.963+0000] {processor.py:840} INFO - DAG(s) 'example_complex' retrieved from /home/airflow/.local/lib/python3.12/site-packages/airflow/example_dags/example_complex.py
[2024-05-06T05:02:34.007+0000] {logging_mixin.py:188} INFO - [2024-05-06T05:02:34.007+0000] {dag.py:3096} INFO - Sync 1 DAGs
[2024-05-06T05:02:34.024+0000] {logging_mixin.py:188} INFO - [2024-05-06T05:02:34.024+0000] {dag.py:3954} INFO - Setting next_dagrun for example_complex to None, run_after=None
[2024-05-06T05:02:34.049+0000] {processor.py:183} INFO - Processing /home/airflow/.local/lib/python3.12/site-packages/airflow/example_dags/example_complex.py took 0.114 seconds
[2024-05-06T05:03:04.250+0000] {processor.py:161} INFO - Started process (PID=7017) to work on /home/airflow/.local/lib/python3.12/site-packages/airflow/example_dags/example_complex.py
[2024-05-06T05:03:04.251+0000] {processor.py:830} INFO - Processing file /home/airflow/.local/lib/python3.12/site-packages/airflow/example_dags/example_complex.py for tasks to queue
[2024-05-06T05:03:04.253+0000] {logging_mixin.py:188} INFO - [2024-05-06T05:03:04.253+0000] {dagbag.py:540} INFO - Filling up the DagBag from /home/airflow/.local/lib/python3.12/site-packages/airflow/example_dags/example_complex.py
[2024-05-06T05:03:04.267+0000] {processor.py:840} INFO - DAG(s) 'example_complex' retrieved from /home/airflow/.local/lib/python3.12/site-packages/airflow/example_dags/example_complex.py
[2024-05-06T05:03:04.311+0000] {logging_mixin.py:188} INFO - [2024-05-06T05:03:04.311+0000] {dag.py:3096} INFO - Sync 1 DAGs
[2024-05-06T05:03:04.328+0000] {logging_mixin.py:188} INFO - [2024-05-06T05:03:04.328+0000] {dag.py:3954} INFO - Setting next_dagrun for example_complex to None, run_after=None
[2024-05-06T05:03:04.355+0000] {processor.py:183} INFO - Processing /home/airflow/.local/lib/python3.12/site-packages/airflow/example_dags/example_complex.py took 0.112 seconds
[2024-05-06T05:03:34.918+0000] {processor.py:161} INFO - Started process (PID=7286) to work on /home/airflow/.local/lib/python3.12/site-packages/airflow/example_dags/example_complex.py
[2024-05-06T05:03:34.918+0000] {processor.py:830} INFO - Processing file /home/airflow/.local/lib/python3.12/site-packages/airflow/example_dags/example_complex.py for tasks to queue
[2024-05-06T05:03:34.920+0000] {logging_mixin.py:188} INFO - [2024-05-06T05:03:34.919+0000] {dagbag.py:540} INFO - Filling up the DagBag from /home/airflow/.local/lib/python3.12/site-packages/airflow/example_dags/example_complex.py
[2024-05-06T05:03:34.928+0000] {processor.py:840} INFO - DAG(s) 'example_complex' retrieved from /home/airflow/.local/lib/python3.12/site-packages/airflow/example_dags/example_complex.py
[2024-05-06T05:03:34.956+0000] {logging_mixin.py:188} INFO - [2024-05-06T05:03:34.955+0000] {dag.py:3096} INFO - Sync 1 DAGs
[2024-05-06T05:03:34.966+0000] {logging_mixin.py:188} INFO - [2024-05-06T05:03:34.966+0000] {dag.py:3954} INFO - Setting next_dagrun for example_complex to None, run_after=None
[2024-05-06T05:03:34.989+0000] {processor.py:183} INFO - Processing /home/airflow/.local/lib/python3.12/site-packages/airflow/example_dags/example_complex.py took 0.076 seconds
[2024-05-06T05:04:05.790+0000] {processor.py:161} INFO - Started process (PID=7553) to work on /home/airflow/.local/lib/python3.12/site-packages/airflow/example_dags/example_complex.py
[2024-05-06T05:04:05.791+0000] {processor.py:830} INFO - Processing file /home/airflow/.local/lib/python3.12/site-packages/airflow/example_dags/example_complex.py for tasks to queue
[2024-05-06T05:04:05.793+0000] {logging_mixin.py:188} INFO - [2024-05-06T05:04:05.792+0000] {dagbag.py:540} INFO - Filling up the DagBag from /home/airflow/.local/lib/python3.12/site-packages/airflow/example_dags/example_complex.py
[2024-05-06T05:04:05.801+0000] {processor.py:840} INFO - DAG(s) 'example_complex' retrieved from /home/airflow/.local/lib/python3.12/site-packages/airflow/example_dags/example_complex.py
[2024-05-06T05:04:05.830+0000] {logging_mixin.py:188} INFO - [2024-05-06T05:04:05.829+0000] {dag.py:3096} INFO - Sync 1 DAGs
[2024-05-06T05:04:05.956+0000] {logging_mixin.py:188} INFO - [2024-05-06T05:04:05.956+0000] {dag.py:3954} INFO - Setting next_dagrun for example_complex to None, run_after=None
[2024-05-06T05:04:05.976+0000] {processor.py:183} INFO - Processing /home/airflow/.local/lib/python3.12/site-packages/airflow/example_dags/example_complex.py took 0.191 seconds
[2024-05-06T05:04:36.683+0000] {processor.py:161} INFO - Started process (PID=7818) to work on /home/airflow/.local/lib/python3.12/site-packages/airflow/example_dags/example_complex.py
[2024-05-06T05:04:36.684+0000] {processor.py:830} INFO - Processing file /home/airflow/.local/lib/python3.12/site-packages/airflow/example_dags/example_complex.py for tasks to queue
[2024-05-06T05:04:36.686+0000] {logging_mixin.py:188} INFO - [2024-05-06T05:04:36.685+0000] {dagbag.py:540} INFO - Filling up the DagBag from /home/airflow/.local/lib/python3.12/site-packages/airflow/example_dags/example_complex.py
[2024-05-06T05:04:36.700+0000] {processor.py:840} INFO - DAG(s) 'example_complex' retrieved from /home/airflow/.local/lib/python3.12/site-packages/airflow/example_dags/example_complex.py
[2024-05-06T05:04:36.752+0000] {logging_mixin.py:188} INFO - [2024-05-06T05:04:36.752+0000] {dag.py:3096} INFO - Sync 1 DAGs
[2024-05-06T05:04:36.771+0000] {logging_mixin.py:188} INFO - [2024-05-06T05:04:36.771+0000] {dag.py:3954} INFO - Setting next_dagrun for example_complex to None, run_after=None
[2024-05-06T05:04:36.798+0000] {processor.py:183} INFO - Processing /home/airflow/.local/lib/python3.12/site-packages/airflow/example_dags/example_complex.py took 0.126 seconds
[2024-05-06T05:05:06.862+0000] {processor.py:161} INFO - Started process (PID=8085) to work on /home/airflow/.local/lib/python3.12/site-packages/airflow/example_dags/example_complex.py
[2024-05-06T05:05:06.863+0000] {processor.py:830} INFO - Processing file /home/airflow/.local/lib/python3.12/site-packages/airflow/example_dags/example_complex.py for tasks to queue
[2024-05-06T05:05:06.865+0000] {logging_mixin.py:188} INFO - [2024-05-06T05:05:06.865+0000] {dagbag.py:540} INFO - Filling up the DagBag from /home/airflow/.local/lib/python3.12/site-packages/airflow/example_dags/example_complex.py
[2024-05-06T05:05:06.879+0000] {processor.py:840} INFO - DAG(s) 'example_complex' retrieved from /home/airflow/.local/lib/python3.12/site-packages/airflow/example_dags/example_complex.py
[2024-05-06T05:05:06.926+0000] {logging_mixin.py:188} INFO - [2024-05-06T05:05:06.926+0000] {dag.py:3096} INFO - Sync 1 DAGs
[2024-05-06T05:05:06.942+0000] {logging_mixin.py:188} INFO - [2024-05-06T05:05:06.942+0000] {dag.py:3954} INFO - Setting next_dagrun for example_complex to None, run_after=None
[2024-05-06T05:05:06.969+0000] {processor.py:183} INFO - Processing /home/airflow/.local/lib/python3.12/site-packages/airflow/example_dags/example_complex.py took 0.113 seconds
[2024-05-06T05:05:37.938+0000] {processor.py:161} INFO - Started process (PID=8357) to work on /home/airflow/.local/lib/python3.12/site-packages/airflow/example_dags/example_complex.py
[2024-05-06T05:05:37.942+0000] {processor.py:830} INFO - Processing file /home/airflow/.local/lib/python3.12/site-packages/airflow/example_dags/example_complex.py for tasks to queue
[2024-05-06T05:05:37.947+0000] {logging_mixin.py:188} INFO - [2024-05-06T05:05:37.947+0000] {dagbag.py:540} INFO - Filling up the DagBag from /home/airflow/.local/lib/python3.12/site-packages/airflow/example_dags/example_complex.py
[2024-05-06T05:05:37.968+0000] {processor.py:840} INFO - DAG(s) 'example_complex' retrieved from /home/airflow/.local/lib/python3.12/site-packages/airflow/example_dags/example_complex.py
[2024-05-06T05:05:38.061+0000] {logging_mixin.py:188} INFO - [2024-05-06T05:05:38.061+0000] {dag.py:3096} INFO - Sync 1 DAGs
[2024-05-06T05:05:38.081+0000] {logging_mixin.py:188} INFO - [2024-05-06T05:05:38.081+0000] {dag.py:3954} INFO - Setting next_dagrun for example_complex to None, run_after=None
[2024-05-06T05:05:38.128+0000] {processor.py:183} INFO - Processing /home/airflow/.local/lib/python3.12/site-packages/airflow/example_dags/example_complex.py took 0.198 seconds
[2024-05-06T05:06:08.325+0000] {processor.py:161} INFO - Started process (PID=8629) to work on /home/airflow/.local/lib/python3.12/site-packages/airflow/example_dags/example_complex.py
[2024-05-06T05:06:08.326+0000] {processor.py:830} INFO - Processing file /home/airflow/.local/lib/python3.12/site-packages/airflow/example_dags/example_complex.py for tasks to queue
[2024-05-06T05:06:08.328+0000] {logging_mixin.py:188} INFO - [2024-05-06T05:06:08.328+0000] {dagbag.py:540} INFO - Filling up the DagBag from /home/airflow/.local/lib/python3.12/site-packages/airflow/example_dags/example_complex.py
[2024-05-06T05:06:08.338+0000] {processor.py:840} INFO - DAG(s) 'example_complex' retrieved from /home/airflow/.local/lib/python3.12/site-packages/airflow/example_dags/example_complex.py
[2024-05-06T05:06:08.365+0000] {logging_mixin.py:188} INFO - [2024-05-06T05:06:08.364+0000] {dag.py:3096} INFO - Sync 1 DAGs
[2024-05-06T05:06:08.376+0000] {logging_mixin.py:188} INFO - [2024-05-06T05:06:08.376+0000] {dag.py:3954} INFO - Setting next_dagrun for example_complex to None, run_after=None
[2024-05-06T05:06:08.395+0000] {processor.py:183} INFO - Processing /home/airflow/.local/lib/python3.12/site-packages/airflow/example_dags/example_complex.py took 0.076 seconds
[2024-05-06T05:06:38.701+0000] {processor.py:161} INFO - Started process (PID=8903) to work on /home/airflow/.local/lib/python3.12/site-packages/airflow/example_dags/example_complex.py
[2024-05-06T05:06:38.701+0000] {processor.py:830} INFO - Processing file /home/airflow/.local/lib/python3.12/site-packages/airflow/example_dags/example_complex.py for tasks to queue
[2024-05-06T05:06:38.703+0000] {logging_mixin.py:188} INFO - [2024-05-06T05:06:38.703+0000] {dagbag.py:540} INFO - Filling up the DagBag from /home/airflow/.local/lib/python3.12/site-packages/airflow/example_dags/example_complex.py
[2024-05-06T05:06:38.719+0000] {processor.py:840} INFO - DAG(s) 'example_complex' retrieved from /home/airflow/.local/lib/python3.12/site-packages/airflow/example_dags/example_complex.py
[2024-05-06T05:06:38.764+0000] {logging_mixin.py:188} INFO - [2024-05-06T05:06:38.764+0000] {dag.py:3096} INFO - Sync 1 DAGs
[2024-05-06T05:06:38.780+0000] {logging_mixin.py:188} INFO - [2024-05-06T05:06:38.779+0000] {dag.py:3954} INFO - Setting next_dagrun for example_complex to None, run_after=None
[2024-05-06T05:06:38.806+0000] {processor.py:183} INFO - Processing /home/airflow/.local/lib/python3.12/site-packages/airflow/example_dags/example_complex.py took 0.112 seconds
[2024-05-06T05:07:09.341+0000] {processor.py:161} INFO - Started process (PID=9175) to work on /home/airflow/.local/lib/python3.12/site-packages/airflow/example_dags/example_complex.py
[2024-05-06T05:07:09.342+0000] {processor.py:830} INFO - Processing file /home/airflow/.local/lib/python3.12/site-packages/airflow/example_dags/example_complex.py for tasks to queue
[2024-05-06T05:07:09.343+0000] {logging_mixin.py:188} INFO - [2024-05-06T05:07:09.343+0000] {dagbag.py:540} INFO - Filling up the DagBag from /home/airflow/.local/lib/python3.12/site-packages/airflow/example_dags/example_complex.py
[2024-05-06T05:07:09.358+0000] {processor.py:840} INFO - DAG(s) 'example_complex' retrieved from /home/airflow/.local/lib/python3.12/site-packages/airflow/example_dags/example_complex.py
[2024-05-06T05:07:09.404+0000] {logging_mixin.py:188} INFO - [2024-05-06T05:07:09.404+0000] {dag.py:3096} INFO - Sync 1 DAGs
[2024-05-06T05:07:09.420+0000] {logging_mixin.py:188} INFO - [2024-05-06T05:07:09.419+0000] {dag.py:3954} INFO - Setting next_dagrun for example_complex to None, run_after=None
[2024-05-06T05:07:09.444+0000] {processor.py:183} INFO - Processing /home/airflow/.local/lib/python3.12/site-packages/airflow/example_dags/example_complex.py took 0.109 seconds
[2024-05-06T05:07:40.086+0000] {processor.py:161} INFO - Started process (PID=9447) to work on /home/airflow/.local/lib/python3.12/site-packages/airflow/example_dags/example_complex.py
[2024-05-06T05:07:40.087+0000] {processor.py:830} INFO - Processing file /home/airflow/.local/lib/python3.12/site-packages/airflow/example_dags/example_complex.py for tasks to queue
[2024-05-06T05:07:40.089+0000] {logging_mixin.py:188} INFO - [2024-05-06T05:07:40.089+0000] {dagbag.py:540} INFO - Filling up the DagBag from /home/airflow/.local/lib/python3.12/site-packages/airflow/example_dags/example_complex.py
[2024-05-06T05:07:40.105+0000] {processor.py:840} INFO - DAG(s) 'example_complex' retrieved from /home/airflow/.local/lib/python3.12/site-packages/airflow/example_dags/example_complex.py
[2024-05-06T05:07:40.154+0000] {logging_mixin.py:188} INFO - [2024-05-06T05:07:40.153+0000] {dag.py:3096} INFO - Sync 1 DAGs
[2024-05-06T05:07:40.170+0000] {logging_mixin.py:188} INFO - [2024-05-06T05:07:40.170+0000] {dag.py:3954} INFO - Setting next_dagrun for example_complex to None, run_after=None
[2024-05-06T05:07:40.196+0000] {processor.py:183} INFO - Processing /home/airflow/.local/lib/python3.12/site-packages/airflow/example_dags/example_complex.py took 0.116 seconds
[2024-05-06T05:08:10.807+0000] {processor.py:161} INFO - Started process (PID=9720) to work on /home/airflow/.local/lib/python3.12/site-packages/airflow/example_dags/example_complex.py
[2024-05-06T05:08:10.807+0000] {processor.py:830} INFO - Processing file /home/airflow/.local/lib/python3.12/site-packages/airflow/example_dags/example_complex.py for tasks to queue
[2024-05-06T05:08:10.809+0000] {logging_mixin.py:188} INFO - [2024-05-06T05:08:10.809+0000] {dagbag.py:540} INFO - Filling up the DagBag from /home/airflow/.local/lib/python3.12/site-packages/airflow/example_dags/example_complex.py
[2024-05-06T05:08:10.836+0000] {processor.py:840} INFO - DAG(s) 'example_complex' retrieved from /home/airflow/.local/lib/python3.12/site-packages/airflow/example_dags/example_complex.py
[2024-05-06T05:08:10.903+0000] {logging_mixin.py:188} INFO - [2024-05-06T05:08:10.903+0000] {dag.py:3096} INFO - Sync 1 DAGs
[2024-05-06T05:08:10.920+0000] {logging_mixin.py:188} INFO - [2024-05-06T05:08:10.919+0000] {dag.py:3954} INFO - Setting next_dagrun for example_complex to None, run_after=None
[2024-05-06T05:08:10.946+0000] {processor.py:183} INFO - Processing /home/airflow/.local/lib/python3.12/site-packages/airflow/example_dags/example_complex.py took 0.147 seconds
[2024-05-06T05:08:41.348+0000] {processor.py:161} INFO - Started process (PID=9994) to work on /home/airflow/.local/lib/python3.12/site-packages/airflow/example_dags/example_complex.py
[2024-05-06T05:08:41.349+0000] {processor.py:830} INFO - Processing file /home/airflow/.local/lib/python3.12/site-packages/airflow/example_dags/example_complex.py for tasks to queue
[2024-05-06T05:08:41.351+0000] {logging_mixin.py:188} INFO - [2024-05-06T05:08:41.351+0000] {dagbag.py:540} INFO - Filling up the DagBag from /home/airflow/.local/lib/python3.12/site-packages/airflow/example_dags/example_complex.py
[2024-05-06T05:08:41.365+0000] {processor.py:840} INFO - DAG(s) 'example_complex' retrieved from /home/airflow/.local/lib/python3.12/site-packages/airflow/example_dags/example_complex.py
[2024-05-06T05:08:41.411+0000] {logging_mixin.py:188} INFO - [2024-05-06T05:08:41.410+0000] {dag.py:3096} INFO - Sync 1 DAGs
[2024-05-06T05:08:41.427+0000] {logging_mixin.py:188} INFO - [2024-05-06T05:08:41.426+0000] {dag.py:3954} INFO - Setting next_dagrun for example_complex to None, run_after=None
[2024-05-06T05:08:41.452+0000] {processor.py:183} INFO - Processing /home/airflow/.local/lib/python3.12/site-packages/airflow/example_dags/example_complex.py took 0.110 seconds
[2024-05-06T05:09:12.006+0000] {processor.py:161} INFO - Started process (PID=10264) to work on /home/airflow/.local/lib/python3.12/site-packages/airflow/example_dags/example_complex.py
[2024-05-06T05:09:12.007+0000] {processor.py:830} INFO - Processing file /home/airflow/.local/lib/python3.12/site-packages/airflow/example_dags/example_complex.py for tasks to queue
[2024-05-06T05:09:12.011+0000] {logging_mixin.py:188} INFO - [2024-05-06T05:09:12.010+0000] {dagbag.py:540} INFO - Filling up the DagBag from /home/airflow/.local/lib/python3.12/site-packages/airflow/example_dags/example_complex.py
[2024-05-06T05:09:12.027+0000] {processor.py:840} INFO - DAG(s) 'example_complex' retrieved from /home/airflow/.local/lib/python3.12/site-packages/airflow/example_dags/example_complex.py
[2024-05-06T05:09:12.072+0000] {logging_mixin.py:188} INFO - [2024-05-06T05:09:12.072+0000] {dag.py:3096} INFO - Sync 1 DAGs
[2024-05-06T05:09:12.087+0000] {logging_mixin.py:188} INFO - [2024-05-06T05:09:12.087+0000] {dag.py:3954} INFO - Setting next_dagrun for example_complex to None, run_after=None
[2024-05-06T05:09:12.112+0000] {processor.py:183} INFO - Processing /home/airflow/.local/lib/python3.12/site-packages/airflow/example_dags/example_complex.py took 0.125 seconds
[2024-05-06T05:09:42.351+0000] {processor.py:161} INFO - Started process (PID=10536) to work on /home/airflow/.local/lib/python3.12/site-packages/airflow/example_dags/example_complex.py
[2024-05-06T05:09:42.352+0000] {processor.py:830} INFO - Processing file /home/airflow/.local/lib/python3.12/site-packages/airflow/example_dags/example_complex.py for tasks to queue
[2024-05-06T05:09:42.354+0000] {logging_mixin.py:188} INFO - [2024-05-06T05:09:42.353+0000] {dagbag.py:540} INFO - Filling up the DagBag from /home/airflow/.local/lib/python3.12/site-packages/airflow/example_dags/example_complex.py
[2024-05-06T05:09:42.367+0000] {processor.py:840} INFO - DAG(s) 'example_complex' retrieved from /home/airflow/.local/lib/python3.12/site-packages/airflow/example_dags/example_complex.py
[2024-05-06T05:09:42.413+0000] {logging_mixin.py:188} INFO - [2024-05-06T05:09:42.413+0000] {dag.py:3096} INFO - Sync 1 DAGs
[2024-05-06T05:09:42.430+0000] {logging_mixin.py:188} INFO - [2024-05-06T05:09:42.429+0000] {dag.py:3954} INFO - Setting next_dagrun for example_complex to None, run_after=None
[2024-05-06T05:09:42.454+0000] {processor.py:183} INFO - Processing /home/airflow/.local/lib/python3.12/site-packages/airflow/example_dags/example_complex.py took 0.110 seconds
[2024-05-06T05:10:13.051+0000] {processor.py:161} INFO - Started process (PID=10808) to work on /home/airflow/.local/lib/python3.12/site-packages/airflow/example_dags/example_complex.py
[2024-05-06T05:10:13.051+0000] {processor.py:830} INFO - Processing file /home/airflow/.local/lib/python3.12/site-packages/airflow/example_dags/example_complex.py for tasks to queue
[2024-05-06T05:10:13.053+0000] {logging_mixin.py:188} INFO - [2024-05-06T05:10:13.053+0000] {dagbag.py:540} INFO - Filling up the DagBag from /home/airflow/.local/lib/python3.12/site-packages/airflow/example_dags/example_complex.py
[2024-05-06T05:10:13.067+0000] {processor.py:840} INFO - DAG(s) 'example_complex' retrieved from /home/airflow/.local/lib/python3.12/site-packages/airflow/example_dags/example_complex.py
[2024-05-06T05:10:13.137+0000] {logging_mixin.py:188} INFO - [2024-05-06T05:10:13.137+0000] {dag.py:3096} INFO - Sync 1 DAGs
[2024-05-06T05:10:13.157+0000] {logging_mixin.py:188} INFO - [2024-05-06T05:10:13.157+0000] {dag.py:3954} INFO - Setting next_dagrun for example_complex to None, run_after=None
[2024-05-06T05:10:13.184+0000] {processor.py:183} INFO - Processing /home/airflow/.local/lib/python3.12/site-packages/airflow/example_dags/example_complex.py took 0.142 seconds
[2024-05-06T05:10:43.355+0000] {processor.py:161} INFO - Started process (PID=11082) to work on /home/airflow/.local/lib/python3.12/site-packages/airflow/example_dags/example_complex.py
[2024-05-06T05:10:43.356+0000] {processor.py:830} INFO - Processing file /home/airflow/.local/lib/python3.12/site-packages/airflow/example_dags/example_complex.py for tasks to queue
[2024-05-06T05:10:43.358+0000] {logging_mixin.py:188} INFO - [2024-05-06T05:10:43.358+0000] {dagbag.py:540} INFO - Filling up the DagBag from /home/airflow/.local/lib/python3.12/site-packages/airflow/example_dags/example_complex.py
[2024-05-06T05:10:43.371+0000] {processor.py:840} INFO - DAG(s) 'example_complex' retrieved from /home/airflow/.local/lib/python3.12/site-packages/airflow/example_dags/example_complex.py
[2024-05-06T05:10:43.418+0000] {logging_mixin.py:188} INFO - [2024-05-06T05:10:43.417+0000] {dag.py:3096} INFO - Sync 1 DAGs
[2024-05-06T05:10:43.434+0000] {logging_mixin.py:188} INFO - [2024-05-06T05:10:43.434+0000] {dag.py:3954} INFO - Setting next_dagrun for example_complex to None, run_after=None
[2024-05-06T05:10:43.459+0000] {processor.py:183} INFO - Processing /home/airflow/.local/lib/python3.12/site-packages/airflow/example_dags/example_complex.py took 0.111 seconds
[2024-05-06T05:11:13.694+0000] {processor.py:161} INFO - Started process (PID=11352) to work on /home/airflow/.local/lib/python3.12/site-packages/airflow/example_dags/example_complex.py
[2024-05-06T05:11:13.695+0000] {processor.py:830} INFO - Processing file /home/airflow/.local/lib/python3.12/site-packages/airflow/example_dags/example_complex.py for tasks to queue
[2024-05-06T05:11:13.698+0000] {logging_mixin.py:188} INFO - [2024-05-06T05:11:13.698+0000] {dagbag.py:540} INFO - Filling up the DagBag from /home/airflow/.local/lib/python3.12/site-packages/airflow/example_dags/example_complex.py
[2024-05-06T05:11:13.717+0000] {processor.py:840} INFO - DAG(s) 'example_complex' retrieved from /home/airflow/.local/lib/python3.12/site-packages/airflow/example_dags/example_complex.py
[2024-05-06T05:11:13.761+0000] {logging_mixin.py:188} INFO - [2024-05-06T05:11:13.761+0000] {dag.py:3096} INFO - Sync 1 DAGs
[2024-05-06T05:11:13.778+0000] {logging_mixin.py:188} INFO - [2024-05-06T05:11:13.777+0000] {dag.py:3954} INFO - Setting next_dagrun for example_complex to None, run_after=None
[2024-05-06T05:11:13.810+0000] {processor.py:183} INFO - Processing /home/airflow/.local/lib/python3.12/site-packages/airflow/example_dags/example_complex.py took 0.123 seconds
[2024-05-06T05:11:44.531+0000] {processor.py:161} INFO - Started process (PID=11627) to work on /home/airflow/.local/lib/python3.12/site-packages/airflow/example_dags/example_complex.py
[2024-05-06T05:11:44.532+0000] {processor.py:830} INFO - Processing file /home/airflow/.local/lib/python3.12/site-packages/airflow/example_dags/example_complex.py for tasks to queue
[2024-05-06T05:11:44.534+0000] {logging_mixin.py:188} INFO - [2024-05-06T05:11:44.533+0000] {dagbag.py:540} INFO - Filling up the DagBag from /home/airflow/.local/lib/python3.12/site-packages/airflow/example_dags/example_complex.py
[2024-05-06T05:11:44.547+0000] {processor.py:840} INFO - DAG(s) 'example_complex' retrieved from /home/airflow/.local/lib/python3.12/site-packages/airflow/example_dags/example_complex.py
[2024-05-06T05:11:44.575+0000] {logging_mixin.py:188} INFO - [2024-05-06T05:11:44.575+0000] {dag.py:3096} INFO - Sync 1 DAGs
[2024-05-06T05:11:44.586+0000] {logging_mixin.py:188} INFO - [2024-05-06T05:11:44.586+0000] {dag.py:3954} INFO - Setting next_dagrun for example_complex to None, run_after=None
[2024-05-06T05:11:44.610+0000] {processor.py:183} INFO - Processing /home/airflow/.local/lib/python3.12/site-packages/airflow/example_dags/example_complex.py took 0.087 seconds
[2024-05-06T05:12:14.682+0000] {processor.py:161} INFO - Started process (PID=11897) to work on /home/airflow/.local/lib/python3.12/site-packages/airflow/example_dags/example_complex.py
[2024-05-06T05:12:14.683+0000] {processor.py:830} INFO - Processing file /home/airflow/.local/lib/python3.12/site-packages/airflow/example_dags/example_complex.py for tasks to queue
[2024-05-06T05:12:14.685+0000] {logging_mixin.py:188} INFO - [2024-05-06T05:12:14.684+0000] {dagbag.py:540} INFO - Filling up the DagBag from /home/airflow/.local/lib/python3.12/site-packages/airflow/example_dags/example_complex.py
[2024-05-06T05:12:14.694+0000] {processor.py:840} INFO - DAG(s) 'example_complex' retrieved from /home/airflow/.local/lib/python3.12/site-packages/airflow/example_dags/example_complex.py
[2024-05-06T05:12:14.722+0000] {logging_mixin.py:188} INFO - [2024-05-06T05:12:14.722+0000] {dag.py:3096} INFO - Sync 1 DAGs
[2024-05-06T05:12:14.732+0000] {logging_mixin.py:188} INFO - [2024-05-06T05:12:14.732+0000] {dag.py:3954} INFO - Setting next_dagrun for example_complex to None, run_after=None
[2024-05-06T05:12:14.753+0000] {processor.py:183} INFO - Processing /home/airflow/.local/lib/python3.12/site-packages/airflow/example_dags/example_complex.py took 0.077 seconds
[2024-05-06T05:12:45.182+0000] {processor.py:161} INFO - Started process (PID=12169) to work on /home/airflow/.local/lib/python3.12/site-packages/airflow/example_dags/example_complex.py
[2024-05-06T05:12:45.183+0000] {processor.py:830} INFO - Processing file /home/airflow/.local/lib/python3.12/site-packages/airflow/example_dags/example_complex.py for tasks to queue
[2024-05-06T05:12:45.184+0000] {logging_mixin.py:188} INFO - [2024-05-06T05:12:45.184+0000] {dagbag.py:540} INFO - Filling up the DagBag from /home/airflow/.local/lib/python3.12/site-packages/airflow/example_dags/example_complex.py
[2024-05-06T05:12:45.198+0000] {processor.py:840} INFO - DAG(s) 'example_complex' retrieved from /home/airflow/.local/lib/python3.12/site-packages/airflow/example_dags/example_complex.py
[2024-05-06T05:12:45.226+0000] {logging_mixin.py:188} INFO - [2024-05-06T05:12:45.225+0000] {dag.py:3096} INFO - Sync 1 DAGs
[2024-05-06T05:12:45.236+0000] {logging_mixin.py:188} INFO - [2024-05-06T05:12:45.236+0000] {dag.py:3954} INFO - Setting next_dagrun for example_complex to None, run_after=None
[2024-05-06T05:12:45.263+0000] {processor.py:183} INFO - Processing /home/airflow/.local/lib/python3.12/site-packages/airflow/example_dags/example_complex.py took 0.089 seconds
[2024-05-06T05:13:15.821+0000] {processor.py:161} INFO - Started process (PID=12442) to work on /home/airflow/.local/lib/python3.12/site-packages/airflow/example_dags/example_complex.py
[2024-05-06T05:13:15.823+0000] {processor.py:830} INFO - Processing file /home/airflow/.local/lib/python3.12/site-packages/airflow/example_dags/example_complex.py for tasks to queue
[2024-05-06T05:13:15.825+0000] {logging_mixin.py:188} INFO - [2024-05-06T05:13:15.825+0000] {dagbag.py:540} INFO - Filling up the DagBag from /home/airflow/.local/lib/python3.12/site-packages/airflow/example_dags/example_complex.py
[2024-05-06T05:13:15.836+0000] {processor.py:840} INFO - DAG(s) 'example_complex' retrieved from /home/airflow/.local/lib/python3.12/site-packages/airflow/example_dags/example_complex.py
[2024-05-06T05:13:15.866+0000] {logging_mixin.py:188} INFO - [2024-05-06T05:13:15.865+0000] {dag.py:3096} INFO - Sync 1 DAGs
[2024-05-06T05:13:15.878+0000] {logging_mixin.py:188} INFO - [2024-05-06T05:13:15.878+0000] {dag.py:3954} INFO - Setting next_dagrun for example_complex to None, run_after=None
[2024-05-06T05:13:15.898+0000] {processor.py:183} INFO - Processing /home/airflow/.local/lib/python3.12/site-packages/airflow/example_dags/example_complex.py took 0.084 seconds
[2024-05-06T05:13:46.532+0000] {processor.py:161} INFO - Started process (PID=12717) to work on /home/airflow/.local/lib/python3.12/site-packages/airflow/example_dags/example_complex.py
[2024-05-06T05:13:46.533+0000] {processor.py:830} INFO - Processing file /home/airflow/.local/lib/python3.12/site-packages/airflow/example_dags/example_complex.py for tasks to queue
[2024-05-06T05:13:46.534+0000] {logging_mixin.py:188} INFO - [2024-05-06T05:13:46.534+0000] {dagbag.py:540} INFO - Filling up the DagBag from /home/airflow/.local/lib/python3.12/site-packages/airflow/example_dags/example_complex.py
[2024-05-06T05:13:46.543+0000] {processor.py:840} INFO - DAG(s) 'example_complex' retrieved from /home/airflow/.local/lib/python3.12/site-packages/airflow/example_dags/example_complex.py
[2024-05-06T05:13:46.570+0000] {logging_mixin.py:188} INFO - [2024-05-06T05:13:46.570+0000] {dag.py:3096} INFO - Sync 1 DAGs
[2024-05-06T05:13:46.581+0000] {logging_mixin.py:188} INFO - [2024-05-06T05:13:46.581+0000] {dag.py:3954} INFO - Setting next_dagrun for example_complex to None, run_after=None
[2024-05-06T05:13:46.601+0000] {processor.py:183} INFO - Processing /home/airflow/.local/lib/python3.12/site-packages/airflow/example_dags/example_complex.py took 0.075 seconds
[2024-05-06T05:14:17.297+0000] {processor.py:161} INFO - Started process (PID=12989) to work on /home/airflow/.local/lib/python3.12/site-packages/airflow/example_dags/example_complex.py
[2024-05-06T05:14:17.298+0000] {processor.py:830} INFO - Processing file /home/airflow/.local/lib/python3.12/site-packages/airflow/example_dags/example_complex.py for tasks to queue
[2024-05-06T05:14:17.299+0000] {logging_mixin.py:188} INFO - [2024-05-06T05:14:17.299+0000] {dagbag.py:540} INFO - Filling up the DagBag from /home/airflow/.local/lib/python3.12/site-packages/airflow/example_dags/example_complex.py
[2024-05-06T05:14:17.308+0000] {processor.py:840} INFO - DAG(s) 'example_complex' retrieved from /home/airflow/.local/lib/python3.12/site-packages/airflow/example_dags/example_complex.py
[2024-05-06T05:14:17.337+0000] {logging_mixin.py:188} INFO - [2024-05-06T05:14:17.336+0000] {dag.py:3096} INFO - Sync 1 DAGs
[2024-05-06T05:14:17.347+0000] {logging_mixin.py:188} INFO - [2024-05-06T05:14:17.347+0000] {dag.py:3954} INFO - Setting next_dagrun for example_complex to None, run_after=None
[2024-05-06T05:14:17.367+0000] {processor.py:183} INFO - Processing /home/airflow/.local/lib/python3.12/site-packages/airflow/example_dags/example_complex.py took 0.076 seconds
[2024-05-06T05:14:48.026+0000] {processor.py:161} INFO - Started process (PID=13262) to work on /home/airflow/.local/lib/python3.12/site-packages/airflow/example_dags/example_complex.py
[2024-05-06T05:14:48.027+0000] {processor.py:830} INFO - Processing file /home/airflow/.local/lib/python3.12/site-packages/airflow/example_dags/example_complex.py for tasks to queue
[2024-05-06T05:14:48.028+0000] {logging_mixin.py:188} INFO - [2024-05-06T05:14:48.028+0000] {dagbag.py:540} INFO - Filling up the DagBag from /home/airflow/.local/lib/python3.12/site-packages/airflow/example_dags/example_complex.py
[2024-05-06T05:14:48.038+0000] {processor.py:840} INFO - DAG(s) 'example_complex' retrieved from /home/airflow/.local/lib/python3.12/site-packages/airflow/example_dags/example_complex.py
[2024-05-06T05:14:48.066+0000] {logging_mixin.py:188} INFO - [2024-05-06T05:14:48.066+0000] {dag.py:3096} INFO - Sync 1 DAGs
[2024-05-06T05:14:48.078+0000] {logging_mixin.py:188} INFO - [2024-05-06T05:14:48.078+0000] {dag.py:3954} INFO - Setting next_dagrun for example_complex to None, run_after=None
[2024-05-06T05:14:48.101+0000] {processor.py:183} INFO - Processing /home/airflow/.local/lib/python3.12/site-packages/airflow/example_dags/example_complex.py took 0.080 seconds
[2024-05-06T05:15:18.839+0000] {processor.py:161} INFO - Started process (PID=13534) to work on /home/airflow/.local/lib/python3.12/site-packages/airflow/example_dags/example_complex.py
[2024-05-06T05:15:18.845+0000] {processor.py:830} INFO - Processing file /home/airflow/.local/lib/python3.12/site-packages/airflow/example_dags/example_complex.py for tasks to queue
[2024-05-06T05:15:18.854+0000] {logging_mixin.py:188} INFO - [2024-05-06T05:15:18.853+0000] {dagbag.py:540} INFO - Filling up the DagBag from /home/airflow/.local/lib/python3.12/site-packages/airflow/example_dags/example_complex.py
[2024-05-06T05:15:18.875+0000] {processor.py:840} INFO - DAG(s) 'example_complex' retrieved from /home/airflow/.local/lib/python3.12/site-packages/airflow/example_dags/example_complex.py
[2024-05-06T05:15:18.917+0000] {logging_mixin.py:188} INFO - [2024-05-06T05:15:18.916+0000] {dag.py:3096} INFO - Sync 1 DAGs
[2024-05-06T05:15:18.928+0000] {logging_mixin.py:188} INFO - [2024-05-06T05:15:18.928+0000] {dag.py:3954} INFO - Setting next_dagrun for example_complex to None, run_after=None
[2024-05-06T05:15:18.949+0000] {processor.py:183} INFO - Processing /home/airflow/.local/lib/python3.12/site-packages/airflow/example_dags/example_complex.py took 0.133 seconds
[2024-05-06T05:15:49.398+0000] {processor.py:161} INFO - Started process (PID=13805) to work on /home/airflow/.local/lib/python3.12/site-packages/airflow/example_dags/example_complex.py
[2024-05-06T05:15:49.399+0000] {processor.py:830} INFO - Processing file /home/airflow/.local/lib/python3.12/site-packages/airflow/example_dags/example_complex.py for tasks to queue
[2024-05-06T05:15:49.400+0000] {logging_mixin.py:188} INFO - [2024-05-06T05:15:49.400+0000] {dagbag.py:540} INFO - Filling up the DagBag from /home/airflow/.local/lib/python3.12/site-packages/airflow/example_dags/example_complex.py
[2024-05-06T05:15:49.414+0000] {processor.py:840} INFO - DAG(s) 'example_complex' retrieved from /home/airflow/.local/lib/python3.12/site-packages/airflow/example_dags/example_complex.py
[2024-05-06T05:15:49.442+0000] {logging_mixin.py:188} INFO - [2024-05-06T05:15:49.442+0000] {dag.py:3096} INFO - Sync 1 DAGs
[2024-05-06T05:15:49.453+0000] {logging_mixin.py:188} INFO - [2024-05-06T05:15:49.453+0000] {dag.py:3954} INFO - Setting next_dagrun for example_complex to None, run_after=None
[2024-05-06T05:15:49.473+0000] {processor.py:183} INFO - Processing /home/airflow/.local/lib/python3.12/site-packages/airflow/example_dags/example_complex.py took 0.082 seconds
[2024-05-06T05:16:20.303+0000] {processor.py:161} INFO - Started process (PID=14078) to work on /home/airflow/.local/lib/python3.12/site-packages/airflow/example_dags/example_complex.py
[2024-05-06T05:16:20.303+0000] {processor.py:830} INFO - Processing file /home/airflow/.local/lib/python3.12/site-packages/airflow/example_dags/example_complex.py for tasks to queue
[2024-05-06T05:16:20.305+0000] {logging_mixin.py:188} INFO - [2024-05-06T05:16:20.304+0000] {dagbag.py:540} INFO - Filling up the DagBag from /home/airflow/.local/lib/python3.12/site-packages/airflow/example_dags/example_complex.py
[2024-05-06T05:16:20.314+0000] {processor.py:840} INFO - DAG(s) 'example_complex' retrieved from /home/airflow/.local/lib/python3.12/site-packages/airflow/example_dags/example_complex.py
[2024-05-06T05:16:20.342+0000] {logging_mixin.py:188} INFO - [2024-05-06T05:16:20.342+0000] {dag.py:3096} INFO - Sync 1 DAGs
[2024-05-06T05:16:20.353+0000] {logging_mixin.py:188} INFO - [2024-05-06T05:16:20.352+0000] {dag.py:3954} INFO - Setting next_dagrun for example_complex to None, run_after=None
[2024-05-06T05:16:20.373+0000] {processor.py:183} INFO - Processing /home/airflow/.local/lib/python3.12/site-packages/airflow/example_dags/example_complex.py took 0.077 seconds
[2024-05-06T05:16:50.472+0000] {processor.py:161} INFO - Started process (PID=14349) to work on /home/airflow/.local/lib/python3.12/site-packages/airflow/example_dags/example_complex.py
[2024-05-06T05:16:50.474+0000] {processor.py:830} INFO - Processing file /home/airflow/.local/lib/python3.12/site-packages/airflow/example_dags/example_complex.py for tasks to queue
[2024-05-06T05:16:50.476+0000] {logging_mixin.py:188} INFO - [2024-05-06T05:16:50.475+0000] {dagbag.py:540} INFO - Filling up the DagBag from /home/airflow/.local/lib/python3.12/site-packages/airflow/example_dags/example_complex.py
[2024-05-06T05:16:50.488+0000] {processor.py:840} INFO - DAG(s) 'example_complex' retrieved from /home/airflow/.local/lib/python3.12/site-packages/airflow/example_dags/example_complex.py
[2024-05-06T05:16:50.517+0000] {logging_mixin.py:188} INFO - [2024-05-06T05:16:50.517+0000] {dag.py:3096} INFO - Sync 1 DAGs
[2024-05-06T05:16:50.528+0000] {logging_mixin.py:188} INFO - [2024-05-06T05:16:50.528+0000] {dag.py:3954} INFO - Setting next_dagrun for example_complex to None, run_after=None
[2024-05-06T05:16:50.547+0000] {processor.py:183} INFO - Processing /home/airflow/.local/lib/python3.12/site-packages/airflow/example_dags/example_complex.py took 0.081 seconds
[2024-05-06T05:17:20.665+0000] {processor.py:161} INFO - Started process (PID=14623) to work on /home/airflow/.local/lib/python3.12/site-packages/airflow/example_dags/example_complex.py
[2024-05-06T05:17:20.666+0000] {processor.py:830} INFO - Processing file /home/airflow/.local/lib/python3.12/site-packages/airflow/example_dags/example_complex.py for tasks to queue
[2024-05-06T05:17:20.668+0000] {logging_mixin.py:188} INFO - [2024-05-06T05:17:20.667+0000] {dagbag.py:540} INFO - Filling up the DagBag from /home/airflow/.local/lib/python3.12/site-packages/airflow/example_dags/example_complex.py
[2024-05-06T05:17:20.677+0000] {processor.py:840} INFO - DAG(s) 'example_complex' retrieved from /home/airflow/.local/lib/python3.12/site-packages/airflow/example_dags/example_complex.py
[2024-05-06T05:17:20.703+0000] {logging_mixin.py:188} INFO - [2024-05-06T05:17:20.703+0000] {dag.py:3096} INFO - Sync 1 DAGs
[2024-05-06T05:17:20.714+0000] {logging_mixin.py:188} INFO - [2024-05-06T05:17:20.714+0000] {dag.py:3954} INFO - Setting next_dagrun for example_complex to None, run_after=None
[2024-05-06T05:17:20.737+0000] {processor.py:183} INFO - Processing /home/airflow/.local/lib/python3.12/site-packages/airflow/example_dags/example_complex.py took 0.079 seconds
[2024-05-06T05:17:51.158+0000] {processor.py:161} INFO - Started process (PID=14894) to work on /home/airflow/.local/lib/python3.12/site-packages/airflow/example_dags/example_complex.py
[2024-05-06T05:17:51.159+0000] {processor.py:830} INFO - Processing file /home/airflow/.local/lib/python3.12/site-packages/airflow/example_dags/example_complex.py for tasks to queue
[2024-05-06T05:17:51.161+0000] {logging_mixin.py:188} INFO - [2024-05-06T05:17:51.161+0000] {dagbag.py:540} INFO - Filling up the DagBag from /home/airflow/.local/lib/python3.12/site-packages/airflow/example_dags/example_complex.py
[2024-05-06T05:17:51.175+0000] {processor.py:840} INFO - DAG(s) 'example_complex' retrieved from /home/airflow/.local/lib/python3.12/site-packages/airflow/example_dags/example_complex.py
[2024-05-06T05:17:51.235+0000] {logging_mixin.py:188} INFO - [2024-05-06T05:17:51.234+0000] {dag.py:3096} INFO - Sync 1 DAGs
[2024-05-06T05:17:51.252+0000] {logging_mixin.py:188} INFO - [2024-05-06T05:17:51.252+0000] {dag.py:3954} INFO - Setting next_dagrun for example_complex to None, run_after=None
[2024-05-06T05:17:51.278+0000] {processor.py:183} INFO - Processing /home/airflow/.local/lib/python3.12/site-packages/airflow/example_dags/example_complex.py took 0.130 seconds
[2024-05-06T05:18:21.794+0000] {processor.py:161} INFO - Started process (PID=15168) to work on /home/airflow/.local/lib/python3.12/site-packages/airflow/example_dags/example_complex.py
[2024-05-06T05:18:21.794+0000] {processor.py:830} INFO - Processing file /home/airflow/.local/lib/python3.12/site-packages/airflow/example_dags/example_complex.py for tasks to queue
[2024-05-06T05:18:21.796+0000] {logging_mixin.py:188} INFO - [2024-05-06T05:18:21.795+0000] {dagbag.py:540} INFO - Filling up the DagBag from /home/airflow/.local/lib/python3.12/site-packages/airflow/example_dags/example_complex.py
[2024-05-06T05:18:21.805+0000] {processor.py:840} INFO - DAG(s) 'example_complex' retrieved from /home/airflow/.local/lib/python3.12/site-packages/airflow/example_dags/example_complex.py
[2024-05-06T05:18:21.831+0000] {logging_mixin.py:188} INFO - [2024-05-06T05:18:21.831+0000] {dag.py:3096} INFO - Sync 1 DAGs
[2024-05-06T05:18:21.842+0000] {logging_mixin.py:188} INFO - [2024-05-06T05:18:21.842+0000] {dag.py:3954} INFO - Setting next_dagrun for example_complex to None, run_after=None
[2024-05-06T05:18:21.862+0000] {processor.py:183} INFO - Processing /home/airflow/.local/lib/python3.12/site-packages/airflow/example_dags/example_complex.py took 0.076 seconds
[2024-05-06T05:18:52.291+0000] {processor.py:161} INFO - Started process (PID=15438) to work on /home/airflow/.local/lib/python3.12/site-packages/airflow/example_dags/example_complex.py
[2024-05-06T05:18:52.292+0000] {processor.py:830} INFO - Processing file /home/airflow/.local/lib/python3.12/site-packages/airflow/example_dags/example_complex.py for tasks to queue
[2024-05-06T05:18:52.300+0000] {logging_mixin.py:188} INFO - [2024-05-06T05:18:52.300+0000] {dagbag.py:540} INFO - Filling up the DagBag from /home/airflow/.local/lib/python3.12/site-packages/airflow/example_dags/example_complex.py
[2024-05-06T05:18:52.313+0000] {processor.py:840} INFO - DAG(s) 'example_complex' retrieved from /home/airflow/.local/lib/python3.12/site-packages/airflow/example_dags/example_complex.py
[2024-05-06T05:18:52.368+0000] {logging_mixin.py:188} INFO - [2024-05-06T05:18:52.367+0000] {dag.py:3096} INFO - Sync 1 DAGs
[2024-05-06T05:18:52.388+0000] {logging_mixin.py:188} INFO - [2024-05-06T05:18:52.388+0000] {dag.py:3954} INFO - Setting next_dagrun for example_complex to None, run_after=None
[2024-05-06T05:18:52.418+0000] {processor.py:183} INFO - Processing /home/airflow/.local/lib/python3.12/site-packages/airflow/example_dags/example_complex.py took 0.134 seconds
