[2024-05-06T04:50:22.908+0000] {processor.py:161} INFO - Started process (PID=369) to work on /home/airflow/.local/lib/python3.12/site-packages/airflow/example_dags/example_task_group.py
[2024-05-06T04:50:22.909+0000] {processor.py:830} INFO - Processing file /home/airflow/.local/lib/python3.12/site-packages/airflow/example_dags/example_task_group.py for tasks to queue
[2024-05-06T04:50:22.911+0000] {logging_mixin.py:188} INFO - [2024-05-06T04:50:22.911+0000] {dagbag.py:540} INFO - Filling up the DagBag from /home/airflow/.local/lib/python3.12/site-packages/airflow/example_dags/example_task_group.py
[2024-05-06T04:50:22.926+0000] {processor.py:840} INFO - DAG(s) 'example_task_group' retrieved from /home/airflow/.local/lib/python3.12/site-packages/airflow/example_dags/example_task_group.py
[2024-05-06T04:50:23.146+0000] {logging_mixin.py:188} INFO - [2024-05-06T04:50:23.145+0000] {override.py:1829} INFO - Created Permission View: can delete on DAG:example_task_group
[2024-05-06T04:50:23.165+0000] {logging_mixin.py:188} INFO - [2024-05-06T04:50:23.165+0000] {override.py:1829} INFO - Created Permission View: can edit on DAG:example_task_group
[2024-05-06T04:50:23.180+0000] {logging_mixin.py:188} INFO - [2024-05-06T04:50:23.180+0000] {override.py:1829} INFO - Created Permission View: can read on DAG:example_task_group
[2024-05-06T04:50:23.181+0000] {logging_mixin.py:188} INFO - [2024-05-06T04:50:23.181+0000] {dag.py:3096} INFO - Sync 1 DAGs
[2024-05-06T04:50:23.204+0000] {logging_mixin.py:188} INFO - [2024-05-06T04:50:23.204+0000] {dag.py:3118} INFO - Creating ORM DAG for example_task_group
[2024-05-06T04:50:23.225+0000] {logging_mixin.py:188} INFO - [2024-05-06T04:50:23.224+0000] {dag.py:3954} INFO - Setting next_dagrun for example_task_group to 2024-05-05 00:00:00+00:00, run_after=2024-05-06 00:00:00+00:00
[2024-05-06T04:50:23.250+0000] {processor.py:183} INFO - Processing /home/airflow/.local/lib/python3.12/site-packages/airflow/example_dags/example_task_group.py took 0.351 seconds
[2024-05-06T04:50:53.945+0000] {processor.py:161} INFO - Started process (PID=630) to work on /home/airflow/.local/lib/python3.12/site-packages/airflow/example_dags/example_task_group.py
[2024-05-06T04:50:53.946+0000] {processor.py:830} INFO - Processing file /home/airflow/.local/lib/python3.12/site-packages/airflow/example_dags/example_task_group.py for tasks to queue
[2024-05-06T04:50:53.947+0000] {logging_mixin.py:188} INFO - [2024-05-06T04:50:53.947+0000] {dagbag.py:540} INFO - Filling up the DagBag from /home/airflow/.local/lib/python3.12/site-packages/airflow/example_dags/example_task_group.py
[2024-05-06T04:50:53.955+0000] {processor.py:840} INFO - DAG(s) 'example_task_group' retrieved from /home/airflow/.local/lib/python3.12/site-packages/airflow/example_dags/example_task_group.py
[2024-05-06T04:50:53.979+0000] {logging_mixin.py:188} INFO - [2024-05-06T04:50:53.979+0000] {dag.py:3096} INFO - Sync 1 DAGs
[2024-05-06T04:50:54.007+0000] {logging_mixin.py:188} INFO - [2024-05-06T04:50:54.007+0000] {dag.py:3954} INFO - Setting next_dagrun for example_task_group to 2024-05-05 00:00:00+00:00, run_after=2024-05-06 00:00:00+00:00
[2024-05-06T04:50:54.046+0000] {processor.py:183} INFO - Processing /home/airflow/.local/lib/python3.12/site-packages/airflow/example_dags/example_task_group.py took 0.107 seconds
[2024-05-06T04:51:24.923+0000] {processor.py:161} INFO - Started process (PID=894) to work on /home/airflow/.local/lib/python3.12/site-packages/airflow/example_dags/example_task_group.py
[2024-05-06T04:51:24.924+0000] {processor.py:830} INFO - Processing file /home/airflow/.local/lib/python3.12/site-packages/airflow/example_dags/example_task_group.py for tasks to queue
[2024-05-06T04:51:24.926+0000] {logging_mixin.py:188} INFO - [2024-05-06T04:51:24.925+0000] {dagbag.py:540} INFO - Filling up the DagBag from /home/airflow/.local/lib/python3.12/site-packages/airflow/example_dags/example_task_group.py
[2024-05-06T04:51:24.935+0000] {processor.py:840} INFO - DAG(s) 'example_task_group' retrieved from /home/airflow/.local/lib/python3.12/site-packages/airflow/example_dags/example_task_group.py
[2024-05-06T04:51:24.958+0000] {logging_mixin.py:188} INFO - [2024-05-06T04:51:24.958+0000] {dag.py:3096} INFO - Sync 1 DAGs
[2024-05-06T04:51:24.984+0000] {logging_mixin.py:188} INFO - [2024-05-06T04:51:24.984+0000] {dag.py:3954} INFO - Setting next_dagrun for example_task_group to 2024-05-05 00:00:00+00:00, run_after=2024-05-06 00:00:00+00:00
[2024-05-06T04:51:25.008+0000] {processor.py:183} INFO - Processing /home/airflow/.local/lib/python3.12/site-packages/airflow/example_dags/example_task_group.py took 0.092 seconds
[2024-05-06T04:51:55.640+0000] {processor.py:161} INFO - Started process (PID=1157) to work on /home/airflow/.local/lib/python3.12/site-packages/airflow/example_dags/example_task_group.py
[2024-05-06T04:51:55.641+0000] {processor.py:830} INFO - Processing file /home/airflow/.local/lib/python3.12/site-packages/airflow/example_dags/example_task_group.py for tasks to queue
[2024-05-06T04:51:55.643+0000] {logging_mixin.py:188} INFO - [2024-05-06T04:51:55.642+0000] {dagbag.py:540} INFO - Filling up the DagBag from /home/airflow/.local/lib/python3.12/site-packages/airflow/example_dags/example_task_group.py
[2024-05-06T04:51:55.656+0000] {processor.py:840} INFO - DAG(s) 'example_task_group' retrieved from /home/airflow/.local/lib/python3.12/site-packages/airflow/example_dags/example_task_group.py
[2024-05-06T04:51:55.680+0000] {logging_mixin.py:188} INFO - [2024-05-06T04:51:55.680+0000] {dag.py:3096} INFO - Sync 1 DAGs
[2024-05-06T04:51:55.706+0000] {logging_mixin.py:188} INFO - [2024-05-06T04:51:55.706+0000] {dag.py:3954} INFO - Setting next_dagrun for example_task_group to 2024-05-05 00:00:00+00:00, run_after=2024-05-06 00:00:00+00:00
[2024-05-06T04:51:55.730+0000] {processor.py:183} INFO - Processing /home/airflow/.local/lib/python3.12/site-packages/airflow/example_dags/example_task_group.py took 0.097 seconds
[2024-05-06T04:52:26.666+0000] {processor.py:161} INFO - Started process (PID=1418) to work on /home/airflow/.local/lib/python3.12/site-packages/airflow/example_dags/example_task_group.py
[2024-05-06T04:52:26.667+0000] {processor.py:830} INFO - Processing file /home/airflow/.local/lib/python3.12/site-packages/airflow/example_dags/example_task_group.py for tasks to queue
[2024-05-06T04:52:26.669+0000] {logging_mixin.py:188} INFO - [2024-05-06T04:52:26.668+0000] {dagbag.py:540} INFO - Filling up the DagBag from /home/airflow/.local/lib/python3.12/site-packages/airflow/example_dags/example_task_group.py
[2024-05-06T04:52:26.678+0000] {processor.py:840} INFO - DAG(s) 'example_task_group' retrieved from /home/airflow/.local/lib/python3.12/site-packages/airflow/example_dags/example_task_group.py
[2024-05-06T04:52:26.705+0000] {logging_mixin.py:188} INFO - [2024-05-06T04:52:26.704+0000] {dag.py:3096} INFO - Sync 1 DAGs
[2024-05-06T04:52:26.732+0000] {logging_mixin.py:188} INFO - [2024-05-06T04:52:26.732+0000] {dag.py:3954} INFO - Setting next_dagrun for example_task_group to 2024-05-05 00:00:00+00:00, run_after=2024-05-06 00:00:00+00:00
[2024-05-06T04:52:26.757+0000] {processor.py:183} INFO - Processing /home/airflow/.local/lib/python3.12/site-packages/airflow/example_dags/example_task_group.py took 0.097 seconds
[2024-05-06T04:52:56.860+0000] {processor.py:161} INFO - Started process (PID=1680) to work on /home/airflow/.local/lib/python3.12/site-packages/airflow/example_dags/example_task_group.py
[2024-05-06T04:52:56.861+0000] {processor.py:830} INFO - Processing file /home/airflow/.local/lib/python3.12/site-packages/airflow/example_dags/example_task_group.py for tasks to queue
[2024-05-06T04:52:56.863+0000] {logging_mixin.py:188} INFO - [2024-05-06T04:52:56.863+0000] {dagbag.py:540} INFO - Filling up the DagBag from /home/airflow/.local/lib/python3.12/site-packages/airflow/example_dags/example_task_group.py
[2024-05-06T04:52:56.871+0000] {processor.py:840} INFO - DAG(s) 'example_task_group' retrieved from /home/airflow/.local/lib/python3.12/site-packages/airflow/example_dags/example_task_group.py
[2024-05-06T04:52:56.896+0000] {logging_mixin.py:188} INFO - [2024-05-06T04:52:56.895+0000] {dag.py:3096} INFO - Sync 1 DAGs
[2024-05-06T04:52:56.922+0000] {logging_mixin.py:188} INFO - [2024-05-06T04:52:56.922+0000] {dag.py:3954} INFO - Setting next_dagrun for example_task_group to 2024-05-05 00:00:00+00:00, run_after=2024-05-06 00:00:00+00:00
[2024-05-06T04:52:56.965+0000] {processor.py:183} INFO - Processing /home/airflow/.local/lib/python3.12/site-packages/airflow/example_dags/example_task_group.py took 0.111 seconds
[2024-05-06T04:53:27.102+0000] {processor.py:161} INFO - Started process (PID=1939) to work on /home/airflow/.local/lib/python3.12/site-packages/airflow/example_dags/example_task_group.py
[2024-05-06T04:53:27.103+0000] {processor.py:830} INFO - Processing file /home/airflow/.local/lib/python3.12/site-packages/airflow/example_dags/example_task_group.py for tasks to queue
[2024-05-06T04:53:27.104+0000] {logging_mixin.py:188} INFO - [2024-05-06T04:53:27.104+0000] {dagbag.py:540} INFO - Filling up the DagBag from /home/airflow/.local/lib/python3.12/site-packages/airflow/example_dags/example_task_group.py
[2024-05-06T04:53:27.109+0000] {processor.py:840} INFO - DAG(s) 'example_task_group' retrieved from /home/airflow/.local/lib/python3.12/site-packages/airflow/example_dags/example_task_group.py
[2024-05-06T04:53:27.129+0000] {logging_mixin.py:188} INFO - [2024-05-06T04:53:27.129+0000] {dag.py:3096} INFO - Sync 1 DAGs
[2024-05-06T04:53:27.146+0000] {logging_mixin.py:188} INFO - [2024-05-06T04:53:27.146+0000] {dag.py:3954} INFO - Setting next_dagrun for example_task_group to 2024-05-05 00:00:00+00:00, run_after=2024-05-06 00:00:00+00:00
[2024-05-06T04:53:27.169+0000] {processor.py:183} INFO - Processing /home/airflow/.local/lib/python3.12/site-packages/airflow/example_dags/example_task_group.py took 0.072 seconds
[2024-05-06T04:53:57.594+0000] {processor.py:161} INFO - Started process (PID=2205) to work on /home/airflow/.local/lib/python3.12/site-packages/airflow/example_dags/example_task_group.py
[2024-05-06T04:53:57.600+0000] {processor.py:830} INFO - Processing file /home/airflow/.local/lib/python3.12/site-packages/airflow/example_dags/example_task_group.py for tasks to queue
[2024-05-06T04:53:57.602+0000] {logging_mixin.py:188} INFO - [2024-05-06T04:53:57.601+0000] {dagbag.py:540} INFO - Filling up the DagBag from /home/airflow/.local/lib/python3.12/site-packages/airflow/example_dags/example_task_group.py
[2024-05-06T04:53:57.610+0000] {processor.py:840} INFO - DAG(s) 'example_task_group' retrieved from /home/airflow/.local/lib/python3.12/site-packages/airflow/example_dags/example_task_group.py
[2024-05-06T04:53:57.648+0000] {logging_mixin.py:188} INFO - [2024-05-06T04:53:57.648+0000] {dag.py:3096} INFO - Sync 1 DAGs
[2024-05-06T04:53:57.705+0000] {logging_mixin.py:188} INFO - [2024-05-06T04:53:57.705+0000] {dag.py:3954} INFO - Setting next_dagrun for example_task_group to 2024-05-05 00:00:00+00:00, run_after=2024-05-06 00:00:00+00:00
[2024-05-06T04:53:57.813+0000] {processor.py:183} INFO - Processing /home/airflow/.local/lib/python3.12/site-packages/airflow/example_dags/example_task_group.py took 0.254 seconds
[2024-05-06T04:54:29.181+0000] {processor.py:161} INFO - Started process (PID=2562) to work on /home/airflow/.local/lib/python3.12/site-packages/airflow/example_dags/example_task_group.py
[2024-05-06T04:54:29.182+0000] {processor.py:830} INFO - Processing file /home/airflow/.local/lib/python3.12/site-packages/airflow/example_dags/example_task_group.py for tasks to queue
[2024-05-06T04:54:29.183+0000] {logging_mixin.py:188} INFO - [2024-05-06T04:54:29.183+0000] {dagbag.py:540} INFO - Filling up the DagBag from /home/airflow/.local/lib/python3.12/site-packages/airflow/example_dags/example_task_group.py
[2024-05-06T04:54:29.191+0000] {processor.py:840} INFO - DAG(s) 'example_task_group' retrieved from /home/airflow/.local/lib/python3.12/site-packages/airflow/example_dags/example_task_group.py
[2024-05-06T04:54:29.219+0000] {logging_mixin.py:188} INFO - [2024-05-06T04:54:29.219+0000] {dag.py:3096} INFO - Sync 1 DAGs
[2024-05-06T04:54:29.247+0000] {logging_mixin.py:188} INFO - [2024-05-06T04:54:29.247+0000] {dag.py:3954} INFO - Setting next_dagrun for example_task_group to 2024-05-05 00:00:00+00:00, run_after=2024-05-06 00:00:00+00:00
[2024-05-06T04:54:29.277+0000] {processor.py:183} INFO - Processing /home/airflow/.local/lib/python3.12/site-packages/airflow/example_dags/example_task_group.py took 0.109 seconds
[2024-05-06T04:55:00.013+0000] {processor.py:161} INFO - Started process (PID=2877) to work on /home/airflow/.local/lib/python3.12/site-packages/airflow/example_dags/example_task_group.py
[2024-05-06T04:55:00.014+0000] {processor.py:830} INFO - Processing file /home/airflow/.local/lib/python3.12/site-packages/airflow/example_dags/example_task_group.py for tasks to queue
[2024-05-06T04:55:00.016+0000] {logging_mixin.py:188} INFO - [2024-05-06T04:55:00.015+0000] {dagbag.py:540} INFO - Filling up the DagBag from /home/airflow/.local/lib/python3.12/site-packages/airflow/example_dags/example_task_group.py
[2024-05-06T04:55:00.023+0000] {processor.py:840} INFO - DAG(s) 'example_task_group' retrieved from /home/airflow/.local/lib/python3.12/site-packages/airflow/example_dags/example_task_group.py
[2024-05-06T04:55:00.050+0000] {logging_mixin.py:188} INFO - [2024-05-06T04:55:00.049+0000] {dag.py:3096} INFO - Sync 1 DAGs
[2024-05-06T04:55:00.078+0000] {logging_mixin.py:188} INFO - [2024-05-06T04:55:00.077+0000] {dag.py:3954} INFO - Setting next_dagrun for example_task_group to 2024-05-05 00:00:00+00:00, run_after=2024-05-06 00:00:00+00:00
[2024-05-06T04:55:00.103+0000] {processor.py:183} INFO - Processing /home/airflow/.local/lib/python3.12/site-packages/airflow/example_dags/example_task_group.py took 0.096 seconds
[2024-05-06T04:55:30.183+0000] {processor.py:161} INFO - Started process (PID=3139) to work on /home/airflow/.local/lib/python3.12/site-packages/airflow/example_dags/example_task_group.py
[2024-05-06T04:55:30.184+0000] {processor.py:830} INFO - Processing file /home/airflow/.local/lib/python3.12/site-packages/airflow/example_dags/example_task_group.py for tasks to queue
[2024-05-06T04:55:30.186+0000] {logging_mixin.py:188} INFO - [2024-05-06T04:55:30.186+0000] {dagbag.py:540} INFO - Filling up the DagBag from /home/airflow/.local/lib/python3.12/site-packages/airflow/example_dags/example_task_group.py
[2024-05-06T04:55:30.195+0000] {processor.py:840} INFO - DAG(s) 'example_task_group' retrieved from /home/airflow/.local/lib/python3.12/site-packages/airflow/example_dags/example_task_group.py
[2024-05-06T04:55:30.230+0000] {logging_mixin.py:188} INFO - [2024-05-06T04:55:30.230+0000] {dag.py:3096} INFO - Sync 1 DAGs
[2024-05-06T04:55:30.260+0000] {logging_mixin.py:188} INFO - [2024-05-06T04:55:30.260+0000] {dag.py:3954} INFO - Setting next_dagrun for example_task_group to 2024-05-05 00:00:00+00:00, run_after=2024-05-06 00:00:00+00:00
[2024-05-06T04:55:30.285+0000] {processor.py:183} INFO - Processing /home/airflow/.local/lib/python3.12/site-packages/airflow/example_dags/example_task_group.py took 0.108 seconds
[2024-05-06T04:56:00.502+0000] {processor.py:161} INFO - Started process (PID=3404) to work on /home/airflow/.local/lib/python3.12/site-packages/airflow/example_dags/example_task_group.py
[2024-05-06T04:56:00.503+0000] {processor.py:830} INFO - Processing file /home/airflow/.local/lib/python3.12/site-packages/airflow/example_dags/example_task_group.py for tasks to queue
[2024-05-06T04:56:00.505+0000] {logging_mixin.py:188} INFO - [2024-05-06T04:56:00.504+0000] {dagbag.py:540} INFO - Filling up the DagBag from /home/airflow/.local/lib/python3.12/site-packages/airflow/example_dags/example_task_group.py
[2024-05-06T04:56:00.515+0000] {processor.py:840} INFO - DAG(s) 'example_task_group' retrieved from /home/airflow/.local/lib/python3.12/site-packages/airflow/example_dags/example_task_group.py
[2024-05-06T04:56:00.542+0000] {logging_mixin.py:188} INFO - [2024-05-06T04:56:00.542+0000] {dag.py:3096} INFO - Sync 1 DAGs
[2024-05-06T04:56:00.568+0000] {logging_mixin.py:188} INFO - [2024-05-06T04:56:00.568+0000] {dag.py:3954} INFO - Setting next_dagrun for example_task_group to 2024-05-05 00:00:00+00:00, run_after=2024-05-06 00:00:00+00:00
[2024-05-06T04:56:00.593+0000] {processor.py:183} INFO - Processing /home/airflow/.local/lib/python3.12/site-packages/airflow/example_dags/example_task_group.py took 0.098 seconds
[2024-05-06T04:56:31.140+0000] {processor.py:161} INFO - Started process (PID=3665) to work on /home/airflow/.local/lib/python3.12/site-packages/airflow/example_dags/example_task_group.py
[2024-05-06T04:56:31.140+0000] {processor.py:830} INFO - Processing file /home/airflow/.local/lib/python3.12/site-packages/airflow/example_dags/example_task_group.py for tasks to queue
[2024-05-06T04:56:31.142+0000] {logging_mixin.py:188} INFO - [2024-05-06T04:56:31.141+0000] {dagbag.py:540} INFO - Filling up the DagBag from /home/airflow/.local/lib/python3.12/site-packages/airflow/example_dags/example_task_group.py
[2024-05-06T04:56:31.149+0000] {processor.py:840} INFO - DAG(s) 'example_task_group' retrieved from /home/airflow/.local/lib/python3.12/site-packages/airflow/example_dags/example_task_group.py
[2024-05-06T04:56:31.174+0000] {logging_mixin.py:188} INFO - [2024-05-06T04:56:31.174+0000] {dag.py:3096} INFO - Sync 1 DAGs
[2024-05-06T04:56:31.201+0000] {logging_mixin.py:188} INFO - [2024-05-06T04:56:31.200+0000] {dag.py:3954} INFO - Setting next_dagrun for example_task_group to 2024-05-05 00:00:00+00:00, run_after=2024-05-06 00:00:00+00:00
[2024-05-06T04:56:31.227+0000] {processor.py:183} INFO - Processing /home/airflow/.local/lib/python3.12/site-packages/airflow/example_dags/example_task_group.py took 0.094 seconds
[2024-05-06T04:57:02.018+0000] {processor.py:161} INFO - Started process (PID=3928) to work on /home/airflow/.local/lib/python3.12/site-packages/airflow/example_dags/example_task_group.py
[2024-05-06T04:57:02.019+0000] {processor.py:830} INFO - Processing file /home/airflow/.local/lib/python3.12/site-packages/airflow/example_dags/example_task_group.py for tasks to queue
[2024-05-06T04:57:02.021+0000] {logging_mixin.py:188} INFO - [2024-05-06T04:57:02.021+0000] {dagbag.py:540} INFO - Filling up the DagBag from /home/airflow/.local/lib/python3.12/site-packages/airflow/example_dags/example_task_group.py
[2024-05-06T04:57:02.029+0000] {processor.py:840} INFO - DAG(s) 'example_task_group' retrieved from /home/airflow/.local/lib/python3.12/site-packages/airflow/example_dags/example_task_group.py
[2024-05-06T04:57:02.052+0000] {logging_mixin.py:188} INFO - [2024-05-06T04:57:02.052+0000] {dag.py:3096} INFO - Sync 1 DAGs
[2024-05-06T04:57:02.077+0000] {logging_mixin.py:188} INFO - [2024-05-06T04:57:02.077+0000] {dag.py:3954} INFO - Setting next_dagrun for example_task_group to 2024-05-05 00:00:00+00:00, run_after=2024-05-06 00:00:00+00:00
[2024-05-06T04:57:02.101+0000] {processor.py:183} INFO - Processing /home/airflow/.local/lib/python3.12/site-packages/airflow/example_dags/example_task_group.py took 0.089 seconds
[2024-05-06T04:57:32.278+0000] {processor.py:161} INFO - Started process (PID=4190) to work on /home/airflow/.local/lib/python3.12/site-packages/airflow/example_dags/example_task_group.py
[2024-05-06T04:57:32.279+0000] {processor.py:830} INFO - Processing file /home/airflow/.local/lib/python3.12/site-packages/airflow/example_dags/example_task_group.py for tasks to queue
[2024-05-06T04:57:32.280+0000] {logging_mixin.py:188} INFO - [2024-05-06T04:57:32.280+0000] {dagbag.py:540} INFO - Filling up the DagBag from /home/airflow/.local/lib/python3.12/site-packages/airflow/example_dags/example_task_group.py
[2024-05-06T04:57:32.291+0000] {processor.py:840} INFO - DAG(s) 'example_task_group' retrieved from /home/airflow/.local/lib/python3.12/site-packages/airflow/example_dags/example_task_group.py
[2024-05-06T04:57:32.319+0000] {logging_mixin.py:188} INFO - [2024-05-06T04:57:32.319+0000] {dag.py:3096} INFO - Sync 1 DAGs
[2024-05-06T04:57:32.346+0000] {logging_mixin.py:188} INFO - [2024-05-06T04:57:32.346+0000] {dag.py:3954} INFO - Setting next_dagrun for example_task_group to 2024-05-05 00:00:00+00:00, run_after=2024-05-06 00:00:00+00:00
[2024-05-06T04:57:32.371+0000] {processor.py:183} INFO - Processing /home/airflow/.local/lib/python3.12/site-packages/airflow/example_dags/example_task_group.py took 0.100 seconds
[2024-05-06T04:58:02.912+0000] {processor.py:161} INFO - Started process (PID=4452) to work on /home/airflow/.local/lib/python3.12/site-packages/airflow/example_dags/example_task_group.py
[2024-05-06T04:58:02.913+0000] {processor.py:830} INFO - Processing file /home/airflow/.local/lib/python3.12/site-packages/airflow/example_dags/example_task_group.py for tasks to queue
[2024-05-06T04:58:02.915+0000] {logging_mixin.py:188} INFO - [2024-05-06T04:58:02.915+0000] {dagbag.py:540} INFO - Filling up the DagBag from /home/airflow/.local/lib/python3.12/site-packages/airflow/example_dags/example_task_group.py
[2024-05-06T04:58:02.924+0000] {processor.py:840} INFO - DAG(s) 'example_task_group' retrieved from /home/airflow/.local/lib/python3.12/site-packages/airflow/example_dags/example_task_group.py
[2024-05-06T04:58:02.950+0000] {logging_mixin.py:188} INFO - [2024-05-06T04:58:02.949+0000] {dag.py:3096} INFO - Sync 1 DAGs
[2024-05-06T04:58:02.975+0000] {logging_mixin.py:188} INFO - [2024-05-06T04:58:02.975+0000] {dag.py:3954} INFO - Setting next_dagrun for example_task_group to 2024-05-05 00:00:00+00:00, run_after=2024-05-06 00:00:00+00:00
[2024-05-06T04:58:03.002+0000] {processor.py:183} INFO - Processing /home/airflow/.local/lib/python3.12/site-packages/airflow/example_dags/example_task_group.py took 0.097 seconds
[2024-05-06T04:58:33.564+0000] {processor.py:161} INFO - Started process (PID=4714) to work on /home/airflow/.local/lib/python3.12/site-packages/airflow/example_dags/example_task_group.py
[2024-05-06T04:58:33.566+0000] {processor.py:830} INFO - Processing file /home/airflow/.local/lib/python3.12/site-packages/airflow/example_dags/example_task_group.py for tasks to queue
[2024-05-06T04:58:33.567+0000] {logging_mixin.py:188} INFO - [2024-05-06T04:58:33.567+0000] {dagbag.py:540} INFO - Filling up the DagBag from /home/airflow/.local/lib/python3.12/site-packages/airflow/example_dags/example_task_group.py
[2024-05-06T04:58:33.576+0000] {processor.py:840} INFO - DAG(s) 'example_task_group' retrieved from /home/airflow/.local/lib/python3.12/site-packages/airflow/example_dags/example_task_group.py
[2024-05-06T04:58:33.602+0000] {logging_mixin.py:188} INFO - [2024-05-06T04:58:33.602+0000] {dag.py:3096} INFO - Sync 1 DAGs
[2024-05-06T04:58:33.625+0000] {logging_mixin.py:188} INFO - [2024-05-06T04:58:33.625+0000] {dag.py:3954} INFO - Setting next_dagrun for example_task_group to 2024-05-05 00:00:00+00:00, run_after=2024-05-06 00:00:00+00:00
[2024-05-06T04:58:33.648+0000] {processor.py:183} INFO - Processing /home/airflow/.local/lib/python3.12/site-packages/airflow/example_dags/example_task_group.py took 0.091 seconds
[2024-05-06T04:59:04.110+0000] {processor.py:161} INFO - Started process (PID=4976) to work on /home/airflow/.local/lib/python3.12/site-packages/airflow/example_dags/example_task_group.py
[2024-05-06T04:59:04.110+0000] {processor.py:830} INFO - Processing file /home/airflow/.local/lib/python3.12/site-packages/airflow/example_dags/example_task_group.py for tasks to queue
[2024-05-06T04:59:04.112+0000] {logging_mixin.py:188} INFO - [2024-05-06T04:59:04.112+0000] {dagbag.py:540} INFO - Filling up the DagBag from /home/airflow/.local/lib/python3.12/site-packages/airflow/example_dags/example_task_group.py
[2024-05-06T04:59:04.124+0000] {processor.py:840} INFO - DAG(s) 'example_task_group' retrieved from /home/airflow/.local/lib/python3.12/site-packages/airflow/example_dags/example_task_group.py
[2024-05-06T04:59:04.153+0000] {logging_mixin.py:188} INFO - [2024-05-06T04:59:04.153+0000] {dag.py:3096} INFO - Sync 1 DAGs
[2024-05-06T04:59:04.203+0000] {logging_mixin.py:188} INFO - [2024-05-06T04:59:04.203+0000] {dag.py:3954} INFO - Setting next_dagrun for example_task_group to 2024-05-05 00:00:00+00:00, run_after=2024-05-06 00:00:00+00:00
[2024-05-06T04:59:04.246+0000] {processor.py:183} INFO - Processing /home/airflow/.local/lib/python3.12/site-packages/airflow/example_dags/example_task_group.py took 0.144 seconds
[2024-05-06T04:59:35.015+0000] {processor.py:161} INFO - Started process (PID=5239) to work on /home/airflow/.local/lib/python3.12/site-packages/airflow/example_dags/example_task_group.py
[2024-05-06T04:59:35.016+0000] {processor.py:830} INFO - Processing file /home/airflow/.local/lib/python3.12/site-packages/airflow/example_dags/example_task_group.py for tasks to queue
[2024-05-06T04:59:35.018+0000] {logging_mixin.py:188} INFO - [2024-05-06T04:59:35.018+0000] {dagbag.py:540} INFO - Filling up the DagBag from /home/airflow/.local/lib/python3.12/site-packages/airflow/example_dags/example_task_group.py
[2024-05-06T04:59:35.026+0000] {processor.py:840} INFO - DAG(s) 'example_task_group' retrieved from /home/airflow/.local/lib/python3.12/site-packages/airflow/example_dags/example_task_group.py
[2024-05-06T04:59:35.049+0000] {logging_mixin.py:188} INFO - [2024-05-06T04:59:35.049+0000] {dag.py:3096} INFO - Sync 1 DAGs
[2024-05-06T04:59:35.075+0000] {logging_mixin.py:188} INFO - [2024-05-06T04:59:35.075+0000] {dag.py:3954} INFO - Setting next_dagrun for example_task_group to 2024-05-05 00:00:00+00:00, run_after=2024-05-06 00:00:00+00:00
[2024-05-06T04:59:35.101+0000] {processor.py:183} INFO - Processing /home/airflow/.local/lib/python3.12/site-packages/airflow/example_dags/example_task_group.py took 0.092 seconds
[2024-05-06T05:00:05.358+0000] {processor.py:161} INFO - Started process (PID=5501) to work on /home/airflow/.local/lib/python3.12/site-packages/airflow/example_dags/example_task_group.py
[2024-05-06T05:00:05.366+0000] {processor.py:830} INFO - Processing file /home/airflow/.local/lib/python3.12/site-packages/airflow/example_dags/example_task_group.py for tasks to queue
[2024-05-06T05:00:05.377+0000] {logging_mixin.py:188} INFO - [2024-05-06T05:00:05.376+0000] {dagbag.py:540} INFO - Filling up the DagBag from /home/airflow/.local/lib/python3.12/site-packages/airflow/example_dags/example_task_group.py
[2024-05-06T05:00:05.393+0000] {processor.py:840} INFO - DAG(s) 'example_task_group' retrieved from /home/airflow/.local/lib/python3.12/site-packages/airflow/example_dags/example_task_group.py
[2024-05-06T05:00:05.449+0000] {logging_mixin.py:188} INFO - [2024-05-06T05:00:05.449+0000] {dag.py:3096} INFO - Sync 1 DAGs
[2024-05-06T05:00:05.487+0000] {logging_mixin.py:188} INFO - [2024-05-06T05:00:05.487+0000] {dag.py:3954} INFO - Setting next_dagrun for example_task_group to 2024-05-05 00:00:00+00:00, run_after=2024-05-06 00:00:00+00:00
[2024-05-06T05:00:05.512+0000] {processor.py:183} INFO - Processing /home/airflow/.local/lib/python3.12/site-packages/airflow/example_dags/example_task_group.py took 0.193 seconds
[2024-05-06T05:00:35.557+0000] {processor.py:161} INFO - Started process (PID=5769) to work on /home/airflow/.local/lib/python3.12/site-packages/airflow/example_dags/example_task_group.py
[2024-05-06T05:00:35.558+0000] {processor.py:830} INFO - Processing file /home/airflow/.local/lib/python3.12/site-packages/airflow/example_dags/example_task_group.py for tasks to queue
[2024-05-06T05:00:35.559+0000] {logging_mixin.py:188} INFO - [2024-05-06T05:00:35.559+0000] {dagbag.py:540} INFO - Filling up the DagBag from /home/airflow/.local/lib/python3.12/site-packages/airflow/example_dags/example_task_group.py
[2024-05-06T05:00:35.568+0000] {processor.py:840} INFO - DAG(s) 'example_task_group' retrieved from /home/airflow/.local/lib/python3.12/site-packages/airflow/example_dags/example_task_group.py
[2024-05-06T05:00:35.597+0000] {logging_mixin.py:188} INFO - [2024-05-06T05:00:35.597+0000] {dag.py:3096} INFO - Sync 1 DAGs
[2024-05-06T05:00:35.624+0000] {logging_mixin.py:188} INFO - [2024-05-06T05:00:35.624+0000] {dag.py:3954} INFO - Setting next_dagrun for example_task_group to 2024-05-05 00:00:00+00:00, run_after=2024-05-06 00:00:00+00:00
[2024-05-06T05:00:35.648+0000] {processor.py:183} INFO - Processing /home/airflow/.local/lib/python3.12/site-packages/airflow/example_dags/example_task_group.py took 0.098 seconds
[2024-05-06T05:01:05.851+0000] {processor.py:161} INFO - Started process (PID=6036) to work on /home/airflow/.local/lib/python3.12/site-packages/airflow/example_dags/example_task_group.py
[2024-05-06T05:01:05.852+0000] {processor.py:830} INFO - Processing file /home/airflow/.local/lib/python3.12/site-packages/airflow/example_dags/example_task_group.py for tasks to queue
[2024-05-06T05:01:05.854+0000] {logging_mixin.py:188} INFO - [2024-05-06T05:01:05.853+0000] {dagbag.py:540} INFO - Filling up the DagBag from /home/airflow/.local/lib/python3.12/site-packages/airflow/example_dags/example_task_group.py
[2024-05-06T05:01:05.862+0000] {processor.py:840} INFO - DAG(s) 'example_task_group' retrieved from /home/airflow/.local/lib/python3.12/site-packages/airflow/example_dags/example_task_group.py
[2024-05-06T05:01:05.884+0000] {logging_mixin.py:188} INFO - [2024-05-06T05:01:05.884+0000] {dag.py:3096} INFO - Sync 1 DAGs
[2024-05-06T05:01:05.910+0000] {logging_mixin.py:188} INFO - [2024-05-06T05:01:05.910+0000] {dag.py:3954} INFO - Setting next_dagrun for example_task_group to 2024-05-05 00:00:00+00:00, run_after=2024-05-06 00:00:00+00:00
[2024-05-06T05:01:05.934+0000] {processor.py:183} INFO - Processing /home/airflow/.local/lib/python3.12/site-packages/airflow/example_dags/example_task_group.py took 0.090 seconds
[2024-05-06T05:01:36.847+0000] {processor.py:161} INFO - Started process (PID=6303) to work on /home/airflow/.local/lib/python3.12/site-packages/airflow/example_dags/example_task_group.py
[2024-05-06T05:01:36.848+0000] {processor.py:830} INFO - Processing file /home/airflow/.local/lib/python3.12/site-packages/airflow/example_dags/example_task_group.py for tasks to queue
[2024-05-06T05:01:36.849+0000] {logging_mixin.py:188} INFO - [2024-05-06T05:01:36.849+0000] {dagbag.py:540} INFO - Filling up the DagBag from /home/airflow/.local/lib/python3.12/site-packages/airflow/example_dags/example_task_group.py
[2024-05-06T05:01:36.857+0000] {processor.py:840} INFO - DAG(s) 'example_task_group' retrieved from /home/airflow/.local/lib/python3.12/site-packages/airflow/example_dags/example_task_group.py
[2024-05-06T05:01:36.883+0000] {logging_mixin.py:188} INFO - [2024-05-06T05:01:36.883+0000] {dag.py:3096} INFO - Sync 1 DAGs
[2024-05-06T05:01:36.907+0000] {logging_mixin.py:188} INFO - [2024-05-06T05:01:36.907+0000] {dag.py:3954} INFO - Setting next_dagrun for example_task_group to 2024-05-05 00:00:00+00:00, run_after=2024-05-06 00:00:00+00:00
[2024-05-06T05:01:36.933+0000] {processor.py:183} INFO - Processing /home/airflow/.local/lib/python3.12/site-packages/airflow/example_dags/example_task_group.py took 0.092 seconds
[2024-05-06T05:02:08.100+0000] {processor.py:161} INFO - Started process (PID=6571) to work on /home/airflow/.local/lib/python3.12/site-packages/airflow/example_dags/example_task_group.py
[2024-05-06T05:02:08.101+0000] {processor.py:830} INFO - Processing file /home/airflow/.local/lib/python3.12/site-packages/airflow/example_dags/example_task_group.py for tasks to queue
[2024-05-06T05:02:08.103+0000] {logging_mixin.py:188} INFO - [2024-05-06T05:02:08.102+0000] {dagbag.py:540} INFO - Filling up the DagBag from /home/airflow/.local/lib/python3.12/site-packages/airflow/example_dags/example_task_group.py
[2024-05-06T05:02:08.111+0000] {processor.py:840} INFO - DAG(s) 'example_task_group' retrieved from /home/airflow/.local/lib/python3.12/site-packages/airflow/example_dags/example_task_group.py
[2024-05-06T05:02:08.137+0000] {logging_mixin.py:188} INFO - [2024-05-06T05:02:08.136+0000] {dag.py:3096} INFO - Sync 1 DAGs
[2024-05-06T05:02:08.160+0000] {logging_mixin.py:188} INFO - [2024-05-06T05:02:08.160+0000] {dag.py:3954} INFO - Setting next_dagrun for example_task_group to 2024-05-05 00:00:00+00:00, run_after=2024-05-06 00:00:00+00:00
[2024-05-06T05:02:08.185+0000] {processor.py:183} INFO - Processing /home/airflow/.local/lib/python3.12/site-packages/airflow/example_dags/example_task_group.py took 0.091 seconds
[2024-05-06T05:02:38.243+0000] {processor.py:161} INFO - Started process (PID=6839) to work on /home/airflow/.local/lib/python3.12/site-packages/airflow/example_dags/example_task_group.py
[2024-05-06T05:02:38.243+0000] {processor.py:830} INFO - Processing file /home/airflow/.local/lib/python3.12/site-packages/airflow/example_dags/example_task_group.py for tasks to queue
[2024-05-06T05:02:38.245+0000] {logging_mixin.py:188} INFO - [2024-05-06T05:02:38.245+0000] {dagbag.py:540} INFO - Filling up the DagBag from /home/airflow/.local/lib/python3.12/site-packages/airflow/example_dags/example_task_group.py
[2024-05-06T05:02:38.253+0000] {processor.py:840} INFO - DAG(s) 'example_task_group' retrieved from /home/airflow/.local/lib/python3.12/site-packages/airflow/example_dags/example_task_group.py
[2024-05-06T05:02:38.278+0000] {logging_mixin.py:188} INFO - [2024-05-06T05:02:38.278+0000] {dag.py:3096} INFO - Sync 1 DAGs
[2024-05-06T05:02:38.304+0000] {logging_mixin.py:188} INFO - [2024-05-06T05:02:38.303+0000] {dag.py:3954} INFO - Setting next_dagrun for example_task_group to 2024-05-05 00:00:00+00:00, run_after=2024-05-06 00:00:00+00:00
[2024-05-06T05:02:38.480+0000] {processor.py:183} INFO - Processing /home/airflow/.local/lib/python3.12/site-packages/airflow/example_dags/example_task_group.py took 0.244 seconds
[2024-05-06T05:03:08.715+0000] {processor.py:161} INFO - Started process (PID=7107) to work on /home/airflow/.local/lib/python3.12/site-packages/airflow/example_dags/example_task_group.py
[2024-05-06T05:03:08.716+0000] {processor.py:830} INFO - Processing file /home/airflow/.local/lib/python3.12/site-packages/airflow/example_dags/example_task_group.py for tasks to queue
[2024-05-06T05:03:08.718+0000] {logging_mixin.py:188} INFO - [2024-05-06T05:03:08.718+0000] {dagbag.py:540} INFO - Filling up the DagBag from /home/airflow/.local/lib/python3.12/site-packages/airflow/example_dags/example_task_group.py
[2024-05-06T05:03:08.727+0000] {processor.py:840} INFO - DAG(s) 'example_task_group' retrieved from /home/airflow/.local/lib/python3.12/site-packages/airflow/example_dags/example_task_group.py
[2024-05-06T05:03:08.753+0000] {logging_mixin.py:188} INFO - [2024-05-06T05:03:08.753+0000] {dag.py:3096} INFO - Sync 1 DAGs
[2024-05-06T05:03:08.777+0000] {logging_mixin.py:188} INFO - [2024-05-06T05:03:08.776+0000] {dag.py:3954} INFO - Setting next_dagrun for example_task_group to 2024-05-05 00:00:00+00:00, run_after=2024-05-06 00:00:00+00:00
[2024-05-06T05:03:08.800+0000] {processor.py:183} INFO - Processing /home/airflow/.local/lib/python3.12/site-packages/airflow/example_dags/example_task_group.py took 0.094 seconds
[2024-05-06T05:03:39.475+0000] {processor.py:161} INFO - Started process (PID=7374) to work on /home/airflow/.local/lib/python3.12/site-packages/airflow/example_dags/example_task_group.py
[2024-05-06T05:03:39.476+0000] {processor.py:830} INFO - Processing file /home/airflow/.local/lib/python3.12/site-packages/airflow/example_dags/example_task_group.py for tasks to queue
[2024-05-06T05:03:39.478+0000] {logging_mixin.py:188} INFO - [2024-05-06T05:03:39.477+0000] {dagbag.py:540} INFO - Filling up the DagBag from /home/airflow/.local/lib/python3.12/site-packages/airflow/example_dags/example_task_group.py
[2024-05-06T05:03:39.486+0000] {processor.py:840} INFO - DAG(s) 'example_task_group' retrieved from /home/airflow/.local/lib/python3.12/site-packages/airflow/example_dags/example_task_group.py
[2024-05-06T05:03:39.512+0000] {logging_mixin.py:188} INFO - [2024-05-06T05:03:39.511+0000] {dag.py:3096} INFO - Sync 1 DAGs
[2024-05-06T05:03:39.539+0000] {logging_mixin.py:188} INFO - [2024-05-06T05:03:39.538+0000] {dag.py:3954} INFO - Setting next_dagrun for example_task_group to 2024-05-05 00:00:00+00:00, run_after=2024-05-06 00:00:00+00:00
[2024-05-06T05:03:39.565+0000] {processor.py:183} INFO - Processing /home/airflow/.local/lib/python3.12/site-packages/airflow/example_dags/example_task_group.py took 0.098 seconds
[2024-05-06T05:04:10.927+0000] {processor.py:161} INFO - Started process (PID=7643) to work on /home/airflow/.local/lib/python3.12/site-packages/airflow/example_dags/example_task_group.py
[2024-05-06T05:04:10.928+0000] {processor.py:830} INFO - Processing file /home/airflow/.local/lib/python3.12/site-packages/airflow/example_dags/example_task_group.py for tasks to queue
[2024-05-06T05:04:10.930+0000] {logging_mixin.py:188} INFO - [2024-05-06T05:04:10.930+0000] {dagbag.py:540} INFO - Filling up the DagBag from /home/airflow/.local/lib/python3.12/site-packages/airflow/example_dags/example_task_group.py
[2024-05-06T05:04:10.937+0000] {processor.py:840} INFO - DAG(s) 'example_task_group' retrieved from /home/airflow/.local/lib/python3.12/site-packages/airflow/example_dags/example_task_group.py
[2024-05-06T05:04:11.154+0000] {logging_mixin.py:188} INFO - [2024-05-06T05:04:11.154+0000] {dag.py:3096} INFO - Sync 1 DAGs
[2024-05-06T05:04:11.178+0000] {logging_mixin.py:188} INFO - [2024-05-06T05:04:11.178+0000] {dag.py:3954} INFO - Setting next_dagrun for example_task_group to 2024-05-05 00:00:00+00:00, run_after=2024-05-06 00:00:00+00:00
[2024-05-06T05:04:11.202+0000] {processor.py:183} INFO - Processing /home/airflow/.local/lib/python3.12/site-packages/airflow/example_dags/example_task_group.py took 0.281 seconds
[2024-05-06T05:04:42.168+0000] {processor.py:161} INFO - Started process (PID=7910) to work on /home/airflow/.local/lib/python3.12/site-packages/airflow/example_dags/example_task_group.py
[2024-05-06T05:04:42.169+0000] {processor.py:830} INFO - Processing file /home/airflow/.local/lib/python3.12/site-packages/airflow/example_dags/example_task_group.py for tasks to queue
[2024-05-06T05:04:42.171+0000] {logging_mixin.py:188} INFO - [2024-05-06T05:04:42.170+0000] {dagbag.py:540} INFO - Filling up the DagBag from /home/airflow/.local/lib/python3.12/site-packages/airflow/example_dags/example_task_group.py
[2024-05-06T05:04:42.179+0000] {processor.py:840} INFO - DAG(s) 'example_task_group' retrieved from /home/airflow/.local/lib/python3.12/site-packages/airflow/example_dags/example_task_group.py
[2024-05-06T05:04:42.218+0000] {logging_mixin.py:188} INFO - [2024-05-06T05:04:42.218+0000] {dag.py:3096} INFO - Sync 1 DAGs
[2024-05-06T05:04:42.268+0000] {logging_mixin.py:188} INFO - [2024-05-06T05:04:42.268+0000] {dag.py:3954} INFO - Setting next_dagrun for example_task_group to 2024-05-05 00:00:00+00:00, run_after=2024-05-06 00:00:00+00:00
[2024-05-06T05:04:42.295+0000] {processor.py:183} INFO - Processing /home/airflow/.local/lib/python3.12/site-packages/airflow/example_dags/example_task_group.py took 0.134 seconds
[2024-05-06T05:05:12.491+0000] {processor.py:161} INFO - Started process (PID=8182) to work on /home/airflow/.local/lib/python3.12/site-packages/airflow/example_dags/example_task_group.py
[2024-05-06T05:05:12.492+0000] {processor.py:830} INFO - Processing file /home/airflow/.local/lib/python3.12/site-packages/airflow/example_dags/example_task_group.py for tasks to queue
[2024-05-06T05:05:12.494+0000] {logging_mixin.py:188} INFO - [2024-05-06T05:05:12.493+0000] {dagbag.py:540} INFO - Filling up the DagBag from /home/airflow/.local/lib/python3.12/site-packages/airflow/example_dags/example_task_group.py
[2024-05-06T05:05:12.502+0000] {processor.py:840} INFO - DAG(s) 'example_task_group' retrieved from /home/airflow/.local/lib/python3.12/site-packages/airflow/example_dags/example_task_group.py
[2024-05-06T05:05:12.533+0000] {logging_mixin.py:188} INFO - [2024-05-06T05:05:12.532+0000] {dag.py:3096} INFO - Sync 1 DAGs
[2024-05-06T05:05:12.559+0000] {logging_mixin.py:188} INFO - [2024-05-06T05:05:12.559+0000] {dag.py:3954} INFO - Setting next_dagrun for example_task_group to 2024-05-05 00:00:00+00:00, run_after=2024-05-06 00:00:00+00:00
[2024-05-06T05:05:12.587+0000] {processor.py:183} INFO - Processing /home/airflow/.local/lib/python3.12/site-packages/airflow/example_dags/example_task_group.py took 0.103 seconds
[2024-05-06T05:05:42.688+0000] {processor.py:161} INFO - Started process (PID=8454) to work on /home/airflow/.local/lib/python3.12/site-packages/airflow/example_dags/example_task_group.py
[2024-05-06T05:05:42.689+0000] {processor.py:830} INFO - Processing file /home/airflow/.local/lib/python3.12/site-packages/airflow/example_dags/example_task_group.py for tasks to queue
[2024-05-06T05:05:42.691+0000] {logging_mixin.py:188} INFO - [2024-05-06T05:05:42.690+0000] {dagbag.py:540} INFO - Filling up the DagBag from /home/airflow/.local/lib/python3.12/site-packages/airflow/example_dags/example_task_group.py
[2024-05-06T05:05:42.699+0000] {processor.py:840} INFO - DAG(s) 'example_task_group' retrieved from /home/airflow/.local/lib/python3.12/site-packages/airflow/example_dags/example_task_group.py
[2024-05-06T05:05:42.726+0000] {logging_mixin.py:188} INFO - [2024-05-06T05:05:42.726+0000] {dag.py:3096} INFO - Sync 1 DAGs
[2024-05-06T05:05:42.752+0000] {logging_mixin.py:188} INFO - [2024-05-06T05:05:42.752+0000] {dag.py:3954} INFO - Setting next_dagrun for example_task_group to 2024-05-05 00:00:00+00:00, run_after=2024-05-06 00:00:00+00:00
[2024-05-06T05:05:42.779+0000] {processor.py:183} INFO - Processing /home/airflow/.local/lib/python3.12/site-packages/airflow/example_dags/example_task_group.py took 0.098 seconds
[2024-05-06T05:06:13.692+0000] {processor.py:161} INFO - Started process (PID=8726) to work on /home/airflow/.local/lib/python3.12/site-packages/airflow/example_dags/example_task_group.py
[2024-05-06T05:06:13.693+0000] {processor.py:830} INFO - Processing file /home/airflow/.local/lib/python3.12/site-packages/airflow/example_dags/example_task_group.py for tasks to queue
[2024-05-06T05:06:13.695+0000] {logging_mixin.py:188} INFO - [2024-05-06T05:06:13.694+0000] {dagbag.py:540} INFO - Filling up the DagBag from /home/airflow/.local/lib/python3.12/site-packages/airflow/example_dags/example_task_group.py
[2024-05-06T05:06:13.703+0000] {processor.py:840} INFO - DAG(s) 'example_task_group' retrieved from /home/airflow/.local/lib/python3.12/site-packages/airflow/example_dags/example_task_group.py
[2024-05-06T05:06:13.734+0000] {logging_mixin.py:188} INFO - [2024-05-06T05:06:13.734+0000] {dag.py:3096} INFO - Sync 1 DAGs
[2024-05-06T05:06:13.763+0000] {logging_mixin.py:188} INFO - [2024-05-06T05:06:13.762+0000] {dag.py:3954} INFO - Setting next_dagrun for example_task_group to 2024-05-05 00:00:00+00:00, run_after=2024-05-06 00:00:00+00:00
[2024-05-06T05:06:13.793+0000] {processor.py:183} INFO - Processing /home/airflow/.local/lib/python3.12/site-packages/airflow/example_dags/example_task_group.py took 0.107 seconds
[2024-05-06T05:06:44.031+0000] {processor.py:161} INFO - Started process (PID=8998) to work on /home/airflow/.local/lib/python3.12/site-packages/airflow/example_dags/example_task_group.py
[2024-05-06T05:06:44.032+0000] {processor.py:830} INFO - Processing file /home/airflow/.local/lib/python3.12/site-packages/airflow/example_dags/example_task_group.py for tasks to queue
[2024-05-06T05:06:44.034+0000] {logging_mixin.py:188} INFO - [2024-05-06T05:06:44.034+0000] {dagbag.py:540} INFO - Filling up the DagBag from /home/airflow/.local/lib/python3.12/site-packages/airflow/example_dags/example_task_group.py
[2024-05-06T05:06:44.042+0000] {processor.py:840} INFO - DAG(s) 'example_task_group' retrieved from /home/airflow/.local/lib/python3.12/site-packages/airflow/example_dags/example_task_group.py
[2024-05-06T05:06:44.092+0000] {logging_mixin.py:188} INFO - [2024-05-06T05:06:44.092+0000] {dag.py:3096} INFO - Sync 1 DAGs
[2024-05-06T05:06:44.144+0000] {logging_mixin.py:188} INFO - [2024-05-06T05:06:44.143+0000] {dag.py:3954} INFO - Setting next_dagrun for example_task_group to 2024-05-05 00:00:00+00:00, run_after=2024-05-06 00:00:00+00:00
[2024-05-06T05:06:44.205+0000] {processor.py:183} INFO - Processing /home/airflow/.local/lib/python3.12/site-packages/airflow/example_dags/example_task_group.py took 0.181 seconds
[2024-05-06T05:07:14.982+0000] {processor.py:161} INFO - Started process (PID=9270) to work on /home/airflow/.local/lib/python3.12/site-packages/airflow/example_dags/example_task_group.py
[2024-05-06T05:07:14.983+0000] {processor.py:830} INFO - Processing file /home/airflow/.local/lib/python3.12/site-packages/airflow/example_dags/example_task_group.py for tasks to queue
[2024-05-06T05:07:14.984+0000] {logging_mixin.py:188} INFO - [2024-05-06T05:07:14.984+0000] {dagbag.py:540} INFO - Filling up the DagBag from /home/airflow/.local/lib/python3.12/site-packages/airflow/example_dags/example_task_group.py
[2024-05-06T05:07:14.992+0000] {processor.py:840} INFO - DAG(s) 'example_task_group' retrieved from /home/airflow/.local/lib/python3.12/site-packages/airflow/example_dags/example_task_group.py
[2024-05-06T05:07:15.028+0000] {logging_mixin.py:188} INFO - [2024-05-06T05:07:15.019+0000] {dag.py:3096} INFO - Sync 1 DAGs
[2024-05-06T05:07:15.074+0000] {logging_mixin.py:188} INFO - [2024-05-06T05:07:15.074+0000] {dag.py:3954} INFO - Setting next_dagrun for example_task_group to 2024-05-05 00:00:00+00:00, run_after=2024-05-06 00:00:00+00:00
[2024-05-06T05:07:15.098+0000] {processor.py:183} INFO - Processing /home/airflow/.local/lib/python3.12/site-packages/airflow/example_dags/example_task_group.py took 0.123 seconds
[2024-05-06T05:07:45.597+0000] {processor.py:161} INFO - Started process (PID=9544) to work on /home/airflow/.local/lib/python3.12/site-packages/airflow/example_dags/example_task_group.py
[2024-05-06T05:07:45.598+0000] {processor.py:830} INFO - Processing file /home/airflow/.local/lib/python3.12/site-packages/airflow/example_dags/example_task_group.py for tasks to queue
[2024-05-06T05:07:45.600+0000] {logging_mixin.py:188} INFO - [2024-05-06T05:07:45.600+0000] {dagbag.py:540} INFO - Filling up the DagBag from /home/airflow/.local/lib/python3.12/site-packages/airflow/example_dags/example_task_group.py
[2024-05-06T05:07:45.608+0000] {processor.py:840} INFO - DAG(s) 'example_task_group' retrieved from /home/airflow/.local/lib/python3.12/site-packages/airflow/example_dags/example_task_group.py
[2024-05-06T05:07:45.652+0000] {logging_mixin.py:188} INFO - [2024-05-06T05:07:45.652+0000] {dag.py:3096} INFO - Sync 1 DAGs
[2024-05-06T05:07:45.684+0000] {logging_mixin.py:188} INFO - [2024-05-06T05:07:45.684+0000] {dag.py:3954} INFO - Setting next_dagrun for example_task_group to 2024-05-05 00:00:00+00:00, run_after=2024-05-06 00:00:00+00:00
[2024-05-06T05:07:45.710+0000] {processor.py:183} INFO - Processing /home/airflow/.local/lib/python3.12/site-packages/airflow/example_dags/example_task_group.py took 0.119 seconds
[2024-05-06T05:08:16.264+0000] {processor.py:161} INFO - Started process (PID=9817) to work on /home/airflow/.local/lib/python3.12/site-packages/airflow/example_dags/example_task_group.py
[2024-05-06T05:08:16.265+0000] {processor.py:830} INFO - Processing file /home/airflow/.local/lib/python3.12/site-packages/airflow/example_dags/example_task_group.py for tasks to queue
[2024-05-06T05:08:16.267+0000] {logging_mixin.py:188} INFO - [2024-05-06T05:08:16.266+0000] {dagbag.py:540} INFO - Filling up the DagBag from /home/airflow/.local/lib/python3.12/site-packages/airflow/example_dags/example_task_group.py
[2024-05-06T05:08:16.275+0000] {processor.py:840} INFO - DAG(s) 'example_task_group' retrieved from /home/airflow/.local/lib/python3.12/site-packages/airflow/example_dags/example_task_group.py
[2024-05-06T05:08:16.304+0000] {logging_mixin.py:188} INFO - [2024-05-06T05:08:16.304+0000] {dag.py:3096} INFO - Sync 1 DAGs
[2024-05-06T05:08:16.346+0000] {logging_mixin.py:188} INFO - [2024-05-06T05:08:16.346+0000] {dag.py:3954} INFO - Setting next_dagrun for example_task_group to 2024-05-05 00:00:00+00:00, run_after=2024-05-06 00:00:00+00:00
[2024-05-06T05:08:16.373+0000] {processor.py:183} INFO - Processing /home/airflow/.local/lib/python3.12/site-packages/airflow/example_dags/example_task_group.py took 0.116 seconds
[2024-05-06T05:08:46.868+0000] {processor.py:161} INFO - Started process (PID=10089) to work on /home/airflow/.local/lib/python3.12/site-packages/airflow/example_dags/example_task_group.py
[2024-05-06T05:08:46.868+0000] {processor.py:830} INFO - Processing file /home/airflow/.local/lib/python3.12/site-packages/airflow/example_dags/example_task_group.py for tasks to queue
[2024-05-06T05:08:46.870+0000] {logging_mixin.py:188} INFO - [2024-05-06T05:08:46.870+0000] {dagbag.py:540} INFO - Filling up the DagBag from /home/airflow/.local/lib/python3.12/site-packages/airflow/example_dags/example_task_group.py
[2024-05-06T05:08:46.883+0000] {processor.py:840} INFO - DAG(s) 'example_task_group' retrieved from /home/airflow/.local/lib/python3.12/site-packages/airflow/example_dags/example_task_group.py
[2024-05-06T05:08:46.923+0000] {logging_mixin.py:188} INFO - [2024-05-06T05:08:46.923+0000] {dag.py:3096} INFO - Sync 1 DAGs
[2024-05-06T05:08:46.951+0000] {logging_mixin.py:188} INFO - [2024-05-06T05:08:46.951+0000] {dag.py:3954} INFO - Setting next_dagrun for example_task_group to 2024-05-05 00:00:00+00:00, run_after=2024-05-06 00:00:00+00:00
[2024-05-06T05:08:46.977+0000] {processor.py:183} INFO - Processing /home/airflow/.local/lib/python3.12/site-packages/airflow/example_dags/example_task_group.py took 0.116 seconds
[2024-05-06T05:09:17.147+0000] {processor.py:161} INFO - Started process (PID=10361) to work on /home/airflow/.local/lib/python3.12/site-packages/airflow/example_dags/example_task_group.py
[2024-05-06T05:09:17.148+0000] {processor.py:830} INFO - Processing file /home/airflow/.local/lib/python3.12/site-packages/airflow/example_dags/example_task_group.py for tasks to queue
[2024-05-06T05:09:17.150+0000] {logging_mixin.py:188} INFO - [2024-05-06T05:09:17.150+0000] {dagbag.py:540} INFO - Filling up the DagBag from /home/airflow/.local/lib/python3.12/site-packages/airflow/example_dags/example_task_group.py
[2024-05-06T05:09:17.160+0000] {processor.py:840} INFO - DAG(s) 'example_task_group' retrieved from /home/airflow/.local/lib/python3.12/site-packages/airflow/example_dags/example_task_group.py
[2024-05-06T05:09:17.187+0000] {logging_mixin.py:188} INFO - [2024-05-06T05:09:17.187+0000] {dag.py:3096} INFO - Sync 1 DAGs
[2024-05-06T05:09:17.214+0000] {logging_mixin.py:188} INFO - [2024-05-06T05:09:17.214+0000] {dag.py:3954} INFO - Setting next_dagrun for example_task_group to 2024-05-05 00:00:00+00:00, run_after=2024-05-06 00:00:00+00:00
[2024-05-06T05:09:17.254+0000] {processor.py:183} INFO - Processing /home/airflow/.local/lib/python3.12/site-packages/airflow/example_dags/example_task_group.py took 0.113 seconds
[2024-05-06T05:09:47.755+0000] {processor.py:161} INFO - Started process (PID=10633) to work on /home/airflow/.local/lib/python3.12/site-packages/airflow/example_dags/example_task_group.py
[2024-05-06T05:09:47.756+0000] {processor.py:830} INFO - Processing file /home/airflow/.local/lib/python3.12/site-packages/airflow/example_dags/example_task_group.py for tasks to queue
[2024-05-06T05:09:47.758+0000] {logging_mixin.py:188} INFO - [2024-05-06T05:09:47.758+0000] {dagbag.py:540} INFO - Filling up the DagBag from /home/airflow/.local/lib/python3.12/site-packages/airflow/example_dags/example_task_group.py
[2024-05-06T05:09:47.768+0000] {processor.py:840} INFO - DAG(s) 'example_task_group' retrieved from /home/airflow/.local/lib/python3.12/site-packages/airflow/example_dags/example_task_group.py
[2024-05-06T05:09:47.804+0000] {logging_mixin.py:188} INFO - [2024-05-06T05:09:47.804+0000] {dag.py:3096} INFO - Sync 1 DAGs
[2024-05-06T05:09:47.832+0000] {logging_mixin.py:188} INFO - [2024-05-06T05:09:47.831+0000] {dag.py:3954} INFO - Setting next_dagrun for example_task_group to 2024-05-05 00:00:00+00:00, run_after=2024-05-06 00:00:00+00:00
[2024-05-06T05:09:47.857+0000] {processor.py:183} INFO - Processing /home/airflow/.local/lib/python3.12/site-packages/airflow/example_dags/example_task_group.py took 0.109 seconds
[2024-05-06T05:10:17.943+0000] {processor.py:161} INFO - Started process (PID=10903) to work on /home/airflow/.local/lib/python3.12/site-packages/airflow/example_dags/example_task_group.py
[2024-05-06T05:10:17.943+0000] {processor.py:830} INFO - Processing file /home/airflow/.local/lib/python3.12/site-packages/airflow/example_dags/example_task_group.py for tasks to queue
[2024-05-06T05:10:17.945+0000] {logging_mixin.py:188} INFO - [2024-05-06T05:10:17.945+0000] {dagbag.py:540} INFO - Filling up the DagBag from /home/airflow/.local/lib/python3.12/site-packages/airflow/example_dags/example_task_group.py
[2024-05-06T05:10:17.954+0000] {processor.py:840} INFO - DAG(s) 'example_task_group' retrieved from /home/airflow/.local/lib/python3.12/site-packages/airflow/example_dags/example_task_group.py
[2024-05-06T05:10:17.981+0000] {logging_mixin.py:188} INFO - [2024-05-06T05:10:17.981+0000] {dag.py:3096} INFO - Sync 1 DAGs
[2024-05-06T05:10:18.009+0000] {logging_mixin.py:188} INFO - [2024-05-06T05:10:18.008+0000] {dag.py:3954} INFO - Setting next_dagrun for example_task_group to 2024-05-05 00:00:00+00:00, run_after=2024-05-06 00:00:00+00:00
[2024-05-06T05:10:18.042+0000] {processor.py:183} INFO - Processing /home/airflow/.local/lib/python3.12/site-packages/airflow/example_dags/example_task_group.py took 0.108 seconds
[2024-05-06T05:10:48.859+0000] {processor.py:161} INFO - Started process (PID=11175) to work on /home/airflow/.local/lib/python3.12/site-packages/airflow/example_dags/example_task_group.py
[2024-05-06T05:10:48.860+0000] {processor.py:830} INFO - Processing file /home/airflow/.local/lib/python3.12/site-packages/airflow/example_dags/example_task_group.py for tasks to queue
[2024-05-06T05:10:48.862+0000] {logging_mixin.py:188} INFO - [2024-05-06T05:10:48.861+0000] {dagbag.py:540} INFO - Filling up the DagBag from /home/airflow/.local/lib/python3.12/site-packages/airflow/example_dags/example_task_group.py
[2024-05-06T05:10:48.873+0000] {processor.py:840} INFO - DAG(s) 'example_task_group' retrieved from /home/airflow/.local/lib/python3.12/site-packages/airflow/example_dags/example_task_group.py
[2024-05-06T05:10:48.919+0000] {logging_mixin.py:188} INFO - [2024-05-06T05:10:48.919+0000] {dag.py:3096} INFO - Sync 1 DAGs
[2024-05-06T05:10:48.945+0000] {logging_mixin.py:188} INFO - [2024-05-06T05:10:48.945+0000] {dag.py:3954} INFO - Setting next_dagrun for example_task_group to 2024-05-05 00:00:00+00:00, run_after=2024-05-06 00:00:00+00:00
[2024-05-06T05:10:48.980+0000] {processor.py:183} INFO - Processing /home/airflow/.local/lib/python3.12/site-packages/airflow/example_dags/example_task_group.py took 0.139 seconds
[2024-05-06T05:11:19.986+0000] {processor.py:161} INFO - Started process (PID=11447) to work on /home/airflow/.local/lib/python3.12/site-packages/airflow/example_dags/example_task_group.py
[2024-05-06T05:11:19.987+0000] {processor.py:830} INFO - Processing file /home/airflow/.local/lib/python3.12/site-packages/airflow/example_dags/example_task_group.py for tasks to queue
[2024-05-06T05:11:19.989+0000] {logging_mixin.py:188} INFO - [2024-05-06T05:11:19.988+0000] {dagbag.py:540} INFO - Filling up the DagBag from /home/airflow/.local/lib/python3.12/site-packages/airflow/example_dags/example_task_group.py
[2024-05-06T05:11:19.998+0000] {processor.py:840} INFO - DAG(s) 'example_task_group' retrieved from /home/airflow/.local/lib/python3.12/site-packages/airflow/example_dags/example_task_group.py
[2024-05-06T05:11:20.023+0000] {logging_mixin.py:188} INFO - [2024-05-06T05:11:20.022+0000] {dag.py:3096} INFO - Sync 1 DAGs
[2024-05-06T05:11:20.055+0000] {logging_mixin.py:188} INFO - [2024-05-06T05:11:20.055+0000] {dag.py:3954} INFO - Setting next_dagrun for example_task_group to 2024-05-05 00:00:00+00:00, run_after=2024-05-06 00:00:00+00:00
[2024-05-06T05:11:20.081+0000] {processor.py:183} INFO - Processing /home/airflow/.local/lib/python3.12/site-packages/airflow/example_dags/example_task_group.py took 0.101 seconds
[2024-05-06T05:11:50.285+0000] {processor.py:161} INFO - Started process (PID=11720) to work on /home/airflow/.local/lib/python3.12/site-packages/airflow/example_dags/example_task_group.py
[2024-05-06T05:11:50.286+0000] {processor.py:830} INFO - Processing file /home/airflow/.local/lib/python3.12/site-packages/airflow/example_dags/example_task_group.py for tasks to queue
[2024-05-06T05:11:50.288+0000] {logging_mixin.py:188} INFO - [2024-05-06T05:11:50.287+0000] {dagbag.py:540} INFO - Filling up the DagBag from /home/airflow/.local/lib/python3.12/site-packages/airflow/example_dags/example_task_group.py
[2024-05-06T05:11:50.296+0000] {processor.py:840} INFO - DAG(s) 'example_task_group' retrieved from /home/airflow/.local/lib/python3.12/site-packages/airflow/example_dags/example_task_group.py
[2024-05-06T05:11:50.321+0000] {logging_mixin.py:188} INFO - [2024-05-06T05:11:50.321+0000] {dag.py:3096} INFO - Sync 1 DAGs
[2024-05-06T05:11:50.348+0000] {logging_mixin.py:188} INFO - [2024-05-06T05:11:50.348+0000] {dag.py:3954} INFO - Setting next_dagrun for example_task_group to 2024-05-05 00:00:00+00:00, run_after=2024-05-06 00:00:00+00:00
[2024-05-06T05:11:50.374+0000] {processor.py:183} INFO - Processing /home/airflow/.local/lib/python3.12/site-packages/airflow/example_dags/example_task_group.py took 0.096 seconds
[2024-05-06T05:12:21.316+0000] {processor.py:161} INFO - Started process (PID=11992) to work on /home/airflow/.local/lib/python3.12/site-packages/airflow/example_dags/example_task_group.py
[2024-05-06T05:12:21.318+0000] {processor.py:830} INFO - Processing file /home/airflow/.local/lib/python3.12/site-packages/airflow/example_dags/example_task_group.py for tasks to queue
[2024-05-06T05:12:21.320+0000] {logging_mixin.py:188} INFO - [2024-05-06T05:12:21.319+0000] {dagbag.py:540} INFO - Filling up the DagBag from /home/airflow/.local/lib/python3.12/site-packages/airflow/example_dags/example_task_group.py
[2024-05-06T05:12:21.330+0000] {processor.py:840} INFO - DAG(s) 'example_task_group' retrieved from /home/airflow/.local/lib/python3.12/site-packages/airflow/example_dags/example_task_group.py
[2024-05-06T05:12:21.359+0000] {logging_mixin.py:188} INFO - [2024-05-06T05:12:21.359+0000] {dag.py:3096} INFO - Sync 1 DAGs
[2024-05-06T05:12:21.387+0000] {logging_mixin.py:188} INFO - [2024-05-06T05:12:21.387+0000] {dag.py:3954} INFO - Setting next_dagrun for example_task_group to 2024-05-05 00:00:00+00:00, run_after=2024-05-06 00:00:00+00:00
[2024-05-06T05:12:21.413+0000] {processor.py:183} INFO - Processing /home/airflow/.local/lib/python3.12/site-packages/airflow/example_dags/example_task_group.py took 0.104 seconds
[2024-05-06T05:12:52.367+0000] {processor.py:161} INFO - Started process (PID=12264) to work on /home/airflow/.local/lib/python3.12/site-packages/airflow/example_dags/example_task_group.py
[2024-05-06T05:12:52.368+0000] {processor.py:830} INFO - Processing file /home/airflow/.local/lib/python3.12/site-packages/airflow/example_dags/example_task_group.py for tasks to queue
[2024-05-06T05:12:52.370+0000] {logging_mixin.py:188} INFO - [2024-05-06T05:12:52.370+0000] {dagbag.py:540} INFO - Filling up the DagBag from /home/airflow/.local/lib/python3.12/site-packages/airflow/example_dags/example_task_group.py
[2024-05-06T05:12:52.378+0000] {processor.py:840} INFO - DAG(s) 'example_task_group' retrieved from /home/airflow/.local/lib/python3.12/site-packages/airflow/example_dags/example_task_group.py
[2024-05-06T05:12:52.404+0000] {logging_mixin.py:188} INFO - [2024-05-06T05:12:52.404+0000] {dag.py:3096} INFO - Sync 1 DAGs
[2024-05-06T05:12:52.431+0000] {logging_mixin.py:188} INFO - [2024-05-06T05:12:52.431+0000] {dag.py:3954} INFO - Setting next_dagrun for example_task_group to 2024-05-05 00:00:00+00:00, run_after=2024-05-06 00:00:00+00:00
[2024-05-06T05:12:52.456+0000] {processor.py:183} INFO - Processing /home/airflow/.local/lib/python3.12/site-packages/airflow/example_dags/example_task_group.py took 0.096 seconds
[2024-05-06T05:13:23.087+0000] {processor.py:161} INFO - Started process (PID=12537) to work on /home/airflow/.local/lib/python3.12/site-packages/airflow/example_dags/example_task_group.py
[2024-05-06T05:13:23.088+0000] {processor.py:830} INFO - Processing file /home/airflow/.local/lib/python3.12/site-packages/airflow/example_dags/example_task_group.py for tasks to queue
[2024-05-06T05:13:23.089+0000] {logging_mixin.py:188} INFO - [2024-05-06T05:13:23.089+0000] {dagbag.py:540} INFO - Filling up the DagBag from /home/airflow/.local/lib/python3.12/site-packages/airflow/example_dags/example_task_group.py
[2024-05-06T05:13:23.097+0000] {processor.py:840} INFO - DAG(s) 'example_task_group' retrieved from /home/airflow/.local/lib/python3.12/site-packages/airflow/example_dags/example_task_group.py
[2024-05-06T05:13:23.124+0000] {logging_mixin.py:188} INFO - [2024-05-06T05:13:23.124+0000] {dag.py:3096} INFO - Sync 1 DAGs
[2024-05-06T05:13:23.156+0000] {logging_mixin.py:188} INFO - [2024-05-06T05:13:23.155+0000] {dag.py:3954} INFO - Setting next_dagrun for example_task_group to 2024-05-05 00:00:00+00:00, run_after=2024-05-06 00:00:00+00:00
[2024-05-06T05:13:23.189+0000] {processor.py:183} INFO - Processing /home/airflow/.local/lib/python3.12/site-packages/airflow/example_dags/example_task_group.py took 0.109 seconds
[2024-05-06T05:13:53.803+0000] {processor.py:161} INFO - Started process (PID=12810) to work on /home/airflow/.local/lib/python3.12/site-packages/airflow/example_dags/example_task_group.py
[2024-05-06T05:13:53.804+0000] {processor.py:830} INFO - Processing file /home/airflow/.local/lib/python3.12/site-packages/airflow/example_dags/example_task_group.py for tasks to queue
[2024-05-06T05:13:53.806+0000] {logging_mixin.py:188} INFO - [2024-05-06T05:13:53.805+0000] {dagbag.py:540} INFO - Filling up the DagBag from /home/airflow/.local/lib/python3.12/site-packages/airflow/example_dags/example_task_group.py
[2024-05-06T05:13:53.815+0000] {processor.py:840} INFO - DAG(s) 'example_task_group' retrieved from /home/airflow/.local/lib/python3.12/site-packages/airflow/example_dags/example_task_group.py
[2024-05-06T05:13:53.852+0000] {logging_mixin.py:188} INFO - [2024-05-06T05:13:53.852+0000] {dag.py:3096} INFO - Sync 1 DAGs
[2024-05-06T05:13:53.897+0000] {logging_mixin.py:188} INFO - [2024-05-06T05:13:53.896+0000] {dag.py:3954} INFO - Setting next_dagrun for example_task_group to 2024-05-05 00:00:00+00:00, run_after=2024-05-06 00:00:00+00:00
[2024-05-06T05:13:53.934+0000] {processor.py:183} INFO - Processing /home/airflow/.local/lib/python3.12/site-packages/airflow/example_dags/example_task_group.py took 0.138 seconds
[2024-05-06T05:14:24.660+0000] {processor.py:161} INFO - Started process (PID=13089) to work on /home/airflow/.local/lib/python3.12/site-packages/airflow/example_dags/example_task_group.py
[2024-05-06T05:14:24.661+0000] {processor.py:830} INFO - Processing file /home/airflow/.local/lib/python3.12/site-packages/airflow/example_dags/example_task_group.py for tasks to queue
[2024-05-06T05:14:24.663+0000] {logging_mixin.py:188} INFO - [2024-05-06T05:14:24.662+0000] {dagbag.py:540} INFO - Filling up the DagBag from /home/airflow/.local/lib/python3.12/site-packages/airflow/example_dags/example_task_group.py
[2024-05-06T05:14:24.675+0000] {processor.py:840} INFO - DAG(s) 'example_task_group' retrieved from /home/airflow/.local/lib/python3.12/site-packages/airflow/example_dags/example_task_group.py
[2024-05-06T05:14:24.703+0000] {logging_mixin.py:188} INFO - [2024-05-06T05:14:24.703+0000] {dag.py:3096} INFO - Sync 1 DAGs
[2024-05-06T05:14:24.731+0000] {logging_mixin.py:188} INFO - [2024-05-06T05:14:24.730+0000] {dag.py:3954} INFO - Setting next_dagrun for example_task_group to 2024-05-05 00:00:00+00:00, run_after=2024-05-06 00:00:00+00:00
[2024-05-06T05:14:24.758+0000] {processor.py:183} INFO - Processing /home/airflow/.local/lib/python3.12/site-packages/airflow/example_dags/example_task_group.py took 0.105 seconds
[2024-05-06T05:14:55.399+0000] {processor.py:161} INFO - Started process (PID=13361) to work on /home/airflow/.local/lib/python3.12/site-packages/airflow/example_dags/example_task_group.py
[2024-05-06T05:14:55.400+0000] {processor.py:830} INFO - Processing file /home/airflow/.local/lib/python3.12/site-packages/airflow/example_dags/example_task_group.py for tasks to queue
[2024-05-06T05:14:55.402+0000] {logging_mixin.py:188} INFO - [2024-05-06T05:14:55.402+0000] {dagbag.py:540} INFO - Filling up the DagBag from /home/airflow/.local/lib/python3.12/site-packages/airflow/example_dags/example_task_group.py
[2024-05-06T05:14:55.414+0000] {processor.py:840} INFO - DAG(s) 'example_task_group' retrieved from /home/airflow/.local/lib/python3.12/site-packages/airflow/example_dags/example_task_group.py
[2024-05-06T05:14:55.438+0000] {logging_mixin.py:188} INFO - [2024-05-06T05:14:55.438+0000] {dag.py:3096} INFO - Sync 1 DAGs
[2024-05-06T05:14:55.464+0000] {logging_mixin.py:188} INFO - [2024-05-06T05:14:55.464+0000] {dag.py:3954} INFO - Setting next_dagrun for example_task_group to 2024-05-05 00:00:00+00:00, run_after=2024-05-06 00:00:00+00:00
[2024-05-06T05:14:55.489+0000] {processor.py:183} INFO - Processing /home/airflow/.local/lib/python3.12/site-packages/airflow/example_dags/example_task_group.py took 0.096 seconds
[2024-05-06T05:15:26.114+0000] {processor.py:161} INFO - Started process (PID=13634) to work on /home/airflow/.local/lib/python3.12/site-packages/airflow/example_dags/example_task_group.py
[2024-05-06T05:15:26.115+0000] {processor.py:830} INFO - Processing file /home/airflow/.local/lib/python3.12/site-packages/airflow/example_dags/example_task_group.py for tasks to queue
[2024-05-06T05:15:26.117+0000] {logging_mixin.py:188} INFO - [2024-05-06T05:15:26.117+0000] {dagbag.py:540} INFO - Filling up the DagBag from /home/airflow/.local/lib/python3.12/site-packages/airflow/example_dags/example_task_group.py
[2024-05-06T05:15:26.126+0000] {processor.py:840} INFO - DAG(s) 'example_task_group' retrieved from /home/airflow/.local/lib/python3.12/site-packages/airflow/example_dags/example_task_group.py
[2024-05-06T05:15:26.150+0000] {logging_mixin.py:188} INFO - [2024-05-06T05:15:26.150+0000] {dag.py:3096} INFO - Sync 1 DAGs
[2024-05-06T05:15:26.178+0000] {logging_mixin.py:188} INFO - [2024-05-06T05:15:26.178+0000] {dag.py:3954} INFO - Setting next_dagrun for example_task_group to 2024-05-05 00:00:00+00:00, run_after=2024-05-06 00:00:00+00:00
[2024-05-06T05:15:26.207+0000] {processor.py:183} INFO - Processing /home/airflow/.local/lib/python3.12/site-packages/airflow/example_dags/example_task_group.py took 0.102 seconds
[2024-05-06T05:15:56.822+0000] {processor.py:161} INFO - Started process (PID=13905) to work on /home/airflow/.local/lib/python3.12/site-packages/airflow/example_dags/example_task_group.py
[2024-05-06T05:15:56.823+0000] {processor.py:830} INFO - Processing file /home/airflow/.local/lib/python3.12/site-packages/airflow/example_dags/example_task_group.py for tasks to queue
[2024-05-06T05:15:56.825+0000] {logging_mixin.py:188} INFO - [2024-05-06T05:15:56.825+0000] {dagbag.py:540} INFO - Filling up the DagBag from /home/airflow/.local/lib/python3.12/site-packages/airflow/example_dags/example_task_group.py
[2024-05-06T05:15:56.833+0000] {processor.py:840} INFO - DAG(s) 'example_task_group' retrieved from /home/airflow/.local/lib/python3.12/site-packages/airflow/example_dags/example_task_group.py
[2024-05-06T05:15:56.858+0000] {logging_mixin.py:188} INFO - [2024-05-06T05:15:56.858+0000] {dag.py:3096} INFO - Sync 1 DAGs
[2024-05-06T05:15:56.887+0000] {logging_mixin.py:188} INFO - [2024-05-06T05:15:56.887+0000] {dag.py:3954} INFO - Setting next_dagrun for example_task_group to 2024-05-05 00:00:00+00:00, run_after=2024-05-06 00:00:00+00:00
[2024-05-06T05:15:56.915+0000] {processor.py:183} INFO - Processing /home/airflow/.local/lib/python3.12/site-packages/airflow/example_dags/example_task_group.py took 0.099 seconds
[2024-05-06T05:16:27.575+0000] {processor.py:161} INFO - Started process (PID=14178) to work on /home/airflow/.local/lib/python3.12/site-packages/airflow/example_dags/example_task_group.py
[2024-05-06T05:16:27.576+0000] {processor.py:830} INFO - Processing file /home/airflow/.local/lib/python3.12/site-packages/airflow/example_dags/example_task_group.py for tasks to queue
[2024-05-06T05:16:27.577+0000] {logging_mixin.py:188} INFO - [2024-05-06T05:16:27.577+0000] {dagbag.py:540} INFO - Filling up the DagBag from /home/airflow/.local/lib/python3.12/site-packages/airflow/example_dags/example_task_group.py
[2024-05-06T05:16:27.585+0000] {processor.py:840} INFO - DAG(s) 'example_task_group' retrieved from /home/airflow/.local/lib/python3.12/site-packages/airflow/example_dags/example_task_group.py
[2024-05-06T05:16:27.614+0000] {logging_mixin.py:188} INFO - [2024-05-06T05:16:27.613+0000] {dag.py:3096} INFO - Sync 1 DAGs
[2024-05-06T05:16:27.640+0000] {logging_mixin.py:188} INFO - [2024-05-06T05:16:27.640+0000] {dag.py:3954} INFO - Setting next_dagrun for example_task_group to 2024-05-05 00:00:00+00:00, run_after=2024-05-06 00:00:00+00:00
[2024-05-06T05:16:27.667+0000] {processor.py:183} INFO - Processing /home/airflow/.local/lib/python3.12/site-packages/airflow/example_dags/example_task_group.py took 0.099 seconds
[2024-05-06T05:16:58.083+0000] {processor.py:161} INFO - Started process (PID=14451) to work on /home/airflow/.local/lib/python3.12/site-packages/airflow/example_dags/example_task_group.py
[2024-05-06T05:16:58.084+0000] {processor.py:830} INFO - Processing file /home/airflow/.local/lib/python3.12/site-packages/airflow/example_dags/example_task_group.py for tasks to queue
[2024-05-06T05:16:58.086+0000] {logging_mixin.py:188} INFO - [2024-05-06T05:16:58.086+0000] {dagbag.py:540} INFO - Filling up the DagBag from /home/airflow/.local/lib/python3.12/site-packages/airflow/example_dags/example_task_group.py
[2024-05-06T05:16:58.107+0000] {processor.py:840} INFO - DAG(s) 'example_task_group' retrieved from /home/airflow/.local/lib/python3.12/site-packages/airflow/example_dags/example_task_group.py
[2024-05-06T05:16:58.133+0000] {logging_mixin.py:188} INFO - [2024-05-06T05:16:58.132+0000] {dag.py:3096} INFO - Sync 1 DAGs
[2024-05-06T05:16:58.201+0000] {logging_mixin.py:188} INFO - [2024-05-06T05:16:58.201+0000] {dag.py:3954} INFO - Setting next_dagrun for example_task_group to 2024-05-05 00:00:00+00:00, run_after=2024-05-06 00:00:00+00:00
[2024-05-06T05:16:58.252+0000] {processor.py:183} INFO - Processing /home/airflow/.local/lib/python3.12/site-packages/airflow/example_dags/example_task_group.py took 0.175 seconds
[2024-05-06T05:17:29.052+0000] {processor.py:161} INFO - Started process (PID=14723) to work on /home/airflow/.local/lib/python3.12/site-packages/airflow/example_dags/example_task_group.py
[2024-05-06T05:17:29.053+0000] {processor.py:830} INFO - Processing file /home/airflow/.local/lib/python3.12/site-packages/airflow/example_dags/example_task_group.py for tasks to queue
[2024-05-06T05:17:29.055+0000] {logging_mixin.py:188} INFO - [2024-05-06T05:17:29.054+0000] {dagbag.py:540} INFO - Filling up the DagBag from /home/airflow/.local/lib/python3.12/site-packages/airflow/example_dags/example_task_group.py
[2024-05-06T05:17:29.063+0000] {processor.py:840} INFO - DAG(s) 'example_task_group' retrieved from /home/airflow/.local/lib/python3.12/site-packages/airflow/example_dags/example_task_group.py
[2024-05-06T05:17:29.093+0000] {logging_mixin.py:188} INFO - [2024-05-06T05:17:29.092+0000] {dag.py:3096} INFO - Sync 1 DAGs
[2024-05-06T05:17:29.120+0000] {logging_mixin.py:188} INFO - [2024-05-06T05:17:29.120+0000] {dag.py:3954} INFO - Setting next_dagrun for example_task_group to 2024-05-05 00:00:00+00:00, run_after=2024-05-06 00:00:00+00:00
[2024-05-06T05:17:29.159+0000] {processor.py:183} INFO - Processing /home/airflow/.local/lib/python3.12/site-packages/airflow/example_dags/example_task_group.py took 0.114 seconds
[2024-05-06T05:17:59.441+0000] {processor.py:161} INFO - Started process (PID=14994) to work on /home/airflow/.local/lib/python3.12/site-packages/airflow/example_dags/example_task_group.py
[2024-05-06T05:17:59.441+0000] {processor.py:830} INFO - Processing file /home/airflow/.local/lib/python3.12/site-packages/airflow/example_dags/example_task_group.py for tasks to queue
[2024-05-06T05:17:59.443+0000] {logging_mixin.py:188} INFO - [2024-05-06T05:17:59.443+0000] {dagbag.py:540} INFO - Filling up the DagBag from /home/airflow/.local/lib/python3.12/site-packages/airflow/example_dags/example_task_group.py
[2024-05-06T05:17:59.460+0000] {processor.py:840} INFO - DAG(s) 'example_task_group' retrieved from /home/airflow/.local/lib/python3.12/site-packages/airflow/example_dags/example_task_group.py
[2024-05-06T05:17:59.490+0000] {logging_mixin.py:188} INFO - [2024-05-06T05:17:59.489+0000] {dag.py:3096} INFO - Sync 1 DAGs
[2024-05-06T05:17:59.517+0000] {logging_mixin.py:188} INFO - [2024-05-06T05:17:59.516+0000] {dag.py:3954} INFO - Setting next_dagrun for example_task_group to 2024-05-05 00:00:00+00:00, run_after=2024-05-06 00:00:00+00:00
[2024-05-06T05:17:59.542+0000] {processor.py:183} INFO - Processing /home/airflow/.local/lib/python3.12/site-packages/airflow/example_dags/example_task_group.py took 0.120 seconds
[2024-05-06T05:18:29.947+0000] {processor.py:161} INFO - Started process (PID=15267) to work on /home/airflow/.local/lib/python3.12/site-packages/airflow/example_dags/example_task_group.py
[2024-05-06T05:18:29.948+0000] {processor.py:830} INFO - Processing file /home/airflow/.local/lib/python3.12/site-packages/airflow/example_dags/example_task_group.py for tasks to queue
[2024-05-06T05:18:29.950+0000] {logging_mixin.py:188} INFO - [2024-05-06T05:18:29.949+0000] {dagbag.py:540} INFO - Filling up the DagBag from /home/airflow/.local/lib/python3.12/site-packages/airflow/example_dags/example_task_group.py
[2024-05-06T05:18:29.960+0000] {processor.py:840} INFO - DAG(s) 'example_task_group' retrieved from /home/airflow/.local/lib/python3.12/site-packages/airflow/example_dags/example_task_group.py
[2024-05-06T05:18:29.984+0000] {logging_mixin.py:188} INFO - [2024-05-06T05:18:29.984+0000] {dag.py:3096} INFO - Sync 1 DAGs
[2024-05-06T05:18:30.011+0000] {logging_mixin.py:188} INFO - [2024-05-06T05:18:30.011+0000] {dag.py:3954} INFO - Setting next_dagrun for example_task_group to 2024-05-05 00:00:00+00:00, run_after=2024-05-06 00:00:00+00:00
[2024-05-06T05:18:30.042+0000] {processor.py:183} INFO - Processing /home/airflow/.local/lib/python3.12/site-packages/airflow/example_dags/example_task_group.py took 0.103 seconds
[2024-05-06T05:19:00.564+0000] {processor.py:161} INFO - Started process (PID=15539) to work on /home/airflow/.local/lib/python3.12/site-packages/airflow/example_dags/example_task_group.py
[2024-05-06T05:19:00.565+0000] {processor.py:830} INFO - Processing file /home/airflow/.local/lib/python3.12/site-packages/airflow/example_dags/example_task_group.py for tasks to queue
[2024-05-06T05:19:00.567+0000] {logging_mixin.py:188} INFO - [2024-05-06T05:19:00.567+0000] {dagbag.py:540} INFO - Filling up the DagBag from /home/airflow/.local/lib/python3.12/site-packages/airflow/example_dags/example_task_group.py
[2024-05-06T05:19:00.574+0000] {processor.py:840} INFO - DAG(s) 'example_task_group' retrieved from /home/airflow/.local/lib/python3.12/site-packages/airflow/example_dags/example_task_group.py
[2024-05-06T05:19:00.602+0000] {logging_mixin.py:188} INFO - [2024-05-06T05:19:00.602+0000] {dag.py:3096} INFO - Sync 1 DAGs
[2024-05-06T05:19:00.649+0000] {logging_mixin.py:188} INFO - [2024-05-06T05:19:00.649+0000] {dag.py:3954} INFO - Setting next_dagrun for example_task_group to 2024-05-05 00:00:00+00:00, run_after=2024-05-06 00:00:00+00:00
[2024-05-06T05:19:00.675+0000] {processor.py:183} INFO - Processing /home/airflow/.local/lib/python3.12/site-packages/airflow/example_dags/example_task_group.py took 0.119 seconds
