[2024-05-06T04:50:16.295+0000] {processor.py:161} INFO - Started process (PID=253) to work on /home/airflow/.local/lib/python3.12/site-packages/airflow/example_dags/example_sensors.py
[2024-05-06T04:50:16.296+0000] {processor.py:830} INFO - Processing file /home/airflow/.local/lib/python3.12/site-packages/airflow/example_dags/example_sensors.py for tasks to queue
[2024-05-06T04:50:16.298+0000] {logging_mixin.py:188} INFO - [2024-05-06T04:50:16.297+0000] {dagbag.py:540} INFO - Filling up the DagBag from /home/airflow/.local/lib/python3.12/site-packages/airflow/example_dags/example_sensors.py
[2024-05-06T04:50:16.338+0000] {processor.py:840} INFO - DAG(s) 'example_sensors' retrieved from /home/airflow/.local/lib/python3.12/site-packages/airflow/example_dags/example_sensors.py
[2024-05-06T04:50:16.620+0000] {logging_mixin.py:188} INFO - [2024-05-06T04:50:16.620+0000] {override.py:1829} INFO - Created Permission View: can delete on DAG:example_sensors
[2024-05-06T04:50:16.683+0000] {logging_mixin.py:188} INFO - [2024-05-06T04:50:16.683+0000] {override.py:1829} INFO - Created Permission View: can edit on DAG:example_sensors
[2024-05-06T04:50:16.699+0000] {logging_mixin.py:188} INFO - [2024-05-06T04:50:16.699+0000] {override.py:1829} INFO - Created Permission View: can read on DAG:example_sensors
[2024-05-06T04:50:16.700+0000] {logging_mixin.py:188} INFO - [2024-05-06T04:50:16.699+0000] {dag.py:3096} INFO - Sync 1 DAGs
[2024-05-06T04:50:16.716+0000] {logging_mixin.py:188} INFO - [2024-05-06T04:50:16.716+0000] {dag.py:3118} INFO - Creating ORM DAG for example_sensors
[2024-05-06T04:50:16.717+0000] {logging_mixin.py:188} INFO - [2024-05-06T04:50:16.717+0000] {dag.py:3954} INFO - Setting next_dagrun for example_sensors to None, run_after=None
[2024-05-06T04:50:16.754+0000] {processor.py:183} INFO - Processing /home/airflow/.local/lib/python3.12/site-packages/airflow/example_dags/example_sensors.py took 0.469 seconds
[2024-05-06T04:50:47.396+0000] {processor.py:161} INFO - Started process (PID=515) to work on /home/airflow/.local/lib/python3.12/site-packages/airflow/example_dags/example_sensors.py
[2024-05-06T04:50:47.397+0000] {processor.py:830} INFO - Processing file /home/airflow/.local/lib/python3.12/site-packages/airflow/example_dags/example_sensors.py for tasks to queue
[2024-05-06T04:50:47.399+0000] {logging_mixin.py:188} INFO - [2024-05-06T04:50:47.398+0000] {dagbag.py:540} INFO - Filling up the DagBag from /home/airflow/.local/lib/python3.12/site-packages/airflow/example_dags/example_sensors.py
[2024-05-06T04:50:47.411+0000] {processor.py:840} INFO - DAG(s) 'example_sensors' retrieved from /home/airflow/.local/lib/python3.12/site-packages/airflow/example_dags/example_sensors.py
[2024-05-06T04:50:47.445+0000] {logging_mixin.py:188} INFO - [2024-05-06T04:50:47.445+0000] {dag.py:3096} INFO - Sync 1 DAGs
[2024-05-06T04:50:47.460+0000] {logging_mixin.py:188} INFO - [2024-05-06T04:50:47.460+0000] {dag.py:3954} INFO - Setting next_dagrun for example_sensors to None, run_after=None
[2024-05-06T04:50:47.483+0000] {processor.py:183} INFO - Processing /home/airflow/.local/lib/python3.12/site-packages/airflow/example_dags/example_sensors.py took 0.094 seconds
[2024-05-06T04:51:17.690+0000] {processor.py:161} INFO - Started process (PID=776) to work on /home/airflow/.local/lib/python3.12/site-packages/airflow/example_dags/example_sensors.py
[2024-05-06T04:51:17.691+0000] {processor.py:830} INFO - Processing file /home/airflow/.local/lib/python3.12/site-packages/airflow/example_dags/example_sensors.py for tasks to queue
[2024-05-06T04:51:17.693+0000] {logging_mixin.py:188} INFO - [2024-05-06T04:51:17.693+0000] {dagbag.py:540} INFO - Filling up the DagBag from /home/airflow/.local/lib/python3.12/site-packages/airflow/example_dags/example_sensors.py
[2024-05-06T04:51:17.705+0000] {processor.py:840} INFO - DAG(s) 'example_sensors' retrieved from /home/airflow/.local/lib/python3.12/site-packages/airflow/example_dags/example_sensors.py
[2024-05-06T04:51:17.739+0000] {logging_mixin.py:188} INFO - [2024-05-06T04:51:17.739+0000] {dag.py:3096} INFO - Sync 1 DAGs
[2024-05-06T04:51:17.754+0000] {logging_mixin.py:188} INFO - [2024-05-06T04:51:17.754+0000] {dag.py:3954} INFO - Setting next_dagrun for example_sensors to None, run_after=None
[2024-05-06T04:51:17.779+0000] {processor.py:183} INFO - Processing /home/airflow/.local/lib/python3.12/site-packages/airflow/example_dags/example_sensors.py took 0.096 seconds
[2024-05-06T04:51:48.178+0000] {processor.py:161} INFO - Started process (PID=1038) to work on /home/airflow/.local/lib/python3.12/site-packages/airflow/example_dags/example_sensors.py
[2024-05-06T04:51:48.179+0000] {processor.py:830} INFO - Processing file /home/airflow/.local/lib/python3.12/site-packages/airflow/example_dags/example_sensors.py for tasks to queue
[2024-05-06T04:51:48.181+0000] {logging_mixin.py:188} INFO - [2024-05-06T04:51:48.180+0000] {dagbag.py:540} INFO - Filling up the DagBag from /home/airflow/.local/lib/python3.12/site-packages/airflow/example_dags/example_sensors.py
[2024-05-06T04:51:48.198+0000] {processor.py:840} INFO - DAG(s) 'example_sensors' retrieved from /home/airflow/.local/lib/python3.12/site-packages/airflow/example_dags/example_sensors.py
[2024-05-06T04:51:48.232+0000] {logging_mixin.py:188} INFO - [2024-05-06T04:51:48.232+0000] {dag.py:3096} INFO - Sync 1 DAGs
[2024-05-06T04:51:48.246+0000] {logging_mixin.py:188} INFO - [2024-05-06T04:51:48.246+0000] {dag.py:3954} INFO - Setting next_dagrun for example_sensors to None, run_after=None
[2024-05-06T04:51:48.268+0000] {processor.py:183} INFO - Processing /home/airflow/.local/lib/python3.12/site-packages/airflow/example_dags/example_sensors.py took 0.102 seconds
[2024-05-06T04:52:19.125+0000] {processor.py:161} INFO - Started process (PID=1303) to work on /home/airflow/.local/lib/python3.12/site-packages/airflow/example_dags/example_sensors.py
[2024-05-06T04:52:19.126+0000] {processor.py:830} INFO - Processing file /home/airflow/.local/lib/python3.12/site-packages/airflow/example_dags/example_sensors.py for tasks to queue
[2024-05-06T04:52:19.132+0000] {logging_mixin.py:188} INFO - [2024-05-06T04:52:19.131+0000] {dagbag.py:540} INFO - Filling up the DagBag from /home/airflow/.local/lib/python3.12/site-packages/airflow/example_dags/example_sensors.py
[2024-05-06T04:52:19.155+0000] {processor.py:840} INFO - DAG(s) 'example_sensors' retrieved from /home/airflow/.local/lib/python3.12/site-packages/airflow/example_dags/example_sensors.py
[2024-05-06T04:52:19.188+0000] {logging_mixin.py:188} INFO - [2024-05-06T04:52:19.188+0000] {dag.py:3096} INFO - Sync 1 DAGs
[2024-05-06T04:52:19.203+0000] {logging_mixin.py:188} INFO - [2024-05-06T04:52:19.203+0000] {dag.py:3954} INFO - Setting next_dagrun for example_sensors to None, run_after=None
[2024-05-06T04:52:19.234+0000] {processor.py:183} INFO - Processing /home/airflow/.local/lib/python3.12/site-packages/airflow/example_dags/example_sensors.py took 0.115 seconds
[2024-05-06T04:52:49.339+0000] {processor.py:161} INFO - Started process (PID=1569) to work on /home/airflow/.local/lib/python3.12/site-packages/airflow/example_dags/example_sensors.py
[2024-05-06T04:52:49.342+0000] {processor.py:830} INFO - Processing file /home/airflow/.local/lib/python3.12/site-packages/airflow/example_dags/example_sensors.py for tasks to queue
[2024-05-06T04:52:49.344+0000] {logging_mixin.py:188} INFO - [2024-05-06T04:52:49.344+0000] {dagbag.py:540} INFO - Filling up the DagBag from /home/airflow/.local/lib/python3.12/site-packages/airflow/example_dags/example_sensors.py
[2024-05-06T04:52:49.356+0000] {processor.py:840} INFO - DAG(s) 'example_sensors' retrieved from /home/airflow/.local/lib/python3.12/site-packages/airflow/example_dags/example_sensors.py
[2024-05-06T04:52:49.438+0000] {logging_mixin.py:188} INFO - [2024-05-06T04:52:49.438+0000] {dag.py:3096} INFO - Sync 1 DAGs
[2024-05-06T04:52:49.456+0000] {logging_mixin.py:188} INFO - [2024-05-06T04:52:49.456+0000] {dag.py:3954} INFO - Setting next_dagrun for example_sensors to None, run_after=None
[2024-05-06T04:52:49.481+0000] {processor.py:183} INFO - Processing /home/airflow/.local/lib/python3.12/site-packages/airflow/example_dags/example_sensors.py took 0.158 seconds
[2024-05-06T04:53:19.611+0000] {processor.py:161} INFO - Started process (PID=1834) to work on /home/airflow/.local/lib/python3.12/site-packages/airflow/example_dags/example_sensors.py
[2024-05-06T04:53:19.612+0000] {processor.py:830} INFO - Processing file /home/airflow/.local/lib/python3.12/site-packages/airflow/example_dags/example_sensors.py for tasks to queue
[2024-05-06T04:53:19.614+0000] {logging_mixin.py:188} INFO - [2024-05-06T04:53:19.613+0000] {dagbag.py:540} INFO - Filling up the DagBag from /home/airflow/.local/lib/python3.12/site-packages/airflow/example_dags/example_sensors.py
[2024-05-06T04:53:19.624+0000] {processor.py:840} INFO - DAG(s) 'example_sensors' retrieved from /home/airflow/.local/lib/python3.12/site-packages/airflow/example_dags/example_sensors.py
[2024-05-06T04:53:19.657+0000] {logging_mixin.py:188} INFO - [2024-05-06T04:53:19.657+0000] {dag.py:3096} INFO - Sync 1 DAGs
[2024-05-06T04:53:19.672+0000] {logging_mixin.py:188} INFO - [2024-05-06T04:53:19.672+0000] {dag.py:3954} INFO - Setting next_dagrun for example_sensors to None, run_after=None
[2024-05-06T04:53:19.702+0000] {processor.py:183} INFO - Processing /home/airflow/.local/lib/python3.12/site-packages/airflow/example_dags/example_sensors.py took 0.097 seconds
[2024-05-06T04:53:50.135+0000] {processor.py:161} INFO - Started process (PID=2094) to work on /home/airflow/.local/lib/python3.12/site-packages/airflow/example_dags/example_sensors.py
[2024-05-06T04:53:50.136+0000] {processor.py:830} INFO - Processing file /home/airflow/.local/lib/python3.12/site-packages/airflow/example_dags/example_sensors.py for tasks to queue
[2024-05-06T04:53:50.138+0000] {logging_mixin.py:188} INFO - [2024-05-06T04:53:50.138+0000] {dagbag.py:540} INFO - Filling up the DagBag from /home/airflow/.local/lib/python3.12/site-packages/airflow/example_dags/example_sensors.py
[2024-05-06T04:53:50.149+0000] {processor.py:840} INFO - DAG(s) 'example_sensors' retrieved from /home/airflow/.local/lib/python3.12/site-packages/airflow/example_dags/example_sensors.py
[2024-05-06T04:53:50.181+0000] {logging_mixin.py:188} INFO - [2024-05-06T04:53:50.180+0000] {dag.py:3096} INFO - Sync 1 DAGs
[2024-05-06T04:53:50.197+0000] {logging_mixin.py:188} INFO - [2024-05-06T04:53:50.197+0000] {dag.py:3954} INFO - Setting next_dagrun for example_sensors to None, run_after=None
[2024-05-06T04:53:50.222+0000] {processor.py:183} INFO - Processing /home/airflow/.local/lib/python3.12/site-packages/airflow/example_dags/example_sensors.py took 0.094 seconds
[2024-05-06T04:54:22.526+0000] {processor.py:161} INFO - Started process (PID=2437) to work on /home/airflow/.local/lib/python3.12/site-packages/airflow/example_dags/example_sensors.py
[2024-05-06T04:54:22.543+0000] {processor.py:830} INFO - Processing file /home/airflow/.local/lib/python3.12/site-packages/airflow/example_dags/example_sensors.py for tasks to queue
[2024-05-06T04:54:22.553+0000] {logging_mixin.py:188} INFO - [2024-05-06T04:54:22.552+0000] {dagbag.py:540} INFO - Filling up the DagBag from /home/airflow/.local/lib/python3.12/site-packages/airflow/example_dags/example_sensors.py
[2024-05-06T04:54:22.617+0000] {processor.py:840} INFO - DAG(s) 'example_sensors' retrieved from /home/airflow/.local/lib/python3.12/site-packages/airflow/example_dags/example_sensors.py
[2024-05-06T04:54:22.773+0000] {logging_mixin.py:188} INFO - [2024-05-06T04:54:22.772+0000] {dag.py:3096} INFO - Sync 1 DAGs
[2024-05-06T04:54:22.900+0000] {logging_mixin.py:188} INFO - [2024-05-06T04:54:22.900+0000] {dag.py:3954} INFO - Setting next_dagrun for example_sensors to None, run_after=None
[2024-05-06T04:54:23.028+0000] {processor.py:183} INFO - Processing /home/airflow/.local/lib/python3.12/site-packages/airflow/example_dags/example_sensors.py took 0.528 seconds
[2024-05-06T04:54:53.317+0000] {processor.py:161} INFO - Started process (PID=2767) to work on /home/airflow/.local/lib/python3.12/site-packages/airflow/example_dags/example_sensors.py
[2024-05-06T04:54:53.318+0000] {processor.py:830} INFO - Processing file /home/airflow/.local/lib/python3.12/site-packages/airflow/example_dags/example_sensors.py for tasks to queue
[2024-05-06T04:54:53.320+0000] {logging_mixin.py:188} INFO - [2024-05-06T04:54:53.320+0000] {dagbag.py:540} INFO - Filling up the DagBag from /home/airflow/.local/lib/python3.12/site-packages/airflow/example_dags/example_sensors.py
[2024-05-06T04:54:53.331+0000] {processor.py:840} INFO - DAG(s) 'example_sensors' retrieved from /home/airflow/.local/lib/python3.12/site-packages/airflow/example_dags/example_sensors.py
[2024-05-06T04:54:53.365+0000] {logging_mixin.py:188} INFO - [2024-05-06T04:54:53.365+0000] {dag.py:3096} INFO - Sync 1 DAGs
[2024-05-06T04:54:53.379+0000] {logging_mixin.py:188} INFO - [2024-05-06T04:54:53.379+0000] {dag.py:3954} INFO - Setting next_dagrun for example_sensors to None, run_after=None
[2024-05-06T04:54:53.405+0000] {processor.py:183} INFO - Processing /home/airflow/.local/lib/python3.12/site-packages/airflow/example_dags/example_sensors.py took 0.097 seconds
[2024-05-06T04:55:23.582+0000] {processor.py:161} INFO - Started process (PID=3031) to work on /home/airflow/.local/lib/python3.12/site-packages/airflow/example_dags/example_sensors.py
[2024-05-06T04:55:23.590+0000] {processor.py:830} INFO - Processing file /home/airflow/.local/lib/python3.12/site-packages/airflow/example_dags/example_sensors.py for tasks to queue
[2024-05-06T04:55:23.592+0000] {logging_mixin.py:188} INFO - [2024-05-06T04:55:23.591+0000] {dagbag.py:540} INFO - Filling up the DagBag from /home/airflow/.local/lib/python3.12/site-packages/airflow/example_dags/example_sensors.py
[2024-05-06T04:55:23.603+0000] {processor.py:840} INFO - DAG(s) 'example_sensors' retrieved from /home/airflow/.local/lib/python3.12/site-packages/airflow/example_dags/example_sensors.py
[2024-05-06T04:55:23.636+0000] {logging_mixin.py:188} INFO - [2024-05-06T04:55:23.636+0000] {dag.py:3096} INFO - Sync 1 DAGs
[2024-05-06T04:55:23.652+0000] {logging_mixin.py:188} INFO - [2024-05-06T04:55:23.652+0000] {dag.py:3954} INFO - Setting next_dagrun for example_sensors to None, run_after=None
[2024-05-06T04:55:23.676+0000] {processor.py:183} INFO - Processing /home/airflow/.local/lib/python3.12/site-packages/airflow/example_dags/example_sensors.py took 0.101 seconds
[2024-05-06T04:55:53.829+0000] {processor.py:161} INFO - Started process (PID=3292) to work on /home/airflow/.local/lib/python3.12/site-packages/airflow/example_dags/example_sensors.py
[2024-05-06T04:55:53.830+0000] {processor.py:830} INFO - Processing file /home/airflow/.local/lib/python3.12/site-packages/airflow/example_dags/example_sensors.py for tasks to queue
[2024-05-06T04:55:53.832+0000] {logging_mixin.py:188} INFO - [2024-05-06T04:55:53.831+0000] {dagbag.py:540} INFO - Filling up the DagBag from /home/airflow/.local/lib/python3.12/site-packages/airflow/example_dags/example_sensors.py
[2024-05-06T04:55:53.842+0000] {processor.py:840} INFO - DAG(s) 'example_sensors' retrieved from /home/airflow/.local/lib/python3.12/site-packages/airflow/example_dags/example_sensors.py
[2024-05-06T04:55:53.875+0000] {logging_mixin.py:188} INFO - [2024-05-06T04:55:53.875+0000] {dag.py:3096} INFO - Sync 1 DAGs
[2024-05-06T04:55:53.891+0000] {logging_mixin.py:188} INFO - [2024-05-06T04:55:53.891+0000] {dag.py:3954} INFO - Setting next_dagrun for example_sensors to None, run_after=None
[2024-05-06T04:55:53.915+0000] {processor.py:183} INFO - Processing /home/airflow/.local/lib/python3.12/site-packages/airflow/example_dags/example_sensors.py took 0.092 seconds
[2024-05-06T04:56:24.773+0000] {processor.py:161} INFO - Started process (PID=3555) to work on /home/airflow/.local/lib/python3.12/site-packages/airflow/example_dags/example_sensors.py
[2024-05-06T04:56:24.774+0000] {processor.py:830} INFO - Processing file /home/airflow/.local/lib/python3.12/site-packages/airflow/example_dags/example_sensors.py for tasks to queue
[2024-05-06T04:56:24.776+0000] {logging_mixin.py:188} INFO - [2024-05-06T04:56:24.776+0000] {dagbag.py:540} INFO - Filling up the DagBag from /home/airflow/.local/lib/python3.12/site-packages/airflow/example_dags/example_sensors.py
[2024-05-06T04:56:24.788+0000] {processor.py:840} INFO - DAG(s) 'example_sensors' retrieved from /home/airflow/.local/lib/python3.12/site-packages/airflow/example_dags/example_sensors.py
[2024-05-06T04:56:24.821+0000] {logging_mixin.py:188} INFO - [2024-05-06T04:56:24.820+0000] {dag.py:3096} INFO - Sync 1 DAGs
[2024-05-06T04:56:24.836+0000] {logging_mixin.py:188} INFO - [2024-05-06T04:56:24.836+0000] {dag.py:3954} INFO - Setting next_dagrun for example_sensors to None, run_after=None
[2024-05-06T04:56:24.869+0000] {processor.py:183} INFO - Processing /home/airflow/.local/lib/python3.12/site-packages/airflow/example_dags/example_sensors.py took 0.103 seconds
[2024-05-06T04:56:55.611+0000] {processor.py:161} INFO - Started process (PID=3818) to work on /home/airflow/.local/lib/python3.12/site-packages/airflow/example_dags/example_sensors.py
[2024-05-06T04:56:55.612+0000] {processor.py:830} INFO - Processing file /home/airflow/.local/lib/python3.12/site-packages/airflow/example_dags/example_sensors.py for tasks to queue
[2024-05-06T04:56:55.613+0000] {logging_mixin.py:188} INFO - [2024-05-06T04:56:55.613+0000] {dagbag.py:540} INFO - Filling up the DagBag from /home/airflow/.local/lib/python3.12/site-packages/airflow/example_dags/example_sensors.py
[2024-05-06T04:56:55.624+0000] {processor.py:840} INFO - DAG(s) 'example_sensors' retrieved from /home/airflow/.local/lib/python3.12/site-packages/airflow/example_dags/example_sensors.py
[2024-05-06T04:56:55.657+0000] {logging_mixin.py:188} INFO - [2024-05-06T04:56:55.657+0000] {dag.py:3096} INFO - Sync 1 DAGs
[2024-05-06T04:56:55.672+0000] {logging_mixin.py:188} INFO - [2024-05-06T04:56:55.672+0000] {dag.py:3954} INFO - Setting next_dagrun for example_sensors to None, run_after=None
[2024-05-06T04:56:55.696+0000] {processor.py:183} INFO - Processing /home/airflow/.local/lib/python3.12/site-packages/airflow/example_dags/example_sensors.py took 0.092 seconds
[2024-05-06T04:57:26.553+0000] {processor.py:161} INFO - Started process (PID=4080) to work on /home/airflow/.local/lib/python3.12/site-packages/airflow/example_dags/example_sensors.py
[2024-05-06T04:57:26.554+0000] {processor.py:830} INFO - Processing file /home/airflow/.local/lib/python3.12/site-packages/airflow/example_dags/example_sensors.py for tasks to queue
[2024-05-06T04:57:26.556+0000] {logging_mixin.py:188} INFO - [2024-05-06T04:57:26.556+0000] {dagbag.py:540} INFO - Filling up the DagBag from /home/airflow/.local/lib/python3.12/site-packages/airflow/example_dags/example_sensors.py
[2024-05-06T04:57:26.568+0000] {processor.py:840} INFO - DAG(s) 'example_sensors' retrieved from /home/airflow/.local/lib/python3.12/site-packages/airflow/example_dags/example_sensors.py
[2024-05-06T04:57:26.600+0000] {logging_mixin.py:188} INFO - [2024-05-06T04:57:26.600+0000] {dag.py:3096} INFO - Sync 1 DAGs
[2024-05-06T04:57:26.617+0000] {logging_mixin.py:188} INFO - [2024-05-06T04:57:26.617+0000] {dag.py:3954} INFO - Setting next_dagrun for example_sensors to None, run_after=None
[2024-05-06T04:57:26.644+0000] {processor.py:183} INFO - Processing /home/airflow/.local/lib/python3.12/site-packages/airflow/example_dags/example_sensors.py took 0.097 seconds
[2024-05-06T04:57:56.944+0000] {processor.py:161} INFO - Started process (PID=4342) to work on /home/airflow/.local/lib/python3.12/site-packages/airflow/example_dags/example_sensors.py
[2024-05-06T04:57:56.945+0000] {processor.py:830} INFO - Processing file /home/airflow/.local/lib/python3.12/site-packages/airflow/example_dags/example_sensors.py for tasks to queue
[2024-05-06T04:57:56.947+0000] {logging_mixin.py:188} INFO - [2024-05-06T04:57:56.947+0000] {dagbag.py:540} INFO - Filling up the DagBag from /home/airflow/.local/lib/python3.12/site-packages/airflow/example_dags/example_sensors.py
[2024-05-06T04:57:56.958+0000] {processor.py:840} INFO - DAG(s) 'example_sensors' retrieved from /home/airflow/.local/lib/python3.12/site-packages/airflow/example_dags/example_sensors.py
[2024-05-06T04:57:56.991+0000] {logging_mixin.py:188} INFO - [2024-05-06T04:57:56.991+0000] {dag.py:3096} INFO - Sync 1 DAGs
[2024-05-06T04:57:57.007+0000] {logging_mixin.py:188} INFO - [2024-05-06T04:57:57.007+0000] {dag.py:3954} INFO - Setting next_dagrun for example_sensors to None, run_after=None
[2024-05-06T04:57:57.028+0000] {processor.py:183} INFO - Processing /home/airflow/.local/lib/python3.12/site-packages/airflow/example_dags/example_sensors.py took 0.091 seconds
[2024-05-06T04:58:27.799+0000] {processor.py:161} INFO - Started process (PID=4604) to work on /home/airflow/.local/lib/python3.12/site-packages/airflow/example_dags/example_sensors.py
[2024-05-06T04:58:27.800+0000] {processor.py:830} INFO - Processing file /home/airflow/.local/lib/python3.12/site-packages/airflow/example_dags/example_sensors.py for tasks to queue
[2024-05-06T04:58:27.802+0000] {logging_mixin.py:188} INFO - [2024-05-06T04:58:27.801+0000] {dagbag.py:540} INFO - Filling up the DagBag from /home/airflow/.local/lib/python3.12/site-packages/airflow/example_dags/example_sensors.py
[2024-05-06T04:58:27.813+0000] {processor.py:840} INFO - DAG(s) 'example_sensors' retrieved from /home/airflow/.local/lib/python3.12/site-packages/airflow/example_dags/example_sensors.py
[2024-05-06T04:58:27.845+0000] {logging_mixin.py:188} INFO - [2024-05-06T04:58:27.845+0000] {dag.py:3096} INFO - Sync 1 DAGs
[2024-05-06T04:58:27.862+0000] {logging_mixin.py:188} INFO - [2024-05-06T04:58:27.861+0000] {dag.py:3954} INFO - Setting next_dagrun for example_sensors to None, run_after=None
[2024-05-06T04:58:27.888+0000] {processor.py:183} INFO - Processing /home/airflow/.local/lib/python3.12/site-packages/airflow/example_dags/example_sensors.py took 0.097 seconds
[2024-05-06T04:58:58.145+0000] {processor.py:161} INFO - Started process (PID=4861) to work on /home/airflow/.local/lib/python3.12/site-packages/airflow/example_dags/example_sensors.py
[2024-05-06T04:58:58.146+0000] {processor.py:830} INFO - Processing file /home/airflow/.local/lib/python3.12/site-packages/airflow/example_dags/example_sensors.py for tasks to queue
[2024-05-06T04:58:58.147+0000] {logging_mixin.py:188} INFO - [2024-05-06T04:58:58.147+0000] {dagbag.py:540} INFO - Filling up the DagBag from /home/airflow/.local/lib/python3.12/site-packages/airflow/example_dags/example_sensors.py
[2024-05-06T04:58:58.158+0000] {processor.py:840} INFO - DAG(s) 'example_sensors' retrieved from /home/airflow/.local/lib/python3.12/site-packages/airflow/example_dags/example_sensors.py
[2024-05-06T04:58:58.191+0000] {logging_mixin.py:188} INFO - [2024-05-06T04:58:58.190+0000] {dag.py:3096} INFO - Sync 1 DAGs
[2024-05-06T04:58:58.206+0000] {logging_mixin.py:188} INFO - [2024-05-06T04:58:58.206+0000] {dag.py:3954} INFO - Setting next_dagrun for example_sensors to None, run_after=None
[2024-05-06T04:58:58.230+0000] {processor.py:183} INFO - Processing /home/airflow/.local/lib/python3.12/site-packages/airflow/example_dags/example_sensors.py took 0.092 seconds
[2024-05-06T04:59:29.285+0000] {processor.py:161} INFO - Started process (PID=5129) to work on /home/airflow/.local/lib/python3.12/site-packages/airflow/example_dags/example_sensors.py
[2024-05-06T04:59:29.286+0000] {processor.py:830} INFO - Processing file /home/airflow/.local/lib/python3.12/site-packages/airflow/example_dags/example_sensors.py for tasks to queue
[2024-05-06T04:59:29.288+0000] {logging_mixin.py:188} INFO - [2024-05-06T04:59:29.287+0000] {dagbag.py:540} INFO - Filling up the DagBag from /home/airflow/.local/lib/python3.12/site-packages/airflow/example_dags/example_sensors.py
[2024-05-06T04:59:29.299+0000] {processor.py:840} INFO - DAG(s) 'example_sensors' retrieved from /home/airflow/.local/lib/python3.12/site-packages/airflow/example_dags/example_sensors.py
[2024-05-06T04:59:29.332+0000] {logging_mixin.py:188} INFO - [2024-05-06T04:59:29.332+0000] {dag.py:3096} INFO - Sync 1 DAGs
[2024-05-06T04:59:29.348+0000] {logging_mixin.py:188} INFO - [2024-05-06T04:59:29.348+0000] {dag.py:3954} INFO - Setting next_dagrun for example_sensors to None, run_after=None
[2024-05-06T04:59:29.377+0000] {processor.py:183} INFO - Processing /home/airflow/.local/lib/python3.12/site-packages/airflow/example_dags/example_sensors.py took 0.099 seconds
[2024-05-06T04:59:59.592+0000] {processor.py:161} INFO - Started process (PID=5386) to work on /home/airflow/.local/lib/python3.12/site-packages/airflow/example_dags/example_sensors.py
[2024-05-06T04:59:59.593+0000] {processor.py:830} INFO - Processing file /home/airflow/.local/lib/python3.12/site-packages/airflow/example_dags/example_sensors.py for tasks to queue
[2024-05-06T04:59:59.595+0000] {logging_mixin.py:188} INFO - [2024-05-06T04:59:59.594+0000] {dagbag.py:540} INFO - Filling up the DagBag from /home/airflow/.local/lib/python3.12/site-packages/airflow/example_dags/example_sensors.py
[2024-05-06T04:59:59.605+0000] {processor.py:840} INFO - DAG(s) 'example_sensors' retrieved from /home/airflow/.local/lib/python3.12/site-packages/airflow/example_dags/example_sensors.py
[2024-05-06T04:59:59.635+0000] {logging_mixin.py:188} INFO - [2024-05-06T04:59:59.634+0000] {dag.py:3096} INFO - Sync 1 DAGs
[2024-05-06T04:59:59.650+0000] {logging_mixin.py:188} INFO - [2024-05-06T04:59:59.650+0000] {dag.py:3954} INFO - Setting next_dagrun for example_sensors to None, run_after=None
[2024-05-06T04:59:59.673+0000] {processor.py:183} INFO - Processing /home/airflow/.local/lib/python3.12/site-packages/airflow/example_dags/example_sensors.py took 0.088 seconds
[2024-05-06T05:00:29.785+0000] {processor.py:161} INFO - Started process (PID=5654) to work on /home/airflow/.local/lib/python3.12/site-packages/airflow/example_dags/example_sensors.py
[2024-05-06T05:00:29.785+0000] {processor.py:830} INFO - Processing file /home/airflow/.local/lib/python3.12/site-packages/airflow/example_dags/example_sensors.py for tasks to queue
[2024-05-06T05:00:29.787+0000] {logging_mixin.py:188} INFO - [2024-05-06T05:00:29.787+0000] {dagbag.py:540} INFO - Filling up the DagBag from /home/airflow/.local/lib/python3.12/site-packages/airflow/example_dags/example_sensors.py
[2024-05-06T05:00:29.814+0000] {processor.py:840} INFO - DAG(s) 'example_sensors' retrieved from /home/airflow/.local/lib/python3.12/site-packages/airflow/example_dags/example_sensors.py
[2024-05-06T05:00:29.845+0000] {logging_mixin.py:188} INFO - [2024-05-06T05:00:29.844+0000] {dag.py:3096} INFO - Sync 1 DAGs
[2024-05-06T05:00:29.860+0000] {logging_mixin.py:188} INFO - [2024-05-06T05:00:29.860+0000] {dag.py:3954} INFO - Setting next_dagrun for example_sensors to None, run_after=None
[2024-05-06T05:00:29.885+0000] {processor.py:183} INFO - Processing /home/airflow/.local/lib/python3.12/site-packages/airflow/example_dags/example_sensors.py took 0.127 seconds
[2024-05-06T05:01:00.113+0000] {processor.py:161} INFO - Started process (PID=5921) to work on /home/airflow/.local/lib/python3.12/site-packages/airflow/example_dags/example_sensors.py
[2024-05-06T05:01:00.116+0000] {processor.py:830} INFO - Processing file /home/airflow/.local/lib/python3.12/site-packages/airflow/example_dags/example_sensors.py for tasks to queue
[2024-05-06T05:01:00.118+0000] {logging_mixin.py:188} INFO - [2024-05-06T05:01:00.117+0000] {dagbag.py:540} INFO - Filling up the DagBag from /home/airflow/.local/lib/python3.12/site-packages/airflow/example_dags/example_sensors.py
[2024-05-06T05:01:00.129+0000] {processor.py:840} INFO - DAG(s) 'example_sensors' retrieved from /home/airflow/.local/lib/python3.12/site-packages/airflow/example_dags/example_sensors.py
[2024-05-06T05:01:00.160+0000] {logging_mixin.py:188} INFO - [2024-05-06T05:01:00.160+0000] {dag.py:3096} INFO - Sync 1 DAGs
[2024-05-06T05:01:00.175+0000] {logging_mixin.py:188} INFO - [2024-05-06T05:01:00.175+0000] {dag.py:3954} INFO - Setting next_dagrun for example_sensors to None, run_after=None
[2024-05-06T05:01:00.201+0000] {processor.py:183} INFO - Processing /home/airflow/.local/lib/python3.12/site-packages/airflow/example_dags/example_sensors.py took 0.094 seconds
[2024-05-06T05:01:31.029+0000] {processor.py:161} INFO - Started process (PID=6188) to work on /home/airflow/.local/lib/python3.12/site-packages/airflow/example_dags/example_sensors.py
[2024-05-06T05:01:31.030+0000] {processor.py:830} INFO - Processing file /home/airflow/.local/lib/python3.12/site-packages/airflow/example_dags/example_sensors.py for tasks to queue
[2024-05-06T05:01:31.031+0000] {logging_mixin.py:188} INFO - [2024-05-06T05:01:31.031+0000] {dagbag.py:540} INFO - Filling up the DagBag from /home/airflow/.local/lib/python3.12/site-packages/airflow/example_dags/example_sensors.py
[2024-05-06T05:01:31.042+0000] {processor.py:840} INFO - DAG(s) 'example_sensors' retrieved from /home/airflow/.local/lib/python3.12/site-packages/airflow/example_dags/example_sensors.py
[2024-05-06T05:01:31.075+0000] {logging_mixin.py:188} INFO - [2024-05-06T05:01:31.072+0000] {dag.py:3096} INFO - Sync 1 DAGs
[2024-05-06T05:01:31.091+0000] {logging_mixin.py:188} INFO - [2024-05-06T05:01:31.091+0000] {dag.py:3954} INFO - Setting next_dagrun for example_sensors to None, run_after=None
[2024-05-06T05:01:31.116+0000] {processor.py:183} INFO - Processing /home/airflow/.local/lib/python3.12/site-packages/airflow/example_dags/example_sensors.py took 0.094 seconds
[2024-05-06T05:02:01.207+0000] {processor.py:161} INFO - Started process (PID=6454) to work on /home/airflow/.local/lib/python3.12/site-packages/airflow/example_dags/example_sensors.py
[2024-05-06T05:02:01.209+0000] {processor.py:830} INFO - Processing file /home/airflow/.local/lib/python3.12/site-packages/airflow/example_dags/example_sensors.py for tasks to queue
[2024-05-06T05:02:01.210+0000] {logging_mixin.py:188} INFO - [2024-05-06T05:02:01.210+0000] {dagbag.py:540} INFO - Filling up the DagBag from /home/airflow/.local/lib/python3.12/site-packages/airflow/example_dags/example_sensors.py
[2024-05-06T05:02:01.227+0000] {processor.py:840} INFO - DAG(s) 'example_sensors' retrieved from /home/airflow/.local/lib/python3.12/site-packages/airflow/example_dags/example_sensors.py
[2024-05-06T05:02:01.277+0000] {logging_mixin.py:188} INFO - [2024-05-06T05:02:01.277+0000] {dag.py:3096} INFO - Sync 1 DAGs
[2024-05-06T05:02:01.295+0000] {logging_mixin.py:188} INFO - [2024-05-06T05:02:01.295+0000] {dag.py:3954} INFO - Setting next_dagrun for example_sensors to None, run_after=None
[2024-05-06T05:02:01.333+0000] {processor.py:183} INFO - Processing /home/airflow/.local/lib/python3.12/site-packages/airflow/example_dags/example_sensors.py took 0.134 seconds
[2024-05-06T05:02:31.381+0000] {processor.py:161} INFO - Started process (PID=6721) to work on /home/airflow/.local/lib/python3.12/site-packages/airflow/example_dags/example_sensors.py
[2024-05-06T05:02:31.382+0000] {processor.py:830} INFO - Processing file /home/airflow/.local/lib/python3.12/site-packages/airflow/example_dags/example_sensors.py for tasks to queue
[2024-05-06T05:02:31.383+0000] {logging_mixin.py:188} INFO - [2024-05-06T05:02:31.383+0000] {dagbag.py:540} INFO - Filling up the DagBag from /home/airflow/.local/lib/python3.12/site-packages/airflow/example_dags/example_sensors.py
[2024-05-06T05:02:31.390+0000] {processor.py:840} INFO - DAG(s) 'example_sensors' retrieved from /home/airflow/.local/lib/python3.12/site-packages/airflow/example_dags/example_sensors.py
[2024-05-06T05:02:31.412+0000] {logging_mixin.py:188} INFO - [2024-05-06T05:02:31.412+0000] {dag.py:3096} INFO - Sync 1 DAGs
[2024-05-06T05:02:31.425+0000] {logging_mixin.py:188} INFO - [2024-05-06T05:02:31.425+0000] {dag.py:3954} INFO - Setting next_dagrun for example_sensors to None, run_after=None
[2024-05-06T05:02:31.449+0000] {processor.py:183} INFO - Processing /home/airflow/.local/lib/python3.12/site-packages/airflow/example_dags/example_sensors.py took 0.073 seconds
[2024-05-06T05:03:01.910+0000] {processor.py:161} INFO - Started process (PID=6992) to work on /home/airflow/.local/lib/python3.12/site-packages/airflow/example_dags/example_sensors.py
[2024-05-06T05:03:01.911+0000] {processor.py:830} INFO - Processing file /home/airflow/.local/lib/python3.12/site-packages/airflow/example_dags/example_sensors.py for tasks to queue
[2024-05-06T05:03:01.912+0000] {logging_mixin.py:188} INFO - [2024-05-06T05:03:01.912+0000] {dagbag.py:540} INFO - Filling up the DagBag from /home/airflow/.local/lib/python3.12/site-packages/airflow/example_dags/example_sensors.py
[2024-05-06T05:03:01.924+0000] {processor.py:840} INFO - DAG(s) 'example_sensors' retrieved from /home/airflow/.local/lib/python3.12/site-packages/airflow/example_dags/example_sensors.py
[2024-05-06T05:03:01.955+0000] {logging_mixin.py:188} INFO - [2024-05-06T05:03:01.954+0000] {dag.py:3096} INFO - Sync 1 DAGs
[2024-05-06T05:03:01.970+0000] {logging_mixin.py:188} INFO - [2024-05-06T05:03:01.969+0000] {dag.py:3954} INFO - Setting next_dagrun for example_sensors to None, run_after=None
[2024-05-06T05:03:02.001+0000] {processor.py:183} INFO - Processing /home/airflow/.local/lib/python3.12/site-packages/airflow/example_dags/example_sensors.py took 0.099 seconds
[2024-05-06T05:03:32.239+0000] {processor.py:161} INFO - Started process (PID=7261) to work on /home/airflow/.local/lib/python3.12/site-packages/airflow/example_dags/example_sensors.py
[2024-05-06T05:03:32.240+0000] {processor.py:830} INFO - Processing file /home/airflow/.local/lib/python3.12/site-packages/airflow/example_dags/example_sensors.py for tasks to queue
[2024-05-06T05:03:32.242+0000] {logging_mixin.py:188} INFO - [2024-05-06T05:03:32.242+0000] {dagbag.py:540} INFO - Filling up the DagBag from /home/airflow/.local/lib/python3.12/site-packages/airflow/example_dags/example_sensors.py
[2024-05-06T05:03:32.254+0000] {processor.py:840} INFO - DAG(s) 'example_sensors' retrieved from /home/airflow/.local/lib/python3.12/site-packages/airflow/example_dags/example_sensors.py
[2024-05-06T05:03:32.288+0000] {logging_mixin.py:188} INFO - [2024-05-06T05:03:32.288+0000] {dag.py:3096} INFO - Sync 1 DAGs
[2024-05-06T05:03:32.490+0000] {logging_mixin.py:188} INFO - [2024-05-06T05:03:32.489+0000] {dag.py:3954} INFO - Setting next_dagrun for example_sensors to None, run_after=None
[2024-05-06T05:03:32.555+0000] {processor.py:183} INFO - Processing /home/airflow/.local/lib/python3.12/site-packages/airflow/example_dags/example_sensors.py took 0.322 seconds
[2024-05-06T05:04:03.147+0000] {processor.py:161} INFO - Started process (PID=7528) to work on /home/airflow/.local/lib/python3.12/site-packages/airflow/example_dags/example_sensors.py
[2024-05-06T05:04:03.148+0000] {processor.py:830} INFO - Processing file /home/airflow/.local/lib/python3.12/site-packages/airflow/example_dags/example_sensors.py for tasks to queue
[2024-05-06T05:04:03.150+0000] {logging_mixin.py:188} INFO - [2024-05-06T05:04:03.150+0000] {dagbag.py:540} INFO - Filling up the DagBag from /home/airflow/.local/lib/python3.12/site-packages/airflow/example_dags/example_sensors.py
[2024-05-06T05:04:03.163+0000] {processor.py:840} INFO - DAG(s) 'example_sensors' retrieved from /home/airflow/.local/lib/python3.12/site-packages/airflow/example_dags/example_sensors.py
[2024-05-06T05:04:03.196+0000] {logging_mixin.py:188} INFO - [2024-05-06T05:04:03.196+0000] {dag.py:3096} INFO - Sync 1 DAGs
[2024-05-06T05:04:03.211+0000] {logging_mixin.py:188} INFO - [2024-05-06T05:04:03.211+0000] {dag.py:3954} INFO - Setting next_dagrun for example_sensors to None, run_after=None
[2024-05-06T05:04:03.366+0000] {processor.py:183} INFO - Processing /home/airflow/.local/lib/python3.12/site-packages/airflow/example_dags/example_sensors.py took 0.226 seconds
[2024-05-06T05:04:33.411+0000] {processor.py:161} INFO - Started process (PID=7800) to work on /home/airflow/.local/lib/python3.12/site-packages/airflow/example_dags/example_sensors.py
[2024-05-06T05:04:33.412+0000] {processor.py:830} INFO - Processing file /home/airflow/.local/lib/python3.12/site-packages/airflow/example_dags/example_sensors.py for tasks to queue
[2024-05-06T05:04:33.413+0000] {logging_mixin.py:188} INFO - [2024-05-06T05:04:33.413+0000] {dagbag.py:540} INFO - Filling up the DagBag from /home/airflow/.local/lib/python3.12/site-packages/airflow/example_dags/example_sensors.py
[2024-05-06T05:04:33.421+0000] {processor.py:840} INFO - DAG(s) 'example_sensors' retrieved from /home/airflow/.local/lib/python3.12/site-packages/airflow/example_dags/example_sensors.py
[2024-05-06T05:04:33.445+0000] {logging_mixin.py:188} INFO - [2024-05-06T05:04:33.445+0000] {dag.py:3096} INFO - Sync 1 DAGs
[2024-05-06T05:04:33.456+0000] {logging_mixin.py:188} INFO - [2024-05-06T05:04:33.456+0000] {dag.py:3954} INFO - Setting next_dagrun for example_sensors to None, run_after=None
[2024-05-06T05:04:33.476+0000] {processor.py:183} INFO - Processing /home/airflow/.local/lib/python3.12/site-packages/airflow/example_dags/example_sensors.py took 0.070 seconds
[2024-05-06T05:05:03.532+0000] {processor.py:161} INFO - Started process (PID=8067) to work on /home/airflow/.local/lib/python3.12/site-packages/airflow/example_dags/example_sensors.py
[2024-05-06T05:05:03.533+0000] {processor.py:830} INFO - Processing file /home/airflow/.local/lib/python3.12/site-packages/airflow/example_dags/example_sensors.py for tasks to queue
[2024-05-06T05:05:03.534+0000] {logging_mixin.py:188} INFO - [2024-05-06T05:05:03.534+0000] {dagbag.py:540} INFO - Filling up the DagBag from /home/airflow/.local/lib/python3.12/site-packages/airflow/example_dags/example_sensors.py
[2024-05-06T05:05:03.541+0000] {processor.py:840} INFO - DAG(s) 'example_sensors' retrieved from /home/airflow/.local/lib/python3.12/site-packages/airflow/example_dags/example_sensors.py
[2024-05-06T05:05:03.563+0000] {logging_mixin.py:188} INFO - [2024-05-06T05:05:03.563+0000] {dag.py:3096} INFO - Sync 1 DAGs
[2024-05-06T05:05:03.575+0000] {logging_mixin.py:188} INFO - [2024-05-06T05:05:03.575+0000] {dag.py:3954} INFO - Setting next_dagrun for example_sensors to None, run_after=None
[2024-05-06T05:05:03.597+0000] {processor.py:183} INFO - Processing /home/airflow/.local/lib/python3.12/site-packages/airflow/example_dags/example_sensors.py took 0.070 seconds
[2024-05-06T05:05:33.633+0000] {processor.py:161} INFO - Started process (PID=8337) to work on /home/airflow/.local/lib/python3.12/site-packages/airflow/example_dags/example_sensors.py
[2024-05-06T05:05:33.634+0000] {processor.py:830} INFO - Processing file /home/airflow/.local/lib/python3.12/site-packages/airflow/example_dags/example_sensors.py for tasks to queue
[2024-05-06T05:05:33.636+0000] {logging_mixin.py:188} INFO - [2024-05-06T05:05:33.635+0000] {dagbag.py:540} INFO - Filling up the DagBag from /home/airflow/.local/lib/python3.12/site-packages/airflow/example_dags/example_sensors.py
[2024-05-06T05:05:33.646+0000] {processor.py:840} INFO - DAG(s) 'example_sensors' retrieved from /home/airflow/.local/lib/python3.12/site-packages/airflow/example_dags/example_sensors.py
[2024-05-06T05:05:33.680+0000] {logging_mixin.py:188} INFO - [2024-05-06T05:05:33.680+0000] {dag.py:3096} INFO - Sync 1 DAGs
[2024-05-06T05:05:33.696+0000] {logging_mixin.py:188} INFO - [2024-05-06T05:05:33.696+0000] {dag.py:3954} INFO - Setting next_dagrun for example_sensors to None, run_after=None
[2024-05-06T05:05:33.718+0000] {processor.py:183} INFO - Processing /home/airflow/.local/lib/python3.12/site-packages/airflow/example_dags/example_sensors.py took 0.092 seconds
[2024-05-06T05:06:04.054+0000] {processor.py:161} INFO - Started process (PID=8604) to work on /home/airflow/.local/lib/python3.12/site-packages/airflow/example_dags/example_sensors.py
[2024-05-06T05:06:04.055+0000] {processor.py:830} INFO - Processing file /home/airflow/.local/lib/python3.12/site-packages/airflow/example_dags/example_sensors.py for tasks to queue
[2024-05-06T05:06:04.057+0000] {logging_mixin.py:188} INFO - [2024-05-06T05:06:04.057+0000] {dagbag.py:540} INFO - Filling up the DagBag from /home/airflow/.local/lib/python3.12/site-packages/airflow/example_dags/example_sensors.py
[2024-05-06T05:06:04.067+0000] {processor.py:840} INFO - DAG(s) 'example_sensors' retrieved from /home/airflow/.local/lib/python3.12/site-packages/airflow/example_dags/example_sensors.py
[2024-05-06T05:06:04.099+0000] {logging_mixin.py:188} INFO - [2024-05-06T05:06:04.099+0000] {dag.py:3096} INFO - Sync 1 DAGs
[2024-05-06T05:06:04.115+0000] {logging_mixin.py:188} INFO - [2024-05-06T05:06:04.115+0000] {dag.py:3954} INFO - Setting next_dagrun for example_sensors to None, run_after=None
[2024-05-06T05:06:04.140+0000] {processor.py:183} INFO - Processing /home/airflow/.local/lib/python3.12/site-packages/airflow/example_dags/example_sensors.py took 0.093 seconds
[2024-05-06T05:06:34.383+0000] {processor.py:161} INFO - Started process (PID=8876) to work on /home/airflow/.local/lib/python3.12/site-packages/airflow/example_dags/example_sensors.py
[2024-05-06T05:06:34.383+0000] {processor.py:830} INFO - Processing file /home/airflow/.local/lib/python3.12/site-packages/airflow/example_dags/example_sensors.py for tasks to queue
[2024-05-06T05:06:34.385+0000] {logging_mixin.py:188} INFO - [2024-05-06T05:06:34.385+0000] {dagbag.py:540} INFO - Filling up the DagBag from /home/airflow/.local/lib/python3.12/site-packages/airflow/example_dags/example_sensors.py
[2024-05-06T05:06:34.396+0000] {processor.py:840} INFO - DAG(s) 'example_sensors' retrieved from /home/airflow/.local/lib/python3.12/site-packages/airflow/example_dags/example_sensors.py
[2024-05-06T05:06:34.428+0000] {logging_mixin.py:188} INFO - [2024-05-06T05:06:34.428+0000] {dag.py:3096} INFO - Sync 1 DAGs
[2024-05-06T05:06:34.443+0000] {logging_mixin.py:188} INFO - [2024-05-06T05:06:34.443+0000] {dag.py:3954} INFO - Setting next_dagrun for example_sensors to None, run_after=None
[2024-05-06T05:06:34.466+0000] {processor.py:183} INFO - Processing /home/airflow/.local/lib/python3.12/site-packages/airflow/example_dags/example_sensors.py took 0.091 seconds
[2024-05-06T05:07:05.019+0000] {processor.py:161} INFO - Started process (PID=9148) to work on /home/airflow/.local/lib/python3.12/site-packages/airflow/example_dags/example_sensors.py
[2024-05-06T05:07:05.020+0000] {processor.py:830} INFO - Processing file /home/airflow/.local/lib/python3.12/site-packages/airflow/example_dags/example_sensors.py for tasks to queue
[2024-05-06T05:07:05.022+0000] {logging_mixin.py:188} INFO - [2024-05-06T05:07:05.022+0000] {dagbag.py:540} INFO - Filling up the DagBag from /home/airflow/.local/lib/python3.12/site-packages/airflow/example_dags/example_sensors.py
[2024-05-06T05:07:05.033+0000] {processor.py:840} INFO - DAG(s) 'example_sensors' retrieved from /home/airflow/.local/lib/python3.12/site-packages/airflow/example_dags/example_sensors.py
[2024-05-06T05:07:05.064+0000] {logging_mixin.py:188} INFO - [2024-05-06T05:07:05.063+0000] {dag.py:3096} INFO - Sync 1 DAGs
[2024-05-06T05:07:05.079+0000] {logging_mixin.py:188} INFO - [2024-05-06T05:07:05.079+0000] {dag.py:3954} INFO - Setting next_dagrun for example_sensors to None, run_after=None
[2024-05-06T05:07:05.105+0000] {processor.py:183} INFO - Processing /home/airflow/.local/lib/python3.12/site-packages/airflow/example_dags/example_sensors.py took 0.093 seconds
[2024-05-06T05:07:35.792+0000] {processor.py:161} INFO - Started process (PID=9422) to work on /home/airflow/.local/lib/python3.12/site-packages/airflow/example_dags/example_sensors.py
[2024-05-06T05:07:35.793+0000] {processor.py:830} INFO - Processing file /home/airflow/.local/lib/python3.12/site-packages/airflow/example_dags/example_sensors.py for tasks to queue
[2024-05-06T05:07:35.795+0000] {logging_mixin.py:188} INFO - [2024-05-06T05:07:35.795+0000] {dagbag.py:540} INFO - Filling up the DagBag from /home/airflow/.local/lib/python3.12/site-packages/airflow/example_dags/example_sensors.py
[2024-05-06T05:07:35.806+0000] {processor.py:840} INFO - DAG(s) 'example_sensors' retrieved from /home/airflow/.local/lib/python3.12/site-packages/airflow/example_dags/example_sensors.py
[2024-05-06T05:07:35.840+0000] {logging_mixin.py:188} INFO - [2024-05-06T05:07:35.840+0000] {dag.py:3096} INFO - Sync 1 DAGs
[2024-05-06T05:07:35.858+0000] {logging_mixin.py:188} INFO - [2024-05-06T05:07:35.857+0000] {dag.py:3954} INFO - Setting next_dagrun for example_sensors to None, run_after=None
[2024-05-06T05:07:35.882+0000] {processor.py:183} INFO - Processing /home/airflow/.local/lib/python3.12/site-packages/airflow/example_dags/example_sensors.py took 0.097 seconds
[2024-05-06T05:08:06.422+0000] {processor.py:161} INFO - Started process (PID=9695) to work on /home/airflow/.local/lib/python3.12/site-packages/airflow/example_dags/example_sensors.py
[2024-05-06T05:08:06.423+0000] {processor.py:830} INFO - Processing file /home/airflow/.local/lib/python3.12/site-packages/airflow/example_dags/example_sensors.py for tasks to queue
[2024-05-06T05:08:06.424+0000] {logging_mixin.py:188} INFO - [2024-05-06T05:08:06.424+0000] {dagbag.py:540} INFO - Filling up the DagBag from /home/airflow/.local/lib/python3.12/site-packages/airflow/example_dags/example_sensors.py
[2024-05-06T05:08:06.435+0000] {processor.py:840} INFO - DAG(s) 'example_sensors' retrieved from /home/airflow/.local/lib/python3.12/site-packages/airflow/example_dags/example_sensors.py
[2024-05-06T05:08:06.466+0000] {logging_mixin.py:188} INFO - [2024-05-06T05:08:06.465+0000] {dag.py:3096} INFO - Sync 1 DAGs
[2024-05-06T05:08:06.482+0000] {logging_mixin.py:188} INFO - [2024-05-06T05:08:06.481+0000] {dag.py:3954} INFO - Setting next_dagrun for example_sensors to None, run_after=None
[2024-05-06T05:08:06.509+0000] {processor.py:183} INFO - Processing /home/airflow/.local/lib/python3.12/site-packages/airflow/example_dags/example_sensors.py took 0.092 seconds
[2024-05-06T05:08:37.087+0000] {processor.py:161} INFO - Started process (PID=9967) to work on /home/airflow/.local/lib/python3.12/site-packages/airflow/example_dags/example_sensors.py
[2024-05-06T05:08:37.088+0000] {processor.py:830} INFO - Processing file /home/airflow/.local/lib/python3.12/site-packages/airflow/example_dags/example_sensors.py for tasks to queue
[2024-05-06T05:08:37.089+0000] {logging_mixin.py:188} INFO - [2024-05-06T05:08:37.089+0000] {dagbag.py:540} INFO - Filling up the DagBag from /home/airflow/.local/lib/python3.12/site-packages/airflow/example_dags/example_sensors.py
[2024-05-06T05:08:37.100+0000] {processor.py:840} INFO - DAG(s) 'example_sensors' retrieved from /home/airflow/.local/lib/python3.12/site-packages/airflow/example_dags/example_sensors.py
[2024-05-06T05:08:37.131+0000] {logging_mixin.py:188} INFO - [2024-05-06T05:08:37.131+0000] {dag.py:3096} INFO - Sync 1 DAGs
[2024-05-06T05:08:37.146+0000] {logging_mixin.py:188} INFO - [2024-05-06T05:08:37.146+0000] {dag.py:3954} INFO - Setting next_dagrun for example_sensors to None, run_after=None
[2024-05-06T05:08:37.170+0000] {processor.py:183} INFO - Processing /home/airflow/.local/lib/python3.12/site-packages/airflow/example_dags/example_sensors.py took 0.089 seconds
[2024-05-06T05:09:07.674+0000] {processor.py:161} INFO - Started process (PID=10239) to work on /home/airflow/.local/lib/python3.12/site-packages/airflow/example_dags/example_sensors.py
[2024-05-06T05:09:07.674+0000] {processor.py:830} INFO - Processing file /home/airflow/.local/lib/python3.12/site-packages/airflow/example_dags/example_sensors.py for tasks to queue
[2024-05-06T05:09:07.676+0000] {logging_mixin.py:188} INFO - [2024-05-06T05:09:07.675+0000] {dagbag.py:540} INFO - Filling up the DagBag from /home/airflow/.local/lib/python3.12/site-packages/airflow/example_dags/example_sensors.py
[2024-05-06T05:09:07.687+0000] {processor.py:840} INFO - DAG(s) 'example_sensors' retrieved from /home/airflow/.local/lib/python3.12/site-packages/airflow/example_dags/example_sensors.py
[2024-05-06T05:09:07.719+0000] {logging_mixin.py:188} INFO - [2024-05-06T05:09:07.719+0000] {dag.py:3096} INFO - Sync 1 DAGs
[2024-05-06T05:09:07.736+0000] {logging_mixin.py:188} INFO - [2024-05-06T05:09:07.735+0000] {dag.py:3954} INFO - Setting next_dagrun for example_sensors to None, run_after=None
[2024-05-06T05:09:07.771+0000] {processor.py:183} INFO - Processing /home/airflow/.local/lib/python3.12/site-packages/airflow/example_dags/example_sensors.py took 0.102 seconds
[2024-05-06T05:09:38.042+0000] {processor.py:161} INFO - Started process (PID=10511) to work on /home/airflow/.local/lib/python3.12/site-packages/airflow/example_dags/example_sensors.py
[2024-05-06T05:09:38.043+0000] {processor.py:830} INFO - Processing file /home/airflow/.local/lib/python3.12/site-packages/airflow/example_dags/example_sensors.py for tasks to queue
[2024-05-06T05:09:38.045+0000] {logging_mixin.py:188} INFO - [2024-05-06T05:09:38.044+0000] {dagbag.py:540} INFO - Filling up the DagBag from /home/airflow/.local/lib/python3.12/site-packages/airflow/example_dags/example_sensors.py
[2024-05-06T05:09:38.056+0000] {processor.py:840} INFO - DAG(s) 'example_sensors' retrieved from /home/airflow/.local/lib/python3.12/site-packages/airflow/example_dags/example_sensors.py
[2024-05-06T05:09:38.087+0000] {logging_mixin.py:188} INFO - [2024-05-06T05:09:38.087+0000] {dag.py:3096} INFO - Sync 1 DAGs
[2024-05-06T05:09:38.103+0000] {logging_mixin.py:188} INFO - [2024-05-06T05:09:38.103+0000] {dag.py:3954} INFO - Setting next_dagrun for example_sensors to None, run_after=None
[2024-05-06T05:09:38.127+0000] {processor.py:183} INFO - Processing /home/airflow/.local/lib/python3.12/site-packages/airflow/example_dags/example_sensors.py took 0.092 seconds
[2024-05-06T05:10:08.623+0000] {processor.py:161} INFO - Started process (PID=10783) to work on /home/airflow/.local/lib/python3.12/site-packages/airflow/example_dags/example_sensors.py
[2024-05-06T05:10:08.623+0000] {processor.py:830} INFO - Processing file /home/airflow/.local/lib/python3.12/site-packages/airflow/example_dags/example_sensors.py for tasks to queue
[2024-05-06T05:10:08.626+0000] {logging_mixin.py:188} INFO - [2024-05-06T05:10:08.625+0000] {dagbag.py:540} INFO - Filling up the DagBag from /home/airflow/.local/lib/python3.12/site-packages/airflow/example_dags/example_sensors.py
[2024-05-06T05:10:08.637+0000] {processor.py:840} INFO - DAG(s) 'example_sensors' retrieved from /home/airflow/.local/lib/python3.12/site-packages/airflow/example_dags/example_sensors.py
[2024-05-06T05:10:08.671+0000] {logging_mixin.py:188} INFO - [2024-05-06T05:10:08.671+0000] {dag.py:3096} INFO - Sync 1 DAGs
[2024-05-06T05:10:08.687+0000] {logging_mixin.py:188} INFO - [2024-05-06T05:10:08.686+0000] {dag.py:3954} INFO - Setting next_dagrun for example_sensors to None, run_after=None
[2024-05-06T05:10:08.712+0000] {processor.py:183} INFO - Processing /home/airflow/.local/lib/python3.12/site-packages/airflow/example_dags/example_sensors.py took 0.096 seconds
[2024-05-06T05:10:39.048+0000] {processor.py:161} INFO - Started process (PID=11055) to work on /home/airflow/.local/lib/python3.12/site-packages/airflow/example_dags/example_sensors.py
[2024-05-06T05:10:39.049+0000] {processor.py:830} INFO - Processing file /home/airflow/.local/lib/python3.12/site-packages/airflow/example_dags/example_sensors.py for tasks to queue
[2024-05-06T05:10:39.051+0000] {logging_mixin.py:188} INFO - [2024-05-06T05:10:39.050+0000] {dagbag.py:540} INFO - Filling up the DagBag from /home/airflow/.local/lib/python3.12/site-packages/airflow/example_dags/example_sensors.py
[2024-05-06T05:10:39.062+0000] {processor.py:840} INFO - DAG(s) 'example_sensors' retrieved from /home/airflow/.local/lib/python3.12/site-packages/airflow/example_dags/example_sensors.py
[2024-05-06T05:10:39.096+0000] {logging_mixin.py:188} INFO - [2024-05-06T05:10:39.096+0000] {dag.py:3096} INFO - Sync 1 DAGs
[2024-05-06T05:10:39.115+0000] {logging_mixin.py:188} INFO - [2024-05-06T05:10:39.115+0000] {dag.py:3954} INFO - Setting next_dagrun for example_sensors to None, run_after=None
[2024-05-06T05:10:39.142+0000] {processor.py:183} INFO - Processing /home/airflow/.local/lib/python3.12/site-packages/airflow/example_dags/example_sensors.py took 0.101 seconds
[2024-05-06T05:11:09.382+0000] {processor.py:161} INFO - Started process (PID=11327) to work on /home/airflow/.local/lib/python3.12/site-packages/airflow/example_dags/example_sensors.py
[2024-05-06T05:11:09.383+0000] {processor.py:830} INFO - Processing file /home/airflow/.local/lib/python3.12/site-packages/airflow/example_dags/example_sensors.py for tasks to queue
[2024-05-06T05:11:09.384+0000] {logging_mixin.py:188} INFO - [2024-05-06T05:11:09.384+0000] {dagbag.py:540} INFO - Filling up the DagBag from /home/airflow/.local/lib/python3.12/site-packages/airflow/example_dags/example_sensors.py
[2024-05-06T05:11:09.395+0000] {processor.py:840} INFO - DAG(s) 'example_sensors' retrieved from /home/airflow/.local/lib/python3.12/site-packages/airflow/example_dags/example_sensors.py
[2024-05-06T05:11:09.423+0000] {logging_mixin.py:188} INFO - [2024-05-06T05:11:09.422+0000] {dag.py:3096} INFO - Sync 1 DAGs
[2024-05-06T05:11:09.438+0000] {logging_mixin.py:188} INFO - [2024-05-06T05:11:09.438+0000] {dag.py:3954} INFO - Setting next_dagrun for example_sensors to None, run_after=None
[2024-05-06T05:11:09.463+0000] {processor.py:183} INFO - Processing /home/airflow/.local/lib/python3.12/site-packages/airflow/example_dags/example_sensors.py took 0.088 seconds
[2024-05-06T05:11:40.121+0000] {processor.py:161} INFO - Started process (PID=11600) to work on /home/airflow/.local/lib/python3.12/site-packages/airflow/example_dags/example_sensors.py
[2024-05-06T05:11:40.122+0000] {processor.py:830} INFO - Processing file /home/airflow/.local/lib/python3.12/site-packages/airflow/example_dags/example_sensors.py for tasks to queue
[2024-05-06T05:11:40.124+0000] {logging_mixin.py:188} INFO - [2024-05-06T05:11:40.124+0000] {dagbag.py:540} INFO - Filling up the DagBag from /home/airflow/.local/lib/python3.12/site-packages/airflow/example_dags/example_sensors.py
[2024-05-06T05:11:40.135+0000] {processor.py:840} INFO - DAG(s) 'example_sensors' retrieved from /home/airflow/.local/lib/python3.12/site-packages/airflow/example_dags/example_sensors.py
[2024-05-06T05:11:40.171+0000] {logging_mixin.py:188} INFO - [2024-05-06T05:11:40.170+0000] {dag.py:3096} INFO - Sync 1 DAGs
[2024-05-06T05:11:40.187+0000] {logging_mixin.py:188} INFO - [2024-05-06T05:11:40.187+0000] {dag.py:3954} INFO - Setting next_dagrun for example_sensors to None, run_after=None
[2024-05-06T05:11:40.212+0000] {processor.py:183} INFO - Processing /home/airflow/.local/lib/python3.12/site-packages/airflow/example_dags/example_sensors.py took 0.099 seconds
[2024-05-06T05:12:10.291+0000] {processor.py:161} INFO - Started process (PID=11872) to work on /home/airflow/.local/lib/python3.12/site-packages/airflow/example_dags/example_sensors.py
[2024-05-06T05:12:10.292+0000] {processor.py:830} INFO - Processing file /home/airflow/.local/lib/python3.12/site-packages/airflow/example_dags/example_sensors.py for tasks to queue
[2024-05-06T05:12:10.293+0000] {logging_mixin.py:188} INFO - [2024-05-06T05:12:10.293+0000] {dagbag.py:540} INFO - Filling up the DagBag from /home/airflow/.local/lib/python3.12/site-packages/airflow/example_dags/example_sensors.py
[2024-05-06T05:12:10.305+0000] {processor.py:840} INFO - DAG(s) 'example_sensors' retrieved from /home/airflow/.local/lib/python3.12/site-packages/airflow/example_dags/example_sensors.py
[2024-05-06T05:12:10.336+0000] {logging_mixin.py:188} INFO - [2024-05-06T05:12:10.336+0000] {dag.py:3096} INFO - Sync 1 DAGs
[2024-05-06T05:12:10.362+0000] {logging_mixin.py:188} INFO - [2024-05-06T05:12:10.361+0000] {dag.py:3954} INFO - Setting next_dagrun for example_sensors to None, run_after=None
[2024-05-06T05:12:10.393+0000] {processor.py:183} INFO - Processing /home/airflow/.local/lib/python3.12/site-packages/airflow/example_dags/example_sensors.py took 0.108 seconds
[2024-05-06T05:12:40.831+0000] {processor.py:161} INFO - Started process (PID=12144) to work on /home/airflow/.local/lib/python3.12/site-packages/airflow/example_dags/example_sensors.py
[2024-05-06T05:12:40.832+0000] {processor.py:830} INFO - Processing file /home/airflow/.local/lib/python3.12/site-packages/airflow/example_dags/example_sensors.py for tasks to queue
[2024-05-06T05:12:40.834+0000] {logging_mixin.py:188} INFO - [2024-05-06T05:12:40.834+0000] {dagbag.py:540} INFO - Filling up the DagBag from /home/airflow/.local/lib/python3.12/site-packages/airflow/example_dags/example_sensors.py
[2024-05-06T05:12:40.844+0000] {processor.py:840} INFO - DAG(s) 'example_sensors' retrieved from /home/airflow/.local/lib/python3.12/site-packages/airflow/example_dags/example_sensors.py
[2024-05-06T05:12:40.879+0000] {logging_mixin.py:188} INFO - [2024-05-06T05:12:40.878+0000] {dag.py:3096} INFO - Sync 1 DAGs
[2024-05-06T05:12:40.895+0000] {logging_mixin.py:188} INFO - [2024-05-06T05:12:40.895+0000] {dag.py:3954} INFO - Setting next_dagrun for example_sensors to None, run_after=None
[2024-05-06T05:12:40.927+0000] {processor.py:183} INFO - Processing /home/airflow/.local/lib/python3.12/site-packages/airflow/example_dags/example_sensors.py took 0.103 seconds
[2024-05-06T05:13:11.521+0000] {processor.py:161} INFO - Started process (PID=12417) to work on /home/airflow/.local/lib/python3.12/site-packages/airflow/example_dags/example_sensors.py
[2024-05-06T05:13:11.522+0000] {processor.py:830} INFO - Processing file /home/airflow/.local/lib/python3.12/site-packages/airflow/example_dags/example_sensors.py for tasks to queue
[2024-05-06T05:13:11.524+0000] {logging_mixin.py:188} INFO - [2024-05-06T05:13:11.524+0000] {dagbag.py:540} INFO - Filling up the DagBag from /home/airflow/.local/lib/python3.12/site-packages/airflow/example_dags/example_sensors.py
[2024-05-06T05:13:11.534+0000] {processor.py:840} INFO - DAG(s) 'example_sensors' retrieved from /home/airflow/.local/lib/python3.12/site-packages/airflow/example_dags/example_sensors.py
[2024-05-06T05:13:11.567+0000] {logging_mixin.py:188} INFO - [2024-05-06T05:13:11.567+0000] {dag.py:3096} INFO - Sync 1 DAGs
[2024-05-06T05:13:11.583+0000] {logging_mixin.py:188} INFO - [2024-05-06T05:13:11.582+0000] {dag.py:3954} INFO - Setting next_dagrun for example_sensors to None, run_after=None
[2024-05-06T05:13:11.610+0000] {processor.py:183} INFO - Processing /home/airflow/.local/lib/python3.12/site-packages/airflow/example_dags/example_sensors.py took 0.096 seconds
[2024-05-06T05:13:42.215+0000] {processor.py:161} INFO - Started process (PID=12690) to work on /home/airflow/.local/lib/python3.12/site-packages/airflow/example_dags/example_sensors.py
[2024-05-06T05:13:42.219+0000] {processor.py:830} INFO - Processing file /home/airflow/.local/lib/python3.12/site-packages/airflow/example_dags/example_sensors.py for tasks to queue
[2024-05-06T05:13:42.221+0000] {logging_mixin.py:188} INFO - [2024-05-06T05:13:42.220+0000] {dagbag.py:540} INFO - Filling up the DagBag from /home/airflow/.local/lib/python3.12/site-packages/airflow/example_dags/example_sensors.py
[2024-05-06T05:13:42.232+0000] {processor.py:840} INFO - DAG(s) 'example_sensors' retrieved from /home/airflow/.local/lib/python3.12/site-packages/airflow/example_dags/example_sensors.py
[2024-05-06T05:13:42.265+0000] {logging_mixin.py:188} INFO - [2024-05-06T05:13:42.265+0000] {dag.py:3096} INFO - Sync 1 DAGs
[2024-05-06T05:13:42.282+0000] {logging_mixin.py:188} INFO - [2024-05-06T05:13:42.282+0000] {dag.py:3954} INFO - Setting next_dagrun for example_sensors to None, run_after=None
[2024-05-06T05:13:42.310+0000] {processor.py:183} INFO - Processing /home/airflow/.local/lib/python3.12/site-packages/airflow/example_dags/example_sensors.py took 0.103 seconds
[2024-05-06T05:14:12.991+0000] {processor.py:161} INFO - Started process (PID=12962) to work on /home/airflow/.local/lib/python3.12/site-packages/airflow/example_dags/example_sensors.py
[2024-05-06T05:14:12.992+0000] {processor.py:830} INFO - Processing file /home/airflow/.local/lib/python3.12/site-packages/airflow/example_dags/example_sensors.py for tasks to queue
[2024-05-06T05:14:12.994+0000] {logging_mixin.py:188} INFO - [2024-05-06T05:14:12.994+0000] {dagbag.py:540} INFO - Filling up the DagBag from /home/airflow/.local/lib/python3.12/site-packages/airflow/example_dags/example_sensors.py
[2024-05-06T05:14:13.004+0000] {processor.py:840} INFO - DAG(s) 'example_sensors' retrieved from /home/airflow/.local/lib/python3.12/site-packages/airflow/example_dags/example_sensors.py
[2024-05-06T05:14:13.035+0000] {logging_mixin.py:188} INFO - [2024-05-06T05:14:13.035+0000] {dag.py:3096} INFO - Sync 1 DAGs
[2024-05-06T05:14:13.052+0000] {logging_mixin.py:188} INFO - [2024-05-06T05:14:13.052+0000] {dag.py:3954} INFO - Setting next_dagrun for example_sensors to None, run_after=None
[2024-05-06T05:14:13.094+0000] {processor.py:183} INFO - Processing /home/airflow/.local/lib/python3.12/site-packages/airflow/example_dags/example_sensors.py took 0.111 seconds
[2024-05-06T05:14:43.686+0000] {processor.py:161} INFO - Started process (PID=13235) to work on /home/airflow/.local/lib/python3.12/site-packages/airflow/example_dags/example_sensors.py
[2024-05-06T05:14:43.687+0000] {processor.py:830} INFO - Processing file /home/airflow/.local/lib/python3.12/site-packages/airflow/example_dags/example_sensors.py for tasks to queue
[2024-05-06T05:14:43.689+0000] {logging_mixin.py:188} INFO - [2024-05-06T05:14:43.689+0000] {dagbag.py:540} INFO - Filling up the DagBag from /home/airflow/.local/lib/python3.12/site-packages/airflow/example_dags/example_sensors.py
[2024-05-06T05:14:43.701+0000] {processor.py:840} INFO - DAG(s) 'example_sensors' retrieved from /home/airflow/.local/lib/python3.12/site-packages/airflow/example_dags/example_sensors.py
[2024-05-06T05:14:43.742+0000] {logging_mixin.py:188} INFO - [2024-05-06T05:14:43.741+0000] {dag.py:3096} INFO - Sync 1 DAGs
[2024-05-06T05:14:43.773+0000] {logging_mixin.py:188} INFO - [2024-05-06T05:14:43.773+0000] {dag.py:3954} INFO - Setting next_dagrun for example_sensors to None, run_after=None
[2024-05-06T05:14:43.801+0000] {processor.py:183} INFO - Processing /home/airflow/.local/lib/python3.12/site-packages/airflow/example_dags/example_sensors.py took 0.123 seconds
[2024-05-06T05:15:14.435+0000] {processor.py:161} INFO - Started process (PID=13507) to work on /home/airflow/.local/lib/python3.12/site-packages/airflow/example_dags/example_sensors.py
[2024-05-06T05:15:14.435+0000] {processor.py:830} INFO - Processing file /home/airflow/.local/lib/python3.12/site-packages/airflow/example_dags/example_sensors.py for tasks to queue
[2024-05-06T05:15:14.437+0000] {logging_mixin.py:188} INFO - [2024-05-06T05:15:14.437+0000] {dagbag.py:540} INFO - Filling up the DagBag from /home/airflow/.local/lib/python3.12/site-packages/airflow/example_dags/example_sensors.py
[2024-05-06T05:15:14.448+0000] {processor.py:840} INFO - DAG(s) 'example_sensors' retrieved from /home/airflow/.local/lib/python3.12/site-packages/airflow/example_dags/example_sensors.py
[2024-05-06T05:15:14.478+0000] {logging_mixin.py:188} INFO - [2024-05-06T05:15:14.478+0000] {dag.py:3096} INFO - Sync 1 DAGs
[2024-05-06T05:15:14.492+0000] {logging_mixin.py:188} INFO - [2024-05-06T05:15:14.492+0000] {dag.py:3954} INFO - Setting next_dagrun for example_sensors to None, run_after=None
[2024-05-06T05:15:14.518+0000] {processor.py:183} INFO - Processing /home/airflow/.local/lib/python3.12/site-packages/airflow/example_dags/example_sensors.py took 0.090 seconds
[2024-05-06T05:15:45.073+0000] {processor.py:161} INFO - Started process (PID=13780) to work on /home/airflow/.local/lib/python3.12/site-packages/airflow/example_dags/example_sensors.py
[2024-05-06T05:15:45.074+0000] {processor.py:830} INFO - Processing file /home/airflow/.local/lib/python3.12/site-packages/airflow/example_dags/example_sensors.py for tasks to queue
[2024-05-06T05:15:45.076+0000] {logging_mixin.py:188} INFO - [2024-05-06T05:15:45.076+0000] {dagbag.py:540} INFO - Filling up the DagBag from /home/airflow/.local/lib/python3.12/site-packages/airflow/example_dags/example_sensors.py
[2024-05-06T05:15:45.086+0000] {processor.py:840} INFO - DAG(s) 'example_sensors' retrieved from /home/airflow/.local/lib/python3.12/site-packages/airflow/example_dags/example_sensors.py
[2024-05-06T05:15:45.116+0000] {logging_mixin.py:188} INFO - [2024-05-06T05:15:45.116+0000] {dag.py:3096} INFO - Sync 1 DAGs
[2024-05-06T05:15:45.131+0000] {logging_mixin.py:188} INFO - [2024-05-06T05:15:45.131+0000] {dag.py:3954} INFO - Setting next_dagrun for example_sensors to None, run_after=None
[2024-05-06T05:15:45.157+0000] {processor.py:183} INFO - Processing /home/airflow/.local/lib/python3.12/site-packages/airflow/example_dags/example_sensors.py took 0.091 seconds
[2024-05-06T05:16:15.979+0000] {processor.py:161} INFO - Started process (PID=14052) to work on /home/airflow/.local/lib/python3.12/site-packages/airflow/example_dags/example_sensors.py
[2024-05-06T05:16:15.980+0000] {processor.py:830} INFO - Processing file /home/airflow/.local/lib/python3.12/site-packages/airflow/example_dags/example_sensors.py for tasks to queue
[2024-05-06T05:16:15.982+0000] {logging_mixin.py:188} INFO - [2024-05-06T05:16:15.982+0000] {dagbag.py:540} INFO - Filling up the DagBag from /home/airflow/.local/lib/python3.12/site-packages/airflow/example_dags/example_sensors.py
[2024-05-06T05:16:15.993+0000] {processor.py:840} INFO - DAG(s) 'example_sensors' retrieved from /home/airflow/.local/lib/python3.12/site-packages/airflow/example_dags/example_sensors.py
[2024-05-06T05:16:16.025+0000] {logging_mixin.py:188} INFO - [2024-05-06T05:16:16.025+0000] {dag.py:3096} INFO - Sync 1 DAGs
[2024-05-06T05:16:16.046+0000] {logging_mixin.py:188} INFO - [2024-05-06T05:16:16.045+0000] {dag.py:3954} INFO - Setting next_dagrun for example_sensors to None, run_after=None
[2024-05-06T05:16:16.072+0000] {processor.py:183} INFO - Processing /home/airflow/.local/lib/python3.12/site-packages/airflow/example_dags/example_sensors.py took 0.100 seconds
[2024-05-06T05:16:46.151+0000] {processor.py:161} INFO - Started process (PID=14324) to work on /home/airflow/.local/lib/python3.12/site-packages/airflow/example_dags/example_sensors.py
[2024-05-06T05:16:46.153+0000] {processor.py:830} INFO - Processing file /home/airflow/.local/lib/python3.12/site-packages/airflow/example_dags/example_sensors.py for tasks to queue
[2024-05-06T05:16:46.155+0000] {logging_mixin.py:188} INFO - [2024-05-06T05:16:46.154+0000] {dagbag.py:540} INFO - Filling up the DagBag from /home/airflow/.local/lib/python3.12/site-packages/airflow/example_dags/example_sensors.py
[2024-05-06T05:16:46.167+0000] {processor.py:840} INFO - DAG(s) 'example_sensors' retrieved from /home/airflow/.local/lib/python3.12/site-packages/airflow/example_dags/example_sensors.py
[2024-05-06T05:16:46.197+0000] {logging_mixin.py:188} INFO - [2024-05-06T05:16:46.197+0000] {dag.py:3096} INFO - Sync 1 DAGs
[2024-05-06T05:16:46.213+0000] {logging_mixin.py:188} INFO - [2024-05-06T05:16:46.213+0000] {dag.py:3954} INFO - Setting next_dagrun for example_sensors to None, run_after=None
[2024-05-06T05:16:46.263+0000] {processor.py:183} INFO - Processing /home/airflow/.local/lib/python3.12/site-packages/airflow/example_dags/example_sensors.py took 0.119 seconds
[2024-05-06T05:17:16.383+0000] {processor.py:161} INFO - Started process (PID=14599) to work on /home/airflow/.local/lib/python3.12/site-packages/airflow/example_dags/example_sensors.py
[2024-05-06T05:17:16.384+0000] {processor.py:830} INFO - Processing file /home/airflow/.local/lib/python3.12/site-packages/airflow/example_dags/example_sensors.py for tasks to queue
[2024-05-06T05:17:16.386+0000] {logging_mixin.py:188} INFO - [2024-05-06T05:17:16.385+0000] {dagbag.py:540} INFO - Filling up the DagBag from /home/airflow/.local/lib/python3.12/site-packages/airflow/example_dags/example_sensors.py
[2024-05-06T05:17:16.396+0000] {processor.py:840} INFO - DAG(s) 'example_sensors' retrieved from /home/airflow/.local/lib/python3.12/site-packages/airflow/example_dags/example_sensors.py
[2024-05-06T05:17:16.429+0000] {logging_mixin.py:188} INFO - [2024-05-06T05:17:16.429+0000] {dag.py:3096} INFO - Sync 1 DAGs
[2024-05-06T05:17:16.445+0000] {logging_mixin.py:188} INFO - [2024-05-06T05:17:16.444+0000] {dag.py:3954} INFO - Setting next_dagrun for example_sensors to None, run_after=None
[2024-05-06T05:17:16.468+0000] {processor.py:183} INFO - Processing /home/airflow/.local/lib/python3.12/site-packages/airflow/example_dags/example_sensors.py took 0.092 seconds
[2024-05-06T05:17:46.862+0000] {processor.py:161} INFO - Started process (PID=14869) to work on /home/airflow/.local/lib/python3.12/site-packages/airflow/example_dags/example_sensors.py
[2024-05-06T05:17:46.862+0000] {processor.py:830} INFO - Processing file /home/airflow/.local/lib/python3.12/site-packages/airflow/example_dags/example_sensors.py for tasks to queue
[2024-05-06T05:17:46.864+0000] {logging_mixin.py:188} INFO - [2024-05-06T05:17:46.864+0000] {dagbag.py:540} INFO - Filling up the DagBag from /home/airflow/.local/lib/python3.12/site-packages/airflow/example_dags/example_sensors.py
[2024-05-06T05:17:46.874+0000] {processor.py:840} INFO - DAG(s) 'example_sensors' retrieved from /home/airflow/.local/lib/python3.12/site-packages/airflow/example_dags/example_sensors.py
[2024-05-06T05:17:46.906+0000] {logging_mixin.py:188} INFO - [2024-05-06T05:17:46.905+0000] {dag.py:3096} INFO - Sync 1 DAGs
[2024-05-06T05:17:46.923+0000] {logging_mixin.py:188} INFO - [2024-05-06T05:17:46.923+0000] {dag.py:3954} INFO - Setting next_dagrun for example_sensors to None, run_after=None
[2024-05-06T05:17:46.948+0000] {processor.py:183} INFO - Processing /home/airflow/.local/lib/python3.12/site-packages/airflow/example_dags/example_sensors.py took 0.093 seconds
[2024-05-06T05:18:17.441+0000] {processor.py:161} INFO - Started process (PID=15141) to work on /home/airflow/.local/lib/python3.12/site-packages/airflow/example_dags/example_sensors.py
[2024-05-06T05:18:17.442+0000] {processor.py:830} INFO - Processing file /home/airflow/.local/lib/python3.12/site-packages/airflow/example_dags/example_sensors.py for tasks to queue
[2024-05-06T05:18:17.444+0000] {logging_mixin.py:188} INFO - [2024-05-06T05:18:17.443+0000] {dagbag.py:540} INFO - Filling up the DagBag from /home/airflow/.local/lib/python3.12/site-packages/airflow/example_dags/example_sensors.py
[2024-05-06T05:18:17.456+0000] {processor.py:840} INFO - DAG(s) 'example_sensors' retrieved from /home/airflow/.local/lib/python3.12/site-packages/airflow/example_dags/example_sensors.py
[2024-05-06T05:18:17.488+0000] {logging_mixin.py:188} INFO - [2024-05-06T05:18:17.487+0000] {dag.py:3096} INFO - Sync 1 DAGs
[2024-05-06T05:18:17.504+0000] {logging_mixin.py:188} INFO - [2024-05-06T05:18:17.504+0000] {dag.py:3954} INFO - Setting next_dagrun for example_sensors to None, run_after=None
[2024-05-06T05:18:17.531+0000] {processor.py:183} INFO - Processing /home/airflow/.local/lib/python3.12/site-packages/airflow/example_dags/example_sensors.py took 0.097 seconds
[2024-05-06T05:18:47.827+0000] {processor.py:161} INFO - Started process (PID=15413) to work on /home/airflow/.local/lib/python3.12/site-packages/airflow/example_dags/example_sensors.py
[2024-05-06T05:18:47.828+0000] {processor.py:830} INFO - Processing file /home/airflow/.local/lib/python3.12/site-packages/airflow/example_dags/example_sensors.py for tasks to queue
[2024-05-06T05:18:47.830+0000] {logging_mixin.py:188} INFO - [2024-05-06T05:18:47.829+0000] {dagbag.py:540} INFO - Filling up the DagBag from /home/airflow/.local/lib/python3.12/site-packages/airflow/example_dags/example_sensors.py
[2024-05-06T05:18:47.842+0000] {processor.py:840} INFO - DAG(s) 'example_sensors' retrieved from /home/airflow/.local/lib/python3.12/site-packages/airflow/example_dags/example_sensors.py
[2024-05-06T05:18:47.875+0000] {logging_mixin.py:188} INFO - [2024-05-06T05:18:47.875+0000] {dag.py:3096} INFO - Sync 1 DAGs
[2024-05-06T05:18:47.895+0000] {logging_mixin.py:188} INFO - [2024-05-06T05:18:47.894+0000] {dag.py:3954} INFO - Setting next_dagrun for example_sensors to None, run_after=None
[2024-05-06T05:18:47.923+0000] {processor.py:183} INFO - Processing /home/airflow/.local/lib/python3.12/site-packages/airflow/example_dags/example_sensors.py took 0.103 seconds
