[2024-05-06T04:50:14.588+0000] {processor.py:161} INFO - Started process (PID=228) to work on /home/airflow/.local/lib/python3.12/site-packages/airflow/example_dags/example_python_operator.py
[2024-05-06T04:50:14.591+0000] {processor.py:830} INFO - Processing file /home/airflow/.local/lib/python3.12/site-packages/airflow/example_dags/example_python_operator.py for tasks to queue
[2024-05-06T04:50:14.594+0000] {logging_mixin.py:188} INFO - [2024-05-06T04:50:14.593+0000] {dagbag.py:540} INFO - Filling up the DagBag from /home/airflow/.local/lib/python3.12/site-packages/airflow/example_dags/example_python_operator.py
[2024-05-06T04:50:14.611+0000] {processor.py:840} INFO - DAG(s) 'example_python_operator' retrieved from /home/airflow/.local/lib/python3.12/site-packages/airflow/example_dags/example_python_operator.py
[2024-05-06T04:50:14.853+0000] {logging_mixin.py:188} INFO - [2024-05-06T04:50:14.852+0000] {override.py:1829} INFO - Created Permission View: can delete on DAG:example_python_operator
[2024-05-06T04:50:14.876+0000] {logging_mixin.py:188} INFO - [2024-05-06T04:50:14.876+0000] {override.py:1829} INFO - Created Permission View: can edit on DAG:example_python_operator
[2024-05-06T04:50:14.888+0000] {logging_mixin.py:188} INFO - [2024-05-06T04:50:14.888+0000] {override.py:1829} INFO - Created Permission View: can read on DAG:example_python_operator
[2024-05-06T04:50:14.889+0000] {logging_mixin.py:188} INFO - [2024-05-06T04:50:14.889+0000] {dag.py:3096} INFO - Sync 1 DAGs
[2024-05-06T04:50:14.919+0000] {logging_mixin.py:188} INFO - [2024-05-06T04:50:14.919+0000] {dag.py:3118} INFO - Creating ORM DAG for example_python_operator
[2024-05-06T04:50:14.922+0000] {logging_mixin.py:188} INFO - [2024-05-06T04:50:14.919+0000] {dag.py:3954} INFO - Setting next_dagrun for example_python_operator to None, run_after=None
[2024-05-06T04:50:14.956+0000] {processor.py:183} INFO - Processing /home/airflow/.local/lib/python3.12/site-packages/airflow/example_dags/example_python_operator.py took 0.375 seconds
[2024-05-06T04:50:45.208+0000] {processor.py:161} INFO - Started process (PID=492) to work on /home/airflow/.local/lib/python3.12/site-packages/airflow/example_dags/example_python_operator.py
[2024-05-06T04:50:45.209+0000] {processor.py:830} INFO - Processing file /home/airflow/.local/lib/python3.12/site-packages/airflow/example_dags/example_python_operator.py for tasks to queue
[2024-05-06T04:50:45.210+0000] {logging_mixin.py:188} INFO - [2024-05-06T04:50:45.210+0000] {dagbag.py:540} INFO - Filling up the DagBag from /home/airflow/.local/lib/python3.12/site-packages/airflow/example_dags/example_python_operator.py
[2024-05-06T04:50:45.220+0000] {processor.py:840} INFO - DAG(s) 'example_python_operator' retrieved from /home/airflow/.local/lib/python3.12/site-packages/airflow/example_dags/example_python_operator.py
[2024-05-06T04:50:45.238+0000] {logging_mixin.py:188} INFO - [2024-05-06T04:50:45.238+0000] {dag.py:3096} INFO - Sync 1 DAGs
[2024-05-06T04:50:45.249+0000] {logging_mixin.py:188} INFO - [2024-05-06T04:50:45.249+0000] {dag.py:3954} INFO - Setting next_dagrun for example_python_operator to None, run_after=None
[2024-05-06T04:50:45.269+0000] {processor.py:183} INFO - Processing /home/airflow/.local/lib/python3.12/site-packages/airflow/example_dags/example_python_operator.py took 0.065 seconds
[2024-05-06T04:51:15.391+0000] {processor.py:161} INFO - Started process (PID=751) to work on /home/airflow/.local/lib/python3.12/site-packages/airflow/example_dags/example_python_operator.py
[2024-05-06T04:51:15.392+0000] {processor.py:830} INFO - Processing file /home/airflow/.local/lib/python3.12/site-packages/airflow/example_dags/example_python_operator.py for tasks to queue
[2024-05-06T04:51:15.394+0000] {logging_mixin.py:188} INFO - [2024-05-06T04:51:15.394+0000] {dagbag.py:540} INFO - Filling up the DagBag from /home/airflow/.local/lib/python3.12/site-packages/airflow/example_dags/example_python_operator.py
[2024-05-06T04:51:15.407+0000] {processor.py:840} INFO - DAG(s) 'example_python_operator' retrieved from /home/airflow/.local/lib/python3.12/site-packages/airflow/example_dags/example_python_operator.py
[2024-05-06T04:51:15.435+0000] {logging_mixin.py:188} INFO - [2024-05-06T04:51:15.435+0000] {dag.py:3096} INFO - Sync 1 DAGs
[2024-05-06T04:51:15.451+0000] {logging_mixin.py:188} INFO - [2024-05-06T04:51:15.451+0000] {dag.py:3954} INFO - Setting next_dagrun for example_python_operator to None, run_after=None
[2024-05-06T04:51:15.475+0000] {processor.py:183} INFO - Processing /home/airflow/.local/lib/python3.12/site-packages/airflow/example_dags/example_python_operator.py took 0.091 seconds
[2024-05-06T04:51:45.730+0000] {processor.py:161} INFO - Started process (PID=1015) to work on /home/airflow/.local/lib/python3.12/site-packages/airflow/example_dags/example_python_operator.py
[2024-05-06T04:51:45.731+0000] {processor.py:830} INFO - Processing file /home/airflow/.local/lib/python3.12/site-packages/airflow/example_dags/example_python_operator.py for tasks to queue
[2024-05-06T04:51:45.732+0000] {logging_mixin.py:188} INFO - [2024-05-06T04:51:45.732+0000] {dagbag.py:540} INFO - Filling up the DagBag from /home/airflow/.local/lib/python3.12/site-packages/airflow/example_dags/example_python_operator.py
[2024-05-06T04:51:45.761+0000] {processor.py:840} INFO - DAG(s) 'example_python_operator' retrieved from /home/airflow/.local/lib/python3.12/site-packages/airflow/example_dags/example_python_operator.py
[2024-05-06T04:51:45.871+0000] {logging_mixin.py:188} INFO - [2024-05-06T04:51:45.870+0000] {dag.py:3096} INFO - Sync 1 DAGs
[2024-05-06T04:51:45.900+0000] {logging_mixin.py:188} INFO - [2024-05-06T04:51:45.899+0000] {dag.py:3954} INFO - Setting next_dagrun for example_python_operator to None, run_after=None
[2024-05-06T04:51:45.924+0000] {processor.py:183} INFO - Processing /home/airflow/.local/lib/python3.12/site-packages/airflow/example_dags/example_python_operator.py took 0.201 seconds
[2024-05-06T04:52:16.835+0000] {processor.py:161} INFO - Started process (PID=1278) to work on /home/airflow/.local/lib/python3.12/site-packages/airflow/example_dags/example_python_operator.py
[2024-05-06T04:52:16.836+0000] {processor.py:830} INFO - Processing file /home/airflow/.local/lib/python3.12/site-packages/airflow/example_dags/example_python_operator.py for tasks to queue
[2024-05-06T04:52:16.838+0000] {logging_mixin.py:188} INFO - [2024-05-06T04:52:16.837+0000] {dagbag.py:540} INFO - Filling up the DagBag from /home/airflow/.local/lib/python3.12/site-packages/airflow/example_dags/example_python_operator.py
[2024-05-06T04:52:16.850+0000] {processor.py:840} INFO - DAG(s) 'example_python_operator' retrieved from /home/airflow/.local/lib/python3.12/site-packages/airflow/example_dags/example_python_operator.py
[2024-05-06T04:52:16.877+0000] {logging_mixin.py:188} INFO - [2024-05-06T04:52:16.876+0000] {dag.py:3096} INFO - Sync 1 DAGs
[2024-05-06T04:52:16.892+0000] {logging_mixin.py:188} INFO - [2024-05-06T04:52:16.892+0000] {dag.py:3954} INFO - Setting next_dagrun for example_python_operator to None, run_after=None
[2024-05-06T04:52:16.915+0000] {processor.py:183} INFO - Processing /home/airflow/.local/lib/python3.12/site-packages/airflow/example_dags/example_python_operator.py took 0.088 seconds
[2024-05-06T04:52:47.956+0000] {processor.py:161} INFO - Started process (PID=1539) to work on /home/airflow/.local/lib/python3.12/site-packages/airflow/example_dags/example_python_operator.py
[2024-05-06T04:52:47.957+0000] {processor.py:830} INFO - Processing file /home/airflow/.local/lib/python3.12/site-packages/airflow/example_dags/example_python_operator.py for tasks to queue
[2024-05-06T04:52:47.960+0000] {logging_mixin.py:188} INFO - [2024-05-06T04:52:47.960+0000] {dagbag.py:540} INFO - Filling up the DagBag from /home/airflow/.local/lib/python3.12/site-packages/airflow/example_dags/example_python_operator.py
[2024-05-06T04:52:47.972+0000] {processor.py:840} INFO - DAG(s) 'example_python_operator' retrieved from /home/airflow/.local/lib/python3.12/site-packages/airflow/example_dags/example_python_operator.py
[2024-05-06T04:52:47.998+0000] {logging_mixin.py:188} INFO - [2024-05-06T04:52:47.998+0000] {dag.py:3096} INFO - Sync 1 DAGs
[2024-05-06T04:52:48.013+0000] {logging_mixin.py:188} INFO - [2024-05-06T04:52:48.013+0000] {dag.py:3954} INFO - Setting next_dagrun for example_python_operator to None, run_after=None
[2024-05-06T04:52:48.039+0000] {processor.py:183} INFO - Processing /home/airflow/.local/lib/python3.12/site-packages/airflow/example_dags/example_python_operator.py took 0.091 seconds
[2024-05-06T04:53:19.082+0000] {processor.py:161} INFO - Started process (PID=1801) to work on /home/airflow/.local/lib/python3.12/site-packages/airflow/example_dags/example_python_operator.py
[2024-05-06T04:53:19.083+0000] {processor.py:830} INFO - Processing file /home/airflow/.local/lib/python3.12/site-packages/airflow/example_dags/example_python_operator.py for tasks to queue
[2024-05-06T04:53:19.085+0000] {logging_mixin.py:188} INFO - [2024-05-06T04:53:19.085+0000] {dagbag.py:540} INFO - Filling up the DagBag from /home/airflow/.local/lib/python3.12/site-packages/airflow/example_dags/example_python_operator.py
[2024-05-06T04:53:19.098+0000] {processor.py:840} INFO - DAG(s) 'example_python_operator' retrieved from /home/airflow/.local/lib/python3.12/site-packages/airflow/example_dags/example_python_operator.py
[2024-05-06T04:53:19.141+0000] {logging_mixin.py:188} INFO - [2024-05-06T04:53:19.140+0000] {dag.py:3096} INFO - Sync 1 DAGs
[2024-05-06T04:53:19.159+0000] {logging_mixin.py:188} INFO - [2024-05-06T04:53:19.159+0000] {dag.py:3954} INFO - Setting next_dagrun for example_python_operator to None, run_after=None
[2024-05-06T04:53:19.190+0000] {processor.py:183} INFO - Processing /home/airflow/.local/lib/python3.12/site-packages/airflow/example_dags/example_python_operator.py took 0.124 seconds
[2024-05-06T04:53:49.248+0000] {processor.py:161} INFO - Started process (PID=2060) to work on /home/airflow/.local/lib/python3.12/site-packages/airflow/example_dags/example_python_operator.py
[2024-05-06T04:53:49.249+0000] {processor.py:830} INFO - Processing file /home/airflow/.local/lib/python3.12/site-packages/airflow/example_dags/example_python_operator.py for tasks to queue
[2024-05-06T04:53:49.251+0000] {logging_mixin.py:188} INFO - [2024-05-06T04:53:49.250+0000] {dagbag.py:540} INFO - Filling up the DagBag from /home/airflow/.local/lib/python3.12/site-packages/airflow/example_dags/example_python_operator.py
[2024-05-06T04:53:49.266+0000] {processor.py:840} INFO - DAG(s) 'example_python_operator' retrieved from /home/airflow/.local/lib/python3.12/site-packages/airflow/example_dags/example_python_operator.py
[2024-05-06T04:53:49.300+0000] {logging_mixin.py:188} INFO - [2024-05-06T04:53:49.300+0000] {dag.py:3096} INFO - Sync 1 DAGs
[2024-05-06T04:53:49.312+0000] {logging_mixin.py:188} INFO - [2024-05-06T04:53:49.312+0000] {dag.py:3954} INFO - Setting next_dagrun for example_python_operator to None, run_after=None
[2024-05-06T04:53:49.333+0000] {processor.py:183} INFO - Processing /home/airflow/.local/lib/python3.12/site-packages/airflow/example_dags/example_python_operator.py took 0.092 seconds
[2024-05-06T04:54:21.023+0000] {processor.py:161} INFO - Started process (PID=2411) to work on /home/airflow/.local/lib/python3.12/site-packages/airflow/example_dags/example_python_operator.py
[2024-05-06T04:54:21.028+0000] {processor.py:830} INFO - Processing file /home/airflow/.local/lib/python3.12/site-packages/airflow/example_dags/example_python_operator.py for tasks to queue
[2024-05-06T04:54:21.036+0000] {logging_mixin.py:188} INFO - [2024-05-06T04:54:21.035+0000] {dagbag.py:540} INFO - Filling up the DagBag from /home/airflow/.local/lib/python3.12/site-packages/airflow/example_dags/example_python_operator.py
[2024-05-06T04:54:21.083+0000] {processor.py:840} INFO - DAG(s) 'example_python_operator' retrieved from /home/airflow/.local/lib/python3.12/site-packages/airflow/example_dags/example_python_operator.py
[2024-05-06T04:54:21.156+0000] {logging_mixin.py:188} INFO - [2024-05-06T04:54:21.156+0000] {dag.py:3096} INFO - Sync 1 DAGs
[2024-05-06T04:54:21.245+0000] {logging_mixin.py:188} INFO - [2024-05-06T04:54:21.245+0000] {dag.py:3954} INFO - Setting next_dagrun for example_python_operator to None, run_after=None
[2024-05-06T04:54:21.344+0000] {processor.py:183} INFO - Processing /home/airflow/.local/lib/python3.12/site-packages/airflow/example_dags/example_python_operator.py took 0.346 seconds
[2024-05-06T04:54:51.744+0000] {processor.py:161} INFO - Started process (PID=2737) to work on /home/airflow/.local/lib/python3.12/site-packages/airflow/example_dags/example_python_operator.py
[2024-05-06T04:54:51.745+0000] {processor.py:830} INFO - Processing file /home/airflow/.local/lib/python3.12/site-packages/airflow/example_dags/example_python_operator.py for tasks to queue
[2024-05-06T04:54:51.747+0000] {logging_mixin.py:188} INFO - [2024-05-06T04:54:51.746+0000] {dagbag.py:540} INFO - Filling up the DagBag from /home/airflow/.local/lib/python3.12/site-packages/airflow/example_dags/example_python_operator.py
[2024-05-06T04:54:51.761+0000] {processor.py:840} INFO - DAG(s) 'example_python_operator' retrieved from /home/airflow/.local/lib/python3.12/site-packages/airflow/example_dags/example_python_operator.py
[2024-05-06T04:54:51.791+0000] {logging_mixin.py:188} INFO - [2024-05-06T04:54:51.791+0000] {dag.py:3096} INFO - Sync 1 DAGs
[2024-05-06T04:54:51.805+0000] {logging_mixin.py:188} INFO - [2024-05-06T04:54:51.805+0000] {dag.py:3954} INFO - Setting next_dagrun for example_python_operator to None, run_after=None
[2024-05-06T04:54:51.830+0000] {processor.py:183} INFO - Processing /home/airflow/.local/lib/python3.12/site-packages/airflow/example_dags/example_python_operator.py took 0.094 seconds
[2024-05-06T04:55:22.965+0000] {processor.py:161} INFO - Started process (PID=3004) to work on /home/airflow/.local/lib/python3.12/site-packages/airflow/example_dags/example_python_operator.py
[2024-05-06T04:55:22.966+0000] {processor.py:830} INFO - Processing file /home/airflow/.local/lib/python3.12/site-packages/airflow/example_dags/example_python_operator.py for tasks to queue
[2024-05-06T04:55:22.968+0000] {logging_mixin.py:188} INFO - [2024-05-06T04:55:22.968+0000] {dagbag.py:540} INFO - Filling up the DagBag from /home/airflow/.local/lib/python3.12/site-packages/airflow/example_dags/example_python_operator.py
[2024-05-06T04:55:22.981+0000] {processor.py:840} INFO - DAG(s) 'example_python_operator' retrieved from /home/airflow/.local/lib/python3.12/site-packages/airflow/example_dags/example_python_operator.py
[2024-05-06T04:55:23.007+0000] {logging_mixin.py:188} INFO - [2024-05-06T04:55:23.007+0000] {dag.py:3096} INFO - Sync 1 DAGs
[2024-05-06T04:55:23.023+0000] {logging_mixin.py:188} INFO - [2024-05-06T04:55:23.023+0000] {dag.py:3954} INFO - Setting next_dagrun for example_python_operator to None, run_after=None
[2024-05-06T04:55:23.051+0000] {processor.py:183} INFO - Processing /home/airflow/.local/lib/python3.12/site-packages/airflow/example_dags/example_python_operator.py took 0.094 seconds
[2024-05-06T04:55:53.107+0000] {processor.py:161} INFO - Started process (PID=3262) to work on /home/airflow/.local/lib/python3.12/site-packages/airflow/example_dags/example_python_operator.py
[2024-05-06T04:55:53.108+0000] {processor.py:830} INFO - Processing file /home/airflow/.local/lib/python3.12/site-packages/airflow/example_dags/example_python_operator.py for tasks to queue
[2024-05-06T04:55:53.110+0000] {logging_mixin.py:188} INFO - [2024-05-06T04:55:53.109+0000] {dagbag.py:540} INFO - Filling up the DagBag from /home/airflow/.local/lib/python3.12/site-packages/airflow/example_dags/example_python_operator.py
[2024-05-06T04:55:53.123+0000] {processor.py:840} INFO - DAG(s) 'example_python_operator' retrieved from /home/airflow/.local/lib/python3.12/site-packages/airflow/example_dags/example_python_operator.py
[2024-05-06T04:55:53.149+0000] {logging_mixin.py:188} INFO - [2024-05-06T04:55:53.149+0000] {dag.py:3096} INFO - Sync 1 DAGs
[2024-05-06T04:55:53.174+0000] {logging_mixin.py:188} INFO - [2024-05-06T04:55:53.174+0000] {dag.py:3954} INFO - Setting next_dagrun for example_python_operator to None, run_after=None
[2024-05-06T04:55:53.199+0000] {processor.py:183} INFO - Processing /home/airflow/.local/lib/python3.12/site-packages/airflow/example_dags/example_python_operator.py took 0.099 seconds
[2024-05-06T04:56:24.184+0000] {processor.py:161} INFO - Started process (PID=3530) to work on /home/airflow/.local/lib/python3.12/site-packages/airflow/example_dags/example_python_operator.py
[2024-05-06T04:56:24.187+0000] {processor.py:830} INFO - Processing file /home/airflow/.local/lib/python3.12/site-packages/airflow/example_dags/example_python_operator.py for tasks to queue
[2024-05-06T04:56:24.197+0000] {logging_mixin.py:188} INFO - [2024-05-06T04:56:24.196+0000] {dagbag.py:540} INFO - Filling up the DagBag from /home/airflow/.local/lib/python3.12/site-packages/airflow/example_dags/example_python_operator.py
[2024-05-06T04:56:24.227+0000] {processor.py:840} INFO - DAG(s) 'example_python_operator' retrieved from /home/airflow/.local/lib/python3.12/site-packages/airflow/example_dags/example_python_operator.py
[2024-05-06T04:56:24.303+0000] {logging_mixin.py:188} INFO - [2024-05-06T04:56:24.303+0000] {dag.py:3096} INFO - Sync 1 DAGs
[2024-05-06T04:56:24.327+0000] {logging_mixin.py:188} INFO - [2024-05-06T04:56:24.327+0000] {dag.py:3954} INFO - Setting next_dagrun for example_python_operator to None, run_after=None
[2024-05-06T04:56:24.352+0000] {processor.py:183} INFO - Processing /home/airflow/.local/lib/python3.12/site-packages/airflow/example_dags/example_python_operator.py took 0.181 seconds
[2024-05-06T04:56:54.590+0000] {processor.py:161} INFO - Started process (PID=3788) to work on /home/airflow/.local/lib/python3.12/site-packages/airflow/example_dags/example_python_operator.py
[2024-05-06T04:56:54.607+0000] {processor.py:830} INFO - Processing file /home/airflow/.local/lib/python3.12/site-packages/airflow/example_dags/example_python_operator.py for tasks to queue
[2024-05-06T04:56:54.609+0000] {logging_mixin.py:188} INFO - [2024-05-06T04:56:54.609+0000] {dagbag.py:540} INFO - Filling up the DagBag from /home/airflow/.local/lib/python3.12/site-packages/airflow/example_dags/example_python_operator.py
[2024-05-06T04:56:54.635+0000] {processor.py:840} INFO - DAG(s) 'example_python_operator' retrieved from /home/airflow/.local/lib/python3.12/site-packages/airflow/example_dags/example_python_operator.py
[2024-05-06T04:56:54.674+0000] {logging_mixin.py:188} INFO - [2024-05-06T04:56:54.674+0000] {dag.py:3096} INFO - Sync 1 DAGs
[2024-05-06T04:56:54.691+0000] {logging_mixin.py:188} INFO - [2024-05-06T04:56:54.691+0000] {dag.py:3954} INFO - Setting next_dagrun for example_python_operator to None, run_after=None
[2024-05-06T04:56:54.725+0000] {processor.py:183} INFO - Processing /home/airflow/.local/lib/python3.12/site-packages/airflow/example_dags/example_python_operator.py took 0.157 seconds
[2024-05-06T04:57:24.771+0000] {processor.py:161} INFO - Started process (PID=4047) to work on /home/airflow/.local/lib/python3.12/site-packages/airflow/example_dags/example_python_operator.py
[2024-05-06T04:57:24.772+0000] {processor.py:830} INFO - Processing file /home/airflow/.local/lib/python3.12/site-packages/airflow/example_dags/example_python_operator.py for tasks to queue
[2024-05-06T04:57:24.773+0000] {logging_mixin.py:188} INFO - [2024-05-06T04:57:24.773+0000] {dagbag.py:540} INFO - Filling up the DagBag from /home/airflow/.local/lib/python3.12/site-packages/airflow/example_dags/example_python_operator.py
[2024-05-06T04:57:24.783+0000] {processor.py:840} INFO - DAG(s) 'example_python_operator' retrieved from /home/airflow/.local/lib/python3.12/site-packages/airflow/example_dags/example_python_operator.py
[2024-05-06T04:57:24.804+0000] {logging_mixin.py:188} INFO - [2024-05-06T04:57:24.804+0000] {dag.py:3096} INFO - Sync 1 DAGs
[2024-05-06T04:57:24.815+0000] {logging_mixin.py:188} INFO - [2024-05-06T04:57:24.815+0000] {dag.py:3954} INFO - Setting next_dagrun for example_python_operator to None, run_after=None
[2024-05-06T04:57:24.835+0000] {processor.py:183} INFO - Processing /home/airflow/.local/lib/python3.12/site-packages/airflow/example_dags/example_python_operator.py took 0.069 seconds
[2024-05-06T04:57:55.153+0000] {processor.py:161} INFO - Started process (PID=4312) to work on /home/airflow/.local/lib/python3.12/site-packages/airflow/example_dags/example_python_operator.py
[2024-05-06T04:57:55.154+0000] {processor.py:830} INFO - Processing file /home/airflow/.local/lib/python3.12/site-packages/airflow/example_dags/example_python_operator.py for tasks to queue
[2024-05-06T04:57:55.155+0000] {logging_mixin.py:188} INFO - [2024-05-06T04:57:55.155+0000] {dagbag.py:540} INFO - Filling up the DagBag from /home/airflow/.local/lib/python3.12/site-packages/airflow/example_dags/example_python_operator.py
[2024-05-06T04:57:55.167+0000] {processor.py:840} INFO - DAG(s) 'example_python_operator' retrieved from /home/airflow/.local/lib/python3.12/site-packages/airflow/example_dags/example_python_operator.py
[2024-05-06T04:57:55.193+0000] {logging_mixin.py:188} INFO - [2024-05-06T04:57:55.193+0000] {dag.py:3096} INFO - Sync 1 DAGs
[2024-05-06T04:57:55.208+0000] {logging_mixin.py:188} INFO - [2024-05-06T04:57:55.208+0000] {dag.py:3954} INFO - Setting next_dagrun for example_python_operator to None, run_after=None
[2024-05-06T04:57:55.257+0000] {processor.py:183} INFO - Processing /home/airflow/.local/lib/python3.12/site-packages/airflow/example_dags/example_python_operator.py took 0.110 seconds
[2024-05-06T04:58:25.398+0000] {processor.py:161} INFO - Started process (PID=4571) to work on /home/airflow/.local/lib/python3.12/site-packages/airflow/example_dags/example_python_operator.py
[2024-05-06T04:58:25.399+0000] {processor.py:830} INFO - Processing file /home/airflow/.local/lib/python3.12/site-packages/airflow/example_dags/example_python_operator.py for tasks to queue
[2024-05-06T04:58:25.400+0000] {logging_mixin.py:188} INFO - [2024-05-06T04:58:25.400+0000] {dagbag.py:540} INFO - Filling up the DagBag from /home/airflow/.local/lib/python3.12/site-packages/airflow/example_dags/example_python_operator.py
[2024-05-06T04:58:25.412+0000] {processor.py:840} INFO - DAG(s) 'example_python_operator' retrieved from /home/airflow/.local/lib/python3.12/site-packages/airflow/example_dags/example_python_operator.py
[2024-05-06T04:58:25.440+0000] {logging_mixin.py:188} INFO - [2024-05-06T04:58:25.440+0000] {dag.py:3096} INFO - Sync 1 DAGs
[2024-05-06T04:58:25.456+0000] {logging_mixin.py:188} INFO - [2024-05-06T04:58:25.455+0000] {dag.py:3954} INFO - Setting next_dagrun for example_python_operator to None, run_after=None
[2024-05-06T04:58:25.480+0000] {processor.py:183} INFO - Processing /home/airflow/.local/lib/python3.12/site-packages/airflow/example_dags/example_python_operator.py took 0.089 seconds
[2024-05-06T04:58:55.779+0000] {processor.py:161} INFO - Started process (PID=4835) to work on /home/airflow/.local/lib/python3.12/site-packages/airflow/example_dags/example_python_operator.py
[2024-05-06T04:58:55.780+0000] {processor.py:830} INFO - Processing file /home/airflow/.local/lib/python3.12/site-packages/airflow/example_dags/example_python_operator.py for tasks to queue
[2024-05-06T04:58:55.782+0000] {logging_mixin.py:188} INFO - [2024-05-06T04:58:55.782+0000] {dagbag.py:540} INFO - Filling up the DagBag from /home/airflow/.local/lib/python3.12/site-packages/airflow/example_dags/example_python_operator.py
[2024-05-06T04:58:55.794+0000] {processor.py:840} INFO - DAG(s) 'example_python_operator' retrieved from /home/airflow/.local/lib/python3.12/site-packages/airflow/example_dags/example_python_operator.py
[2024-05-06T04:58:55.820+0000] {logging_mixin.py:188} INFO - [2024-05-06T04:58:55.820+0000] {dag.py:3096} INFO - Sync 1 DAGs
[2024-05-06T04:58:55.836+0000] {logging_mixin.py:188} INFO - [2024-05-06T04:58:55.835+0000] {dag.py:3954} INFO - Setting next_dagrun for example_python_operator to None, run_after=None
[2024-05-06T04:58:55.860+0000] {processor.py:183} INFO - Processing /home/airflow/.local/lib/python3.12/site-packages/airflow/example_dags/example_python_operator.py took 0.090 seconds
[2024-05-06T04:59:26.595+0000] {processor.py:161} INFO - Started process (PID=5098) to work on /home/airflow/.local/lib/python3.12/site-packages/airflow/example_dags/example_python_operator.py
[2024-05-06T04:59:26.599+0000] {processor.py:830} INFO - Processing file /home/airflow/.local/lib/python3.12/site-packages/airflow/example_dags/example_python_operator.py for tasks to queue
[2024-05-06T04:59:26.601+0000] {logging_mixin.py:188} INFO - [2024-05-06T04:59:26.601+0000] {dagbag.py:540} INFO - Filling up the DagBag from /home/airflow/.local/lib/python3.12/site-packages/airflow/example_dags/example_python_operator.py
[2024-05-06T04:59:26.630+0000] {processor.py:840} INFO - DAG(s) 'example_python_operator' retrieved from /home/airflow/.local/lib/python3.12/site-packages/airflow/example_dags/example_python_operator.py
[2024-05-06T04:59:26.687+0000] {logging_mixin.py:188} INFO - [2024-05-06T04:59:26.687+0000] {dag.py:3096} INFO - Sync 1 DAGs
[2024-05-06T04:59:26.740+0000] {logging_mixin.py:188} INFO - [2024-05-06T04:59:26.740+0000] {dag.py:3954} INFO - Setting next_dagrun for example_python_operator to None, run_after=None
[2024-05-06T04:59:26.814+0000] {processor.py:183} INFO - Processing /home/airflow/.local/lib/python3.12/site-packages/airflow/example_dags/example_python_operator.py took 0.234 seconds
[2024-05-06T04:59:57.054+0000] {processor.py:161} INFO - Started process (PID=5361) to work on /home/airflow/.local/lib/python3.12/site-packages/airflow/example_dags/example_python_operator.py
[2024-05-06T04:59:57.054+0000] {processor.py:830} INFO - Processing file /home/airflow/.local/lib/python3.12/site-packages/airflow/example_dags/example_python_operator.py for tasks to queue
[2024-05-06T04:59:57.056+0000] {logging_mixin.py:188} INFO - [2024-05-06T04:59:57.056+0000] {dagbag.py:540} INFO - Filling up the DagBag from /home/airflow/.local/lib/python3.12/site-packages/airflow/example_dags/example_python_operator.py
[2024-05-06T04:59:57.068+0000] {processor.py:840} INFO - DAG(s) 'example_python_operator' retrieved from /home/airflow/.local/lib/python3.12/site-packages/airflow/example_dags/example_python_operator.py
[2024-05-06T04:59:57.094+0000] {logging_mixin.py:188} INFO - [2024-05-06T04:59:57.093+0000] {dag.py:3096} INFO - Sync 1 DAGs
[2024-05-06T04:59:57.108+0000] {logging_mixin.py:188} INFO - [2024-05-06T04:59:57.107+0000] {dag.py:3954} INFO - Setting next_dagrun for example_python_operator to None, run_after=None
[2024-05-06T04:59:57.132+0000] {processor.py:183} INFO - Processing /home/airflow/.local/lib/python3.12/site-packages/airflow/example_dags/example_python_operator.py took 0.086 seconds
[2024-05-06T05:00:27.392+0000] {processor.py:161} INFO - Started process (PID=5629) to work on /home/airflow/.local/lib/python3.12/site-packages/airflow/example_dags/example_python_operator.py
[2024-05-06T05:00:27.392+0000] {processor.py:830} INFO - Processing file /home/airflow/.local/lib/python3.12/site-packages/airflow/example_dags/example_python_operator.py for tasks to queue
[2024-05-06T05:00:27.394+0000] {logging_mixin.py:188} INFO - [2024-05-06T05:00:27.394+0000] {dagbag.py:540} INFO - Filling up the DagBag from /home/airflow/.local/lib/python3.12/site-packages/airflow/example_dags/example_python_operator.py
[2024-05-06T05:00:27.416+0000] {processor.py:840} INFO - DAG(s) 'example_python_operator' retrieved from /home/airflow/.local/lib/python3.12/site-packages/airflow/example_dags/example_python_operator.py
[2024-05-06T05:00:27.458+0000] {logging_mixin.py:188} INFO - [2024-05-06T05:00:27.458+0000] {dag.py:3096} INFO - Sync 1 DAGs
[2024-05-06T05:00:27.474+0000] {logging_mixin.py:188} INFO - [2024-05-06T05:00:27.474+0000] {dag.py:3954} INFO - Setting next_dagrun for example_python_operator to None, run_after=None
[2024-05-06T05:00:27.497+0000] {processor.py:183} INFO - Processing /home/airflow/.local/lib/python3.12/site-packages/airflow/example_dags/example_python_operator.py took 0.113 seconds
[2024-05-06T05:00:57.823+0000] {processor.py:161} INFO - Started process (PID=5894) to work on /home/airflow/.local/lib/python3.12/site-packages/airflow/example_dags/example_python_operator.py
[2024-05-06T05:00:57.824+0000] {processor.py:830} INFO - Processing file /home/airflow/.local/lib/python3.12/site-packages/airflow/example_dags/example_python_operator.py for tasks to queue
[2024-05-06T05:00:57.826+0000] {logging_mixin.py:188} INFO - [2024-05-06T05:00:57.826+0000] {dagbag.py:540} INFO - Filling up the DagBag from /home/airflow/.local/lib/python3.12/site-packages/airflow/example_dags/example_python_operator.py
[2024-05-06T05:00:57.848+0000] {processor.py:840} INFO - DAG(s) 'example_python_operator' retrieved from /home/airflow/.local/lib/python3.12/site-packages/airflow/example_dags/example_python_operator.py
[2024-05-06T05:00:57.884+0000] {logging_mixin.py:188} INFO - [2024-05-06T05:00:57.884+0000] {dag.py:3096} INFO - Sync 1 DAGs
[2024-05-06T05:00:57.901+0000] {logging_mixin.py:188} INFO - [2024-05-06T05:00:57.900+0000] {dag.py:3954} INFO - Setting next_dagrun for example_python_operator to None, run_after=None
[2024-05-06T05:00:57.929+0000] {processor.py:183} INFO - Processing /home/airflow/.local/lib/python3.12/site-packages/airflow/example_dags/example_python_operator.py took 0.113 seconds
[2024-05-06T05:01:28.705+0000] {processor.py:161} INFO - Started process (PID=6163) to work on /home/airflow/.local/lib/python3.12/site-packages/airflow/example_dags/example_python_operator.py
[2024-05-06T05:01:28.706+0000] {processor.py:830} INFO - Processing file /home/airflow/.local/lib/python3.12/site-packages/airflow/example_dags/example_python_operator.py for tasks to queue
[2024-05-06T05:01:28.708+0000] {logging_mixin.py:188} INFO - [2024-05-06T05:01:28.707+0000] {dagbag.py:540} INFO - Filling up the DagBag from /home/airflow/.local/lib/python3.12/site-packages/airflow/example_dags/example_python_operator.py
[2024-05-06T05:01:28.724+0000] {processor.py:840} INFO - DAG(s) 'example_python_operator' retrieved from /home/airflow/.local/lib/python3.12/site-packages/airflow/example_dags/example_python_operator.py
[2024-05-06T05:01:28.756+0000] {logging_mixin.py:188} INFO - [2024-05-06T05:01:28.756+0000] {dag.py:3096} INFO - Sync 1 DAGs
[2024-05-06T05:01:28.775+0000] {logging_mixin.py:188} INFO - [2024-05-06T05:01:28.775+0000] {dag.py:3954} INFO - Setting next_dagrun for example_python_operator to None, run_after=None
[2024-05-06T05:01:28.804+0000] {processor.py:183} INFO - Processing /home/airflow/.local/lib/python3.12/site-packages/airflow/example_dags/example_python_operator.py took 0.106 seconds
[2024-05-06T05:01:58.892+0000] {processor.py:161} INFO - Started process (PID=6428) to work on /home/airflow/.local/lib/python3.12/site-packages/airflow/example_dags/example_python_operator.py
[2024-05-06T05:01:58.893+0000] {processor.py:830} INFO - Processing file /home/airflow/.local/lib/python3.12/site-packages/airflow/example_dags/example_python_operator.py for tasks to queue
[2024-05-06T05:01:58.894+0000] {logging_mixin.py:188} INFO - [2024-05-06T05:01:58.894+0000] {dagbag.py:540} INFO - Filling up the DagBag from /home/airflow/.local/lib/python3.12/site-packages/airflow/example_dags/example_python_operator.py
[2024-05-06T05:01:58.902+0000] {processor.py:840} INFO - DAG(s) 'example_python_operator' retrieved from /home/airflow/.local/lib/python3.12/site-packages/airflow/example_dags/example_python_operator.py
[2024-05-06T05:01:58.921+0000] {logging_mixin.py:188} INFO - [2024-05-06T05:01:58.921+0000] {dag.py:3096} INFO - Sync 1 DAGs
[2024-05-06T05:01:58.931+0000] {logging_mixin.py:188} INFO - [2024-05-06T05:01:58.931+0000] {dag.py:3954} INFO - Setting next_dagrun for example_python_operator to None, run_after=None
[2024-05-06T05:01:58.950+0000] {processor.py:183} INFO - Processing /home/airflow/.local/lib/python3.12/site-packages/airflow/example_dags/example_python_operator.py took 0.064 seconds
[2024-05-06T05:02:29.113+0000] {processor.py:161} INFO - Started process (PID=6699) to work on /home/airflow/.local/lib/python3.12/site-packages/airflow/example_dags/example_python_operator.py
[2024-05-06T05:02:29.114+0000] {processor.py:830} INFO - Processing file /home/airflow/.local/lib/python3.12/site-packages/airflow/example_dags/example_python_operator.py for tasks to queue
[2024-05-06T05:02:29.116+0000] {logging_mixin.py:188} INFO - [2024-05-06T05:02:29.116+0000] {dagbag.py:540} INFO - Filling up the DagBag from /home/airflow/.local/lib/python3.12/site-packages/airflow/example_dags/example_python_operator.py
[2024-05-06T05:02:29.128+0000] {processor.py:840} INFO - DAG(s) 'example_python_operator' retrieved from /home/airflow/.local/lib/python3.12/site-packages/airflow/example_dags/example_python_operator.py
[2024-05-06T05:02:29.154+0000] {logging_mixin.py:188} INFO - [2024-05-06T05:02:29.153+0000] {dag.py:3096} INFO - Sync 1 DAGs
[2024-05-06T05:02:29.170+0000] {logging_mixin.py:188} INFO - [2024-05-06T05:02:29.170+0000] {dag.py:3954} INFO - Setting next_dagrun for example_python_operator to None, run_after=None
[2024-05-06T05:02:29.193+0000] {processor.py:183} INFO - Processing /home/airflow/.local/lib/python3.12/site-packages/airflow/example_dags/example_python_operator.py took 0.087 seconds
[2024-05-06T05:02:59.610+0000] {processor.py:161} INFO - Started process (PID=6967) to work on /home/airflow/.local/lib/python3.12/site-packages/airflow/example_dags/example_python_operator.py
[2024-05-06T05:02:59.611+0000] {processor.py:830} INFO - Processing file /home/airflow/.local/lib/python3.12/site-packages/airflow/example_dags/example_python_operator.py for tasks to queue
[2024-05-06T05:02:59.613+0000] {logging_mixin.py:188} INFO - [2024-05-06T05:02:59.612+0000] {dagbag.py:540} INFO - Filling up the DagBag from /home/airflow/.local/lib/python3.12/site-packages/airflow/example_dags/example_python_operator.py
[2024-05-06T05:02:59.625+0000] {processor.py:840} INFO - DAG(s) 'example_python_operator' retrieved from /home/airflow/.local/lib/python3.12/site-packages/airflow/example_dags/example_python_operator.py
[2024-05-06T05:02:59.655+0000] {logging_mixin.py:188} INFO - [2024-05-06T05:02:59.655+0000] {dag.py:3096} INFO - Sync 1 DAGs
[2024-05-06T05:02:59.673+0000] {logging_mixin.py:188} INFO - [2024-05-06T05:02:59.673+0000] {dag.py:3954} INFO - Setting next_dagrun for example_python_operator to None, run_after=None
[2024-05-06T05:02:59.699+0000] {processor.py:183} INFO - Processing /home/airflow/.local/lib/python3.12/site-packages/airflow/example_dags/example_python_operator.py took 0.099 seconds
[2024-05-06T05:03:30.048+0000] {processor.py:161} INFO - Started process (PID=7234) to work on /home/airflow/.local/lib/python3.12/site-packages/airflow/example_dags/example_python_operator.py
[2024-05-06T05:03:30.052+0000] {processor.py:830} INFO - Processing file /home/airflow/.local/lib/python3.12/site-packages/airflow/example_dags/example_python_operator.py for tasks to queue
[2024-05-06T05:03:30.053+0000] {logging_mixin.py:188} INFO - [2024-05-06T05:03:30.053+0000] {dagbag.py:540} INFO - Filling up the DagBag from /home/airflow/.local/lib/python3.12/site-packages/airflow/example_dags/example_python_operator.py
[2024-05-06T05:03:30.074+0000] {processor.py:840} INFO - DAG(s) 'example_python_operator' retrieved from /home/airflow/.local/lib/python3.12/site-packages/airflow/example_dags/example_python_operator.py
[2024-05-06T05:03:30.114+0000] {logging_mixin.py:188} INFO - [2024-05-06T05:03:30.114+0000] {dag.py:3096} INFO - Sync 1 DAGs
[2024-05-06T05:03:30.342+0000] {logging_mixin.py:188} INFO - [2024-05-06T05:03:30.342+0000] {dag.py:3954} INFO - Setting next_dagrun for example_python_operator to None, run_after=None
[2024-05-06T05:03:30.369+0000] {processor.py:183} INFO - Processing /home/airflow/.local/lib/python3.12/site-packages/airflow/example_dags/example_python_operator.py took 0.333 seconds
[2024-05-06T05:04:01.278+0000] {processor.py:161} INFO - Started process (PID=7501) to work on /home/airflow/.local/lib/python3.12/site-packages/airflow/example_dags/example_python_operator.py
[2024-05-06T05:04:01.280+0000] {processor.py:830} INFO - Processing file /home/airflow/.local/lib/python3.12/site-packages/airflow/example_dags/example_python_operator.py for tasks to queue
[2024-05-06T05:04:01.282+0000] {logging_mixin.py:188} INFO - [2024-05-06T05:04:01.281+0000] {dagbag.py:540} INFO - Filling up the DagBag from /home/airflow/.local/lib/python3.12/site-packages/airflow/example_dags/example_python_operator.py
[2024-05-06T05:04:01.293+0000] {processor.py:840} INFO - DAG(s) 'example_python_operator' retrieved from /home/airflow/.local/lib/python3.12/site-packages/airflow/example_dags/example_python_operator.py
[2024-05-06T05:04:01.319+0000] {logging_mixin.py:188} INFO - [2024-05-06T05:04:01.319+0000] {dag.py:3096} INFO - Sync 1 DAGs
[2024-05-06T05:04:01.335+0000] {logging_mixin.py:188} INFO - [2024-05-06T05:04:01.334+0000] {dag.py:3954} INFO - Setting next_dagrun for example_python_operator to None, run_after=None
[2024-05-06T05:04:01.358+0000] {processor.py:183} INFO - Processing /home/airflow/.local/lib/python3.12/site-packages/airflow/example_dags/example_python_operator.py took 0.086 seconds
[2024-05-06T05:04:31.892+0000] {processor.py:161} INFO - Started process (PID=7768) to work on /home/airflow/.local/lib/python3.12/site-packages/airflow/example_dags/example_python_operator.py
[2024-05-06T05:04:31.893+0000] {processor.py:830} INFO - Processing file /home/airflow/.local/lib/python3.12/site-packages/airflow/example_dags/example_python_operator.py for tasks to queue
[2024-05-06T05:04:31.895+0000] {logging_mixin.py:188} INFO - [2024-05-06T05:04:31.894+0000] {dagbag.py:540} INFO - Filling up the DagBag from /home/airflow/.local/lib/python3.12/site-packages/airflow/example_dags/example_python_operator.py
[2024-05-06T05:04:31.907+0000] {processor.py:840} INFO - DAG(s) 'example_python_operator' retrieved from /home/airflow/.local/lib/python3.12/site-packages/airflow/example_dags/example_python_operator.py
[2024-05-06T05:04:31.936+0000] {logging_mixin.py:188} INFO - [2024-05-06T05:04:31.935+0000] {dag.py:3096} INFO - Sync 1 DAGs
[2024-05-06T05:04:31.951+0000] {logging_mixin.py:188} INFO - [2024-05-06T05:04:31.951+0000] {dag.py:3954} INFO - Setting next_dagrun for example_python_operator to None, run_after=None
[2024-05-06T05:04:31.975+0000] {processor.py:183} INFO - Processing /home/airflow/.local/lib/python3.12/site-packages/airflow/example_dags/example_python_operator.py took 0.090 seconds
[2024-05-06T05:05:02.039+0000] {processor.py:161} INFO - Started process (PID=8035) to work on /home/airflow/.local/lib/python3.12/site-packages/airflow/example_dags/example_python_operator.py
[2024-05-06T05:05:02.040+0000] {processor.py:830} INFO - Processing file /home/airflow/.local/lib/python3.12/site-packages/airflow/example_dags/example_python_operator.py for tasks to queue
[2024-05-06T05:05:02.042+0000] {logging_mixin.py:188} INFO - [2024-05-06T05:05:02.042+0000] {dagbag.py:540} INFO - Filling up the DagBag from /home/airflow/.local/lib/python3.12/site-packages/airflow/example_dags/example_python_operator.py
[2024-05-06T05:05:02.054+0000] {processor.py:840} INFO - DAG(s) 'example_python_operator' retrieved from /home/airflow/.local/lib/python3.12/site-packages/airflow/example_dags/example_python_operator.py
[2024-05-06T05:05:02.081+0000] {logging_mixin.py:188} INFO - [2024-05-06T05:05:02.080+0000] {dag.py:3096} INFO - Sync 1 DAGs
[2024-05-06T05:05:02.094+0000] {logging_mixin.py:188} INFO - [2024-05-06T05:05:02.094+0000] {dag.py:3954} INFO - Setting next_dagrun for example_python_operator to None, run_after=None
[2024-05-06T05:05:02.121+0000] {processor.py:183} INFO - Processing /home/airflow/.local/lib/python3.12/site-packages/airflow/example_dags/example_python_operator.py took 0.089 seconds
[2024-05-06T05:05:32.197+0000] {processor.py:161} INFO - Started process (PID=8307) to work on /home/airflow/.local/lib/python3.12/site-packages/airflow/example_dags/example_python_operator.py
[2024-05-06T05:05:32.198+0000] {processor.py:830} INFO - Processing file /home/airflow/.local/lib/python3.12/site-packages/airflow/example_dags/example_python_operator.py for tasks to queue
[2024-05-06T05:05:32.200+0000] {logging_mixin.py:188} INFO - [2024-05-06T05:05:32.199+0000] {dagbag.py:540} INFO - Filling up the DagBag from /home/airflow/.local/lib/python3.12/site-packages/airflow/example_dags/example_python_operator.py
[2024-05-06T05:05:32.211+0000] {processor.py:840} INFO - DAG(s) 'example_python_operator' retrieved from /home/airflow/.local/lib/python3.12/site-packages/airflow/example_dags/example_python_operator.py
[2024-05-06T05:05:32.239+0000] {logging_mixin.py:188} INFO - [2024-05-06T05:05:32.238+0000] {dag.py:3096} INFO - Sync 1 DAGs
[2024-05-06T05:05:32.251+0000] {logging_mixin.py:188} INFO - [2024-05-06T05:05:32.251+0000] {dag.py:3954} INFO - Setting next_dagrun for example_python_operator to None, run_after=None
[2024-05-06T05:05:32.276+0000] {processor.py:183} INFO - Processing /home/airflow/.local/lib/python3.12/site-packages/airflow/example_dags/example_python_operator.py took 0.087 seconds
[2024-05-06T05:06:02.674+0000] {processor.py:161} INFO - Started process (PID=8579) to work on /home/airflow/.local/lib/python3.12/site-packages/airflow/example_dags/example_python_operator.py
[2024-05-06T05:06:02.675+0000] {processor.py:830} INFO - Processing file /home/airflow/.local/lib/python3.12/site-packages/airflow/example_dags/example_python_operator.py for tasks to queue
[2024-05-06T05:06:02.677+0000] {logging_mixin.py:188} INFO - [2024-05-06T05:06:02.676+0000] {dagbag.py:540} INFO - Filling up the DagBag from /home/airflow/.local/lib/python3.12/site-packages/airflow/example_dags/example_python_operator.py
[2024-05-06T05:06:02.689+0000] {processor.py:840} INFO - DAG(s) 'example_python_operator' retrieved from /home/airflow/.local/lib/python3.12/site-packages/airflow/example_dags/example_python_operator.py
[2024-05-06T05:06:02.714+0000] {logging_mixin.py:188} INFO - [2024-05-06T05:06:02.714+0000] {dag.py:3096} INFO - Sync 1 DAGs
[2024-05-06T05:06:02.730+0000] {logging_mixin.py:188} INFO - [2024-05-06T05:06:02.730+0000] {dag.py:3954} INFO - Setting next_dagrun for example_python_operator to None, run_after=None
[2024-05-06T05:06:02.754+0000] {processor.py:183} INFO - Processing /home/airflow/.local/lib/python3.12/site-packages/airflow/example_dags/example_python_operator.py took 0.089 seconds
[2024-05-06T05:06:32.901+0000] {processor.py:161} INFO - Started process (PID=8851) to work on /home/airflow/.local/lib/python3.12/site-packages/airflow/example_dags/example_python_operator.py
[2024-05-06T05:06:32.904+0000] {processor.py:830} INFO - Processing file /home/airflow/.local/lib/python3.12/site-packages/airflow/example_dags/example_python_operator.py for tasks to queue
[2024-05-06T05:06:32.906+0000] {logging_mixin.py:188} INFO - [2024-05-06T05:06:32.906+0000] {dagbag.py:540} INFO - Filling up the DagBag from /home/airflow/.local/lib/python3.12/site-packages/airflow/example_dags/example_python_operator.py
[2024-05-06T05:06:32.919+0000] {processor.py:840} INFO - DAG(s) 'example_python_operator' retrieved from /home/airflow/.local/lib/python3.12/site-packages/airflow/example_dags/example_python_operator.py
[2024-05-06T05:06:32.945+0000] {logging_mixin.py:188} INFO - [2024-05-06T05:06:32.944+0000] {dag.py:3096} INFO - Sync 1 DAGs
[2024-05-06T05:06:32.961+0000] {logging_mixin.py:188} INFO - [2024-05-06T05:06:32.961+0000] {dag.py:3954} INFO - Setting next_dagrun for example_python_operator to None, run_after=None
[2024-05-06T05:06:32.984+0000] {processor.py:183} INFO - Processing /home/airflow/.local/lib/python3.12/site-packages/airflow/example_dags/example_python_operator.py took 0.091 seconds
[2024-05-06T05:07:03.624+0000] {processor.py:161} INFO - Started process (PID=9123) to work on /home/airflow/.local/lib/python3.12/site-packages/airflow/example_dags/example_python_operator.py
[2024-05-06T05:07:03.624+0000] {processor.py:830} INFO - Processing file /home/airflow/.local/lib/python3.12/site-packages/airflow/example_dags/example_python_operator.py for tasks to queue
[2024-05-06T05:07:03.626+0000] {logging_mixin.py:188} INFO - [2024-05-06T05:07:03.626+0000] {dagbag.py:540} INFO - Filling up the DagBag from /home/airflow/.local/lib/python3.12/site-packages/airflow/example_dags/example_python_operator.py
[2024-05-06T05:07:03.638+0000] {processor.py:840} INFO - DAG(s) 'example_python_operator' retrieved from /home/airflow/.local/lib/python3.12/site-packages/airflow/example_dags/example_python_operator.py
[2024-05-06T05:07:03.669+0000] {logging_mixin.py:188} INFO - [2024-05-06T05:07:03.669+0000] {dag.py:3096} INFO - Sync 1 DAGs
[2024-05-06T05:07:03.681+0000] {logging_mixin.py:188} INFO - [2024-05-06T05:07:03.681+0000] {dag.py:3954} INFO - Setting next_dagrun for example_python_operator to None, run_after=None
[2024-05-06T05:07:03.710+0000] {processor.py:183} INFO - Processing /home/airflow/.local/lib/python3.12/site-packages/airflow/example_dags/example_python_operator.py took 0.094 seconds
[2024-05-06T05:07:34.424+0000] {processor.py:161} INFO - Started process (PID=9397) to work on /home/airflow/.local/lib/python3.12/site-packages/airflow/example_dags/example_python_operator.py
[2024-05-06T05:07:34.424+0000] {processor.py:830} INFO - Processing file /home/airflow/.local/lib/python3.12/site-packages/airflow/example_dags/example_python_operator.py for tasks to queue
[2024-05-06T05:07:34.426+0000] {logging_mixin.py:188} INFO - [2024-05-06T05:07:34.426+0000] {dagbag.py:540} INFO - Filling up the DagBag from /home/airflow/.local/lib/python3.12/site-packages/airflow/example_dags/example_python_operator.py
[2024-05-06T05:07:34.442+0000] {processor.py:840} INFO - DAG(s) 'example_python_operator' retrieved from /home/airflow/.local/lib/python3.12/site-packages/airflow/example_dags/example_python_operator.py
[2024-05-06T05:07:34.480+0000] {logging_mixin.py:188} INFO - [2024-05-06T05:07:34.479+0000] {dag.py:3096} INFO - Sync 1 DAGs
[2024-05-06T05:07:34.494+0000] {logging_mixin.py:188} INFO - [2024-05-06T05:07:34.494+0000] {dag.py:3954} INFO - Setting next_dagrun for example_python_operator to None, run_after=None
[2024-05-06T05:07:34.519+0000] {processor.py:183} INFO - Processing /home/airflow/.local/lib/python3.12/site-packages/airflow/example_dags/example_python_operator.py took 0.103 seconds
[2024-05-06T05:08:05.077+0000] {processor.py:161} INFO - Started process (PID=9670) to work on /home/airflow/.local/lib/python3.12/site-packages/airflow/example_dags/example_python_operator.py
[2024-05-06T05:08:05.078+0000] {processor.py:830} INFO - Processing file /home/airflow/.local/lib/python3.12/site-packages/airflow/example_dags/example_python_operator.py for tasks to queue
[2024-05-06T05:08:05.079+0000] {logging_mixin.py:188} INFO - [2024-05-06T05:08:05.079+0000] {dagbag.py:540} INFO - Filling up the DagBag from /home/airflow/.local/lib/python3.12/site-packages/airflow/example_dags/example_python_operator.py
[2024-05-06T05:08:05.092+0000] {processor.py:840} INFO - DAG(s) 'example_python_operator' retrieved from /home/airflow/.local/lib/python3.12/site-packages/airflow/example_dags/example_python_operator.py
[2024-05-06T05:08:05.132+0000] {logging_mixin.py:188} INFO - [2024-05-06T05:08:05.131+0000] {dag.py:3096} INFO - Sync 1 DAGs
[2024-05-06T05:08:05.148+0000] {logging_mixin.py:188} INFO - [2024-05-06T05:08:05.148+0000] {dag.py:3954} INFO - Setting next_dagrun for example_python_operator to None, run_after=None
[2024-05-06T05:08:05.171+0000] {processor.py:183} INFO - Processing /home/airflow/.local/lib/python3.12/site-packages/airflow/example_dags/example_python_operator.py took 0.102 seconds
[2024-05-06T05:08:35.708+0000] {processor.py:161} INFO - Started process (PID=9942) to work on /home/airflow/.local/lib/python3.12/site-packages/airflow/example_dags/example_python_operator.py
[2024-05-06T05:08:35.709+0000] {processor.py:830} INFO - Processing file /home/airflow/.local/lib/python3.12/site-packages/airflow/example_dags/example_python_operator.py for tasks to queue
[2024-05-06T05:08:35.711+0000] {logging_mixin.py:188} INFO - [2024-05-06T05:08:35.711+0000] {dagbag.py:540} INFO - Filling up the DagBag from /home/airflow/.local/lib/python3.12/site-packages/airflow/example_dags/example_python_operator.py
[2024-05-06T05:08:35.724+0000] {processor.py:840} INFO - DAG(s) 'example_python_operator' retrieved from /home/airflow/.local/lib/python3.12/site-packages/airflow/example_dags/example_python_operator.py
[2024-05-06T05:08:35.751+0000] {logging_mixin.py:188} INFO - [2024-05-06T05:08:35.751+0000] {dag.py:3096} INFO - Sync 1 DAGs
[2024-05-06T05:08:35.767+0000] {logging_mixin.py:188} INFO - [2024-05-06T05:08:35.767+0000] {dag.py:3954} INFO - Setting next_dagrun for example_python_operator to None, run_after=None
[2024-05-06T05:08:35.790+0000] {processor.py:183} INFO - Processing /home/airflow/.local/lib/python3.12/site-packages/airflow/example_dags/example_python_operator.py took 0.089 seconds
[2024-05-06T05:09:06.308+0000] {processor.py:161} INFO - Started process (PID=10213) to work on /home/airflow/.local/lib/python3.12/site-packages/airflow/example_dags/example_python_operator.py
[2024-05-06T05:09:06.308+0000] {processor.py:830} INFO - Processing file /home/airflow/.local/lib/python3.12/site-packages/airflow/example_dags/example_python_operator.py for tasks to queue
[2024-05-06T05:09:06.310+0000] {logging_mixin.py:188} INFO - [2024-05-06T05:09:06.310+0000] {dagbag.py:540} INFO - Filling up the DagBag from /home/airflow/.local/lib/python3.12/site-packages/airflow/example_dags/example_python_operator.py
[2024-05-06T05:09:06.326+0000] {processor.py:840} INFO - DAG(s) 'example_python_operator' retrieved from /home/airflow/.local/lib/python3.12/site-packages/airflow/example_dags/example_python_operator.py
[2024-05-06T05:09:06.361+0000] {logging_mixin.py:188} INFO - [2024-05-06T05:09:06.361+0000] {dag.py:3096} INFO - Sync 1 DAGs
[2024-05-06T05:09:06.376+0000] {logging_mixin.py:188} INFO - [2024-05-06T05:09:06.376+0000] {dag.py:3954} INFO - Setting next_dagrun for example_python_operator to None, run_after=None
[2024-05-06T05:09:06.400+0000] {processor.py:183} INFO - Processing /home/airflow/.local/lib/python3.12/site-packages/airflow/example_dags/example_python_operator.py took 0.099 seconds
[2024-05-06T05:09:36.580+0000] {processor.py:161} INFO - Started process (PID=10486) to work on /home/airflow/.local/lib/python3.12/site-packages/airflow/example_dags/example_python_operator.py
[2024-05-06T05:09:36.581+0000] {processor.py:830} INFO - Processing file /home/airflow/.local/lib/python3.12/site-packages/airflow/example_dags/example_python_operator.py for tasks to queue
[2024-05-06T05:09:36.583+0000] {logging_mixin.py:188} INFO - [2024-05-06T05:09:36.583+0000] {dagbag.py:540} INFO - Filling up the DagBag from /home/airflow/.local/lib/python3.12/site-packages/airflow/example_dags/example_python_operator.py
[2024-05-06T05:09:36.595+0000] {processor.py:840} INFO - DAG(s) 'example_python_operator' retrieved from /home/airflow/.local/lib/python3.12/site-packages/airflow/example_dags/example_python_operator.py
[2024-05-06T05:09:36.623+0000] {logging_mixin.py:188} INFO - [2024-05-06T05:09:36.622+0000] {dag.py:3096} INFO - Sync 1 DAGs
[2024-05-06T05:09:36.636+0000] {logging_mixin.py:188} INFO - [2024-05-06T05:09:36.635+0000] {dag.py:3954} INFO - Setting next_dagrun for example_python_operator to None, run_after=None
[2024-05-06T05:09:36.663+0000] {processor.py:183} INFO - Processing /home/airflow/.local/lib/python3.12/site-packages/airflow/example_dags/example_python_operator.py took 0.089 seconds
[2024-05-06T05:10:07.251+0000] {processor.py:161} INFO - Started process (PID=10758) to work on /home/airflow/.local/lib/python3.12/site-packages/airflow/example_dags/example_python_operator.py
[2024-05-06T05:10:07.252+0000] {processor.py:830} INFO - Processing file /home/airflow/.local/lib/python3.12/site-packages/airflow/example_dags/example_python_operator.py for tasks to queue
[2024-05-06T05:10:07.254+0000] {logging_mixin.py:188} INFO - [2024-05-06T05:10:07.253+0000] {dagbag.py:540} INFO - Filling up the DagBag from /home/airflow/.local/lib/python3.12/site-packages/airflow/example_dags/example_python_operator.py
[2024-05-06T05:10:07.265+0000] {processor.py:840} INFO - DAG(s) 'example_python_operator' retrieved from /home/airflow/.local/lib/python3.12/site-packages/airflow/example_dags/example_python_operator.py
[2024-05-06T05:10:07.293+0000] {logging_mixin.py:188} INFO - [2024-05-06T05:10:07.292+0000] {dag.py:3096} INFO - Sync 1 DAGs
[2024-05-06T05:10:07.308+0000] {logging_mixin.py:188} INFO - [2024-05-06T05:10:07.308+0000] {dag.py:3954} INFO - Setting next_dagrun for example_python_operator to None, run_after=None
[2024-05-06T05:10:07.333+0000] {processor.py:183} INFO - Processing /home/airflow/.local/lib/python3.12/site-packages/airflow/example_dags/example_python_operator.py took 0.089 seconds
[2024-05-06T05:10:37.626+0000] {processor.py:161} INFO - Started process (PID=11030) to work on /home/airflow/.local/lib/python3.12/site-packages/airflow/example_dags/example_python_operator.py
[2024-05-06T05:10:37.627+0000] {processor.py:830} INFO - Processing file /home/airflow/.local/lib/python3.12/site-packages/airflow/example_dags/example_python_operator.py for tasks to queue
[2024-05-06T05:10:37.629+0000] {logging_mixin.py:188} INFO - [2024-05-06T05:10:37.629+0000] {dagbag.py:540} INFO - Filling up the DagBag from /home/airflow/.local/lib/python3.12/site-packages/airflow/example_dags/example_python_operator.py
[2024-05-06T05:10:37.641+0000] {processor.py:840} INFO - DAG(s) 'example_python_operator' retrieved from /home/airflow/.local/lib/python3.12/site-packages/airflow/example_dags/example_python_operator.py
[2024-05-06T05:10:37.670+0000] {logging_mixin.py:188} INFO - [2024-05-06T05:10:37.669+0000] {dag.py:3096} INFO - Sync 1 DAGs
[2024-05-06T05:10:37.686+0000] {logging_mixin.py:188} INFO - [2024-05-06T05:10:37.685+0000] {dag.py:3954} INFO - Setting next_dagrun for example_python_operator to None, run_after=None
[2024-05-06T05:10:37.712+0000] {processor.py:183} INFO - Processing /home/airflow/.local/lib/python3.12/site-packages/airflow/example_dags/example_python_operator.py took 0.093 seconds
[2024-05-06T05:11:07.927+0000] {processor.py:161} INFO - Started process (PID=11302) to work on /home/airflow/.local/lib/python3.12/site-packages/airflow/example_dags/example_python_operator.py
[2024-05-06T05:11:07.929+0000] {processor.py:830} INFO - Processing file /home/airflow/.local/lib/python3.12/site-packages/airflow/example_dags/example_python_operator.py for tasks to queue
[2024-05-06T05:11:07.932+0000] {logging_mixin.py:188} INFO - [2024-05-06T05:11:07.932+0000] {dagbag.py:540} INFO - Filling up the DagBag from /home/airflow/.local/lib/python3.12/site-packages/airflow/example_dags/example_python_operator.py
[2024-05-06T05:11:07.945+0000] {processor.py:840} INFO - DAG(s) 'example_python_operator' retrieved from /home/airflow/.local/lib/python3.12/site-packages/airflow/example_dags/example_python_operator.py
[2024-05-06T05:11:07.974+0000] {logging_mixin.py:188} INFO - [2024-05-06T05:11:07.974+0000] {dag.py:3096} INFO - Sync 1 DAGs
[2024-05-06T05:11:07.988+0000] {logging_mixin.py:188} INFO - [2024-05-06T05:11:07.988+0000] {dag.py:3954} INFO - Setting next_dagrun for example_python_operator to None, run_after=None
[2024-05-06T05:11:08.012+0000] {processor.py:183} INFO - Processing /home/airflow/.local/lib/python3.12/site-packages/airflow/example_dags/example_python_operator.py took 0.091 seconds
[2024-05-06T05:11:38.708+0000] {processor.py:161} INFO - Started process (PID=11575) to work on /home/airflow/.local/lib/python3.12/site-packages/airflow/example_dags/example_python_operator.py
[2024-05-06T05:11:38.709+0000] {processor.py:830} INFO - Processing file /home/airflow/.local/lib/python3.12/site-packages/airflow/example_dags/example_python_operator.py for tasks to queue
[2024-05-06T05:11:38.711+0000] {logging_mixin.py:188} INFO - [2024-05-06T05:11:38.710+0000] {dagbag.py:540} INFO - Filling up the DagBag from /home/airflow/.local/lib/python3.12/site-packages/airflow/example_dags/example_python_operator.py
[2024-05-06T05:11:38.724+0000] {processor.py:840} INFO - DAG(s) 'example_python_operator' retrieved from /home/airflow/.local/lib/python3.12/site-packages/airflow/example_dags/example_python_operator.py
[2024-05-06T05:11:38.751+0000] {logging_mixin.py:188} INFO - [2024-05-06T05:11:38.751+0000] {dag.py:3096} INFO - Sync 1 DAGs
[2024-05-06T05:11:38.764+0000] {logging_mixin.py:188} INFO - [2024-05-06T05:11:38.764+0000] {dag.py:3954} INFO - Setting next_dagrun for example_python_operator to None, run_after=None
[2024-05-06T05:11:38.790+0000] {processor.py:183} INFO - Processing /home/airflow/.local/lib/python3.12/site-packages/airflow/example_dags/example_python_operator.py took 0.089 seconds
[2024-05-06T05:12:08.906+0000] {processor.py:161} INFO - Started process (PID=11846) to work on /home/airflow/.local/lib/python3.12/site-packages/airflow/example_dags/example_python_operator.py
[2024-05-06T05:12:08.907+0000] {processor.py:830} INFO - Processing file /home/airflow/.local/lib/python3.12/site-packages/airflow/example_dags/example_python_operator.py for tasks to queue
[2024-05-06T05:12:08.909+0000] {logging_mixin.py:188} INFO - [2024-05-06T05:12:08.909+0000] {dagbag.py:540} INFO - Filling up the DagBag from /home/airflow/.local/lib/python3.12/site-packages/airflow/example_dags/example_python_operator.py
[2024-05-06T05:12:08.922+0000] {processor.py:840} INFO - DAG(s) 'example_python_operator' retrieved from /home/airflow/.local/lib/python3.12/site-packages/airflow/example_dags/example_python_operator.py
[2024-05-06T05:12:08.950+0000] {logging_mixin.py:188} INFO - [2024-05-06T05:12:08.950+0000] {dag.py:3096} INFO - Sync 1 DAGs
[2024-05-06T05:12:08.967+0000] {logging_mixin.py:188} INFO - [2024-05-06T05:12:08.967+0000] {dag.py:3954} INFO - Setting next_dagrun for example_python_operator to None, run_after=None
[2024-05-06T05:12:08.998+0000] {processor.py:183} INFO - Processing /home/airflow/.local/lib/python3.12/site-packages/airflow/example_dags/example_python_operator.py took 0.099 seconds
[2024-05-06T05:12:39.402+0000] {processor.py:161} INFO - Started process (PID=12119) to work on /home/airflow/.local/lib/python3.12/site-packages/airflow/example_dags/example_python_operator.py
[2024-05-06T05:12:39.403+0000] {processor.py:830} INFO - Processing file /home/airflow/.local/lib/python3.12/site-packages/airflow/example_dags/example_python_operator.py for tasks to queue
[2024-05-06T05:12:39.405+0000] {logging_mixin.py:188} INFO - [2024-05-06T05:12:39.405+0000] {dagbag.py:540} INFO - Filling up the DagBag from /home/airflow/.local/lib/python3.12/site-packages/airflow/example_dags/example_python_operator.py
[2024-05-06T05:12:39.418+0000] {processor.py:840} INFO - DAG(s) 'example_python_operator' retrieved from /home/airflow/.local/lib/python3.12/site-packages/airflow/example_dags/example_python_operator.py
[2024-05-06T05:12:39.445+0000] {logging_mixin.py:188} INFO - [2024-05-06T05:12:39.445+0000] {dag.py:3096} INFO - Sync 1 DAGs
[2024-05-06T05:12:39.459+0000] {logging_mixin.py:188} INFO - [2024-05-06T05:12:39.458+0000] {dag.py:3954} INFO - Setting next_dagrun for example_python_operator to None, run_after=None
[2024-05-06T05:12:39.485+0000] {processor.py:183} INFO - Processing /home/airflow/.local/lib/python3.12/site-packages/airflow/example_dags/example_python_operator.py took 0.090 seconds
[2024-05-06T05:13:10.129+0000] {processor.py:161} INFO - Started process (PID=12392) to work on /home/airflow/.local/lib/python3.12/site-packages/airflow/example_dags/example_python_operator.py
[2024-05-06T05:13:10.130+0000] {processor.py:830} INFO - Processing file /home/airflow/.local/lib/python3.12/site-packages/airflow/example_dags/example_python_operator.py for tasks to queue
[2024-05-06T05:13:10.132+0000] {logging_mixin.py:188} INFO - [2024-05-06T05:13:10.131+0000] {dagbag.py:540} INFO - Filling up the DagBag from /home/airflow/.local/lib/python3.12/site-packages/airflow/example_dags/example_python_operator.py
[2024-05-06T05:13:10.162+0000] {processor.py:840} INFO - DAG(s) 'example_python_operator' retrieved from /home/airflow/.local/lib/python3.12/site-packages/airflow/example_dags/example_python_operator.py
[2024-05-06T05:13:10.221+0000] {logging_mixin.py:188} INFO - [2024-05-06T05:13:10.221+0000] {dag.py:3096} INFO - Sync 1 DAGs
[2024-05-06T05:13:10.240+0000] {logging_mixin.py:188} INFO - [2024-05-06T05:13:10.240+0000] {dag.py:3954} INFO - Setting next_dagrun for example_python_operator to None, run_after=None
[2024-05-06T05:13:10.274+0000] {processor.py:183} INFO - Processing /home/airflow/.local/lib/python3.12/site-packages/airflow/example_dags/example_python_operator.py took 0.165 seconds
[2024-05-06T05:13:40.837+0000] {processor.py:161} INFO - Started process (PID=12665) to work on /home/airflow/.local/lib/python3.12/site-packages/airflow/example_dags/example_python_operator.py
[2024-05-06T05:13:40.838+0000] {processor.py:830} INFO - Processing file /home/airflow/.local/lib/python3.12/site-packages/airflow/example_dags/example_python_operator.py for tasks to queue
[2024-05-06T05:13:40.840+0000] {logging_mixin.py:188} INFO - [2024-05-06T05:13:40.840+0000] {dagbag.py:540} INFO - Filling up the DagBag from /home/airflow/.local/lib/python3.12/site-packages/airflow/example_dags/example_python_operator.py
[2024-05-06T05:13:40.852+0000] {processor.py:840} INFO - DAG(s) 'example_python_operator' retrieved from /home/airflow/.local/lib/python3.12/site-packages/airflow/example_dags/example_python_operator.py
[2024-05-06T05:13:40.880+0000] {logging_mixin.py:188} INFO - [2024-05-06T05:13:40.880+0000] {dag.py:3096} INFO - Sync 1 DAGs
[2024-05-06T05:13:40.897+0000] {logging_mixin.py:188} INFO - [2024-05-06T05:13:40.897+0000] {dag.py:3954} INFO - Setting next_dagrun for example_python_operator to None, run_after=None
[2024-05-06T05:13:40.933+0000] {processor.py:183} INFO - Processing /home/airflow/.local/lib/python3.12/site-packages/airflow/example_dags/example_python_operator.py took 0.104 seconds
[2024-05-06T05:14:11.450+0000] {processor.py:161} INFO - Started process (PID=12937) to work on /home/airflow/.local/lib/python3.12/site-packages/airflow/example_dags/example_python_operator.py
[2024-05-06T05:14:11.451+0000] {processor.py:830} INFO - Processing file /home/airflow/.local/lib/python3.12/site-packages/airflow/example_dags/example_python_operator.py for tasks to queue
[2024-05-06T05:14:11.453+0000] {logging_mixin.py:188} INFO - [2024-05-06T05:14:11.453+0000] {dagbag.py:540} INFO - Filling up the DagBag from /home/airflow/.local/lib/python3.12/site-packages/airflow/example_dags/example_python_operator.py
[2024-05-06T05:14:11.465+0000] {processor.py:840} INFO - DAG(s) 'example_python_operator' retrieved from /home/airflow/.local/lib/python3.12/site-packages/airflow/example_dags/example_python_operator.py
[2024-05-06T05:14:11.506+0000] {logging_mixin.py:188} INFO - [2024-05-06T05:14:11.506+0000] {dag.py:3096} INFO - Sync 1 DAGs
[2024-05-06T05:14:11.521+0000] {logging_mixin.py:188} INFO - [2024-05-06T05:14:11.520+0000] {dag.py:3954} INFO - Setting next_dagrun for example_python_operator to None, run_after=None
[2024-05-06T05:14:11.545+0000] {processor.py:183} INFO - Processing /home/airflow/.local/lib/python3.12/site-packages/airflow/example_dags/example_python_operator.py took 0.102 seconds
[2024-05-06T05:14:42.238+0000] {processor.py:161} INFO - Started process (PID=13210) to work on /home/airflow/.local/lib/python3.12/site-packages/airflow/example_dags/example_python_operator.py
[2024-05-06T05:14:42.241+0000] {processor.py:830} INFO - Processing file /home/airflow/.local/lib/python3.12/site-packages/airflow/example_dags/example_python_operator.py for tasks to queue
[2024-05-06T05:14:42.243+0000] {logging_mixin.py:188} INFO - [2024-05-06T05:14:42.242+0000] {dagbag.py:540} INFO - Filling up the DagBag from /home/airflow/.local/lib/python3.12/site-packages/airflow/example_dags/example_python_operator.py
[2024-05-06T05:14:42.257+0000] {processor.py:840} INFO - DAG(s) 'example_python_operator' retrieved from /home/airflow/.local/lib/python3.12/site-packages/airflow/example_dags/example_python_operator.py
[2024-05-06T05:14:42.285+0000] {logging_mixin.py:188} INFO - [2024-05-06T05:14:42.284+0000] {dag.py:3096} INFO - Sync 1 DAGs
[2024-05-06T05:14:42.301+0000] {logging_mixin.py:188} INFO - [2024-05-06T05:14:42.300+0000] {dag.py:3954} INFO - Setting next_dagrun for example_python_operator to None, run_after=None
[2024-05-06T05:14:42.324+0000] {processor.py:183} INFO - Processing /home/airflow/.local/lib/python3.12/site-packages/airflow/example_dags/example_python_operator.py took 0.098 seconds
[2024-05-06T05:15:13.061+0000] {processor.py:161} INFO - Started process (PID=13482) to work on /home/airflow/.local/lib/python3.12/site-packages/airflow/example_dags/example_python_operator.py
[2024-05-06T05:15:13.062+0000] {processor.py:830} INFO - Processing file /home/airflow/.local/lib/python3.12/site-packages/airflow/example_dags/example_python_operator.py for tasks to queue
[2024-05-06T05:15:13.064+0000] {logging_mixin.py:188} INFO - [2024-05-06T05:15:13.063+0000] {dagbag.py:540} INFO - Filling up the DagBag from /home/airflow/.local/lib/python3.12/site-packages/airflow/example_dags/example_python_operator.py
[2024-05-06T05:15:13.076+0000] {processor.py:840} INFO - DAG(s) 'example_python_operator' retrieved from /home/airflow/.local/lib/python3.12/site-packages/airflow/example_dags/example_python_operator.py
[2024-05-06T05:15:13.103+0000] {logging_mixin.py:188} INFO - [2024-05-06T05:15:13.103+0000] {dag.py:3096} INFO - Sync 1 DAGs
[2024-05-06T05:15:13.118+0000] {logging_mixin.py:188} INFO - [2024-05-06T05:15:13.118+0000] {dag.py:3954} INFO - Setting next_dagrun for example_python_operator to None, run_after=None
[2024-05-06T05:15:13.141+0000] {processor.py:183} INFO - Processing /home/airflow/.local/lib/python3.12/site-packages/airflow/example_dags/example_python_operator.py took 0.088 seconds
[2024-05-06T05:15:43.717+0000] {processor.py:161} INFO - Started process (PID=13755) to work on /home/airflow/.local/lib/python3.12/site-packages/airflow/example_dags/example_python_operator.py
[2024-05-06T05:15:43.718+0000] {processor.py:830} INFO - Processing file /home/airflow/.local/lib/python3.12/site-packages/airflow/example_dags/example_python_operator.py for tasks to queue
[2024-05-06T05:15:43.720+0000] {logging_mixin.py:188} INFO - [2024-05-06T05:15:43.720+0000] {dagbag.py:540} INFO - Filling up the DagBag from /home/airflow/.local/lib/python3.12/site-packages/airflow/example_dags/example_python_operator.py
[2024-05-06T05:15:43.732+0000] {processor.py:840} INFO - DAG(s) 'example_python_operator' retrieved from /home/airflow/.local/lib/python3.12/site-packages/airflow/example_dags/example_python_operator.py
[2024-05-06T05:15:43.760+0000] {logging_mixin.py:188} INFO - [2024-05-06T05:15:43.759+0000] {dag.py:3096} INFO - Sync 1 DAGs
[2024-05-06T05:15:43.775+0000] {logging_mixin.py:188} INFO - [2024-05-06T05:15:43.775+0000] {dag.py:3954} INFO - Setting next_dagrun for example_python_operator to None, run_after=None
[2024-05-06T05:15:43.799+0000] {processor.py:183} INFO - Processing /home/airflow/.local/lib/python3.12/site-packages/airflow/example_dags/example_python_operator.py took 0.090 seconds
[2024-05-06T05:16:14.505+0000] {processor.py:161} INFO - Started process (PID=14026) to work on /home/airflow/.local/lib/python3.12/site-packages/airflow/example_dags/example_python_operator.py
[2024-05-06T05:16:14.505+0000] {processor.py:830} INFO - Processing file /home/airflow/.local/lib/python3.12/site-packages/airflow/example_dags/example_python_operator.py for tasks to queue
[2024-05-06T05:16:14.507+0000] {logging_mixin.py:188} INFO - [2024-05-06T05:16:14.507+0000] {dagbag.py:540} INFO - Filling up the DagBag from /home/airflow/.local/lib/python3.12/site-packages/airflow/example_dags/example_python_operator.py
[2024-05-06T05:16:14.531+0000] {processor.py:840} INFO - DAG(s) 'example_python_operator' retrieved from /home/airflow/.local/lib/python3.12/site-packages/airflow/example_dags/example_python_operator.py
[2024-05-06T05:16:14.592+0000] {logging_mixin.py:188} INFO - [2024-05-06T05:16:14.592+0000] {dag.py:3096} INFO - Sync 1 DAGs
[2024-05-06T05:16:14.618+0000] {logging_mixin.py:188} INFO - [2024-05-06T05:16:14.617+0000] {dag.py:3954} INFO - Setting next_dagrun for example_python_operator to None, run_after=None
[2024-05-06T05:16:14.642+0000] {processor.py:183} INFO - Processing /home/airflow/.local/lib/python3.12/site-packages/airflow/example_dags/example_python_operator.py took 0.145 seconds
[2024-05-06T05:16:44.707+0000] {processor.py:161} INFO - Started process (PID=14297) to work on /home/airflow/.local/lib/python3.12/site-packages/airflow/example_dags/example_python_operator.py
[2024-05-06T05:16:44.708+0000] {processor.py:830} INFO - Processing file /home/airflow/.local/lib/python3.12/site-packages/airflow/example_dags/example_python_operator.py for tasks to queue
[2024-05-06T05:16:44.711+0000] {logging_mixin.py:188} INFO - [2024-05-06T05:16:44.711+0000] {dagbag.py:540} INFO - Filling up the DagBag from /home/airflow/.local/lib/python3.12/site-packages/airflow/example_dags/example_python_operator.py
[2024-05-06T05:16:44.736+0000] {processor.py:840} INFO - DAG(s) 'example_python_operator' retrieved from /home/airflow/.local/lib/python3.12/site-packages/airflow/example_dags/example_python_operator.py
[2024-05-06T05:16:44.775+0000] {logging_mixin.py:188} INFO - [2024-05-06T05:16:44.775+0000] {dag.py:3096} INFO - Sync 1 DAGs
[2024-05-06T05:16:44.804+0000] {logging_mixin.py:188} INFO - [2024-05-06T05:16:44.804+0000] {dag.py:3954} INFO - Setting next_dagrun for example_python_operator to None, run_after=None
[2024-05-06T05:16:44.831+0000] {processor.py:183} INFO - Processing /home/airflow/.local/lib/python3.12/site-packages/airflow/example_dags/example_python_operator.py took 0.133 seconds
[2024-05-06T05:17:14.922+0000] {processor.py:161} INFO - Started process (PID=14572) to work on /home/airflow/.local/lib/python3.12/site-packages/airflow/example_dags/example_python_operator.py
[2024-05-06T05:17:14.923+0000] {processor.py:830} INFO - Processing file /home/airflow/.local/lib/python3.12/site-packages/airflow/example_dags/example_python_operator.py for tasks to queue
[2024-05-06T05:17:14.926+0000] {logging_mixin.py:188} INFO - [2024-05-06T05:17:14.925+0000] {dagbag.py:540} INFO - Filling up the DagBag from /home/airflow/.local/lib/python3.12/site-packages/airflow/example_dags/example_python_operator.py
[2024-05-06T05:17:14.937+0000] {processor.py:840} INFO - DAG(s) 'example_python_operator' retrieved from /home/airflow/.local/lib/python3.12/site-packages/airflow/example_dags/example_python_operator.py
[2024-05-06T05:17:14.966+0000] {logging_mixin.py:188} INFO - [2024-05-06T05:17:14.966+0000] {dag.py:3096} INFO - Sync 1 DAGs
[2024-05-06T05:17:14.981+0000] {logging_mixin.py:188} INFO - [2024-05-06T05:17:14.981+0000] {dag.py:3954} INFO - Setting next_dagrun for example_python_operator to None, run_after=None
[2024-05-06T05:17:15.008+0000] {processor.py:183} INFO - Processing /home/airflow/.local/lib/python3.12/site-packages/airflow/example_dags/example_python_operator.py took 0.093 seconds
[2024-05-06T05:17:45.482+0000] {processor.py:161} INFO - Started process (PID=14838) to work on /home/airflow/.local/lib/python3.12/site-packages/airflow/example_dags/example_python_operator.py
[2024-05-06T05:17:45.484+0000] {processor.py:830} INFO - Processing file /home/airflow/.local/lib/python3.12/site-packages/airflow/example_dags/example_python_operator.py for tasks to queue
[2024-05-06T05:17:45.486+0000] {logging_mixin.py:188} INFO - [2024-05-06T05:17:45.486+0000] {dagbag.py:540} INFO - Filling up the DagBag from /home/airflow/.local/lib/python3.12/site-packages/airflow/example_dags/example_python_operator.py
[2024-05-06T05:17:45.500+0000] {processor.py:840} INFO - DAG(s) 'example_python_operator' retrieved from /home/airflow/.local/lib/python3.12/site-packages/airflow/example_dags/example_python_operator.py
[2024-05-06T05:17:45.528+0000] {logging_mixin.py:188} INFO - [2024-05-06T05:17:45.527+0000] {dag.py:3096} INFO - Sync 1 DAGs
[2024-05-06T05:17:45.542+0000] {logging_mixin.py:188} INFO - [2024-05-06T05:17:45.542+0000] {dag.py:3954} INFO - Setting next_dagrun for example_python_operator to None, run_after=None
[2024-05-06T05:17:45.566+0000] {processor.py:183} INFO - Processing /home/airflow/.local/lib/python3.12/site-packages/airflow/example_dags/example_python_operator.py took 0.091 seconds
[2024-05-06T05:18:15.993+0000] {processor.py:161} INFO - Started process (PID=15110) to work on /home/airflow/.local/lib/python3.12/site-packages/airflow/example_dags/example_python_operator.py
[2024-05-06T05:18:15.996+0000] {processor.py:830} INFO - Processing file /home/airflow/.local/lib/python3.12/site-packages/airflow/example_dags/example_python_operator.py for tasks to queue
[2024-05-06T05:18:16.000+0000] {logging_mixin.py:188} INFO - [2024-05-06T05:18:15.999+0000] {dagbag.py:540} INFO - Filling up the DagBag from /home/airflow/.local/lib/python3.12/site-packages/airflow/example_dags/example_python_operator.py
[2024-05-06T05:18:16.037+0000] {processor.py:840} INFO - DAG(s) 'example_python_operator' retrieved from /home/airflow/.local/lib/python3.12/site-packages/airflow/example_dags/example_python_operator.py
[2024-05-06T05:18:16.070+0000] {logging_mixin.py:188} INFO - [2024-05-06T05:18:16.070+0000] {dag.py:3096} INFO - Sync 1 DAGs
[2024-05-06T05:18:16.092+0000] {logging_mixin.py:188} INFO - [2024-05-06T05:18:16.091+0000] {dag.py:3954} INFO - Setting next_dagrun for example_python_operator to None, run_after=None
[2024-05-06T05:18:16.133+0000] {processor.py:183} INFO - Processing /home/airflow/.local/lib/python3.12/site-packages/airflow/example_dags/example_python_operator.py took 0.152 seconds
[2024-05-06T05:18:46.397+0000] {processor.py:161} INFO - Started process (PID=15382) to work on /home/airflow/.local/lib/python3.12/site-packages/airflow/example_dags/example_python_operator.py
[2024-05-06T05:18:46.398+0000] {processor.py:830} INFO - Processing file /home/airflow/.local/lib/python3.12/site-packages/airflow/example_dags/example_python_operator.py for tasks to queue
[2024-05-06T05:18:46.400+0000] {logging_mixin.py:188} INFO - [2024-05-06T05:18:46.399+0000] {dagbag.py:540} INFO - Filling up the DagBag from /home/airflow/.local/lib/python3.12/site-packages/airflow/example_dags/example_python_operator.py
[2024-05-06T05:18:46.421+0000] {processor.py:840} INFO - DAG(s) 'example_python_operator' retrieved from /home/airflow/.local/lib/python3.12/site-packages/airflow/example_dags/example_python_operator.py
[2024-05-06T05:18:46.451+0000] {logging_mixin.py:188} INFO - [2024-05-06T05:18:46.451+0000] {dag.py:3096} INFO - Sync 1 DAGs
[2024-05-06T05:18:46.471+0000] {logging_mixin.py:188} INFO - [2024-05-06T05:18:46.470+0000] {dag.py:3954} INFO - Setting next_dagrun for example_python_operator to None, run_after=None
[2024-05-06T05:18:46.495+0000] {processor.py:183} INFO - Processing /home/airflow/.local/lib/python3.12/site-packages/airflow/example_dags/example_python_operator.py took 0.108 seconds
[2024-05-06T05:19:17.054+0000] {processor.py:161} INFO - Started process (PID=15654) to work on /home/airflow/.local/lib/python3.12/site-packages/airflow/example_dags/example_python_operator.py
[2024-05-06T05:19:17.054+0000] {processor.py:830} INFO - Processing file /home/airflow/.local/lib/python3.12/site-packages/airflow/example_dags/example_python_operator.py for tasks to queue
[2024-05-06T05:19:17.057+0000] {logging_mixin.py:188} INFO - [2024-05-06T05:19:17.057+0000] {dagbag.py:540} INFO - Filling up the DagBag from /home/airflow/.local/lib/python3.12/site-packages/airflow/example_dags/example_python_operator.py
[2024-05-06T05:19:17.071+0000] {processor.py:840} INFO - DAG(s) 'example_python_operator' retrieved from /home/airflow/.local/lib/python3.12/site-packages/airflow/example_dags/example_python_operator.py
[2024-05-06T05:19:17.097+0000] {logging_mixin.py:188} INFO - [2024-05-06T05:19:17.097+0000] {dag.py:3096} INFO - Sync 1 DAGs
[2024-05-06T05:19:17.114+0000] {logging_mixin.py:188} INFO - [2024-05-06T05:19:17.114+0000] {dag.py:3954} INFO - Setting next_dagrun for example_python_operator to None, run_after=None
[2024-05-06T05:19:17.141+0000] {processor.py:183} INFO - Processing /home/airflow/.local/lib/python3.12/site-packages/airflow/example_dags/example_python_operator.py took 0.096 seconds
