[2024-05-06T04:50:12.364+0000] {processor.py:161} INFO - Started process (PID=193) to work on /home/airflow/.local/lib/python3.12/site-packages/airflow/example_dags/example_short_circuit_operator.py
[2024-05-06T04:50:12.365+0000] {processor.py:830} INFO - Processing file /home/airflow/.local/lib/python3.12/site-packages/airflow/example_dags/example_short_circuit_operator.py for tasks to queue
[2024-05-06T04:50:12.376+0000] {logging_mixin.py:188} INFO - [2024-05-06T04:50:12.367+0000] {dagbag.py:540} INFO - Filling up the DagBag from /home/airflow/.local/lib/python3.12/site-packages/airflow/example_dags/example_short_circuit_operator.py
[2024-05-06T04:50:12.403+0000] {processor.py:840} INFO - DAG(s) 'example_short_circuit_operator' retrieved from /home/airflow/.local/lib/python3.12/site-packages/airflow/example_dags/example_short_circuit_operator.py
[2024-05-06T04:50:12.644+0000] {logging_mixin.py:188} INFO - [2024-05-06T04:50:12.643+0000] {override.py:1829} INFO - Created Permission View: can delete on DAG:example_short_circuit_operator
[2024-05-06T04:50:12.668+0000] {logging_mixin.py:188} INFO - [2024-05-06T04:50:12.667+0000] {override.py:1829} INFO - Created Permission View: can edit on DAG:example_short_circuit_operator
[2024-05-06T04:50:12.679+0000] {logging_mixin.py:188} INFO - [2024-05-06T04:50:12.679+0000] {override.py:1829} INFO - Created Permission View: can read on DAG:example_short_circuit_operator
[2024-05-06T04:50:12.680+0000] {logging_mixin.py:188} INFO - [2024-05-06T04:50:12.680+0000] {dag.py:3096} INFO - Sync 1 DAGs
[2024-05-06T04:50:12.703+0000] {logging_mixin.py:188} INFO - [2024-05-06T04:50:12.703+0000] {dag.py:3118} INFO - Creating ORM DAG for example_short_circuit_operator
[2024-05-06T04:50:12.729+0000] {logging_mixin.py:188} INFO - [2024-05-06T04:50:12.729+0000] {dag.py:3954} INFO - Setting next_dagrun for example_short_circuit_operator to 2024-05-05 00:00:00+00:00, run_after=2024-05-06 00:00:00+00:00
[2024-05-06T04:50:12.796+0000] {processor.py:183} INFO - Processing /home/airflow/.local/lib/python3.12/site-packages/airflow/example_dags/example_short_circuit_operator.py took 0.444 seconds
[2024-05-06T04:50:43.595+0000] {processor.py:161} INFO - Started process (PID=457) to work on /home/airflow/.local/lib/python3.12/site-packages/airflow/example_dags/example_short_circuit_operator.py
[2024-05-06T04:50:43.597+0000] {processor.py:830} INFO - Processing file /home/airflow/.local/lib/python3.12/site-packages/airflow/example_dags/example_short_circuit_operator.py for tasks to queue
[2024-05-06T04:50:43.598+0000] {logging_mixin.py:188} INFO - [2024-05-06T04:50:43.598+0000] {dagbag.py:540} INFO - Filling up the DagBag from /home/airflow/.local/lib/python3.12/site-packages/airflow/example_dags/example_short_circuit_operator.py
[2024-05-06T04:50:43.607+0000] {processor.py:840} INFO - DAG(s) 'example_short_circuit_operator' retrieved from /home/airflow/.local/lib/python3.12/site-packages/airflow/example_dags/example_short_circuit_operator.py
[2024-05-06T04:50:43.638+0000] {logging_mixin.py:188} INFO - [2024-05-06T04:50:43.637+0000] {dag.py:3096} INFO - Sync 1 DAGs
[2024-05-06T04:50:43.662+0000] {logging_mixin.py:188} INFO - [2024-05-06T04:50:43.662+0000] {dag.py:3954} INFO - Setting next_dagrun for example_short_circuit_operator to 2024-05-05 00:00:00+00:00, run_after=2024-05-06 00:00:00+00:00
[2024-05-06T04:50:43.684+0000] {processor.py:183} INFO - Processing /home/airflow/.local/lib/python3.12/site-packages/airflow/example_dags/example_short_circuit_operator.py took 0.096 seconds
[2024-05-06T04:51:13.961+0000] {processor.py:161} INFO - Started process (PID=718) to work on /home/airflow/.local/lib/python3.12/site-packages/airflow/example_dags/example_short_circuit_operator.py
[2024-05-06T04:51:13.962+0000] {processor.py:830} INFO - Processing file /home/airflow/.local/lib/python3.12/site-packages/airflow/example_dags/example_short_circuit_operator.py for tasks to queue
[2024-05-06T04:51:13.964+0000] {logging_mixin.py:188} INFO - [2024-05-06T04:51:13.963+0000] {dagbag.py:540} INFO - Filling up the DagBag from /home/airflow/.local/lib/python3.12/site-packages/airflow/example_dags/example_short_circuit_operator.py
[2024-05-06T04:51:13.972+0000] {processor.py:840} INFO - DAG(s) 'example_short_circuit_operator' retrieved from /home/airflow/.local/lib/python3.12/site-packages/airflow/example_dags/example_short_circuit_operator.py
[2024-05-06T04:51:14.006+0000] {logging_mixin.py:188} INFO - [2024-05-06T04:51:14.006+0000] {dag.py:3096} INFO - Sync 1 DAGs
[2024-05-06T04:51:14.036+0000] {logging_mixin.py:188} INFO - [2024-05-06T04:51:14.036+0000] {dag.py:3954} INFO - Setting next_dagrun for example_short_circuit_operator to 2024-05-05 00:00:00+00:00, run_after=2024-05-06 00:00:00+00:00
[2024-05-06T04:51:14.060+0000] {processor.py:183} INFO - Processing /home/airflow/.local/lib/python3.12/site-packages/airflow/example_dags/example_short_circuit_operator.py took 0.106 seconds
[2024-05-06T04:51:45.030+0000] {processor.py:161} INFO - Started process (PID=982) to work on /home/airflow/.local/lib/python3.12/site-packages/airflow/example_dags/example_short_circuit_operator.py
[2024-05-06T04:51:45.031+0000] {processor.py:830} INFO - Processing file /home/airflow/.local/lib/python3.12/site-packages/airflow/example_dags/example_short_circuit_operator.py for tasks to queue
[2024-05-06T04:51:45.033+0000] {logging_mixin.py:188} INFO - [2024-05-06T04:51:45.033+0000] {dagbag.py:540} INFO - Filling up the DagBag from /home/airflow/.local/lib/python3.12/site-packages/airflow/example_dags/example_short_circuit_operator.py
[2024-05-06T04:51:45.045+0000] {processor.py:840} INFO - DAG(s) 'example_short_circuit_operator' retrieved from /home/airflow/.local/lib/python3.12/site-packages/airflow/example_dags/example_short_circuit_operator.py
[2024-05-06T04:51:45.079+0000] {logging_mixin.py:188} INFO - [2024-05-06T04:51:45.079+0000] {dag.py:3096} INFO - Sync 1 DAGs
[2024-05-06T04:51:45.122+0000] {logging_mixin.py:188} INFO - [2024-05-06T04:51:45.122+0000] {dag.py:3954} INFO - Setting next_dagrun for example_short_circuit_operator to 2024-05-05 00:00:00+00:00, run_after=2024-05-06 00:00:00+00:00
[2024-05-06T04:51:45.162+0000] {processor.py:183} INFO - Processing /home/airflow/.local/lib/python3.12/site-packages/airflow/example_dags/example_short_circuit_operator.py took 0.139 seconds
[2024-05-06T04:52:16.194+0000] {processor.py:161} INFO - Started process (PID=1245) to work on /home/airflow/.local/lib/python3.12/site-packages/airflow/example_dags/example_short_circuit_operator.py
[2024-05-06T04:52:16.196+0000] {processor.py:830} INFO - Processing file /home/airflow/.local/lib/python3.12/site-packages/airflow/example_dags/example_short_circuit_operator.py for tasks to queue
[2024-05-06T04:52:16.198+0000] {logging_mixin.py:188} INFO - [2024-05-06T04:52:16.198+0000] {dagbag.py:540} INFO - Filling up the DagBag from /home/airflow/.local/lib/python3.12/site-packages/airflow/example_dags/example_short_circuit_operator.py
[2024-05-06T04:52:16.207+0000] {processor.py:840} INFO - DAG(s) 'example_short_circuit_operator' retrieved from /home/airflow/.local/lib/python3.12/site-packages/airflow/example_dags/example_short_circuit_operator.py
[2024-05-06T04:52:16.235+0000] {logging_mixin.py:188} INFO - [2024-05-06T04:52:16.235+0000] {dag.py:3096} INFO - Sync 1 DAGs
[2024-05-06T04:52:16.261+0000] {logging_mixin.py:188} INFO - [2024-05-06T04:52:16.261+0000] {dag.py:3954} INFO - Setting next_dagrun for example_short_circuit_operator to 2024-05-05 00:00:00+00:00, run_after=2024-05-06 00:00:00+00:00
[2024-05-06T04:52:16.284+0000] {processor.py:183} INFO - Processing /home/airflow/.local/lib/python3.12/site-packages/airflow/example_dags/example_short_circuit_operator.py took 0.097 seconds
[2024-05-06T04:52:46.419+0000] {processor.py:161} INFO - Started process (PID=1506) to work on /home/airflow/.local/lib/python3.12/site-packages/airflow/example_dags/example_short_circuit_operator.py
[2024-05-06T04:52:46.420+0000] {processor.py:830} INFO - Processing file /home/airflow/.local/lib/python3.12/site-packages/airflow/example_dags/example_short_circuit_operator.py for tasks to queue
[2024-05-06T04:52:46.422+0000] {logging_mixin.py:188} INFO - [2024-05-06T04:52:46.422+0000] {dagbag.py:540} INFO - Filling up the DagBag from /home/airflow/.local/lib/python3.12/site-packages/airflow/example_dags/example_short_circuit_operator.py
[2024-05-06T04:52:46.431+0000] {processor.py:840} INFO - DAG(s) 'example_short_circuit_operator' retrieved from /home/airflow/.local/lib/python3.12/site-packages/airflow/example_dags/example_short_circuit_operator.py
[2024-05-06T04:52:46.459+0000] {logging_mixin.py:188} INFO - [2024-05-06T04:52:46.459+0000] {dag.py:3096} INFO - Sync 1 DAGs
[2024-05-06T04:52:46.487+0000] {logging_mixin.py:188} INFO - [2024-05-06T04:52:46.486+0000] {dag.py:3954} INFO - Setting next_dagrun for example_short_circuit_operator to 2024-05-05 00:00:00+00:00, run_after=2024-05-06 00:00:00+00:00
[2024-05-06T04:52:46.511+0000] {processor.py:183} INFO - Processing /home/airflow/.local/lib/python3.12/site-packages/airflow/example_dags/example_short_circuit_operator.py took 0.098 seconds
[2024-05-06T04:53:16.581+0000] {processor.py:161} INFO - Started process (PID=1768) to work on /home/airflow/.local/lib/python3.12/site-packages/airflow/example_dags/example_short_circuit_operator.py
[2024-05-06T04:53:16.582+0000] {processor.py:830} INFO - Processing file /home/airflow/.local/lib/python3.12/site-packages/airflow/example_dags/example_short_circuit_operator.py for tasks to queue
[2024-05-06T04:53:16.584+0000] {logging_mixin.py:188} INFO - [2024-05-06T04:53:16.583+0000] {dagbag.py:540} INFO - Filling up the DagBag from /home/airflow/.local/lib/python3.12/site-packages/airflow/example_dags/example_short_circuit_operator.py
[2024-05-06T04:53:16.592+0000] {processor.py:840} INFO - DAG(s) 'example_short_circuit_operator' retrieved from /home/airflow/.local/lib/python3.12/site-packages/airflow/example_dags/example_short_circuit_operator.py
[2024-05-06T04:53:16.622+0000] {logging_mixin.py:188} INFO - [2024-05-06T04:53:16.622+0000] {dag.py:3096} INFO - Sync 1 DAGs
[2024-05-06T04:53:16.648+0000] {logging_mixin.py:188} INFO - [2024-05-06T04:53:16.648+0000] {dag.py:3954} INFO - Setting next_dagrun for example_short_circuit_operator to 2024-05-05 00:00:00+00:00, run_after=2024-05-06 00:00:00+00:00
[2024-05-06T04:53:16.673+0000] {processor.py:183} INFO - Processing /home/airflow/.local/lib/python3.12/site-packages/airflow/example_dags/example_short_circuit_operator.py took 0.098 seconds
[2024-05-06T04:53:46.869+0000] {processor.py:161} INFO - Started process (PID=2030) to work on /home/airflow/.local/lib/python3.12/site-packages/airflow/example_dags/example_short_circuit_operator.py
[2024-05-06T04:53:46.871+0000] {processor.py:830} INFO - Processing file /home/airflow/.local/lib/python3.12/site-packages/airflow/example_dags/example_short_circuit_operator.py for tasks to queue
[2024-05-06T04:53:46.873+0000] {logging_mixin.py:188} INFO - [2024-05-06T04:53:46.873+0000] {dagbag.py:540} INFO - Filling up the DagBag from /home/airflow/.local/lib/python3.12/site-packages/airflow/example_dags/example_short_circuit_operator.py
[2024-05-06T04:53:46.882+0000] {processor.py:840} INFO - DAG(s) 'example_short_circuit_operator' retrieved from /home/airflow/.local/lib/python3.12/site-packages/airflow/example_dags/example_short_circuit_operator.py
[2024-05-06T04:53:46.911+0000] {logging_mixin.py:188} INFO - [2024-05-06T04:53:46.911+0000] {dag.py:3096} INFO - Sync 1 DAGs
[2024-05-06T04:53:46.937+0000] {logging_mixin.py:188} INFO - [2024-05-06T04:53:46.937+0000] {dag.py:3954} INFO - Setting next_dagrun for example_short_circuit_operator to 2024-05-05 00:00:00+00:00, run_after=2024-05-06 00:00:00+00:00
[2024-05-06T04:53:46.962+0000] {processor.py:183} INFO - Processing /home/airflow/.local/lib/python3.12/site-packages/airflow/example_dags/example_short_circuit_operator.py took 0.099 seconds
[2024-05-06T04:54:17.369+0000] {processor.py:161} INFO - Started process (PID=2354) to work on /home/airflow/.local/lib/python3.12/site-packages/airflow/example_dags/example_short_circuit_operator.py
[2024-05-06T04:54:17.376+0000] {processor.py:830} INFO - Processing file /home/airflow/.local/lib/python3.12/site-packages/airflow/example_dags/example_short_circuit_operator.py for tasks to queue
[2024-05-06T04:54:17.385+0000] {logging_mixin.py:188} INFO - [2024-05-06T04:54:17.384+0000] {dagbag.py:540} INFO - Filling up the DagBag from /home/airflow/.local/lib/python3.12/site-packages/airflow/example_dags/example_short_circuit_operator.py
[2024-05-06T04:54:17.431+0000] {processor.py:840} INFO - DAG(s) 'example_short_circuit_operator' retrieved from /home/airflow/.local/lib/python3.12/site-packages/airflow/example_dags/example_short_circuit_operator.py
[2024-05-06T04:54:17.586+0000] {logging_mixin.py:188} INFO - [2024-05-06T04:54:17.586+0000] {dag.py:3096} INFO - Sync 1 DAGs
[2024-05-06T04:54:17.744+0000] {logging_mixin.py:188} INFO - [2024-05-06T04:54:17.743+0000] {dag.py:3954} INFO - Setting next_dagrun for example_short_circuit_operator to 2024-05-05 00:00:00+00:00, run_after=2024-05-06 00:00:00+00:00
[2024-05-06T04:54:17.929+0000] {processor.py:183} INFO - Processing /home/airflow/.local/lib/python3.12/site-packages/airflow/example_dags/example_short_circuit_operator.py took 0.578 seconds
[2024-05-06T04:54:48.501+0000] {processor.py:161} INFO - Started process (PID=2702) to work on /home/airflow/.local/lib/python3.12/site-packages/airflow/example_dags/example_short_circuit_operator.py
[2024-05-06T04:54:48.505+0000] {processor.py:830} INFO - Processing file /home/airflow/.local/lib/python3.12/site-packages/airflow/example_dags/example_short_circuit_operator.py for tasks to queue
[2024-05-06T04:54:48.508+0000] {logging_mixin.py:188} INFO - [2024-05-06T04:54:48.508+0000] {dagbag.py:540} INFO - Filling up the DagBag from /home/airflow/.local/lib/python3.12/site-packages/airflow/example_dags/example_short_circuit_operator.py
[2024-05-06T04:54:48.518+0000] {processor.py:840} INFO - DAG(s) 'example_short_circuit_operator' retrieved from /home/airflow/.local/lib/python3.12/site-packages/airflow/example_dags/example_short_circuit_operator.py
[2024-05-06T04:54:48.549+0000] {logging_mixin.py:188} INFO - [2024-05-06T04:54:48.549+0000] {dag.py:3096} INFO - Sync 1 DAGs
[2024-05-06T04:54:48.576+0000] {logging_mixin.py:188} INFO - [2024-05-06T04:54:48.576+0000] {dag.py:3954} INFO - Setting next_dagrun for example_short_circuit_operator to 2024-05-05 00:00:00+00:00, run_after=2024-05-06 00:00:00+00:00
[2024-05-06T04:54:48.602+0000] {processor.py:183} INFO - Processing /home/airflow/.local/lib/python3.12/site-packages/airflow/example_dags/example_short_circuit_operator.py took 0.110 seconds
[2024-05-06T04:55:19.411+0000] {processor.py:161} INFO - Started process (PID=2965) to work on /home/airflow/.local/lib/python3.12/site-packages/airflow/example_dags/example_short_circuit_operator.py
[2024-05-06T04:55:19.412+0000] {processor.py:830} INFO - Processing file /home/airflow/.local/lib/python3.12/site-packages/airflow/example_dags/example_short_circuit_operator.py for tasks to queue
[2024-05-06T04:55:19.414+0000] {logging_mixin.py:188} INFO - [2024-05-06T04:55:19.414+0000] {dagbag.py:540} INFO - Filling up the DagBag from /home/airflow/.local/lib/python3.12/site-packages/airflow/example_dags/example_short_circuit_operator.py
[2024-05-06T04:55:19.423+0000] {processor.py:840} INFO - DAG(s) 'example_short_circuit_operator' retrieved from /home/airflow/.local/lib/python3.12/site-packages/airflow/example_dags/example_short_circuit_operator.py
[2024-05-06T04:55:19.453+0000] {logging_mixin.py:188} INFO - [2024-05-06T04:55:19.453+0000] {dag.py:3096} INFO - Sync 1 DAGs
[2024-05-06T04:55:19.493+0000] {logging_mixin.py:188} INFO - [2024-05-06T04:55:19.492+0000] {dag.py:3954} INFO - Setting next_dagrun for example_short_circuit_operator to 2024-05-05 00:00:00+00:00, run_after=2024-05-06 00:00:00+00:00
[2024-05-06T04:55:19.540+0000] {processor.py:183} INFO - Processing /home/airflow/.local/lib/python3.12/site-packages/airflow/example_dags/example_short_circuit_operator.py took 0.136 seconds
[2024-05-06T04:55:49.792+0000] {processor.py:161} INFO - Started process (PID=3227) to work on /home/airflow/.local/lib/python3.12/site-packages/airflow/example_dags/example_short_circuit_operator.py
[2024-05-06T04:55:49.794+0000] {processor.py:830} INFO - Processing file /home/airflow/.local/lib/python3.12/site-packages/airflow/example_dags/example_short_circuit_operator.py for tasks to queue
[2024-05-06T04:55:49.796+0000] {logging_mixin.py:188} INFO - [2024-05-06T04:55:49.795+0000] {dagbag.py:540} INFO - Filling up the DagBag from /home/airflow/.local/lib/python3.12/site-packages/airflow/example_dags/example_short_circuit_operator.py
[2024-05-06T04:55:49.810+0000] {processor.py:840} INFO - DAG(s) 'example_short_circuit_operator' retrieved from /home/airflow/.local/lib/python3.12/site-packages/airflow/example_dags/example_short_circuit_operator.py
[2024-05-06T04:55:49.839+0000] {logging_mixin.py:188} INFO - [2024-05-06T04:55:49.839+0000] {dag.py:3096} INFO - Sync 1 DAGs
[2024-05-06T04:55:49.864+0000] {logging_mixin.py:188} INFO - [2024-05-06T04:55:49.864+0000] {dag.py:3954} INFO - Setting next_dagrun for example_short_circuit_operator to 2024-05-05 00:00:00+00:00, run_after=2024-05-06 00:00:00+00:00
[2024-05-06T04:55:49.889+0000] {processor.py:183} INFO - Processing /home/airflow/.local/lib/python3.12/site-packages/airflow/example_dags/example_short_circuit_operator.py took 0.106 seconds
[2024-05-06T04:56:20.665+0000] {processor.py:161} INFO - Started process (PID=3497) to work on /home/airflow/.local/lib/python3.12/site-packages/airflow/example_dags/example_short_circuit_operator.py
[2024-05-06T04:56:20.666+0000] {processor.py:830} INFO - Processing file /home/airflow/.local/lib/python3.12/site-packages/airflow/example_dags/example_short_circuit_operator.py for tasks to queue
[2024-05-06T04:56:20.668+0000] {logging_mixin.py:188} INFO - [2024-05-06T04:56:20.667+0000] {dagbag.py:540} INFO - Filling up the DagBag from /home/airflow/.local/lib/python3.12/site-packages/airflow/example_dags/example_short_circuit_operator.py
[2024-05-06T04:56:20.676+0000] {processor.py:840} INFO - DAG(s) 'example_short_circuit_operator' retrieved from /home/airflow/.local/lib/python3.12/site-packages/airflow/example_dags/example_short_circuit_operator.py
[2024-05-06T04:56:20.707+0000] {logging_mixin.py:188} INFO - [2024-05-06T04:56:20.706+0000] {dag.py:3096} INFO - Sync 1 DAGs
[2024-05-06T04:56:20.740+0000] {logging_mixin.py:188} INFO - [2024-05-06T04:56:20.739+0000] {dag.py:3954} INFO - Setting next_dagrun for example_short_circuit_operator to 2024-05-05 00:00:00+00:00, run_after=2024-05-06 00:00:00+00:00
[2024-05-06T04:56:20.767+0000] {processor.py:183} INFO - Processing /home/airflow/.local/lib/python3.12/site-packages/airflow/example_dags/example_short_circuit_operator.py took 0.108 seconds
[2024-05-06T04:56:51.224+0000] {processor.py:161} INFO - Started process (PID=3760) to work on /home/airflow/.local/lib/python3.12/site-packages/airflow/example_dags/example_short_circuit_operator.py
[2024-05-06T04:56:51.226+0000] {processor.py:830} INFO - Processing file /home/airflow/.local/lib/python3.12/site-packages/airflow/example_dags/example_short_circuit_operator.py for tasks to queue
[2024-05-06T04:56:51.228+0000] {logging_mixin.py:188} INFO - [2024-05-06T04:56:51.227+0000] {dagbag.py:540} INFO - Filling up the DagBag from /home/airflow/.local/lib/python3.12/site-packages/airflow/example_dags/example_short_circuit_operator.py
[2024-05-06T04:56:51.237+0000] {processor.py:840} INFO - DAG(s) 'example_short_circuit_operator' retrieved from /home/airflow/.local/lib/python3.12/site-packages/airflow/example_dags/example_short_circuit_operator.py
[2024-05-06T04:56:51.291+0000] {logging_mixin.py:188} INFO - [2024-05-06T04:56:51.287+0000] {dag.py:3096} INFO - Sync 1 DAGs
[2024-05-06T04:56:51.323+0000] {logging_mixin.py:188} INFO - [2024-05-06T04:56:51.322+0000] {dag.py:3954} INFO - Setting next_dagrun for example_short_circuit_operator to 2024-05-05 00:00:00+00:00, run_after=2024-05-06 00:00:00+00:00
[2024-05-06T04:56:51.348+0000] {processor.py:183} INFO - Processing /home/airflow/.local/lib/python3.12/site-packages/airflow/example_dags/example_short_circuit_operator.py took 0.130 seconds
[2024-05-06T04:57:21.413+0000] {processor.py:161} INFO - Started process (PID=4022) to work on /home/airflow/.local/lib/python3.12/site-packages/airflow/example_dags/example_short_circuit_operator.py
[2024-05-06T04:57:21.414+0000] {processor.py:830} INFO - Processing file /home/airflow/.local/lib/python3.12/site-packages/airflow/example_dags/example_short_circuit_operator.py for tasks to queue
[2024-05-06T04:57:21.415+0000] {logging_mixin.py:188} INFO - [2024-05-06T04:57:21.415+0000] {dagbag.py:540} INFO - Filling up the DagBag from /home/airflow/.local/lib/python3.12/site-packages/airflow/example_dags/example_short_circuit_operator.py
[2024-05-06T04:57:21.420+0000] {processor.py:840} INFO - DAG(s) 'example_short_circuit_operator' retrieved from /home/airflow/.local/lib/python3.12/site-packages/airflow/example_dags/example_short_circuit_operator.py
[2024-05-06T04:57:21.440+0000] {logging_mixin.py:188} INFO - [2024-05-06T04:57:21.440+0000] {dag.py:3096} INFO - Sync 1 DAGs
[2024-05-06T04:57:21.457+0000] {logging_mixin.py:188} INFO - [2024-05-06T04:57:21.457+0000] {dag.py:3954} INFO - Setting next_dagrun for example_short_circuit_operator to 2024-05-05 00:00:00+00:00, run_after=2024-05-06 00:00:00+00:00
[2024-05-06T04:57:21.478+0000] {processor.py:183} INFO - Processing /home/airflow/.local/lib/python3.12/site-packages/airflow/example_dags/example_short_circuit_operator.py took 0.070 seconds
[2024-05-06T04:57:51.811+0000] {processor.py:161} INFO - Started process (PID=4284) to work on /home/airflow/.local/lib/python3.12/site-packages/airflow/example_dags/example_short_circuit_operator.py
[2024-05-06T04:57:51.812+0000] {processor.py:830} INFO - Processing file /home/airflow/.local/lib/python3.12/site-packages/airflow/example_dags/example_short_circuit_operator.py for tasks to queue
[2024-05-06T04:57:51.814+0000] {logging_mixin.py:188} INFO - [2024-05-06T04:57:51.814+0000] {dagbag.py:540} INFO - Filling up the DagBag from /home/airflow/.local/lib/python3.12/site-packages/airflow/example_dags/example_short_circuit_operator.py
[2024-05-06T04:57:51.824+0000] {processor.py:840} INFO - DAG(s) 'example_short_circuit_operator' retrieved from /home/airflow/.local/lib/python3.12/site-packages/airflow/example_dags/example_short_circuit_operator.py
[2024-05-06T04:57:51.853+0000] {logging_mixin.py:188} INFO - [2024-05-06T04:57:51.852+0000] {dag.py:3096} INFO - Sync 1 DAGs
[2024-05-06T04:57:51.879+0000] {logging_mixin.py:188} INFO - [2024-05-06T04:57:51.879+0000] {dag.py:3954} INFO - Setting next_dagrun for example_short_circuit_operator to 2024-05-05 00:00:00+00:00, run_after=2024-05-06 00:00:00+00:00
[2024-05-06T04:57:51.902+0000] {processor.py:183} INFO - Processing /home/airflow/.local/lib/python3.12/site-packages/airflow/example_dags/example_short_circuit_operator.py took 0.097 seconds
[2024-05-06T04:58:21.992+0000] {processor.py:161} INFO - Started process (PID=4546) to work on /home/airflow/.local/lib/python3.12/site-packages/airflow/example_dags/example_short_circuit_operator.py
[2024-05-06T04:58:21.993+0000] {processor.py:830} INFO - Processing file /home/airflow/.local/lib/python3.12/site-packages/airflow/example_dags/example_short_circuit_operator.py for tasks to queue
[2024-05-06T04:58:21.995+0000] {logging_mixin.py:188} INFO - [2024-05-06T04:58:21.994+0000] {dagbag.py:540} INFO - Filling up the DagBag from /home/airflow/.local/lib/python3.12/site-packages/airflow/example_dags/example_short_circuit_operator.py
[2024-05-06T04:58:22.003+0000] {processor.py:840} INFO - DAG(s) 'example_short_circuit_operator' retrieved from /home/airflow/.local/lib/python3.12/site-packages/airflow/example_dags/example_short_circuit_operator.py
[2024-05-06T04:58:22.032+0000] {logging_mixin.py:188} INFO - [2024-05-06T04:58:22.032+0000] {dag.py:3096} INFO - Sync 1 DAGs
[2024-05-06T04:58:22.058+0000] {logging_mixin.py:188} INFO - [2024-05-06T04:58:22.058+0000] {dag.py:3954} INFO - Setting next_dagrun for example_short_circuit_operator to 2024-05-05 00:00:00+00:00, run_after=2024-05-06 00:00:00+00:00
[2024-05-06T04:58:22.097+0000] {processor.py:183} INFO - Processing /home/airflow/.local/lib/python3.12/site-packages/airflow/example_dags/example_short_circuit_operator.py took 0.111 seconds
[2024-05-06T04:58:52.562+0000] {processor.py:161} INFO - Started process (PID=4808) to work on /home/airflow/.local/lib/python3.12/site-packages/airflow/example_dags/example_short_circuit_operator.py
[2024-05-06T04:58:52.562+0000] {processor.py:830} INFO - Processing file /home/airflow/.local/lib/python3.12/site-packages/airflow/example_dags/example_short_circuit_operator.py for tasks to queue
[2024-05-06T04:58:52.564+0000] {logging_mixin.py:188} INFO - [2024-05-06T04:58:52.564+0000] {dagbag.py:540} INFO - Filling up the DagBag from /home/airflow/.local/lib/python3.12/site-packages/airflow/example_dags/example_short_circuit_operator.py
[2024-05-06T04:58:52.573+0000] {processor.py:840} INFO - DAG(s) 'example_short_circuit_operator' retrieved from /home/airflow/.local/lib/python3.12/site-packages/airflow/example_dags/example_short_circuit_operator.py
[2024-05-06T04:58:52.608+0000] {logging_mixin.py:188} INFO - [2024-05-06T04:58:52.608+0000] {dag.py:3096} INFO - Sync 1 DAGs
[2024-05-06T04:58:52.633+0000] {logging_mixin.py:188} INFO - [2024-05-06T04:58:52.632+0000] {dag.py:3954} INFO - Setting next_dagrun for example_short_circuit_operator to 2024-05-05 00:00:00+00:00, run_after=2024-05-06 00:00:00+00:00
[2024-05-06T04:58:52.657+0000] {processor.py:183} INFO - Processing /home/airflow/.local/lib/python3.12/site-packages/airflow/example_dags/example_short_circuit_operator.py took 0.103 seconds
[2024-05-06T04:59:23.137+0000] {processor.py:161} INFO - Started process (PID=5069) to work on /home/airflow/.local/lib/python3.12/site-packages/airflow/example_dags/example_short_circuit_operator.py
[2024-05-06T04:59:23.138+0000] {processor.py:830} INFO - Processing file /home/airflow/.local/lib/python3.12/site-packages/airflow/example_dags/example_short_circuit_operator.py for tasks to queue
[2024-05-06T04:59:23.140+0000] {logging_mixin.py:188} INFO - [2024-05-06T04:59:23.140+0000] {dagbag.py:540} INFO - Filling up the DagBag from /home/airflow/.local/lib/python3.12/site-packages/airflow/example_dags/example_short_circuit_operator.py
[2024-05-06T04:59:23.149+0000] {processor.py:840} INFO - DAG(s) 'example_short_circuit_operator' retrieved from /home/airflow/.local/lib/python3.12/site-packages/airflow/example_dags/example_short_circuit_operator.py
[2024-05-06T04:59:23.177+0000] {logging_mixin.py:188} INFO - [2024-05-06T04:59:23.177+0000] {dag.py:3096} INFO - Sync 1 DAGs
[2024-05-06T04:59:23.202+0000] {logging_mixin.py:188} INFO - [2024-05-06T04:59:23.202+0000] {dag.py:3954} INFO - Setting next_dagrun for example_short_circuit_operator to 2024-05-05 00:00:00+00:00, run_after=2024-05-06 00:00:00+00:00
[2024-05-06T04:59:23.243+0000] {processor.py:183} INFO - Processing /home/airflow/.local/lib/python3.12/site-packages/airflow/example_dags/example_short_circuit_operator.py took 0.113 seconds
[2024-05-06T04:59:53.534+0000] {processor.py:161} INFO - Started process (PID=5331) to work on /home/airflow/.local/lib/python3.12/site-packages/airflow/example_dags/example_short_circuit_operator.py
[2024-05-06T04:59:53.535+0000] {processor.py:830} INFO - Processing file /home/airflow/.local/lib/python3.12/site-packages/airflow/example_dags/example_short_circuit_operator.py for tasks to queue
[2024-05-06T04:59:53.537+0000] {logging_mixin.py:188} INFO - [2024-05-06T04:59:53.537+0000] {dagbag.py:540} INFO - Filling up the DagBag from /home/airflow/.local/lib/python3.12/site-packages/airflow/example_dags/example_short_circuit_operator.py
[2024-05-06T04:59:53.553+0000] {processor.py:840} INFO - DAG(s) 'example_short_circuit_operator' retrieved from /home/airflow/.local/lib/python3.12/site-packages/airflow/example_dags/example_short_circuit_operator.py
[2024-05-06T04:59:53.599+0000] {logging_mixin.py:188} INFO - [2024-05-06T04:59:53.599+0000] {dag.py:3096} INFO - Sync 1 DAGs
[2024-05-06T04:59:53.648+0000] {logging_mixin.py:188} INFO - [2024-05-06T04:59:53.648+0000] {dag.py:3954} INFO - Setting next_dagrun for example_short_circuit_operator to 2024-05-05 00:00:00+00:00, run_after=2024-05-06 00:00:00+00:00
[2024-05-06T04:59:53.682+0000] {processor.py:183} INFO - Processing /home/airflow/.local/lib/python3.12/site-packages/airflow/example_dags/example_short_circuit_operator.py took 0.154 seconds
[2024-05-06T05:00:24.066+0000] {processor.py:161} INFO - Started process (PID=5601) to work on /home/airflow/.local/lib/python3.12/site-packages/airflow/example_dags/example_short_circuit_operator.py
[2024-05-06T05:00:24.067+0000] {processor.py:830} INFO - Processing file /home/airflow/.local/lib/python3.12/site-packages/airflow/example_dags/example_short_circuit_operator.py for tasks to queue
[2024-05-06T05:00:24.070+0000] {logging_mixin.py:188} INFO - [2024-05-06T05:00:24.069+0000] {dagbag.py:540} INFO - Filling up the DagBag from /home/airflow/.local/lib/python3.12/site-packages/airflow/example_dags/example_short_circuit_operator.py
[2024-05-06T05:00:24.079+0000] {processor.py:840} INFO - DAG(s) 'example_short_circuit_operator' retrieved from /home/airflow/.local/lib/python3.12/site-packages/airflow/example_dags/example_short_circuit_operator.py
[2024-05-06T05:00:24.109+0000] {logging_mixin.py:188} INFO - [2024-05-06T05:00:24.108+0000] {dag.py:3096} INFO - Sync 1 DAGs
[2024-05-06T05:00:24.141+0000] {logging_mixin.py:188} INFO - [2024-05-06T05:00:24.141+0000] {dag.py:3954} INFO - Setting next_dagrun for example_short_circuit_operator to 2024-05-05 00:00:00+00:00, run_after=2024-05-06 00:00:00+00:00
[2024-05-06T05:00:24.167+0000] {processor.py:183} INFO - Processing /home/airflow/.local/lib/python3.12/site-packages/airflow/example_dags/example_short_circuit_operator.py took 0.112 seconds
[2024-05-06T05:00:54.453+0000] {processor.py:161} INFO - Started process (PID=5868) to work on /home/airflow/.local/lib/python3.12/site-packages/airflow/example_dags/example_short_circuit_operator.py
[2024-05-06T05:00:54.454+0000] {processor.py:830} INFO - Processing file /home/airflow/.local/lib/python3.12/site-packages/airflow/example_dags/example_short_circuit_operator.py for tasks to queue
[2024-05-06T05:00:54.455+0000] {logging_mixin.py:188} INFO - [2024-05-06T05:00:54.455+0000] {dagbag.py:540} INFO - Filling up the DagBag from /home/airflow/.local/lib/python3.12/site-packages/airflow/example_dags/example_short_circuit_operator.py
[2024-05-06T05:00:54.461+0000] {processor.py:840} INFO - DAG(s) 'example_short_circuit_operator' retrieved from /home/airflow/.local/lib/python3.12/site-packages/airflow/example_dags/example_short_circuit_operator.py
[2024-05-06T05:00:54.481+0000] {logging_mixin.py:188} INFO - [2024-05-06T05:00:54.481+0000] {dag.py:3096} INFO - Sync 1 DAGs
[2024-05-06T05:00:54.501+0000] {logging_mixin.py:188} INFO - [2024-05-06T05:00:54.501+0000] {dag.py:3954} INFO - Setting next_dagrun for example_short_circuit_operator to 2024-05-05 00:00:00+00:00, run_after=2024-05-06 00:00:00+00:00
[2024-05-06T05:00:54.520+0000] {processor.py:183} INFO - Processing /home/airflow/.local/lib/python3.12/site-packages/airflow/example_dags/example_short_circuit_operator.py took 0.072 seconds
[2024-05-06T05:01:25.018+0000] {processor.py:161} INFO - Started process (PID=6133) to work on /home/airflow/.local/lib/python3.12/site-packages/airflow/example_dags/example_short_circuit_operator.py
[2024-05-06T05:01:25.018+0000] {processor.py:830} INFO - Processing file /home/airflow/.local/lib/python3.12/site-packages/airflow/example_dags/example_short_circuit_operator.py for tasks to queue
[2024-05-06T05:01:25.021+0000] {logging_mixin.py:188} INFO - [2024-05-06T05:01:25.020+0000] {dagbag.py:540} INFO - Filling up the DagBag from /home/airflow/.local/lib/python3.12/site-packages/airflow/example_dags/example_short_circuit_operator.py
[2024-05-06T05:01:25.029+0000] {processor.py:840} INFO - DAG(s) 'example_short_circuit_operator' retrieved from /home/airflow/.local/lib/python3.12/site-packages/airflow/example_dags/example_short_circuit_operator.py
[2024-05-06T05:01:25.057+0000] {logging_mixin.py:188} INFO - [2024-05-06T05:01:25.056+0000] {dag.py:3096} INFO - Sync 1 DAGs
[2024-05-06T05:01:25.084+0000] {logging_mixin.py:188} INFO - [2024-05-06T05:01:25.083+0000] {dag.py:3954} INFO - Setting next_dagrun for example_short_circuit_operator to 2024-05-05 00:00:00+00:00, run_after=2024-05-06 00:00:00+00:00
[2024-05-06T05:01:25.313+0000] {processor.py:183} INFO - Processing /home/airflow/.local/lib/python3.12/site-packages/airflow/example_dags/example_short_circuit_operator.py took 0.302 seconds
[2024-05-06T05:01:55.378+0000] {processor.py:161} INFO - Started process (PID=6403) to work on /home/airflow/.local/lib/python3.12/site-packages/airflow/example_dags/example_short_circuit_operator.py
[2024-05-06T05:01:55.378+0000] {processor.py:830} INFO - Processing file /home/airflow/.local/lib/python3.12/site-packages/airflow/example_dags/example_short_circuit_operator.py for tasks to queue
[2024-05-06T05:01:55.380+0000] {logging_mixin.py:188} INFO - [2024-05-06T05:01:55.380+0000] {dagbag.py:540} INFO - Filling up the DagBag from /home/airflow/.local/lib/python3.12/site-packages/airflow/example_dags/example_short_circuit_operator.py
[2024-05-06T05:01:55.388+0000] {processor.py:840} INFO - DAG(s) 'example_short_circuit_operator' retrieved from /home/airflow/.local/lib/python3.12/site-packages/airflow/example_dags/example_short_circuit_operator.py
[2024-05-06T05:01:55.414+0000] {logging_mixin.py:188} INFO - [2024-05-06T05:01:55.414+0000] {dag.py:3096} INFO - Sync 1 DAGs
[2024-05-06T05:01:55.439+0000] {logging_mixin.py:188} INFO - [2024-05-06T05:01:55.439+0000] {dag.py:3954} INFO - Setting next_dagrun for example_short_circuit_operator to 2024-05-05 00:00:00+00:00, run_after=2024-05-06 00:00:00+00:00
[2024-05-06T05:01:55.462+0000] {processor.py:183} INFO - Processing /home/airflow/.local/lib/python3.12/site-packages/airflow/example_dags/example_short_circuit_operator.py took 0.091 seconds
[2024-05-06T05:02:25.667+0000] {processor.py:161} INFO - Started process (PID=6669) to work on /home/airflow/.local/lib/python3.12/site-packages/airflow/example_dags/example_short_circuit_operator.py
[2024-05-06T05:02:25.667+0000] {processor.py:830} INFO - Processing file /home/airflow/.local/lib/python3.12/site-packages/airflow/example_dags/example_short_circuit_operator.py for tasks to queue
[2024-05-06T05:02:25.669+0000] {logging_mixin.py:188} INFO - [2024-05-06T05:02:25.669+0000] {dagbag.py:540} INFO - Filling up the DagBag from /home/airflow/.local/lib/python3.12/site-packages/airflow/example_dags/example_short_circuit_operator.py
[2024-05-06T05:02:25.677+0000] {processor.py:840} INFO - DAG(s) 'example_short_circuit_operator' retrieved from /home/airflow/.local/lib/python3.12/site-packages/airflow/example_dags/example_short_circuit_operator.py
[2024-05-06T05:02:25.705+0000] {logging_mixin.py:188} INFO - [2024-05-06T05:02:25.705+0000] {dag.py:3096} INFO - Sync 1 DAGs
[2024-05-06T05:02:25.731+0000] {logging_mixin.py:188} INFO - [2024-05-06T05:02:25.731+0000] {dag.py:3954} INFO - Setting next_dagrun for example_short_circuit_operator to 2024-05-05 00:00:00+00:00, run_after=2024-05-06 00:00:00+00:00
[2024-05-06T05:02:25.757+0000] {processor.py:183} INFO - Processing /home/airflow/.local/lib/python3.12/site-packages/airflow/example_dags/example_short_circuit_operator.py took 0.097 seconds
[2024-05-06T05:02:56.164+0000] {processor.py:161} INFO - Started process (PID=6939) to work on /home/airflow/.local/lib/python3.12/site-packages/airflow/example_dags/example_short_circuit_operator.py
[2024-05-06T05:02:56.164+0000] {processor.py:830} INFO - Processing file /home/airflow/.local/lib/python3.12/site-packages/airflow/example_dags/example_short_circuit_operator.py for tasks to queue
[2024-05-06T05:02:56.166+0000] {logging_mixin.py:188} INFO - [2024-05-06T05:02:56.165+0000] {dagbag.py:540} INFO - Filling up the DagBag from /home/airflow/.local/lib/python3.12/site-packages/airflow/example_dags/example_short_circuit_operator.py
[2024-05-06T05:02:56.172+0000] {processor.py:840} INFO - DAG(s) 'example_short_circuit_operator' retrieved from /home/airflow/.local/lib/python3.12/site-packages/airflow/example_dags/example_short_circuit_operator.py
[2024-05-06T05:02:56.191+0000] {logging_mixin.py:188} INFO - [2024-05-06T05:02:56.191+0000] {dag.py:3096} INFO - Sync 1 DAGs
[2024-05-06T05:02:56.209+0000] {logging_mixin.py:188} INFO - [2024-05-06T05:02:56.208+0000] {dag.py:3954} INFO - Setting next_dagrun for example_short_circuit_operator to 2024-05-05 00:00:00+00:00, run_after=2024-05-06 00:00:00+00:00
[2024-05-06T05:02:56.228+0000] {processor.py:183} INFO - Processing /home/airflow/.local/lib/python3.12/site-packages/airflow/example_dags/example_short_circuit_operator.py took 0.069 seconds
[2024-05-06T05:03:26.921+0000] {processor.py:161} INFO - Started process (PID=7204) to work on /home/airflow/.local/lib/python3.12/site-packages/airflow/example_dags/example_short_circuit_operator.py
[2024-05-06T05:03:26.922+0000] {processor.py:830} INFO - Processing file /home/airflow/.local/lib/python3.12/site-packages/airflow/example_dags/example_short_circuit_operator.py for tasks to queue
[2024-05-06T05:03:26.924+0000] {logging_mixin.py:188} INFO - [2024-05-06T05:03:26.924+0000] {dagbag.py:540} INFO - Filling up the DagBag from /home/airflow/.local/lib/python3.12/site-packages/airflow/example_dags/example_short_circuit_operator.py
[2024-05-06T05:03:26.934+0000] {processor.py:840} INFO - DAG(s) 'example_short_circuit_operator' retrieved from /home/airflow/.local/lib/python3.12/site-packages/airflow/example_dags/example_short_circuit_operator.py
[2024-05-06T05:03:26.980+0000] {logging_mixin.py:188} INFO - [2024-05-06T05:03:26.979+0000] {dag.py:3096} INFO - Sync 1 DAGs
[2024-05-06T05:03:27.011+0000] {logging_mixin.py:188} INFO - [2024-05-06T05:03:27.011+0000] {dag.py:3954} INFO - Setting next_dagrun for example_short_circuit_operator to 2024-05-05 00:00:00+00:00, run_after=2024-05-06 00:00:00+00:00
[2024-05-06T05:03:27.212+0000] {processor.py:183} INFO - Processing /home/airflow/.local/lib/python3.12/site-packages/airflow/example_dags/example_short_circuit_operator.py took 0.310 seconds
[2024-05-06T05:03:58.030+0000] {processor.py:161} INFO - Started process (PID=7471) to work on /home/airflow/.local/lib/python3.12/site-packages/airflow/example_dags/example_short_circuit_operator.py
[2024-05-06T05:03:58.031+0000] {processor.py:830} INFO - Processing file /home/airflow/.local/lib/python3.12/site-packages/airflow/example_dags/example_short_circuit_operator.py for tasks to queue
[2024-05-06T05:03:58.033+0000] {logging_mixin.py:188} INFO - [2024-05-06T05:03:58.033+0000] {dagbag.py:540} INFO - Filling up the DagBag from /home/airflow/.local/lib/python3.12/site-packages/airflow/example_dags/example_short_circuit_operator.py
[2024-05-06T05:03:58.041+0000] {processor.py:840} INFO - DAG(s) 'example_short_circuit_operator' retrieved from /home/airflow/.local/lib/python3.12/site-packages/airflow/example_dags/example_short_circuit_operator.py
[2024-05-06T05:03:58.066+0000] {logging_mixin.py:188} INFO - [2024-05-06T05:03:58.066+0000] {dag.py:3096} INFO - Sync 1 DAGs
[2024-05-06T05:03:58.091+0000] {logging_mixin.py:188} INFO - [2024-05-06T05:03:58.090+0000] {dag.py:3954} INFO - Setting next_dagrun for example_short_circuit_operator to 2024-05-05 00:00:00+00:00, run_after=2024-05-06 00:00:00+00:00
[2024-05-06T05:03:58.116+0000] {processor.py:183} INFO - Processing /home/airflow/.local/lib/python3.12/site-packages/airflow/example_dags/example_short_circuit_operator.py took 0.092 seconds
[2024-05-06T05:04:28.372+0000] {processor.py:161} INFO - Started process (PID=7738) to work on /home/airflow/.local/lib/python3.12/site-packages/airflow/example_dags/example_short_circuit_operator.py
[2024-05-06T05:04:28.374+0000] {processor.py:830} INFO - Processing file /home/airflow/.local/lib/python3.12/site-packages/airflow/example_dags/example_short_circuit_operator.py for tasks to queue
[2024-05-06T05:04:28.376+0000] {logging_mixin.py:188} INFO - [2024-05-06T05:04:28.376+0000] {dagbag.py:540} INFO - Filling up the DagBag from /home/airflow/.local/lib/python3.12/site-packages/airflow/example_dags/example_short_circuit_operator.py
[2024-05-06T05:04:28.396+0000] {processor.py:840} INFO - DAG(s) 'example_short_circuit_operator' retrieved from /home/airflow/.local/lib/python3.12/site-packages/airflow/example_dags/example_short_circuit_operator.py
[2024-05-06T05:04:28.450+0000] {logging_mixin.py:188} INFO - [2024-05-06T05:04:28.450+0000] {dag.py:3096} INFO - Sync 1 DAGs
[2024-05-06T05:04:28.492+0000] {logging_mixin.py:188} INFO - [2024-05-06T05:04:28.492+0000] {dag.py:3954} INFO - Setting next_dagrun for example_short_circuit_operator to 2024-05-05 00:00:00+00:00, run_after=2024-05-06 00:00:00+00:00
[2024-05-06T05:04:28.531+0000] {processor.py:183} INFO - Processing /home/airflow/.local/lib/python3.12/site-packages/airflow/example_dags/example_short_circuit_operator.py took 0.166 seconds
[2024-05-06T05:04:58.614+0000] {processor.py:161} INFO - Started process (PID=8007) to work on /home/airflow/.local/lib/python3.12/site-packages/airflow/example_dags/example_short_circuit_operator.py
[2024-05-06T05:04:58.615+0000] {processor.py:830} INFO - Processing file /home/airflow/.local/lib/python3.12/site-packages/airflow/example_dags/example_short_circuit_operator.py for tasks to queue
[2024-05-06T05:04:58.616+0000] {logging_mixin.py:188} INFO - [2024-05-06T05:04:58.616+0000] {dagbag.py:540} INFO - Filling up the DagBag from /home/airflow/.local/lib/python3.12/site-packages/airflow/example_dags/example_short_circuit_operator.py
[2024-05-06T05:04:58.624+0000] {processor.py:840} INFO - DAG(s) 'example_short_circuit_operator' retrieved from /home/airflow/.local/lib/python3.12/site-packages/airflow/example_dags/example_short_circuit_operator.py
[2024-05-06T05:04:58.646+0000] {logging_mixin.py:188} INFO - [2024-05-06T05:04:58.645+0000] {dag.py:3096} INFO - Sync 1 DAGs
[2024-05-06T05:04:58.674+0000] {logging_mixin.py:188} INFO - [2024-05-06T05:04:58.674+0000] {dag.py:3954} INFO - Setting next_dagrun for example_short_circuit_operator to 2024-05-05 00:00:00+00:00, run_after=2024-05-06 00:00:00+00:00
[2024-05-06T05:04:58.702+0000] {processor.py:183} INFO - Processing /home/airflow/.local/lib/python3.12/site-packages/airflow/example_dags/example_short_circuit_operator.py took 0.093 seconds
[2024-05-06T05:05:28.791+0000] {processor.py:161} INFO - Started process (PID=8277) to work on /home/airflow/.local/lib/python3.12/site-packages/airflow/example_dags/example_short_circuit_operator.py
[2024-05-06T05:05:28.792+0000] {processor.py:830} INFO - Processing file /home/airflow/.local/lib/python3.12/site-packages/airflow/example_dags/example_short_circuit_operator.py for tasks to queue
[2024-05-06T05:05:28.794+0000] {logging_mixin.py:188} INFO - [2024-05-06T05:05:28.793+0000] {dagbag.py:540} INFO - Filling up the DagBag from /home/airflow/.local/lib/python3.12/site-packages/airflow/example_dags/example_short_circuit_operator.py
[2024-05-06T05:05:28.802+0000] {processor.py:840} INFO - DAG(s) 'example_short_circuit_operator' retrieved from /home/airflow/.local/lib/python3.12/site-packages/airflow/example_dags/example_short_circuit_operator.py
[2024-05-06T05:05:28.830+0000] {logging_mixin.py:188} INFO - [2024-05-06T05:05:28.830+0000] {dag.py:3096} INFO - Sync 1 DAGs
[2024-05-06T05:05:28.856+0000] {logging_mixin.py:188} INFO - [2024-05-06T05:05:28.855+0000] {dag.py:3954} INFO - Setting next_dagrun for example_short_circuit_operator to 2024-05-05 00:00:00+00:00, run_after=2024-05-06 00:00:00+00:00
[2024-05-06T05:05:28.880+0000] {processor.py:183} INFO - Processing /home/airflow/.local/lib/python3.12/site-packages/airflow/example_dags/example_short_circuit_operator.py took 0.096 seconds
[2024-05-06T05:05:59.219+0000] {processor.py:161} INFO - Started process (PID=8549) to work on /home/airflow/.local/lib/python3.12/site-packages/airflow/example_dags/example_short_circuit_operator.py
[2024-05-06T05:05:59.221+0000] {processor.py:830} INFO - Processing file /home/airflow/.local/lib/python3.12/site-packages/airflow/example_dags/example_short_circuit_operator.py for tasks to queue
[2024-05-06T05:05:59.223+0000] {logging_mixin.py:188} INFO - [2024-05-06T05:05:59.222+0000] {dagbag.py:540} INFO - Filling up the DagBag from /home/airflow/.local/lib/python3.12/site-packages/airflow/example_dags/example_short_circuit_operator.py
[2024-05-06T05:05:59.230+0000] {processor.py:840} INFO - DAG(s) 'example_short_circuit_operator' retrieved from /home/airflow/.local/lib/python3.12/site-packages/airflow/example_dags/example_short_circuit_operator.py
[2024-05-06T05:05:59.257+0000] {logging_mixin.py:188} INFO - [2024-05-06T05:05:59.257+0000] {dag.py:3096} INFO - Sync 1 DAGs
[2024-05-06T05:05:59.284+0000] {logging_mixin.py:188} INFO - [2024-05-06T05:05:59.284+0000] {dag.py:3954} INFO - Setting next_dagrun for example_short_circuit_operator to 2024-05-05 00:00:00+00:00, run_after=2024-05-06 00:00:00+00:00
[2024-05-06T05:05:59.308+0000] {processor.py:183} INFO - Processing /home/airflow/.local/lib/python3.12/site-packages/airflow/example_dags/example_short_circuit_operator.py took 0.096 seconds
[2024-05-06T05:06:29.471+0000] {processor.py:161} INFO - Started process (PID=8821) to work on /home/airflow/.local/lib/python3.12/site-packages/airflow/example_dags/example_short_circuit_operator.py
[2024-05-06T05:06:29.472+0000] {processor.py:830} INFO - Processing file /home/airflow/.local/lib/python3.12/site-packages/airflow/example_dags/example_short_circuit_operator.py for tasks to queue
[2024-05-06T05:06:29.474+0000] {logging_mixin.py:188} INFO - [2024-05-06T05:06:29.473+0000] {dagbag.py:540} INFO - Filling up the DagBag from /home/airflow/.local/lib/python3.12/site-packages/airflow/example_dags/example_short_circuit_operator.py
[2024-05-06T05:06:29.482+0000] {processor.py:840} INFO - DAG(s) 'example_short_circuit_operator' retrieved from /home/airflow/.local/lib/python3.12/site-packages/airflow/example_dags/example_short_circuit_operator.py
[2024-05-06T05:06:29.510+0000] {logging_mixin.py:188} INFO - [2024-05-06T05:06:29.510+0000] {dag.py:3096} INFO - Sync 1 DAGs
[2024-05-06T05:06:29.534+0000] {logging_mixin.py:188} INFO - [2024-05-06T05:06:29.534+0000] {dag.py:3954} INFO - Setting next_dagrun for example_short_circuit_operator to 2024-05-05 00:00:00+00:00, run_after=2024-05-06 00:00:00+00:00
[2024-05-06T05:06:29.563+0000] {processor.py:183} INFO - Processing /home/airflow/.local/lib/python3.12/site-packages/airflow/example_dags/example_short_circuit_operator.py took 0.099 seconds
[2024-05-06T05:07:00.183+0000] {processor.py:161} INFO - Started process (PID=9093) to work on /home/airflow/.local/lib/python3.12/site-packages/airflow/example_dags/example_short_circuit_operator.py
[2024-05-06T05:07:00.184+0000] {processor.py:830} INFO - Processing file /home/airflow/.local/lib/python3.12/site-packages/airflow/example_dags/example_short_circuit_operator.py for tasks to queue
[2024-05-06T05:07:00.186+0000] {logging_mixin.py:188} INFO - [2024-05-06T05:07:00.186+0000] {dagbag.py:540} INFO - Filling up the DagBag from /home/airflow/.local/lib/python3.12/site-packages/airflow/example_dags/example_short_circuit_operator.py
[2024-05-06T05:07:00.195+0000] {processor.py:840} INFO - DAG(s) 'example_short_circuit_operator' retrieved from /home/airflow/.local/lib/python3.12/site-packages/airflow/example_dags/example_short_circuit_operator.py
[2024-05-06T05:07:00.222+0000] {logging_mixin.py:188} INFO - [2024-05-06T05:07:00.221+0000] {dag.py:3096} INFO - Sync 1 DAGs
[2024-05-06T05:07:00.248+0000] {logging_mixin.py:188} INFO - [2024-05-06T05:07:00.248+0000] {dag.py:3954} INFO - Setting next_dagrun for example_short_circuit_operator to 2024-05-05 00:00:00+00:00, run_after=2024-05-06 00:00:00+00:00
[2024-05-06T05:07:00.275+0000] {processor.py:183} INFO - Processing /home/airflow/.local/lib/python3.12/site-packages/airflow/example_dags/example_short_circuit_operator.py took 0.101 seconds
[2024-05-06T05:07:31.066+0000] {processor.py:161} INFO - Started process (PID=9369) to work on /home/airflow/.local/lib/python3.12/site-packages/airflow/example_dags/example_short_circuit_operator.py
[2024-05-06T05:07:31.067+0000] {processor.py:830} INFO - Processing file /home/airflow/.local/lib/python3.12/site-packages/airflow/example_dags/example_short_circuit_operator.py for tasks to queue
[2024-05-06T05:07:31.069+0000] {logging_mixin.py:188} INFO - [2024-05-06T05:07:31.069+0000] {dagbag.py:540} INFO - Filling up the DagBag from /home/airflow/.local/lib/python3.12/site-packages/airflow/example_dags/example_short_circuit_operator.py
[2024-05-06T05:07:31.079+0000] {processor.py:840} INFO - DAG(s) 'example_short_circuit_operator' retrieved from /home/airflow/.local/lib/python3.12/site-packages/airflow/example_dags/example_short_circuit_operator.py
[2024-05-06T05:07:31.111+0000] {logging_mixin.py:188} INFO - [2024-05-06T05:07:31.111+0000] {dag.py:3096} INFO - Sync 1 DAGs
[2024-05-06T05:07:31.154+0000] {logging_mixin.py:188} INFO - [2024-05-06T05:07:31.154+0000] {dag.py:3954} INFO - Setting next_dagrun for example_short_circuit_operator to 2024-05-05 00:00:00+00:00, run_after=2024-05-06 00:00:00+00:00
[2024-05-06T05:07:31.181+0000] {processor.py:183} INFO - Processing /home/airflow/.local/lib/python3.12/site-packages/airflow/example_dags/example_short_circuit_operator.py took 0.122 seconds
[2024-05-06T05:08:01.699+0000] {processor.py:161} INFO - Started process (PID=9640) to work on /home/airflow/.local/lib/python3.12/site-packages/airflow/example_dags/example_short_circuit_operator.py
[2024-05-06T05:08:01.700+0000] {processor.py:830} INFO - Processing file /home/airflow/.local/lib/python3.12/site-packages/airflow/example_dags/example_short_circuit_operator.py for tasks to queue
[2024-05-06T05:08:01.702+0000] {logging_mixin.py:188} INFO - [2024-05-06T05:08:01.701+0000] {dagbag.py:540} INFO - Filling up the DagBag from /home/airflow/.local/lib/python3.12/site-packages/airflow/example_dags/example_short_circuit_operator.py
[2024-05-06T05:08:01.708+0000] {processor.py:840} INFO - DAG(s) 'example_short_circuit_operator' retrieved from /home/airflow/.local/lib/python3.12/site-packages/airflow/example_dags/example_short_circuit_operator.py
[2024-05-06T05:08:01.740+0000] {logging_mixin.py:188} INFO - [2024-05-06T05:08:01.739+0000] {dag.py:3096} INFO - Sync 1 DAGs
[2024-05-06T05:08:01.765+0000] {logging_mixin.py:188} INFO - [2024-05-06T05:08:01.765+0000] {dag.py:3954} INFO - Setting next_dagrun for example_short_circuit_operator to 2024-05-05 00:00:00+00:00, run_after=2024-05-06 00:00:00+00:00
[2024-05-06T05:08:01.790+0000] {processor.py:183} INFO - Processing /home/airflow/.local/lib/python3.12/site-packages/airflow/example_dags/example_short_circuit_operator.py took 0.098 seconds
[2024-05-06T05:08:32.204+0000] {processor.py:161} INFO - Started process (PID=9912) to work on /home/airflow/.local/lib/python3.12/site-packages/airflow/example_dags/example_short_circuit_operator.py
[2024-05-06T05:08:32.205+0000] {processor.py:830} INFO - Processing file /home/airflow/.local/lib/python3.12/site-packages/airflow/example_dags/example_short_circuit_operator.py for tasks to queue
[2024-05-06T05:08:32.207+0000] {logging_mixin.py:188} INFO - [2024-05-06T05:08:32.206+0000] {dagbag.py:540} INFO - Filling up the DagBag from /home/airflow/.local/lib/python3.12/site-packages/airflow/example_dags/example_short_circuit_operator.py
[2024-05-06T05:08:32.215+0000] {processor.py:840} INFO - DAG(s) 'example_short_circuit_operator' retrieved from /home/airflow/.local/lib/python3.12/site-packages/airflow/example_dags/example_short_circuit_operator.py
[2024-05-06T05:08:32.244+0000] {logging_mixin.py:188} INFO - [2024-05-06T05:08:32.244+0000] {dag.py:3096} INFO - Sync 1 DAGs
[2024-05-06T05:08:32.267+0000] {logging_mixin.py:188} INFO - [2024-05-06T05:08:32.267+0000] {dag.py:3954} INFO - Setting next_dagrun for example_short_circuit_operator to 2024-05-05 00:00:00+00:00, run_after=2024-05-06 00:00:00+00:00
[2024-05-06T05:08:32.291+0000] {processor.py:183} INFO - Processing /home/airflow/.local/lib/python3.12/site-packages/airflow/example_dags/example_short_circuit_operator.py took 0.094 seconds
[2024-05-06T05:09:02.801+0000] {processor.py:161} INFO - Started process (PID=10184) to work on /home/airflow/.local/lib/python3.12/site-packages/airflow/example_dags/example_short_circuit_operator.py
[2024-05-06T05:09:02.802+0000] {processor.py:830} INFO - Processing file /home/airflow/.local/lib/python3.12/site-packages/airflow/example_dags/example_short_circuit_operator.py for tasks to queue
[2024-05-06T05:09:02.804+0000] {logging_mixin.py:188} INFO - [2024-05-06T05:09:02.803+0000] {dagbag.py:540} INFO - Filling up the DagBag from /home/airflow/.local/lib/python3.12/site-packages/airflow/example_dags/example_short_circuit_operator.py
[2024-05-06T05:09:02.814+0000] {processor.py:840} INFO - DAG(s) 'example_short_circuit_operator' retrieved from /home/airflow/.local/lib/python3.12/site-packages/airflow/example_dags/example_short_circuit_operator.py
[2024-05-06T05:09:02.864+0000] {logging_mixin.py:188} INFO - [2024-05-06T05:09:02.864+0000] {dag.py:3096} INFO - Sync 1 DAGs
[2024-05-06T05:09:02.931+0000] {logging_mixin.py:188} INFO - [2024-05-06T05:09:02.931+0000] {dag.py:3954} INFO - Setting next_dagrun for example_short_circuit_operator to 2024-05-05 00:00:00+00:00, run_after=2024-05-06 00:00:00+00:00
[2024-05-06T05:09:02.972+0000] {processor.py:183} INFO - Processing /home/airflow/.local/lib/python3.12/site-packages/airflow/example_dags/example_short_circuit_operator.py took 0.179 seconds
[2024-05-06T05:09:33.139+0000] {processor.py:161} INFO - Started process (PID=10456) to work on /home/airflow/.local/lib/python3.12/site-packages/airflow/example_dags/example_short_circuit_operator.py
[2024-05-06T05:09:33.141+0000] {processor.py:830} INFO - Processing file /home/airflow/.local/lib/python3.12/site-packages/airflow/example_dags/example_short_circuit_operator.py for tasks to queue
[2024-05-06T05:09:33.143+0000] {logging_mixin.py:188} INFO - [2024-05-06T05:09:33.142+0000] {dagbag.py:540} INFO - Filling up the DagBag from /home/airflow/.local/lib/python3.12/site-packages/airflow/example_dags/example_short_circuit_operator.py
[2024-05-06T05:09:33.151+0000] {processor.py:840} INFO - DAG(s) 'example_short_circuit_operator' retrieved from /home/airflow/.local/lib/python3.12/site-packages/airflow/example_dags/example_short_circuit_operator.py
[2024-05-06T05:09:33.180+0000] {logging_mixin.py:188} INFO - [2024-05-06T05:09:33.179+0000] {dag.py:3096} INFO - Sync 1 DAGs
[2024-05-06T05:09:33.207+0000] {logging_mixin.py:188} INFO - [2024-05-06T05:09:33.207+0000] {dag.py:3954} INFO - Setting next_dagrun for example_short_circuit_operator to 2024-05-05 00:00:00+00:00, run_after=2024-05-06 00:00:00+00:00
[2024-05-06T05:09:33.231+0000] {processor.py:183} INFO - Processing /home/airflow/.local/lib/python3.12/site-packages/airflow/example_dags/example_short_circuit_operator.py took 0.099 seconds
[2024-05-06T05:10:03.865+0000] {processor.py:161} INFO - Started process (PID=10728) to work on /home/airflow/.local/lib/python3.12/site-packages/airflow/example_dags/example_short_circuit_operator.py
[2024-05-06T05:10:03.865+0000] {processor.py:830} INFO - Processing file /home/airflow/.local/lib/python3.12/site-packages/airflow/example_dags/example_short_circuit_operator.py for tasks to queue
[2024-05-06T05:10:03.867+0000] {logging_mixin.py:188} INFO - [2024-05-06T05:10:03.867+0000] {dagbag.py:540} INFO - Filling up the DagBag from /home/airflow/.local/lib/python3.12/site-packages/airflow/example_dags/example_short_circuit_operator.py
[2024-05-06T05:10:03.876+0000] {processor.py:840} INFO - DAG(s) 'example_short_circuit_operator' retrieved from /home/airflow/.local/lib/python3.12/site-packages/airflow/example_dags/example_short_circuit_operator.py
[2024-05-06T05:10:03.904+0000] {logging_mixin.py:188} INFO - [2024-05-06T05:10:03.903+0000] {dag.py:3096} INFO - Sync 1 DAGs
[2024-05-06T05:10:03.931+0000] {logging_mixin.py:188} INFO - [2024-05-06T05:10:03.930+0000] {dag.py:3954} INFO - Setting next_dagrun for example_short_circuit_operator to 2024-05-05 00:00:00+00:00, run_after=2024-05-06 00:00:00+00:00
[2024-05-06T05:10:03.957+0000] {processor.py:183} INFO - Processing /home/airflow/.local/lib/python3.12/site-packages/airflow/example_dags/example_short_circuit_operator.py took 0.100 seconds
[2024-05-06T05:10:34.189+0000] {processor.py:161} INFO - Started process (PID=11000) to work on /home/airflow/.local/lib/python3.12/site-packages/airflow/example_dags/example_short_circuit_operator.py
[2024-05-06T05:10:34.190+0000] {processor.py:830} INFO - Processing file /home/airflow/.local/lib/python3.12/site-packages/airflow/example_dags/example_short_circuit_operator.py for tasks to queue
[2024-05-06T05:10:34.192+0000] {logging_mixin.py:188} INFO - [2024-05-06T05:10:34.192+0000] {dagbag.py:540} INFO - Filling up the DagBag from /home/airflow/.local/lib/python3.12/site-packages/airflow/example_dags/example_short_circuit_operator.py
[2024-05-06T05:10:34.223+0000] {processor.py:840} INFO - DAG(s) 'example_short_circuit_operator' retrieved from /home/airflow/.local/lib/python3.12/site-packages/airflow/example_dags/example_short_circuit_operator.py
[2024-05-06T05:10:34.273+0000] {logging_mixin.py:188} INFO - [2024-05-06T05:10:34.273+0000] {dag.py:3096} INFO - Sync 1 DAGs
[2024-05-06T05:10:34.301+0000] {logging_mixin.py:188} INFO - [2024-05-06T05:10:34.301+0000] {dag.py:3954} INFO - Setting next_dagrun for example_short_circuit_operator to 2024-05-05 00:00:00+00:00, run_after=2024-05-06 00:00:00+00:00
[2024-05-06T05:10:34.330+0000] {processor.py:183} INFO - Processing /home/airflow/.local/lib/python3.12/site-packages/airflow/example_dags/example_short_circuit_operator.py took 0.148 seconds
[2024-05-06T05:11:04.487+0000] {processor.py:161} INFO - Started process (PID=11272) to work on /home/airflow/.local/lib/python3.12/site-packages/airflow/example_dags/example_short_circuit_operator.py
[2024-05-06T05:11:04.488+0000] {processor.py:830} INFO - Processing file /home/airflow/.local/lib/python3.12/site-packages/airflow/example_dags/example_short_circuit_operator.py for tasks to queue
[2024-05-06T05:11:04.490+0000] {logging_mixin.py:188} INFO - [2024-05-06T05:11:04.489+0000] {dagbag.py:540} INFO - Filling up the DagBag from /home/airflow/.local/lib/python3.12/site-packages/airflow/example_dags/example_short_circuit_operator.py
[2024-05-06T05:11:04.499+0000] {processor.py:840} INFO - DAG(s) 'example_short_circuit_operator' retrieved from /home/airflow/.local/lib/python3.12/site-packages/airflow/example_dags/example_short_circuit_operator.py
[2024-05-06T05:11:04.535+0000] {logging_mixin.py:188} INFO - [2024-05-06T05:11:04.535+0000] {dag.py:3096} INFO - Sync 1 DAGs
[2024-05-06T05:11:04.567+0000] {logging_mixin.py:188} INFO - [2024-05-06T05:11:04.567+0000] {dag.py:3954} INFO - Setting next_dagrun for example_short_circuit_operator to 2024-05-05 00:00:00+00:00, run_after=2024-05-06 00:00:00+00:00
[2024-05-06T05:11:04.592+0000] {processor.py:183} INFO - Processing /home/airflow/.local/lib/python3.12/site-packages/airflow/example_dags/example_short_circuit_operator.py took 0.117 seconds
[2024-05-06T05:11:35.143+0000] {processor.py:161} INFO - Started process (PID=11541) to work on /home/airflow/.local/lib/python3.12/site-packages/airflow/example_dags/example_short_circuit_operator.py
[2024-05-06T05:11:35.144+0000] {processor.py:830} INFO - Processing file /home/airflow/.local/lib/python3.12/site-packages/airflow/example_dags/example_short_circuit_operator.py for tasks to queue
[2024-05-06T05:11:35.145+0000] {logging_mixin.py:188} INFO - [2024-05-06T05:11:35.145+0000] {dagbag.py:540} INFO - Filling up the DagBag from /home/airflow/.local/lib/python3.12/site-packages/airflow/example_dags/example_short_circuit_operator.py
[2024-05-06T05:11:35.151+0000] {processor.py:840} INFO - DAG(s) 'example_short_circuit_operator' retrieved from /home/airflow/.local/lib/python3.12/site-packages/airflow/example_dags/example_short_circuit_operator.py
[2024-05-06T05:11:35.179+0000] {logging_mixin.py:188} INFO - [2024-05-06T05:11:35.179+0000] {dag.py:3096} INFO - Sync 1 DAGs
[2024-05-06T05:11:35.200+0000] {logging_mixin.py:188} INFO - [2024-05-06T05:11:35.200+0000] {dag.py:3954} INFO - Setting next_dagrun for example_short_circuit_operator to 2024-05-05 00:00:00+00:00, run_after=2024-05-06 00:00:00+00:00
[2024-05-06T05:11:35.220+0000] {processor.py:183} INFO - Processing /home/airflow/.local/lib/python3.12/site-packages/airflow/example_dags/example_short_circuit_operator.py took 0.082 seconds
[2024-05-06T05:12:05.488+0000] {processor.py:161} INFO - Started process (PID=11813) to work on /home/airflow/.local/lib/python3.12/site-packages/airflow/example_dags/example_short_circuit_operator.py
[2024-05-06T05:12:05.489+0000] {processor.py:830} INFO - Processing file /home/airflow/.local/lib/python3.12/site-packages/airflow/example_dags/example_short_circuit_operator.py for tasks to queue
[2024-05-06T05:12:05.490+0000] {logging_mixin.py:188} INFO - [2024-05-06T05:12:05.490+0000] {dagbag.py:540} INFO - Filling up the DagBag from /home/airflow/.local/lib/python3.12/site-packages/airflow/example_dags/example_short_circuit_operator.py
[2024-05-06T05:12:05.496+0000] {processor.py:840} INFO - DAG(s) 'example_short_circuit_operator' retrieved from /home/airflow/.local/lib/python3.12/site-packages/airflow/example_dags/example_short_circuit_operator.py
[2024-05-06T05:12:05.516+0000] {logging_mixin.py:188} INFO - [2024-05-06T05:12:05.516+0000] {dag.py:3096} INFO - Sync 1 DAGs
[2024-05-06T05:12:05.536+0000] {logging_mixin.py:188} INFO - [2024-05-06T05:12:05.535+0000] {dag.py:3954} INFO - Setting next_dagrun for example_short_circuit_operator to 2024-05-05 00:00:00+00:00, run_after=2024-05-06 00:00:00+00:00
[2024-05-06T05:12:05.556+0000] {processor.py:183} INFO - Processing /home/airflow/.local/lib/python3.12/site-packages/airflow/example_dags/example_short_circuit_operator.py took 0.073 seconds
[2024-05-06T05:12:36.581+0000] {processor.py:161} INFO - Started process (PID=12083) to work on /home/airflow/.local/lib/python3.12/site-packages/airflow/example_dags/example_short_circuit_operator.py
[2024-05-06T05:12:36.582+0000] {processor.py:830} INFO - Processing file /home/airflow/.local/lib/python3.12/site-packages/airflow/example_dags/example_short_circuit_operator.py for tasks to queue
[2024-05-06T05:12:36.584+0000] {logging_mixin.py:188} INFO - [2024-05-06T05:12:36.583+0000] {dagbag.py:540} INFO - Filling up the DagBag from /home/airflow/.local/lib/python3.12/site-packages/airflow/example_dags/example_short_circuit_operator.py
[2024-05-06T05:12:36.599+0000] {processor.py:840} INFO - DAG(s) 'example_short_circuit_operator' retrieved from /home/airflow/.local/lib/python3.12/site-packages/airflow/example_dags/example_short_circuit_operator.py
[2024-05-06T05:12:36.726+0000] {logging_mixin.py:188} INFO - [2024-05-06T05:12:36.725+0000] {dag.py:3096} INFO - Sync 1 DAGs
[2024-05-06T05:12:36.797+0000] {logging_mixin.py:188} INFO - [2024-05-06T05:12:36.797+0000] {dag.py:3954} INFO - Setting next_dagrun for example_short_circuit_operator to 2024-05-05 00:00:00+00:00, run_after=2024-05-06 00:00:00+00:00
[2024-05-06T05:12:36.821+0000] {processor.py:183} INFO - Processing /home/airflow/.local/lib/python3.12/site-packages/airflow/example_dags/example_short_circuit_operator.py took 0.248 seconds
[2024-05-06T05:13:07.536+0000] {processor.py:161} INFO - Started process (PID=12355) to work on /home/airflow/.local/lib/python3.12/site-packages/airflow/example_dags/example_short_circuit_operator.py
[2024-05-06T05:13:07.537+0000] {processor.py:830} INFO - Processing file /home/airflow/.local/lib/python3.12/site-packages/airflow/example_dags/example_short_circuit_operator.py for tasks to queue
[2024-05-06T05:13:07.539+0000] {logging_mixin.py:188} INFO - [2024-05-06T05:13:07.539+0000] {dagbag.py:540} INFO - Filling up the DagBag from /home/airflow/.local/lib/python3.12/site-packages/airflow/example_dags/example_short_circuit_operator.py
[2024-05-06T05:13:07.550+0000] {processor.py:840} INFO - DAG(s) 'example_short_circuit_operator' retrieved from /home/airflow/.local/lib/python3.12/site-packages/airflow/example_dags/example_short_circuit_operator.py
[2024-05-06T05:13:07.586+0000] {logging_mixin.py:188} INFO - [2024-05-06T05:13:07.586+0000] {dag.py:3096} INFO - Sync 1 DAGs
[2024-05-06T05:13:07.631+0000] {logging_mixin.py:188} INFO - [2024-05-06T05:13:07.631+0000] {dag.py:3954} INFO - Setting next_dagrun for example_short_circuit_operator to 2024-05-05 00:00:00+00:00, run_after=2024-05-06 00:00:00+00:00
[2024-05-06T05:13:07.666+0000] {processor.py:183} INFO - Processing /home/airflow/.local/lib/python3.12/site-packages/airflow/example_dags/example_short_circuit_operator.py took 0.138 seconds
[2024-05-06T05:13:38.350+0000] {processor.py:161} INFO - Started process (PID=12631) to work on /home/airflow/.local/lib/python3.12/site-packages/airflow/example_dags/example_short_circuit_operator.py
[2024-05-06T05:13:38.351+0000] {processor.py:830} INFO - Processing file /home/airflow/.local/lib/python3.12/site-packages/airflow/example_dags/example_short_circuit_operator.py for tasks to queue
[2024-05-06T05:13:38.352+0000] {logging_mixin.py:188} INFO - [2024-05-06T05:13:38.352+0000] {dagbag.py:540} INFO - Filling up the DagBag from /home/airflow/.local/lib/python3.12/site-packages/airflow/example_dags/example_short_circuit_operator.py
[2024-05-06T05:13:38.358+0000] {processor.py:840} INFO - DAG(s) 'example_short_circuit_operator' retrieved from /home/airflow/.local/lib/python3.12/site-packages/airflow/example_dags/example_short_circuit_operator.py
[2024-05-06T05:13:38.384+0000] {logging_mixin.py:188} INFO - [2024-05-06T05:13:38.384+0000] {dag.py:3096} INFO - Sync 1 DAGs
[2024-05-06T05:13:38.404+0000] {logging_mixin.py:188} INFO - [2024-05-06T05:13:38.404+0000] {dag.py:3954} INFO - Setting next_dagrun for example_short_circuit_operator to 2024-05-05 00:00:00+00:00, run_after=2024-05-06 00:00:00+00:00
[2024-05-06T05:13:38.423+0000] {processor.py:183} INFO - Processing /home/airflow/.local/lib/python3.12/site-packages/airflow/example_dags/example_short_circuit_operator.py took 0.078 seconds
[2024-05-06T05:14:09.004+0000] {processor.py:161} INFO - Started process (PID=12901) to work on /home/airflow/.local/lib/python3.12/site-packages/airflow/example_dags/example_short_circuit_operator.py
[2024-05-06T05:14:09.005+0000] {processor.py:830} INFO - Processing file /home/airflow/.local/lib/python3.12/site-packages/airflow/example_dags/example_short_circuit_operator.py for tasks to queue
[2024-05-06T05:14:09.007+0000] {logging_mixin.py:188} INFO - [2024-05-06T05:14:09.007+0000] {dagbag.py:540} INFO - Filling up the DagBag from /home/airflow/.local/lib/python3.12/site-packages/airflow/example_dags/example_short_circuit_operator.py
[2024-05-06T05:14:09.016+0000] {processor.py:840} INFO - DAG(s) 'example_short_circuit_operator' retrieved from /home/airflow/.local/lib/python3.12/site-packages/airflow/example_dags/example_short_circuit_operator.py
[2024-05-06T05:14:09.047+0000] {logging_mixin.py:188} INFO - [2024-05-06T05:14:09.047+0000] {dag.py:3096} INFO - Sync 1 DAGs
[2024-05-06T05:14:09.074+0000] {logging_mixin.py:188} INFO - [2024-05-06T05:14:09.074+0000] {dag.py:3954} INFO - Setting next_dagrun for example_short_circuit_operator to 2024-05-05 00:00:00+00:00, run_after=2024-05-06 00:00:00+00:00
[2024-05-06T05:14:09.100+0000] {processor.py:183} INFO - Processing /home/airflow/.local/lib/python3.12/site-packages/airflow/example_dags/example_short_circuit_operator.py took 0.102 seconds
[2024-05-06T05:14:39.787+0000] {processor.py:161} INFO - Started process (PID=13176) to work on /home/airflow/.local/lib/python3.12/site-packages/airflow/example_dags/example_short_circuit_operator.py
[2024-05-06T05:14:39.788+0000] {processor.py:830} INFO - Processing file /home/airflow/.local/lib/python3.12/site-packages/airflow/example_dags/example_short_circuit_operator.py for tasks to queue
[2024-05-06T05:14:39.790+0000] {logging_mixin.py:188} INFO - [2024-05-06T05:14:39.790+0000] {dagbag.py:540} INFO - Filling up the DagBag from /home/airflow/.local/lib/python3.12/site-packages/airflow/example_dags/example_short_circuit_operator.py
[2024-05-06T05:14:39.799+0000] {processor.py:840} INFO - DAG(s) 'example_short_circuit_operator' retrieved from /home/airflow/.local/lib/python3.12/site-packages/airflow/example_dags/example_short_circuit_operator.py
[2024-05-06T05:14:39.829+0000] {logging_mixin.py:188} INFO - [2024-05-06T05:14:39.828+0000] {dag.py:3096} INFO - Sync 1 DAGs
[2024-05-06T05:14:39.855+0000] {logging_mixin.py:188} INFO - [2024-05-06T05:14:39.855+0000] {dag.py:3954} INFO - Setting next_dagrun for example_short_circuit_operator to 2024-05-05 00:00:00+00:00, run_after=2024-05-06 00:00:00+00:00
[2024-05-06T05:14:39.880+0000] {processor.py:183} INFO - Processing /home/airflow/.local/lib/python3.12/site-packages/airflow/example_dags/example_short_circuit_operator.py took 0.099 seconds
[2024-05-06T05:15:10.542+0000] {processor.py:161} INFO - Started process (PID=13444) to work on /home/airflow/.local/lib/python3.12/site-packages/airflow/example_dags/example_short_circuit_operator.py
[2024-05-06T05:15:10.543+0000] {processor.py:830} INFO - Processing file /home/airflow/.local/lib/python3.12/site-packages/airflow/example_dags/example_short_circuit_operator.py for tasks to queue
[2024-05-06T05:15:10.545+0000] {logging_mixin.py:188} INFO - [2024-05-06T05:15:10.544+0000] {dagbag.py:540} INFO - Filling up the DagBag from /home/airflow/.local/lib/python3.12/site-packages/airflow/example_dags/example_short_circuit_operator.py
[2024-05-06T05:15:10.555+0000] {processor.py:840} INFO - DAG(s) 'example_short_circuit_operator' retrieved from /home/airflow/.local/lib/python3.12/site-packages/airflow/example_dags/example_short_circuit_operator.py
[2024-05-06T05:15:10.583+0000] {logging_mixin.py:188} INFO - [2024-05-06T05:15:10.582+0000] {dag.py:3096} INFO - Sync 1 DAGs
[2024-05-06T05:15:10.608+0000] {logging_mixin.py:188} INFO - [2024-05-06T05:15:10.607+0000] {dag.py:3954} INFO - Setting next_dagrun for example_short_circuit_operator to 2024-05-05 00:00:00+00:00, run_after=2024-05-06 00:00:00+00:00
[2024-05-06T05:15:10.631+0000] {processor.py:183} INFO - Processing /home/airflow/.local/lib/python3.12/site-packages/airflow/example_dags/example_short_circuit_operator.py took 0.096 seconds
[2024-05-06T05:15:41.185+0000] {processor.py:161} INFO - Started process (PID=13717) to work on /home/airflow/.local/lib/python3.12/site-packages/airflow/example_dags/example_short_circuit_operator.py
[2024-05-06T05:15:41.190+0000] {processor.py:830} INFO - Processing file /home/airflow/.local/lib/python3.12/site-packages/airflow/example_dags/example_short_circuit_operator.py for tasks to queue
[2024-05-06T05:15:41.192+0000] {logging_mixin.py:188} INFO - [2024-05-06T05:15:41.192+0000] {dagbag.py:540} INFO - Filling up the DagBag from /home/airflow/.local/lib/python3.12/site-packages/airflow/example_dags/example_short_circuit_operator.py
[2024-05-06T05:15:41.204+0000] {processor.py:840} INFO - DAG(s) 'example_short_circuit_operator' retrieved from /home/airflow/.local/lib/python3.12/site-packages/airflow/example_dags/example_short_circuit_operator.py
[2024-05-06T05:15:41.249+0000] {logging_mixin.py:188} INFO - [2024-05-06T05:15:41.249+0000] {dag.py:3096} INFO - Sync 1 DAGs
[2024-05-06T05:15:41.279+0000] {logging_mixin.py:188} INFO - [2024-05-06T05:15:41.279+0000] {dag.py:3954} INFO - Setting next_dagrun for example_short_circuit_operator to 2024-05-05 00:00:00+00:00, run_after=2024-05-06 00:00:00+00:00
[2024-05-06T05:15:41.314+0000] {processor.py:183} INFO - Processing /home/airflow/.local/lib/python3.12/site-packages/airflow/example_dags/example_short_circuit_operator.py took 0.137 seconds
[2024-05-06T05:16:12.038+0000] {processor.py:161} INFO - Started process (PID=13990) to work on /home/airflow/.local/lib/python3.12/site-packages/airflow/example_dags/example_short_circuit_operator.py
[2024-05-06T05:16:12.039+0000] {processor.py:830} INFO - Processing file /home/airflow/.local/lib/python3.12/site-packages/airflow/example_dags/example_short_circuit_operator.py for tasks to queue
[2024-05-06T05:16:12.041+0000] {logging_mixin.py:188} INFO - [2024-05-06T05:16:12.041+0000] {dagbag.py:540} INFO - Filling up the DagBag from /home/airflow/.local/lib/python3.12/site-packages/airflow/example_dags/example_short_circuit_operator.py
[2024-05-06T05:16:12.050+0000] {processor.py:840} INFO - DAG(s) 'example_short_circuit_operator' retrieved from /home/airflow/.local/lib/python3.12/site-packages/airflow/example_dags/example_short_circuit_operator.py
[2024-05-06T05:16:12.084+0000] {logging_mixin.py:188} INFO - [2024-05-06T05:16:12.084+0000] {dag.py:3096} INFO - Sync 1 DAGs
[2024-05-06T05:16:12.109+0000] {logging_mixin.py:188} INFO - [2024-05-06T05:16:12.109+0000] {dag.py:3954} INFO - Setting next_dagrun for example_short_circuit_operator to 2024-05-05 00:00:00+00:00, run_after=2024-05-06 00:00:00+00:00
[2024-05-06T05:16:12.136+0000] {processor.py:183} INFO - Processing /home/airflow/.local/lib/python3.12/site-packages/airflow/example_dags/example_short_circuit_operator.py took 0.106 seconds
[2024-05-06T05:16:42.778+0000] {processor.py:161} INFO - Started process (PID=14263) to work on /home/airflow/.local/lib/python3.12/site-packages/airflow/example_dags/example_short_circuit_operator.py
[2024-05-06T05:16:42.779+0000] {processor.py:830} INFO - Processing file /home/airflow/.local/lib/python3.12/site-packages/airflow/example_dags/example_short_circuit_operator.py for tasks to queue
[2024-05-06T05:16:42.781+0000] {logging_mixin.py:188} INFO - [2024-05-06T05:16:42.781+0000] {dagbag.py:540} INFO - Filling up the DagBag from /home/airflow/.local/lib/python3.12/site-packages/airflow/example_dags/example_short_circuit_operator.py
[2024-05-06T05:16:42.788+0000] {processor.py:840} INFO - DAG(s) 'example_short_circuit_operator' retrieved from /home/airflow/.local/lib/python3.12/site-packages/airflow/example_dags/example_short_circuit_operator.py
[2024-05-06T05:16:42.842+0000] {logging_mixin.py:188} INFO - [2024-05-06T05:16:42.842+0000] {dag.py:3096} INFO - Sync 1 DAGs
[2024-05-06T05:16:42.902+0000] {logging_mixin.py:188} INFO - [2024-05-06T05:16:42.902+0000] {dag.py:3954} INFO - Setting next_dagrun for example_short_circuit_operator to 2024-05-05 00:00:00+00:00, run_after=2024-05-06 00:00:00+00:00
[2024-05-06T05:16:42.962+0000] {processor.py:183} INFO - Processing /home/airflow/.local/lib/python3.12/site-packages/airflow/example_dags/example_short_circuit_operator.py took 0.191 seconds
[2024-05-06T05:17:13.237+0000] {processor.py:161} INFO - Started process (PID=14538) to work on /home/airflow/.local/lib/python3.12/site-packages/airflow/example_dags/example_short_circuit_operator.py
[2024-05-06T05:17:13.237+0000] {processor.py:830} INFO - Processing file /home/airflow/.local/lib/python3.12/site-packages/airflow/example_dags/example_short_circuit_operator.py for tasks to queue
[2024-05-06T05:17:13.238+0000] {logging_mixin.py:188} INFO - [2024-05-06T05:17:13.238+0000] {dagbag.py:540} INFO - Filling up the DagBag from /home/airflow/.local/lib/python3.12/site-packages/airflow/example_dags/example_short_circuit_operator.py
[2024-05-06T05:17:13.244+0000] {processor.py:840} INFO - DAG(s) 'example_short_circuit_operator' retrieved from /home/airflow/.local/lib/python3.12/site-packages/airflow/example_dags/example_short_circuit_operator.py
[2024-05-06T05:17:13.263+0000] {logging_mixin.py:188} INFO - [2024-05-06T05:17:13.263+0000] {dag.py:3096} INFO - Sync 1 DAGs
[2024-05-06T05:17:13.281+0000] {logging_mixin.py:188} INFO - [2024-05-06T05:17:13.281+0000] {dag.py:3954} INFO - Setting next_dagrun for example_short_circuit_operator to 2024-05-05 00:00:00+00:00, run_after=2024-05-06 00:00:00+00:00
[2024-05-06T05:17:13.300+0000] {processor.py:183} INFO - Processing /home/airflow/.local/lib/python3.12/site-packages/airflow/example_dags/example_short_circuit_operator.py took 0.068 seconds
[2024-05-06T05:17:44.079+0000] {processor.py:161} INFO - Started process (PID=14808) to work on /home/airflow/.local/lib/python3.12/site-packages/airflow/example_dags/example_short_circuit_operator.py
[2024-05-06T05:17:44.080+0000] {processor.py:830} INFO - Processing file /home/airflow/.local/lib/python3.12/site-packages/airflow/example_dags/example_short_circuit_operator.py for tasks to queue
[2024-05-06T05:17:44.082+0000] {logging_mixin.py:188} INFO - [2024-05-06T05:17:44.082+0000] {dagbag.py:540} INFO - Filling up the DagBag from /home/airflow/.local/lib/python3.12/site-packages/airflow/example_dags/example_short_circuit_operator.py
[2024-05-06T05:17:44.091+0000] {processor.py:840} INFO - DAG(s) 'example_short_circuit_operator' retrieved from /home/airflow/.local/lib/python3.12/site-packages/airflow/example_dags/example_short_circuit_operator.py
[2024-05-06T05:17:44.125+0000] {logging_mixin.py:188} INFO - [2024-05-06T05:17:44.124+0000] {dag.py:3096} INFO - Sync 1 DAGs
[2024-05-06T05:17:44.151+0000] {logging_mixin.py:188} INFO - [2024-05-06T05:17:44.151+0000] {dag.py:3954} INFO - Setting next_dagrun for example_short_circuit_operator to 2024-05-05 00:00:00+00:00, run_after=2024-05-06 00:00:00+00:00
[2024-05-06T05:17:44.175+0000] {processor.py:183} INFO - Processing /home/airflow/.local/lib/python3.12/site-packages/airflow/example_dags/example_short_circuit_operator.py took 0.104 seconds
[2024-05-06T05:18:14.587+0000] {processor.py:161} INFO - Started process (PID=15082) to work on /home/airflow/.local/lib/python3.12/site-packages/airflow/example_dags/example_short_circuit_operator.py
[2024-05-06T05:18:14.587+0000] {processor.py:830} INFO - Processing file /home/airflow/.local/lib/python3.12/site-packages/airflow/example_dags/example_short_circuit_operator.py for tasks to queue
[2024-05-06T05:18:14.589+0000] {logging_mixin.py:188} INFO - [2024-05-06T05:18:14.588+0000] {dagbag.py:540} INFO - Filling up the DagBag from /home/airflow/.local/lib/python3.12/site-packages/airflow/example_dags/example_short_circuit_operator.py
[2024-05-06T05:18:14.594+0000] {processor.py:840} INFO - DAG(s) 'example_short_circuit_operator' retrieved from /home/airflow/.local/lib/python3.12/site-packages/airflow/example_dags/example_short_circuit_operator.py
[2024-05-06T05:18:14.614+0000] {logging_mixin.py:188} INFO - [2024-05-06T05:18:14.614+0000] {dag.py:3096} INFO - Sync 1 DAGs
[2024-05-06T05:18:14.632+0000] {logging_mixin.py:188} INFO - [2024-05-06T05:18:14.632+0000] {dag.py:3954} INFO - Setting next_dagrun for example_short_circuit_operator to 2024-05-05 00:00:00+00:00, run_after=2024-05-06 00:00:00+00:00
[2024-05-06T05:18:14.652+0000] {processor.py:183} INFO - Processing /home/airflow/.local/lib/python3.12/site-packages/airflow/example_dags/example_short_circuit_operator.py took 0.070 seconds
[2024-05-06T05:18:44.995+0000] {processor.py:161} INFO - Started process (PID=15352) to work on /home/airflow/.local/lib/python3.12/site-packages/airflow/example_dags/example_short_circuit_operator.py
[2024-05-06T05:18:44.996+0000] {processor.py:830} INFO - Processing file /home/airflow/.local/lib/python3.12/site-packages/airflow/example_dags/example_short_circuit_operator.py for tasks to queue
[2024-05-06T05:18:44.998+0000] {logging_mixin.py:188} INFO - [2024-05-06T05:18:44.997+0000] {dagbag.py:540} INFO - Filling up the DagBag from /home/airflow/.local/lib/python3.12/site-packages/airflow/example_dags/example_short_circuit_operator.py
[2024-05-06T05:18:45.006+0000] {processor.py:840} INFO - DAG(s) 'example_short_circuit_operator' retrieved from /home/airflow/.local/lib/python3.12/site-packages/airflow/example_dags/example_short_circuit_operator.py
[2024-05-06T05:18:45.034+0000] {logging_mixin.py:188} INFO - [2024-05-06T05:18:45.034+0000] {dag.py:3096} INFO - Sync 1 DAGs
[2024-05-06T05:18:45.058+0000] {logging_mixin.py:188} INFO - [2024-05-06T05:18:45.058+0000] {dag.py:3954} INFO - Setting next_dagrun for example_short_circuit_operator to 2024-05-05 00:00:00+00:00, run_after=2024-05-06 00:00:00+00:00
[2024-05-06T05:18:45.082+0000] {processor.py:183} INFO - Processing /home/airflow/.local/lib/python3.12/site-packages/airflow/example_dags/example_short_circuit_operator.py took 0.093 seconds
[2024-05-06T05:19:15.623+0000] {processor.py:161} INFO - Started process (PID=15624) to work on /home/airflow/.local/lib/python3.12/site-packages/airflow/example_dags/example_short_circuit_operator.py
[2024-05-06T05:19:15.624+0000] {processor.py:830} INFO - Processing file /home/airflow/.local/lib/python3.12/site-packages/airflow/example_dags/example_short_circuit_operator.py for tasks to queue
[2024-05-06T05:19:15.626+0000] {logging_mixin.py:188} INFO - [2024-05-06T05:19:15.626+0000] {dagbag.py:540} INFO - Filling up the DagBag from /home/airflow/.local/lib/python3.12/site-packages/airflow/example_dags/example_short_circuit_operator.py
[2024-05-06T05:19:15.635+0000] {processor.py:840} INFO - DAG(s) 'example_short_circuit_operator' retrieved from /home/airflow/.local/lib/python3.12/site-packages/airflow/example_dags/example_short_circuit_operator.py
[2024-05-06T05:19:15.664+0000] {logging_mixin.py:188} INFO - [2024-05-06T05:19:15.663+0000] {dag.py:3096} INFO - Sync 1 DAGs
[2024-05-06T05:19:15.688+0000] {logging_mixin.py:188} INFO - [2024-05-06T05:19:15.688+0000] {dag.py:3954} INFO - Setting next_dagrun for example_short_circuit_operator to 2024-05-05 00:00:00+00:00, run_after=2024-05-06 00:00:00+00:00
[2024-05-06T05:19:15.712+0000] {processor.py:183} INFO - Processing /home/airflow/.local/lib/python3.12/site-packages/airflow/example_dags/example_short_circuit_operator.py took 0.097 seconds
