[2024-05-06T04:50:20.641+0000] {processor.py:161} INFO - Started process (PID=329) to work on /home/airflow/.local/lib/python3.12/site-packages/airflow/example_dags/example_xcomargs.py
[2024-05-06T04:50:20.643+0000] {processor.py:830} INFO - Processing file /home/airflow/.local/lib/python3.12/site-packages/airflow/example_dags/example_xcomargs.py for tasks to queue
[2024-05-06T04:50:20.646+0000] {logging_mixin.py:188} INFO - [2024-05-06T04:50:20.645+0000] {dagbag.py:540} INFO - Filling up the DagBag from /home/airflow/.local/lib/python3.12/site-packages/airflow/example_dags/example_xcomargs.py
[2024-05-06T04:50:20.662+0000] {processor.py:840} INFO - DAG(s) 'example_xcom_args_with_operators', 'example_xcom_args' retrieved from /home/airflow/.local/lib/python3.12/site-packages/airflow/example_dags/example_xcomargs.py
[2024-05-06T04:50:20.925+0000] {logging_mixin.py:188} INFO - [2024-05-06T04:50:20.924+0000] {override.py:1829} INFO - Created Permission View: can delete on DAG:example_xcom_args_with_operators
[2024-05-06T04:50:20.952+0000] {logging_mixin.py:188} INFO - [2024-05-06T04:50:20.952+0000] {override.py:1829} INFO - Created Permission View: can edit on DAG:example_xcom_args_with_operators
[2024-05-06T04:50:20.974+0000] {logging_mixin.py:188} INFO - [2024-05-06T04:50:20.974+0000] {override.py:1829} INFO - Created Permission View: can read on DAG:example_xcom_args_with_operators
[2024-05-06T04:50:21.023+0000] {logging_mixin.py:188} INFO - [2024-05-06T04:50:21.023+0000] {override.py:1829} INFO - Created Permission View: can delete on DAG:example_xcom_args
[2024-05-06T04:50:21.035+0000] {logging_mixin.py:188} INFO - [2024-05-06T04:50:21.035+0000] {override.py:1829} INFO - Created Permission View: can edit on DAG:example_xcom_args
[2024-05-06T04:50:21.048+0000] {logging_mixin.py:188} INFO - [2024-05-06T04:50:21.048+0000] {override.py:1829} INFO - Created Permission View: can read on DAG:example_xcom_args
[2024-05-06T04:50:21.049+0000] {logging_mixin.py:188} INFO - [2024-05-06T04:50:21.049+0000] {dag.py:3096} INFO - Sync 2 DAGs
[2024-05-06T04:50:21.076+0000] {logging_mixin.py:188} INFO - [2024-05-06T04:50:21.075+0000] {dag.py:3118} INFO - Creating ORM DAG for example_xcom_args
[2024-05-06T04:50:21.077+0000] {logging_mixin.py:188} INFO - [2024-05-06T04:50:21.077+0000] {dag.py:3118} INFO - Creating ORM DAG for example_xcom_args_with_operators
[2024-05-06T04:50:21.078+0000] {logging_mixin.py:188} INFO - [2024-05-06T04:50:21.077+0000] {dag.py:3954} INFO - Setting next_dagrun for example_xcom_args to None, run_after=None
[2024-05-06T04:50:21.078+0000] {logging_mixin.py:188} INFO - [2024-05-06T04:50:21.078+0000] {dag.py:3954} INFO - Setting next_dagrun for example_xcom_args_with_operators to None, run_after=None
[2024-05-06T04:50:21.126+0000] {processor.py:183} INFO - Processing /home/airflow/.local/lib/python3.12/site-packages/airflow/example_dags/example_xcomargs.py took 0.497 seconds
[2024-05-06T04:50:51.502+0000] {processor.py:161} INFO - Started process (PID=590) to work on /home/airflow/.local/lib/python3.12/site-packages/airflow/example_dags/example_xcomargs.py
[2024-05-06T04:50:51.503+0000] {processor.py:830} INFO - Processing file /home/airflow/.local/lib/python3.12/site-packages/airflow/example_dags/example_xcomargs.py for tasks to queue
[2024-05-06T04:50:51.504+0000] {logging_mixin.py:188} INFO - [2024-05-06T04:50:51.504+0000] {dagbag.py:540} INFO - Filling up the DagBag from /home/airflow/.local/lib/python3.12/site-packages/airflow/example_dags/example_xcomargs.py
[2024-05-06T04:50:51.514+0000] {processor.py:840} INFO - DAG(s) 'example_xcom_args_with_operators', 'example_xcom_args' retrieved from /home/airflow/.local/lib/python3.12/site-packages/airflow/example_dags/example_xcomargs.py
[2024-05-06T04:50:51.542+0000] {logging_mixin.py:188} INFO - [2024-05-06T04:50:51.542+0000] {dag.py:3096} INFO - Sync 2 DAGs
[2024-05-06T04:50:51.558+0000] {logging_mixin.py:188} INFO - [2024-05-06T04:50:51.558+0000] {dag.py:3954} INFO - Setting next_dagrun for example_xcom_args to None, run_after=None
[2024-05-06T04:50:51.563+0000] {logging_mixin.py:188} INFO - [2024-05-06T04:50:51.563+0000] {dag.py:3954} INFO - Setting next_dagrun for example_xcom_args_with_operators to None, run_after=None
[2024-05-06T04:50:51.590+0000] {processor.py:183} INFO - Processing /home/airflow/.local/lib/python3.12/site-packages/airflow/example_dags/example_xcomargs.py took 0.095 seconds
[2024-05-06T04:51:21.832+0000] {processor.py:161} INFO - Started process (PID=854) to work on /home/airflow/.local/lib/python3.12/site-packages/airflow/example_dags/example_xcomargs.py
[2024-05-06T04:51:21.833+0000] {processor.py:830} INFO - Processing file /home/airflow/.local/lib/python3.12/site-packages/airflow/example_dags/example_xcomargs.py for tasks to queue
[2024-05-06T04:51:21.835+0000] {logging_mixin.py:188} INFO - [2024-05-06T04:51:21.835+0000] {dagbag.py:540} INFO - Filling up the DagBag from /home/airflow/.local/lib/python3.12/site-packages/airflow/example_dags/example_xcomargs.py
[2024-05-06T04:51:21.844+0000] {processor.py:840} INFO - DAG(s) 'example_xcom_args', 'example_xcom_args_with_operators' retrieved from /home/airflow/.local/lib/python3.12/site-packages/airflow/example_dags/example_xcomargs.py
[2024-05-06T04:51:21.877+0000] {logging_mixin.py:188} INFO - [2024-05-06T04:51:21.877+0000] {dag.py:3096} INFO - Sync 2 DAGs
[2024-05-06T04:51:21.896+0000] {logging_mixin.py:188} INFO - [2024-05-06T04:51:21.895+0000] {dag.py:3954} INFO - Setting next_dagrun for example_xcom_args to None, run_after=None
[2024-05-06T04:51:21.903+0000] {logging_mixin.py:188} INFO - [2024-05-06T04:51:21.902+0000] {dag.py:3954} INFO - Setting next_dagrun for example_xcom_args_with_operators to None, run_after=None
[2024-05-06T04:51:21.945+0000] {processor.py:183} INFO - Processing /home/airflow/.local/lib/python3.12/site-packages/airflow/example_dags/example_xcomargs.py took 0.119 seconds
[2024-05-06T04:51:52.202+0000] {processor.py:161} INFO - Started process (PID=1119) to work on /home/airflow/.local/lib/python3.12/site-packages/airflow/example_dags/example_xcomargs.py
[2024-05-06T04:51:52.203+0000] {processor.py:830} INFO - Processing file /home/airflow/.local/lib/python3.12/site-packages/airflow/example_dags/example_xcomargs.py for tasks to queue
[2024-05-06T04:51:52.204+0000] {logging_mixin.py:188} INFO - [2024-05-06T04:51:52.204+0000] {dagbag.py:540} INFO - Filling up the DagBag from /home/airflow/.local/lib/python3.12/site-packages/airflow/example_dags/example_xcomargs.py
[2024-05-06T04:51:52.211+0000] {processor.py:840} INFO - DAG(s) 'example_xcom_args_with_operators', 'example_xcom_args' retrieved from /home/airflow/.local/lib/python3.12/site-packages/airflow/example_dags/example_xcomargs.py
[2024-05-06T04:51:52.238+0000] {logging_mixin.py:188} INFO - [2024-05-06T04:51:52.238+0000] {dag.py:3096} INFO - Sync 2 DAGs
[2024-05-06T04:51:52.250+0000] {logging_mixin.py:188} INFO - [2024-05-06T04:51:52.250+0000] {dag.py:3954} INFO - Setting next_dagrun for example_xcom_args to None, run_after=None
[2024-05-06T04:51:52.253+0000] {logging_mixin.py:188} INFO - [2024-05-06T04:51:52.253+0000] {dag.py:3954} INFO - Setting next_dagrun for example_xcom_args_with_operators to None, run_after=None
[2024-05-06T04:51:52.271+0000] {processor.py:183} INFO - Processing /home/airflow/.local/lib/python3.12/site-packages/airflow/example_dags/example_xcomargs.py took 0.075 seconds
[2024-05-06T04:52:23.269+0000] {processor.py:161} INFO - Started process (PID=1378) to work on /home/airflow/.local/lib/python3.12/site-packages/airflow/example_dags/example_xcomargs.py
[2024-05-06T04:52:23.270+0000] {processor.py:830} INFO - Processing file /home/airflow/.local/lib/python3.12/site-packages/airflow/example_dags/example_xcomargs.py for tasks to queue
[2024-05-06T04:52:23.272+0000] {logging_mixin.py:188} INFO - [2024-05-06T04:52:23.271+0000] {dagbag.py:540} INFO - Filling up the DagBag from /home/airflow/.local/lib/python3.12/site-packages/airflow/example_dags/example_xcomargs.py
[2024-05-06T04:52:23.281+0000] {processor.py:840} INFO - DAG(s) 'example_xcom_args_with_operators', 'example_xcom_args' retrieved from /home/airflow/.local/lib/python3.12/site-packages/airflow/example_dags/example_xcomargs.py
[2024-05-06T04:52:23.308+0000] {logging_mixin.py:188} INFO - [2024-05-06T04:52:23.307+0000] {dag.py:3096} INFO - Sync 2 DAGs
[2024-05-06T04:52:23.324+0000] {logging_mixin.py:188} INFO - [2024-05-06T04:52:23.324+0000] {dag.py:3954} INFO - Setting next_dagrun for example_xcom_args to None, run_after=None
[2024-05-06T04:52:23.328+0000] {logging_mixin.py:188} INFO - [2024-05-06T04:52:23.328+0000] {dag.py:3954} INFO - Setting next_dagrun for example_xcom_args_with_operators to None, run_after=None
[2024-05-06T04:52:23.351+0000] {processor.py:183} INFO - Processing /home/airflow/.local/lib/python3.12/site-packages/airflow/example_dags/example_xcomargs.py took 0.093 seconds
[2024-05-06T04:52:53.455+0000] {processor.py:161} INFO - Started process (PID=1642) to work on /home/airflow/.local/lib/python3.12/site-packages/airflow/example_dags/example_xcomargs.py
[2024-05-06T04:52:53.457+0000] {processor.py:830} INFO - Processing file /home/airflow/.local/lib/python3.12/site-packages/airflow/example_dags/example_xcomargs.py for tasks to queue
[2024-05-06T04:52:53.460+0000] {logging_mixin.py:188} INFO - [2024-05-06T04:52:53.460+0000] {dagbag.py:540} INFO - Filling up the DagBag from /home/airflow/.local/lib/python3.12/site-packages/airflow/example_dags/example_xcomargs.py
[2024-05-06T04:52:53.479+0000] {processor.py:840} INFO - DAG(s) 'example_xcom_args_with_operators', 'example_xcom_args' retrieved from /home/airflow/.local/lib/python3.12/site-packages/airflow/example_dags/example_xcomargs.py
[2024-05-06T04:52:53.513+0000] {logging_mixin.py:188} INFO - [2024-05-06T04:52:53.513+0000] {dag.py:3096} INFO - Sync 2 DAGs
[2024-05-06T04:52:53.531+0000] {logging_mixin.py:188} INFO - [2024-05-06T04:52:53.531+0000] {dag.py:3954} INFO - Setting next_dagrun for example_xcom_args to None, run_after=None
[2024-05-06T04:52:53.536+0000] {logging_mixin.py:188} INFO - [2024-05-06T04:52:53.536+0000] {dag.py:3954} INFO - Setting next_dagrun for example_xcom_args_with_operators to None, run_after=None
[2024-05-06T04:52:53.563+0000] {processor.py:183} INFO - Processing /home/airflow/.local/lib/python3.12/site-packages/airflow/example_dags/example_xcomargs.py took 0.114 seconds
[2024-05-06T04:53:23.646+0000] {processor.py:161} INFO - Started process (PID=1904) to work on /home/airflow/.local/lib/python3.12/site-packages/airflow/example_dags/example_xcomargs.py
[2024-05-06T04:53:23.647+0000] {processor.py:830} INFO - Processing file /home/airflow/.local/lib/python3.12/site-packages/airflow/example_dags/example_xcomargs.py for tasks to queue
[2024-05-06T04:53:23.648+0000] {logging_mixin.py:188} INFO - [2024-05-06T04:53:23.648+0000] {dagbag.py:540} INFO - Filling up the DagBag from /home/airflow/.local/lib/python3.12/site-packages/airflow/example_dags/example_xcomargs.py
[2024-05-06T04:53:23.655+0000] {processor.py:840} INFO - DAG(s) 'example_xcom_args', 'example_xcom_args_with_operators' retrieved from /home/airflow/.local/lib/python3.12/site-packages/airflow/example_dags/example_xcomargs.py
[2024-05-06T04:53:23.674+0000] {logging_mixin.py:188} INFO - [2024-05-06T04:53:23.674+0000] {dag.py:3096} INFO - Sync 2 DAGs
[2024-05-06T04:53:23.685+0000] {logging_mixin.py:188} INFO - [2024-05-06T04:53:23.685+0000] {dag.py:3954} INFO - Setting next_dagrun for example_xcom_args to None, run_after=None
[2024-05-06T04:53:23.688+0000] {logging_mixin.py:188} INFO - [2024-05-06T04:53:23.688+0000] {dag.py:3954} INFO - Setting next_dagrun for example_xcom_args_with_operators to None, run_after=None
[2024-05-06T04:53:23.707+0000] {processor.py:183} INFO - Processing /home/airflow/.local/lib/python3.12/site-packages/airflow/example_dags/example_xcomargs.py took 0.065 seconds
[2024-05-06T04:53:54.119+0000] {processor.py:161} INFO - Started process (PID=2166) to work on /home/airflow/.local/lib/python3.12/site-packages/airflow/example_dags/example_xcomargs.py
[2024-05-06T04:53:54.119+0000] {processor.py:830} INFO - Processing file /home/airflow/.local/lib/python3.12/site-packages/airflow/example_dags/example_xcomargs.py for tasks to queue
[2024-05-06T04:53:54.121+0000] {logging_mixin.py:188} INFO - [2024-05-06T04:53:54.121+0000] {dagbag.py:540} INFO - Filling up the DagBag from /home/airflow/.local/lib/python3.12/site-packages/airflow/example_dags/example_xcomargs.py
[2024-05-06T04:53:54.128+0000] {processor.py:840} INFO - DAG(s) 'example_xcom_args_with_operators', 'example_xcom_args' retrieved from /home/airflow/.local/lib/python3.12/site-packages/airflow/example_dags/example_xcomargs.py
[2024-05-06T04:53:54.149+0000] {logging_mixin.py:188} INFO - [2024-05-06T04:53:54.149+0000] {dag.py:3096} INFO - Sync 2 DAGs
[2024-05-06T04:53:54.161+0000] {logging_mixin.py:188} INFO - [2024-05-06T04:53:54.161+0000] {dag.py:3954} INFO - Setting next_dagrun for example_xcom_args to None, run_after=None
[2024-05-06T04:53:54.164+0000] {logging_mixin.py:188} INFO - [2024-05-06T04:53:54.164+0000] {dag.py:3954} INFO - Setting next_dagrun for example_xcom_args_with_operators to None, run_after=None
[2024-05-06T04:53:54.182+0000] {processor.py:183} INFO - Processing /home/airflow/.local/lib/python3.12/site-packages/airflow/example_dags/example_xcomargs.py took 0.069 seconds
[2024-05-06T04:54:27.115+0000] {processor.py:161} INFO - Started process (PID=2512) to work on /home/airflow/.local/lib/python3.12/site-packages/airflow/example_dags/example_xcomargs.py
[2024-05-06T04:54:27.116+0000] {processor.py:830} INFO - Processing file /home/airflow/.local/lib/python3.12/site-packages/airflow/example_dags/example_xcomargs.py for tasks to queue
[2024-05-06T04:54:27.122+0000] {logging_mixin.py:188} INFO - [2024-05-06T04:54:27.122+0000] {dagbag.py:540} INFO - Filling up the DagBag from /home/airflow/.local/lib/python3.12/site-packages/airflow/example_dags/example_xcomargs.py
[2024-05-06T04:54:27.153+0000] {processor.py:840} INFO - DAG(s) 'example_xcom_args_with_operators', 'example_xcom_args' retrieved from /home/airflow/.local/lib/python3.12/site-packages/airflow/example_dags/example_xcomargs.py
[2024-05-06T04:54:27.257+0000] {logging_mixin.py:188} INFO - [2024-05-06T04:54:27.257+0000] {dag.py:3096} INFO - Sync 2 DAGs
[2024-05-06T04:54:27.363+0000] {logging_mixin.py:188} INFO - [2024-05-06T04:54:27.362+0000] {dag.py:3954} INFO - Setting next_dagrun for example_xcom_args to None, run_after=None
[2024-05-06T04:54:27.397+0000] {logging_mixin.py:188} INFO - [2024-05-06T04:54:27.396+0000] {dag.py:3954} INFO - Setting next_dagrun for example_xcom_args_with_operators to None, run_after=None
[2024-05-06T04:54:27.523+0000] {processor.py:183} INFO - Processing /home/airflow/.local/lib/python3.12/site-packages/airflow/example_dags/example_xcomargs.py took 0.415 seconds
[2024-05-06T04:54:58.226+0000] {processor.py:161} INFO - Started process (PID=2837) to work on /home/airflow/.local/lib/python3.12/site-packages/airflow/example_dags/example_xcomargs.py
[2024-05-06T04:54:58.227+0000] {processor.py:830} INFO - Processing file /home/airflow/.local/lib/python3.12/site-packages/airflow/example_dags/example_xcomargs.py for tasks to queue
[2024-05-06T04:54:58.228+0000] {logging_mixin.py:188} INFO - [2024-05-06T04:54:58.228+0000] {dagbag.py:540} INFO - Filling up the DagBag from /home/airflow/.local/lib/python3.12/site-packages/airflow/example_dags/example_xcomargs.py
[2024-05-06T04:54:58.242+0000] {processor.py:840} INFO - DAG(s) 'example_xcom_args', 'example_xcom_args_with_operators' retrieved from /home/airflow/.local/lib/python3.12/site-packages/airflow/example_dags/example_xcomargs.py
[2024-05-06T04:54:58.272+0000] {logging_mixin.py:188} INFO - [2024-05-06T04:54:58.272+0000] {dag.py:3096} INFO - Sync 2 DAGs
[2024-05-06T04:54:58.292+0000] {logging_mixin.py:188} INFO - [2024-05-06T04:54:58.291+0000] {dag.py:3954} INFO - Setting next_dagrun for example_xcom_args to None, run_after=None
[2024-05-06T04:54:58.295+0000] {logging_mixin.py:188} INFO - [2024-05-06T04:54:58.295+0000] {dag.py:3954} INFO - Setting next_dagrun for example_xcom_args_with_operators to None, run_after=None
[2024-05-06T04:54:58.317+0000] {processor.py:183} INFO - Processing /home/airflow/.local/lib/python3.12/site-packages/airflow/example_dags/example_xcomargs.py took 0.098 seconds
[2024-05-06T04:55:28.406+0000] {processor.py:161} INFO - Started process (PID=3099) to work on /home/airflow/.local/lib/python3.12/site-packages/airflow/example_dags/example_xcomargs.py
[2024-05-06T04:55:28.407+0000] {processor.py:830} INFO - Processing file /home/airflow/.local/lib/python3.12/site-packages/airflow/example_dags/example_xcomargs.py for tasks to queue
[2024-05-06T04:55:28.408+0000] {logging_mixin.py:188} INFO - [2024-05-06T04:55:28.408+0000] {dagbag.py:540} INFO - Filling up the DagBag from /home/airflow/.local/lib/python3.12/site-packages/airflow/example_dags/example_xcomargs.py
[2024-05-06T04:55:28.419+0000] {processor.py:840} INFO - DAG(s) 'example_xcom_args', 'example_xcom_args_with_operators' retrieved from /home/airflow/.local/lib/python3.12/site-packages/airflow/example_dags/example_xcomargs.py
[2024-05-06T04:55:28.445+0000] {logging_mixin.py:188} INFO - [2024-05-06T04:55:28.445+0000] {dag.py:3096} INFO - Sync 2 DAGs
[2024-05-06T04:55:28.461+0000] {logging_mixin.py:188} INFO - [2024-05-06T04:55:28.461+0000] {dag.py:3954} INFO - Setting next_dagrun for example_xcom_args to None, run_after=None
[2024-05-06T04:55:28.466+0000] {logging_mixin.py:188} INFO - [2024-05-06T04:55:28.465+0000] {dag.py:3954} INFO - Setting next_dagrun for example_xcom_args_with_operators to None, run_after=None
[2024-05-06T04:55:28.486+0000] {processor.py:183} INFO - Processing /home/airflow/.local/lib/python3.12/site-packages/airflow/example_dags/example_xcomargs.py took 0.087 seconds
[2024-05-06T04:55:58.674+0000] {processor.py:161} INFO - Started process (PID=3362) to work on /home/airflow/.local/lib/python3.12/site-packages/airflow/example_dags/example_xcomargs.py
[2024-05-06T04:55:58.675+0000] {processor.py:830} INFO - Processing file /home/airflow/.local/lib/python3.12/site-packages/airflow/example_dags/example_xcomargs.py for tasks to queue
[2024-05-06T04:55:58.677+0000] {logging_mixin.py:188} INFO - [2024-05-06T04:55:58.676+0000] {dagbag.py:540} INFO - Filling up the DagBag from /home/airflow/.local/lib/python3.12/site-packages/airflow/example_dags/example_xcomargs.py
[2024-05-06T04:55:58.686+0000] {processor.py:840} INFO - DAG(s) 'example_xcom_args', 'example_xcom_args_with_operators' retrieved from /home/airflow/.local/lib/python3.12/site-packages/airflow/example_dags/example_xcomargs.py
[2024-05-06T04:55:58.712+0000] {logging_mixin.py:188} INFO - [2024-05-06T04:55:58.712+0000] {dag.py:3096} INFO - Sync 2 DAGs
[2024-05-06T04:55:58.729+0000] {logging_mixin.py:188} INFO - [2024-05-06T04:55:58.729+0000] {dag.py:3954} INFO - Setting next_dagrun for example_xcom_args to None, run_after=None
[2024-05-06T04:55:58.733+0000] {logging_mixin.py:188} INFO - [2024-05-06T04:55:58.733+0000] {dag.py:3954} INFO - Setting next_dagrun for example_xcom_args_with_operators to None, run_after=None
[2024-05-06T04:55:58.760+0000] {processor.py:183} INFO - Processing /home/airflow/.local/lib/python3.12/site-packages/airflow/example_dags/example_xcomargs.py took 0.092 seconds
[2024-05-06T04:56:29.633+0000] {processor.py:161} INFO - Started process (PID=3625) to work on /home/airflow/.local/lib/python3.12/site-packages/airflow/example_dags/example_xcomargs.py
[2024-05-06T04:56:29.634+0000] {processor.py:830} INFO - Processing file /home/airflow/.local/lib/python3.12/site-packages/airflow/example_dags/example_xcomargs.py for tasks to queue
[2024-05-06T04:56:29.635+0000] {logging_mixin.py:188} INFO - [2024-05-06T04:56:29.635+0000] {dagbag.py:540} INFO - Filling up the DagBag from /home/airflow/.local/lib/python3.12/site-packages/airflow/example_dags/example_xcomargs.py
[2024-05-06T04:56:29.646+0000] {processor.py:840} INFO - DAG(s) 'example_xcom_args_with_operators', 'example_xcom_args' retrieved from /home/airflow/.local/lib/python3.12/site-packages/airflow/example_dags/example_xcomargs.py
[2024-05-06T04:56:29.672+0000] {logging_mixin.py:188} INFO - [2024-05-06T04:56:29.672+0000] {dag.py:3096} INFO - Sync 2 DAGs
[2024-05-06T04:56:29.688+0000] {logging_mixin.py:188} INFO - [2024-05-06T04:56:29.688+0000] {dag.py:3954} INFO - Setting next_dagrun for example_xcom_args to None, run_after=None
[2024-05-06T04:56:29.692+0000] {logging_mixin.py:188} INFO - [2024-05-06T04:56:29.692+0000] {dag.py:3954} INFO - Setting next_dagrun for example_xcom_args_with_operators to None, run_after=None
[2024-05-06T04:56:29.715+0000] {processor.py:183} INFO - Processing /home/airflow/.local/lib/python3.12/site-packages/airflow/example_dags/example_xcomargs.py took 0.090 seconds
[2024-05-06T04:57:00.527+0000] {processor.py:161} INFO - Started process (PID=3887) to work on /home/airflow/.local/lib/python3.12/site-packages/airflow/example_dags/example_xcomargs.py
[2024-05-06T04:57:00.533+0000] {processor.py:830} INFO - Processing file /home/airflow/.local/lib/python3.12/site-packages/airflow/example_dags/example_xcomargs.py for tasks to queue
[2024-05-06T04:57:00.537+0000] {logging_mixin.py:188} INFO - [2024-05-06T04:57:00.537+0000] {dagbag.py:540} INFO - Filling up the DagBag from /home/airflow/.local/lib/python3.12/site-packages/airflow/example_dags/example_xcomargs.py
[2024-05-06T04:57:00.548+0000] {processor.py:840} INFO - DAG(s) 'example_xcom_args', 'example_xcom_args_with_operators' retrieved from /home/airflow/.local/lib/python3.12/site-packages/airflow/example_dags/example_xcomargs.py
[2024-05-06T04:57:00.584+0000] {logging_mixin.py:188} INFO - [2024-05-06T04:57:00.584+0000] {dag.py:3096} INFO - Sync 2 DAGs
[2024-05-06T04:57:00.600+0000] {logging_mixin.py:188} INFO - [2024-05-06T04:57:00.600+0000] {dag.py:3954} INFO - Setting next_dagrun for example_xcom_args to None, run_after=None
[2024-05-06T04:57:00.603+0000] {logging_mixin.py:188} INFO - [2024-05-06T04:57:00.603+0000] {dag.py:3954} INFO - Setting next_dagrun for example_xcom_args_with_operators to None, run_after=None
[2024-05-06T04:57:00.625+0000] {processor.py:183} INFO - Processing /home/airflow/.local/lib/python3.12/site-packages/airflow/example_dags/example_xcomargs.py took 0.128 seconds
[2024-05-06T04:57:30.684+0000] {processor.py:161} INFO - Started process (PID=4149) to work on /home/airflow/.local/lib/python3.12/site-packages/airflow/example_dags/example_xcomargs.py
[2024-05-06T04:57:30.685+0000] {processor.py:830} INFO - Processing file /home/airflow/.local/lib/python3.12/site-packages/airflow/example_dags/example_xcomargs.py for tasks to queue
[2024-05-06T04:57:30.686+0000] {logging_mixin.py:188} INFO - [2024-05-06T04:57:30.686+0000] {dagbag.py:540} INFO - Filling up the DagBag from /home/airflow/.local/lib/python3.12/site-packages/airflow/example_dags/example_xcomargs.py
[2024-05-06T04:57:30.707+0000] {processor.py:840} INFO - DAG(s) 'example_xcom_args_with_operators', 'example_xcom_args' retrieved from /home/airflow/.local/lib/python3.12/site-packages/airflow/example_dags/example_xcomargs.py
[2024-05-06T04:57:30.741+0000] {logging_mixin.py:188} INFO - [2024-05-06T04:57:30.740+0000] {dag.py:3096} INFO - Sync 2 DAGs
[2024-05-06T04:57:30.765+0000] {logging_mixin.py:188} INFO - [2024-05-06T04:57:30.765+0000] {dag.py:3954} INFO - Setting next_dagrun for example_xcom_args to None, run_after=None
[2024-05-06T04:57:30.773+0000] {logging_mixin.py:188} INFO - [2024-05-06T04:57:30.772+0000] {dag.py:3954} INFO - Setting next_dagrun for example_xcom_args_with_operators to None, run_after=None
[2024-05-06T04:57:30.822+0000] {processor.py:183} INFO - Processing /home/airflow/.local/lib/python3.12/site-packages/airflow/example_dags/example_xcomargs.py took 0.147 seconds
[2024-05-06T04:58:01.340+0000] {processor.py:161} INFO - Started process (PID=4412) to work on /home/airflow/.local/lib/python3.12/site-packages/airflow/example_dags/example_xcomargs.py
[2024-05-06T04:58:01.341+0000] {processor.py:830} INFO - Processing file /home/airflow/.local/lib/python3.12/site-packages/airflow/example_dags/example_xcomargs.py for tasks to queue
[2024-05-06T04:58:01.342+0000] {logging_mixin.py:188} INFO - [2024-05-06T04:58:01.342+0000] {dagbag.py:540} INFO - Filling up the DagBag from /home/airflow/.local/lib/python3.12/site-packages/airflow/example_dags/example_xcomargs.py
[2024-05-06T04:58:01.353+0000] {processor.py:840} INFO - DAG(s) 'example_xcom_args', 'example_xcom_args_with_operators' retrieved from /home/airflow/.local/lib/python3.12/site-packages/airflow/example_dags/example_xcomargs.py
[2024-05-06T04:58:01.380+0000] {logging_mixin.py:188} INFO - [2024-05-06T04:58:01.380+0000] {dag.py:3096} INFO - Sync 2 DAGs
[2024-05-06T04:58:01.401+0000] {logging_mixin.py:188} INFO - [2024-05-06T04:58:01.401+0000] {dag.py:3954} INFO - Setting next_dagrun for example_xcom_args to None, run_after=None
[2024-05-06T04:58:01.406+0000] {logging_mixin.py:188} INFO - [2024-05-06T04:58:01.406+0000] {dag.py:3954} INFO - Setting next_dagrun for example_xcom_args_with_operators to None, run_after=None
[2024-05-06T04:58:01.431+0000] {processor.py:183} INFO - Processing /home/airflow/.local/lib/python3.12/site-packages/airflow/example_dags/example_xcomargs.py took 0.116 seconds
[2024-05-06T04:58:31.941+0000] {processor.py:161} INFO - Started process (PID=4674) to work on /home/airflow/.local/lib/python3.12/site-packages/airflow/example_dags/example_xcomargs.py
[2024-05-06T04:58:31.942+0000] {processor.py:830} INFO - Processing file /home/airflow/.local/lib/python3.12/site-packages/airflow/example_dags/example_xcomargs.py for tasks to queue
[2024-05-06T04:58:31.943+0000] {logging_mixin.py:188} INFO - [2024-05-06T04:58:31.943+0000] {dagbag.py:540} INFO - Filling up the DagBag from /home/airflow/.local/lib/python3.12/site-packages/airflow/example_dags/example_xcomargs.py
[2024-05-06T04:58:31.952+0000] {processor.py:840} INFO - DAG(s) 'example_xcom_args_with_operators', 'example_xcom_args' retrieved from /home/airflow/.local/lib/python3.12/site-packages/airflow/example_dags/example_xcomargs.py
[2024-05-06T04:58:31.980+0000] {logging_mixin.py:188} INFO - [2024-05-06T04:58:31.980+0000] {dag.py:3096} INFO - Sync 2 DAGs
[2024-05-06T04:58:31.998+0000] {logging_mixin.py:188} INFO - [2024-05-06T04:58:31.997+0000] {dag.py:3954} INFO - Setting next_dagrun for example_xcom_args to None, run_after=None
[2024-05-06T04:58:32.002+0000] {logging_mixin.py:188} INFO - [2024-05-06T04:58:32.002+0000] {dag.py:3954} INFO - Setting next_dagrun for example_xcom_args_with_operators to None, run_after=None
[2024-05-06T04:58:32.023+0000] {processor.py:183} INFO - Processing /home/airflow/.local/lib/python3.12/site-packages/airflow/example_dags/example_xcomargs.py took 0.090 seconds
[2024-05-06T04:59:02.356+0000] {processor.py:161} INFO - Started process (PID=4936) to work on /home/airflow/.local/lib/python3.12/site-packages/airflow/example_dags/example_xcomargs.py
[2024-05-06T04:59:02.357+0000] {processor.py:830} INFO - Processing file /home/airflow/.local/lib/python3.12/site-packages/airflow/example_dags/example_xcomargs.py for tasks to queue
[2024-05-06T04:59:02.359+0000] {logging_mixin.py:188} INFO - [2024-05-06T04:59:02.359+0000] {dagbag.py:540} INFO - Filling up the DagBag from /home/airflow/.local/lib/python3.12/site-packages/airflow/example_dags/example_xcomargs.py
[2024-05-06T04:59:02.369+0000] {processor.py:840} INFO - DAG(s) 'example_xcom_args', 'example_xcom_args_with_operators' retrieved from /home/airflow/.local/lib/python3.12/site-packages/airflow/example_dags/example_xcomargs.py
[2024-05-06T04:59:02.401+0000] {logging_mixin.py:188} INFO - [2024-05-06T04:59:02.401+0000] {dag.py:3096} INFO - Sync 2 DAGs
[2024-05-06T04:59:02.418+0000] {logging_mixin.py:188} INFO - [2024-05-06T04:59:02.418+0000] {dag.py:3954} INFO - Setting next_dagrun for example_xcom_args to None, run_after=None
[2024-05-06T04:59:02.423+0000] {logging_mixin.py:188} INFO - [2024-05-06T04:59:02.423+0000] {dag.py:3954} INFO - Setting next_dagrun for example_xcom_args_with_operators to None, run_after=None
[2024-05-06T04:59:02.442+0000] {processor.py:183} INFO - Processing /home/airflow/.local/lib/python3.12/site-packages/airflow/example_dags/example_xcomargs.py took 0.097 seconds
[2024-05-06T04:59:33.359+0000] {processor.py:161} INFO - Started process (PID=5199) to work on /home/airflow/.local/lib/python3.12/site-packages/airflow/example_dags/example_xcomargs.py
[2024-05-06T04:59:33.360+0000] {processor.py:830} INFO - Processing file /home/airflow/.local/lib/python3.12/site-packages/airflow/example_dags/example_xcomargs.py for tasks to queue
[2024-05-06T04:59:33.362+0000] {logging_mixin.py:188} INFO - [2024-05-06T04:59:33.361+0000] {dagbag.py:540} INFO - Filling up the DagBag from /home/airflow/.local/lib/python3.12/site-packages/airflow/example_dags/example_xcomargs.py
[2024-05-06T04:59:33.372+0000] {processor.py:840} INFO - DAG(s) 'example_xcom_args', 'example_xcom_args_with_operators' retrieved from /home/airflow/.local/lib/python3.12/site-packages/airflow/example_dags/example_xcomargs.py
[2024-05-06T04:59:33.403+0000] {logging_mixin.py:188} INFO - [2024-05-06T04:59:33.403+0000] {dag.py:3096} INFO - Sync 2 DAGs
[2024-05-06T04:59:33.421+0000] {logging_mixin.py:188} INFO - [2024-05-06T04:59:33.420+0000] {dag.py:3954} INFO - Setting next_dagrun for example_xcom_args to None, run_after=None
[2024-05-06T04:59:33.425+0000] {logging_mixin.py:188} INFO - [2024-05-06T04:59:33.425+0000] {dag.py:3954} INFO - Setting next_dagrun for example_xcom_args_with_operators to None, run_after=None
[2024-05-06T04:59:33.453+0000] {processor.py:183} INFO - Processing /home/airflow/.local/lib/python3.12/site-packages/airflow/example_dags/example_xcomargs.py took 0.104 seconds
[2024-05-06T05:00:03.782+0000] {processor.py:161} INFO - Started process (PID=5461) to work on /home/airflow/.local/lib/python3.12/site-packages/airflow/example_dags/example_xcomargs.py
[2024-05-06T05:00:03.783+0000] {processor.py:830} INFO - Processing file /home/airflow/.local/lib/python3.12/site-packages/airflow/example_dags/example_xcomargs.py for tasks to queue
[2024-05-06T05:00:03.785+0000] {logging_mixin.py:188} INFO - [2024-05-06T05:00:03.784+0000] {dagbag.py:540} INFO - Filling up the DagBag from /home/airflow/.local/lib/python3.12/site-packages/airflow/example_dags/example_xcomargs.py
[2024-05-06T05:00:03.794+0000] {processor.py:840} INFO - DAG(s) 'example_xcom_args', 'example_xcom_args_with_operators' retrieved from /home/airflow/.local/lib/python3.12/site-packages/airflow/example_dags/example_xcomargs.py
[2024-05-06T05:00:03.820+0000] {logging_mixin.py:188} INFO - [2024-05-06T05:00:03.820+0000] {dag.py:3096} INFO - Sync 2 DAGs
[2024-05-06T05:00:03.836+0000] {logging_mixin.py:188} INFO - [2024-05-06T05:00:03.836+0000] {dag.py:3954} INFO - Setting next_dagrun for example_xcom_args to None, run_after=None
[2024-05-06T05:00:03.841+0000] {logging_mixin.py:188} INFO - [2024-05-06T05:00:03.840+0000] {dag.py:3954} INFO - Setting next_dagrun for example_xcom_args_with_operators to None, run_after=None
[2024-05-06T05:00:03.861+0000] {processor.py:183} INFO - Processing /home/airflow/.local/lib/python3.12/site-packages/airflow/example_dags/example_xcomargs.py took 0.090 seconds
[2024-05-06T05:00:33.955+0000] {processor.py:161} INFO - Started process (PID=5729) to work on /home/airflow/.local/lib/python3.12/site-packages/airflow/example_dags/example_xcomargs.py
[2024-05-06T05:00:33.956+0000] {processor.py:830} INFO - Processing file /home/airflow/.local/lib/python3.12/site-packages/airflow/example_dags/example_xcomargs.py for tasks to queue
[2024-05-06T05:00:33.958+0000] {logging_mixin.py:188} INFO - [2024-05-06T05:00:33.957+0000] {dagbag.py:540} INFO - Filling up the DagBag from /home/airflow/.local/lib/python3.12/site-packages/airflow/example_dags/example_xcomargs.py
[2024-05-06T05:00:33.967+0000] {processor.py:840} INFO - DAG(s) 'example_xcom_args', 'example_xcom_args_with_operators' retrieved from /home/airflow/.local/lib/python3.12/site-packages/airflow/example_dags/example_xcomargs.py
[2024-05-06T05:00:33.993+0000] {logging_mixin.py:188} INFO - [2024-05-06T05:00:33.993+0000] {dag.py:3096} INFO - Sync 2 DAGs
[2024-05-06T05:00:34.009+0000] {logging_mixin.py:188} INFO - [2024-05-06T05:00:34.009+0000] {dag.py:3954} INFO - Setting next_dagrun for example_xcom_args to None, run_after=None
[2024-05-06T05:00:34.014+0000] {logging_mixin.py:188} INFO - [2024-05-06T05:00:34.013+0000] {dag.py:3954} INFO - Setting next_dagrun for example_xcom_args_with_operators to None, run_after=None
[2024-05-06T05:00:34.041+0000] {processor.py:183} INFO - Processing /home/airflow/.local/lib/python3.12/site-packages/airflow/example_dags/example_xcomargs.py took 0.092 seconds
[2024-05-06T05:01:04.353+0000] {processor.py:161} INFO - Started process (PID=5996) to work on /home/airflow/.local/lib/python3.12/site-packages/airflow/example_dags/example_xcomargs.py
[2024-05-06T05:01:04.354+0000] {processor.py:830} INFO - Processing file /home/airflow/.local/lib/python3.12/site-packages/airflow/example_dags/example_xcomargs.py for tasks to queue
[2024-05-06T05:01:04.356+0000] {logging_mixin.py:188} INFO - [2024-05-06T05:01:04.355+0000] {dagbag.py:540} INFO - Filling up the DagBag from /home/airflow/.local/lib/python3.12/site-packages/airflow/example_dags/example_xcomargs.py
[2024-05-06T05:01:04.368+0000] {processor.py:840} INFO - DAG(s) 'example_xcom_args_with_operators', 'example_xcom_args' retrieved from /home/airflow/.local/lib/python3.12/site-packages/airflow/example_dags/example_xcomargs.py
[2024-05-06T05:01:04.394+0000] {logging_mixin.py:188} INFO - [2024-05-06T05:01:04.394+0000] {dag.py:3096} INFO - Sync 2 DAGs
[2024-05-06T05:01:04.411+0000] {logging_mixin.py:188} INFO - [2024-05-06T05:01:04.410+0000] {dag.py:3954} INFO - Setting next_dagrun for example_xcom_args to None, run_after=None
[2024-05-06T05:01:04.414+0000] {logging_mixin.py:188} INFO - [2024-05-06T05:01:04.414+0000] {dag.py:3954} INFO - Setting next_dagrun for example_xcom_args_with_operators to None, run_after=None
[2024-05-06T05:01:04.436+0000] {processor.py:183} INFO - Processing /home/airflow/.local/lib/python3.12/site-packages/airflow/example_dags/example_xcomargs.py took 0.090 seconds
[2024-05-06T05:01:35.299+0000] {processor.py:161} INFO - Started process (PID=6263) to work on /home/airflow/.local/lib/python3.12/site-packages/airflow/example_dags/example_xcomargs.py
[2024-05-06T05:01:35.300+0000] {processor.py:830} INFO - Processing file /home/airflow/.local/lib/python3.12/site-packages/airflow/example_dags/example_xcomargs.py for tasks to queue
[2024-05-06T05:01:35.301+0000] {logging_mixin.py:188} INFO - [2024-05-06T05:01:35.301+0000] {dagbag.py:540} INFO - Filling up the DagBag from /home/airflow/.local/lib/python3.12/site-packages/airflow/example_dags/example_xcomargs.py
[2024-05-06T05:01:35.311+0000] {processor.py:840} INFO - DAG(s) 'example_xcom_args_with_operators', 'example_xcom_args' retrieved from /home/airflow/.local/lib/python3.12/site-packages/airflow/example_dags/example_xcomargs.py
[2024-05-06T05:01:35.370+0000] {logging_mixin.py:188} INFO - [2024-05-06T05:01:35.370+0000] {dag.py:3096} INFO - Sync 2 DAGs
[2024-05-06T05:01:35.401+0000] {logging_mixin.py:188} INFO - [2024-05-06T05:01:35.400+0000] {dag.py:3954} INFO - Setting next_dagrun for example_xcom_args to None, run_after=None
[2024-05-06T05:01:35.407+0000] {logging_mixin.py:188} INFO - [2024-05-06T05:01:35.406+0000] {dag.py:3954} INFO - Setting next_dagrun for example_xcom_args_with_operators to None, run_after=None
[2024-05-06T05:01:35.443+0000] {processor.py:183} INFO - Processing /home/airflow/.local/lib/python3.12/site-packages/airflow/example_dags/example_xcomargs.py took 0.151 seconds
[2024-05-06T05:02:06.215+0000] {processor.py:161} INFO - Started process (PID=6531) to work on /home/airflow/.local/lib/python3.12/site-packages/airflow/example_dags/example_xcomargs.py
[2024-05-06T05:02:06.216+0000] {processor.py:830} INFO - Processing file /home/airflow/.local/lib/python3.12/site-packages/airflow/example_dags/example_xcomargs.py for tasks to queue
[2024-05-06T05:02:06.218+0000] {logging_mixin.py:188} INFO - [2024-05-06T05:02:06.218+0000] {dagbag.py:540} INFO - Filling up the DagBag from /home/airflow/.local/lib/python3.12/site-packages/airflow/example_dags/example_xcomargs.py
[2024-05-06T05:02:06.228+0000] {processor.py:840} INFO - DAG(s) 'example_xcom_args', 'example_xcom_args_with_operators' retrieved from /home/airflow/.local/lib/python3.12/site-packages/airflow/example_dags/example_xcomargs.py
[2024-05-06T05:02:06.255+0000] {logging_mixin.py:188} INFO - [2024-05-06T05:02:06.254+0000] {dag.py:3096} INFO - Sync 2 DAGs
[2024-05-06T05:02:06.271+0000] {logging_mixin.py:188} INFO - [2024-05-06T05:02:06.271+0000] {dag.py:3954} INFO - Setting next_dagrun for example_xcom_args to None, run_after=None
[2024-05-06T05:02:06.275+0000] {logging_mixin.py:188} INFO - [2024-05-06T05:02:06.275+0000] {dag.py:3954} INFO - Setting next_dagrun for example_xcom_args_with_operators to None, run_after=None
[2024-05-06T05:02:06.299+0000] {processor.py:183} INFO - Processing /home/airflow/.local/lib/python3.12/site-packages/airflow/example_dags/example_xcomargs.py took 0.090 seconds
[2024-05-06T05:02:36.594+0000] {processor.py:161} INFO - Started process (PID=6794) to work on /home/airflow/.local/lib/python3.12/site-packages/airflow/example_dags/example_xcomargs.py
[2024-05-06T05:02:36.595+0000] {processor.py:830} INFO - Processing file /home/airflow/.local/lib/python3.12/site-packages/airflow/example_dags/example_xcomargs.py for tasks to queue
[2024-05-06T05:02:36.597+0000] {logging_mixin.py:188} INFO - [2024-05-06T05:02:36.597+0000] {dagbag.py:540} INFO - Filling up the DagBag from /home/airflow/.local/lib/python3.12/site-packages/airflow/example_dags/example_xcomargs.py
[2024-05-06T05:02:36.607+0000] {processor.py:840} INFO - DAG(s) 'example_xcom_args_with_operators', 'example_xcom_args' retrieved from /home/airflow/.local/lib/python3.12/site-packages/airflow/example_dags/example_xcomargs.py
[2024-05-06T05:02:36.632+0000] {logging_mixin.py:188} INFO - [2024-05-06T05:02:36.631+0000] {dag.py:3096} INFO - Sync 2 DAGs
[2024-05-06T05:02:36.648+0000] {logging_mixin.py:188} INFO - [2024-05-06T05:02:36.648+0000] {dag.py:3954} INFO - Setting next_dagrun for example_xcom_args to None, run_after=None
[2024-05-06T05:02:36.652+0000] {logging_mixin.py:188} INFO - [2024-05-06T05:02:36.652+0000] {dag.py:3954} INFO - Setting next_dagrun for example_xcom_args_with_operators to None, run_after=None
[2024-05-06T05:02:36.675+0000] {processor.py:183} INFO - Processing /home/airflow/.local/lib/python3.12/site-packages/airflow/example_dags/example_xcomargs.py took 0.088 seconds
[2024-05-06T05:03:07.227+0000] {processor.py:161} INFO - Started process (PID=7069) to work on /home/airflow/.local/lib/python3.12/site-packages/airflow/example_dags/example_xcomargs.py
[2024-05-06T05:03:07.228+0000] {processor.py:830} INFO - Processing file /home/airflow/.local/lib/python3.12/site-packages/airflow/example_dags/example_xcomargs.py for tasks to queue
[2024-05-06T05:03:07.230+0000] {logging_mixin.py:188} INFO - [2024-05-06T05:03:07.229+0000] {dagbag.py:540} INFO - Filling up the DagBag from /home/airflow/.local/lib/python3.12/site-packages/airflow/example_dags/example_xcomargs.py
[2024-05-06T05:03:07.239+0000] {processor.py:840} INFO - DAG(s) 'example_xcom_args', 'example_xcom_args_with_operators' retrieved from /home/airflow/.local/lib/python3.12/site-packages/airflow/example_dags/example_xcomargs.py
[2024-05-06T05:03:07.267+0000] {logging_mixin.py:188} INFO - [2024-05-06T05:03:07.267+0000] {dag.py:3096} INFO - Sync 2 DAGs
[2024-05-06T05:03:07.284+0000] {logging_mixin.py:188} INFO - [2024-05-06T05:03:07.284+0000] {dag.py:3954} INFO - Setting next_dagrun for example_xcom_args to None, run_after=None
[2024-05-06T05:03:07.288+0000] {logging_mixin.py:188} INFO - [2024-05-06T05:03:07.288+0000] {dag.py:3954} INFO - Setting next_dagrun for example_xcom_args_with_operators to None, run_after=None
[2024-05-06T05:03:07.309+0000] {processor.py:183} INFO - Processing /home/airflow/.local/lib/python3.12/site-packages/airflow/example_dags/example_xcomargs.py took 0.089 seconds
[2024-05-06T05:03:38.075+0000] {processor.py:161} INFO - Started process (PID=7336) to work on /home/airflow/.local/lib/python3.12/site-packages/airflow/example_dags/example_xcomargs.py
[2024-05-06T05:03:38.076+0000] {processor.py:830} INFO - Processing file /home/airflow/.local/lib/python3.12/site-packages/airflow/example_dags/example_xcomargs.py for tasks to queue
[2024-05-06T05:03:38.078+0000] {logging_mixin.py:188} INFO - [2024-05-06T05:03:38.078+0000] {dagbag.py:540} INFO - Filling up the DagBag from /home/airflow/.local/lib/python3.12/site-packages/airflow/example_dags/example_xcomargs.py
[2024-05-06T05:03:38.087+0000] {processor.py:840} INFO - DAG(s) 'example_xcom_args_with_operators', 'example_xcom_args' retrieved from /home/airflow/.local/lib/python3.12/site-packages/airflow/example_dags/example_xcomargs.py
[2024-05-06T05:03:38.117+0000] {logging_mixin.py:188} INFO - [2024-05-06T05:03:38.117+0000] {dag.py:3096} INFO - Sync 2 DAGs
[2024-05-06T05:03:38.133+0000] {logging_mixin.py:188} INFO - [2024-05-06T05:03:38.133+0000] {dag.py:3954} INFO - Setting next_dagrun for example_xcom_args to None, run_after=None
[2024-05-06T05:03:38.138+0000] {logging_mixin.py:188} INFO - [2024-05-06T05:03:38.137+0000] {dag.py:3954} INFO - Setting next_dagrun for example_xcom_args_with_operators to None, run_after=None
[2024-05-06T05:03:38.159+0000] {processor.py:183} INFO - Processing /home/airflow/.local/lib/python3.12/site-packages/airflow/example_dags/example_xcomargs.py took 0.090 seconds
[2024-05-06T05:04:08.421+0000] {processor.py:161} INFO - Started process (PID=7601) to work on /home/airflow/.local/lib/python3.12/site-packages/airflow/example_dags/example_xcomargs.py
[2024-05-06T05:04:08.421+0000] {processor.py:830} INFO - Processing file /home/airflow/.local/lib/python3.12/site-packages/airflow/example_dags/example_xcomargs.py for tasks to queue
[2024-05-06T05:04:08.426+0000] {logging_mixin.py:188} INFO - [2024-05-06T05:04:08.426+0000] {dagbag.py:540} INFO - Filling up the DagBag from /home/airflow/.local/lib/python3.12/site-packages/airflow/example_dags/example_xcomargs.py
[2024-05-06T05:04:08.436+0000] {processor.py:840} INFO - DAG(s) 'example_xcom_args', 'example_xcom_args_with_operators' retrieved from /home/airflow/.local/lib/python3.12/site-packages/airflow/example_dags/example_xcomargs.py
[2024-05-06T05:04:08.462+0000] {logging_mixin.py:188} INFO - [2024-05-06T05:04:08.462+0000] {dag.py:3096} INFO - Sync 2 DAGs
[2024-05-06T05:04:08.823+0000] {logging_mixin.py:188} INFO - [2024-05-06T05:04:08.823+0000] {dag.py:3954} INFO - Setting next_dagrun for example_xcom_args to None, run_after=None
[2024-05-06T05:04:08.827+0000] {logging_mixin.py:188} INFO - [2024-05-06T05:04:08.827+0000] {dag.py:3954} INFO - Setting next_dagrun for example_xcom_args_with_operators to None, run_after=None
[2024-05-06T05:04:08.859+0000] {processor.py:183} INFO - Processing /home/airflow/.local/lib/python3.12/site-packages/airflow/example_dags/example_xcomargs.py took 0.445 seconds
[2024-05-06T05:04:39.578+0000] {processor.py:161} INFO - Started process (PID=7866) to work on /home/airflow/.local/lib/python3.12/site-packages/airflow/example_dags/example_xcomargs.py
[2024-05-06T05:04:39.584+0000] {processor.py:830} INFO - Processing file /home/airflow/.local/lib/python3.12/site-packages/airflow/example_dags/example_xcomargs.py for tasks to queue
[2024-05-06T05:04:39.587+0000] {logging_mixin.py:188} INFO - [2024-05-06T05:04:39.586+0000] {dagbag.py:540} INFO - Filling up the DagBag from /home/airflow/.local/lib/python3.12/site-packages/airflow/example_dags/example_xcomargs.py
[2024-05-06T05:04:39.601+0000] {processor.py:840} INFO - DAG(s) 'example_xcom_args', 'example_xcom_args_with_operators' retrieved from /home/airflow/.local/lib/python3.12/site-packages/airflow/example_dags/example_xcomargs.py
[2024-05-06T05:04:39.643+0000] {logging_mixin.py:188} INFO - [2024-05-06T05:04:39.643+0000] {dag.py:3096} INFO - Sync 2 DAGs
[2024-05-06T05:04:39.660+0000] {logging_mixin.py:188} INFO - [2024-05-06T05:04:39.660+0000] {dag.py:3954} INFO - Setting next_dagrun for example_xcom_args to None, run_after=None
[2024-05-06T05:04:39.665+0000] {logging_mixin.py:188} INFO - [2024-05-06T05:04:39.664+0000] {dag.py:3954} INFO - Setting next_dagrun for example_xcom_args_with_operators to None, run_after=None
[2024-05-06T05:04:39.686+0000] {processor.py:183} INFO - Processing /home/airflow/.local/lib/python3.12/site-packages/airflow/example_dags/example_xcomargs.py took 0.117 seconds
[2024-05-06T05:05:10.716+0000] {processor.py:161} INFO - Started process (PID=8140) to work on /home/airflow/.local/lib/python3.12/site-packages/airflow/example_dags/example_xcomargs.py
[2024-05-06T05:05:10.717+0000] {processor.py:830} INFO - Processing file /home/airflow/.local/lib/python3.12/site-packages/airflow/example_dags/example_xcomargs.py for tasks to queue
[2024-05-06T05:05:10.719+0000] {logging_mixin.py:188} INFO - [2024-05-06T05:05:10.718+0000] {dagbag.py:540} INFO - Filling up the DagBag from /home/airflow/.local/lib/python3.12/site-packages/airflow/example_dags/example_xcomargs.py
[2024-05-06T05:05:10.729+0000] {processor.py:840} INFO - DAG(s) 'example_xcom_args_with_operators', 'example_xcom_args' retrieved from /home/airflow/.local/lib/python3.12/site-packages/airflow/example_dags/example_xcomargs.py
[2024-05-06T05:05:10.767+0000] {logging_mixin.py:188} INFO - [2024-05-06T05:05:10.766+0000] {dag.py:3096} INFO - Sync 2 DAGs
[2024-05-06T05:05:10.789+0000] {logging_mixin.py:188} INFO - [2024-05-06T05:05:10.789+0000] {dag.py:3954} INFO - Setting next_dagrun for example_xcom_args to None, run_after=None
[2024-05-06T05:05:10.792+0000] {logging_mixin.py:188} INFO - [2024-05-06T05:05:10.792+0000] {dag.py:3954} INFO - Setting next_dagrun for example_xcom_args_with_operators to None, run_after=None
[2024-05-06T05:05:10.820+0000] {processor.py:183} INFO - Processing /home/airflow/.local/lib/python3.12/site-packages/airflow/example_dags/example_xcomargs.py took 0.110 seconds
[2024-05-06T05:05:40.865+0000] {processor.py:161} INFO - Started process (PID=8409) to work on /home/airflow/.local/lib/python3.12/site-packages/airflow/example_dags/example_xcomargs.py
[2024-05-06T05:05:40.866+0000] {processor.py:830} INFO - Processing file /home/airflow/.local/lib/python3.12/site-packages/airflow/example_dags/example_xcomargs.py for tasks to queue
[2024-05-06T05:05:40.867+0000] {logging_mixin.py:188} INFO - [2024-05-06T05:05:40.867+0000] {dagbag.py:540} INFO - Filling up the DagBag from /home/airflow/.local/lib/python3.12/site-packages/airflow/example_dags/example_xcomargs.py
[2024-05-06T05:05:40.877+0000] {processor.py:840} INFO - DAG(s) 'example_xcom_args_with_operators', 'example_xcom_args' retrieved from /home/airflow/.local/lib/python3.12/site-packages/airflow/example_dags/example_xcomargs.py
[2024-05-06T05:05:40.944+0000] {logging_mixin.py:188} INFO - [2024-05-06T05:05:40.944+0000] {dag.py:3096} INFO - Sync 2 DAGs
[2024-05-06T05:05:40.972+0000] {logging_mixin.py:188} INFO - [2024-05-06T05:05:40.971+0000] {dag.py:3954} INFO - Setting next_dagrun for example_xcom_args to None, run_after=None
[2024-05-06T05:05:40.981+0000] {logging_mixin.py:188} INFO - [2024-05-06T05:05:40.981+0000] {dag.py:3954} INFO - Setting next_dagrun for example_xcom_args_with_operators to None, run_after=None
[2024-05-06T05:05:41.016+0000] {processor.py:183} INFO - Processing /home/airflow/.local/lib/python3.12/site-packages/airflow/example_dags/example_xcomargs.py took 0.159 seconds
[2024-05-06T05:06:11.187+0000] {processor.py:161} INFO - Started process (PID=8686) to work on /home/airflow/.local/lib/python3.12/site-packages/airflow/example_dags/example_xcomargs.py
[2024-05-06T05:06:11.188+0000] {processor.py:830} INFO - Processing file /home/airflow/.local/lib/python3.12/site-packages/airflow/example_dags/example_xcomargs.py for tasks to queue
[2024-05-06T05:06:11.193+0000] {logging_mixin.py:188} INFO - [2024-05-06T05:06:11.193+0000] {dagbag.py:540} INFO - Filling up the DagBag from /home/airflow/.local/lib/python3.12/site-packages/airflow/example_dags/example_xcomargs.py
[2024-05-06T05:06:11.202+0000] {processor.py:840} INFO - DAG(s) 'example_xcom_args_with_operators', 'example_xcom_args' retrieved from /home/airflow/.local/lib/python3.12/site-packages/airflow/example_dags/example_xcomargs.py
[2024-05-06T05:06:11.231+0000] {logging_mixin.py:188} INFO - [2024-05-06T05:06:11.230+0000] {dag.py:3096} INFO - Sync 2 DAGs
[2024-05-06T05:06:11.247+0000] {logging_mixin.py:188} INFO - [2024-05-06T05:06:11.247+0000] {dag.py:3954} INFO - Setting next_dagrun for example_xcom_args to None, run_after=None
[2024-05-06T05:06:11.252+0000] {logging_mixin.py:188} INFO - [2024-05-06T05:06:11.251+0000] {dag.py:3954} INFO - Setting next_dagrun for example_xcom_args_with_operators to None, run_after=None
[2024-05-06T05:06:11.272+0000] {processor.py:183} INFO - Processing /home/airflow/.local/lib/python3.12/site-packages/airflow/example_dags/example_xcomargs.py took 0.091 seconds
[2024-05-06T05:06:41.443+0000] {processor.py:161} INFO - Started process (PID=8958) to work on /home/airflow/.local/lib/python3.12/site-packages/airflow/example_dags/example_xcomargs.py
[2024-05-06T05:06:41.450+0000] {processor.py:830} INFO - Processing file /home/airflow/.local/lib/python3.12/site-packages/airflow/example_dags/example_xcomargs.py for tasks to queue
[2024-05-06T05:06:41.454+0000] {logging_mixin.py:188} INFO - [2024-05-06T05:06:41.454+0000] {dagbag.py:540} INFO - Filling up the DagBag from /home/airflow/.local/lib/python3.12/site-packages/airflow/example_dags/example_xcomargs.py
[2024-05-06T05:06:41.473+0000] {processor.py:840} INFO - DAG(s) 'example_xcom_args_with_operators', 'example_xcom_args' retrieved from /home/airflow/.local/lib/python3.12/site-packages/airflow/example_dags/example_xcomargs.py
[2024-05-06T05:06:41.510+0000] {logging_mixin.py:188} INFO - [2024-05-06T05:06:41.505+0000] {dag.py:3096} INFO - Sync 2 DAGs
[2024-05-06T05:06:41.533+0000] {logging_mixin.py:188} INFO - [2024-05-06T05:06:41.533+0000] {dag.py:3954} INFO - Setting next_dagrun for example_xcom_args to None, run_after=None
[2024-05-06T05:06:41.540+0000] {logging_mixin.py:188} INFO - [2024-05-06T05:06:41.539+0000] {dag.py:3954} INFO - Setting next_dagrun for example_xcom_args_with_operators to None, run_after=None
[2024-05-06T05:06:41.572+0000] {processor.py:183} INFO - Processing /home/airflow/.local/lib/python3.12/site-packages/airflow/example_dags/example_xcomargs.py took 0.137 seconds
[2024-05-06T05:07:12.282+0000] {processor.py:161} INFO - Started process (PID=9228) to work on /home/airflow/.local/lib/python3.12/site-packages/airflow/example_dags/example_xcomargs.py
[2024-05-06T05:07:12.283+0000] {processor.py:830} INFO - Processing file /home/airflow/.local/lib/python3.12/site-packages/airflow/example_dags/example_xcomargs.py for tasks to queue
[2024-05-06T05:07:12.285+0000] {logging_mixin.py:188} INFO - [2024-05-06T05:07:12.284+0000] {dagbag.py:540} INFO - Filling up the DagBag from /home/airflow/.local/lib/python3.12/site-packages/airflow/example_dags/example_xcomargs.py
[2024-05-06T05:07:12.298+0000] {processor.py:840} INFO - DAG(s) 'example_xcom_args', 'example_xcom_args_with_operators' retrieved from /home/airflow/.local/lib/python3.12/site-packages/airflow/example_dags/example_xcomargs.py
[2024-05-06T05:07:12.334+0000] {logging_mixin.py:188} INFO - [2024-05-06T05:07:12.334+0000] {dag.py:3096} INFO - Sync 2 DAGs
[2024-05-06T05:07:12.369+0000] {logging_mixin.py:188} INFO - [2024-05-06T05:07:12.369+0000] {dag.py:3954} INFO - Setting next_dagrun for example_xcom_args to None, run_after=None
[2024-05-06T05:07:12.374+0000] {logging_mixin.py:188} INFO - [2024-05-06T05:07:12.374+0000] {dag.py:3954} INFO - Setting next_dagrun for example_xcom_args_with_operators to None, run_after=None
[2024-05-06T05:07:12.405+0000] {processor.py:183} INFO - Processing /home/airflow/.local/lib/python3.12/site-packages/airflow/example_dags/example_xcomargs.py took 0.131 seconds
[2024-05-06T05:07:43.093+0000] {processor.py:161} INFO - Started process (PID=9502) to work on /home/airflow/.local/lib/python3.12/site-packages/airflow/example_dags/example_xcomargs.py
[2024-05-06T05:07:43.094+0000] {processor.py:830} INFO - Processing file /home/airflow/.local/lib/python3.12/site-packages/airflow/example_dags/example_xcomargs.py for tasks to queue
[2024-05-06T05:07:43.096+0000] {logging_mixin.py:188} INFO - [2024-05-06T05:07:43.096+0000] {dagbag.py:540} INFO - Filling up the DagBag from /home/airflow/.local/lib/python3.12/site-packages/airflow/example_dags/example_xcomargs.py
[2024-05-06T05:07:43.107+0000] {processor.py:840} INFO - DAG(s) 'example_xcom_args_with_operators', 'example_xcom_args' retrieved from /home/airflow/.local/lib/python3.12/site-packages/airflow/example_dags/example_xcomargs.py
[2024-05-06T05:07:43.136+0000] {logging_mixin.py:188} INFO - [2024-05-06T05:07:43.136+0000] {dag.py:3096} INFO - Sync 2 DAGs
[2024-05-06T05:07:43.153+0000] {logging_mixin.py:188} INFO - [2024-05-06T05:07:43.153+0000] {dag.py:3954} INFO - Setting next_dagrun for example_xcom_args to None, run_after=None
[2024-05-06T05:07:43.158+0000] {logging_mixin.py:188} INFO - [2024-05-06T05:07:43.157+0000] {dag.py:3954} INFO - Setting next_dagrun for example_xcom_args_with_operators to None, run_after=None
[2024-05-06T05:07:43.182+0000] {processor.py:183} INFO - Processing /home/airflow/.local/lib/python3.12/site-packages/airflow/example_dags/example_xcomargs.py took 0.096 seconds
[2024-05-06T05:08:13.697+0000] {processor.py:161} INFO - Started process (PID=9775) to work on /home/airflow/.local/lib/python3.12/site-packages/airflow/example_dags/example_xcomargs.py
[2024-05-06T05:08:13.698+0000] {processor.py:830} INFO - Processing file /home/airflow/.local/lib/python3.12/site-packages/airflow/example_dags/example_xcomargs.py for tasks to queue
[2024-05-06T05:08:13.700+0000] {logging_mixin.py:188} INFO - [2024-05-06T05:08:13.699+0000] {dagbag.py:540} INFO - Filling up the DagBag from /home/airflow/.local/lib/python3.12/site-packages/airflow/example_dags/example_xcomargs.py
[2024-05-06T05:08:13.709+0000] {processor.py:840} INFO - DAG(s) 'example_xcom_args_with_operators', 'example_xcom_args' retrieved from /home/airflow/.local/lib/python3.12/site-packages/airflow/example_dags/example_xcomargs.py
[2024-05-06T05:08:13.737+0000] {logging_mixin.py:188} INFO - [2024-05-06T05:08:13.737+0000] {dag.py:3096} INFO - Sync 2 DAGs
[2024-05-06T05:08:13.813+0000] {logging_mixin.py:188} INFO - [2024-05-06T05:08:13.813+0000] {dag.py:3954} INFO - Setting next_dagrun for example_xcom_args to None, run_after=None
[2024-05-06T05:08:13.818+0000] {logging_mixin.py:188} INFO - [2024-05-06T05:08:13.818+0000] {dag.py:3954} INFO - Setting next_dagrun for example_xcom_args_with_operators to None, run_after=None
[2024-05-06T05:08:13.840+0000] {processor.py:183} INFO - Processing /home/airflow/.local/lib/python3.12/site-packages/airflow/example_dags/example_xcomargs.py took 0.155 seconds
[2024-05-06T05:08:44.392+0000] {processor.py:161} INFO - Started process (PID=10049) to work on /home/airflow/.local/lib/python3.12/site-packages/airflow/example_dags/example_xcomargs.py
[2024-05-06T05:08:44.392+0000] {processor.py:830} INFO - Processing file /home/airflow/.local/lib/python3.12/site-packages/airflow/example_dags/example_xcomargs.py for tasks to queue
[2024-05-06T05:08:44.394+0000] {logging_mixin.py:188} INFO - [2024-05-06T05:08:44.394+0000] {dagbag.py:540} INFO - Filling up the DagBag from /home/airflow/.local/lib/python3.12/site-packages/airflow/example_dags/example_xcomargs.py
[2024-05-06T05:08:44.400+0000] {processor.py:840} INFO - DAG(s) 'example_xcom_args_with_operators', 'example_xcom_args' retrieved from /home/airflow/.local/lib/python3.12/site-packages/airflow/example_dags/example_xcomargs.py
[2024-05-06T05:08:44.420+0000] {logging_mixin.py:188} INFO - [2024-05-06T05:08:44.419+0000] {dag.py:3096} INFO - Sync 2 DAGs
[2024-05-06T05:08:44.431+0000] {logging_mixin.py:188} INFO - [2024-05-06T05:08:44.431+0000] {dag.py:3954} INFO - Setting next_dagrun for example_xcom_args to None, run_after=None
[2024-05-06T05:08:44.434+0000] {logging_mixin.py:188} INFO - [2024-05-06T05:08:44.434+0000] {dag.py:3954} INFO - Setting next_dagrun for example_xcom_args_with_operators to None, run_after=None
[2024-05-06T05:08:44.455+0000] {processor.py:183} INFO - Processing /home/airflow/.local/lib/python3.12/site-packages/airflow/example_dags/example_xcomargs.py took 0.068 seconds
[2024-05-06T05:09:14.650+0000] {processor.py:161} INFO - Started process (PID=10321) to work on /home/airflow/.local/lib/python3.12/site-packages/airflow/example_dags/example_xcomargs.py
[2024-05-06T05:09:14.651+0000] {processor.py:830} INFO - Processing file /home/airflow/.local/lib/python3.12/site-packages/airflow/example_dags/example_xcomargs.py for tasks to queue
[2024-05-06T05:09:14.652+0000] {logging_mixin.py:188} INFO - [2024-05-06T05:09:14.652+0000] {dagbag.py:540} INFO - Filling up the DagBag from /home/airflow/.local/lib/python3.12/site-packages/airflow/example_dags/example_xcomargs.py
[2024-05-06T05:09:14.658+0000] {processor.py:840} INFO - DAG(s) 'example_xcom_args_with_operators', 'example_xcom_args' retrieved from /home/airflow/.local/lib/python3.12/site-packages/airflow/example_dags/example_xcomargs.py
[2024-05-06T05:09:14.677+0000] {logging_mixin.py:188} INFO - [2024-05-06T05:09:14.677+0000] {dag.py:3096} INFO - Sync 2 DAGs
[2024-05-06T05:09:14.688+0000] {logging_mixin.py:188} INFO - [2024-05-06T05:09:14.688+0000] {dag.py:3954} INFO - Setting next_dagrun for example_xcom_args to None, run_after=None
[2024-05-06T05:09:14.691+0000] {logging_mixin.py:188} INFO - [2024-05-06T05:09:14.691+0000] {dag.py:3954} INFO - Setting next_dagrun for example_xcom_args_with_operators to None, run_after=None
[2024-05-06T05:09:14.711+0000] {processor.py:183} INFO - Processing /home/airflow/.local/lib/python3.12/site-packages/airflow/example_dags/example_xcomargs.py took 0.066 seconds
[2024-05-06T05:09:45.207+0000] {processor.py:161} INFO - Started process (PID=10591) to work on /home/airflow/.local/lib/python3.12/site-packages/airflow/example_dags/example_xcomargs.py
[2024-05-06T05:09:45.208+0000] {processor.py:830} INFO - Processing file /home/airflow/.local/lib/python3.12/site-packages/airflow/example_dags/example_xcomargs.py for tasks to queue
[2024-05-06T05:09:45.210+0000] {logging_mixin.py:188} INFO - [2024-05-06T05:09:45.210+0000] {dagbag.py:540} INFO - Filling up the DagBag from /home/airflow/.local/lib/python3.12/site-packages/airflow/example_dags/example_xcomargs.py
[2024-05-06T05:09:45.220+0000] {processor.py:840} INFO - DAG(s) 'example_xcom_args', 'example_xcom_args_with_operators' retrieved from /home/airflow/.local/lib/python3.12/site-packages/airflow/example_dags/example_xcomargs.py
[2024-05-06T05:09:45.247+0000] {logging_mixin.py:188} INFO - [2024-05-06T05:09:45.246+0000] {dag.py:3096} INFO - Sync 2 DAGs
[2024-05-06T05:09:45.283+0000] {logging_mixin.py:188} INFO - [2024-05-06T05:09:45.283+0000] {dag.py:3954} INFO - Setting next_dagrun for example_xcom_args to None, run_after=None
[2024-05-06T05:09:45.293+0000] {logging_mixin.py:188} INFO - [2024-05-06T05:09:45.293+0000] {dag.py:3954} INFO - Setting next_dagrun for example_xcom_args_with_operators to None, run_after=None
[2024-05-06T05:09:45.371+0000] {processor.py:183} INFO - Processing /home/airflow/.local/lib/python3.12/site-packages/airflow/example_dags/example_xcomargs.py took 0.170 seconds
[2024-05-06T05:10:16.253+0000] {processor.py:161} INFO - Started process (PID=10864) to work on /home/airflow/.local/lib/python3.12/site-packages/airflow/example_dags/example_xcomargs.py
[2024-05-06T05:10:16.254+0000] {processor.py:830} INFO - Processing file /home/airflow/.local/lib/python3.12/site-packages/airflow/example_dags/example_xcomargs.py for tasks to queue
[2024-05-06T05:10:16.256+0000] {logging_mixin.py:188} INFO - [2024-05-06T05:10:16.256+0000] {dagbag.py:540} INFO - Filling up the DagBag from /home/airflow/.local/lib/python3.12/site-packages/airflow/example_dags/example_xcomargs.py
[2024-05-06T05:10:16.266+0000] {processor.py:840} INFO - DAG(s) 'example_xcom_args_with_operators', 'example_xcom_args' retrieved from /home/airflow/.local/lib/python3.12/site-packages/airflow/example_dags/example_xcomargs.py
[2024-05-06T05:10:16.299+0000] {logging_mixin.py:188} INFO - [2024-05-06T05:10:16.299+0000] {dag.py:3096} INFO - Sync 2 DAGs
[2024-05-06T05:10:16.317+0000] {logging_mixin.py:188} INFO - [2024-05-06T05:10:16.316+0000] {dag.py:3954} INFO - Setting next_dagrun for example_xcom_args to None, run_after=None
[2024-05-06T05:10:16.321+0000] {logging_mixin.py:188} INFO - [2024-05-06T05:10:16.321+0000] {dag.py:3954} INFO - Setting next_dagrun for example_xcom_args_with_operators to None, run_after=None
[2024-05-06T05:10:16.346+0000] {processor.py:183} INFO - Processing /home/airflow/.local/lib/python3.12/site-packages/airflow/example_dags/example_xcomargs.py took 0.099 seconds
[2024-05-06T05:10:47.241+0000] {processor.py:161} INFO - Started process (PID=11137) to work on /home/airflow/.local/lib/python3.12/site-packages/airflow/example_dags/example_xcomargs.py
[2024-05-06T05:10:47.242+0000] {processor.py:830} INFO - Processing file /home/airflow/.local/lib/python3.12/site-packages/airflow/example_dags/example_xcomargs.py for tasks to queue
[2024-05-06T05:10:47.244+0000] {logging_mixin.py:188} INFO - [2024-05-06T05:10:47.244+0000] {dagbag.py:540} INFO - Filling up the DagBag from /home/airflow/.local/lib/python3.12/site-packages/airflow/example_dags/example_xcomargs.py
[2024-05-06T05:10:47.253+0000] {processor.py:840} INFO - DAG(s) 'example_xcom_args_with_operators', 'example_xcom_args' retrieved from /home/airflow/.local/lib/python3.12/site-packages/airflow/example_dags/example_xcomargs.py
[2024-05-06T05:10:47.281+0000] {logging_mixin.py:188} INFO - [2024-05-06T05:10:47.281+0000] {dag.py:3096} INFO - Sync 2 DAGs
[2024-05-06T05:10:47.298+0000] {logging_mixin.py:188} INFO - [2024-05-06T05:10:47.298+0000] {dag.py:3954} INFO - Setting next_dagrun for example_xcom_args to None, run_after=None
[2024-05-06T05:10:47.303+0000] {logging_mixin.py:188} INFO - [2024-05-06T05:10:47.302+0000] {dag.py:3954} INFO - Setting next_dagrun for example_xcom_args_with_operators to None, run_after=None
[2024-05-06T05:10:47.324+0000] {processor.py:183} INFO - Processing /home/airflow/.local/lib/python3.12/site-packages/airflow/example_dags/example_xcomargs.py took 0.090 seconds
[2024-05-06T05:11:17.471+0000] {processor.py:161} INFO - Started process (PID=11407) to work on /home/airflow/.local/lib/python3.12/site-packages/airflow/example_dags/example_xcomargs.py
[2024-05-06T05:11:17.471+0000] {processor.py:830} INFO - Processing file /home/airflow/.local/lib/python3.12/site-packages/airflow/example_dags/example_xcomargs.py for tasks to queue
[2024-05-06T05:11:17.473+0000] {logging_mixin.py:188} INFO - [2024-05-06T05:11:17.473+0000] {dagbag.py:540} INFO - Filling up the DagBag from /home/airflow/.local/lib/python3.12/site-packages/airflow/example_dags/example_xcomargs.py
[2024-05-06T05:11:17.483+0000] {processor.py:840} INFO - DAG(s) 'example_xcom_args', 'example_xcom_args_with_operators' retrieved from /home/airflow/.local/lib/python3.12/site-packages/airflow/example_dags/example_xcomargs.py
[2024-05-06T05:11:17.510+0000] {logging_mixin.py:188} INFO - [2024-05-06T05:11:17.510+0000] {dag.py:3096} INFO - Sync 2 DAGs
[2024-05-06T05:11:17.528+0000] {logging_mixin.py:188} INFO - [2024-05-06T05:11:17.527+0000] {dag.py:3954} INFO - Setting next_dagrun for example_xcom_args to None, run_after=None
[2024-05-06T05:11:17.532+0000] {logging_mixin.py:188} INFO - [2024-05-06T05:11:17.532+0000] {dag.py:3954} INFO - Setting next_dagrun for example_xcom_args_with_operators to None, run_after=None
[2024-05-06T05:11:17.574+0000] {processor.py:183} INFO - Processing /home/airflow/.local/lib/python3.12/site-packages/airflow/example_dags/example_xcomargs.py took 0.110 seconds
[2024-05-06T05:11:47.723+0000] {processor.py:161} INFO - Started process (PID=11680) to work on /home/airflow/.local/lib/python3.12/site-packages/airflow/example_dags/example_xcomargs.py
[2024-05-06T05:11:47.724+0000] {processor.py:830} INFO - Processing file /home/airflow/.local/lib/python3.12/site-packages/airflow/example_dags/example_xcomargs.py for tasks to queue
[2024-05-06T05:11:47.731+0000] {logging_mixin.py:188} INFO - [2024-05-06T05:11:47.730+0000] {dagbag.py:540} INFO - Filling up the DagBag from /home/airflow/.local/lib/python3.12/site-packages/airflow/example_dags/example_xcomargs.py
[2024-05-06T05:11:47.756+0000] {processor.py:840} INFO - DAG(s) 'example_xcom_args_with_operators', 'example_xcom_args' retrieved from /home/airflow/.local/lib/python3.12/site-packages/airflow/example_dags/example_xcomargs.py
[2024-05-06T05:11:47.810+0000] {logging_mixin.py:188} INFO - [2024-05-06T05:11:47.809+0000] {dag.py:3096} INFO - Sync 2 DAGs
[2024-05-06T05:11:47.833+0000] {logging_mixin.py:188} INFO - [2024-05-06T05:11:47.832+0000] {dag.py:3954} INFO - Setting next_dagrun for example_xcom_args to None, run_after=None
[2024-05-06T05:11:47.837+0000] {logging_mixin.py:188} INFO - [2024-05-06T05:11:47.837+0000] {dag.py:3954} INFO - Setting next_dagrun for example_xcom_args_with_operators to None, run_after=None
[2024-05-06T05:11:47.890+0000] {processor.py:183} INFO - Processing /home/airflow/.local/lib/python3.12/site-packages/airflow/example_dags/example_xcomargs.py took 0.173 seconds
[2024-05-06T05:12:18.716+0000] {processor.py:161} INFO - Started process (PID=11952) to work on /home/airflow/.local/lib/python3.12/site-packages/airflow/example_dags/example_xcomargs.py
[2024-05-06T05:12:18.717+0000] {processor.py:830} INFO - Processing file /home/airflow/.local/lib/python3.12/site-packages/airflow/example_dags/example_xcomargs.py for tasks to queue
[2024-05-06T05:12:18.721+0000] {logging_mixin.py:188} INFO - [2024-05-06T05:12:18.720+0000] {dagbag.py:540} INFO - Filling up the DagBag from /home/airflow/.local/lib/python3.12/site-packages/airflow/example_dags/example_xcomargs.py
[2024-05-06T05:12:18.742+0000] {processor.py:840} INFO - DAG(s) 'example_xcom_args', 'example_xcom_args_with_operators' retrieved from /home/airflow/.local/lib/python3.12/site-packages/airflow/example_dags/example_xcomargs.py
[2024-05-06T05:12:18.815+0000] {logging_mixin.py:188} INFO - [2024-05-06T05:12:18.813+0000] {dag.py:3096} INFO - Sync 2 DAGs
[2024-05-06T05:12:18.853+0000] {logging_mixin.py:188} INFO - [2024-05-06T05:12:18.853+0000] {dag.py:3954} INFO - Setting next_dagrun for example_xcom_args to None, run_after=None
[2024-05-06T05:12:18.875+0000] {logging_mixin.py:188} INFO - [2024-05-06T05:12:18.874+0000] {dag.py:3954} INFO - Setting next_dagrun for example_xcom_args_with_operators to None, run_after=None
[2024-05-06T05:12:18.935+0000] {processor.py:183} INFO - Processing /home/airflow/.local/lib/python3.12/site-packages/airflow/example_dags/example_xcomargs.py took 0.239 seconds
[2024-05-06T05:12:49.914+0000] {processor.py:161} INFO - Started process (PID=12224) to work on /home/airflow/.local/lib/python3.12/site-packages/airflow/example_dags/example_xcomargs.py
[2024-05-06T05:12:49.917+0000] {processor.py:830} INFO - Processing file /home/airflow/.local/lib/python3.12/site-packages/airflow/example_dags/example_xcomargs.py for tasks to queue
[2024-05-06T05:12:49.920+0000] {logging_mixin.py:188} INFO - [2024-05-06T05:12:49.920+0000] {dagbag.py:540} INFO - Filling up the DagBag from /home/airflow/.local/lib/python3.12/site-packages/airflow/example_dags/example_xcomargs.py
[2024-05-06T05:12:49.929+0000] {processor.py:840} INFO - DAG(s) 'example_xcom_args', 'example_xcom_args_with_operators' retrieved from /home/airflow/.local/lib/python3.12/site-packages/airflow/example_dags/example_xcomargs.py
[2024-05-06T05:12:49.957+0000] {logging_mixin.py:188} INFO - [2024-05-06T05:12:49.957+0000] {dag.py:3096} INFO - Sync 2 DAGs
[2024-05-06T05:12:49.973+0000] {logging_mixin.py:188} INFO - [2024-05-06T05:12:49.973+0000] {dag.py:3954} INFO - Setting next_dagrun for example_xcom_args to None, run_after=None
[2024-05-06T05:12:49.978+0000] {logging_mixin.py:188} INFO - [2024-05-06T05:12:49.978+0000] {dag.py:3954} INFO - Setting next_dagrun for example_xcom_args_with_operators to None, run_after=None
[2024-05-06T05:12:50.004+0000] {processor.py:183} INFO - Processing /home/airflow/.local/lib/python3.12/site-packages/airflow/example_dags/example_xcomargs.py took 0.098 seconds
[2024-05-06T05:13:20.546+0000] {processor.py:161} INFO - Started process (PID=12497) to work on /home/airflow/.local/lib/python3.12/site-packages/airflow/example_dags/example_xcomargs.py
[2024-05-06T05:13:20.548+0000] {processor.py:830} INFO - Processing file /home/airflow/.local/lib/python3.12/site-packages/airflow/example_dags/example_xcomargs.py for tasks to queue
[2024-05-06T05:13:20.551+0000] {logging_mixin.py:188} INFO - [2024-05-06T05:13:20.551+0000] {dagbag.py:540} INFO - Filling up the DagBag from /home/airflow/.local/lib/python3.12/site-packages/airflow/example_dags/example_xcomargs.py
[2024-05-06T05:13:20.578+0000] {processor.py:840} INFO - DAG(s) 'example_xcom_args_with_operators', 'example_xcom_args' retrieved from /home/airflow/.local/lib/python3.12/site-packages/airflow/example_dags/example_xcomargs.py
[2024-05-06T05:13:20.620+0000] {logging_mixin.py:188} INFO - [2024-05-06T05:13:20.620+0000] {dag.py:3096} INFO - Sync 2 DAGs
[2024-05-06T05:13:20.666+0000] {logging_mixin.py:188} INFO - [2024-05-06T05:13:20.666+0000] {dag.py:3954} INFO - Setting next_dagrun for example_xcom_args to None, run_after=None
[2024-05-06T05:13:20.672+0000] {logging_mixin.py:188} INFO - [2024-05-06T05:13:20.671+0000] {dag.py:3954} INFO - Setting next_dagrun for example_xcom_args_with_operators to None, run_after=None
[2024-05-06T05:13:20.704+0000] {processor.py:183} INFO - Processing /home/airflow/.local/lib/python3.12/site-packages/airflow/example_dags/example_xcomargs.py took 0.171 seconds
[2024-05-06T05:13:51.330+0000] {processor.py:161} INFO - Started process (PID=12770) to work on /home/airflow/.local/lib/python3.12/site-packages/airflow/example_dags/example_xcomargs.py
[2024-05-06T05:13:51.330+0000] {processor.py:830} INFO - Processing file /home/airflow/.local/lib/python3.12/site-packages/airflow/example_dags/example_xcomargs.py for tasks to queue
[2024-05-06T05:13:51.333+0000] {logging_mixin.py:188} INFO - [2024-05-06T05:13:51.333+0000] {dagbag.py:540} INFO - Filling up the DagBag from /home/airflow/.local/lib/python3.12/site-packages/airflow/example_dags/example_xcomargs.py
[2024-05-06T05:13:51.342+0000] {processor.py:840} INFO - DAG(s) 'example_xcom_args', 'example_xcom_args_with_operators' retrieved from /home/airflow/.local/lib/python3.12/site-packages/airflow/example_dags/example_xcomargs.py
[2024-05-06T05:13:51.371+0000] {logging_mixin.py:188} INFO - [2024-05-06T05:13:51.371+0000] {dag.py:3096} INFO - Sync 2 DAGs
[2024-05-06T05:13:51.385+0000] {logging_mixin.py:188} INFO - [2024-05-06T05:13:51.385+0000] {dag.py:3954} INFO - Setting next_dagrun for example_xcom_args to None, run_after=None
[2024-05-06T05:13:51.390+0000] {logging_mixin.py:188} INFO - [2024-05-06T05:13:51.390+0000] {dag.py:3954} INFO - Setting next_dagrun for example_xcom_args_with_operators to None, run_after=None
[2024-05-06T05:13:51.412+0000] {processor.py:183} INFO - Processing /home/airflow/.local/lib/python3.12/site-packages/airflow/example_dags/example_xcomargs.py took 0.089 seconds
[2024-05-06T05:14:22.106+0000] {processor.py:161} INFO - Started process (PID=13042) to work on /home/airflow/.local/lib/python3.12/site-packages/airflow/example_dags/example_xcomargs.py
[2024-05-06T05:14:22.107+0000] {processor.py:830} INFO - Processing file /home/airflow/.local/lib/python3.12/site-packages/airflow/example_dags/example_xcomargs.py for tasks to queue
[2024-05-06T05:14:22.110+0000] {logging_mixin.py:188} INFO - [2024-05-06T05:14:22.109+0000] {dagbag.py:540} INFO - Filling up the DagBag from /home/airflow/.local/lib/python3.12/site-packages/airflow/example_dags/example_xcomargs.py
[2024-05-06T05:14:22.119+0000] {processor.py:840} INFO - DAG(s) 'example_xcom_args_with_operators', 'example_xcom_args' retrieved from /home/airflow/.local/lib/python3.12/site-packages/airflow/example_dags/example_xcomargs.py
[2024-05-06T05:14:22.146+0000] {logging_mixin.py:188} INFO - [2024-05-06T05:14:22.146+0000] {dag.py:3096} INFO - Sync 2 DAGs
[2024-05-06T05:14:22.164+0000] {logging_mixin.py:188} INFO - [2024-05-06T05:14:22.164+0000] {dag.py:3954} INFO - Setting next_dagrun for example_xcom_args to None, run_after=None
[2024-05-06T05:14:22.168+0000] {logging_mixin.py:188} INFO - [2024-05-06T05:14:22.168+0000] {dag.py:3954} INFO - Setting next_dagrun for example_xcom_args_with_operators to None, run_after=None
[2024-05-06T05:14:22.191+0000] {processor.py:183} INFO - Processing /home/airflow/.local/lib/python3.12/site-packages/airflow/example_dags/example_xcomargs.py took 0.092 seconds
[2024-05-06T05:14:52.832+0000] {processor.py:161} INFO - Started process (PID=13315) to work on /home/airflow/.local/lib/python3.12/site-packages/airflow/example_dags/example_xcomargs.py
[2024-05-06T05:14:52.833+0000] {processor.py:830} INFO - Processing file /home/airflow/.local/lib/python3.12/site-packages/airflow/example_dags/example_xcomargs.py for tasks to queue
[2024-05-06T05:14:52.836+0000] {logging_mixin.py:188} INFO - [2024-05-06T05:14:52.836+0000] {dagbag.py:540} INFO - Filling up the DagBag from /home/airflow/.local/lib/python3.12/site-packages/airflow/example_dags/example_xcomargs.py
[2024-05-06T05:14:52.859+0000] {processor.py:840} INFO - DAG(s) 'example_xcom_args', 'example_xcom_args_with_operators' retrieved from /home/airflow/.local/lib/python3.12/site-packages/airflow/example_dags/example_xcomargs.py
[2024-05-06T05:14:52.931+0000] {logging_mixin.py:188} INFO - [2024-05-06T05:14:52.930+0000] {dag.py:3096} INFO - Sync 2 DAGs
[2024-05-06T05:14:52.947+0000] {logging_mixin.py:188} INFO - [2024-05-06T05:14:52.947+0000] {dag.py:3954} INFO - Setting next_dagrun for example_xcom_args to None, run_after=None
[2024-05-06T05:14:52.951+0000] {logging_mixin.py:188} INFO - [2024-05-06T05:14:52.951+0000] {dag.py:3954} INFO - Setting next_dagrun for example_xcom_args_with_operators to None, run_after=None
[2024-05-06T05:14:52.972+0000] {processor.py:183} INFO - Processing /home/airflow/.local/lib/python3.12/site-packages/airflow/example_dags/example_xcomargs.py took 0.146 seconds
[2024-05-06T05:15:23.638+0000] {processor.py:161} INFO - Started process (PID=13587) to work on /home/airflow/.local/lib/python3.12/site-packages/airflow/example_dags/example_xcomargs.py
[2024-05-06T05:15:23.639+0000] {processor.py:830} INFO - Processing file /home/airflow/.local/lib/python3.12/site-packages/airflow/example_dags/example_xcomargs.py for tasks to queue
[2024-05-06T05:15:23.641+0000] {logging_mixin.py:188} INFO - [2024-05-06T05:15:23.641+0000] {dagbag.py:540} INFO - Filling up the DagBag from /home/airflow/.local/lib/python3.12/site-packages/airflow/example_dags/example_xcomargs.py
[2024-05-06T05:15:23.651+0000] {processor.py:840} INFO - DAG(s) 'example_xcom_args', 'example_xcom_args_with_operators' retrieved from /home/airflow/.local/lib/python3.12/site-packages/airflow/example_dags/example_xcomargs.py
[2024-05-06T05:15:23.676+0000] {logging_mixin.py:188} INFO - [2024-05-06T05:15:23.675+0000] {dag.py:3096} INFO - Sync 2 DAGs
[2024-05-06T05:15:23.690+0000] {logging_mixin.py:188} INFO - [2024-05-06T05:15:23.690+0000] {dag.py:3954} INFO - Setting next_dagrun for example_xcom_args to None, run_after=None
[2024-05-06T05:15:23.695+0000] {logging_mixin.py:188} INFO - [2024-05-06T05:15:23.694+0000] {dag.py:3954} INFO - Setting next_dagrun for example_xcom_args_with_operators to None, run_after=None
[2024-05-06T05:15:23.718+0000] {processor.py:183} INFO - Processing /home/airflow/.local/lib/python3.12/site-packages/airflow/example_dags/example_xcomargs.py took 0.088 seconds
[2024-05-06T05:15:54.243+0000] {processor.py:161} INFO - Started process (PID=13860) to work on /home/airflow/.local/lib/python3.12/site-packages/airflow/example_dags/example_xcomargs.py
[2024-05-06T05:15:54.244+0000] {processor.py:830} INFO - Processing file /home/airflow/.local/lib/python3.12/site-packages/airflow/example_dags/example_xcomargs.py for tasks to queue
[2024-05-06T05:15:54.247+0000] {logging_mixin.py:188} INFO - [2024-05-06T05:15:54.247+0000] {dagbag.py:540} INFO - Filling up the DagBag from /home/airflow/.local/lib/python3.12/site-packages/airflow/example_dags/example_xcomargs.py
[2024-05-06T05:15:54.256+0000] {processor.py:840} INFO - DAG(s) 'example_xcom_args_with_operators', 'example_xcom_args' retrieved from /home/airflow/.local/lib/python3.12/site-packages/airflow/example_dags/example_xcomargs.py
[2024-05-06T05:15:54.338+0000] {logging_mixin.py:188} INFO - [2024-05-06T05:15:54.338+0000] {dag.py:3096} INFO - Sync 2 DAGs
[2024-05-06T05:15:54.373+0000] {logging_mixin.py:188} INFO - [2024-05-06T05:15:54.371+0000] {dag.py:3954} INFO - Setting next_dagrun for example_xcom_args to None, run_after=None
[2024-05-06T05:15:54.381+0000] {logging_mixin.py:188} INFO - [2024-05-06T05:15:54.381+0000] {dag.py:3954} INFO - Setting next_dagrun for example_xcom_args_with_operators to None, run_after=None
[2024-05-06T05:15:54.449+0000] {processor.py:183} INFO - Processing /home/airflow/.local/lib/python3.12/site-packages/airflow/example_dags/example_xcomargs.py took 0.213 seconds
[2024-05-06T05:16:25.039+0000] {processor.py:161} INFO - Started process (PID=14138) to work on /home/airflow/.local/lib/python3.12/site-packages/airflow/example_dags/example_xcomargs.py
[2024-05-06T05:16:25.040+0000] {processor.py:830} INFO - Processing file /home/airflow/.local/lib/python3.12/site-packages/airflow/example_dags/example_xcomargs.py for tasks to queue
[2024-05-06T05:16:25.042+0000] {logging_mixin.py:188} INFO - [2024-05-06T05:16:25.042+0000] {dagbag.py:540} INFO - Filling up the DagBag from /home/airflow/.local/lib/python3.12/site-packages/airflow/example_dags/example_xcomargs.py
[2024-05-06T05:16:25.054+0000] {processor.py:840} INFO - DAG(s) 'example_xcom_args', 'example_xcom_args_with_operators' retrieved from /home/airflow/.local/lib/python3.12/site-packages/airflow/example_dags/example_xcomargs.py
[2024-05-06T05:16:25.096+0000] {logging_mixin.py:188} INFO - [2024-05-06T05:16:25.095+0000] {dag.py:3096} INFO - Sync 2 DAGs
[2024-05-06T05:16:25.111+0000] {logging_mixin.py:188} INFO - [2024-05-06T05:16:25.111+0000] {dag.py:3954} INFO - Setting next_dagrun for example_xcom_args to None, run_after=None
[2024-05-06T05:16:25.117+0000] {logging_mixin.py:188} INFO - [2024-05-06T05:16:25.117+0000] {dag.py:3954} INFO - Setting next_dagrun for example_xcom_args_with_operators to None, run_after=None
[2024-05-06T05:16:25.139+0000] {processor.py:183} INFO - Processing /home/airflow/.local/lib/python3.12/site-packages/airflow/example_dags/example_xcomargs.py took 0.134 seconds
[2024-05-06T05:16:55.340+0000] {processor.py:161} INFO - Started process (PID=14411) to work on /home/airflow/.local/lib/python3.12/site-packages/airflow/example_dags/example_xcomargs.py
[2024-05-06T05:16:55.341+0000] {processor.py:830} INFO - Processing file /home/airflow/.local/lib/python3.12/site-packages/airflow/example_dags/example_xcomargs.py for tasks to queue
[2024-05-06T05:16:55.346+0000] {logging_mixin.py:188} INFO - [2024-05-06T05:16:55.345+0000] {dagbag.py:540} INFO - Filling up the DagBag from /home/airflow/.local/lib/python3.12/site-packages/airflow/example_dags/example_xcomargs.py
[2024-05-06T05:16:55.368+0000] {processor.py:840} INFO - DAG(s) 'example_xcom_args', 'example_xcom_args_with_operators' retrieved from /home/airflow/.local/lib/python3.12/site-packages/airflow/example_dags/example_xcomargs.py
[2024-05-06T05:16:55.447+0000] {logging_mixin.py:188} INFO - [2024-05-06T05:16:55.447+0000] {dag.py:3096} INFO - Sync 2 DAGs
[2024-05-06T05:16:55.514+0000] {logging_mixin.py:188} INFO - [2024-05-06T05:16:55.512+0000] {dag.py:3954} INFO - Setting next_dagrun for example_xcom_args to None, run_after=None
[2024-05-06T05:16:55.525+0000] {logging_mixin.py:188} INFO - [2024-05-06T05:16:55.524+0000] {dag.py:3954} INFO - Setting next_dagrun for example_xcom_args_with_operators to None, run_after=None
[2024-05-06T05:16:55.559+0000] {processor.py:183} INFO - Processing /home/airflow/.local/lib/python3.12/site-packages/airflow/example_dags/example_xcomargs.py took 0.245 seconds
[2024-05-06T05:17:26.600+0000] {processor.py:161} INFO - Started process (PID=14683) to work on /home/airflow/.local/lib/python3.12/site-packages/airflow/example_dags/example_xcomargs.py
[2024-05-06T05:17:26.601+0000] {processor.py:830} INFO - Processing file /home/airflow/.local/lib/python3.12/site-packages/airflow/example_dags/example_xcomargs.py for tasks to queue
[2024-05-06T05:17:26.604+0000] {logging_mixin.py:188} INFO - [2024-05-06T05:17:26.604+0000] {dagbag.py:540} INFO - Filling up the DagBag from /home/airflow/.local/lib/python3.12/site-packages/airflow/example_dags/example_xcomargs.py
[2024-05-06T05:17:26.617+0000] {processor.py:840} INFO - DAG(s) 'example_xcom_args', 'example_xcom_args_with_operators' retrieved from /home/airflow/.local/lib/python3.12/site-packages/airflow/example_dags/example_xcomargs.py
[2024-05-06T05:17:26.645+0000] {logging_mixin.py:188} INFO - [2024-05-06T05:17:26.644+0000] {dag.py:3096} INFO - Sync 2 DAGs
[2024-05-06T05:17:26.660+0000] {logging_mixin.py:188} INFO - [2024-05-06T05:17:26.660+0000] {dag.py:3954} INFO - Setting next_dagrun for example_xcom_args to None, run_after=None
[2024-05-06T05:17:26.664+0000] {logging_mixin.py:188} INFO - [2024-05-06T05:17:26.664+0000] {dag.py:3954} INFO - Setting next_dagrun for example_xcom_args_with_operators to None, run_after=None
[2024-05-06T05:17:26.692+0000] {processor.py:183} INFO - Processing /home/airflow/.local/lib/python3.12/site-packages/airflow/example_dags/example_xcomargs.py took 0.099 seconds
[2024-05-06T05:17:56.849+0000] {processor.py:161} INFO - Started process (PID=14955) to work on /home/airflow/.local/lib/python3.12/site-packages/airflow/example_dags/example_xcomargs.py
[2024-05-06T05:17:56.850+0000] {processor.py:830} INFO - Processing file /home/airflow/.local/lib/python3.12/site-packages/airflow/example_dags/example_xcomargs.py for tasks to queue
[2024-05-06T05:17:56.852+0000] {logging_mixin.py:188} INFO - [2024-05-06T05:17:56.852+0000] {dagbag.py:540} INFO - Filling up the DagBag from /home/airflow/.local/lib/python3.12/site-packages/airflow/example_dags/example_xcomargs.py
[2024-05-06T05:17:56.867+0000] {processor.py:840} INFO - DAG(s) 'example_xcom_args_with_operators', 'example_xcom_args' retrieved from /home/airflow/.local/lib/python3.12/site-packages/airflow/example_dags/example_xcomargs.py
[2024-05-06T05:17:56.907+0000] {logging_mixin.py:188} INFO - [2024-05-06T05:17:56.907+0000] {dag.py:3096} INFO - Sync 2 DAGs
[2024-05-06T05:17:56.927+0000] {logging_mixin.py:188} INFO - [2024-05-06T05:17:56.927+0000] {dag.py:3954} INFO - Setting next_dagrun for example_xcom_args to None, run_after=None
[2024-05-06T05:17:56.931+0000] {logging_mixin.py:188} INFO - [2024-05-06T05:17:56.931+0000] {dag.py:3954} INFO - Setting next_dagrun for example_xcom_args_with_operators to None, run_after=None
[2024-05-06T05:17:56.955+0000] {processor.py:183} INFO - Processing /home/airflow/.local/lib/python3.12/site-packages/airflow/example_dags/example_xcomargs.py took 0.113 seconds
[2024-05-06T05:18:27.503+0000] {processor.py:161} INFO - Started process (PID=15227) to work on /home/airflow/.local/lib/python3.12/site-packages/airflow/example_dags/example_xcomargs.py
[2024-05-06T05:18:27.504+0000] {processor.py:830} INFO - Processing file /home/airflow/.local/lib/python3.12/site-packages/airflow/example_dags/example_xcomargs.py for tasks to queue
[2024-05-06T05:18:27.507+0000] {logging_mixin.py:188} INFO - [2024-05-06T05:18:27.507+0000] {dagbag.py:540} INFO - Filling up the DagBag from /home/airflow/.local/lib/python3.12/site-packages/airflow/example_dags/example_xcomargs.py
[2024-05-06T05:18:27.516+0000] {processor.py:840} INFO - DAG(s) 'example_xcom_args_with_operators', 'example_xcom_args' retrieved from /home/airflow/.local/lib/python3.12/site-packages/airflow/example_dags/example_xcomargs.py
[2024-05-06T05:18:27.542+0000] {logging_mixin.py:188} INFO - [2024-05-06T05:18:27.542+0000] {dag.py:3096} INFO - Sync 2 DAGs
[2024-05-06T05:18:27.556+0000] {logging_mixin.py:188} INFO - [2024-05-06T05:18:27.556+0000] {dag.py:3954} INFO - Setting next_dagrun for example_xcom_args to None, run_after=None
[2024-05-06T05:18:27.561+0000] {logging_mixin.py:188} INFO - [2024-05-06T05:18:27.560+0000] {dag.py:3954} INFO - Setting next_dagrun for example_xcom_args_with_operators to None, run_after=None
[2024-05-06T05:18:27.590+0000] {processor.py:183} INFO - Processing /home/airflow/.local/lib/python3.12/site-packages/airflow/example_dags/example_xcomargs.py took 0.094 seconds
[2024-05-06T05:18:58.081+0000] {processor.py:161} INFO - Started process (PID=15499) to work on /home/airflow/.local/lib/python3.12/site-packages/airflow/example_dags/example_xcomargs.py
[2024-05-06T05:18:58.081+0000] {processor.py:830} INFO - Processing file /home/airflow/.local/lib/python3.12/site-packages/airflow/example_dags/example_xcomargs.py for tasks to queue
[2024-05-06T05:18:58.084+0000] {logging_mixin.py:188} INFO - [2024-05-06T05:18:58.084+0000] {dagbag.py:540} INFO - Filling up the DagBag from /home/airflow/.local/lib/python3.12/site-packages/airflow/example_dags/example_xcomargs.py
[2024-05-06T05:18:58.093+0000] {processor.py:840} INFO - DAG(s) 'example_xcom_args_with_operators', 'example_xcom_args' retrieved from /home/airflow/.local/lib/python3.12/site-packages/airflow/example_dags/example_xcomargs.py
[2024-05-06T05:18:58.121+0000] {logging_mixin.py:188} INFO - [2024-05-06T05:18:58.121+0000] {dag.py:3096} INFO - Sync 2 DAGs
[2024-05-06T05:18:58.161+0000] {logging_mixin.py:188} INFO - [2024-05-06T05:18:58.151+0000] {dag.py:3954} INFO - Setting next_dagrun for example_xcom_args to None, run_after=None
[2024-05-06T05:18:58.167+0000] {logging_mixin.py:188} INFO - [2024-05-06T05:18:58.167+0000] {dag.py:3954} INFO - Setting next_dagrun for example_xcom_args_with_operators to None, run_after=None
[2024-05-06T05:18:58.192+0000] {processor.py:183} INFO - Processing /home/airflow/.local/lib/python3.12/site-packages/airflow/example_dags/example_xcomargs.py took 0.118 seconds
