[2024-05-06T04:50:16.047+0000] {processor.py:161} INFO - Started process (PID=248) to work on /home/airflow/.local/lib/python3.12/site-packages/airflow/example_dags/example_python_decorator.py
[2024-05-06T04:50:16.048+0000] {processor.py:830} INFO - Processing file /home/airflow/.local/lib/python3.12/site-packages/airflow/example_dags/example_python_decorator.py for tasks to queue
[2024-05-06T04:50:16.055+0000] {logging_mixin.py:188} INFO - [2024-05-06T04:50:16.054+0000] {dagbag.py:540} INFO - Filling up the DagBag from /home/airflow/.local/lib/python3.12/site-packages/airflow/example_dags/example_python_decorator.py
[2024-05-06T04:50:16.120+0000] {processor.py:840} INFO - DAG(s) 'example_python_decorator' retrieved from /home/airflow/.local/lib/python3.12/site-packages/airflow/example_dags/example_python_decorator.py
[2024-05-06T04:50:16.449+0000] {logging_mixin.py:188} INFO - [2024-05-06T04:50:16.448+0000] {override.py:1829} INFO - Created Permission View: can delete on DAG:example_python_decorator
[2024-05-06T04:50:16.480+0000] {logging_mixin.py:188} INFO - [2024-05-06T04:50:16.468+0000] {override.py:1829} INFO - Created Permission View: can edit on DAG:example_python_decorator
[2024-05-06T04:50:16.504+0000] {logging_mixin.py:188} INFO - [2024-05-06T04:50:16.503+0000] {override.py:1829} INFO - Created Permission View: can read on DAG:example_python_decorator
[2024-05-06T04:50:16.504+0000] {logging_mixin.py:188} INFO - [2024-05-06T04:50:16.504+0000] {dag.py:3096} INFO - Sync 1 DAGs
[2024-05-06T04:50:16.536+0000] {logging_mixin.py:188} INFO - [2024-05-06T04:50:16.536+0000] {dag.py:3118} INFO - Creating ORM DAG for example_python_decorator
[2024-05-06T04:50:16.540+0000] {logging_mixin.py:188} INFO - [2024-05-06T04:50:16.540+0000] {dag.py:3954} INFO - Setting next_dagrun for example_python_decorator to None, run_after=None
[2024-05-06T04:50:16.629+0000] {processor.py:183} INFO - Processing /home/airflow/.local/lib/python3.12/site-packages/airflow/example_dags/example_python_decorator.py took 0.589 seconds
[2024-05-06T04:50:47.384+0000] {processor.py:161} INFO - Started process (PID=512) to work on /home/airflow/.local/lib/python3.12/site-packages/airflow/example_dags/example_python_decorator.py
[2024-05-06T04:50:47.386+0000] {processor.py:830} INFO - Processing file /home/airflow/.local/lib/python3.12/site-packages/airflow/example_dags/example_python_decorator.py for tasks to queue
[2024-05-06T04:50:47.388+0000] {logging_mixin.py:188} INFO - [2024-05-06T04:50:47.387+0000] {dagbag.py:540} INFO - Filling up the DagBag from /home/airflow/.local/lib/python3.12/site-packages/airflow/example_dags/example_python_decorator.py
[2024-05-06T04:50:47.403+0000] {processor.py:840} INFO - DAG(s) 'example_python_decorator' retrieved from /home/airflow/.local/lib/python3.12/site-packages/airflow/example_dags/example_python_decorator.py
[2024-05-06T04:50:47.432+0000] {logging_mixin.py:188} INFO - [2024-05-06T04:50:47.432+0000] {dag.py:3096} INFO - Sync 1 DAGs
[2024-05-06T04:50:47.448+0000] {logging_mixin.py:188} INFO - [2024-05-06T04:50:47.448+0000] {dag.py:3954} INFO - Setting next_dagrun for example_python_decorator to None, run_after=None
[2024-05-06T04:50:47.472+0000] {processor.py:183} INFO - Processing /home/airflow/.local/lib/python3.12/site-packages/airflow/example_dags/example_python_decorator.py took 0.094 seconds
[2024-05-06T04:51:17.678+0000] {processor.py:161} INFO - Started process (PID=773) to work on /home/airflow/.local/lib/python3.12/site-packages/airflow/example_dags/example_python_decorator.py
[2024-05-06T04:51:17.680+0000] {processor.py:830} INFO - Processing file /home/airflow/.local/lib/python3.12/site-packages/airflow/example_dags/example_python_decorator.py for tasks to queue
[2024-05-06T04:51:17.682+0000] {logging_mixin.py:188} INFO - [2024-05-06T04:51:17.681+0000] {dagbag.py:540} INFO - Filling up the DagBag from /home/airflow/.local/lib/python3.12/site-packages/airflow/example_dags/example_python_decorator.py
[2024-05-06T04:51:17.697+0000] {processor.py:840} INFO - DAG(s) 'example_python_decorator' retrieved from /home/airflow/.local/lib/python3.12/site-packages/airflow/example_dags/example_python_decorator.py
[2024-05-06T04:51:17.726+0000] {logging_mixin.py:188} INFO - [2024-05-06T04:51:17.726+0000] {dag.py:3096} INFO - Sync 1 DAGs
[2024-05-06T04:51:17.741+0000] {logging_mixin.py:188} INFO - [2024-05-06T04:51:17.741+0000] {dag.py:3954} INFO - Setting next_dagrun for example_python_decorator to None, run_after=None
[2024-05-06T04:51:17.766+0000] {processor.py:183} INFO - Processing /home/airflow/.local/lib/python3.12/site-packages/airflow/example_dags/example_python_decorator.py took 0.094 seconds
[2024-05-06T04:51:48.159+0000] {processor.py:161} INFO - Started process (PID=1037) to work on /home/airflow/.local/lib/python3.12/site-packages/airflow/example_dags/example_python_decorator.py
[2024-05-06T04:51:48.161+0000] {processor.py:830} INFO - Processing file /home/airflow/.local/lib/python3.12/site-packages/airflow/example_dags/example_python_decorator.py for tasks to queue
[2024-05-06T04:51:48.163+0000] {logging_mixin.py:188} INFO - [2024-05-06T04:51:48.162+0000] {dagbag.py:540} INFO - Filling up the DagBag from /home/airflow/.local/lib/python3.12/site-packages/airflow/example_dags/example_python_decorator.py
[2024-05-06T04:51:48.182+0000] {processor.py:840} INFO - DAG(s) 'example_python_decorator' retrieved from /home/airflow/.local/lib/python3.12/site-packages/airflow/example_dags/example_python_decorator.py
[2024-05-06T04:51:48.211+0000] {logging_mixin.py:188} INFO - [2024-05-06T04:51:48.210+0000] {dag.py:3096} INFO - Sync 1 DAGs
[2024-05-06T04:51:48.230+0000] {logging_mixin.py:188} INFO - [2024-05-06T04:51:48.230+0000] {dag.py:3954} INFO - Setting next_dagrun for example_python_decorator to None, run_after=None
[2024-05-06T04:51:48.258+0000] {processor.py:183} INFO - Processing /home/airflow/.local/lib/python3.12/site-packages/airflow/example_dags/example_python_decorator.py took 0.107 seconds
[2024-05-06T04:52:19.113+0000] {processor.py:161} INFO - Started process (PID=1300) to work on /home/airflow/.local/lib/python3.12/site-packages/airflow/example_dags/example_python_decorator.py
[2024-05-06T04:52:19.114+0000] {processor.py:830} INFO - Processing file /home/airflow/.local/lib/python3.12/site-packages/airflow/example_dags/example_python_decorator.py for tasks to queue
[2024-05-06T04:52:19.116+0000] {logging_mixin.py:188} INFO - [2024-05-06T04:52:19.116+0000] {dagbag.py:540} INFO - Filling up the DagBag from /home/airflow/.local/lib/python3.12/site-packages/airflow/example_dags/example_python_decorator.py
[2024-05-06T04:52:19.137+0000] {processor.py:840} INFO - DAG(s) 'example_python_decorator' retrieved from /home/airflow/.local/lib/python3.12/site-packages/airflow/example_dags/example_python_decorator.py
[2024-05-06T04:52:19.192+0000] {logging_mixin.py:188} INFO - [2024-05-06T04:52:19.192+0000] {dag.py:3096} INFO - Sync 1 DAGs
[2024-05-06T04:52:19.221+0000] {logging_mixin.py:188} INFO - [2024-05-06T04:52:19.220+0000] {dag.py:3954} INFO - Setting next_dagrun for example_python_decorator to None, run_after=None
[2024-05-06T04:52:19.269+0000] {processor.py:183} INFO - Processing /home/airflow/.local/lib/python3.12/site-packages/airflow/example_dags/example_python_decorator.py took 0.162 seconds
[2024-05-06T04:52:49.322+0000] {processor.py:161} INFO - Started process (PID=1561) to work on /home/airflow/.local/lib/python3.12/site-packages/airflow/example_dags/example_python_decorator.py
[2024-05-06T04:52:49.323+0000] {processor.py:830} INFO - Processing file /home/airflow/.local/lib/python3.12/site-packages/airflow/example_dags/example_python_decorator.py for tasks to queue
[2024-05-06T04:52:49.325+0000] {logging_mixin.py:188} INFO - [2024-05-06T04:52:49.325+0000] {dagbag.py:540} INFO - Filling up the DagBag from /home/airflow/.local/lib/python3.12/site-packages/airflow/example_dags/example_python_decorator.py
[2024-05-06T04:52:49.342+0000] {processor.py:840} INFO - DAG(s) 'example_python_decorator' retrieved from /home/airflow/.local/lib/python3.12/site-packages/airflow/example_dags/example_python_decorator.py
[2024-05-06T04:52:49.382+0000] {logging_mixin.py:188} INFO - [2024-05-06T04:52:49.381+0000] {dag.py:3096} INFO - Sync 1 DAGs
[2024-05-06T04:52:49.400+0000] {logging_mixin.py:188} INFO - [2024-05-06T04:52:49.400+0000] {dag.py:3954} INFO - Setting next_dagrun for example_python_decorator to None, run_after=None
[2024-05-06T04:52:49.433+0000] {processor.py:183} INFO - Processing /home/airflow/.local/lib/python3.12/site-packages/airflow/example_dags/example_python_decorator.py took 0.119 seconds
[2024-05-06T04:53:19.504+0000] {processor.py:161} INFO - Started process (PID=1829) to work on /home/airflow/.local/lib/python3.12/site-packages/airflow/example_dags/example_python_decorator.py
[2024-05-06T04:53:19.505+0000] {processor.py:830} INFO - Processing file /home/airflow/.local/lib/python3.12/site-packages/airflow/example_dags/example_python_decorator.py for tasks to queue
[2024-05-06T04:53:19.507+0000] {logging_mixin.py:188} INFO - [2024-05-06T04:53:19.507+0000] {dagbag.py:540} INFO - Filling up the DagBag from /home/airflow/.local/lib/python3.12/site-packages/airflow/example_dags/example_python_decorator.py
[2024-05-06T04:53:19.526+0000] {processor.py:840} INFO - DAG(s) 'example_python_decorator' retrieved from /home/airflow/.local/lib/python3.12/site-packages/airflow/example_dags/example_python_decorator.py
[2024-05-06T04:53:19.552+0000] {logging_mixin.py:188} INFO - [2024-05-06T04:53:19.552+0000] {dag.py:3096} INFO - Sync 1 DAGs
[2024-05-06T04:53:19.565+0000] {logging_mixin.py:188} INFO - [2024-05-06T04:53:19.565+0000] {dag.py:3954} INFO - Setting next_dagrun for example_python_decorator to None, run_after=None
[2024-05-06T04:53:19.584+0000] {processor.py:183} INFO - Processing /home/airflow/.local/lib/python3.12/site-packages/airflow/example_dags/example_python_decorator.py took 0.087 seconds
[2024-05-06T04:53:50.013+0000] {processor.py:161} INFO - Started process (PID=2089) to work on /home/airflow/.local/lib/python3.12/site-packages/airflow/example_dags/example_python_decorator.py
[2024-05-06T04:53:50.014+0000] {processor.py:830} INFO - Processing file /home/airflow/.local/lib/python3.12/site-packages/airflow/example_dags/example_python_decorator.py for tasks to queue
[2024-05-06T04:53:50.017+0000] {logging_mixin.py:188} INFO - [2024-05-06T04:53:50.016+0000] {dagbag.py:540} INFO - Filling up the DagBag from /home/airflow/.local/lib/python3.12/site-packages/airflow/example_dags/example_python_decorator.py
[2024-05-06T04:53:50.047+0000] {processor.py:840} INFO - DAG(s) 'example_python_decorator' retrieved from /home/airflow/.local/lib/python3.12/site-packages/airflow/example_dags/example_python_decorator.py
[2024-05-06T04:53:50.089+0000] {logging_mixin.py:188} INFO - [2024-05-06T04:53:50.089+0000] {dag.py:3096} INFO - Sync 1 DAGs
[2024-05-06T04:53:50.113+0000] {logging_mixin.py:188} INFO - [2024-05-06T04:53:50.112+0000] {dag.py:3954} INFO - Setting next_dagrun for example_python_decorator to None, run_after=None
[2024-05-06T04:53:50.143+0000] {processor.py:183} INFO - Processing /home/airflow/.local/lib/python3.12/site-packages/airflow/example_dags/example_python_decorator.py took 0.147 seconds
[2024-05-06T04:54:22.365+0000] {processor.py:161} INFO - Started process (PID=2432) to work on /home/airflow/.local/lib/python3.12/site-packages/airflow/example_dags/example_python_decorator.py
[2024-05-06T04:54:22.376+0000] {processor.py:830} INFO - Processing file /home/airflow/.local/lib/python3.12/site-packages/airflow/example_dags/example_python_decorator.py for tasks to queue
[2024-05-06T04:54:22.381+0000] {logging_mixin.py:188} INFO - [2024-05-06T04:54:22.381+0000] {dagbag.py:540} INFO - Filling up the DagBag from /home/airflow/.local/lib/python3.12/site-packages/airflow/example_dags/example_python_decorator.py
[2024-05-06T04:54:22.492+0000] {processor.py:840} INFO - DAG(s) 'example_python_decorator' retrieved from /home/airflow/.local/lib/python3.12/site-packages/airflow/example_dags/example_python_decorator.py
[2024-05-06T04:54:22.610+0000] {logging_mixin.py:188} INFO - [2024-05-06T04:54:22.610+0000] {dag.py:3096} INFO - Sync 1 DAGs
[2024-05-06T04:54:22.638+0000] {logging_mixin.py:188} INFO - [2024-05-06T04:54:22.638+0000] {dag.py:3954} INFO - Setting next_dagrun for example_python_decorator to None, run_after=None
[2024-05-06T04:54:22.682+0000] {processor.py:183} INFO - Processing /home/airflow/.local/lib/python3.12/site-packages/airflow/example_dags/example_python_decorator.py took 0.351 seconds
[2024-05-06T04:54:53.277+0000] {processor.py:161} INFO - Started process (PID=2762) to work on /home/airflow/.local/lib/python3.12/site-packages/airflow/example_dags/example_python_decorator.py
[2024-05-06T04:54:53.278+0000] {processor.py:830} INFO - Processing file /home/airflow/.local/lib/python3.12/site-packages/airflow/example_dags/example_python_decorator.py for tasks to queue
[2024-05-06T04:54:53.280+0000] {logging_mixin.py:188} INFO - [2024-05-06T04:54:53.279+0000] {dagbag.py:540} INFO - Filling up the DagBag from /home/airflow/.local/lib/python3.12/site-packages/airflow/example_dags/example_python_decorator.py
[2024-05-06T04:54:53.295+0000] {processor.py:840} INFO - DAG(s) 'example_python_decorator' retrieved from /home/airflow/.local/lib/python3.12/site-packages/airflow/example_dags/example_python_decorator.py
[2024-05-06T04:54:53.322+0000] {logging_mixin.py:188} INFO - [2024-05-06T04:54:53.322+0000] {dag.py:3096} INFO - Sync 1 DAGs
[2024-05-06T04:54:53.338+0000] {logging_mixin.py:188} INFO - [2024-05-06T04:54:53.338+0000] {dag.py:3954} INFO - Setting next_dagrun for example_python_decorator to None, run_after=None
[2024-05-06T04:54:53.364+0000] {processor.py:183} INFO - Processing /home/airflow/.local/lib/python3.12/site-packages/airflow/example_dags/example_python_decorator.py took 0.098 seconds
[2024-05-06T04:55:23.479+0000] {processor.py:161} INFO - Started process (PID=3024) to work on /home/airflow/.local/lib/python3.12/site-packages/airflow/example_dags/example_python_decorator.py
[2024-05-06T04:55:23.480+0000] {processor.py:830} INFO - Processing file /home/airflow/.local/lib/python3.12/site-packages/airflow/example_dags/example_python_decorator.py for tasks to queue
[2024-05-06T04:55:23.482+0000] {logging_mixin.py:188} INFO - [2024-05-06T04:55:23.481+0000] {dagbag.py:540} INFO - Filling up the DagBag from /home/airflow/.local/lib/python3.12/site-packages/airflow/example_dags/example_python_decorator.py
[2024-05-06T04:55:23.499+0000] {processor.py:840} INFO - DAG(s) 'example_python_decorator' retrieved from /home/airflow/.local/lib/python3.12/site-packages/airflow/example_dags/example_python_decorator.py
[2024-05-06T04:55:23.526+0000] {logging_mixin.py:188} INFO - [2024-05-06T04:55:23.526+0000] {dag.py:3096} INFO - Sync 1 DAGs
[2024-05-06T04:55:23.538+0000] {logging_mixin.py:188} INFO - [2024-05-06T04:55:23.538+0000] {dag.py:3954} INFO - Setting next_dagrun for example_python_decorator to None, run_after=None
[2024-05-06T04:55:23.564+0000] {processor.py:183} INFO - Processing /home/airflow/.local/lib/python3.12/site-packages/airflow/example_dags/example_python_decorator.py took 0.092 seconds
[2024-05-06T04:55:53.675+0000] {processor.py:161} INFO - Started process (PID=3287) to work on /home/airflow/.local/lib/python3.12/site-packages/airflow/example_dags/example_python_decorator.py
[2024-05-06T04:55:53.676+0000] {processor.py:830} INFO - Processing file /home/airflow/.local/lib/python3.12/site-packages/airflow/example_dags/example_python_decorator.py for tasks to queue
[2024-05-06T04:55:53.678+0000] {logging_mixin.py:188} INFO - [2024-05-06T04:55:53.677+0000] {dagbag.py:540} INFO - Filling up the DagBag from /home/airflow/.local/lib/python3.12/site-packages/airflow/example_dags/example_python_decorator.py
[2024-05-06T04:55:53.699+0000] {processor.py:840} INFO - DAG(s) 'example_python_decorator' retrieved from /home/airflow/.local/lib/python3.12/site-packages/airflow/example_dags/example_python_decorator.py
[2024-05-06T04:55:53.734+0000] {logging_mixin.py:188} INFO - [2024-05-06T04:55:53.734+0000] {dag.py:3096} INFO - Sync 1 DAGs
[2024-05-06T04:55:53.749+0000] {logging_mixin.py:188} INFO - [2024-05-06T04:55:53.748+0000] {dag.py:3954} INFO - Setting next_dagrun for example_python_decorator to None, run_after=None
[2024-05-06T04:55:53.809+0000] {processor.py:183} INFO - Processing /home/airflow/.local/lib/python3.12/site-packages/airflow/example_dags/example_python_decorator.py took 0.141 seconds
[2024-05-06T04:56:24.692+0000] {processor.py:161} INFO - Started process (PID=3550) to work on /home/airflow/.local/lib/python3.12/site-packages/airflow/example_dags/example_python_decorator.py
[2024-05-06T04:56:24.693+0000] {processor.py:830} INFO - Processing file /home/airflow/.local/lib/python3.12/site-packages/airflow/example_dags/example_python_decorator.py for tasks to queue
[2024-05-06T04:56:24.695+0000] {logging_mixin.py:188} INFO - [2024-05-06T04:56:24.694+0000] {dagbag.py:540} INFO - Filling up the DagBag from /home/airflow/.local/lib/python3.12/site-packages/airflow/example_dags/example_python_decorator.py
[2024-05-06T04:56:24.710+0000] {processor.py:840} INFO - DAG(s) 'example_python_decorator' retrieved from /home/airflow/.local/lib/python3.12/site-packages/airflow/example_dags/example_python_decorator.py
[2024-05-06T04:56:24.736+0000] {logging_mixin.py:188} INFO - [2024-05-06T04:56:24.736+0000] {dag.py:3096} INFO - Sync 1 DAGs
[2024-05-06T04:56:24.753+0000] {logging_mixin.py:188} INFO - [2024-05-06T04:56:24.753+0000] {dag.py:3954} INFO - Setting next_dagrun for example_python_decorator to None, run_after=None
[2024-05-06T04:56:24.779+0000] {processor.py:183} INFO - Processing /home/airflow/.local/lib/python3.12/site-packages/airflow/example_dags/example_python_decorator.py took 0.097 seconds
[2024-05-06T04:56:55.517+0000] {processor.py:161} INFO - Started process (PID=3813) to work on /home/airflow/.local/lib/python3.12/site-packages/airflow/example_dags/example_python_decorator.py
[2024-05-06T04:56:55.518+0000] {processor.py:830} INFO - Processing file /home/airflow/.local/lib/python3.12/site-packages/airflow/example_dags/example_python_decorator.py for tasks to queue
[2024-05-06T04:56:55.520+0000] {logging_mixin.py:188} INFO - [2024-05-06T04:56:55.519+0000] {dagbag.py:540} INFO - Filling up the DagBag from /home/airflow/.local/lib/python3.12/site-packages/airflow/example_dags/example_python_decorator.py
[2024-05-06T04:56:55.534+0000] {processor.py:840} INFO - DAG(s) 'example_python_decorator' retrieved from /home/airflow/.local/lib/python3.12/site-packages/airflow/example_dags/example_python_decorator.py
[2024-05-06T04:56:55.559+0000] {logging_mixin.py:188} INFO - [2024-05-06T04:56:55.559+0000] {dag.py:3096} INFO - Sync 1 DAGs
[2024-05-06T04:56:55.576+0000] {logging_mixin.py:188} INFO - [2024-05-06T04:56:55.575+0000] {dag.py:3954} INFO - Setting next_dagrun for example_python_decorator to None, run_after=None
[2024-05-06T04:56:55.599+0000] {processor.py:183} INFO - Processing /home/airflow/.local/lib/python3.12/site-packages/airflow/example_dags/example_python_decorator.py took 0.094 seconds
[2024-05-06T04:57:26.469+0000] {processor.py:161} INFO - Started process (PID=4075) to work on /home/airflow/.local/lib/python3.12/site-packages/airflow/example_dags/example_python_decorator.py
[2024-05-06T04:57:26.470+0000] {processor.py:830} INFO - Processing file /home/airflow/.local/lib/python3.12/site-packages/airflow/example_dags/example_python_decorator.py for tasks to queue
[2024-05-06T04:57:26.472+0000] {logging_mixin.py:188} INFO - [2024-05-06T04:57:26.471+0000] {dagbag.py:540} INFO - Filling up the DagBag from /home/airflow/.local/lib/python3.12/site-packages/airflow/example_dags/example_python_decorator.py
[2024-05-06T04:57:26.492+0000] {processor.py:840} INFO - DAG(s) 'example_python_decorator' retrieved from /home/airflow/.local/lib/python3.12/site-packages/airflow/example_dags/example_python_decorator.py
[2024-05-06T04:57:26.518+0000] {logging_mixin.py:188} INFO - [2024-05-06T04:57:26.518+0000] {dag.py:3096} INFO - Sync 1 DAGs
[2024-05-06T04:57:26.533+0000] {logging_mixin.py:188} INFO - [2024-05-06T04:57:26.532+0000] {dag.py:3954} INFO - Setting next_dagrun for example_python_decorator to None, run_after=None
[2024-05-06T04:57:26.560+0000] {processor.py:183} INFO - Processing /home/airflow/.local/lib/python3.12/site-packages/airflow/example_dags/example_python_decorator.py took 0.098 seconds
[2024-05-06T04:57:56.933+0000] {processor.py:161} INFO - Started process (PID=4339) to work on /home/airflow/.local/lib/python3.12/site-packages/airflow/example_dags/example_python_decorator.py
[2024-05-06T04:57:56.934+0000] {processor.py:830} INFO - Processing file /home/airflow/.local/lib/python3.12/site-packages/airflow/example_dags/example_python_decorator.py for tasks to queue
[2024-05-06T04:57:56.936+0000] {logging_mixin.py:188} INFO - [2024-05-06T04:57:56.936+0000] {dagbag.py:540} INFO - Filling up the DagBag from /home/airflow/.local/lib/python3.12/site-packages/airflow/example_dags/example_python_decorator.py
[2024-05-06T04:57:56.952+0000] {processor.py:840} INFO - DAG(s) 'example_python_decorator' retrieved from /home/airflow/.local/lib/python3.12/site-packages/airflow/example_dags/example_python_decorator.py
[2024-05-06T04:57:56.980+0000] {logging_mixin.py:188} INFO - [2024-05-06T04:57:56.979+0000] {dag.py:3096} INFO - Sync 1 DAGs
[2024-05-06T04:57:56.995+0000] {logging_mixin.py:188} INFO - [2024-05-06T04:57:56.995+0000] {dag.py:3954} INFO - Setting next_dagrun for example_python_decorator to None, run_after=None
[2024-05-06T04:57:57.018+0000] {processor.py:183} INFO - Processing /home/airflow/.local/lib/python3.12/site-packages/airflow/example_dags/example_python_decorator.py took 0.092 seconds
[2024-05-06T04:58:27.672+0000] {processor.py:161} INFO - Started process (PID=4599) to work on /home/airflow/.local/lib/python3.12/site-packages/airflow/example_dags/example_python_decorator.py
[2024-05-06T04:58:27.673+0000] {processor.py:830} INFO - Processing file /home/airflow/.local/lib/python3.12/site-packages/airflow/example_dags/example_python_decorator.py for tasks to queue
[2024-05-06T04:58:27.675+0000] {logging_mixin.py:188} INFO - [2024-05-06T04:58:27.674+0000] {dagbag.py:540} INFO - Filling up the DagBag from /home/airflow/.local/lib/python3.12/site-packages/airflow/example_dags/example_python_decorator.py
[2024-05-06T04:58:27.690+0000] {processor.py:840} INFO - DAG(s) 'example_python_decorator' retrieved from /home/airflow/.local/lib/python3.12/site-packages/airflow/example_dags/example_python_decorator.py
[2024-05-06T04:58:27.719+0000] {logging_mixin.py:188} INFO - [2024-05-06T04:58:27.718+0000] {dag.py:3096} INFO - Sync 1 DAGs
[2024-05-06T04:58:27.733+0000] {logging_mixin.py:188} INFO - [2024-05-06T04:58:27.733+0000] {dag.py:3954} INFO - Setting next_dagrun for example_python_decorator to None, run_after=None
[2024-05-06T04:58:27.760+0000] {processor.py:183} INFO - Processing /home/airflow/.local/lib/python3.12/site-packages/airflow/example_dags/example_python_decorator.py took 0.094 seconds
[2024-05-06T04:58:58.134+0000] {processor.py:161} INFO - Started process (PID=4858) to work on /home/airflow/.local/lib/python3.12/site-packages/airflow/example_dags/example_python_decorator.py
[2024-05-06T04:58:58.135+0000] {processor.py:830} INFO - Processing file /home/airflow/.local/lib/python3.12/site-packages/airflow/example_dags/example_python_decorator.py for tasks to queue
[2024-05-06T04:58:58.137+0000] {logging_mixin.py:188} INFO - [2024-05-06T04:58:58.137+0000] {dagbag.py:540} INFO - Filling up the DagBag from /home/airflow/.local/lib/python3.12/site-packages/airflow/example_dags/example_python_decorator.py
[2024-05-06T04:58:58.157+0000] {processor.py:840} INFO - DAG(s) 'example_python_decorator' retrieved from /home/airflow/.local/lib/python3.12/site-packages/airflow/example_dags/example_python_decorator.py
[2024-05-06T04:58:58.184+0000] {logging_mixin.py:188} INFO - [2024-05-06T04:58:58.183+0000] {dag.py:3096} INFO - Sync 1 DAGs
[2024-05-06T04:58:58.199+0000] {logging_mixin.py:188} INFO - [2024-05-06T04:58:58.198+0000] {dag.py:3954} INFO - Setting next_dagrun for example_python_decorator to None, run_after=None
[2024-05-06T04:58:58.223+0000] {processor.py:183} INFO - Processing /home/airflow/.local/lib/python3.12/site-packages/airflow/example_dags/example_python_decorator.py took 0.095 seconds
[2024-05-06T04:59:29.084+0000] {processor.py:161} INFO - Started process (PID=5122) to work on /home/airflow/.local/lib/python3.12/site-packages/airflow/example_dags/example_python_decorator.py
[2024-05-06T04:59:29.085+0000] {processor.py:830} INFO - Processing file /home/airflow/.local/lib/python3.12/site-packages/airflow/example_dags/example_python_decorator.py for tasks to queue
[2024-05-06T04:59:29.087+0000] {logging_mixin.py:188} INFO - [2024-05-06T04:59:29.087+0000] {dagbag.py:540} INFO - Filling up the DagBag from /home/airflow/.local/lib/python3.12/site-packages/airflow/example_dags/example_python_decorator.py
[2024-05-06T04:59:29.104+0000] {processor.py:840} INFO - DAG(s) 'example_python_decorator' retrieved from /home/airflow/.local/lib/python3.12/site-packages/airflow/example_dags/example_python_decorator.py
[2024-05-06T04:59:29.132+0000] {logging_mixin.py:188} INFO - [2024-05-06T04:59:29.132+0000] {dag.py:3096} INFO - Sync 1 DAGs
[2024-05-06T04:59:29.166+0000] {logging_mixin.py:188} INFO - [2024-05-06T04:59:29.166+0000] {dag.py:3954} INFO - Setting next_dagrun for example_python_decorator to None, run_after=None
[2024-05-06T04:59:29.224+0000] {processor.py:183} INFO - Processing /home/airflow/.local/lib/python3.12/site-packages/airflow/example_dags/example_python_decorator.py took 0.150 seconds
[2024-05-06T04:59:59.575+0000] {processor.py:161} INFO - Started process (PID=5383) to work on /home/airflow/.local/lib/python3.12/site-packages/airflow/example_dags/example_python_decorator.py
[2024-05-06T04:59:59.576+0000] {processor.py:830} INFO - Processing file /home/airflow/.local/lib/python3.12/site-packages/airflow/example_dags/example_python_decorator.py for tasks to queue
[2024-05-06T04:59:59.578+0000] {logging_mixin.py:188} INFO - [2024-05-06T04:59:59.577+0000] {dagbag.py:540} INFO - Filling up the DagBag from /home/airflow/.local/lib/python3.12/site-packages/airflow/example_dags/example_python_decorator.py
[2024-05-06T04:59:59.599+0000] {processor.py:840} INFO - DAG(s) 'example_python_decorator' retrieved from /home/airflow/.local/lib/python3.12/site-packages/airflow/example_dags/example_python_decorator.py
[2024-05-06T04:59:59.627+0000] {logging_mixin.py:188} INFO - [2024-05-06T04:59:59.627+0000] {dag.py:3096} INFO - Sync 1 DAGs
[2024-05-06T04:59:59.642+0000] {logging_mixin.py:188} INFO - [2024-05-06T04:59:59.642+0000] {dag.py:3954} INFO - Setting next_dagrun for example_python_decorator to None, run_after=None
[2024-05-06T04:59:59.665+0000] {processor.py:183} INFO - Processing /home/airflow/.local/lib/python3.12/site-packages/airflow/example_dags/example_python_decorator.py took 0.098 seconds
[2024-05-06T05:00:29.718+0000] {processor.py:161} INFO - Started process (PID=5651) to work on /home/airflow/.local/lib/python3.12/site-packages/airflow/example_dags/example_python_decorator.py
[2024-05-06T05:00:29.719+0000] {processor.py:830} INFO - Processing file /home/airflow/.local/lib/python3.12/site-packages/airflow/example_dags/example_python_decorator.py for tasks to queue
[2024-05-06T05:00:29.721+0000] {logging_mixin.py:188} INFO - [2024-05-06T05:00:29.720+0000] {dagbag.py:540} INFO - Filling up the DagBag from /home/airflow/.local/lib/python3.12/site-packages/airflow/example_dags/example_python_decorator.py
[2024-05-06T05:00:29.745+0000] {processor.py:840} INFO - DAG(s) 'example_python_decorator' retrieved from /home/airflow/.local/lib/python3.12/site-packages/airflow/example_dags/example_python_decorator.py
[2024-05-06T05:00:29.776+0000] {logging_mixin.py:188} INFO - [2024-05-06T05:00:29.776+0000] {dag.py:3096} INFO - Sync 1 DAGs
[2024-05-06T05:00:29.793+0000] {logging_mixin.py:188} INFO - [2024-05-06T05:00:29.793+0000] {dag.py:3954} INFO - Setting next_dagrun for example_python_decorator to None, run_after=None
[2024-05-06T05:00:29.819+0000] {processor.py:183} INFO - Processing /home/airflow/.local/lib/python3.12/site-packages/airflow/example_dags/example_python_decorator.py took 0.113 seconds
[2024-05-06T05:01:00.103+0000] {processor.py:161} INFO - Started process (PID=5918) to work on /home/airflow/.local/lib/python3.12/site-packages/airflow/example_dags/example_python_decorator.py
[2024-05-06T05:01:00.104+0000] {processor.py:830} INFO - Processing file /home/airflow/.local/lib/python3.12/site-packages/airflow/example_dags/example_python_decorator.py for tasks to queue
[2024-05-06T05:01:00.106+0000] {logging_mixin.py:188} INFO - [2024-05-06T05:01:00.106+0000] {dagbag.py:540} INFO - Filling up the DagBag from /home/airflow/.local/lib/python3.12/site-packages/airflow/example_dags/example_python_decorator.py
[2024-05-06T05:01:00.122+0000] {processor.py:840} INFO - DAG(s) 'example_python_decorator' retrieved from /home/airflow/.local/lib/python3.12/site-packages/airflow/example_dags/example_python_decorator.py
[2024-05-06T05:01:00.152+0000] {logging_mixin.py:188} INFO - [2024-05-06T05:01:00.152+0000] {dag.py:3096} INFO - Sync 1 DAGs
[2024-05-06T05:01:00.170+0000] {logging_mixin.py:188} INFO - [2024-05-06T05:01:00.170+0000] {dag.py:3954} INFO - Setting next_dagrun for example_python_decorator to None, run_after=None
[2024-05-06T05:01:00.193+0000] {processor.py:183} INFO - Processing /home/airflow/.local/lib/python3.12/site-packages/airflow/example_dags/example_python_decorator.py took 0.096 seconds
[2024-05-06T05:01:31.018+0000] {processor.py:161} INFO - Started process (PID=6185) to work on /home/airflow/.local/lib/python3.12/site-packages/airflow/example_dags/example_python_decorator.py
[2024-05-06T05:01:31.019+0000] {processor.py:830} INFO - Processing file /home/airflow/.local/lib/python3.12/site-packages/airflow/example_dags/example_python_decorator.py for tasks to queue
[2024-05-06T05:01:31.021+0000] {logging_mixin.py:188} INFO - [2024-05-06T05:01:31.021+0000] {dagbag.py:540} INFO - Filling up the DagBag from /home/airflow/.local/lib/python3.12/site-packages/airflow/example_dags/example_python_decorator.py
[2024-05-06T05:01:31.037+0000] {processor.py:840} INFO - DAG(s) 'example_python_decorator' retrieved from /home/airflow/.local/lib/python3.12/site-packages/airflow/example_dags/example_python_decorator.py
[2024-05-06T05:01:31.064+0000] {logging_mixin.py:188} INFO - [2024-05-06T05:01:31.064+0000] {dag.py:3096} INFO - Sync 1 DAGs
[2024-05-06T05:01:31.079+0000] {logging_mixin.py:188} INFO - [2024-05-06T05:01:31.079+0000] {dag.py:3954} INFO - Setting next_dagrun for example_python_decorator to None, run_after=None
[2024-05-06T05:01:31.104+0000] {processor.py:183} INFO - Processing /home/airflow/.local/lib/python3.12/site-packages/airflow/example_dags/example_python_decorator.py took 0.092 seconds
[2024-05-06T05:02:01.203+0000] {processor.py:161} INFO - Started process (PID=6453) to work on /home/airflow/.local/lib/python3.12/site-packages/airflow/example_dags/example_python_decorator.py
[2024-05-06T05:02:01.205+0000] {processor.py:830} INFO - Processing file /home/airflow/.local/lib/python3.12/site-packages/airflow/example_dags/example_python_decorator.py for tasks to queue
[2024-05-06T05:02:01.207+0000] {logging_mixin.py:188} INFO - [2024-05-06T05:02:01.206+0000] {dagbag.py:540} INFO - Filling up the DagBag from /home/airflow/.local/lib/python3.12/site-packages/airflow/example_dags/example_python_decorator.py
[2024-05-06T05:02:01.232+0000] {processor.py:840} INFO - DAG(s) 'example_python_decorator' retrieved from /home/airflow/.local/lib/python3.12/site-packages/airflow/example_dags/example_python_decorator.py
[2024-05-06T05:02:01.307+0000] {logging_mixin.py:188} INFO - [2024-05-06T05:02:01.307+0000] {dag.py:3096} INFO - Sync 1 DAGs
[2024-05-06T05:02:01.335+0000] {logging_mixin.py:188} INFO - [2024-05-06T05:02:01.335+0000] {dag.py:3954} INFO - Setting next_dagrun for example_python_decorator to None, run_after=None
[2024-05-06T05:02:01.386+0000] {processor.py:183} INFO - Processing /home/airflow/.local/lib/python3.12/site-packages/airflow/example_dags/example_python_decorator.py took 0.190 seconds
[2024-05-06T05:02:31.443+0000] {processor.py:161} INFO - Started process (PID=6724) to work on /home/airflow/.local/lib/python3.12/site-packages/airflow/example_dags/example_python_decorator.py
[2024-05-06T05:02:31.444+0000] {processor.py:830} INFO - Processing file /home/airflow/.local/lib/python3.12/site-packages/airflow/example_dags/example_python_decorator.py for tasks to queue
[2024-05-06T05:02:31.446+0000] {logging_mixin.py:188} INFO - [2024-05-06T05:02:31.446+0000] {dagbag.py:540} INFO - Filling up the DagBag from /home/airflow/.local/lib/python3.12/site-packages/airflow/example_dags/example_python_decorator.py
[2024-05-06T05:02:31.461+0000] {processor.py:840} INFO - DAG(s) 'example_python_decorator' retrieved from /home/airflow/.local/lib/python3.12/site-packages/airflow/example_dags/example_python_decorator.py
[2024-05-06T05:02:31.496+0000] {logging_mixin.py:188} INFO - [2024-05-06T05:02:31.495+0000] {dag.py:3096} INFO - Sync 1 DAGs
[2024-05-06T05:02:31.506+0000] {logging_mixin.py:188} INFO - [2024-05-06T05:02:31.506+0000] {dag.py:3954} INFO - Setting next_dagrun for example_python_decorator to None, run_after=None
[2024-05-06T05:02:31.526+0000] {processor.py:183} INFO - Processing /home/airflow/.local/lib/python3.12/site-packages/airflow/example_dags/example_python_decorator.py took 0.089 seconds
[2024-05-06T05:03:01.898+0000] {processor.py:161} INFO - Started process (PID=6989) to work on /home/airflow/.local/lib/python3.12/site-packages/airflow/example_dags/example_python_decorator.py
[2024-05-06T05:03:01.899+0000] {processor.py:830} INFO - Processing file /home/airflow/.local/lib/python3.12/site-packages/airflow/example_dags/example_python_decorator.py for tasks to queue
[2024-05-06T05:03:01.901+0000] {logging_mixin.py:188} INFO - [2024-05-06T05:03:01.901+0000] {dagbag.py:540} INFO - Filling up the DagBag from /home/airflow/.local/lib/python3.12/site-packages/airflow/example_dags/example_python_decorator.py
[2024-05-06T05:03:01.918+0000] {processor.py:840} INFO - DAG(s) 'example_python_decorator' retrieved from /home/airflow/.local/lib/python3.12/site-packages/airflow/example_dags/example_python_decorator.py
[2024-05-06T05:03:01.948+0000] {logging_mixin.py:188} INFO - [2024-05-06T05:03:01.948+0000] {dag.py:3096} INFO - Sync 1 DAGs
[2024-05-06T05:03:01.965+0000] {logging_mixin.py:188} INFO - [2024-05-06T05:03:01.965+0000] {dag.py:3954} INFO - Setting next_dagrun for example_python_decorator to None, run_after=None
[2024-05-06T05:03:01.994+0000] {processor.py:183} INFO - Processing /home/airflow/.local/lib/python3.12/site-packages/airflow/example_dags/example_python_decorator.py took 0.102 seconds
[2024-05-06T05:03:32.033+0000] {processor.py:161} INFO - Started process (PID=7256) to work on /home/airflow/.local/lib/python3.12/site-packages/airflow/example_dags/example_python_decorator.py
[2024-05-06T05:03:32.034+0000] {processor.py:830} INFO - Processing file /home/airflow/.local/lib/python3.12/site-packages/airflow/example_dags/example_python_decorator.py for tasks to queue
[2024-05-06T05:03:32.035+0000] {logging_mixin.py:188} INFO - [2024-05-06T05:03:32.035+0000] {dagbag.py:540} INFO - Filling up the DagBag from /home/airflow/.local/lib/python3.12/site-packages/airflow/example_dags/example_python_decorator.py
[2024-05-06T05:03:32.046+0000] {processor.py:840} INFO - DAG(s) 'example_python_decorator' retrieved from /home/airflow/.local/lib/python3.12/site-packages/airflow/example_dags/example_python_decorator.py
[2024-05-06T05:03:32.064+0000] {logging_mixin.py:188} INFO - [2024-05-06T05:03:32.064+0000] {dag.py:3096} INFO - Sync 1 DAGs
[2024-05-06T05:03:32.184+0000] {logging_mixin.py:188} INFO - [2024-05-06T05:03:32.184+0000] {dag.py:3954} INFO - Setting next_dagrun for example_python_decorator to None, run_after=None
[2024-05-06T05:03:32.205+0000] {processor.py:183} INFO - Processing /home/airflow/.local/lib/python3.12/site-packages/airflow/example_dags/example_python_decorator.py took 0.177 seconds
[2024-05-06T05:04:02.926+0000] {processor.py:161} INFO - Started process (PID=7523) to work on /home/airflow/.local/lib/python3.12/site-packages/airflow/example_dags/example_python_decorator.py
[2024-05-06T05:04:02.927+0000] {processor.py:830} INFO - Processing file /home/airflow/.local/lib/python3.12/site-packages/airflow/example_dags/example_python_decorator.py for tasks to queue
[2024-05-06T05:04:02.928+0000] {logging_mixin.py:188} INFO - [2024-05-06T05:04:02.928+0000] {dagbag.py:540} INFO - Filling up the DagBag from /home/airflow/.local/lib/python3.12/site-packages/airflow/example_dags/example_python_decorator.py
[2024-05-06T05:04:02.939+0000] {processor.py:840} INFO - DAG(s) 'example_python_decorator' retrieved from /home/airflow/.local/lib/python3.12/site-packages/airflow/example_dags/example_python_decorator.py
[2024-05-06T05:04:02.958+0000] {logging_mixin.py:188} INFO - [2024-05-06T05:04:02.958+0000] {dag.py:3096} INFO - Sync 1 DAGs
[2024-05-06T05:04:02.969+0000] {logging_mixin.py:188} INFO - [2024-05-06T05:04:02.969+0000] {dag.py:3954} INFO - Setting next_dagrun for example_python_decorator to None, run_after=None
[2024-05-06T05:04:03.109+0000] {processor.py:183} INFO - Processing /home/airflow/.local/lib/python3.12/site-packages/airflow/example_dags/example_python_decorator.py took 0.187 seconds
[2024-05-06T05:04:33.158+0000] {processor.py:161} INFO - Started process (PID=7788) to work on /home/airflow/.local/lib/python3.12/site-packages/airflow/example_dags/example_python_decorator.py
[2024-05-06T05:04:33.158+0000] {processor.py:830} INFO - Processing file /home/airflow/.local/lib/python3.12/site-packages/airflow/example_dags/example_python_decorator.py for tasks to queue
[2024-05-06T05:04:33.165+0000] {logging_mixin.py:188} INFO - [2024-05-06T05:04:33.165+0000] {dagbag.py:540} INFO - Filling up the DagBag from /home/airflow/.local/lib/python3.12/site-packages/airflow/example_dags/example_python_decorator.py
[2024-05-06T05:04:33.189+0000] {processor.py:840} INFO - DAG(s) 'example_python_decorator' retrieved from /home/airflow/.local/lib/python3.12/site-packages/airflow/example_dags/example_python_decorator.py
[2024-05-06T05:04:33.223+0000] {logging_mixin.py:188} INFO - [2024-05-06T05:04:33.223+0000] {dag.py:3096} INFO - Sync 1 DAGs
[2024-05-06T05:04:33.240+0000] {logging_mixin.py:188} INFO - [2024-05-06T05:04:33.239+0000] {dag.py:3954} INFO - Setting next_dagrun for example_python_decorator to None, run_after=None
[2024-05-06T05:04:33.271+0000] {processor.py:183} INFO - Processing /home/airflow/.local/lib/python3.12/site-packages/airflow/example_dags/example_python_decorator.py took 0.130 seconds
[2024-05-06T05:05:03.327+0000] {processor.py:161} INFO - Started process (PID=8055) to work on /home/airflow/.local/lib/python3.12/site-packages/airflow/example_dags/example_python_decorator.py
[2024-05-06T05:05:03.328+0000] {processor.py:830} INFO - Processing file /home/airflow/.local/lib/python3.12/site-packages/airflow/example_dags/example_python_decorator.py for tasks to queue
[2024-05-06T05:05:03.330+0000] {logging_mixin.py:188} INFO - [2024-05-06T05:05:03.330+0000] {dagbag.py:540} INFO - Filling up the DagBag from /home/airflow/.local/lib/python3.12/site-packages/airflow/example_dags/example_python_decorator.py
[2024-05-06T05:05:03.353+0000] {processor.py:840} INFO - DAG(s) 'example_python_decorator' retrieved from /home/airflow/.local/lib/python3.12/site-packages/airflow/example_dags/example_python_decorator.py
[2024-05-06T05:05:03.386+0000] {logging_mixin.py:188} INFO - [2024-05-06T05:05:03.386+0000] {dag.py:3096} INFO - Sync 1 DAGs
[2024-05-06T05:05:03.397+0000] {logging_mixin.py:188} INFO - [2024-05-06T05:05:03.396+0000] {dag.py:3954} INFO - Setting next_dagrun for example_python_decorator to None, run_after=None
[2024-05-06T05:05:03.417+0000] {processor.py:183} INFO - Processing /home/airflow/.local/lib/python3.12/site-packages/airflow/example_dags/example_python_decorator.py took 0.097 seconds
[2024-05-06T05:05:33.509+0000] {processor.py:161} INFO - Started process (PID=8327) to work on /home/airflow/.local/lib/python3.12/site-packages/airflow/example_dags/example_python_decorator.py
[2024-05-06T05:05:33.510+0000] {processor.py:830} INFO - Processing file /home/airflow/.local/lib/python3.12/site-packages/airflow/example_dags/example_python_decorator.py for tasks to queue
[2024-05-06T05:05:33.512+0000] {logging_mixin.py:188} INFO - [2024-05-06T05:05:33.511+0000] {dagbag.py:540} INFO - Filling up the DagBag from /home/airflow/.local/lib/python3.12/site-packages/airflow/example_dags/example_python_decorator.py
[2024-05-06T05:05:33.528+0000] {processor.py:840} INFO - DAG(s) 'example_python_decorator' retrieved from /home/airflow/.local/lib/python3.12/site-packages/airflow/example_dags/example_python_decorator.py
[2024-05-06T05:05:33.554+0000] {logging_mixin.py:188} INFO - [2024-05-06T05:05:33.554+0000] {dag.py:3096} INFO - Sync 1 DAGs
[2024-05-06T05:05:33.567+0000] {logging_mixin.py:188} INFO - [2024-05-06T05:05:33.567+0000] {dag.py:3954} INFO - Setting next_dagrun for example_python_decorator to None, run_after=None
[2024-05-06T05:05:33.595+0000] {processor.py:183} INFO - Processing /home/airflow/.local/lib/python3.12/site-packages/airflow/example_dags/example_python_decorator.py took 0.093 seconds
[2024-05-06T05:06:03.948+0000] {processor.py:161} INFO - Started process (PID=8599) to work on /home/airflow/.local/lib/python3.12/site-packages/airflow/example_dags/example_python_decorator.py
[2024-05-06T05:06:03.949+0000] {processor.py:830} INFO - Processing file /home/airflow/.local/lib/python3.12/site-packages/airflow/example_dags/example_python_decorator.py for tasks to queue
[2024-05-06T05:06:03.952+0000] {logging_mixin.py:188} INFO - [2024-05-06T05:06:03.952+0000] {dagbag.py:540} INFO - Filling up the DagBag from /home/airflow/.local/lib/python3.12/site-packages/airflow/example_dags/example_python_decorator.py
[2024-05-06T05:06:03.969+0000] {processor.py:840} INFO - DAG(s) 'example_python_decorator' retrieved from /home/airflow/.local/lib/python3.12/site-packages/airflow/example_dags/example_python_decorator.py
[2024-05-06T05:06:04.006+0000] {logging_mixin.py:188} INFO - [2024-05-06T05:06:04.006+0000] {dag.py:3096} INFO - Sync 1 DAGs
[2024-05-06T05:06:04.030+0000] {logging_mixin.py:188} INFO - [2024-05-06T05:06:04.030+0000] {dag.py:3954} INFO - Setting next_dagrun for example_python_decorator to None, run_after=None
[2024-05-06T05:06:04.056+0000] {processor.py:183} INFO - Processing /home/airflow/.local/lib/python3.12/site-packages/airflow/example_dags/example_python_decorator.py took 0.115 seconds
[2024-05-06T05:06:34.357+0000] {processor.py:161} INFO - Started process (PID=8871) to work on /home/airflow/.local/lib/python3.12/site-packages/airflow/example_dags/example_python_decorator.py
[2024-05-06T05:06:34.358+0000] {processor.py:830} INFO - Processing file /home/airflow/.local/lib/python3.12/site-packages/airflow/example_dags/example_python_decorator.py for tasks to queue
[2024-05-06T05:06:34.359+0000] {logging_mixin.py:188} INFO - [2024-05-06T05:06:34.359+0000] {dagbag.py:540} INFO - Filling up the DagBag from /home/airflow/.local/lib/python3.12/site-packages/airflow/example_dags/example_python_decorator.py
[2024-05-06T05:06:34.375+0000] {processor.py:840} INFO - DAG(s) 'example_python_decorator' retrieved from /home/airflow/.local/lib/python3.12/site-packages/airflow/example_dags/example_python_decorator.py
[2024-05-06T05:06:34.402+0000] {logging_mixin.py:188} INFO - [2024-05-06T05:06:34.401+0000] {dag.py:3096} INFO - Sync 1 DAGs
[2024-05-06T05:06:34.417+0000] {logging_mixin.py:188} INFO - [2024-05-06T05:06:34.417+0000] {dag.py:3954} INFO - Setting next_dagrun for example_python_decorator to None, run_after=None
[2024-05-06T05:06:34.441+0000] {processor.py:183} INFO - Processing /home/airflow/.local/lib/python3.12/site-packages/airflow/example_dags/example_python_decorator.py took 0.090 seconds
[2024-05-06T05:07:04.922+0000] {processor.py:161} INFO - Started process (PID=9143) to work on /home/airflow/.local/lib/python3.12/site-packages/airflow/example_dags/example_python_decorator.py
[2024-05-06T05:07:04.923+0000] {processor.py:830} INFO - Processing file /home/airflow/.local/lib/python3.12/site-packages/airflow/example_dags/example_python_decorator.py for tasks to queue
[2024-05-06T05:07:04.925+0000] {logging_mixin.py:188} INFO - [2024-05-06T05:07:04.925+0000] {dagbag.py:540} INFO - Filling up the DagBag from /home/airflow/.local/lib/python3.12/site-packages/airflow/example_dags/example_python_decorator.py
[2024-05-06T05:07:04.956+0000] {processor.py:840} INFO - DAG(s) 'example_python_decorator' retrieved from /home/airflow/.local/lib/python3.12/site-packages/airflow/example_dags/example_python_decorator.py
[2024-05-06T05:07:05.011+0000] {logging_mixin.py:188} INFO - [2024-05-06T05:07:05.010+0000] {dag.py:3096} INFO - Sync 1 DAGs
[2024-05-06T05:07:05.028+0000] {logging_mixin.py:188} INFO - [2024-05-06T05:07:05.027+0000] {dag.py:3954} INFO - Setting next_dagrun for example_python_decorator to None, run_after=None
[2024-05-06T05:07:05.054+0000] {processor.py:183} INFO - Processing /home/airflow/.local/lib/python3.12/site-packages/airflow/example_dags/example_python_decorator.py took 0.140 seconds
[2024-05-06T05:07:35.706+0000] {processor.py:161} INFO - Started process (PID=9417) to work on /home/airflow/.local/lib/python3.12/site-packages/airflow/example_dags/example_python_decorator.py
[2024-05-06T05:07:35.707+0000] {processor.py:830} INFO - Processing file /home/airflow/.local/lib/python3.12/site-packages/airflow/example_dags/example_python_decorator.py for tasks to queue
[2024-05-06T05:07:35.714+0000] {logging_mixin.py:188} INFO - [2024-05-06T05:07:35.714+0000] {dagbag.py:540} INFO - Filling up the DagBag from /home/airflow/.local/lib/python3.12/site-packages/airflow/example_dags/example_python_decorator.py
[2024-05-06T05:07:35.736+0000] {processor.py:840} INFO - DAG(s) 'example_python_decorator' retrieved from /home/airflow/.local/lib/python3.12/site-packages/airflow/example_dags/example_python_decorator.py
[2024-05-06T05:07:35.762+0000] {logging_mixin.py:188} INFO - [2024-05-06T05:07:35.761+0000] {dag.py:3096} INFO - Sync 1 DAGs
[2024-05-06T05:07:35.777+0000] {logging_mixin.py:188} INFO - [2024-05-06T05:07:35.776+0000] {dag.py:3954} INFO - Setting next_dagrun for example_python_decorator to None, run_after=None
[2024-05-06T05:07:35.802+0000] {processor.py:183} INFO - Processing /home/airflow/.local/lib/python3.12/site-packages/airflow/example_dags/example_python_decorator.py took 0.102 seconds
[2024-05-06T05:08:06.348+0000] {processor.py:161} INFO - Started process (PID=9690) to work on /home/airflow/.local/lib/python3.12/site-packages/airflow/example_dags/example_python_decorator.py
[2024-05-06T05:08:06.349+0000] {processor.py:830} INFO - Processing file /home/airflow/.local/lib/python3.12/site-packages/airflow/example_dags/example_python_decorator.py for tasks to queue
[2024-05-06T05:08:06.350+0000] {logging_mixin.py:188} INFO - [2024-05-06T05:08:06.350+0000] {dagbag.py:540} INFO - Filling up the DagBag from /home/airflow/.local/lib/python3.12/site-packages/airflow/example_dags/example_python_decorator.py
[2024-05-06T05:08:06.368+0000] {processor.py:840} INFO - DAG(s) 'example_python_decorator' retrieved from /home/airflow/.local/lib/python3.12/site-packages/airflow/example_dags/example_python_decorator.py
[2024-05-06T05:08:06.394+0000] {logging_mixin.py:188} INFO - [2024-05-06T05:08:06.394+0000] {dag.py:3096} INFO - Sync 1 DAGs
[2024-05-06T05:08:06.409+0000] {logging_mixin.py:188} INFO - [2024-05-06T05:08:06.408+0000] {dag.py:3954} INFO - Setting next_dagrun for example_python_decorator to None, run_after=None
[2024-05-06T05:08:06.433+0000] {processor.py:183} INFO - Processing /home/airflow/.local/lib/python3.12/site-packages/airflow/example_dags/example_python_decorator.py took 0.093 seconds
[2024-05-06T05:08:36.994+0000] {processor.py:161} INFO - Started process (PID=9962) to work on /home/airflow/.local/lib/python3.12/site-packages/airflow/example_dags/example_python_decorator.py
[2024-05-06T05:08:36.995+0000] {processor.py:830} INFO - Processing file /home/airflow/.local/lib/python3.12/site-packages/airflow/example_dags/example_python_decorator.py for tasks to queue
[2024-05-06T05:08:36.996+0000] {logging_mixin.py:188} INFO - [2024-05-06T05:08:36.996+0000] {dagbag.py:540} INFO - Filling up the DagBag from /home/airflow/.local/lib/python3.12/site-packages/airflow/example_dags/example_python_decorator.py
[2024-05-06T05:08:37.013+0000] {processor.py:840} INFO - DAG(s) 'example_python_decorator' retrieved from /home/airflow/.local/lib/python3.12/site-packages/airflow/example_dags/example_python_decorator.py
[2024-05-06T05:08:37.039+0000] {logging_mixin.py:188} INFO - [2024-05-06T05:08:37.039+0000] {dag.py:3096} INFO - Sync 1 DAGs
[2024-05-06T05:08:37.053+0000] {logging_mixin.py:188} INFO - [2024-05-06T05:08:37.052+0000] {dag.py:3954} INFO - Setting next_dagrun for example_python_decorator to None, run_after=None
[2024-05-06T05:08:37.076+0000] {processor.py:183} INFO - Processing /home/airflow/.local/lib/python3.12/site-packages/airflow/example_dags/example_python_decorator.py took 0.089 seconds
[2024-05-06T05:09:07.600+0000] {processor.py:161} INFO - Started process (PID=10234) to work on /home/airflow/.local/lib/python3.12/site-packages/airflow/example_dags/example_python_decorator.py
[2024-05-06T05:09:07.601+0000] {processor.py:830} INFO - Processing file /home/airflow/.local/lib/python3.12/site-packages/airflow/example_dags/example_python_decorator.py for tasks to queue
[2024-05-06T05:09:07.603+0000] {logging_mixin.py:188} INFO - [2024-05-06T05:09:07.602+0000] {dagbag.py:540} INFO - Filling up the DagBag from /home/airflow/.local/lib/python3.12/site-packages/airflow/example_dags/example_python_decorator.py
[2024-05-06T05:09:07.619+0000] {processor.py:840} INFO - DAG(s) 'example_python_decorator' retrieved from /home/airflow/.local/lib/python3.12/site-packages/airflow/example_dags/example_python_decorator.py
[2024-05-06T05:09:07.644+0000] {logging_mixin.py:188} INFO - [2024-05-06T05:09:07.644+0000] {dag.py:3096} INFO - Sync 1 DAGs
[2024-05-06T05:09:07.659+0000] {logging_mixin.py:188} INFO - [2024-05-06T05:09:07.659+0000] {dag.py:3954} INFO - Setting next_dagrun for example_python_decorator to None, run_after=None
[2024-05-06T05:09:07.684+0000] {processor.py:183} INFO - Processing /home/airflow/.local/lib/python3.12/site-packages/airflow/example_dags/example_python_decorator.py took 0.094 seconds
[2024-05-06T05:09:38.006+0000] {processor.py:161} INFO - Started process (PID=10506) to work on /home/airflow/.local/lib/python3.12/site-packages/airflow/example_dags/example_python_decorator.py
[2024-05-06T05:09:38.008+0000] {processor.py:830} INFO - Processing file /home/airflow/.local/lib/python3.12/site-packages/airflow/example_dags/example_python_decorator.py for tasks to queue
[2024-05-06T05:09:38.010+0000] {logging_mixin.py:188} INFO - [2024-05-06T05:09:38.010+0000] {dagbag.py:540} INFO - Filling up the DagBag from /home/airflow/.local/lib/python3.12/site-packages/airflow/example_dags/example_python_decorator.py
[2024-05-06T05:09:38.025+0000] {processor.py:840} INFO - DAG(s) 'example_python_decorator' retrieved from /home/airflow/.local/lib/python3.12/site-packages/airflow/example_dags/example_python_decorator.py
[2024-05-06T05:09:38.052+0000] {logging_mixin.py:188} INFO - [2024-05-06T05:09:38.052+0000] {dag.py:3096} INFO - Sync 1 DAGs
[2024-05-06T05:09:38.068+0000] {logging_mixin.py:188} INFO - [2024-05-06T05:09:38.068+0000] {dag.py:3954} INFO - Setting next_dagrun for example_python_decorator to None, run_after=None
[2024-05-06T05:09:38.094+0000] {processor.py:183} INFO - Processing /home/airflow/.local/lib/python3.12/site-packages/airflow/example_dags/example_python_decorator.py took 0.099 seconds
[2024-05-06T05:10:08.609+0000] {processor.py:161} INFO - Started process (PID=10780) to work on /home/airflow/.local/lib/python3.12/site-packages/airflow/example_dags/example_python_decorator.py
[2024-05-06T05:10:08.610+0000] {processor.py:830} INFO - Processing file /home/airflow/.local/lib/python3.12/site-packages/airflow/example_dags/example_python_decorator.py for tasks to queue
[2024-05-06T05:10:08.612+0000] {logging_mixin.py:188} INFO - [2024-05-06T05:10:08.611+0000] {dagbag.py:540} INFO - Filling up the DagBag from /home/airflow/.local/lib/python3.12/site-packages/airflow/example_dags/example_python_decorator.py
[2024-05-06T05:10:08.628+0000] {processor.py:840} INFO - DAG(s) 'example_python_decorator' retrieved from /home/airflow/.local/lib/python3.12/site-packages/airflow/example_dags/example_python_decorator.py
[2024-05-06T05:10:08.656+0000] {logging_mixin.py:188} INFO - [2024-05-06T05:10:08.656+0000] {dag.py:3096} INFO - Sync 1 DAGs
[2024-05-06T05:10:08.672+0000] {logging_mixin.py:188} INFO - [2024-05-06T05:10:08.672+0000] {dag.py:3954} INFO - Setting next_dagrun for example_python_decorator to None, run_after=None
[2024-05-06T05:10:08.698+0000] {processor.py:183} INFO - Processing /home/airflow/.local/lib/python3.12/site-packages/airflow/example_dags/example_python_decorator.py took 0.095 seconds
[2024-05-06T05:10:38.935+0000] {processor.py:161} INFO - Started process (PID=11050) to work on /home/airflow/.local/lib/python3.12/site-packages/airflow/example_dags/example_python_decorator.py
[2024-05-06T05:10:38.936+0000] {processor.py:830} INFO - Processing file /home/airflow/.local/lib/python3.12/site-packages/airflow/example_dags/example_python_decorator.py for tasks to queue
[2024-05-06T05:10:38.938+0000] {logging_mixin.py:188} INFO - [2024-05-06T05:10:38.937+0000] {dagbag.py:540} INFO - Filling up the DagBag from /home/airflow/.local/lib/python3.12/site-packages/airflow/example_dags/example_python_decorator.py
[2024-05-06T05:10:38.953+0000] {processor.py:840} INFO - DAG(s) 'example_python_decorator' retrieved from /home/airflow/.local/lib/python3.12/site-packages/airflow/example_dags/example_python_decorator.py
[2024-05-06T05:10:38.981+0000] {logging_mixin.py:188} INFO - [2024-05-06T05:10:38.980+0000] {dag.py:3096} INFO - Sync 1 DAGs
[2024-05-06T05:10:38.997+0000] {logging_mixin.py:188} INFO - [2024-05-06T05:10:38.996+0000] {dag.py:3954} INFO - Setting next_dagrun for example_python_decorator to None, run_after=None
[2024-05-06T05:10:39.039+0000] {processor.py:183} INFO - Processing /home/airflow/.local/lib/python3.12/site-packages/airflow/example_dags/example_python_decorator.py took 0.111 seconds
[2024-05-06T05:11:09.302+0000] {processor.py:161} INFO - Started process (PID=11322) to work on /home/airflow/.local/lib/python3.12/site-packages/airflow/example_dags/example_python_decorator.py
[2024-05-06T05:11:09.311+0000] {processor.py:830} INFO - Processing file /home/airflow/.local/lib/python3.12/site-packages/airflow/example_dags/example_python_decorator.py for tasks to queue
[2024-05-06T05:11:09.313+0000] {logging_mixin.py:188} INFO - [2024-05-06T05:11:09.312+0000] {dagbag.py:540} INFO - Filling up the DagBag from /home/airflow/.local/lib/python3.12/site-packages/airflow/example_dags/example_python_decorator.py
[2024-05-06T05:11:09.352+0000] {processor.py:840} INFO - DAG(s) 'example_python_decorator' retrieved from /home/airflow/.local/lib/python3.12/site-packages/airflow/example_dags/example_python_decorator.py
[2024-05-06T05:11:09.385+0000] {logging_mixin.py:188} INFO - [2024-05-06T05:11:09.385+0000] {dag.py:3096} INFO - Sync 1 DAGs
[2024-05-06T05:11:09.401+0000] {logging_mixin.py:188} INFO - [2024-05-06T05:11:09.401+0000] {dag.py:3954} INFO - Setting next_dagrun for example_python_decorator to None, run_after=None
[2024-05-06T05:11:09.428+0000] {processor.py:183} INFO - Processing /home/airflow/.local/lib/python3.12/site-packages/airflow/example_dags/example_python_decorator.py took 0.138 seconds
[2024-05-06T05:11:40.003+0000] {processor.py:161} INFO - Started process (PID=11595) to work on /home/airflow/.local/lib/python3.12/site-packages/airflow/example_dags/example_python_decorator.py
[2024-05-06T05:11:40.005+0000] {processor.py:830} INFO - Processing file /home/airflow/.local/lib/python3.12/site-packages/airflow/example_dags/example_python_decorator.py for tasks to queue
[2024-05-06T05:11:40.008+0000] {logging_mixin.py:188} INFO - [2024-05-06T05:11:40.007+0000] {dagbag.py:540} INFO - Filling up the DagBag from /home/airflow/.local/lib/python3.12/site-packages/airflow/example_dags/example_python_decorator.py
[2024-05-06T05:11:40.034+0000] {processor.py:840} INFO - DAG(s) 'example_python_decorator' retrieved from /home/airflow/.local/lib/python3.12/site-packages/airflow/example_dags/example_python_decorator.py
[2024-05-06T05:11:40.068+0000] {logging_mixin.py:188} INFO - [2024-05-06T05:11:40.068+0000] {dag.py:3096} INFO - Sync 1 DAGs
[2024-05-06T05:11:40.084+0000] {logging_mixin.py:188} INFO - [2024-05-06T05:11:40.084+0000] {dag.py:3954} INFO - Setting next_dagrun for example_python_decorator to None, run_after=None
[2024-05-06T05:11:40.109+0000] {processor.py:183} INFO - Processing /home/airflow/.local/lib/python3.12/site-packages/airflow/example_dags/example_python_decorator.py took 0.116 seconds
[2024-05-06T05:12:10.213+0000] {processor.py:161} INFO - Started process (PID=11867) to work on /home/airflow/.local/lib/python3.12/site-packages/airflow/example_dags/example_python_decorator.py
[2024-05-06T05:12:10.214+0000] {processor.py:830} INFO - Processing file /home/airflow/.local/lib/python3.12/site-packages/airflow/example_dags/example_python_decorator.py for tasks to queue
[2024-05-06T05:12:10.216+0000] {logging_mixin.py:188} INFO - [2024-05-06T05:12:10.215+0000] {dagbag.py:540} INFO - Filling up the DagBag from /home/airflow/.local/lib/python3.12/site-packages/airflow/example_dags/example_python_decorator.py
[2024-05-06T05:12:10.233+0000] {processor.py:840} INFO - DAG(s) 'example_python_decorator' retrieved from /home/airflow/.local/lib/python3.12/site-packages/airflow/example_dags/example_python_decorator.py
[2024-05-06T05:12:10.260+0000] {logging_mixin.py:188} INFO - [2024-05-06T05:12:10.260+0000] {dag.py:3096} INFO - Sync 1 DAGs
[2024-05-06T05:12:10.276+0000] {logging_mixin.py:188} INFO - [2024-05-06T05:12:10.276+0000] {dag.py:3954} INFO - Setting next_dagrun for example_python_decorator to None, run_after=None
[2024-05-06T05:12:10.304+0000] {processor.py:183} INFO - Processing /home/airflow/.local/lib/python3.12/site-packages/airflow/example_dags/example_python_decorator.py took 0.098 seconds
[2024-05-06T05:12:40.763+0000] {processor.py:161} INFO - Started process (PID=12139) to work on /home/airflow/.local/lib/python3.12/site-packages/airflow/example_dags/example_python_decorator.py
[2024-05-06T05:12:40.765+0000] {processor.py:830} INFO - Processing file /home/airflow/.local/lib/python3.12/site-packages/airflow/example_dags/example_python_decorator.py for tasks to queue
[2024-05-06T05:12:40.767+0000] {logging_mixin.py:188} INFO - [2024-05-06T05:12:40.766+0000] {dagbag.py:540} INFO - Filling up the DagBag from /home/airflow/.local/lib/python3.12/site-packages/airflow/example_dags/example_python_decorator.py
[2024-05-06T05:12:40.786+0000] {processor.py:840} INFO - DAG(s) 'example_python_decorator' retrieved from /home/airflow/.local/lib/python3.12/site-packages/airflow/example_dags/example_python_decorator.py
[2024-05-06T05:12:40.812+0000] {logging_mixin.py:188} INFO - [2024-05-06T05:12:40.812+0000] {dag.py:3096} INFO - Sync 1 DAGs
[2024-05-06T05:12:40.828+0000] {logging_mixin.py:188} INFO - [2024-05-06T05:12:40.828+0000] {dag.py:3954} INFO - Setting next_dagrun for example_python_decorator to None, run_after=None
[2024-05-06T05:12:40.856+0000] {processor.py:183} INFO - Processing /home/airflow/.local/lib/python3.12/site-packages/airflow/example_dags/example_python_decorator.py took 0.103 seconds
[2024-05-06T05:13:11.457+0000] {processor.py:161} INFO - Started process (PID=12412) to work on /home/airflow/.local/lib/python3.12/site-packages/airflow/example_dags/example_python_decorator.py
[2024-05-06T05:13:11.458+0000] {processor.py:830} INFO - Processing file /home/airflow/.local/lib/python3.12/site-packages/airflow/example_dags/example_python_decorator.py for tasks to queue
[2024-05-06T05:13:11.460+0000] {logging_mixin.py:188} INFO - [2024-05-06T05:13:11.460+0000] {dagbag.py:540} INFO - Filling up the DagBag from /home/airflow/.local/lib/python3.12/site-packages/airflow/example_dags/example_python_decorator.py
[2024-05-06T05:13:11.475+0000] {processor.py:840} INFO - DAG(s) 'example_python_decorator' retrieved from /home/airflow/.local/lib/python3.12/site-packages/airflow/example_dags/example_python_decorator.py
[2024-05-06T05:13:11.500+0000] {logging_mixin.py:188} INFO - [2024-05-06T05:13:11.500+0000] {dag.py:3096} INFO - Sync 1 DAGs
[2024-05-06T05:13:11.517+0000] {logging_mixin.py:188} INFO - [2024-05-06T05:13:11.517+0000] {dag.py:3954} INFO - Setting next_dagrun for example_python_decorator to None, run_after=None
[2024-05-06T05:13:11.544+0000] {processor.py:183} INFO - Processing /home/airflow/.local/lib/python3.12/site-packages/airflow/example_dags/example_python_decorator.py took 0.099 seconds
[2024-05-06T05:13:42.125+0000] {processor.py:161} INFO - Started process (PID=12685) to work on /home/airflow/.local/lib/python3.12/site-packages/airflow/example_dags/example_python_decorator.py
[2024-05-06T05:13:42.126+0000] {processor.py:830} INFO - Processing file /home/airflow/.local/lib/python3.12/site-packages/airflow/example_dags/example_python_decorator.py for tasks to queue
[2024-05-06T05:13:42.128+0000] {logging_mixin.py:188} INFO - [2024-05-06T05:13:42.127+0000] {dagbag.py:540} INFO - Filling up the DagBag from /home/airflow/.local/lib/python3.12/site-packages/airflow/example_dags/example_python_decorator.py
[2024-05-06T05:13:42.147+0000] {processor.py:840} INFO - DAG(s) 'example_python_decorator' retrieved from /home/airflow/.local/lib/python3.12/site-packages/airflow/example_dags/example_python_decorator.py
[2024-05-06T05:13:42.174+0000] {logging_mixin.py:188} INFO - [2024-05-06T05:13:42.174+0000] {dag.py:3096} INFO - Sync 1 DAGs
[2024-05-06T05:13:42.189+0000] {logging_mixin.py:188} INFO - [2024-05-06T05:13:42.189+0000] {dag.py:3954} INFO - Setting next_dagrun for example_python_decorator to None, run_after=None
[2024-05-06T05:13:42.215+0000] {processor.py:183} INFO - Processing /home/airflow/.local/lib/python3.12/site-packages/airflow/example_dags/example_python_decorator.py took 0.098 seconds
[2024-05-06T05:14:12.888+0000] {processor.py:161} INFO - Started process (PID=12957) to work on /home/airflow/.local/lib/python3.12/site-packages/airflow/example_dags/example_python_decorator.py
[2024-05-06T05:14:12.889+0000] {processor.py:830} INFO - Processing file /home/airflow/.local/lib/python3.12/site-packages/airflow/example_dags/example_python_decorator.py for tasks to queue
[2024-05-06T05:14:12.891+0000] {logging_mixin.py:188} INFO - [2024-05-06T05:14:12.890+0000] {dagbag.py:540} INFO - Filling up the DagBag from /home/airflow/.local/lib/python3.12/site-packages/airflow/example_dags/example_python_decorator.py
[2024-05-06T05:14:12.912+0000] {processor.py:840} INFO - DAG(s) 'example_python_decorator' retrieved from /home/airflow/.local/lib/python3.12/site-packages/airflow/example_dags/example_python_decorator.py
[2024-05-06T05:14:12.943+0000] {logging_mixin.py:188} INFO - [2024-05-06T05:14:12.942+0000] {dag.py:3096} INFO - Sync 1 DAGs
[2024-05-06T05:14:12.961+0000] {logging_mixin.py:188} INFO - [2024-05-06T05:14:12.961+0000] {dag.py:3954} INFO - Setting next_dagrun for example_python_decorator to None, run_after=None
[2024-05-06T05:14:12.988+0000] {processor.py:183} INFO - Processing /home/airflow/.local/lib/python3.12/site-packages/airflow/example_dags/example_python_decorator.py took 0.108 seconds
[2024-05-06T05:14:43.614+0000] {processor.py:161} INFO - Started process (PID=13230) to work on /home/airflow/.local/lib/python3.12/site-packages/airflow/example_dags/example_python_decorator.py
[2024-05-06T05:14:43.615+0000] {processor.py:830} INFO - Processing file /home/airflow/.local/lib/python3.12/site-packages/airflow/example_dags/example_python_decorator.py for tasks to queue
[2024-05-06T05:14:43.617+0000] {logging_mixin.py:188} INFO - [2024-05-06T05:14:43.617+0000] {dagbag.py:540} INFO - Filling up the DagBag from /home/airflow/.local/lib/python3.12/site-packages/airflow/example_dags/example_python_decorator.py
[2024-05-06T05:14:43.633+0000] {processor.py:840} INFO - DAG(s) 'example_python_decorator' retrieved from /home/airflow/.local/lib/python3.12/site-packages/airflow/example_dags/example_python_decorator.py
[2024-05-06T05:14:43.658+0000] {logging_mixin.py:188} INFO - [2024-05-06T05:14:43.657+0000] {dag.py:3096} INFO - Sync 1 DAGs
[2024-05-06T05:14:43.683+0000] {logging_mixin.py:188} INFO - [2024-05-06T05:14:43.683+0000] {dag.py:3954} INFO - Setting next_dagrun for example_python_decorator to None, run_after=None
[2024-05-06T05:14:43.722+0000] {processor.py:183} INFO - Processing /home/airflow/.local/lib/python3.12/site-packages/airflow/example_dags/example_python_decorator.py took 0.115 seconds
[2024-05-06T05:15:14.381+0000] {processor.py:161} INFO - Started process (PID=13502) to work on /home/airflow/.local/lib/python3.12/site-packages/airflow/example_dags/example_python_decorator.py
[2024-05-06T05:15:14.384+0000] {processor.py:830} INFO - Processing file /home/airflow/.local/lib/python3.12/site-packages/airflow/example_dags/example_python_decorator.py for tasks to queue
[2024-05-06T05:15:14.387+0000] {logging_mixin.py:188} INFO - [2024-05-06T05:15:14.387+0000] {dagbag.py:540} INFO - Filling up the DagBag from /home/airflow/.local/lib/python3.12/site-packages/airflow/example_dags/example_python_decorator.py
[2024-05-06T05:15:14.404+0000] {processor.py:840} INFO - DAG(s) 'example_python_decorator' retrieved from /home/airflow/.local/lib/python3.12/site-packages/airflow/example_dags/example_python_decorator.py
[2024-05-06T05:15:14.430+0000] {logging_mixin.py:188} INFO - [2024-05-06T05:15:14.430+0000] {dag.py:3096} INFO - Sync 1 DAGs
[2024-05-06T05:15:14.446+0000] {logging_mixin.py:188} INFO - [2024-05-06T05:15:14.446+0000] {dag.py:3954} INFO - Setting next_dagrun for example_python_decorator to None, run_after=None
[2024-05-06T05:15:14.472+0000] {processor.py:183} INFO - Processing /home/airflow/.local/lib/python3.12/site-packages/airflow/example_dags/example_python_decorator.py took 0.103 seconds
[2024-05-06T05:15:45.006+0000] {processor.py:161} INFO - Started process (PID=13775) to work on /home/airflow/.local/lib/python3.12/site-packages/airflow/example_dags/example_python_decorator.py
[2024-05-06T05:15:45.007+0000] {processor.py:830} INFO - Processing file /home/airflow/.local/lib/python3.12/site-packages/airflow/example_dags/example_python_decorator.py for tasks to queue
[2024-05-06T05:15:45.009+0000] {logging_mixin.py:188} INFO - [2024-05-06T05:15:45.009+0000] {dagbag.py:540} INFO - Filling up the DagBag from /home/airflow/.local/lib/python3.12/site-packages/airflow/example_dags/example_python_decorator.py
[2024-05-06T05:15:45.026+0000] {processor.py:840} INFO - DAG(s) 'example_python_decorator' retrieved from /home/airflow/.local/lib/python3.12/site-packages/airflow/example_dags/example_python_decorator.py
[2024-05-06T05:15:45.058+0000] {logging_mixin.py:188} INFO - [2024-05-06T05:15:45.058+0000] {dag.py:3096} INFO - Sync 1 DAGs
[2024-05-06T05:15:45.074+0000] {logging_mixin.py:188} INFO - [2024-05-06T05:15:45.074+0000] {dag.py:3954} INFO - Setting next_dagrun for example_python_decorator to None, run_after=None
[2024-05-06T05:15:45.098+0000] {processor.py:183} INFO - Processing /home/airflow/.local/lib/python3.12/site-packages/airflow/example_dags/example_python_decorator.py took 0.101 seconds
[2024-05-06T05:16:15.840+0000] {processor.py:161} INFO - Started process (PID=14046) to work on /home/airflow/.local/lib/python3.12/site-packages/airflow/example_dags/example_python_decorator.py
[2024-05-06T05:16:15.841+0000] {processor.py:830} INFO - Processing file /home/airflow/.local/lib/python3.12/site-packages/airflow/example_dags/example_python_decorator.py for tasks to queue
[2024-05-06T05:16:15.844+0000] {logging_mixin.py:188} INFO - [2024-05-06T05:16:15.844+0000] {dagbag.py:540} INFO - Filling up the DagBag from /home/airflow/.local/lib/python3.12/site-packages/airflow/example_dags/example_python_decorator.py
[2024-05-06T05:16:15.867+0000] {processor.py:840} INFO - DAG(s) 'example_python_decorator' retrieved from /home/airflow/.local/lib/python3.12/site-packages/airflow/example_dags/example_python_decorator.py
[2024-05-06T05:16:15.907+0000] {logging_mixin.py:188} INFO - [2024-05-06T05:16:15.907+0000] {dag.py:3096} INFO - Sync 1 DAGs
[2024-05-06T05:16:15.922+0000] {logging_mixin.py:188} INFO - [2024-05-06T05:16:15.922+0000] {dag.py:3954} INFO - Setting next_dagrun for example_python_decorator to None, run_after=None
[2024-05-06T05:16:15.954+0000] {processor.py:183} INFO - Processing /home/airflow/.local/lib/python3.12/site-packages/airflow/example_dags/example_python_decorator.py took 0.121 seconds
[2024-05-06T05:16:46.093+0000] {processor.py:161} INFO - Started process (PID=14319) to work on /home/airflow/.local/lib/python3.12/site-packages/airflow/example_dags/example_python_decorator.py
[2024-05-06T05:16:46.094+0000] {processor.py:830} INFO - Processing file /home/airflow/.local/lib/python3.12/site-packages/airflow/example_dags/example_python_decorator.py for tasks to queue
[2024-05-06T05:16:46.096+0000] {logging_mixin.py:188} INFO - [2024-05-06T05:16:46.095+0000] {dagbag.py:540} INFO - Filling up the DagBag from /home/airflow/.local/lib/python3.12/site-packages/airflow/example_dags/example_python_decorator.py
[2024-05-06T05:16:46.112+0000] {processor.py:840} INFO - DAG(s) 'example_python_decorator' retrieved from /home/airflow/.local/lib/python3.12/site-packages/airflow/example_dags/example_python_decorator.py
[2024-05-06T05:16:46.138+0000] {logging_mixin.py:188} INFO - [2024-05-06T05:16:46.137+0000] {dag.py:3096} INFO - Sync 1 DAGs
[2024-05-06T05:16:46.154+0000] {logging_mixin.py:188} INFO - [2024-05-06T05:16:46.154+0000] {dag.py:3954} INFO - Setting next_dagrun for example_python_decorator to None, run_after=None
[2024-05-06T05:16:46.181+0000] {processor.py:183} INFO - Processing /home/airflow/.local/lib/python3.12/site-packages/airflow/example_dags/example_python_decorator.py took 0.096 seconds
[2024-05-06T05:17:16.276+0000] {processor.py:161} INFO - Started process (PID=14592) to work on /home/airflow/.local/lib/python3.12/site-packages/airflow/example_dags/example_python_decorator.py
[2024-05-06T05:17:16.277+0000] {processor.py:830} INFO - Processing file /home/airflow/.local/lib/python3.12/site-packages/airflow/example_dags/example_python_decorator.py for tasks to queue
[2024-05-06T05:17:16.278+0000] {logging_mixin.py:188} INFO - [2024-05-06T05:17:16.278+0000] {dagbag.py:540} INFO - Filling up the DagBag from /home/airflow/.local/lib/python3.12/site-packages/airflow/example_dags/example_python_decorator.py
[2024-05-06T05:17:16.297+0000] {processor.py:840} INFO - DAG(s) 'example_python_decorator' retrieved from /home/airflow/.local/lib/python3.12/site-packages/airflow/example_dags/example_python_decorator.py
[2024-05-06T05:17:16.327+0000] {logging_mixin.py:188} INFO - [2024-05-06T05:17:16.326+0000] {dag.py:3096} INFO - Sync 1 DAGs
[2024-05-06T05:17:16.340+0000] {logging_mixin.py:188} INFO - [2024-05-06T05:17:16.340+0000] {dag.py:3954} INFO - Setting next_dagrun for example_python_decorator to None, run_after=None
[2024-05-06T05:17:16.366+0000] {processor.py:183} INFO - Processing /home/airflow/.local/lib/python3.12/site-packages/airflow/example_dags/example_python_decorator.py took 0.098 seconds
[2024-05-06T05:17:46.787+0000] {processor.py:161} INFO - Started process (PID=14864) to work on /home/airflow/.local/lib/python3.12/site-packages/airflow/example_dags/example_python_decorator.py
[2024-05-06T05:17:46.788+0000] {processor.py:830} INFO - Processing file /home/airflow/.local/lib/python3.12/site-packages/airflow/example_dags/example_python_decorator.py for tasks to queue
[2024-05-06T05:17:46.790+0000] {logging_mixin.py:188} INFO - [2024-05-06T05:17:46.790+0000] {dagbag.py:540} INFO - Filling up the DagBag from /home/airflow/.local/lib/python3.12/site-packages/airflow/example_dags/example_python_decorator.py
[2024-05-06T05:17:46.810+0000] {processor.py:840} INFO - DAG(s) 'example_python_decorator' retrieved from /home/airflow/.local/lib/python3.12/site-packages/airflow/example_dags/example_python_decorator.py
[2024-05-06T05:17:46.835+0000] {logging_mixin.py:188} INFO - [2024-05-06T05:17:46.835+0000] {dag.py:3096} INFO - Sync 1 DAGs
[2024-05-06T05:17:46.851+0000] {logging_mixin.py:188} INFO - [2024-05-06T05:17:46.851+0000] {dag.py:3954} INFO - Setting next_dagrun for example_python_decorator to None, run_after=None
[2024-05-06T05:17:46.876+0000] {processor.py:183} INFO - Processing /home/airflow/.local/lib/python3.12/site-packages/airflow/example_dags/example_python_decorator.py took 0.096 seconds
[2024-05-06T05:18:17.346+0000] {processor.py:161} INFO - Started process (PID=15136) to work on /home/airflow/.local/lib/python3.12/site-packages/airflow/example_dags/example_python_decorator.py
[2024-05-06T05:18:17.347+0000] {processor.py:830} INFO - Processing file /home/airflow/.local/lib/python3.12/site-packages/airflow/example_dags/example_python_decorator.py for tasks to queue
[2024-05-06T05:18:17.349+0000] {logging_mixin.py:188} INFO - [2024-05-06T05:18:17.348+0000] {dagbag.py:540} INFO - Filling up the DagBag from /home/airflow/.local/lib/python3.12/site-packages/airflow/example_dags/example_python_decorator.py
[2024-05-06T05:18:17.365+0000] {processor.py:840} INFO - DAG(s) 'example_python_decorator' retrieved from /home/airflow/.local/lib/python3.12/site-packages/airflow/example_dags/example_python_decorator.py
[2024-05-06T05:18:17.404+0000] {logging_mixin.py:188} INFO - [2024-05-06T05:18:17.403+0000] {dag.py:3096} INFO - Sync 1 DAGs
[2024-05-06T05:18:17.419+0000] {logging_mixin.py:188} INFO - [2024-05-06T05:18:17.419+0000] {dag.py:3954} INFO - Setting next_dagrun for example_python_decorator to None, run_after=None
[2024-05-06T05:18:17.450+0000] {processor.py:183} INFO - Processing /home/airflow/.local/lib/python3.12/site-packages/airflow/example_dags/example_python_decorator.py took 0.112 seconds
[2024-05-06T05:18:47.691+0000] {processor.py:161} INFO - Started process (PID=15402) to work on /home/airflow/.local/lib/python3.12/site-packages/airflow/example_dags/example_python_decorator.py
[2024-05-06T05:18:47.692+0000] {processor.py:830} INFO - Processing file /home/airflow/.local/lib/python3.12/site-packages/airflow/example_dags/example_python_decorator.py for tasks to queue
[2024-05-06T05:18:47.694+0000] {logging_mixin.py:188} INFO - [2024-05-06T05:18:47.694+0000] {dagbag.py:540} INFO - Filling up the DagBag from /home/airflow/.local/lib/python3.12/site-packages/airflow/example_dags/example_python_decorator.py
[2024-05-06T05:18:47.710+0000] {processor.py:840} INFO - DAG(s) 'example_python_decorator' retrieved from /home/airflow/.local/lib/python3.12/site-packages/airflow/example_dags/example_python_decorator.py
[2024-05-06T05:18:47.736+0000] {logging_mixin.py:188} INFO - [2024-05-06T05:18:47.736+0000] {dag.py:3096} INFO - Sync 1 DAGs
[2024-05-06T05:18:47.752+0000] {logging_mixin.py:188} INFO - [2024-05-06T05:18:47.752+0000] {dag.py:3954} INFO - Setting next_dagrun for example_python_decorator to None, run_after=None
[2024-05-06T05:18:47.784+0000] {processor.py:183} INFO - Processing /home/airflow/.local/lib/python3.12/site-packages/airflow/example_dags/example_python_decorator.py took 0.100 seconds
[2024-05-06T05:19:19.255+0000] {processor.py:161} INFO - Started process (PID=15664) to work on /home/airflow/.local/lib/python3.12/site-packages/airflow/example_dags/example_python_decorator.py
[2024-05-06T05:19:19.272+0000] {processor.py:830} INFO - Processing file /home/airflow/.local/lib/python3.12/site-packages/airflow/example_dags/example_python_decorator.py for tasks to queue
[2024-05-06T05:19:19.277+0000] {logging_mixin.py:188} INFO - [2024-05-06T05:19:19.276+0000] {dagbag.py:540} INFO - Filling up the DagBag from /home/airflow/.local/lib/python3.12/site-packages/airflow/example_dags/example_python_decorator.py
[2024-05-06T05:19:19.324+0000] {processor.py:840} INFO - DAG(s) 'example_python_decorator' retrieved from /home/airflow/.local/lib/python3.12/site-packages/airflow/example_dags/example_python_decorator.py
[2024-05-06T05:19:19.417+0000] {logging_mixin.py:188} INFO - [2024-05-06T05:19:19.416+0000] {dag.py:3096} INFO - Sync 1 DAGs
[2024-05-06T05:19:19.477+0000] {logging_mixin.py:188} INFO - [2024-05-06T05:19:19.477+0000] {dag.py:3954} INFO - Setting next_dagrun for example_python_decorator to None, run_after=None
[2024-05-06T05:19:19.582+0000] {processor.py:183} INFO - Processing /home/airflow/.local/lib/python3.12/site-packages/airflow/example_dags/example_python_decorator.py took 0.377 seconds
