[2024-05-06T04:50:21.860+0000] {processor.py:161} INFO - Started process (PID=349) to work on /home/airflow/.local/lib/python3.12/site-packages/airflow/example_dags/example_display_name.py
[2024-05-06T04:50:21.861+0000] {processor.py:830} INFO - Processing file /home/airflow/.local/lib/python3.12/site-packages/airflow/example_dags/example_display_name.py for tasks to queue
[2024-05-06T04:50:21.863+0000] {logging_mixin.py:188} INFO - [2024-05-06T04:50:21.863+0000] {dagbag.py:540} INFO - Filling up the DagBag from /home/airflow/.local/lib/python3.12/site-packages/airflow/example_dags/example_display_name.py
[2024-05-06T04:50:21.880+0000] {processor.py:840} INFO - DAG(s) 'example_display_name' retrieved from /home/airflow/.local/lib/python3.12/site-packages/airflow/example_dags/example_display_name.py
[2024-05-06T04:50:22.253+0000] {logging_mixin.py:188} INFO - [2024-05-06T04:50:22.252+0000] {override.py:1829} INFO - Created Permission View: can delete on DAG:example_display_name
[2024-05-06T04:50:22.312+0000] {logging_mixin.py:188} INFO - [2024-05-06T04:50:22.312+0000] {override.py:1829} INFO - Created Permission View: can edit on DAG:example_display_name
[2024-05-06T04:50:22.337+0000] {logging_mixin.py:188} INFO - [2024-05-06T04:50:22.337+0000] {override.py:1829} INFO - Created Permission View: can read on DAG:example_display_name
[2024-05-06T04:50:22.338+0000] {logging_mixin.py:188} INFO - [2024-05-06T04:50:22.338+0000] {dag.py:3096} INFO - Sync 1 DAGs
[2024-05-06T04:50:22.384+0000] {logging_mixin.py:188} INFO - [2024-05-06T04:50:22.384+0000] {dag.py:3118} INFO - Creating ORM DAG for example_display_name
[2024-05-06T04:50:22.385+0000] {logging_mixin.py:188} INFO - [2024-05-06T04:50:22.385+0000] {dag.py:3954} INFO - Setting next_dagrun for example_display_name to None, run_after=None
[2024-05-06T04:50:22.427+0000] {processor.py:183} INFO - Processing /home/airflow/.local/lib/python3.12/site-packages/airflow/example_dags/example_display_name.py took 0.575 seconds
[2024-05-06T04:50:52.778+0000] {processor.py:161} INFO - Started process (PID=610) to work on /home/airflow/.local/lib/python3.12/site-packages/airflow/example_dags/example_display_name.py
[2024-05-06T04:50:52.779+0000] {processor.py:830} INFO - Processing file /home/airflow/.local/lib/python3.12/site-packages/airflow/example_dags/example_display_name.py for tasks to queue
[2024-05-06T04:50:52.781+0000] {logging_mixin.py:188} INFO - [2024-05-06T04:50:52.780+0000] {dagbag.py:540} INFO - Filling up the DagBag from /home/airflow/.local/lib/python3.12/site-packages/airflow/example_dags/example_display_name.py
[2024-05-06T04:50:52.787+0000] {processor.py:840} INFO - DAG(s) 'example_display_name' retrieved from /home/airflow/.local/lib/python3.12/site-packages/airflow/example_dags/example_display_name.py
[2024-05-06T04:50:52.808+0000] {logging_mixin.py:188} INFO - [2024-05-06T04:50:52.808+0000] {dag.py:3096} INFO - Sync 1 DAGs
[2024-05-06T04:50:52.824+0000] {logging_mixin.py:188} INFO - [2024-05-06T04:50:52.824+0000] {dag.py:3954} INFO - Setting next_dagrun for example_display_name to None, run_after=None
[2024-05-06T04:50:52.854+0000] {processor.py:183} INFO - Processing /home/airflow/.local/lib/python3.12/site-packages/airflow/example_dags/example_display_name.py took 0.082 seconds
[2024-05-06T04:51:23.358+0000] {processor.py:161} INFO - Started process (PID=874) to work on /home/airflow/.local/lib/python3.12/site-packages/airflow/example_dags/example_display_name.py
[2024-05-06T04:51:23.359+0000] {processor.py:830} INFO - Processing file /home/airflow/.local/lib/python3.12/site-packages/airflow/example_dags/example_display_name.py for tasks to queue
[2024-05-06T04:51:23.361+0000] {logging_mixin.py:188} INFO - [2024-05-06T04:51:23.361+0000] {dagbag.py:540} INFO - Filling up the DagBag from /home/airflow/.local/lib/python3.12/site-packages/airflow/example_dags/example_display_name.py
[2024-05-06T04:51:23.387+0000] {processor.py:840} INFO - DAG(s) 'example_display_name' retrieved from /home/airflow/.local/lib/python3.12/site-packages/airflow/example_dags/example_display_name.py
[2024-05-06T04:51:23.427+0000] {logging_mixin.py:188} INFO - [2024-05-06T04:51:23.427+0000] {dag.py:3096} INFO - Sync 1 DAGs
[2024-05-06T04:51:23.447+0000] {logging_mixin.py:188} INFO - [2024-05-06T04:51:23.447+0000] {dag.py:3954} INFO - Setting next_dagrun for example_display_name to None, run_after=None
[2024-05-06T04:51:23.490+0000] {processor.py:183} INFO - Processing /home/airflow/.local/lib/python3.12/site-packages/airflow/example_dags/example_display_name.py took 0.144 seconds
[2024-05-06T04:51:54.401+0000] {processor.py:161} INFO - Started process (PID=1137) to work on /home/airflow/.local/lib/python3.12/site-packages/airflow/example_dags/example_display_name.py
[2024-05-06T04:51:54.402+0000] {processor.py:830} INFO - Processing file /home/airflow/.local/lib/python3.12/site-packages/airflow/example_dags/example_display_name.py for tasks to queue
[2024-05-06T04:51:54.404+0000] {logging_mixin.py:188} INFO - [2024-05-06T04:51:54.403+0000] {dagbag.py:540} INFO - Filling up the DagBag from /home/airflow/.local/lib/python3.12/site-packages/airflow/example_dags/example_display_name.py
[2024-05-06T04:51:54.410+0000] {processor.py:840} INFO - DAG(s) 'example_display_name' retrieved from /home/airflow/.local/lib/python3.12/site-packages/airflow/example_dags/example_display_name.py
[2024-05-06T04:51:54.433+0000] {logging_mixin.py:188} INFO - [2024-05-06T04:51:54.433+0000] {dag.py:3096} INFO - Sync 1 DAGs
[2024-05-06T04:51:54.448+0000] {logging_mixin.py:188} INFO - [2024-05-06T04:51:54.448+0000] {dag.py:3954} INFO - Setting next_dagrun for example_display_name to None, run_after=None
[2024-05-06T04:51:54.476+0000] {processor.py:183} INFO - Processing /home/airflow/.local/lib/python3.12/site-packages/airflow/example_dags/example_display_name.py took 0.081 seconds
[2024-05-06T04:52:25.430+0000] {processor.py:161} INFO - Started process (PID=1398) to work on /home/airflow/.local/lib/python3.12/site-packages/airflow/example_dags/example_display_name.py
[2024-05-06T04:52:25.431+0000] {processor.py:830} INFO - Processing file /home/airflow/.local/lib/python3.12/site-packages/airflow/example_dags/example_display_name.py for tasks to queue
[2024-05-06T04:52:25.433+0000] {logging_mixin.py:188} INFO - [2024-05-06T04:52:25.432+0000] {dagbag.py:540} INFO - Filling up the DagBag from /home/airflow/.local/lib/python3.12/site-packages/airflow/example_dags/example_display_name.py
[2024-05-06T04:52:25.438+0000] {processor.py:840} INFO - DAG(s) 'example_display_name' retrieved from /home/airflow/.local/lib/python3.12/site-packages/airflow/example_dags/example_display_name.py
[2024-05-06T04:52:25.460+0000] {logging_mixin.py:188} INFO - [2024-05-06T04:52:25.460+0000] {dag.py:3096} INFO - Sync 1 DAGs
[2024-05-06T04:52:25.479+0000] {logging_mixin.py:188} INFO - [2024-05-06T04:52:25.479+0000] {dag.py:3954} INFO - Setting next_dagrun for example_display_name to None, run_after=None
[2024-05-06T04:52:25.505+0000] {processor.py:183} INFO - Processing /home/airflow/.local/lib/python3.12/site-packages/airflow/example_dags/example_display_name.py took 0.081 seconds
[2024-05-06T04:52:55.619+0000] {processor.py:161} INFO - Started process (PID=1660) to work on /home/airflow/.local/lib/python3.12/site-packages/airflow/example_dags/example_display_name.py
[2024-05-06T04:52:55.620+0000] {processor.py:830} INFO - Processing file /home/airflow/.local/lib/python3.12/site-packages/airflow/example_dags/example_display_name.py for tasks to queue
[2024-05-06T04:52:55.622+0000] {logging_mixin.py:188} INFO - [2024-05-06T04:52:55.622+0000] {dagbag.py:540} INFO - Filling up the DagBag from /home/airflow/.local/lib/python3.12/site-packages/airflow/example_dags/example_display_name.py
[2024-05-06T04:52:55.628+0000] {processor.py:840} INFO - DAG(s) 'example_display_name' retrieved from /home/airflow/.local/lib/python3.12/site-packages/airflow/example_dags/example_display_name.py
[2024-05-06T04:52:55.650+0000] {logging_mixin.py:188} INFO - [2024-05-06T04:52:55.650+0000] {dag.py:3096} INFO - Sync 1 DAGs
[2024-05-06T04:52:55.666+0000] {logging_mixin.py:188} INFO - [2024-05-06T04:52:55.666+0000] {dag.py:3954} INFO - Setting next_dagrun for example_display_name to None, run_after=None
[2024-05-06T04:52:55.695+0000] {processor.py:183} INFO - Processing /home/airflow/.local/lib/python3.12/site-packages/airflow/example_dags/example_display_name.py took 0.083 seconds
[2024-05-06T04:53:25.836+0000] {processor.py:161} INFO - Started process (PID=1922) to work on /home/airflow/.local/lib/python3.12/site-packages/airflow/example_dags/example_display_name.py
[2024-05-06T04:53:25.837+0000] {processor.py:830} INFO - Processing file /home/airflow/.local/lib/python3.12/site-packages/airflow/example_dags/example_display_name.py for tasks to queue
[2024-05-06T04:53:25.839+0000] {logging_mixin.py:188} INFO - [2024-05-06T04:53:25.839+0000] {dagbag.py:540} INFO - Filling up the DagBag from /home/airflow/.local/lib/python3.12/site-packages/airflow/example_dags/example_display_name.py
[2024-05-06T04:53:25.845+0000] {processor.py:840} INFO - DAG(s) 'example_display_name' retrieved from /home/airflow/.local/lib/python3.12/site-packages/airflow/example_dags/example_display_name.py
[2024-05-06T04:53:25.865+0000] {logging_mixin.py:188} INFO - [2024-05-06T04:53:25.864+0000] {dag.py:3096} INFO - Sync 1 DAGs
[2024-05-06T04:53:25.880+0000] {logging_mixin.py:188} INFO - [2024-05-06T04:53:25.880+0000] {dag.py:3954} INFO - Setting next_dagrun for example_display_name to None, run_after=None
[2024-05-06T04:53:25.907+0000] {processor.py:183} INFO - Processing /home/airflow/.local/lib/python3.12/site-packages/airflow/example_dags/example_display_name.py took 0.077 seconds
[2024-05-06T04:53:56.594+0000] {processor.py:161} INFO - Started process (PID=2185) to work on /home/airflow/.local/lib/python3.12/site-packages/airflow/example_dags/example_display_name.py
[2024-05-06T04:53:56.595+0000] {processor.py:830} INFO - Processing file /home/airflow/.local/lib/python3.12/site-packages/airflow/example_dags/example_display_name.py for tasks to queue
[2024-05-06T04:53:56.622+0000] {logging_mixin.py:188} INFO - [2024-05-06T04:53:56.622+0000] {dagbag.py:540} INFO - Filling up the DagBag from /home/airflow/.local/lib/python3.12/site-packages/airflow/example_dags/example_display_name.py
[2024-05-06T04:53:56.667+0000] {processor.py:840} INFO - DAG(s) 'example_display_name' retrieved from /home/airflow/.local/lib/python3.12/site-packages/airflow/example_dags/example_display_name.py
[2024-05-06T04:53:56.877+0000] {logging_mixin.py:188} INFO - [2024-05-06T04:53:56.876+0000] {dag.py:3096} INFO - Sync 1 DAGs
[2024-05-06T04:53:57.060+0000] {logging_mixin.py:188} INFO - [2024-05-06T04:53:57.060+0000] {dag.py:3954} INFO - Setting next_dagrun for example_display_name to None, run_after=None
[2024-05-06T04:53:57.232+0000] {processor.py:183} INFO - Processing /home/airflow/.local/lib/python3.12/site-packages/airflow/example_dags/example_display_name.py took 0.679 seconds
[2024-05-06T04:54:28.617+0000] {processor.py:161} INFO - Started process (PID=2541) to work on /home/airflow/.local/lib/python3.12/site-packages/airflow/example_dags/example_display_name.py
[2024-05-06T04:54:28.618+0000] {processor.py:830} INFO - Processing file /home/airflow/.local/lib/python3.12/site-packages/airflow/example_dags/example_display_name.py for tasks to queue
[2024-05-06T04:54:28.628+0000] {logging_mixin.py:188} INFO - [2024-05-06T04:54:28.627+0000] {dagbag.py:540} INFO - Filling up the DagBag from /home/airflow/.local/lib/python3.12/site-packages/airflow/example_dags/example_display_name.py
[2024-05-06T04:54:28.731+0000] {processor.py:840} INFO - DAG(s) 'example_display_name' retrieved from /home/airflow/.local/lib/python3.12/site-packages/airflow/example_dags/example_display_name.py
[2024-05-06T04:54:28.803+0000] {logging_mixin.py:188} INFO - [2024-05-06T04:54:28.803+0000] {dag.py:3096} INFO - Sync 1 DAGs
[2024-05-06T04:54:28.847+0000] {logging_mixin.py:188} INFO - [2024-05-06T04:54:28.847+0000] {dag.py:3954} INFO - Setting next_dagrun for example_display_name to None, run_after=None
[2024-05-06T04:54:28.941+0000] {processor.py:183} INFO - Processing /home/airflow/.local/lib/python3.12/site-packages/airflow/example_dags/example_display_name.py took 0.364 seconds
[2024-05-06T04:54:59.580+0000] {processor.py:161} INFO - Started process (PID=2858) to work on /home/airflow/.local/lib/python3.12/site-packages/airflow/example_dags/example_display_name.py
[2024-05-06T04:54:59.583+0000] {processor.py:830} INFO - Processing file /home/airflow/.local/lib/python3.12/site-packages/airflow/example_dags/example_display_name.py for tasks to queue
[2024-05-06T04:54:59.584+0000] {logging_mixin.py:188} INFO - [2024-05-06T04:54:59.584+0000] {dagbag.py:540} INFO - Filling up the DagBag from /home/airflow/.local/lib/python3.12/site-packages/airflow/example_dags/example_display_name.py
[2024-05-06T04:54:59.597+0000] {processor.py:840} INFO - DAG(s) 'example_display_name' retrieved from /home/airflow/.local/lib/python3.12/site-packages/airflow/example_dags/example_display_name.py
[2024-05-06T04:54:59.625+0000] {logging_mixin.py:188} INFO - [2024-05-06T04:54:59.625+0000] {dag.py:3096} INFO - Sync 1 DAGs
[2024-05-06T04:54:59.706+0000] {logging_mixin.py:188} INFO - [2024-05-06T04:54:59.706+0000] {dag.py:3954} INFO - Setting next_dagrun for example_display_name to None, run_after=None
[2024-05-06T04:54:59.795+0000] {processor.py:183} INFO - Processing /home/airflow/.local/lib/python3.12/site-packages/airflow/example_dags/example_display_name.py took 0.222 seconds
[2024-05-06T04:55:29.848+0000] {processor.py:161} INFO - Started process (PID=3121) to work on /home/airflow/.local/lib/python3.12/site-packages/airflow/example_dags/example_display_name.py
[2024-05-06T04:55:29.849+0000] {processor.py:830} INFO - Processing file /home/airflow/.local/lib/python3.12/site-packages/airflow/example_dags/example_display_name.py for tasks to queue
[2024-05-06T04:55:29.851+0000] {logging_mixin.py:188} INFO - [2024-05-06T04:55:29.850+0000] {dagbag.py:540} INFO - Filling up the DagBag from /home/airflow/.local/lib/python3.12/site-packages/airflow/example_dags/example_display_name.py
[2024-05-06T04:55:29.857+0000] {processor.py:840} INFO - DAG(s) 'example_display_name' retrieved from /home/airflow/.local/lib/python3.12/site-packages/airflow/example_dags/example_display_name.py
[2024-05-06T04:55:29.882+0000] {logging_mixin.py:188} INFO - [2024-05-06T04:55:29.882+0000] {dag.py:3096} INFO - Sync 1 DAGs
[2024-05-06T04:55:29.899+0000] {logging_mixin.py:188} INFO - [2024-05-06T04:55:29.899+0000] {dag.py:3954} INFO - Setting next_dagrun for example_display_name to None, run_after=None
[2024-05-06T04:55:29.927+0000] {processor.py:183} INFO - Processing /home/airflow/.local/lib/python3.12/site-packages/airflow/example_dags/example_display_name.py took 0.086 seconds
[2024-05-06T04:56:00.084+0000] {processor.py:161} INFO - Started process (PID=3382) to work on /home/airflow/.local/lib/python3.12/site-packages/airflow/example_dags/example_display_name.py
[2024-05-06T04:56:00.088+0000] {processor.py:830} INFO - Processing file /home/airflow/.local/lib/python3.12/site-packages/airflow/example_dags/example_display_name.py for tasks to queue
[2024-05-06T04:56:00.090+0000] {logging_mixin.py:188} INFO - [2024-05-06T04:56:00.089+0000] {dagbag.py:540} INFO - Filling up the DagBag from /home/airflow/.local/lib/python3.12/site-packages/airflow/example_dags/example_display_name.py
[2024-05-06T04:56:00.097+0000] {processor.py:840} INFO - DAG(s) 'example_display_name' retrieved from /home/airflow/.local/lib/python3.12/site-packages/airflow/example_dags/example_display_name.py
[2024-05-06T04:56:00.122+0000] {logging_mixin.py:188} INFO - [2024-05-06T04:56:00.122+0000] {dag.py:3096} INFO - Sync 1 DAGs
[2024-05-06T04:56:00.140+0000] {logging_mixin.py:188} INFO - [2024-05-06T04:56:00.139+0000] {dag.py:3954} INFO - Setting next_dagrun for example_display_name to None, run_after=None
[2024-05-06T04:56:00.174+0000] {processor.py:183} INFO - Processing /home/airflow/.local/lib/python3.12/site-packages/airflow/example_dags/example_display_name.py took 0.098 seconds
[2024-05-06T04:56:30.883+0000] {processor.py:161} INFO - Started process (PID=3645) to work on /home/airflow/.local/lib/python3.12/site-packages/airflow/example_dags/example_display_name.py
[2024-05-06T04:56:30.883+0000] {processor.py:830} INFO - Processing file /home/airflow/.local/lib/python3.12/site-packages/airflow/example_dags/example_display_name.py for tasks to queue
[2024-05-06T04:56:30.885+0000] {logging_mixin.py:188} INFO - [2024-05-06T04:56:30.885+0000] {dagbag.py:540} INFO - Filling up the DagBag from /home/airflow/.local/lib/python3.12/site-packages/airflow/example_dags/example_display_name.py
[2024-05-06T04:56:30.899+0000] {processor.py:840} INFO - DAG(s) 'example_display_name' retrieved from /home/airflow/.local/lib/python3.12/site-packages/airflow/example_dags/example_display_name.py
[2024-05-06T04:56:30.932+0000] {logging_mixin.py:188} INFO - [2024-05-06T04:56:30.932+0000] {dag.py:3096} INFO - Sync 1 DAGs
[2024-05-06T04:56:30.950+0000] {logging_mixin.py:188} INFO - [2024-05-06T04:56:30.949+0000] {dag.py:3954} INFO - Setting next_dagrun for example_display_name to None, run_after=None
[2024-05-06T04:56:30.979+0000] {processor.py:183} INFO - Processing /home/airflow/.local/lib/python3.12/site-packages/airflow/example_dags/example_display_name.py took 0.101 seconds
[2024-05-06T04:57:01.791+0000] {processor.py:161} INFO - Started process (PID=3908) to work on /home/airflow/.local/lib/python3.12/site-packages/airflow/example_dags/example_display_name.py
[2024-05-06T04:57:01.791+0000] {processor.py:830} INFO - Processing file /home/airflow/.local/lib/python3.12/site-packages/airflow/example_dags/example_display_name.py for tasks to queue
[2024-05-06T04:57:01.793+0000] {logging_mixin.py:188} INFO - [2024-05-06T04:57:01.792+0000] {dagbag.py:540} INFO - Filling up the DagBag from /home/airflow/.local/lib/python3.12/site-packages/airflow/example_dags/example_display_name.py
[2024-05-06T04:57:01.797+0000] {processor.py:840} INFO - DAG(s) 'example_display_name' retrieved from /home/airflow/.local/lib/python3.12/site-packages/airflow/example_dags/example_display_name.py
[2024-05-06T04:57:01.819+0000] {logging_mixin.py:188} INFO - [2024-05-06T04:57:01.819+0000] {dag.py:3096} INFO - Sync 1 DAGs
[2024-05-06T04:57:01.835+0000] {logging_mixin.py:188} INFO - [2024-05-06T04:57:01.835+0000] {dag.py:3954} INFO - Setting next_dagrun for example_display_name to None, run_after=None
[2024-05-06T04:57:01.859+0000] {processor.py:183} INFO - Processing /home/airflow/.local/lib/python3.12/site-packages/airflow/example_dags/example_display_name.py took 0.076 seconds
[2024-05-06T04:57:32.014+0000] {processor.py:161} INFO - Started process (PID=4170) to work on /home/airflow/.local/lib/python3.12/site-packages/airflow/example_dags/example_display_name.py
[2024-05-06T04:57:32.015+0000] {processor.py:830} INFO - Processing file /home/airflow/.local/lib/python3.12/site-packages/airflow/example_dags/example_display_name.py for tasks to queue
[2024-05-06T04:57:32.017+0000] {logging_mixin.py:188} INFO - [2024-05-06T04:57:32.017+0000] {dagbag.py:540} INFO - Filling up the DagBag from /home/airflow/.local/lib/python3.12/site-packages/airflow/example_dags/example_display_name.py
[2024-05-06T04:57:32.022+0000] {processor.py:840} INFO - DAG(s) 'example_display_name' retrieved from /home/airflow/.local/lib/python3.12/site-packages/airflow/example_dags/example_display_name.py
[2024-05-06T04:57:32.044+0000] {logging_mixin.py:188} INFO - [2024-05-06T04:57:32.044+0000] {dag.py:3096} INFO - Sync 1 DAGs
[2024-05-06T04:57:32.060+0000] {logging_mixin.py:188} INFO - [2024-05-06T04:57:32.060+0000] {dag.py:3954} INFO - Setting next_dagrun for example_display_name to None, run_after=None
[2024-05-06T04:57:32.099+0000] {processor.py:183} INFO - Processing /home/airflow/.local/lib/python3.12/site-packages/airflow/example_dags/example_display_name.py took 0.092 seconds
[2024-05-06T04:58:02.625+0000] {processor.py:161} INFO - Started process (PID=4432) to work on /home/airflow/.local/lib/python3.12/site-packages/airflow/example_dags/example_display_name.py
[2024-05-06T04:58:02.626+0000] {processor.py:830} INFO - Processing file /home/airflow/.local/lib/python3.12/site-packages/airflow/example_dags/example_display_name.py for tasks to queue
[2024-05-06T04:58:02.628+0000] {logging_mixin.py:188} INFO - [2024-05-06T04:58:02.628+0000] {dagbag.py:540} INFO - Filling up the DagBag from /home/airflow/.local/lib/python3.12/site-packages/airflow/example_dags/example_display_name.py
[2024-05-06T04:58:02.634+0000] {processor.py:840} INFO - DAG(s) 'example_display_name' retrieved from /home/airflow/.local/lib/python3.12/site-packages/airflow/example_dags/example_display_name.py
[2024-05-06T04:58:02.654+0000] {logging_mixin.py:188} INFO - [2024-05-06T04:58:02.654+0000] {dag.py:3096} INFO - Sync 1 DAGs
[2024-05-06T04:58:02.668+0000] {logging_mixin.py:188} INFO - [2024-05-06T04:58:02.668+0000] {dag.py:3954} INFO - Setting next_dagrun for example_display_name to None, run_after=None
[2024-05-06T04:58:02.696+0000] {processor.py:183} INFO - Processing /home/airflow/.local/lib/python3.12/site-packages/airflow/example_dags/example_display_name.py took 0.078 seconds
[2024-05-06T04:58:33.196+0000] {processor.py:161} INFO - Started process (PID=4694) to work on /home/airflow/.local/lib/python3.12/site-packages/airflow/example_dags/example_display_name.py
[2024-05-06T04:58:33.197+0000] {processor.py:830} INFO - Processing file /home/airflow/.local/lib/python3.12/site-packages/airflow/example_dags/example_display_name.py for tasks to queue
[2024-05-06T04:58:33.198+0000] {logging_mixin.py:188} INFO - [2024-05-06T04:58:33.198+0000] {dagbag.py:540} INFO - Filling up the DagBag from /home/airflow/.local/lib/python3.12/site-packages/airflow/example_dags/example_display_name.py
[2024-05-06T04:58:33.204+0000] {processor.py:840} INFO - DAG(s) 'example_display_name' retrieved from /home/airflow/.local/lib/python3.12/site-packages/airflow/example_dags/example_display_name.py
[2024-05-06T04:58:33.235+0000] {logging_mixin.py:188} INFO - [2024-05-06T04:58:33.235+0000] {dag.py:3096} INFO - Sync 1 DAGs
[2024-05-06T04:58:33.253+0000] {logging_mixin.py:188} INFO - [2024-05-06T04:58:33.253+0000] {dag.py:3954} INFO - Setting next_dagrun for example_display_name to None, run_after=None
[2024-05-06T04:58:33.283+0000] {processor.py:183} INFO - Processing /home/airflow/.local/lib/python3.12/site-packages/airflow/example_dags/example_display_name.py took 0.093 seconds
[2024-05-06T04:59:03.688+0000] {processor.py:161} INFO - Started process (PID=4956) to work on /home/airflow/.local/lib/python3.12/site-packages/airflow/example_dags/example_display_name.py
[2024-05-06T04:59:03.693+0000] {processor.py:830} INFO - Processing file /home/airflow/.local/lib/python3.12/site-packages/airflow/example_dags/example_display_name.py for tasks to queue
[2024-05-06T04:59:03.697+0000] {logging_mixin.py:188} INFO - [2024-05-06T04:59:03.696+0000] {dagbag.py:540} INFO - Filling up the DagBag from /home/airflow/.local/lib/python3.12/site-packages/airflow/example_dags/example_display_name.py
[2024-05-06T04:59:03.715+0000] {processor.py:840} INFO - DAG(s) 'example_display_name' retrieved from /home/airflow/.local/lib/python3.12/site-packages/airflow/example_dags/example_display_name.py
[2024-05-06T04:59:03.751+0000] {logging_mixin.py:188} INFO - [2024-05-06T04:59:03.751+0000] {dag.py:3096} INFO - Sync 1 DAGs
[2024-05-06T04:59:03.774+0000] {logging_mixin.py:188} INFO - [2024-05-06T04:59:03.773+0000] {dag.py:3954} INFO - Setting next_dagrun for example_display_name to None, run_after=None
[2024-05-06T04:59:03.807+0000] {processor.py:183} INFO - Processing /home/airflow/.local/lib/python3.12/site-packages/airflow/example_dags/example_display_name.py took 0.126 seconds
[2024-05-06T04:59:34.634+0000] {processor.py:161} INFO - Started process (PID=5219) to work on /home/airflow/.local/lib/python3.12/site-packages/airflow/example_dags/example_display_name.py
[2024-05-06T04:59:34.635+0000] {processor.py:830} INFO - Processing file /home/airflow/.local/lib/python3.12/site-packages/airflow/example_dags/example_display_name.py for tasks to queue
[2024-05-06T04:59:34.641+0000] {logging_mixin.py:188} INFO - [2024-05-06T04:59:34.641+0000] {dagbag.py:540} INFO - Filling up the DagBag from /home/airflow/.local/lib/python3.12/site-packages/airflow/example_dags/example_display_name.py
[2024-05-06T04:59:34.651+0000] {processor.py:840} INFO - DAG(s) 'example_display_name' retrieved from /home/airflow/.local/lib/python3.12/site-packages/airflow/example_dags/example_display_name.py
[2024-05-06T04:59:34.679+0000] {logging_mixin.py:188} INFO - [2024-05-06T04:59:34.678+0000] {dag.py:3096} INFO - Sync 1 DAGs
[2024-05-06T04:59:34.694+0000] {logging_mixin.py:188} INFO - [2024-05-06T04:59:34.694+0000] {dag.py:3954} INFO - Setting next_dagrun for example_display_name to None, run_after=None
[2024-05-06T04:59:34.787+0000] {processor.py:183} INFO - Processing /home/airflow/.local/lib/python3.12/site-packages/airflow/example_dags/example_display_name.py took 0.158 seconds
[2024-05-06T05:00:05.025+0000] {processor.py:161} INFO - Started process (PID=5481) to work on /home/airflow/.local/lib/python3.12/site-packages/airflow/example_dags/example_display_name.py
[2024-05-06T05:00:05.026+0000] {processor.py:830} INFO - Processing file /home/airflow/.local/lib/python3.12/site-packages/airflow/example_dags/example_display_name.py for tasks to queue
[2024-05-06T05:00:05.027+0000] {logging_mixin.py:188} INFO - [2024-05-06T05:00:05.027+0000] {dagbag.py:540} INFO - Filling up the DagBag from /home/airflow/.local/lib/python3.12/site-packages/airflow/example_dags/example_display_name.py
[2024-05-06T05:00:05.031+0000] {processor.py:840} INFO - DAG(s) 'example_display_name' retrieved from /home/airflow/.local/lib/python3.12/site-packages/airflow/example_dags/example_display_name.py
[2024-05-06T05:00:05.051+0000] {logging_mixin.py:188} INFO - [2024-05-06T05:00:05.051+0000] {dag.py:3096} INFO - Sync 1 DAGs
[2024-05-06T05:00:05.066+0000] {logging_mixin.py:188} INFO - [2024-05-06T05:00:05.066+0000] {dag.py:3954} INFO - Setting next_dagrun for example_display_name to None, run_after=None
[2024-05-06T05:00:05.090+0000] {processor.py:183} INFO - Processing /home/airflow/.local/lib/python3.12/site-packages/airflow/example_dags/example_display_name.py took 0.072 seconds
[2024-05-06T05:00:35.200+0000] {processor.py:161} INFO - Started process (PID=5749) to work on /home/airflow/.local/lib/python3.12/site-packages/airflow/example_dags/example_display_name.py
[2024-05-06T05:00:35.201+0000] {processor.py:830} INFO - Processing file /home/airflow/.local/lib/python3.12/site-packages/airflow/example_dags/example_display_name.py for tasks to queue
[2024-05-06T05:00:35.203+0000] {logging_mixin.py:188} INFO - [2024-05-06T05:00:35.202+0000] {dagbag.py:540} INFO - Filling up the DagBag from /home/airflow/.local/lib/python3.12/site-packages/airflow/example_dags/example_display_name.py
[2024-05-06T05:00:35.209+0000] {processor.py:840} INFO - DAG(s) 'example_display_name' retrieved from /home/airflow/.local/lib/python3.12/site-packages/airflow/example_dags/example_display_name.py
[2024-05-06T05:00:35.231+0000] {logging_mixin.py:188} INFO - [2024-05-06T05:00:35.231+0000] {dag.py:3096} INFO - Sync 1 DAGs
[2024-05-06T05:00:35.247+0000] {logging_mixin.py:188} INFO - [2024-05-06T05:00:35.247+0000] {dag.py:3954} INFO - Setting next_dagrun for example_display_name to None, run_after=None
[2024-05-06T05:00:35.279+0000] {processor.py:183} INFO - Processing /home/airflow/.local/lib/python3.12/site-packages/airflow/example_dags/example_display_name.py took 0.086 seconds
[2024-05-06T05:01:05.601+0000] {processor.py:161} INFO - Started process (PID=6016) to work on /home/airflow/.local/lib/python3.12/site-packages/airflow/example_dags/example_display_name.py
[2024-05-06T05:01:05.602+0000] {processor.py:830} INFO - Processing file /home/airflow/.local/lib/python3.12/site-packages/airflow/example_dags/example_display_name.py for tasks to queue
[2024-05-06T05:01:05.604+0000] {logging_mixin.py:188} INFO - [2024-05-06T05:01:05.603+0000] {dagbag.py:540} INFO - Filling up the DagBag from /home/airflow/.local/lib/python3.12/site-packages/airflow/example_dags/example_display_name.py
[2024-05-06T05:01:05.609+0000] {processor.py:840} INFO - DAG(s) 'example_display_name' retrieved from /home/airflow/.local/lib/python3.12/site-packages/airflow/example_dags/example_display_name.py
[2024-05-06T05:01:05.633+0000] {logging_mixin.py:188} INFO - [2024-05-06T05:01:05.633+0000] {dag.py:3096} INFO - Sync 1 DAGs
[2024-05-06T05:01:05.648+0000] {logging_mixin.py:188} INFO - [2024-05-06T05:01:05.648+0000] {dag.py:3954} INFO - Setting next_dagrun for example_display_name to None, run_after=None
[2024-05-06T05:01:05.673+0000] {processor.py:183} INFO - Processing /home/airflow/.local/lib/python3.12/site-packages/airflow/example_dags/example_display_name.py took 0.079 seconds
[2024-05-06T05:01:36.613+0000] {processor.py:161} INFO - Started process (PID=6283) to work on /home/airflow/.local/lib/python3.12/site-packages/airflow/example_dags/example_display_name.py
[2024-05-06T05:01:36.614+0000] {processor.py:830} INFO - Processing file /home/airflow/.local/lib/python3.12/site-packages/airflow/example_dags/example_display_name.py for tasks to queue
[2024-05-06T05:01:36.616+0000] {logging_mixin.py:188} INFO - [2024-05-06T05:01:36.616+0000] {dagbag.py:540} INFO - Filling up the DagBag from /home/airflow/.local/lib/python3.12/site-packages/airflow/example_dags/example_display_name.py
[2024-05-06T05:01:36.622+0000] {processor.py:840} INFO - DAG(s) 'example_display_name' retrieved from /home/airflow/.local/lib/python3.12/site-packages/airflow/example_dags/example_display_name.py
[2024-05-06T05:01:36.643+0000] {logging_mixin.py:188} INFO - [2024-05-06T05:01:36.643+0000] {dag.py:3096} INFO - Sync 1 DAGs
[2024-05-06T05:01:36.658+0000] {logging_mixin.py:188} INFO - [2024-05-06T05:01:36.657+0000] {dag.py:3954} INFO - Setting next_dagrun for example_display_name to None, run_after=None
[2024-05-06T05:01:36.684+0000] {processor.py:183} INFO - Processing /home/airflow/.local/lib/python3.12/site-packages/airflow/example_dags/example_display_name.py took 0.077 seconds
[2024-05-06T05:02:07.632+0000] {processor.py:161} INFO - Started process (PID=6551) to work on /home/airflow/.local/lib/python3.12/site-packages/airflow/example_dags/example_display_name.py
[2024-05-06T05:02:07.634+0000] {processor.py:830} INFO - Processing file /home/airflow/.local/lib/python3.12/site-packages/airflow/example_dags/example_display_name.py for tasks to queue
[2024-05-06T05:02:07.635+0000] {logging_mixin.py:188} INFO - [2024-05-06T05:02:07.635+0000] {dagbag.py:540} INFO - Filling up the DagBag from /home/airflow/.local/lib/python3.12/site-packages/airflow/example_dags/example_display_name.py
[2024-05-06T05:02:07.641+0000] {processor.py:840} INFO - DAG(s) 'example_display_name' retrieved from /home/airflow/.local/lib/python3.12/site-packages/airflow/example_dags/example_display_name.py
[2024-05-06T05:02:07.666+0000] {logging_mixin.py:188} INFO - [2024-05-06T05:02:07.666+0000] {dag.py:3096} INFO - Sync 1 DAGs
[2024-05-06T05:02:07.681+0000] {logging_mixin.py:188} INFO - [2024-05-06T05:02:07.681+0000] {dag.py:3954} INFO - Setting next_dagrun for example_display_name to None, run_after=None
[2024-05-06T05:02:07.704+0000] {processor.py:183} INFO - Processing /home/airflow/.local/lib/python3.12/site-packages/airflow/example_dags/example_display_name.py took 0.078 seconds
[2024-05-06T05:02:37.979+0000] {processor.py:161} INFO - Started process (PID=6819) to work on /home/airflow/.local/lib/python3.12/site-packages/airflow/example_dags/example_display_name.py
[2024-05-06T05:02:37.979+0000] {processor.py:830} INFO - Processing file /home/airflow/.local/lib/python3.12/site-packages/airflow/example_dags/example_display_name.py for tasks to queue
[2024-05-06T05:02:37.981+0000] {logging_mixin.py:188} INFO - [2024-05-06T05:02:37.981+0000] {dagbag.py:540} INFO - Filling up the DagBag from /home/airflow/.local/lib/python3.12/site-packages/airflow/example_dags/example_display_name.py
[2024-05-06T05:02:37.987+0000] {processor.py:840} INFO - DAG(s) 'example_display_name' retrieved from /home/airflow/.local/lib/python3.12/site-packages/airflow/example_dags/example_display_name.py
[2024-05-06T05:02:38.006+0000] {logging_mixin.py:188} INFO - [2024-05-06T05:02:38.006+0000] {dag.py:3096} INFO - Sync 1 DAGs
[2024-05-06T05:02:38.017+0000] {logging_mixin.py:188} INFO - [2024-05-06T05:02:38.017+0000] {dag.py:3954} INFO - Setting next_dagrun for example_display_name to None, run_after=None
[2024-05-06T05:02:38.037+0000] {processor.py:183} INFO - Processing /home/airflow/.local/lib/python3.12/site-packages/airflow/example_dags/example_display_name.py took 0.065 seconds
[2024-05-06T05:03:08.483+0000] {processor.py:161} INFO - Started process (PID=7087) to work on /home/airflow/.local/lib/python3.12/site-packages/airflow/example_dags/example_display_name.py
[2024-05-06T05:03:08.484+0000] {processor.py:830} INFO - Processing file /home/airflow/.local/lib/python3.12/site-packages/airflow/example_dags/example_display_name.py for tasks to queue
[2024-05-06T05:03:08.486+0000] {logging_mixin.py:188} INFO - [2024-05-06T05:03:08.486+0000] {dagbag.py:540} INFO - Filling up the DagBag from /home/airflow/.local/lib/python3.12/site-packages/airflow/example_dags/example_display_name.py
[2024-05-06T05:03:08.491+0000] {processor.py:840} INFO - DAG(s) 'example_display_name' retrieved from /home/airflow/.local/lib/python3.12/site-packages/airflow/example_dags/example_display_name.py
[2024-05-06T05:03:08.512+0000] {logging_mixin.py:188} INFO - [2024-05-06T05:03:08.512+0000] {dag.py:3096} INFO - Sync 1 DAGs
[2024-05-06T05:03:08.528+0000] {logging_mixin.py:188} INFO - [2024-05-06T05:03:08.528+0000] {dag.py:3954} INFO - Setting next_dagrun for example_display_name to None, run_after=None
[2024-05-06T05:03:08.553+0000] {processor.py:183} INFO - Processing /home/airflow/.local/lib/python3.12/site-packages/airflow/example_dags/example_display_name.py took 0.078 seconds
[2024-05-06T05:03:39.239+0000] {processor.py:161} INFO - Started process (PID=7354) to work on /home/airflow/.local/lib/python3.12/site-packages/airflow/example_dags/example_display_name.py
[2024-05-06T05:03:39.240+0000] {processor.py:830} INFO - Processing file /home/airflow/.local/lib/python3.12/site-packages/airflow/example_dags/example_display_name.py for tasks to queue
[2024-05-06T05:03:39.241+0000] {logging_mixin.py:188} INFO - [2024-05-06T05:03:39.241+0000] {dagbag.py:540} INFO - Filling up the DagBag from /home/airflow/.local/lib/python3.12/site-packages/airflow/example_dags/example_display_name.py
[2024-05-06T05:03:39.246+0000] {processor.py:840} INFO - DAG(s) 'example_display_name' retrieved from /home/airflow/.local/lib/python3.12/site-packages/airflow/example_dags/example_display_name.py
[2024-05-06T05:03:39.267+0000] {logging_mixin.py:188} INFO - [2024-05-06T05:03:39.267+0000] {dag.py:3096} INFO - Sync 1 DAGs
[2024-05-06T05:03:39.283+0000] {logging_mixin.py:188} INFO - [2024-05-06T05:03:39.282+0000] {dag.py:3954} INFO - Setting next_dagrun for example_display_name to None, run_after=None
[2024-05-06T05:03:39.307+0000] {processor.py:183} INFO - Processing /home/airflow/.local/lib/python3.12/site-packages/airflow/example_dags/example_display_name.py took 0.074 seconds
[2024-05-06T05:04:10.272+0000] {processor.py:161} INFO - Started process (PID=7621) to work on /home/airflow/.local/lib/python3.12/site-packages/airflow/example_dags/example_display_name.py
[2024-05-06T05:04:10.273+0000] {processor.py:830} INFO - Processing file /home/airflow/.local/lib/python3.12/site-packages/airflow/example_dags/example_display_name.py for tasks to queue
[2024-05-06T05:04:10.275+0000] {logging_mixin.py:188} INFO - [2024-05-06T05:04:10.275+0000] {dagbag.py:540} INFO - Filling up the DagBag from /home/airflow/.local/lib/python3.12/site-packages/airflow/example_dags/example_display_name.py
[2024-05-06T05:04:10.282+0000] {processor.py:840} INFO - DAG(s) 'example_display_name' retrieved from /home/airflow/.local/lib/python3.12/site-packages/airflow/example_dags/example_display_name.py
[2024-05-06T05:04:10.303+0000] {logging_mixin.py:188} INFO - [2024-05-06T05:04:10.303+0000] {dag.py:3096} INFO - Sync 1 DAGs
[2024-05-06T05:04:10.492+0000] {logging_mixin.py:188} INFO - [2024-05-06T05:04:10.491+0000] {dag.py:3954} INFO - Setting next_dagrun for example_display_name to None, run_after=None
[2024-05-06T05:04:10.514+0000] {processor.py:183} INFO - Processing /home/airflow/.local/lib/python3.12/site-packages/airflow/example_dags/example_display_name.py took 0.249 seconds
[2024-05-06T05:04:40.875+0000] {processor.py:161} INFO - Started process (PID=7888) to work on /home/airflow/.local/lib/python3.12/site-packages/airflow/example_dags/example_display_name.py
[2024-05-06T05:04:40.876+0000] {processor.py:830} INFO - Processing file /home/airflow/.local/lib/python3.12/site-packages/airflow/example_dags/example_display_name.py for tasks to queue
[2024-05-06T05:04:40.877+0000] {logging_mixin.py:188} INFO - [2024-05-06T05:04:40.877+0000] {dagbag.py:540} INFO - Filling up the DagBag from /home/airflow/.local/lib/python3.12/site-packages/airflow/example_dags/example_display_name.py
[2024-05-06T05:04:40.884+0000] {processor.py:840} INFO - DAG(s) 'example_display_name' retrieved from /home/airflow/.local/lib/python3.12/site-packages/airflow/example_dags/example_display_name.py
[2024-05-06T05:04:40.906+0000] {logging_mixin.py:188} INFO - [2024-05-06T05:04:40.906+0000] {dag.py:3096} INFO - Sync 1 DAGs
[2024-05-06T05:04:40.924+0000] {logging_mixin.py:188} INFO - [2024-05-06T05:04:40.923+0000] {dag.py:3954} INFO - Setting next_dagrun for example_display_name to None, run_after=None
[2024-05-06T05:04:40.962+0000] {processor.py:183} INFO - Processing /home/airflow/.local/lib/python3.12/site-packages/airflow/example_dags/example_display_name.py took 0.092 seconds
[2024-05-06T05:05:11.088+0000] {processor.py:161} INFO - Started process (PID=8160) to work on /home/airflow/.local/lib/python3.12/site-packages/airflow/example_dags/example_display_name.py
[2024-05-06T05:05:11.089+0000] {processor.py:830} INFO - Processing file /home/airflow/.local/lib/python3.12/site-packages/airflow/example_dags/example_display_name.py for tasks to queue
[2024-05-06T05:05:11.091+0000] {logging_mixin.py:188} INFO - [2024-05-06T05:05:11.091+0000] {dagbag.py:540} INFO - Filling up the DagBag from /home/airflow/.local/lib/python3.12/site-packages/airflow/example_dags/example_display_name.py
[2024-05-06T05:05:11.097+0000] {processor.py:840} INFO - DAG(s) 'example_display_name' retrieved from /home/airflow/.local/lib/python3.12/site-packages/airflow/example_dags/example_display_name.py
[2024-05-06T05:05:11.120+0000] {logging_mixin.py:188} INFO - [2024-05-06T05:05:11.120+0000] {dag.py:3096} INFO - Sync 1 DAGs
[2024-05-06T05:05:11.139+0000] {logging_mixin.py:188} INFO - [2024-05-06T05:05:11.139+0000] {dag.py:3954} INFO - Setting next_dagrun for example_display_name to None, run_after=None
[2024-05-06T05:05:11.175+0000] {processor.py:183} INFO - Processing /home/airflow/.local/lib/python3.12/site-packages/airflow/example_dags/example_display_name.py took 0.093 seconds
[2024-05-06T05:05:41.347+0000] {processor.py:161} INFO - Started process (PID=8432) to work on /home/airflow/.local/lib/python3.12/site-packages/airflow/example_dags/example_display_name.py
[2024-05-06T05:05:41.348+0000] {processor.py:830} INFO - Processing file /home/airflow/.local/lib/python3.12/site-packages/airflow/example_dags/example_display_name.py for tasks to queue
[2024-05-06T05:05:41.351+0000] {logging_mixin.py:188} INFO - [2024-05-06T05:05:41.350+0000] {dagbag.py:540} INFO - Filling up the DagBag from /home/airflow/.local/lib/python3.12/site-packages/airflow/example_dags/example_display_name.py
[2024-05-06T05:05:41.359+0000] {processor.py:840} INFO - DAG(s) 'example_display_name' retrieved from /home/airflow/.local/lib/python3.12/site-packages/airflow/example_dags/example_display_name.py
[2024-05-06T05:05:41.383+0000] {logging_mixin.py:188} INFO - [2024-05-06T05:05:41.383+0000] {dag.py:3096} INFO - Sync 1 DAGs
[2024-05-06T05:05:41.399+0000] {logging_mixin.py:188} INFO - [2024-05-06T05:05:41.399+0000] {dag.py:3954} INFO - Setting next_dagrun for example_display_name to None, run_after=None
[2024-05-06T05:05:41.438+0000] {processor.py:183} INFO - Processing /home/airflow/.local/lib/python3.12/site-packages/airflow/example_dags/example_display_name.py took 0.102 seconds
[2024-05-06T05:06:12.449+0000] {processor.py:161} INFO - Started process (PID=8704) to work on /home/airflow/.local/lib/python3.12/site-packages/airflow/example_dags/example_display_name.py
[2024-05-06T05:06:12.450+0000] {processor.py:830} INFO - Processing file /home/airflow/.local/lib/python3.12/site-packages/airflow/example_dags/example_display_name.py for tasks to queue
[2024-05-06T05:06:12.452+0000] {logging_mixin.py:188} INFO - [2024-05-06T05:06:12.452+0000] {dagbag.py:540} INFO - Filling up the DagBag from /home/airflow/.local/lib/python3.12/site-packages/airflow/example_dags/example_display_name.py
[2024-05-06T05:06:12.456+0000] {processor.py:840} INFO - DAG(s) 'example_display_name' retrieved from /home/airflow/.local/lib/python3.12/site-packages/airflow/example_dags/example_display_name.py
[2024-05-06T05:06:12.478+0000] {logging_mixin.py:188} INFO - [2024-05-06T05:06:12.477+0000] {dag.py:3096} INFO - Sync 1 DAGs
[2024-05-06T05:06:12.492+0000] {logging_mixin.py:188} INFO - [2024-05-06T05:06:12.492+0000] {dag.py:3954} INFO - Setting next_dagrun for example_display_name to None, run_after=None
[2024-05-06T05:06:12.517+0000] {processor.py:183} INFO - Processing /home/airflow/.local/lib/python3.12/site-packages/airflow/example_dags/example_display_name.py took 0.075 seconds
[2024-05-06T05:06:42.783+0000] {processor.py:161} INFO - Started process (PID=8976) to work on /home/airflow/.local/lib/python3.12/site-packages/airflow/example_dags/example_display_name.py
[2024-05-06T05:06:42.784+0000] {processor.py:830} INFO - Processing file /home/airflow/.local/lib/python3.12/site-packages/airflow/example_dags/example_display_name.py for tasks to queue
[2024-05-06T05:06:42.786+0000] {logging_mixin.py:188} INFO - [2024-05-06T05:06:42.786+0000] {dagbag.py:540} INFO - Filling up the DagBag from /home/airflow/.local/lib/python3.12/site-packages/airflow/example_dags/example_display_name.py
[2024-05-06T05:06:42.792+0000] {processor.py:840} INFO - DAG(s) 'example_display_name' retrieved from /home/airflow/.local/lib/python3.12/site-packages/airflow/example_dags/example_display_name.py
[2024-05-06T05:06:42.812+0000] {logging_mixin.py:188} INFO - [2024-05-06T05:06:42.812+0000] {dag.py:3096} INFO - Sync 1 DAGs
[2024-05-06T05:06:42.828+0000] {logging_mixin.py:188} INFO - [2024-05-06T05:06:42.828+0000] {dag.py:3954} INFO - Setting next_dagrun for example_display_name to None, run_after=None
[2024-05-06T05:06:42.854+0000] {processor.py:183} INFO - Processing /home/airflow/.local/lib/python3.12/site-packages/airflow/example_dags/example_display_name.py took 0.077 seconds
[2024-05-06T05:07:13.596+0000] {processor.py:161} INFO - Started process (PID=9248) to work on /home/airflow/.local/lib/python3.12/site-packages/airflow/example_dags/example_display_name.py
[2024-05-06T05:07:13.597+0000] {processor.py:830} INFO - Processing file /home/airflow/.local/lib/python3.12/site-packages/airflow/example_dags/example_display_name.py for tasks to queue
[2024-05-06T05:07:13.599+0000] {logging_mixin.py:188} INFO - [2024-05-06T05:07:13.599+0000] {dagbag.py:540} INFO - Filling up the DagBag from /home/airflow/.local/lib/python3.12/site-packages/airflow/example_dags/example_display_name.py
[2024-05-06T05:07:13.605+0000] {processor.py:840} INFO - DAG(s) 'example_display_name' retrieved from /home/airflow/.local/lib/python3.12/site-packages/airflow/example_dags/example_display_name.py
[2024-05-06T05:07:13.625+0000] {logging_mixin.py:188} INFO - [2024-05-06T05:07:13.625+0000] {dag.py:3096} INFO - Sync 1 DAGs
[2024-05-06T05:07:13.653+0000] {logging_mixin.py:188} INFO - [2024-05-06T05:07:13.653+0000] {dag.py:3954} INFO - Setting next_dagrun for example_display_name to None, run_after=None
[2024-05-06T05:07:13.690+0000] {processor.py:183} INFO - Processing /home/airflow/.local/lib/python3.12/site-packages/airflow/example_dags/example_display_name.py took 0.102 seconds
[2024-05-06T05:07:44.362+0000] {processor.py:161} INFO - Started process (PID=9522) to work on /home/airflow/.local/lib/python3.12/site-packages/airflow/example_dags/example_display_name.py
[2024-05-06T05:07:44.363+0000] {processor.py:830} INFO - Processing file /home/airflow/.local/lib/python3.12/site-packages/airflow/example_dags/example_display_name.py for tasks to queue
[2024-05-06T05:07:44.365+0000] {logging_mixin.py:188} INFO - [2024-05-06T05:07:44.364+0000] {dagbag.py:540} INFO - Filling up the DagBag from /home/airflow/.local/lib/python3.12/site-packages/airflow/example_dags/example_display_name.py
[2024-05-06T05:07:44.370+0000] {processor.py:840} INFO - DAG(s) 'example_display_name' retrieved from /home/airflow/.local/lib/python3.12/site-packages/airflow/example_dags/example_display_name.py
[2024-05-06T05:07:44.392+0000] {logging_mixin.py:188} INFO - [2024-05-06T05:07:44.391+0000] {dag.py:3096} INFO - Sync 1 DAGs
[2024-05-06T05:07:44.408+0000] {logging_mixin.py:188} INFO - [2024-05-06T05:07:44.408+0000] {dag.py:3954} INFO - Setting next_dagrun for example_display_name to None, run_after=None
[2024-05-06T05:07:44.432+0000] {processor.py:183} INFO - Processing /home/airflow/.local/lib/python3.12/site-packages/airflow/example_dags/example_display_name.py took 0.079 seconds
[2024-05-06T05:08:15.015+0000] {processor.py:161} INFO - Started process (PID=9795) to work on /home/airflow/.local/lib/python3.12/site-packages/airflow/example_dags/example_display_name.py
[2024-05-06T05:08:15.015+0000] {processor.py:830} INFO - Processing file /home/airflow/.local/lib/python3.12/site-packages/airflow/example_dags/example_display_name.py for tasks to queue
[2024-05-06T05:08:15.017+0000] {logging_mixin.py:188} INFO - [2024-05-06T05:08:15.017+0000] {dagbag.py:540} INFO - Filling up the DagBag from /home/airflow/.local/lib/python3.12/site-packages/airflow/example_dags/example_display_name.py
[2024-05-06T05:08:15.022+0000] {processor.py:840} INFO - DAG(s) 'example_display_name' retrieved from /home/airflow/.local/lib/python3.12/site-packages/airflow/example_dags/example_display_name.py
[2024-05-06T05:08:15.043+0000] {logging_mixin.py:188} INFO - [2024-05-06T05:08:15.043+0000] {dag.py:3096} INFO - Sync 1 DAGs
[2024-05-06T05:08:15.058+0000] {logging_mixin.py:188} INFO - [2024-05-06T05:08:15.057+0000] {dag.py:3954} INFO - Setting next_dagrun for example_display_name to None, run_after=None
[2024-05-06T05:08:15.097+0000] {processor.py:183} INFO - Processing /home/airflow/.local/lib/python3.12/site-packages/airflow/example_dags/example_display_name.py took 0.090 seconds
[2024-05-06T05:08:45.625+0000] {processor.py:161} INFO - Started process (PID=10067) to work on /home/airflow/.local/lib/python3.12/site-packages/airflow/example_dags/example_display_name.py
[2024-05-06T05:08:45.626+0000] {processor.py:830} INFO - Processing file /home/airflow/.local/lib/python3.12/site-packages/airflow/example_dags/example_display_name.py for tasks to queue
[2024-05-06T05:08:45.628+0000] {logging_mixin.py:188} INFO - [2024-05-06T05:08:45.627+0000] {dagbag.py:540} INFO - Filling up the DagBag from /home/airflow/.local/lib/python3.12/site-packages/airflow/example_dags/example_display_name.py
[2024-05-06T05:08:45.634+0000] {processor.py:840} INFO - DAG(s) 'example_display_name' retrieved from /home/airflow/.local/lib/python3.12/site-packages/airflow/example_dags/example_display_name.py
[2024-05-06T05:08:45.659+0000] {logging_mixin.py:188} INFO - [2024-05-06T05:08:45.658+0000] {dag.py:3096} INFO - Sync 1 DAGs
[2024-05-06T05:08:45.675+0000] {logging_mixin.py:188} INFO - [2024-05-06T05:08:45.675+0000] {dag.py:3954} INFO - Setting next_dagrun for example_display_name to None, run_after=None
[2024-05-06T05:08:45.700+0000] {processor.py:183} INFO - Processing /home/airflow/.local/lib/python3.12/site-packages/airflow/example_dags/example_display_name.py took 0.080 seconds
[2024-05-06T05:09:15.903+0000] {processor.py:161} INFO - Started process (PID=10339) to work on /home/airflow/.local/lib/python3.12/site-packages/airflow/example_dags/example_display_name.py
[2024-05-06T05:09:15.903+0000] {processor.py:830} INFO - Processing file /home/airflow/.local/lib/python3.12/site-packages/airflow/example_dags/example_display_name.py for tasks to queue
[2024-05-06T05:09:15.905+0000] {logging_mixin.py:188} INFO - [2024-05-06T05:09:15.904+0000] {dagbag.py:540} INFO - Filling up the DagBag from /home/airflow/.local/lib/python3.12/site-packages/airflow/example_dags/example_display_name.py
[2024-05-06T05:09:15.911+0000] {processor.py:840} INFO - DAG(s) 'example_display_name' retrieved from /home/airflow/.local/lib/python3.12/site-packages/airflow/example_dags/example_display_name.py
[2024-05-06T05:09:15.934+0000] {logging_mixin.py:188} INFO - [2024-05-06T05:09:15.933+0000] {dag.py:3096} INFO - Sync 1 DAGs
[2024-05-06T05:09:15.951+0000] {logging_mixin.py:188} INFO - [2024-05-06T05:09:15.951+0000] {dag.py:3954} INFO - Setting next_dagrun for example_display_name to None, run_after=None
[2024-05-06T05:09:15.979+0000] {processor.py:183} INFO - Processing /home/airflow/.local/lib/python3.12/site-packages/airflow/example_dags/example_display_name.py took 0.082 seconds
[2024-05-06T05:09:46.505+0000] {processor.py:161} INFO - Started process (PID=10611) to work on /home/airflow/.local/lib/python3.12/site-packages/airflow/example_dags/example_display_name.py
[2024-05-06T05:09:46.506+0000] {processor.py:830} INFO - Processing file /home/airflow/.local/lib/python3.12/site-packages/airflow/example_dags/example_display_name.py for tasks to queue
[2024-05-06T05:09:46.508+0000] {logging_mixin.py:188} INFO - [2024-05-06T05:09:46.507+0000] {dagbag.py:540} INFO - Filling up the DagBag from /home/airflow/.local/lib/python3.12/site-packages/airflow/example_dags/example_display_name.py
[2024-05-06T05:09:46.514+0000] {processor.py:840} INFO - DAG(s) 'example_display_name' retrieved from /home/airflow/.local/lib/python3.12/site-packages/airflow/example_dags/example_display_name.py
[2024-05-06T05:09:46.535+0000] {logging_mixin.py:188} INFO - [2024-05-06T05:09:46.534+0000] {dag.py:3096} INFO - Sync 1 DAGs
[2024-05-06T05:09:46.550+0000] {logging_mixin.py:188} INFO - [2024-05-06T05:09:46.550+0000] {dag.py:3954} INFO - Setting next_dagrun for example_display_name to None, run_after=None
[2024-05-06T05:09:46.577+0000] {processor.py:183} INFO - Processing /home/airflow/.local/lib/python3.12/site-packages/airflow/example_dags/example_display_name.py took 0.078 seconds
[2024-05-06T05:10:17.552+0000] {processor.py:161} INFO - Started process (PID=10883) to work on /home/airflow/.local/lib/python3.12/site-packages/airflow/example_dags/example_display_name.py
[2024-05-06T05:10:17.553+0000] {processor.py:830} INFO - Processing file /home/airflow/.local/lib/python3.12/site-packages/airflow/example_dags/example_display_name.py for tasks to queue
[2024-05-06T05:10:17.555+0000] {logging_mixin.py:188} INFO - [2024-05-06T05:10:17.555+0000] {dagbag.py:540} INFO - Filling up the DagBag from /home/airflow/.local/lib/python3.12/site-packages/airflow/example_dags/example_display_name.py
[2024-05-06T05:10:17.562+0000] {processor.py:840} INFO - DAG(s) 'example_display_name' retrieved from /home/airflow/.local/lib/python3.12/site-packages/airflow/example_dags/example_display_name.py
[2024-05-06T05:10:17.595+0000] {logging_mixin.py:188} INFO - [2024-05-06T05:10:17.594+0000] {dag.py:3096} INFO - Sync 1 DAGs
[2024-05-06T05:10:17.618+0000] {logging_mixin.py:188} INFO - [2024-05-06T05:10:17.617+0000] {dag.py:3954} INFO - Setting next_dagrun for example_display_name to None, run_after=None
[2024-05-06T05:10:17.672+0000] {processor.py:183} INFO - Processing /home/airflow/.local/lib/python3.12/site-packages/airflow/example_dags/example_display_name.py took 0.127 seconds
[2024-05-06T05:10:48.493+0000] {processor.py:161} INFO - Started process (PID=11155) to work on /home/airflow/.local/lib/python3.12/site-packages/airflow/example_dags/example_display_name.py
[2024-05-06T05:10:48.494+0000] {processor.py:830} INFO - Processing file /home/airflow/.local/lib/python3.12/site-packages/airflow/example_dags/example_display_name.py for tasks to queue
[2024-05-06T05:10:48.496+0000] {logging_mixin.py:188} INFO - [2024-05-06T05:10:48.496+0000] {dagbag.py:540} INFO - Filling up the DagBag from /home/airflow/.local/lib/python3.12/site-packages/airflow/example_dags/example_display_name.py
[2024-05-06T05:10:48.501+0000] {processor.py:840} INFO - DAG(s) 'example_display_name' retrieved from /home/airflow/.local/lib/python3.12/site-packages/airflow/example_dags/example_display_name.py
[2024-05-06T05:10:48.528+0000] {logging_mixin.py:188} INFO - [2024-05-06T05:10:48.528+0000] {dag.py:3096} INFO - Sync 1 DAGs
[2024-05-06T05:10:48.545+0000] {logging_mixin.py:188} INFO - [2024-05-06T05:10:48.545+0000] {dag.py:3954} INFO - Setting next_dagrun for example_display_name to None, run_after=None
[2024-05-06T05:10:48.579+0000] {processor.py:183} INFO - Processing /home/airflow/.local/lib/python3.12/site-packages/airflow/example_dags/example_display_name.py took 0.093 seconds
[2024-05-06T05:11:18.725+0000] {processor.py:161} INFO - Started process (PID=11429) to work on /home/airflow/.local/lib/python3.12/site-packages/airflow/example_dags/example_display_name.py
[2024-05-06T05:11:18.725+0000] {processor.py:830} INFO - Processing file /home/airflow/.local/lib/python3.12/site-packages/airflow/example_dags/example_display_name.py for tasks to queue
[2024-05-06T05:11:18.727+0000] {logging_mixin.py:188} INFO - [2024-05-06T05:11:18.726+0000] {dagbag.py:540} INFO - Filling up the DagBag from /home/airflow/.local/lib/python3.12/site-packages/airflow/example_dags/example_display_name.py
[2024-05-06T05:11:18.733+0000] {processor.py:840} INFO - DAG(s) 'example_display_name' retrieved from /home/airflow/.local/lib/python3.12/site-packages/airflow/example_dags/example_display_name.py
[2024-05-06T05:11:18.750+0000] {logging_mixin.py:188} INFO - [2024-05-06T05:11:18.749+0000] {dag.py:3096} INFO - Sync 1 DAGs
[2024-05-06T05:11:18.761+0000] {logging_mixin.py:188} INFO - [2024-05-06T05:11:18.760+0000] {dag.py:3954} INFO - Setting next_dagrun for example_display_name to None, run_after=None
[2024-05-06T05:11:18.786+0000] {processor.py:183} INFO - Processing /home/airflow/.local/lib/python3.12/site-packages/airflow/example_dags/example_display_name.py took 0.066 seconds
[2024-05-06T05:11:49.094+0000] {processor.py:161} INFO - Started process (PID=11700) to work on /home/airflow/.local/lib/python3.12/site-packages/airflow/example_dags/example_display_name.py
[2024-05-06T05:11:49.095+0000] {processor.py:830} INFO - Processing file /home/airflow/.local/lib/python3.12/site-packages/airflow/example_dags/example_display_name.py for tasks to queue
[2024-05-06T05:11:49.097+0000] {logging_mixin.py:188} INFO - [2024-05-06T05:11:49.097+0000] {dagbag.py:540} INFO - Filling up the DagBag from /home/airflow/.local/lib/python3.12/site-packages/airflow/example_dags/example_display_name.py
[2024-05-06T05:11:49.103+0000] {processor.py:840} INFO - DAG(s) 'example_display_name' retrieved from /home/airflow/.local/lib/python3.12/site-packages/airflow/example_dags/example_display_name.py
[2024-05-06T05:11:49.124+0000] {logging_mixin.py:188} INFO - [2024-05-06T05:11:49.124+0000] {dag.py:3096} INFO - Sync 1 DAGs
[2024-05-06T05:11:49.141+0000] {logging_mixin.py:188} INFO - [2024-05-06T05:11:49.140+0000] {dag.py:3954} INFO - Setting next_dagrun for example_display_name to None, run_after=None
[2024-05-06T05:11:49.166+0000] {processor.py:183} INFO - Processing /home/airflow/.local/lib/python3.12/site-packages/airflow/example_dags/example_display_name.py took 0.078 seconds
[2024-05-06T05:12:20.154+0000] {processor.py:161} INFO - Started process (PID=11972) to work on /home/airflow/.local/lib/python3.12/site-packages/airflow/example_dags/example_display_name.py
[2024-05-06T05:12:20.155+0000] {processor.py:830} INFO - Processing file /home/airflow/.local/lib/python3.12/site-packages/airflow/example_dags/example_display_name.py for tasks to queue
[2024-05-06T05:12:20.157+0000] {logging_mixin.py:188} INFO - [2024-05-06T05:12:20.156+0000] {dagbag.py:540} INFO - Filling up the DagBag from /home/airflow/.local/lib/python3.12/site-packages/airflow/example_dags/example_display_name.py
[2024-05-06T05:12:20.164+0000] {processor.py:840} INFO - DAG(s) 'example_display_name' retrieved from /home/airflow/.local/lib/python3.12/site-packages/airflow/example_dags/example_display_name.py
[2024-05-06T05:12:20.187+0000] {logging_mixin.py:188} INFO - [2024-05-06T05:12:20.187+0000] {dag.py:3096} INFO - Sync 1 DAGs
[2024-05-06T05:12:20.205+0000] {logging_mixin.py:188} INFO - [2024-05-06T05:12:20.204+0000] {dag.py:3954} INFO - Setting next_dagrun for example_display_name to None, run_after=None
[2024-05-06T05:12:20.231+0000] {processor.py:183} INFO - Processing /home/airflow/.local/lib/python3.12/site-packages/airflow/example_dags/example_display_name.py took 0.084 seconds
[2024-05-06T05:12:51.184+0000] {processor.py:161} INFO - Started process (PID=12244) to work on /home/airflow/.local/lib/python3.12/site-packages/airflow/example_dags/example_display_name.py
[2024-05-06T05:12:51.185+0000] {processor.py:830} INFO - Processing file /home/airflow/.local/lib/python3.12/site-packages/airflow/example_dags/example_display_name.py for tasks to queue
[2024-05-06T05:12:51.187+0000] {logging_mixin.py:188} INFO - [2024-05-06T05:12:51.186+0000] {dagbag.py:540} INFO - Filling up the DagBag from /home/airflow/.local/lib/python3.12/site-packages/airflow/example_dags/example_display_name.py
[2024-05-06T05:12:51.193+0000] {processor.py:840} INFO - DAG(s) 'example_display_name' retrieved from /home/airflow/.local/lib/python3.12/site-packages/airflow/example_dags/example_display_name.py
[2024-05-06T05:12:51.214+0000] {logging_mixin.py:188} INFO - [2024-05-06T05:12:51.214+0000] {dag.py:3096} INFO - Sync 1 DAGs
[2024-05-06T05:12:51.231+0000] {logging_mixin.py:188} INFO - [2024-05-06T05:12:51.230+0000] {dag.py:3954} INFO - Setting next_dagrun for example_display_name to None, run_after=None
[2024-05-06T05:12:51.269+0000] {processor.py:183} INFO - Processing /home/airflow/.local/lib/python3.12/site-packages/airflow/example_dags/example_display_name.py took 0.092 seconds
[2024-05-06T05:13:21.892+0000] {processor.py:161} INFO - Started process (PID=12517) to work on /home/airflow/.local/lib/python3.12/site-packages/airflow/example_dags/example_display_name.py
[2024-05-06T05:13:21.893+0000] {processor.py:830} INFO - Processing file /home/airflow/.local/lib/python3.12/site-packages/airflow/example_dags/example_display_name.py for tasks to queue
[2024-05-06T05:13:21.894+0000] {logging_mixin.py:188} INFO - [2024-05-06T05:13:21.894+0000] {dagbag.py:540} INFO - Filling up the DagBag from /home/airflow/.local/lib/python3.12/site-packages/airflow/example_dags/example_display_name.py
[2024-05-06T05:13:21.899+0000] {processor.py:840} INFO - DAG(s) 'example_display_name' retrieved from /home/airflow/.local/lib/python3.12/site-packages/airflow/example_dags/example_display_name.py
[2024-05-06T05:13:21.921+0000] {logging_mixin.py:188} INFO - [2024-05-06T05:13:21.920+0000] {dag.py:3096} INFO - Sync 1 DAGs
[2024-05-06T05:13:21.943+0000] {logging_mixin.py:188} INFO - [2024-05-06T05:13:21.942+0000] {dag.py:3954} INFO - Setting next_dagrun for example_display_name to None, run_after=None
[2024-05-06T05:13:21.969+0000] {processor.py:183} INFO - Processing /home/airflow/.local/lib/python3.12/site-packages/airflow/example_dags/example_display_name.py took 0.084 seconds
[2024-05-06T05:13:52.595+0000] {processor.py:161} INFO - Started process (PID=12790) to work on /home/airflow/.local/lib/python3.12/site-packages/airflow/example_dags/example_display_name.py
[2024-05-06T05:13:52.596+0000] {processor.py:830} INFO - Processing file /home/airflow/.local/lib/python3.12/site-packages/airflow/example_dags/example_display_name.py for tasks to queue
[2024-05-06T05:13:52.598+0000] {logging_mixin.py:188} INFO - [2024-05-06T05:13:52.598+0000] {dagbag.py:540} INFO - Filling up the DagBag from /home/airflow/.local/lib/python3.12/site-packages/airflow/example_dags/example_display_name.py
[2024-05-06T05:13:52.604+0000] {processor.py:840} INFO - DAG(s) 'example_display_name' retrieved from /home/airflow/.local/lib/python3.12/site-packages/airflow/example_dags/example_display_name.py
[2024-05-06T05:13:52.628+0000] {logging_mixin.py:188} INFO - [2024-05-06T05:13:52.628+0000] {dag.py:3096} INFO - Sync 1 DAGs
[2024-05-06T05:13:52.644+0000] {logging_mixin.py:188} INFO - [2024-05-06T05:13:52.644+0000] {dag.py:3954} INFO - Setting next_dagrun for example_display_name to None, run_after=None
[2024-05-06T05:13:52.671+0000] {processor.py:183} INFO - Processing /home/airflow/.local/lib/python3.12/site-packages/airflow/example_dags/example_display_name.py took 0.083 seconds
[2024-05-06T05:14:23.402+0000] {processor.py:161} INFO - Started process (PID=13062) to work on /home/airflow/.local/lib/python3.12/site-packages/airflow/example_dags/example_display_name.py
[2024-05-06T05:14:23.403+0000] {processor.py:830} INFO - Processing file /home/airflow/.local/lib/python3.12/site-packages/airflow/example_dags/example_display_name.py for tasks to queue
[2024-05-06T05:14:23.404+0000] {logging_mixin.py:188} INFO - [2024-05-06T05:14:23.404+0000] {dagbag.py:540} INFO - Filling up the DagBag from /home/airflow/.local/lib/python3.12/site-packages/airflow/example_dags/example_display_name.py
[2024-05-06T05:14:23.410+0000] {processor.py:840} INFO - DAG(s) 'example_display_name' retrieved from /home/airflow/.local/lib/python3.12/site-packages/airflow/example_dags/example_display_name.py
[2024-05-06T05:14:23.430+0000] {logging_mixin.py:188} INFO - [2024-05-06T05:14:23.430+0000] {dag.py:3096} INFO - Sync 1 DAGs
[2024-05-06T05:14:23.445+0000] {logging_mixin.py:188} INFO - [2024-05-06T05:14:23.445+0000] {dag.py:3954} INFO - Setting next_dagrun for example_display_name to None, run_after=None
[2024-05-06T05:14:23.470+0000] {processor.py:183} INFO - Processing /home/airflow/.local/lib/python3.12/site-packages/airflow/example_dags/example_display_name.py took 0.076 seconds
[2024-05-06T05:14:54.154+0000] {processor.py:161} INFO - Started process (PID=13336) to work on /home/airflow/.local/lib/python3.12/site-packages/airflow/example_dags/example_display_name.py
[2024-05-06T05:14:54.154+0000] {processor.py:830} INFO - Processing file /home/airflow/.local/lib/python3.12/site-packages/airflow/example_dags/example_display_name.py for tasks to queue
[2024-05-06T05:14:54.157+0000] {logging_mixin.py:188} INFO - [2024-05-06T05:14:54.156+0000] {dagbag.py:540} INFO - Filling up the DagBag from /home/airflow/.local/lib/python3.12/site-packages/airflow/example_dags/example_display_name.py
[2024-05-06T05:14:54.164+0000] {processor.py:840} INFO - DAG(s) 'example_display_name' retrieved from /home/airflow/.local/lib/python3.12/site-packages/airflow/example_dags/example_display_name.py
[2024-05-06T05:14:54.193+0000] {logging_mixin.py:188} INFO - [2024-05-06T05:14:54.193+0000] {dag.py:3096} INFO - Sync 1 DAGs
[2024-05-06T05:14:54.212+0000] {logging_mixin.py:188} INFO - [2024-05-06T05:14:54.212+0000] {dag.py:3954} INFO - Setting next_dagrun for example_display_name to None, run_after=None
[2024-05-06T05:14:54.257+0000] {processor.py:183} INFO - Processing /home/airflow/.local/lib/python3.12/site-packages/airflow/example_dags/example_display_name.py took 0.110 seconds
[2024-05-06T05:15:24.940+0000] {processor.py:161} INFO - Started process (PID=13614) to work on /home/airflow/.local/lib/python3.12/site-packages/airflow/example_dags/example_display_name.py
[2024-05-06T05:15:24.941+0000] {processor.py:830} INFO - Processing file /home/airflow/.local/lib/python3.12/site-packages/airflow/example_dags/example_display_name.py for tasks to queue
[2024-05-06T05:15:24.942+0000] {logging_mixin.py:188} INFO - [2024-05-06T05:15:24.942+0000] {dagbag.py:540} INFO - Filling up the DagBag from /home/airflow/.local/lib/python3.12/site-packages/airflow/example_dags/example_display_name.py
[2024-05-06T05:15:24.948+0000] {processor.py:840} INFO - DAG(s) 'example_display_name' retrieved from /home/airflow/.local/lib/python3.12/site-packages/airflow/example_dags/example_display_name.py
[2024-05-06T05:15:24.972+0000] {logging_mixin.py:188} INFO - [2024-05-06T05:15:24.972+0000] {dag.py:3096} INFO - Sync 1 DAGs
[2024-05-06T05:15:24.989+0000] {logging_mixin.py:188} INFO - [2024-05-06T05:15:24.989+0000] {dag.py:3954} INFO - Setting next_dagrun for example_display_name to None, run_after=None
[2024-05-06T05:15:25.017+0000] {processor.py:183} INFO - Processing /home/airflow/.local/lib/python3.12/site-packages/airflow/example_dags/example_display_name.py took 0.084 seconds
[2024-05-06T05:15:55.634+0000] {processor.py:161} INFO - Started process (PID=13885) to work on /home/airflow/.local/lib/python3.12/site-packages/airflow/example_dags/example_display_name.py
[2024-05-06T05:15:55.635+0000] {processor.py:830} INFO - Processing file /home/airflow/.local/lib/python3.12/site-packages/airflow/example_dags/example_display_name.py for tasks to queue
[2024-05-06T05:15:55.637+0000] {logging_mixin.py:188} INFO - [2024-05-06T05:15:55.636+0000] {dagbag.py:540} INFO - Filling up the DagBag from /home/airflow/.local/lib/python3.12/site-packages/airflow/example_dags/example_display_name.py
[2024-05-06T05:15:55.641+0000] {processor.py:840} INFO - DAG(s) 'example_display_name' retrieved from /home/airflow/.local/lib/python3.12/site-packages/airflow/example_dags/example_display_name.py
[2024-05-06T05:15:55.663+0000] {logging_mixin.py:188} INFO - [2024-05-06T05:15:55.663+0000] {dag.py:3096} INFO - Sync 1 DAGs
[2024-05-06T05:15:55.678+0000] {logging_mixin.py:188} INFO - [2024-05-06T05:15:55.678+0000] {dag.py:3954} INFO - Setting next_dagrun for example_display_name to None, run_after=None
[2024-05-06T05:15:55.703+0000] {processor.py:183} INFO - Processing /home/airflow/.local/lib/python3.12/site-packages/airflow/example_dags/example_display_name.py took 0.077 seconds
[2024-05-06T05:16:26.405+0000] {processor.py:161} INFO - Started process (PID=14158) to work on /home/airflow/.local/lib/python3.12/site-packages/airflow/example_dags/example_display_name.py
[2024-05-06T05:16:26.406+0000] {processor.py:830} INFO - Processing file /home/airflow/.local/lib/python3.12/site-packages/airflow/example_dags/example_display_name.py for tasks to queue
[2024-05-06T05:16:26.409+0000] {logging_mixin.py:188} INFO - [2024-05-06T05:16:26.408+0000] {dagbag.py:540} INFO - Filling up the DagBag from /home/airflow/.local/lib/python3.12/site-packages/airflow/example_dags/example_display_name.py
[2024-05-06T05:16:26.414+0000] {processor.py:840} INFO - DAG(s) 'example_display_name' retrieved from /home/airflow/.local/lib/python3.12/site-packages/airflow/example_dags/example_display_name.py
[2024-05-06T05:16:26.435+0000] {logging_mixin.py:188} INFO - [2024-05-06T05:16:26.435+0000] {dag.py:3096} INFO - Sync 1 DAGs
[2024-05-06T05:16:26.450+0000] {logging_mixin.py:188} INFO - [2024-05-06T05:16:26.450+0000] {dag.py:3954} INFO - Setting next_dagrun for example_display_name to None, run_after=None
[2024-05-06T05:16:26.474+0000] {processor.py:183} INFO - Processing /home/airflow/.local/lib/python3.12/site-packages/airflow/example_dags/example_display_name.py took 0.076 seconds
[2024-05-06T05:16:56.897+0000] {processor.py:161} INFO - Started process (PID=14431) to work on /home/airflow/.local/lib/python3.12/site-packages/airflow/example_dags/example_display_name.py
[2024-05-06T05:16:56.897+0000] {processor.py:830} INFO - Processing file /home/airflow/.local/lib/python3.12/site-packages/airflow/example_dags/example_display_name.py for tasks to queue
[2024-05-06T05:16:56.899+0000] {logging_mixin.py:188} INFO - [2024-05-06T05:16:56.898+0000] {dagbag.py:540} INFO - Filling up the DagBag from /home/airflow/.local/lib/python3.12/site-packages/airflow/example_dags/example_display_name.py
[2024-05-06T05:16:56.904+0000] {processor.py:840} INFO - DAG(s) 'example_display_name' retrieved from /home/airflow/.local/lib/python3.12/site-packages/airflow/example_dags/example_display_name.py
[2024-05-06T05:16:56.926+0000] {logging_mixin.py:188} INFO - [2024-05-06T05:16:56.925+0000] {dag.py:3096} INFO - Sync 1 DAGs
[2024-05-06T05:16:56.942+0000] {logging_mixin.py:188} INFO - [2024-05-06T05:16:56.942+0000] {dag.py:3954} INFO - Setting next_dagrun for example_display_name to None, run_after=None
[2024-05-06T05:16:56.966+0000] {processor.py:183} INFO - Processing /home/airflow/.local/lib/python3.12/site-packages/airflow/example_dags/example_display_name.py took 0.076 seconds
[2024-05-06T05:17:27.858+0000] {processor.py:161} INFO - Started process (PID=14703) to work on /home/airflow/.local/lib/python3.12/site-packages/airflow/example_dags/example_display_name.py
[2024-05-06T05:17:27.859+0000] {processor.py:830} INFO - Processing file /home/airflow/.local/lib/python3.12/site-packages/airflow/example_dags/example_display_name.py for tasks to queue
[2024-05-06T05:17:27.860+0000] {logging_mixin.py:188} INFO - [2024-05-06T05:17:27.860+0000] {dagbag.py:540} INFO - Filling up the DagBag from /home/airflow/.local/lib/python3.12/site-packages/airflow/example_dags/example_display_name.py
[2024-05-06T05:17:27.865+0000] {processor.py:840} INFO - DAG(s) 'example_display_name' retrieved from /home/airflow/.local/lib/python3.12/site-packages/airflow/example_dags/example_display_name.py
[2024-05-06T05:17:27.885+0000] {logging_mixin.py:188} INFO - [2024-05-06T05:17:27.885+0000] {dag.py:3096} INFO - Sync 1 DAGs
[2024-05-06T05:17:27.900+0000] {logging_mixin.py:188} INFO - [2024-05-06T05:17:27.900+0000] {dag.py:3954} INFO - Setting next_dagrun for example_display_name to None, run_after=None
[2024-05-06T05:17:27.927+0000] {processor.py:183} INFO - Processing /home/airflow/.local/lib/python3.12/site-packages/airflow/example_dags/example_display_name.py took 0.077 seconds
[2024-05-06T05:17:58.194+0000] {processor.py:161} INFO - Started process (PID=14975) to work on /home/airflow/.local/lib/python3.12/site-packages/airflow/example_dags/example_display_name.py
[2024-05-06T05:17:58.195+0000] {processor.py:830} INFO - Processing file /home/airflow/.local/lib/python3.12/site-packages/airflow/example_dags/example_display_name.py for tasks to queue
[2024-05-06T05:17:58.197+0000] {logging_mixin.py:188} INFO - [2024-05-06T05:17:58.197+0000] {dagbag.py:540} INFO - Filling up the DagBag from /home/airflow/.local/lib/python3.12/site-packages/airflow/example_dags/example_display_name.py
[2024-05-06T05:17:58.203+0000] {processor.py:840} INFO - DAG(s) 'example_display_name' retrieved from /home/airflow/.local/lib/python3.12/site-packages/airflow/example_dags/example_display_name.py
[2024-05-06T05:17:58.224+0000] {logging_mixin.py:188} INFO - [2024-05-06T05:17:58.223+0000] {dag.py:3096} INFO - Sync 1 DAGs
[2024-05-06T05:17:58.238+0000] {logging_mixin.py:188} INFO - [2024-05-06T05:17:58.238+0000] {dag.py:3954} INFO - Setting next_dagrun for example_display_name to None, run_after=None
[2024-05-06T05:17:58.263+0000] {processor.py:183} INFO - Processing /home/airflow/.local/lib/python3.12/site-packages/airflow/example_dags/example_display_name.py took 0.076 seconds
[2024-05-06T05:18:28.762+0000] {processor.py:161} INFO - Started process (PID=15247) to work on /home/airflow/.local/lib/python3.12/site-packages/airflow/example_dags/example_display_name.py
[2024-05-06T05:18:28.763+0000] {processor.py:830} INFO - Processing file /home/airflow/.local/lib/python3.12/site-packages/airflow/example_dags/example_display_name.py for tasks to queue
[2024-05-06T05:18:28.765+0000] {logging_mixin.py:188} INFO - [2024-05-06T05:18:28.765+0000] {dagbag.py:540} INFO - Filling up the DagBag from /home/airflow/.local/lib/python3.12/site-packages/airflow/example_dags/example_display_name.py
[2024-05-06T05:18:28.770+0000] {processor.py:840} INFO - DAG(s) 'example_display_name' retrieved from /home/airflow/.local/lib/python3.12/site-packages/airflow/example_dags/example_display_name.py
[2024-05-06T05:18:28.790+0000] {logging_mixin.py:188} INFO - [2024-05-06T05:18:28.789+0000] {dag.py:3096} INFO - Sync 1 DAGs
[2024-05-06T05:18:28.804+0000] {logging_mixin.py:188} INFO - [2024-05-06T05:18:28.804+0000] {dag.py:3954} INFO - Setting next_dagrun for example_display_name to None, run_after=None
[2024-05-06T05:18:28.836+0000] {processor.py:183} INFO - Processing /home/airflow/.local/lib/python3.12/site-packages/airflow/example_dags/example_display_name.py took 0.082 seconds
[2024-05-06T05:18:59.380+0000] {processor.py:161} INFO - Started process (PID=15519) to work on /home/airflow/.local/lib/python3.12/site-packages/airflow/example_dags/example_display_name.py
[2024-05-06T05:18:59.381+0000] {processor.py:830} INFO - Processing file /home/airflow/.local/lib/python3.12/site-packages/airflow/example_dags/example_display_name.py for tasks to queue
[2024-05-06T05:18:59.382+0000] {logging_mixin.py:188} INFO - [2024-05-06T05:18:59.382+0000] {dagbag.py:540} INFO - Filling up the DagBag from /home/airflow/.local/lib/python3.12/site-packages/airflow/example_dags/example_display_name.py
[2024-05-06T05:18:59.388+0000] {processor.py:840} INFO - DAG(s) 'example_display_name' retrieved from /home/airflow/.local/lib/python3.12/site-packages/airflow/example_dags/example_display_name.py
[2024-05-06T05:18:59.408+0000] {logging_mixin.py:188} INFO - [2024-05-06T05:18:59.408+0000] {dag.py:3096} INFO - Sync 1 DAGs
[2024-05-06T05:18:59.424+0000] {logging_mixin.py:188} INFO - [2024-05-06T05:18:59.424+0000] {dag.py:3954} INFO - Setting next_dagrun for example_display_name to None, run_after=None
[2024-05-06T05:18:59.449+0000] {processor.py:183} INFO - Processing /home/airflow/.local/lib/python3.12/site-packages/airflow/example_dags/example_display_name.py took 0.074 seconds
