[2024-05-06T04:50:15.835+0000] {processor.py:161} INFO - Started process (PID=245) to work on /home/airflow/.local/lib/python3.12/site-packages/airflow/example_dags/tutorial_objectstorage.py
[2024-05-06T04:50:15.836+0000] {processor.py:830} INFO - Processing file /home/airflow/.local/lib/python3.12/site-packages/airflow/example_dags/tutorial_objectstorage.py for tasks to queue
[2024-05-06T04:50:15.838+0000] {logging_mixin.py:188} INFO - [2024-05-06T04:50:15.838+0000] {dagbag.py:540} INFO - Filling up the DagBag from /home/airflow/.local/lib/python3.12/site-packages/airflow/example_dags/tutorial_objectstorage.py
[2024-05-06T04:50:15.847+0000] {processor.py:840} INFO - DAG(s) 'tutorial_objectstorage' retrieved from /home/airflow/.local/lib/python3.12/site-packages/airflow/example_dags/tutorial_objectstorage.py
[2024-05-06T04:50:16.001+0000] {logging_mixin.py:188} INFO - [2024-05-06T04:50:16.000+0000] {override.py:1829} INFO - Created Permission View: can delete on DAG:tutorial_objectstorage
[2024-05-06T04:50:16.018+0000] {logging_mixin.py:188} INFO - [2024-05-06T04:50:16.018+0000] {override.py:1829} INFO - Created Permission View: can edit on DAG:tutorial_objectstorage
[2024-05-06T04:50:16.030+0000] {logging_mixin.py:188} INFO - [2024-05-06T04:50:16.029+0000] {override.py:1829} INFO - Created Permission View: can read on DAG:tutorial_objectstorage
[2024-05-06T04:50:16.030+0000] {logging_mixin.py:188} INFO - [2024-05-06T04:50:16.030+0000] {dag.py:3096} INFO - Sync 1 DAGs
[2024-05-06T04:50:16.070+0000] {logging_mixin.py:188} INFO - [2024-05-06T04:50:16.070+0000] {dag.py:3118} INFO - Creating ORM DAG for tutorial_objectstorage
[2024-05-06T04:50:16.071+0000] {logging_mixin.py:188} INFO - [2024-05-06T04:50:16.071+0000] {dag.py:3954} INFO - Setting next_dagrun for tutorial_objectstorage to None, run_after=None
[2024-05-06T04:50:16.175+0000] {processor.py:183} INFO - Processing /home/airflow/.local/lib/python3.12/site-packages/airflow/example_dags/tutorial_objectstorage.py took 0.348 seconds
[2024-05-06T04:50:46.350+0000] {processor.py:161} INFO - Started process (PID=505) to work on /home/airflow/.local/lib/python3.12/site-packages/airflow/example_dags/tutorial_objectstorage.py
[2024-05-06T04:50:46.351+0000] {processor.py:830} INFO - Processing file /home/airflow/.local/lib/python3.12/site-packages/airflow/example_dags/tutorial_objectstorage.py for tasks to queue
[2024-05-06T04:50:46.353+0000] {logging_mixin.py:188} INFO - [2024-05-06T04:50:46.352+0000] {dagbag.py:540} INFO - Filling up the DagBag from /home/airflow/.local/lib/python3.12/site-packages/airflow/example_dags/tutorial_objectstorage.py
[2024-05-06T04:50:46.362+0000] {processor.py:840} INFO - DAG(s) 'tutorial_objectstorage' retrieved from /home/airflow/.local/lib/python3.12/site-packages/airflow/example_dags/tutorial_objectstorage.py
[2024-05-06T04:50:46.378+0000] {logging_mixin.py:188} INFO - [2024-05-06T04:50:46.377+0000] {dag.py:3096} INFO - Sync 1 DAGs
[2024-05-06T04:50:46.388+0000] {logging_mixin.py:188} INFO - [2024-05-06T04:50:46.388+0000] {dag.py:3954} INFO - Setting next_dagrun for tutorial_objectstorage to None, run_after=None
[2024-05-06T04:50:46.408+0000] {processor.py:183} INFO - Processing /home/airflow/.local/lib/python3.12/site-packages/airflow/example_dags/tutorial_objectstorage.py took 0.064 seconds
[2024-05-06T04:51:16.636+0000] {processor.py:161} INFO - Started process (PID=766) to work on /home/airflow/.local/lib/python3.12/site-packages/airflow/example_dags/tutorial_objectstorage.py
[2024-05-06T04:51:16.637+0000] {processor.py:830} INFO - Processing file /home/airflow/.local/lib/python3.12/site-packages/airflow/example_dags/tutorial_objectstorage.py for tasks to queue
[2024-05-06T04:51:16.639+0000] {logging_mixin.py:188} INFO - [2024-05-06T04:51:16.639+0000] {dagbag.py:540} INFO - Filling up the DagBag from /home/airflow/.local/lib/python3.12/site-packages/airflow/example_dags/tutorial_objectstorage.py
[2024-05-06T04:51:16.647+0000] {processor.py:840} INFO - DAG(s) 'tutorial_objectstorage' retrieved from /home/airflow/.local/lib/python3.12/site-packages/airflow/example_dags/tutorial_objectstorage.py
[2024-05-06T04:51:16.664+0000] {logging_mixin.py:188} INFO - [2024-05-06T04:51:16.663+0000] {dag.py:3096} INFO - Sync 1 DAGs
[2024-05-06T04:51:16.675+0000] {logging_mixin.py:188} INFO - [2024-05-06T04:51:16.675+0000] {dag.py:3954} INFO - Setting next_dagrun for tutorial_objectstorage to None, run_after=None
[2024-05-06T04:51:16.695+0000] {processor.py:183} INFO - Processing /home/airflow/.local/lib/python3.12/site-packages/airflow/example_dags/tutorial_objectstorage.py took 0.066 seconds
[2024-05-06T04:51:47.105+0000] {processor.py:161} INFO - Started process (PID=1030) to work on /home/airflow/.local/lib/python3.12/site-packages/airflow/example_dags/tutorial_objectstorage.py
[2024-05-06T04:51:47.106+0000] {processor.py:830} INFO - Processing file /home/airflow/.local/lib/python3.12/site-packages/airflow/example_dags/tutorial_objectstorage.py for tasks to queue
[2024-05-06T04:51:47.107+0000] {logging_mixin.py:188} INFO - [2024-05-06T04:51:47.107+0000] {dagbag.py:540} INFO - Filling up the DagBag from /home/airflow/.local/lib/python3.12/site-packages/airflow/example_dags/tutorial_objectstorage.py
[2024-05-06T04:51:47.116+0000] {processor.py:840} INFO - DAG(s) 'tutorial_objectstorage' retrieved from /home/airflow/.local/lib/python3.12/site-packages/airflow/example_dags/tutorial_objectstorage.py
[2024-05-06T04:51:47.142+0000] {logging_mixin.py:188} INFO - [2024-05-06T04:51:47.142+0000] {dag.py:3096} INFO - Sync 1 DAGs
[2024-05-06T04:51:47.153+0000] {logging_mixin.py:188} INFO - [2024-05-06T04:51:47.152+0000] {dag.py:3954} INFO - Setting next_dagrun for tutorial_objectstorage to None, run_after=None
[2024-05-06T04:51:47.176+0000] {processor.py:183} INFO - Processing /home/airflow/.local/lib/python3.12/site-packages/airflow/example_dags/tutorial_objectstorage.py took 0.078 seconds
[2024-05-06T04:52:18.069+0000] {processor.py:161} INFO - Started process (PID=1293) to work on /home/airflow/.local/lib/python3.12/site-packages/airflow/example_dags/tutorial_objectstorage.py
[2024-05-06T04:52:18.071+0000] {processor.py:830} INFO - Processing file /home/airflow/.local/lib/python3.12/site-packages/airflow/example_dags/tutorial_objectstorage.py for tasks to queue
[2024-05-06T04:52:18.072+0000] {logging_mixin.py:188} INFO - [2024-05-06T04:52:18.072+0000] {dagbag.py:540} INFO - Filling up the DagBag from /home/airflow/.local/lib/python3.12/site-packages/airflow/example_dags/tutorial_objectstorage.py
[2024-05-06T04:52:18.080+0000] {processor.py:840} INFO - DAG(s) 'tutorial_objectstorage' retrieved from /home/airflow/.local/lib/python3.12/site-packages/airflow/example_dags/tutorial_objectstorage.py
[2024-05-06T04:52:18.098+0000] {logging_mixin.py:188} INFO - [2024-05-06T04:52:18.098+0000] {dag.py:3096} INFO - Sync 1 DAGs
[2024-05-06T04:52:18.108+0000] {logging_mixin.py:188} INFO - [2024-05-06T04:52:18.108+0000] {dag.py:3954} INFO - Setting next_dagrun for tutorial_objectstorage to None, run_after=None
[2024-05-06T04:52:18.129+0000] {processor.py:183} INFO - Processing /home/airflow/.local/lib/python3.12/site-packages/airflow/example_dags/tutorial_objectstorage.py took 0.066 seconds
[2024-05-06T04:52:48.296+0000] {processor.py:161} INFO - Started process (PID=1556) to work on /home/airflow/.local/lib/python3.12/site-packages/airflow/example_dags/tutorial_objectstorage.py
[2024-05-06T04:52:48.296+0000] {processor.py:830} INFO - Processing file /home/airflow/.local/lib/python3.12/site-packages/airflow/example_dags/tutorial_objectstorage.py for tasks to queue
[2024-05-06T04:52:48.298+0000] {logging_mixin.py:188} INFO - [2024-05-06T04:52:48.297+0000] {dagbag.py:540} INFO - Filling up the DagBag from /home/airflow/.local/lib/python3.12/site-packages/airflow/example_dags/tutorial_objectstorage.py
[2024-05-06T04:52:48.303+0000] {processor.py:840} INFO - DAG(s) 'tutorial_objectstorage' retrieved from /home/airflow/.local/lib/python3.12/site-packages/airflow/example_dags/tutorial_objectstorage.py
[2024-05-06T04:52:48.319+0000] {logging_mixin.py:188} INFO - [2024-05-06T04:52:48.319+0000] {dag.py:3096} INFO - Sync 1 DAGs
[2024-05-06T04:52:48.330+0000] {logging_mixin.py:188} INFO - [2024-05-06T04:52:48.330+0000] {dag.py:3954} INFO - Setting next_dagrun for tutorial_objectstorage to None, run_after=None
[2024-05-06T04:52:48.352+0000] {processor.py:183} INFO - Processing /home/airflow/.local/lib/python3.12/site-packages/airflow/example_dags/tutorial_objectstorage.py took 0.061 seconds
[2024-05-06T04:53:19.399+0000] {processor.py:161} INFO - Started process (PID=1816) to work on /home/airflow/.local/lib/python3.12/site-packages/airflow/example_dags/tutorial_objectstorage.py
[2024-05-06T04:53:19.400+0000] {processor.py:830} INFO - Processing file /home/airflow/.local/lib/python3.12/site-packages/airflow/example_dags/tutorial_objectstorage.py for tasks to queue
[2024-05-06T04:53:19.402+0000] {logging_mixin.py:188} INFO - [2024-05-06T04:53:19.402+0000] {dagbag.py:540} INFO - Filling up the DagBag from /home/airflow/.local/lib/python3.12/site-packages/airflow/example_dags/tutorial_objectstorage.py
[2024-05-06T04:53:19.410+0000] {processor.py:840} INFO - DAG(s) 'tutorial_objectstorage' retrieved from /home/airflow/.local/lib/python3.12/site-packages/airflow/example_dags/tutorial_objectstorage.py
[2024-05-06T04:53:19.430+0000] {logging_mixin.py:188} INFO - [2024-05-06T04:53:19.430+0000] {dag.py:3096} INFO - Sync 1 DAGs
[2024-05-06T04:53:19.445+0000] {logging_mixin.py:188} INFO - [2024-05-06T04:53:19.445+0000] {dag.py:3954} INFO - Setting next_dagrun for tutorial_objectstorage to None, run_after=None
[2024-05-06T04:53:19.471+0000] {processor.py:183} INFO - Processing /home/airflow/.local/lib/python3.12/site-packages/airflow/example_dags/tutorial_objectstorage.py took 0.079 seconds
[2024-05-06T04:53:49.955+0000] {processor.py:161} INFO - Started process (PID=2086) to work on /home/airflow/.local/lib/python3.12/site-packages/airflow/example_dags/tutorial_objectstorage.py
[2024-05-06T04:53:49.956+0000] {processor.py:830} INFO - Processing file /home/airflow/.local/lib/python3.12/site-packages/airflow/example_dags/tutorial_objectstorage.py for tasks to queue
[2024-05-06T04:53:49.959+0000] {logging_mixin.py:188} INFO - [2024-05-06T04:53:49.959+0000] {dagbag.py:540} INFO - Filling up the DagBag from /home/airflow/.local/lib/python3.12/site-packages/airflow/example_dags/tutorial_objectstorage.py
[2024-05-06T04:53:49.967+0000] {processor.py:840} INFO - DAG(s) 'tutorial_objectstorage' retrieved from /home/airflow/.local/lib/python3.12/site-packages/airflow/example_dags/tutorial_objectstorage.py
[2024-05-06T04:53:50.017+0000] {logging_mixin.py:188} INFO - [2024-05-06T04:53:50.016+0000] {dag.py:3096} INFO - Sync 1 DAGs
[2024-05-06T04:53:50.038+0000] {logging_mixin.py:188} INFO - [2024-05-06T04:53:50.038+0000] {dag.py:3954} INFO - Setting next_dagrun for tutorial_objectstorage to None, run_after=None
[2024-05-06T04:53:50.079+0000] {processor.py:183} INFO - Processing /home/airflow/.local/lib/python3.12/site-packages/airflow/example_dags/tutorial_objectstorage.py took 0.132 seconds
[2024-05-06T04:54:21.982+0000] {processor.py:161} INFO - Started process (PID=2427) to work on /home/airflow/.local/lib/python3.12/site-packages/airflow/example_dags/tutorial_objectstorage.py
[2024-05-06T04:54:21.983+0000] {processor.py:830} INFO - Processing file /home/airflow/.local/lib/python3.12/site-packages/airflow/example_dags/tutorial_objectstorage.py for tasks to queue
[2024-05-06T04:54:21.985+0000] {logging_mixin.py:188} INFO - [2024-05-06T04:54:21.985+0000] {dagbag.py:540} INFO - Filling up the DagBag from /home/airflow/.local/lib/python3.12/site-packages/airflow/example_dags/tutorial_objectstorage.py
[2024-05-06T04:54:22.020+0000] {processor.py:840} INFO - DAG(s) 'tutorial_objectstorage' retrieved from /home/airflow/.local/lib/python3.12/site-packages/airflow/example_dags/tutorial_objectstorage.py
[2024-05-06T04:54:22.117+0000] {logging_mixin.py:188} INFO - [2024-05-06T04:54:22.116+0000] {dag.py:3096} INFO - Sync 1 DAGs
[2024-05-06T04:54:22.219+0000] {logging_mixin.py:188} INFO - [2024-05-06T04:54:22.218+0000] {dag.py:3954} INFO - Setting next_dagrun for tutorial_objectstorage to None, run_after=None
[2024-05-06T04:54:22.345+0000] {processor.py:183} INFO - Processing /home/airflow/.local/lib/python3.12/site-packages/airflow/example_dags/tutorial_objectstorage.py took 0.371 seconds
[2024-05-06T04:54:53.169+0000] {processor.py:161} INFO - Started process (PID=2756) to work on /home/airflow/.local/lib/python3.12/site-packages/airflow/example_dags/tutorial_objectstorage.py
[2024-05-06T04:54:53.170+0000] {processor.py:830} INFO - Processing file /home/airflow/.local/lib/python3.12/site-packages/airflow/example_dags/tutorial_objectstorage.py for tasks to queue
[2024-05-06T04:54:53.172+0000] {logging_mixin.py:188} INFO - [2024-05-06T04:54:53.171+0000] {dagbag.py:540} INFO - Filling up the DagBag from /home/airflow/.local/lib/python3.12/site-packages/airflow/example_dags/tutorial_objectstorage.py
[2024-05-06T04:54:53.197+0000] {processor.py:840} INFO - DAG(s) 'tutorial_objectstorage' retrieved from /home/airflow/.local/lib/python3.12/site-packages/airflow/example_dags/tutorial_objectstorage.py
[2024-05-06T04:54:53.237+0000] {logging_mixin.py:188} INFO - [2024-05-06T04:54:53.236+0000] {dag.py:3096} INFO - Sync 1 DAGs
[2024-05-06T04:54:53.251+0000] {logging_mixin.py:188} INFO - [2024-05-06T04:54:53.251+0000] {dag.py:3954} INFO - Setting next_dagrun for tutorial_objectstorage to None, run_after=None
[2024-05-06T04:54:53.275+0000] {processor.py:183} INFO - Processing /home/airflow/.local/lib/python3.12/site-packages/airflow/example_dags/tutorial_objectstorage.py took 0.133 seconds
[2024-05-06T04:55:23.468+0000] {processor.py:161} INFO - Started process (PID=3021) to work on /home/airflow/.local/lib/python3.12/site-packages/airflow/example_dags/tutorial_objectstorage.py
[2024-05-06T04:55:23.469+0000] {processor.py:830} INFO - Processing file /home/airflow/.local/lib/python3.12/site-packages/airflow/example_dags/tutorial_objectstorage.py for tasks to queue
[2024-05-06T04:55:23.471+0000] {logging_mixin.py:188} INFO - [2024-05-06T04:55:23.471+0000] {dagbag.py:540} INFO - Filling up the DagBag from /home/airflow/.local/lib/python3.12/site-packages/airflow/example_dags/tutorial_objectstorage.py
[2024-05-06T04:55:23.479+0000] {processor.py:840} INFO - DAG(s) 'tutorial_objectstorage' retrieved from /home/airflow/.local/lib/python3.12/site-packages/airflow/example_dags/tutorial_objectstorage.py
[2024-05-06T04:55:23.501+0000] {logging_mixin.py:188} INFO - [2024-05-06T04:55:23.501+0000] {dag.py:3096} INFO - Sync 1 DAGs
[2024-05-06T04:55:23.520+0000] {logging_mixin.py:188} INFO - [2024-05-06T04:55:23.519+0000] {dag.py:3954} INFO - Setting next_dagrun for tutorial_objectstorage to None, run_after=None
[2024-05-06T04:55:23.544+0000] {processor.py:183} INFO - Processing /home/airflow/.local/lib/python3.12/site-packages/airflow/example_dags/tutorial_objectstorage.py took 0.083 seconds
[2024-05-06T04:55:53.666+0000] {processor.py:161} INFO - Started process (PID=3284) to work on /home/airflow/.local/lib/python3.12/site-packages/airflow/example_dags/tutorial_objectstorage.py
[2024-05-06T04:55:53.667+0000] {processor.py:830} INFO - Processing file /home/airflow/.local/lib/python3.12/site-packages/airflow/example_dags/tutorial_objectstorage.py for tasks to queue
[2024-05-06T04:55:53.669+0000] {logging_mixin.py:188} INFO - [2024-05-06T04:55:53.669+0000] {dagbag.py:540} INFO - Filling up the DagBag from /home/airflow/.local/lib/python3.12/site-packages/airflow/example_dags/tutorial_objectstorage.py
[2024-05-06T04:55:53.677+0000] {processor.py:840} INFO - DAG(s) 'tutorial_objectstorage' retrieved from /home/airflow/.local/lib/python3.12/site-packages/airflow/example_dags/tutorial_objectstorage.py
[2024-05-06T04:55:53.703+0000] {logging_mixin.py:188} INFO - [2024-05-06T04:55:53.703+0000] {dag.py:3096} INFO - Sync 1 DAGs
[2024-05-06T04:55:53.736+0000] {logging_mixin.py:188} INFO - [2024-05-06T04:55:53.736+0000] {dag.py:3954} INFO - Setting next_dagrun for tutorial_objectstorage to None, run_after=None
[2024-05-06T04:55:53.783+0000] {processor.py:183} INFO - Processing /home/airflow/.local/lib/python3.12/site-packages/airflow/example_dags/tutorial_objectstorage.py took 0.124 seconds
[2024-05-06T04:56:24.659+0000] {processor.py:161} INFO - Started process (PID=3545) to work on /home/airflow/.local/lib/python3.12/site-packages/airflow/example_dags/tutorial_objectstorage.py
[2024-05-06T04:56:24.660+0000] {processor.py:830} INFO - Processing file /home/airflow/.local/lib/python3.12/site-packages/airflow/example_dags/tutorial_objectstorage.py for tasks to queue
[2024-05-06T04:56:24.662+0000] {logging_mixin.py:188} INFO - [2024-05-06T04:56:24.662+0000] {dagbag.py:540} INFO - Filling up the DagBag from /home/airflow/.local/lib/python3.12/site-packages/airflow/example_dags/tutorial_objectstorage.py
[2024-05-06T04:56:24.670+0000] {processor.py:840} INFO - DAG(s) 'tutorial_objectstorage' retrieved from /home/airflow/.local/lib/python3.12/site-packages/airflow/example_dags/tutorial_objectstorage.py
[2024-05-06T04:56:24.691+0000] {logging_mixin.py:188} INFO - [2024-05-06T04:56:24.690+0000] {dag.py:3096} INFO - Sync 1 DAGs
[2024-05-06T04:56:24.707+0000] {logging_mixin.py:188} INFO - [2024-05-06T04:56:24.707+0000] {dag.py:3954} INFO - Setting next_dagrun for tutorial_objectstorage to None, run_after=None
[2024-05-06T04:56:24.734+0000] {processor.py:183} INFO - Processing /home/airflow/.local/lib/python3.12/site-packages/airflow/example_dags/tutorial_objectstorage.py took 0.081 seconds
[2024-05-06T04:56:55.231+0000] {processor.py:161} INFO - Started process (PID=3808) to work on /home/airflow/.local/lib/python3.12/site-packages/airflow/example_dags/tutorial_objectstorage.py
[2024-05-06T04:56:55.232+0000] {processor.py:830} INFO - Processing file /home/airflow/.local/lib/python3.12/site-packages/airflow/example_dags/tutorial_objectstorage.py for tasks to queue
[2024-05-06T04:56:55.234+0000] {logging_mixin.py:188} INFO - [2024-05-06T04:56:55.233+0000] {dagbag.py:540} INFO - Filling up the DagBag from /home/airflow/.local/lib/python3.12/site-packages/airflow/example_dags/tutorial_objectstorage.py
[2024-05-06T04:56:55.241+0000] {processor.py:840} INFO - DAG(s) 'tutorial_objectstorage' retrieved from /home/airflow/.local/lib/python3.12/site-packages/airflow/example_dags/tutorial_objectstorage.py
[2024-05-06T04:56:55.302+0000] {logging_mixin.py:188} INFO - [2024-05-06T04:56:55.302+0000] {dag.py:3096} INFO - Sync 1 DAGs
[2024-05-06T04:56:55.338+0000] {logging_mixin.py:188} INFO - [2024-05-06T04:56:55.338+0000] {dag.py:3954} INFO - Setting next_dagrun for tutorial_objectstorage to None, run_after=None
[2024-05-06T04:56:55.405+0000] {processor.py:183} INFO - Processing /home/airflow/.local/lib/python3.12/site-packages/airflow/example_dags/tutorial_objectstorage.py took 0.192 seconds
[2024-05-06T04:57:26.356+0000] {processor.py:161} INFO - Started process (PID=4070) to work on /home/airflow/.local/lib/python3.12/site-packages/airflow/example_dags/tutorial_objectstorage.py
[2024-05-06T04:57:26.358+0000] {processor.py:830} INFO - Processing file /home/airflow/.local/lib/python3.12/site-packages/airflow/example_dags/tutorial_objectstorage.py for tasks to queue
[2024-05-06T04:57:26.360+0000] {logging_mixin.py:188} INFO - [2024-05-06T04:57:26.360+0000] {dagbag.py:540} INFO - Filling up the DagBag from /home/airflow/.local/lib/python3.12/site-packages/airflow/example_dags/tutorial_objectstorage.py
[2024-05-06T04:57:26.367+0000] {processor.py:840} INFO - DAG(s) 'tutorial_objectstorage' retrieved from /home/airflow/.local/lib/python3.12/site-packages/airflow/example_dags/tutorial_objectstorage.py
[2024-05-06T04:57:26.388+0000] {logging_mixin.py:188} INFO - [2024-05-06T04:57:26.388+0000] {dag.py:3096} INFO - Sync 1 DAGs
[2024-05-06T04:57:26.402+0000] {logging_mixin.py:188} INFO - [2024-05-06T04:57:26.402+0000] {dag.py:3954} INFO - Setting next_dagrun for tutorial_objectstorage to None, run_after=None
[2024-05-06T04:57:26.426+0000] {processor.py:183} INFO - Processing /home/airflow/.local/lib/python3.12/site-packages/airflow/example_dags/tutorial_objectstorage.py took 0.076 seconds
[2024-05-06T04:57:56.483+0000] {processor.py:161} INFO - Started process (PID=4327) to work on /home/airflow/.local/lib/python3.12/site-packages/airflow/example_dags/tutorial_objectstorage.py
[2024-05-06T04:57:56.484+0000] {processor.py:830} INFO - Processing file /home/airflow/.local/lib/python3.12/site-packages/airflow/example_dags/tutorial_objectstorage.py for tasks to queue
[2024-05-06T04:57:56.485+0000] {logging_mixin.py:188} INFO - [2024-05-06T04:57:56.485+0000] {dagbag.py:540} INFO - Filling up the DagBag from /home/airflow/.local/lib/python3.12/site-packages/airflow/example_dags/tutorial_objectstorage.py
[2024-05-06T04:57:56.496+0000] {processor.py:840} INFO - DAG(s) 'tutorial_objectstorage' retrieved from /home/airflow/.local/lib/python3.12/site-packages/airflow/example_dags/tutorial_objectstorage.py
[2024-05-06T04:57:56.518+0000] {logging_mixin.py:188} INFO - [2024-05-06T04:57:56.518+0000] {dag.py:3096} INFO - Sync 1 DAGs
[2024-05-06T04:57:56.529+0000] {logging_mixin.py:188} INFO - [2024-05-06T04:57:56.529+0000] {dag.py:3954} INFO - Setting next_dagrun for tutorial_objectstorage to None, run_after=None
[2024-05-06T04:57:56.549+0000] {processor.py:183} INFO - Processing /home/airflow/.local/lib/python3.12/site-packages/airflow/example_dags/tutorial_objectstorage.py took 0.072 seconds
[2024-05-06T04:58:26.656+0000] {processor.py:161} INFO - Started process (PID=4589) to work on /home/airflow/.local/lib/python3.12/site-packages/airflow/example_dags/tutorial_objectstorage.py
[2024-05-06T04:58:26.657+0000] {processor.py:830} INFO - Processing file /home/airflow/.local/lib/python3.12/site-packages/airflow/example_dags/tutorial_objectstorage.py for tasks to queue
[2024-05-06T04:58:26.659+0000] {logging_mixin.py:188} INFO - [2024-05-06T04:58:26.658+0000] {dagbag.py:540} INFO - Filling up the DagBag from /home/airflow/.local/lib/python3.12/site-packages/airflow/example_dags/tutorial_objectstorage.py
[2024-05-06T04:58:26.666+0000] {processor.py:840} INFO - DAG(s) 'tutorial_objectstorage' retrieved from /home/airflow/.local/lib/python3.12/site-packages/airflow/example_dags/tutorial_objectstorage.py
[2024-05-06T04:58:26.689+0000] {logging_mixin.py:188} INFO - [2024-05-06T04:58:26.689+0000] {dag.py:3096} INFO - Sync 1 DAGs
[2024-05-06T04:58:26.705+0000] {logging_mixin.py:188} INFO - [2024-05-06T04:58:26.705+0000] {dag.py:3954} INFO - Setting next_dagrun for tutorial_objectstorage to None, run_after=None
[2024-05-06T04:58:26.728+0000] {processor.py:183} INFO - Processing /home/airflow/.local/lib/python3.12/site-packages/airflow/example_dags/tutorial_objectstorage.py took 0.081 seconds
[2024-05-06T04:58:57.071+0000] {processor.py:161} INFO - Started process (PID=4851) to work on /home/airflow/.local/lib/python3.12/site-packages/airflow/example_dags/tutorial_objectstorage.py
[2024-05-06T04:58:57.072+0000] {processor.py:830} INFO - Processing file /home/airflow/.local/lib/python3.12/site-packages/airflow/example_dags/tutorial_objectstorage.py for tasks to queue
[2024-05-06T04:58:57.074+0000] {logging_mixin.py:188} INFO - [2024-05-06T04:58:57.073+0000] {dagbag.py:540} INFO - Filling up the DagBag from /home/airflow/.local/lib/python3.12/site-packages/airflow/example_dags/tutorial_objectstorage.py
[2024-05-06T04:58:57.081+0000] {processor.py:840} INFO - DAG(s) 'tutorial_objectstorage' retrieved from /home/airflow/.local/lib/python3.12/site-packages/airflow/example_dags/tutorial_objectstorage.py
[2024-05-06T04:58:57.101+0000] {logging_mixin.py:188} INFO - [2024-05-06T04:58:57.101+0000] {dag.py:3096} INFO - Sync 1 DAGs
[2024-05-06T04:58:57.116+0000] {logging_mixin.py:188} INFO - [2024-05-06T04:58:57.116+0000] {dag.py:3954} INFO - Setting next_dagrun for tutorial_objectstorage to None, run_after=None
[2024-05-06T04:58:57.136+0000] {processor.py:183} INFO - Processing /home/airflow/.local/lib/python3.12/site-packages/airflow/example_dags/tutorial_objectstorage.py took 0.072 seconds
[2024-05-06T04:59:27.994+0000] {processor.py:161} INFO - Started process (PID=5114) to work on /home/airflow/.local/lib/python3.12/site-packages/airflow/example_dags/tutorial_objectstorage.py
[2024-05-06T04:59:27.995+0000] {processor.py:830} INFO - Processing file /home/airflow/.local/lib/python3.12/site-packages/airflow/example_dags/tutorial_objectstorage.py for tasks to queue
[2024-05-06T04:59:27.997+0000] {logging_mixin.py:188} INFO - [2024-05-06T04:59:27.997+0000] {dagbag.py:540} INFO - Filling up the DagBag from /home/airflow/.local/lib/python3.12/site-packages/airflow/example_dags/tutorial_objectstorage.py
[2024-05-06T04:59:28.005+0000] {processor.py:840} INFO - DAG(s) 'tutorial_objectstorage' retrieved from /home/airflow/.local/lib/python3.12/site-packages/airflow/example_dags/tutorial_objectstorage.py
[2024-05-06T04:59:28.026+0000] {logging_mixin.py:188} INFO - [2024-05-06T04:59:28.025+0000] {dag.py:3096} INFO - Sync 1 DAGs
[2024-05-06T04:59:28.037+0000] {logging_mixin.py:188} INFO - [2024-05-06T04:59:28.037+0000] {dag.py:3954} INFO - Setting next_dagrun for tutorial_objectstorage to None, run_after=None
[2024-05-06T04:59:28.057+0000] {processor.py:183} INFO - Processing /home/airflow/.local/lib/python3.12/site-packages/airflow/example_dags/tutorial_objectstorage.py took 0.068 seconds
[2024-05-06T04:59:58.424+0000] {processor.py:161} INFO - Started process (PID=5376) to work on /home/airflow/.local/lib/python3.12/site-packages/airflow/example_dags/tutorial_objectstorage.py
[2024-05-06T04:59:58.425+0000] {processor.py:830} INFO - Processing file /home/airflow/.local/lib/python3.12/site-packages/airflow/example_dags/tutorial_objectstorage.py for tasks to queue
[2024-05-06T04:59:58.427+0000] {logging_mixin.py:188} INFO - [2024-05-06T04:59:58.427+0000] {dagbag.py:540} INFO - Filling up the DagBag from /home/airflow/.local/lib/python3.12/site-packages/airflow/example_dags/tutorial_objectstorage.py
[2024-05-06T04:59:58.445+0000] {processor.py:840} INFO - DAG(s) 'tutorial_objectstorage' retrieved from /home/airflow/.local/lib/python3.12/site-packages/airflow/example_dags/tutorial_objectstorage.py
[2024-05-06T04:59:58.479+0000] {logging_mixin.py:188} INFO - [2024-05-06T04:59:58.478+0000] {dag.py:3096} INFO - Sync 1 DAGs
[2024-05-06T04:59:58.501+0000] {logging_mixin.py:188} INFO - [2024-05-06T04:59:58.501+0000] {dag.py:3954} INFO - Setting next_dagrun for tutorial_objectstorage to None, run_after=None
[2024-05-06T04:59:58.554+0000] {processor.py:183} INFO - Processing /home/airflow/.local/lib/python3.12/site-packages/airflow/example_dags/tutorial_objectstorage.py took 0.157 seconds
[2024-05-06T05:00:28.601+0000] {processor.py:161} INFO - Started process (PID=5644) to work on /home/airflow/.local/lib/python3.12/site-packages/airflow/example_dags/tutorial_objectstorage.py
[2024-05-06T05:00:28.602+0000] {processor.py:830} INFO - Processing file /home/airflow/.local/lib/python3.12/site-packages/airflow/example_dags/tutorial_objectstorage.py for tasks to queue
[2024-05-06T05:00:28.604+0000] {logging_mixin.py:188} INFO - [2024-05-06T05:00:28.604+0000] {dagbag.py:540} INFO - Filling up the DagBag from /home/airflow/.local/lib/python3.12/site-packages/airflow/example_dags/tutorial_objectstorage.py
[2024-05-06T05:00:28.611+0000] {processor.py:840} INFO - DAG(s) 'tutorial_objectstorage' retrieved from /home/airflow/.local/lib/python3.12/site-packages/airflow/example_dags/tutorial_objectstorage.py
[2024-05-06T05:00:28.634+0000] {logging_mixin.py:188} INFO - [2024-05-06T05:00:28.633+0000] {dag.py:3096} INFO - Sync 1 DAGs
[2024-05-06T05:00:28.649+0000] {logging_mixin.py:188} INFO - [2024-05-06T05:00:28.649+0000] {dag.py:3954} INFO - Setting next_dagrun for tutorial_objectstorage to None, run_after=None
[2024-05-06T05:00:28.674+0000] {processor.py:183} INFO - Processing /home/airflow/.local/lib/python3.12/site-packages/airflow/example_dags/tutorial_objectstorage.py took 0.079 seconds
[2024-05-06T05:00:59.078+0000] {processor.py:161} INFO - Started process (PID=5911) to work on /home/airflow/.local/lib/python3.12/site-packages/airflow/example_dags/tutorial_objectstorage.py
[2024-05-06T05:00:59.079+0000] {processor.py:830} INFO - Processing file /home/airflow/.local/lib/python3.12/site-packages/airflow/example_dags/tutorial_objectstorage.py for tasks to queue
[2024-05-06T05:00:59.080+0000] {logging_mixin.py:188} INFO - [2024-05-06T05:00:59.080+0000] {dagbag.py:540} INFO - Filling up the DagBag from /home/airflow/.local/lib/python3.12/site-packages/airflow/example_dags/tutorial_objectstorage.py
[2024-05-06T05:00:59.086+0000] {processor.py:840} INFO - DAG(s) 'tutorial_objectstorage' retrieved from /home/airflow/.local/lib/python3.12/site-packages/airflow/example_dags/tutorial_objectstorage.py
[2024-05-06T05:00:59.101+0000] {logging_mixin.py:188} INFO - [2024-05-06T05:00:59.101+0000] {dag.py:3096} INFO - Sync 1 DAGs
[2024-05-06T05:00:59.111+0000] {logging_mixin.py:188} INFO - [2024-05-06T05:00:59.111+0000] {dag.py:3954} INFO - Setting next_dagrun for tutorial_objectstorage to None, run_after=None
[2024-05-06T05:00:59.131+0000] {processor.py:183} INFO - Processing /home/airflow/.local/lib/python3.12/site-packages/airflow/example_dags/tutorial_objectstorage.py took 0.059 seconds
[2024-05-06T05:01:29.978+0000] {processor.py:161} INFO - Started process (PID=6178) to work on /home/airflow/.local/lib/python3.12/site-packages/airflow/example_dags/tutorial_objectstorage.py
[2024-05-06T05:01:29.979+0000] {processor.py:830} INFO - Processing file /home/airflow/.local/lib/python3.12/site-packages/airflow/example_dags/tutorial_objectstorage.py for tasks to queue
[2024-05-06T05:01:29.981+0000] {logging_mixin.py:188} INFO - [2024-05-06T05:01:29.981+0000] {dagbag.py:540} INFO - Filling up the DagBag from /home/airflow/.local/lib/python3.12/site-packages/airflow/example_dags/tutorial_objectstorage.py
[2024-05-06T05:01:29.989+0000] {processor.py:840} INFO - DAG(s) 'tutorial_objectstorage' retrieved from /home/airflow/.local/lib/python3.12/site-packages/airflow/example_dags/tutorial_objectstorage.py
[2024-05-06T05:01:30.006+0000] {logging_mixin.py:188} INFO - [2024-05-06T05:01:30.006+0000] {dag.py:3096} INFO - Sync 1 DAGs
[2024-05-06T05:01:30.017+0000] {logging_mixin.py:188} INFO - [2024-05-06T05:01:30.017+0000] {dag.py:3954} INFO - Setting next_dagrun for tutorial_objectstorage to None, run_after=None
[2024-05-06T05:01:30.048+0000] {processor.py:183} INFO - Processing /home/airflow/.local/lib/python3.12/site-packages/airflow/example_dags/tutorial_objectstorage.py took 0.076 seconds
[2024-05-06T05:02:00.173+0000] {processor.py:161} INFO - Started process (PID=6448) to work on /home/airflow/.local/lib/python3.12/site-packages/airflow/example_dags/tutorial_objectstorage.py
[2024-05-06T05:02:00.174+0000] {processor.py:830} INFO - Processing file /home/airflow/.local/lib/python3.12/site-packages/airflow/example_dags/tutorial_objectstorage.py for tasks to queue
[2024-05-06T05:02:00.175+0000] {logging_mixin.py:188} INFO - [2024-05-06T05:02:00.175+0000] {dagbag.py:540} INFO - Filling up the DagBag from /home/airflow/.local/lib/python3.12/site-packages/airflow/example_dags/tutorial_objectstorage.py
[2024-05-06T05:02:00.181+0000] {processor.py:840} INFO - DAG(s) 'tutorial_objectstorage' retrieved from /home/airflow/.local/lib/python3.12/site-packages/airflow/example_dags/tutorial_objectstorage.py
[2024-05-06T05:02:00.197+0000] {logging_mixin.py:188} INFO - [2024-05-06T05:02:00.197+0000] {dag.py:3096} INFO - Sync 1 DAGs
[2024-05-06T05:02:00.207+0000] {logging_mixin.py:188} INFO - [2024-05-06T05:02:00.207+0000] {dag.py:3954} INFO - Setting next_dagrun for tutorial_objectstorage to None, run_after=None
[2024-05-06T05:02:00.230+0000] {processor.py:183} INFO - Processing /home/airflow/.local/lib/python3.12/site-packages/airflow/example_dags/tutorial_objectstorage.py took 0.062 seconds
[2024-05-06T05:02:30.346+0000] {processor.py:161} INFO - Started process (PID=6714) to work on /home/airflow/.local/lib/python3.12/site-packages/airflow/example_dags/tutorial_objectstorage.py
[2024-05-06T05:02:30.347+0000] {processor.py:830} INFO - Processing file /home/airflow/.local/lib/python3.12/site-packages/airflow/example_dags/tutorial_objectstorage.py for tasks to queue
[2024-05-06T05:02:30.348+0000] {logging_mixin.py:188} INFO - [2024-05-06T05:02:30.348+0000] {dagbag.py:540} INFO - Filling up the DagBag from /home/airflow/.local/lib/python3.12/site-packages/airflow/example_dags/tutorial_objectstorage.py
[2024-05-06T05:02:30.360+0000] {processor.py:840} INFO - DAG(s) 'tutorial_objectstorage' retrieved from /home/airflow/.local/lib/python3.12/site-packages/airflow/example_dags/tutorial_objectstorage.py
[2024-05-06T05:02:30.376+0000] {logging_mixin.py:188} INFO - [2024-05-06T05:02:30.376+0000] {dag.py:3096} INFO - Sync 1 DAGs
[2024-05-06T05:02:30.386+0000] {logging_mixin.py:188} INFO - [2024-05-06T05:02:30.386+0000] {dag.py:3954} INFO - Setting next_dagrun for tutorial_objectstorage to None, run_after=None
[2024-05-06T05:02:30.406+0000] {processor.py:183} INFO - Processing /home/airflow/.local/lib/python3.12/site-packages/airflow/example_dags/tutorial_objectstorage.py took 0.069 seconds
[2024-05-06T05:03:00.858+0000] {processor.py:161} INFO - Started process (PID=6982) to work on /home/airflow/.local/lib/python3.12/site-packages/airflow/example_dags/tutorial_objectstorage.py
[2024-05-06T05:03:00.859+0000] {processor.py:830} INFO - Processing file /home/airflow/.local/lib/python3.12/site-packages/airflow/example_dags/tutorial_objectstorage.py for tasks to queue
[2024-05-06T05:03:00.861+0000] {logging_mixin.py:188} INFO - [2024-05-06T05:03:00.861+0000] {dagbag.py:540} INFO - Filling up the DagBag from /home/airflow/.local/lib/python3.12/site-packages/airflow/example_dags/tutorial_objectstorage.py
[2024-05-06T05:03:00.868+0000] {processor.py:840} INFO - DAG(s) 'tutorial_objectstorage' retrieved from /home/airflow/.local/lib/python3.12/site-packages/airflow/example_dags/tutorial_objectstorage.py
[2024-05-06T05:03:00.886+0000] {logging_mixin.py:188} INFO - [2024-05-06T05:03:00.886+0000] {dag.py:3096} INFO - Sync 1 DAGs
[2024-05-06T05:03:00.896+0000] {logging_mixin.py:188} INFO - [2024-05-06T05:03:00.896+0000] {dag.py:3954} INFO - Setting next_dagrun for tutorial_objectstorage to None, run_after=None
[2024-05-06T05:03:00.916+0000] {processor.py:183} INFO - Processing /home/airflow/.local/lib/python3.12/site-packages/airflow/example_dags/tutorial_objectstorage.py took 0.064 seconds
[2024-05-06T05:03:31.814+0000] {processor.py:161} INFO - Started process (PID=7249) to work on /home/airflow/.local/lib/python3.12/site-packages/airflow/example_dags/tutorial_objectstorage.py
[2024-05-06T05:03:31.815+0000] {processor.py:830} INFO - Processing file /home/airflow/.local/lib/python3.12/site-packages/airflow/example_dags/tutorial_objectstorage.py for tasks to queue
[2024-05-06T05:03:31.818+0000] {logging_mixin.py:188} INFO - [2024-05-06T05:03:31.818+0000] {dagbag.py:540} INFO - Filling up the DagBag from /home/airflow/.local/lib/python3.12/site-packages/airflow/example_dags/tutorial_objectstorage.py
[2024-05-06T05:03:31.827+0000] {processor.py:840} INFO - DAG(s) 'tutorial_objectstorage' retrieved from /home/airflow/.local/lib/python3.12/site-packages/airflow/example_dags/tutorial_objectstorage.py
[2024-05-06T05:03:31.851+0000] {logging_mixin.py:188} INFO - [2024-05-06T05:03:31.850+0000] {dag.py:3096} INFO - Sync 1 DAGs
[2024-05-06T05:03:31.984+0000] {logging_mixin.py:188} INFO - [2024-05-06T05:03:31.983+0000] {dag.py:3954} INFO - Setting next_dagrun for tutorial_objectstorage to None, run_after=None
[2024-05-06T05:03:32.004+0000] {processor.py:183} INFO - Processing /home/airflow/.local/lib/python3.12/site-packages/airflow/example_dags/tutorial_objectstorage.py took 0.206 seconds
[2024-05-06T05:04:02.733+0000] {processor.py:161} INFO - Started process (PID=7518) to work on /home/airflow/.local/lib/python3.12/site-packages/airflow/example_dags/tutorial_objectstorage.py
[2024-05-06T05:04:02.734+0000] {processor.py:830} INFO - Processing file /home/airflow/.local/lib/python3.12/site-packages/airflow/example_dags/tutorial_objectstorage.py for tasks to queue
[2024-05-06T05:04:02.735+0000] {logging_mixin.py:188} INFO - [2024-05-06T05:04:02.735+0000] {dagbag.py:540} INFO - Filling up the DagBag from /home/airflow/.local/lib/python3.12/site-packages/airflow/example_dags/tutorial_objectstorage.py
[2024-05-06T05:04:02.742+0000] {processor.py:840} INFO - DAG(s) 'tutorial_objectstorage' retrieved from /home/airflow/.local/lib/python3.12/site-packages/airflow/example_dags/tutorial_objectstorage.py
[2024-05-06T05:04:02.758+0000] {logging_mixin.py:188} INFO - [2024-05-06T05:04:02.758+0000] {dag.py:3096} INFO - Sync 1 DAGs
[2024-05-06T05:04:02.769+0000] {logging_mixin.py:188} INFO - [2024-05-06T05:04:02.769+0000] {dag.py:3954} INFO - Setting next_dagrun for tutorial_objectstorage to None, run_after=None
[2024-05-06T05:04:02.898+0000] {processor.py:183} INFO - Processing /home/airflow/.local/lib/python3.12/site-packages/airflow/example_dags/tutorial_objectstorage.py took 0.169 seconds
[2024-05-06T05:04:33.110+0000] {processor.py:161} INFO - Started process (PID=7783) to work on /home/airflow/.local/lib/python3.12/site-packages/airflow/example_dags/tutorial_objectstorage.py
[2024-05-06T05:04:33.111+0000] {processor.py:830} INFO - Processing file /home/airflow/.local/lib/python3.12/site-packages/airflow/example_dags/tutorial_objectstorage.py for tasks to queue
[2024-05-06T05:04:33.113+0000] {logging_mixin.py:188} INFO - [2024-05-06T05:04:33.112+0000] {dagbag.py:540} INFO - Filling up the DagBag from /home/airflow/.local/lib/python3.12/site-packages/airflow/example_dags/tutorial_objectstorage.py
[2024-05-06T05:04:33.120+0000] {processor.py:840} INFO - DAG(s) 'tutorial_objectstorage' retrieved from /home/airflow/.local/lib/python3.12/site-packages/airflow/example_dags/tutorial_objectstorage.py
[2024-05-06T05:04:33.142+0000] {logging_mixin.py:188} INFO - [2024-05-06T05:04:33.142+0000] {dag.py:3096} INFO - Sync 1 DAGs
[2024-05-06T05:04:33.158+0000] {logging_mixin.py:188} INFO - [2024-05-06T05:04:33.158+0000] {dag.py:3954} INFO - Setting next_dagrun for tutorial_objectstorage to None, run_after=None
[2024-05-06T05:04:33.190+0000] {processor.py:183} INFO - Processing /home/airflow/.local/lib/python3.12/site-packages/airflow/example_dags/tutorial_objectstorage.py took 0.087 seconds
[2024-05-06T05:05:03.291+0000] {processor.py:161} INFO - Started process (PID=8050) to work on /home/airflow/.local/lib/python3.12/site-packages/airflow/example_dags/tutorial_objectstorage.py
[2024-05-06T05:05:03.293+0000] {processor.py:830} INFO - Processing file /home/airflow/.local/lib/python3.12/site-packages/airflow/example_dags/tutorial_objectstorage.py for tasks to queue
[2024-05-06T05:05:03.295+0000] {logging_mixin.py:188} INFO - [2024-05-06T05:05:03.295+0000] {dagbag.py:540} INFO - Filling up the DagBag from /home/airflow/.local/lib/python3.12/site-packages/airflow/example_dags/tutorial_objectstorage.py
[2024-05-06T05:05:03.302+0000] {processor.py:840} INFO - DAG(s) 'tutorial_objectstorage' retrieved from /home/airflow/.local/lib/python3.12/site-packages/airflow/example_dags/tutorial_objectstorage.py
[2024-05-06T05:05:03.324+0000] {logging_mixin.py:188} INFO - [2024-05-06T05:05:03.324+0000] {dag.py:3096} INFO - Sync 1 DAGs
[2024-05-06T05:05:03.340+0000] {logging_mixin.py:188} INFO - [2024-05-06T05:05:03.340+0000] {dag.py:3954} INFO - Setting next_dagrun for tutorial_objectstorage to None, run_after=None
[2024-05-06T05:05:03.366+0000] {processor.py:183} INFO - Processing /home/airflow/.local/lib/python3.12/site-packages/airflow/example_dags/tutorial_objectstorage.py took 0.082 seconds
[2024-05-06T05:05:33.499+0000] {processor.py:161} INFO - Started process (PID=8324) to work on /home/airflow/.local/lib/python3.12/site-packages/airflow/example_dags/tutorial_objectstorage.py
[2024-05-06T05:05:33.499+0000] {processor.py:830} INFO - Processing file /home/airflow/.local/lib/python3.12/site-packages/airflow/example_dags/tutorial_objectstorage.py for tasks to queue
[2024-05-06T05:05:33.501+0000] {logging_mixin.py:188} INFO - [2024-05-06T05:05:33.501+0000] {dagbag.py:540} INFO - Filling up the DagBag from /home/airflow/.local/lib/python3.12/site-packages/airflow/example_dags/tutorial_objectstorage.py
[2024-05-06T05:05:33.508+0000] {processor.py:840} INFO - DAG(s) 'tutorial_objectstorage' retrieved from /home/airflow/.local/lib/python3.12/site-packages/airflow/example_dags/tutorial_objectstorage.py
[2024-05-06T05:05:33.530+0000] {logging_mixin.py:188} INFO - [2024-05-06T05:05:33.530+0000] {dag.py:3096} INFO - Sync 1 DAGs
[2024-05-06T05:05:33.546+0000] {logging_mixin.py:188} INFO - [2024-05-06T05:05:33.546+0000] {dag.py:3954} INFO - Setting next_dagrun for tutorial_objectstorage to None, run_after=None
[2024-05-06T05:05:33.571+0000] {processor.py:183} INFO - Processing /home/airflow/.local/lib/python3.12/site-packages/airflow/example_dags/tutorial_objectstorage.py took 0.079 seconds
[2024-05-06T05:06:03.917+0000] {processor.py:161} INFO - Started process (PID=8594) to work on /home/airflow/.local/lib/python3.12/site-packages/airflow/example_dags/tutorial_objectstorage.py
[2024-05-06T05:06:03.918+0000] {processor.py:830} INFO - Processing file /home/airflow/.local/lib/python3.12/site-packages/airflow/example_dags/tutorial_objectstorage.py for tasks to queue
[2024-05-06T05:06:03.919+0000] {logging_mixin.py:188} INFO - [2024-05-06T05:06:03.919+0000] {dagbag.py:540} INFO - Filling up the DagBag from /home/airflow/.local/lib/python3.12/site-packages/airflow/example_dags/tutorial_objectstorage.py
[2024-05-06T05:06:03.927+0000] {processor.py:840} INFO - DAG(s) 'tutorial_objectstorage' retrieved from /home/airflow/.local/lib/python3.12/site-packages/airflow/example_dags/tutorial_objectstorage.py
[2024-05-06T05:06:03.948+0000] {logging_mixin.py:188} INFO - [2024-05-06T05:06:03.948+0000] {dag.py:3096} INFO - Sync 1 DAGs
[2024-05-06T05:06:03.965+0000] {logging_mixin.py:188} INFO - [2024-05-06T05:06:03.965+0000] {dag.py:3954} INFO - Setting next_dagrun for tutorial_objectstorage to None, run_after=None
[2024-05-06T05:06:04.000+0000] {processor.py:183} INFO - Processing /home/airflow/.local/lib/python3.12/site-packages/airflow/example_dags/tutorial_objectstorage.py took 0.091 seconds
[2024-05-06T05:06:34.274+0000] {processor.py:161} INFO - Started process (PID=8866) to work on /home/airflow/.local/lib/python3.12/site-packages/airflow/example_dags/tutorial_objectstorage.py
[2024-05-06T05:06:34.275+0000] {processor.py:830} INFO - Processing file /home/airflow/.local/lib/python3.12/site-packages/airflow/example_dags/tutorial_objectstorage.py for tasks to queue
[2024-05-06T05:06:34.277+0000] {logging_mixin.py:188} INFO - [2024-05-06T05:06:34.276+0000] {dagbag.py:540} INFO - Filling up the DagBag from /home/airflow/.local/lib/python3.12/site-packages/airflow/example_dags/tutorial_objectstorage.py
[2024-05-06T05:06:34.284+0000] {processor.py:840} INFO - DAG(s) 'tutorial_objectstorage' retrieved from /home/airflow/.local/lib/python3.12/site-packages/airflow/example_dags/tutorial_objectstorage.py
[2024-05-06T05:06:34.306+0000] {logging_mixin.py:188} INFO - [2024-05-06T05:06:34.305+0000] {dag.py:3096} INFO - Sync 1 DAGs
[2024-05-06T05:06:34.319+0000] {logging_mixin.py:188} INFO - [2024-05-06T05:06:34.319+0000] {dag.py:3954} INFO - Setting next_dagrun for tutorial_objectstorage to None, run_after=None
[2024-05-06T05:06:34.343+0000] {processor.py:183} INFO - Processing /home/airflow/.local/lib/python3.12/site-packages/airflow/example_dags/tutorial_objectstorage.py took 0.077 seconds
[2024-05-06T05:07:04.884+0000] {processor.py:161} INFO - Started process (PID=9138) to work on /home/airflow/.local/lib/python3.12/site-packages/airflow/example_dags/tutorial_objectstorage.py
[2024-05-06T05:07:04.884+0000] {processor.py:830} INFO - Processing file /home/airflow/.local/lib/python3.12/site-packages/airflow/example_dags/tutorial_objectstorage.py for tasks to queue
[2024-05-06T05:07:04.887+0000] {logging_mixin.py:188} INFO - [2024-05-06T05:07:04.887+0000] {dagbag.py:540} INFO - Filling up the DagBag from /home/airflow/.local/lib/python3.12/site-packages/airflow/example_dags/tutorial_objectstorage.py
[2024-05-06T05:07:04.894+0000] {processor.py:840} INFO - DAG(s) 'tutorial_objectstorage' retrieved from /home/airflow/.local/lib/python3.12/site-packages/airflow/example_dags/tutorial_objectstorage.py
[2024-05-06T05:07:04.920+0000] {logging_mixin.py:188} INFO - [2024-05-06T05:07:04.920+0000] {dag.py:3096} INFO - Sync 1 DAGs
[2024-05-06T05:07:04.937+0000] {logging_mixin.py:188} INFO - [2024-05-06T05:07:04.937+0000] {dag.py:3954} INFO - Setting next_dagrun for tutorial_objectstorage to None, run_after=None
[2024-05-06T05:07:04.968+0000] {processor.py:183} INFO - Processing /home/airflow/.local/lib/python3.12/site-packages/airflow/example_dags/tutorial_objectstorage.py took 0.096 seconds
[2024-05-06T05:07:35.678+0000] {processor.py:161} INFO - Started process (PID=9412) to work on /home/airflow/.local/lib/python3.12/site-packages/airflow/example_dags/tutorial_objectstorage.py
[2024-05-06T05:07:35.679+0000] {processor.py:830} INFO - Processing file /home/airflow/.local/lib/python3.12/site-packages/airflow/example_dags/tutorial_objectstorage.py for tasks to queue
[2024-05-06T05:07:35.681+0000] {logging_mixin.py:188} INFO - [2024-05-06T05:07:35.681+0000] {dagbag.py:540} INFO - Filling up the DagBag from /home/airflow/.local/lib/python3.12/site-packages/airflow/example_dags/tutorial_objectstorage.py
[2024-05-06T05:07:35.689+0000] {processor.py:840} INFO - DAG(s) 'tutorial_objectstorage' retrieved from /home/airflow/.local/lib/python3.12/site-packages/airflow/example_dags/tutorial_objectstorage.py
[2024-05-06T05:07:35.709+0000] {logging_mixin.py:188} INFO - [2024-05-06T05:07:35.709+0000] {dag.py:3096} INFO - Sync 1 DAGs
[2024-05-06T05:07:35.728+0000] {logging_mixin.py:188} INFO - [2024-05-06T05:07:35.728+0000] {dag.py:3954} INFO - Setting next_dagrun for tutorial_objectstorage to None, run_after=None
[2024-05-06T05:07:35.753+0000] {processor.py:183} INFO - Processing /home/airflow/.local/lib/python3.12/site-packages/airflow/example_dags/tutorial_objectstorage.py took 0.084 seconds
[2024-05-06T05:08:06.313+0000] {processor.py:161} INFO - Started process (PID=9685) to work on /home/airflow/.local/lib/python3.12/site-packages/airflow/example_dags/tutorial_objectstorage.py
[2024-05-06T05:08:06.314+0000] {processor.py:830} INFO - Processing file /home/airflow/.local/lib/python3.12/site-packages/airflow/example_dags/tutorial_objectstorage.py for tasks to queue
[2024-05-06T05:08:06.316+0000] {logging_mixin.py:188} INFO - [2024-05-06T05:08:06.315+0000] {dagbag.py:540} INFO - Filling up the DagBag from /home/airflow/.local/lib/python3.12/site-packages/airflow/example_dags/tutorial_objectstorage.py
[2024-05-06T05:08:06.323+0000] {processor.py:840} INFO - DAG(s) 'tutorial_objectstorage' retrieved from /home/airflow/.local/lib/python3.12/site-packages/airflow/example_dags/tutorial_objectstorage.py
[2024-05-06T05:08:06.344+0000] {logging_mixin.py:188} INFO - [2024-05-06T05:08:06.343+0000] {dag.py:3096} INFO - Sync 1 DAGs
[2024-05-06T05:08:06.360+0000] {logging_mixin.py:188} INFO - [2024-05-06T05:08:06.360+0000] {dag.py:3954} INFO - Setting next_dagrun for tutorial_objectstorage to None, run_after=None
[2024-05-06T05:08:06.385+0000] {processor.py:183} INFO - Processing /home/airflow/.local/lib/python3.12/site-packages/airflow/example_dags/tutorial_objectstorage.py took 0.078 seconds
[2024-05-06T05:08:36.980+0000] {processor.py:161} INFO - Started process (PID=9959) to work on /home/airflow/.local/lib/python3.12/site-packages/airflow/example_dags/tutorial_objectstorage.py
[2024-05-06T05:08:36.981+0000] {processor.py:830} INFO - Processing file /home/airflow/.local/lib/python3.12/site-packages/airflow/example_dags/tutorial_objectstorage.py for tasks to queue
[2024-05-06T05:08:36.982+0000] {logging_mixin.py:188} INFO - [2024-05-06T05:08:36.982+0000] {dagbag.py:540} INFO - Filling up the DagBag from /home/airflow/.local/lib/python3.12/site-packages/airflow/example_dags/tutorial_objectstorage.py
[2024-05-06T05:08:36.990+0000] {processor.py:840} INFO - DAG(s) 'tutorial_objectstorage' retrieved from /home/airflow/.local/lib/python3.12/site-packages/airflow/example_dags/tutorial_objectstorage.py
[2024-05-06T05:08:37.011+0000] {logging_mixin.py:188} INFO - [2024-05-06T05:08:37.011+0000] {dag.py:3096} INFO - Sync 1 DAGs
[2024-05-06T05:08:37.027+0000] {logging_mixin.py:188} INFO - [2024-05-06T05:08:37.027+0000] {dag.py:3954} INFO - Setting next_dagrun for tutorial_objectstorage to None, run_after=None
[2024-05-06T05:08:37.051+0000] {processor.py:183} INFO - Processing /home/airflow/.local/lib/python3.12/site-packages/airflow/example_dags/tutorial_objectstorage.py took 0.082 seconds
[2024-05-06T05:09:07.565+0000] {processor.py:161} INFO - Started process (PID=10229) to work on /home/airflow/.local/lib/python3.12/site-packages/airflow/example_dags/tutorial_objectstorage.py
[2024-05-06T05:09:07.566+0000] {processor.py:830} INFO - Processing file /home/airflow/.local/lib/python3.12/site-packages/airflow/example_dags/tutorial_objectstorage.py for tasks to queue
[2024-05-06T05:09:07.568+0000] {logging_mixin.py:188} INFO - [2024-05-06T05:09:07.568+0000] {dagbag.py:540} INFO - Filling up the DagBag from /home/airflow/.local/lib/python3.12/site-packages/airflow/example_dags/tutorial_objectstorage.py
[2024-05-06T05:09:07.575+0000] {processor.py:840} INFO - DAG(s) 'tutorial_objectstorage' retrieved from /home/airflow/.local/lib/python3.12/site-packages/airflow/example_dags/tutorial_objectstorage.py
[2024-05-06T05:09:07.596+0000] {logging_mixin.py:188} INFO - [2024-05-06T05:09:07.596+0000] {dag.py:3096} INFO - Sync 1 DAGs
[2024-05-06T05:09:07.612+0000] {logging_mixin.py:188} INFO - [2024-05-06T05:09:07.612+0000] {dag.py:3954} INFO - Setting next_dagrun for tutorial_objectstorage to None, run_after=None
[2024-05-06T05:09:07.638+0000] {processor.py:183} INFO - Processing /home/airflow/.local/lib/python3.12/site-packages/airflow/example_dags/tutorial_objectstorage.py took 0.079 seconds
[2024-05-06T05:09:37.908+0000] {processor.py:161} INFO - Started process (PID=10501) to work on /home/airflow/.local/lib/python3.12/site-packages/airflow/example_dags/tutorial_objectstorage.py
[2024-05-06T05:09:37.912+0000] {processor.py:830} INFO - Processing file /home/airflow/.local/lib/python3.12/site-packages/airflow/example_dags/tutorial_objectstorage.py for tasks to queue
[2024-05-06T05:09:37.915+0000] {logging_mixin.py:188} INFO - [2024-05-06T05:09:37.915+0000] {dagbag.py:540} INFO - Filling up the DagBag from /home/airflow/.local/lib/python3.12/site-packages/airflow/example_dags/tutorial_objectstorage.py
[2024-05-06T05:09:37.931+0000] {processor.py:840} INFO - DAG(s) 'tutorial_objectstorage' retrieved from /home/airflow/.local/lib/python3.12/site-packages/airflow/example_dags/tutorial_objectstorage.py
[2024-05-06T05:09:37.961+0000] {logging_mixin.py:188} INFO - [2024-05-06T05:09:37.961+0000] {dag.py:3096} INFO - Sync 1 DAGs
[2024-05-06T05:09:37.976+0000] {logging_mixin.py:188} INFO - [2024-05-06T05:09:37.976+0000] {dag.py:3954} INFO - Setting next_dagrun for tutorial_objectstorage to None, run_after=None
[2024-05-06T05:09:38.004+0000] {processor.py:183} INFO - Processing /home/airflow/.local/lib/python3.12/site-packages/airflow/example_dags/tutorial_objectstorage.py took 0.103 seconds
[2024-05-06T05:10:08.521+0000] {processor.py:161} INFO - Started process (PID=10775) to work on /home/airflow/.local/lib/python3.12/site-packages/airflow/example_dags/tutorial_objectstorage.py
[2024-05-06T05:10:08.521+0000] {processor.py:830} INFO - Processing file /home/airflow/.local/lib/python3.12/site-packages/airflow/example_dags/tutorial_objectstorage.py for tasks to queue
[2024-05-06T05:10:08.523+0000] {logging_mixin.py:188} INFO - [2024-05-06T05:10:08.523+0000] {dagbag.py:540} INFO - Filling up the DagBag from /home/airflow/.local/lib/python3.12/site-packages/airflow/example_dags/tutorial_objectstorage.py
[2024-05-06T05:10:08.529+0000] {processor.py:840} INFO - DAG(s) 'tutorial_objectstorage' retrieved from /home/airflow/.local/lib/python3.12/site-packages/airflow/example_dags/tutorial_objectstorage.py
[2024-05-06T05:10:08.545+0000] {logging_mixin.py:188} INFO - [2024-05-06T05:10:08.545+0000] {dag.py:3096} INFO - Sync 1 DAGs
[2024-05-06T05:10:08.557+0000] {logging_mixin.py:188} INFO - [2024-05-06T05:10:08.557+0000] {dag.py:3954} INFO - Setting next_dagrun for tutorial_objectstorage to None, run_after=None
[2024-05-06T05:10:08.581+0000] {processor.py:183} INFO - Processing /home/airflow/.local/lib/python3.12/site-packages/airflow/example_dags/tutorial_objectstorage.py took 0.066 seconds
[2024-05-06T05:10:38.908+0000] {processor.py:161} INFO - Started process (PID=11046) to work on /home/airflow/.local/lib/python3.12/site-packages/airflow/example_dags/tutorial_objectstorage.py
[2024-05-06T05:10:38.909+0000] {processor.py:830} INFO - Processing file /home/airflow/.local/lib/python3.12/site-packages/airflow/example_dags/tutorial_objectstorage.py for tasks to queue
[2024-05-06T05:10:38.911+0000] {logging_mixin.py:188} INFO - [2024-05-06T05:10:38.911+0000] {dagbag.py:540} INFO - Filling up the DagBag from /home/airflow/.local/lib/python3.12/site-packages/airflow/example_dags/tutorial_objectstorage.py
[2024-05-06T05:10:38.919+0000] {processor.py:840} INFO - DAG(s) 'tutorial_objectstorage' retrieved from /home/airflow/.local/lib/python3.12/site-packages/airflow/example_dags/tutorial_objectstorage.py
[2024-05-06T05:10:38.941+0000] {logging_mixin.py:188} INFO - [2024-05-06T05:10:38.940+0000] {dag.py:3096} INFO - Sync 1 DAGs
[2024-05-06T05:10:38.959+0000] {logging_mixin.py:188} INFO - [2024-05-06T05:10:38.957+0000] {dag.py:3954} INFO - Setting next_dagrun for tutorial_objectstorage to None, run_after=None
[2024-05-06T05:10:38.985+0000] {processor.py:183} INFO - Processing /home/airflow/.local/lib/python3.12/site-packages/airflow/example_dags/tutorial_objectstorage.py took 0.086 seconds
[2024-05-06T05:11:09.223+0000] {processor.py:161} INFO - Started process (PID=11317) to work on /home/airflow/.local/lib/python3.12/site-packages/airflow/example_dags/tutorial_objectstorage.py
[2024-05-06T05:11:09.224+0000] {processor.py:830} INFO - Processing file /home/airflow/.local/lib/python3.12/site-packages/airflow/example_dags/tutorial_objectstorage.py for tasks to queue
[2024-05-06T05:11:09.227+0000] {logging_mixin.py:188} INFO - [2024-05-06T05:11:09.226+0000] {dagbag.py:540} INFO - Filling up the DagBag from /home/airflow/.local/lib/python3.12/site-packages/airflow/example_dags/tutorial_objectstorage.py
[2024-05-06T05:11:09.237+0000] {processor.py:840} INFO - DAG(s) 'tutorial_objectstorage' retrieved from /home/airflow/.local/lib/python3.12/site-packages/airflow/example_dags/tutorial_objectstorage.py
[2024-05-06T05:11:09.265+0000] {logging_mixin.py:188} INFO - [2024-05-06T05:11:09.264+0000] {dag.py:3096} INFO - Sync 1 DAGs
[2024-05-06T05:11:09.283+0000] {logging_mixin.py:188} INFO - [2024-05-06T05:11:09.283+0000] {dag.py:3954} INFO - Setting next_dagrun for tutorial_objectstorage to None, run_after=None
[2024-05-06T05:11:09.323+0000] {processor.py:183} INFO - Processing /home/airflow/.local/lib/python3.12/site-packages/airflow/example_dags/tutorial_objectstorage.py took 0.110 seconds
[2024-05-06T05:11:39.946+0000] {processor.py:161} INFO - Started process (PID=11590) to work on /home/airflow/.local/lib/python3.12/site-packages/airflow/example_dags/tutorial_objectstorage.py
[2024-05-06T05:11:39.947+0000] {processor.py:830} INFO - Processing file /home/airflow/.local/lib/python3.12/site-packages/airflow/example_dags/tutorial_objectstorage.py for tasks to queue
[2024-05-06T05:11:39.949+0000] {logging_mixin.py:188} INFO - [2024-05-06T05:11:39.949+0000] {dagbag.py:540} INFO - Filling up the DagBag from /home/airflow/.local/lib/python3.12/site-packages/airflow/example_dags/tutorial_objectstorage.py
[2024-05-06T05:11:39.957+0000] {processor.py:840} INFO - DAG(s) 'tutorial_objectstorage' retrieved from /home/airflow/.local/lib/python3.12/site-packages/airflow/example_dags/tutorial_objectstorage.py
[2024-05-06T05:11:40.008+0000] {logging_mixin.py:188} INFO - [2024-05-06T05:11:40.008+0000] {dag.py:3096} INFO - Sync 1 DAGs
[2024-05-06T05:11:40.035+0000] {logging_mixin.py:188} INFO - [2024-05-06T05:11:40.035+0000] {dag.py:3954} INFO - Setting next_dagrun for tutorial_objectstorage to None, run_after=None
[2024-05-06T05:11:40.081+0000] {processor.py:183} INFO - Processing /home/airflow/.local/lib/python3.12/site-packages/airflow/example_dags/tutorial_objectstorage.py took 0.142 seconds
[2024-05-06T05:12:10.173+0000] {processor.py:161} INFO - Started process (PID=11862) to work on /home/airflow/.local/lib/python3.12/site-packages/airflow/example_dags/tutorial_objectstorage.py
[2024-05-06T05:12:10.175+0000] {processor.py:830} INFO - Processing file /home/airflow/.local/lib/python3.12/site-packages/airflow/example_dags/tutorial_objectstorage.py for tasks to queue
[2024-05-06T05:12:10.177+0000] {logging_mixin.py:188} INFO - [2024-05-06T05:12:10.177+0000] {dagbag.py:540} INFO - Filling up the DagBag from /home/airflow/.local/lib/python3.12/site-packages/airflow/example_dags/tutorial_objectstorage.py
[2024-05-06T05:12:10.184+0000] {processor.py:840} INFO - DAG(s) 'tutorial_objectstorage' retrieved from /home/airflow/.local/lib/python3.12/site-packages/airflow/example_dags/tutorial_objectstorage.py
[2024-05-06T05:12:10.206+0000] {logging_mixin.py:188} INFO - [2024-05-06T05:12:10.206+0000] {dag.py:3096} INFO - Sync 1 DAGs
[2024-05-06T05:12:10.223+0000] {logging_mixin.py:188} INFO - [2024-05-06T05:12:10.223+0000] {dag.py:3954} INFO - Setting next_dagrun for tutorial_objectstorage to None, run_after=None
[2024-05-06T05:12:10.250+0000] {processor.py:183} INFO - Processing /home/airflow/.local/lib/python3.12/site-packages/airflow/example_dags/tutorial_objectstorage.py took 0.084 seconds
[2024-05-06T05:12:40.685+0000] {processor.py:161} INFO - Started process (PID=12134) to work on /home/airflow/.local/lib/python3.12/site-packages/airflow/example_dags/tutorial_objectstorage.py
[2024-05-06T05:12:40.686+0000] {processor.py:830} INFO - Processing file /home/airflow/.local/lib/python3.12/site-packages/airflow/example_dags/tutorial_objectstorage.py for tasks to queue
[2024-05-06T05:12:40.688+0000] {logging_mixin.py:188} INFO - [2024-05-06T05:12:40.688+0000] {dagbag.py:540} INFO - Filling up the DagBag from /home/airflow/.local/lib/python3.12/site-packages/airflow/example_dags/tutorial_objectstorage.py
[2024-05-06T05:12:40.696+0000] {processor.py:840} INFO - DAG(s) 'tutorial_objectstorage' retrieved from /home/airflow/.local/lib/python3.12/site-packages/airflow/example_dags/tutorial_objectstorage.py
[2024-05-06T05:12:40.735+0000] {logging_mixin.py:188} INFO - [2024-05-06T05:12:40.735+0000] {dag.py:3096} INFO - Sync 1 DAGs
[2024-05-06T05:12:40.763+0000] {logging_mixin.py:188} INFO - [2024-05-06T05:12:40.762+0000] {dag.py:3954} INFO - Setting next_dagrun for tutorial_objectstorage to None, run_after=None
[2024-05-06T05:12:40.790+0000] {processor.py:183} INFO - Processing /home/airflow/.local/lib/python3.12/site-packages/airflow/example_dags/tutorial_objectstorage.py took 0.112 seconds
[2024-05-06T05:13:11.407+0000] {processor.py:161} INFO - Started process (PID=12407) to work on /home/airflow/.local/lib/python3.12/site-packages/airflow/example_dags/tutorial_objectstorage.py
[2024-05-06T05:13:11.408+0000] {processor.py:830} INFO - Processing file /home/airflow/.local/lib/python3.12/site-packages/airflow/example_dags/tutorial_objectstorage.py for tasks to queue
[2024-05-06T05:13:11.409+0000] {logging_mixin.py:188} INFO - [2024-05-06T05:13:11.409+0000] {dagbag.py:540} INFO - Filling up the DagBag from /home/airflow/.local/lib/python3.12/site-packages/airflow/example_dags/tutorial_objectstorage.py
[2024-05-06T05:13:11.417+0000] {processor.py:840} INFO - DAG(s) 'tutorial_objectstorage' retrieved from /home/airflow/.local/lib/python3.12/site-packages/airflow/example_dags/tutorial_objectstorage.py
[2024-05-06T05:13:11.439+0000] {logging_mixin.py:188} INFO - [2024-05-06T05:13:11.438+0000] {dag.py:3096} INFO - Sync 1 DAGs
[2024-05-06T05:13:11.454+0000] {logging_mixin.py:188} INFO - [2024-05-06T05:13:11.454+0000] {dag.py:3954} INFO - Setting next_dagrun for tutorial_objectstorage to None, run_after=None
[2024-05-06T05:13:11.479+0000] {processor.py:183} INFO - Processing /home/airflow/.local/lib/python3.12/site-packages/airflow/example_dags/tutorial_objectstorage.py took 0.079 seconds
[2024-05-06T05:13:42.097+0000] {processor.py:161} INFO - Started process (PID=12680) to work on /home/airflow/.local/lib/python3.12/site-packages/airflow/example_dags/tutorial_objectstorage.py
[2024-05-06T05:13:42.098+0000] {processor.py:830} INFO - Processing file /home/airflow/.local/lib/python3.12/site-packages/airflow/example_dags/tutorial_objectstorage.py for tasks to queue
[2024-05-06T05:13:42.100+0000] {logging_mixin.py:188} INFO - [2024-05-06T05:13:42.100+0000] {dagbag.py:540} INFO - Filling up the DagBag from /home/airflow/.local/lib/python3.12/site-packages/airflow/example_dags/tutorial_objectstorage.py
[2024-05-06T05:13:42.108+0000] {processor.py:840} INFO - DAG(s) 'tutorial_objectstorage' retrieved from /home/airflow/.local/lib/python3.12/site-packages/airflow/example_dags/tutorial_objectstorage.py
[2024-05-06T05:13:42.132+0000] {logging_mixin.py:188} INFO - [2024-05-06T05:13:42.131+0000] {dag.py:3096} INFO - Sync 1 DAGs
[2024-05-06T05:13:42.152+0000] {logging_mixin.py:188} INFO - [2024-05-06T05:13:42.151+0000] {dag.py:3954} INFO - Setting next_dagrun for tutorial_objectstorage to None, run_after=None
[2024-05-06T05:13:42.177+0000] {processor.py:183} INFO - Processing /home/airflow/.local/lib/python3.12/site-packages/airflow/example_dags/tutorial_objectstorage.py took 0.087 seconds
[2024-05-06T05:14:12.824+0000] {processor.py:161} INFO - Started process (PID=12952) to work on /home/airflow/.local/lib/python3.12/site-packages/airflow/example_dags/tutorial_objectstorage.py
[2024-05-06T05:14:12.825+0000] {processor.py:830} INFO - Processing file /home/airflow/.local/lib/python3.12/site-packages/airflow/example_dags/tutorial_objectstorage.py for tasks to queue
[2024-05-06T05:14:12.827+0000] {logging_mixin.py:188} INFO - [2024-05-06T05:14:12.827+0000] {dagbag.py:540} INFO - Filling up the DagBag from /home/airflow/.local/lib/python3.12/site-packages/airflow/example_dags/tutorial_objectstorage.py
[2024-05-06T05:14:12.834+0000] {processor.py:840} INFO - DAG(s) 'tutorial_objectstorage' retrieved from /home/airflow/.local/lib/python3.12/site-packages/airflow/example_dags/tutorial_objectstorage.py
[2024-05-06T05:14:12.873+0000] {logging_mixin.py:188} INFO - [2024-05-06T05:14:12.872+0000] {dag.py:3096} INFO - Sync 1 DAGs
[2024-05-06T05:14:12.916+0000] {logging_mixin.py:188} INFO - [2024-05-06T05:14:12.915+0000] {dag.py:3954} INFO - Setting next_dagrun for tutorial_objectstorage to None, run_after=None
[2024-05-06T05:14:12.944+0000] {processor.py:183} INFO - Processing /home/airflow/.local/lib/python3.12/site-packages/airflow/example_dags/tutorial_objectstorage.py took 0.127 seconds
[2024-05-06T05:14:43.570+0000] {processor.py:161} INFO - Started process (PID=13225) to work on /home/airflow/.local/lib/python3.12/site-packages/airflow/example_dags/tutorial_objectstorage.py
[2024-05-06T05:14:43.572+0000] {processor.py:830} INFO - Processing file /home/airflow/.local/lib/python3.12/site-packages/airflow/example_dags/tutorial_objectstorage.py for tasks to queue
[2024-05-06T05:14:43.574+0000] {logging_mixin.py:188} INFO - [2024-05-06T05:14:43.574+0000] {dagbag.py:540} INFO - Filling up the DagBag from /home/airflow/.local/lib/python3.12/site-packages/airflow/example_dags/tutorial_objectstorage.py
[2024-05-06T05:14:43.582+0000] {processor.py:840} INFO - DAG(s) 'tutorial_objectstorage' retrieved from /home/airflow/.local/lib/python3.12/site-packages/airflow/example_dags/tutorial_objectstorage.py
[2024-05-06T05:14:43.603+0000] {logging_mixin.py:188} INFO - [2024-05-06T05:14:43.603+0000] {dag.py:3096} INFO - Sync 1 DAGs
[2024-05-06T05:14:43.621+0000] {logging_mixin.py:188} INFO - [2024-05-06T05:14:43.621+0000] {dag.py:3954} INFO - Setting next_dagrun for tutorial_objectstorage to None, run_after=None
[2024-05-06T05:14:43.645+0000] {processor.py:183} INFO - Processing /home/airflow/.local/lib/python3.12/site-packages/airflow/example_dags/tutorial_objectstorage.py took 0.090 seconds
[2024-05-06T05:15:14.299+0000] {processor.py:161} INFO - Started process (PID=13497) to work on /home/airflow/.local/lib/python3.12/site-packages/airflow/example_dags/tutorial_objectstorage.py
[2024-05-06T05:15:14.300+0000] {processor.py:830} INFO - Processing file /home/airflow/.local/lib/python3.12/site-packages/airflow/example_dags/tutorial_objectstorage.py for tasks to queue
[2024-05-06T05:15:14.302+0000] {logging_mixin.py:188} INFO - [2024-05-06T05:15:14.301+0000] {dagbag.py:540} INFO - Filling up the DagBag from /home/airflow/.local/lib/python3.12/site-packages/airflow/example_dags/tutorial_objectstorage.py
[2024-05-06T05:15:14.309+0000] {processor.py:840} INFO - DAG(s) 'tutorial_objectstorage' retrieved from /home/airflow/.local/lib/python3.12/site-packages/airflow/example_dags/tutorial_objectstorage.py
[2024-05-06T05:15:14.332+0000] {logging_mixin.py:188} INFO - [2024-05-06T05:15:14.332+0000] {dag.py:3096} INFO - Sync 1 DAGs
[2024-05-06T05:15:14.357+0000] {logging_mixin.py:188} INFO - [2024-05-06T05:15:14.357+0000] {dag.py:3954} INFO - Setting next_dagrun for tutorial_objectstorage to None, run_after=None
[2024-05-06T05:15:14.393+0000] {processor.py:183} INFO - Processing /home/airflow/.local/lib/python3.12/site-packages/airflow/example_dags/tutorial_objectstorage.py took 0.100 seconds
[2024-05-06T05:15:44.958+0000] {processor.py:161} INFO - Started process (PID=13770) to work on /home/airflow/.local/lib/python3.12/site-packages/airflow/example_dags/tutorial_objectstorage.py
[2024-05-06T05:15:44.959+0000] {processor.py:830} INFO - Processing file /home/airflow/.local/lib/python3.12/site-packages/airflow/example_dags/tutorial_objectstorage.py for tasks to queue
[2024-05-06T05:15:44.961+0000] {logging_mixin.py:188} INFO - [2024-05-06T05:15:44.961+0000] {dagbag.py:540} INFO - Filling up the DagBag from /home/airflow/.local/lib/python3.12/site-packages/airflow/example_dags/tutorial_objectstorage.py
[2024-05-06T05:15:44.969+0000] {processor.py:840} INFO - DAG(s) 'tutorial_objectstorage' retrieved from /home/airflow/.local/lib/python3.12/site-packages/airflow/example_dags/tutorial_objectstorage.py
[2024-05-06T05:15:44.991+0000] {logging_mixin.py:188} INFO - [2024-05-06T05:15:44.991+0000] {dag.py:3096} INFO - Sync 1 DAGs
[2024-05-06T05:15:45.009+0000] {logging_mixin.py:188} INFO - [2024-05-06T05:15:45.009+0000] {dag.py:3954} INFO - Setting next_dagrun for tutorial_objectstorage to None, run_after=None
[2024-05-06T05:15:45.036+0000] {processor.py:183} INFO - Processing /home/airflow/.local/lib/python3.12/site-packages/airflow/example_dags/tutorial_objectstorage.py took 0.083 seconds
[2024-05-06T05:16:15.805+0000] {processor.py:161} INFO - Started process (PID=14041) to work on /home/airflow/.local/lib/python3.12/site-packages/airflow/example_dags/tutorial_objectstorage.py
[2024-05-06T05:16:15.806+0000] {processor.py:830} INFO - Processing file /home/airflow/.local/lib/python3.12/site-packages/airflow/example_dags/tutorial_objectstorage.py for tasks to queue
[2024-05-06T05:16:15.808+0000] {logging_mixin.py:188} INFO - [2024-05-06T05:16:15.808+0000] {dagbag.py:540} INFO - Filling up the DagBag from /home/airflow/.local/lib/python3.12/site-packages/airflow/example_dags/tutorial_objectstorage.py
[2024-05-06T05:16:15.815+0000] {processor.py:840} INFO - DAG(s) 'tutorial_objectstorage' retrieved from /home/airflow/.local/lib/python3.12/site-packages/airflow/example_dags/tutorial_objectstorage.py
[2024-05-06T05:16:15.868+0000] {logging_mixin.py:188} INFO - [2024-05-06T05:16:15.868+0000] {dag.py:3096} INFO - Sync 1 DAGs
[2024-05-06T05:16:15.903+0000] {logging_mixin.py:188} INFO - [2024-05-06T05:16:15.903+0000] {dag.py:3954} INFO - Setting next_dagrun for tutorial_objectstorage to None, run_after=None
[2024-05-06T05:16:15.931+0000] {processor.py:183} INFO - Processing /home/airflow/.local/lib/python3.12/site-packages/airflow/example_dags/tutorial_objectstorage.py took 0.132 seconds
[2024-05-06T05:16:46.023+0000] {processor.py:161} INFO - Started process (PID=14314) to work on /home/airflow/.local/lib/python3.12/site-packages/airflow/example_dags/tutorial_objectstorage.py
[2024-05-06T05:16:46.024+0000] {processor.py:830} INFO - Processing file /home/airflow/.local/lib/python3.12/site-packages/airflow/example_dags/tutorial_objectstorage.py for tasks to queue
[2024-05-06T05:16:46.026+0000] {logging_mixin.py:188} INFO - [2024-05-06T05:16:46.025+0000] {dagbag.py:540} INFO - Filling up the DagBag from /home/airflow/.local/lib/python3.12/site-packages/airflow/example_dags/tutorial_objectstorage.py
[2024-05-06T05:16:46.034+0000] {processor.py:840} INFO - DAG(s) 'tutorial_objectstorage' retrieved from /home/airflow/.local/lib/python3.12/site-packages/airflow/example_dags/tutorial_objectstorage.py
[2024-05-06T05:16:46.063+0000] {logging_mixin.py:188} INFO - [2024-05-06T05:16:46.063+0000] {dag.py:3096} INFO - Sync 1 DAGs
[2024-05-06T05:16:46.080+0000] {logging_mixin.py:188} INFO - [2024-05-06T05:16:46.080+0000] {dag.py:3954} INFO - Setting next_dagrun for tutorial_objectstorage to None, run_after=None
[2024-05-06T05:16:46.110+0000] {processor.py:183} INFO - Processing /home/airflow/.local/lib/python3.12/site-packages/airflow/example_dags/tutorial_objectstorage.py took 0.094 seconds
[2024-05-06T05:17:16.264+0000] {processor.py:161} INFO - Started process (PID=14589) to work on /home/airflow/.local/lib/python3.12/site-packages/airflow/example_dags/tutorial_objectstorage.py
[2024-05-06T05:17:16.265+0000] {processor.py:830} INFO - Processing file /home/airflow/.local/lib/python3.12/site-packages/airflow/example_dags/tutorial_objectstorage.py for tasks to queue
[2024-05-06T05:17:16.267+0000] {logging_mixin.py:188} INFO - [2024-05-06T05:17:16.267+0000] {dagbag.py:540} INFO - Filling up the DagBag from /home/airflow/.local/lib/python3.12/site-packages/airflow/example_dags/tutorial_objectstorage.py
[2024-05-06T05:17:16.275+0000] {processor.py:840} INFO - DAG(s) 'tutorial_objectstorage' retrieved from /home/airflow/.local/lib/python3.12/site-packages/airflow/example_dags/tutorial_objectstorage.py
[2024-05-06T05:17:16.303+0000] {logging_mixin.py:188} INFO - [2024-05-06T05:17:16.302+0000] {dag.py:3096} INFO - Sync 1 DAGs
[2024-05-06T05:17:16.319+0000] {logging_mixin.py:188} INFO - [2024-05-06T05:17:16.319+0000] {dag.py:3954} INFO - Setting next_dagrun for tutorial_objectstorage to None, run_after=None
[2024-05-06T05:17:16.345+0000] {processor.py:183} INFO - Processing /home/airflow/.local/lib/python3.12/site-packages/airflow/example_dags/tutorial_objectstorage.py took 0.087 seconds
[2024-05-06T05:17:46.734+0000] {processor.py:161} INFO - Started process (PID=14859) to work on /home/airflow/.local/lib/python3.12/site-packages/airflow/example_dags/tutorial_objectstorage.py
[2024-05-06T05:17:46.736+0000] {processor.py:830} INFO - Processing file /home/airflow/.local/lib/python3.12/site-packages/airflow/example_dags/tutorial_objectstorage.py for tasks to queue
[2024-05-06T05:17:46.740+0000] {logging_mixin.py:188} INFO - [2024-05-06T05:17:46.739+0000] {dagbag.py:540} INFO - Filling up the DagBag from /home/airflow/.local/lib/python3.12/site-packages/airflow/example_dags/tutorial_objectstorage.py
[2024-05-06T05:17:46.747+0000] {processor.py:840} INFO - DAG(s) 'tutorial_objectstorage' retrieved from /home/airflow/.local/lib/python3.12/site-packages/airflow/example_dags/tutorial_objectstorage.py
[2024-05-06T05:17:46.780+0000] {logging_mixin.py:188} INFO - [2024-05-06T05:17:46.780+0000] {dag.py:3096} INFO - Sync 1 DAGs
[2024-05-06T05:17:46.797+0000] {logging_mixin.py:188} INFO - [2024-05-06T05:17:46.797+0000] {dag.py:3954} INFO - Setting next_dagrun for tutorial_objectstorage to None, run_after=None
[2024-05-06T05:17:46.821+0000] {processor.py:183} INFO - Processing /home/airflow/.local/lib/python3.12/site-packages/airflow/example_dags/tutorial_objectstorage.py took 0.094 seconds
[2024-05-06T05:18:17.310+0000] {processor.py:161} INFO - Started process (PID=15131) to work on /home/airflow/.local/lib/python3.12/site-packages/airflow/example_dags/tutorial_objectstorage.py
[2024-05-06T05:18:17.311+0000] {processor.py:830} INFO - Processing file /home/airflow/.local/lib/python3.12/site-packages/airflow/example_dags/tutorial_objectstorage.py for tasks to queue
[2024-05-06T05:18:17.312+0000] {logging_mixin.py:188} INFO - [2024-05-06T05:18:17.312+0000] {dagbag.py:540} INFO - Filling up the DagBag from /home/airflow/.local/lib/python3.12/site-packages/airflow/example_dags/tutorial_objectstorage.py
[2024-05-06T05:18:17.321+0000] {processor.py:840} INFO - DAG(s) 'tutorial_objectstorage' retrieved from /home/airflow/.local/lib/python3.12/site-packages/airflow/example_dags/tutorial_objectstorage.py
[2024-05-06T05:18:17.342+0000] {logging_mixin.py:188} INFO - [2024-05-06T05:18:17.341+0000] {dag.py:3096} INFO - Sync 1 DAGs
[2024-05-06T05:18:17.357+0000] {logging_mixin.py:188} INFO - [2024-05-06T05:18:17.357+0000] {dag.py:3954} INFO - Setting next_dagrun for tutorial_objectstorage to None, run_after=None
[2024-05-06T05:18:17.386+0000] {processor.py:183} INFO - Processing /home/airflow/.local/lib/python3.12/site-packages/airflow/example_dags/tutorial_objectstorage.py took 0.083 seconds
[2024-05-06T05:18:47.654+0000] {processor.py:161} INFO - Started process (PID=15397) to work on /home/airflow/.local/lib/python3.12/site-packages/airflow/example_dags/tutorial_objectstorage.py
[2024-05-06T05:18:47.655+0000] {processor.py:830} INFO - Processing file /home/airflow/.local/lib/python3.12/site-packages/airflow/example_dags/tutorial_objectstorage.py for tasks to queue
[2024-05-06T05:18:47.657+0000] {logging_mixin.py:188} INFO - [2024-05-06T05:18:47.656+0000] {dagbag.py:540} INFO - Filling up the DagBag from /home/airflow/.local/lib/python3.12/site-packages/airflow/example_dags/tutorial_objectstorage.py
[2024-05-06T05:18:47.664+0000] {processor.py:840} INFO - DAG(s) 'tutorial_objectstorage' retrieved from /home/airflow/.local/lib/python3.12/site-packages/airflow/example_dags/tutorial_objectstorage.py
[2024-05-06T05:18:47.686+0000] {logging_mixin.py:188} INFO - [2024-05-06T05:18:47.686+0000] {dag.py:3096} INFO - Sync 1 DAGs
[2024-05-06T05:18:47.702+0000] {logging_mixin.py:188} INFO - [2024-05-06T05:18:47.701+0000] {dag.py:3954} INFO - Setting next_dagrun for tutorial_objectstorage to None, run_after=None
[2024-05-06T05:18:47.726+0000] {processor.py:183} INFO - Processing /home/airflow/.local/lib/python3.12/site-packages/airflow/example_dags/tutorial_objectstorage.py took 0.080 seconds
[2024-05-06T05:19:19.144+0000] {processor.py:161} INFO - Started process (PID=15663) to work on /home/airflow/.local/lib/python3.12/site-packages/airflow/example_dags/tutorial_objectstorage.py
[2024-05-06T05:19:19.145+0000] {processor.py:830} INFO - Processing file /home/airflow/.local/lib/python3.12/site-packages/airflow/example_dags/tutorial_objectstorage.py for tasks to queue
[2024-05-06T05:19:19.147+0000] {logging_mixin.py:188} INFO - [2024-05-06T05:19:19.147+0000] {dagbag.py:540} INFO - Filling up the DagBag from /home/airflow/.local/lib/python3.12/site-packages/airflow/example_dags/tutorial_objectstorage.py
[2024-05-06T05:19:21.003+0000] {logging_mixin.py:188} INFO - [2024-05-06T05:19:21.003+0000] {process_utils.py:263} INFO - Waiting up to 5 seconds for processes to exit...
