[2024-05-06T04:50:20.118+0000] {processor.py:161} INFO - Started process (PID=324) to work on /home/airflow/.local/lib/python3.12/site-packages/airflow/example_dags/tutorial.py
[2024-05-06T04:50:20.124+0000] {processor.py:830} INFO - Processing file /home/airflow/.local/lib/python3.12/site-packages/airflow/example_dags/tutorial.py for tasks to queue
[2024-05-06T04:50:20.128+0000] {logging_mixin.py:188} INFO - [2024-05-06T04:50:20.127+0000] {dagbag.py:540} INFO - Filling up the DagBag from /home/airflow/.local/lib/python3.12/site-packages/airflow/example_dags/tutorial.py
[2024-05-06T04:50:20.157+0000] {processor.py:840} INFO - DAG(s) 'tutorial' retrieved from /home/airflow/.local/lib/python3.12/site-packages/airflow/example_dags/tutorial.py
[2024-05-06T04:50:20.460+0000] {logging_mixin.py:188} INFO - [2024-05-06T04:50:20.459+0000] {override.py:1829} INFO - Created Permission View: can delete on DAG:tutorial
[2024-05-06T04:50:20.497+0000] {logging_mixin.py:188} INFO - [2024-05-06T04:50:20.496+0000] {override.py:1829} INFO - Created Permission View: can edit on DAG:tutorial
[2024-05-06T04:50:20.522+0000] {logging_mixin.py:188} INFO - [2024-05-06T04:50:20.522+0000] {override.py:1829} INFO - Created Permission View: can read on DAG:tutorial
[2024-05-06T04:50:20.528+0000] {logging_mixin.py:188} INFO - [2024-05-06T04:50:20.528+0000] {dag.py:3096} INFO - Sync 1 DAGs
[2024-05-06T04:50:20.572+0000] {logging_mixin.py:188} INFO - [2024-05-06T04:50:20.571+0000] {dag.py:3118} INFO - Creating ORM DAG for tutorial
[2024-05-06T04:50:20.617+0000] {logging_mixin.py:188} INFO - [2024-05-06T04:50:20.617+0000] {dag.py:3954} INFO - Setting next_dagrun for tutorial to 2024-05-05 00:00:00+00:00, run_after=2024-05-06 00:00:00+00:00
[2024-05-06T04:50:20.647+0000] {processor.py:183} INFO - Processing /home/airflow/.local/lib/python3.12/site-packages/airflow/example_dags/tutorial.py took 0.541 seconds
[2024-05-06T04:50:51.383+0000] {processor.py:161} INFO - Started process (PID=585) to work on /home/airflow/.local/lib/python3.12/site-packages/airflow/example_dags/tutorial.py
[2024-05-06T04:50:51.385+0000] {processor.py:830} INFO - Processing file /home/airflow/.local/lib/python3.12/site-packages/airflow/example_dags/tutorial.py for tasks to queue
[2024-05-06T04:50:51.386+0000] {logging_mixin.py:188} INFO - [2024-05-06T04:50:51.386+0000] {dagbag.py:540} INFO - Filling up the DagBag from /home/airflow/.local/lib/python3.12/site-packages/airflow/example_dags/tutorial.py
[2024-05-06T04:50:51.393+0000] {processor.py:840} INFO - DAG(s) 'tutorial' retrieved from /home/airflow/.local/lib/python3.12/site-packages/airflow/example_dags/tutorial.py
[2024-05-06T04:50:51.414+0000] {logging_mixin.py:188} INFO - [2024-05-06T04:50:51.414+0000] {dag.py:3096} INFO - Sync 1 DAGs
[2024-05-06T04:50:51.441+0000] {logging_mixin.py:188} INFO - [2024-05-06T04:50:51.441+0000] {dag.py:3954} INFO - Setting next_dagrun for tutorial to 2024-05-05 00:00:00+00:00, run_after=2024-05-06 00:00:00+00:00
[2024-05-06T04:50:51.468+0000] {processor.py:183} INFO - Processing /home/airflow/.local/lib/python3.12/site-packages/airflow/example_dags/tutorial.py took 0.091 seconds
[2024-05-06T04:51:21.681+0000] {processor.py:161} INFO - Started process (PID=849) to work on /home/airflow/.local/lib/python3.12/site-packages/airflow/example_dags/tutorial.py
[2024-05-06T04:51:21.683+0000] {processor.py:830} INFO - Processing file /home/airflow/.local/lib/python3.12/site-packages/airflow/example_dags/tutorial.py for tasks to queue
[2024-05-06T04:51:21.688+0000] {logging_mixin.py:188} INFO - [2024-05-06T04:51:21.687+0000] {dagbag.py:540} INFO - Filling up the DagBag from /home/airflow/.local/lib/python3.12/site-packages/airflow/example_dags/tutorial.py
[2024-05-06T04:51:21.697+0000] {processor.py:840} INFO - DAG(s) 'tutorial' retrieved from /home/airflow/.local/lib/python3.12/site-packages/airflow/example_dags/tutorial.py
[2024-05-06T04:51:21.752+0000] {logging_mixin.py:188} INFO - [2024-05-06T04:51:21.752+0000] {dag.py:3096} INFO - Sync 1 DAGs
[2024-05-06T04:51:21.817+0000] {logging_mixin.py:188} INFO - [2024-05-06T04:51:21.816+0000] {dag.py:3954} INFO - Setting next_dagrun for tutorial to 2024-05-05 00:00:00+00:00, run_after=2024-05-06 00:00:00+00:00
[2024-05-06T04:51:21.900+0000] {processor.py:183} INFO - Processing /home/airflow/.local/lib/python3.12/site-packages/airflow/example_dags/tutorial.py took 0.264 seconds
[2024-05-06T04:51:52.094+0000] {processor.py:161} INFO - Started process (PID=1112) to work on /home/airflow/.local/lib/python3.12/site-packages/airflow/example_dags/tutorial.py
[2024-05-06T04:51:52.094+0000] {processor.py:830} INFO - Processing file /home/airflow/.local/lib/python3.12/site-packages/airflow/example_dags/tutorial.py for tasks to queue
[2024-05-06T04:51:52.096+0000] {logging_mixin.py:188} INFO - [2024-05-06T04:51:52.096+0000] {dagbag.py:540} INFO - Filling up the DagBag from /home/airflow/.local/lib/python3.12/site-packages/airflow/example_dags/tutorial.py
[2024-05-06T04:51:52.103+0000] {processor.py:840} INFO - DAG(s) 'tutorial' retrieved from /home/airflow/.local/lib/python3.12/site-packages/airflow/example_dags/tutorial.py
[2024-05-06T04:51:52.125+0000] {logging_mixin.py:188} INFO - [2024-05-06T04:51:52.125+0000] {dag.py:3096} INFO - Sync 1 DAGs
[2024-05-06T04:51:52.151+0000] {logging_mixin.py:188} INFO - [2024-05-06T04:51:52.151+0000] {dag.py:3954} INFO - Setting next_dagrun for tutorial to 2024-05-05 00:00:00+00:00, run_after=2024-05-06 00:00:00+00:00
[2024-05-06T04:51:52.178+0000] {processor.py:183} INFO - Processing /home/airflow/.local/lib/python3.12/site-packages/airflow/example_dags/tutorial.py took 0.090 seconds
[2024-05-06T04:52:23.112+0000] {processor.py:161} INFO - Started process (PID=1372) to work on /home/airflow/.local/lib/python3.12/site-packages/airflow/example_dags/tutorial.py
[2024-05-06T04:52:23.113+0000] {processor.py:830} INFO - Processing file /home/airflow/.local/lib/python3.12/site-packages/airflow/example_dags/tutorial.py for tasks to queue
[2024-05-06T04:52:23.121+0000] {logging_mixin.py:188} INFO - [2024-05-06T04:52:23.120+0000] {dagbag.py:540} INFO - Filling up the DagBag from /home/airflow/.local/lib/python3.12/site-packages/airflow/example_dags/tutorial.py
[2024-05-06T04:52:23.129+0000] {processor.py:840} INFO - DAG(s) 'tutorial' retrieved from /home/airflow/.local/lib/python3.12/site-packages/airflow/example_dags/tutorial.py
[2024-05-06T04:52:23.179+0000] {logging_mixin.py:188} INFO - [2024-05-06T04:52:23.179+0000] {dag.py:3096} INFO - Sync 1 DAGs
[2024-05-06T04:52:23.240+0000] {logging_mixin.py:188} INFO - [2024-05-06T04:52:23.240+0000] {dag.py:3954} INFO - Setting next_dagrun for tutorial to 2024-05-05 00:00:00+00:00, run_after=2024-05-06 00:00:00+00:00
[2024-05-06T04:52:23.276+0000] {processor.py:183} INFO - Processing /home/airflow/.local/lib/python3.12/site-packages/airflow/example_dags/tutorial.py took 0.171 seconds
[2024-05-06T04:52:53.367+0000] {processor.py:161} INFO - Started process (PID=1637) to work on /home/airflow/.local/lib/python3.12/site-packages/airflow/example_dags/tutorial.py
[2024-05-06T04:52:53.367+0000] {processor.py:830} INFO - Processing file /home/airflow/.local/lib/python3.12/site-packages/airflow/example_dags/tutorial.py for tasks to queue
[2024-05-06T04:52:53.369+0000] {logging_mixin.py:188} INFO - [2024-05-06T04:52:53.368+0000] {dagbag.py:540} INFO - Filling up the DagBag from /home/airflow/.local/lib/python3.12/site-packages/airflow/example_dags/tutorial.py
[2024-05-06T04:52:53.373+0000] {processor.py:840} INFO - DAG(s) 'tutorial' retrieved from /home/airflow/.local/lib/python3.12/site-packages/airflow/example_dags/tutorial.py
[2024-05-06T04:52:53.390+0000] {logging_mixin.py:188} INFO - [2024-05-06T04:52:53.389+0000] {dag.py:3096} INFO - Sync 1 DAGs
[2024-05-06T04:52:53.408+0000] {logging_mixin.py:188} INFO - [2024-05-06T04:52:53.407+0000] {dag.py:3954} INFO - Setting next_dagrun for tutorial to 2024-05-05 00:00:00+00:00, run_after=2024-05-06 00:00:00+00:00
[2024-05-06T04:52:53.428+0000] {processor.py:183} INFO - Processing /home/airflow/.local/lib/python3.12/site-packages/airflow/example_dags/tutorial.py took 0.066 seconds
[2024-05-06T04:53:23.541+0000] {processor.py:161} INFO - Started process (PID=1897) to work on /home/airflow/.local/lib/python3.12/site-packages/airflow/example_dags/tutorial.py
[2024-05-06T04:53:23.542+0000] {processor.py:830} INFO - Processing file /home/airflow/.local/lib/python3.12/site-packages/airflow/example_dags/tutorial.py for tasks to queue
[2024-05-06T04:53:23.545+0000] {logging_mixin.py:188} INFO - [2024-05-06T04:53:23.544+0000] {dagbag.py:540} INFO - Filling up the DagBag from /home/airflow/.local/lib/python3.12/site-packages/airflow/example_dags/tutorial.py
[2024-05-06T04:53:23.551+0000] {processor.py:840} INFO - DAG(s) 'tutorial' retrieved from /home/airflow/.local/lib/python3.12/site-packages/airflow/example_dags/tutorial.py
[2024-05-06T04:53:23.576+0000] {logging_mixin.py:188} INFO - [2024-05-06T04:53:23.576+0000] {dag.py:3096} INFO - Sync 1 DAGs
[2024-05-06T04:53:23.603+0000] {logging_mixin.py:188} INFO - [2024-05-06T04:53:23.602+0000] {dag.py:3954} INFO - Setting next_dagrun for tutorial to 2024-05-05 00:00:00+00:00, run_after=2024-05-06 00:00:00+00:00
[2024-05-06T04:53:23.624+0000] {processor.py:183} INFO - Processing /home/airflow/.local/lib/python3.12/site-packages/airflow/example_dags/tutorial.py took 0.090 seconds
[2024-05-06T04:53:54.011+0000] {processor.py:161} INFO - Started process (PID=2159) to work on /home/airflow/.local/lib/python3.12/site-packages/airflow/example_dags/tutorial.py
[2024-05-06T04:53:54.012+0000] {processor.py:830} INFO - Processing file /home/airflow/.local/lib/python3.12/site-packages/airflow/example_dags/tutorial.py for tasks to queue
[2024-05-06T04:53:54.014+0000] {logging_mixin.py:188} INFO - [2024-05-06T04:53:54.014+0000] {dagbag.py:540} INFO - Filling up the DagBag from /home/airflow/.local/lib/python3.12/site-packages/airflow/example_dags/tutorial.py
[2024-05-06T04:53:54.021+0000] {processor.py:840} INFO - DAG(s) 'tutorial' retrieved from /home/airflow/.local/lib/python3.12/site-packages/airflow/example_dags/tutorial.py
[2024-05-06T04:53:54.044+0000] {logging_mixin.py:188} INFO - [2024-05-06T04:53:54.043+0000] {dag.py:3096} INFO - Sync 1 DAGs
[2024-05-06T04:53:54.069+0000] {logging_mixin.py:188} INFO - [2024-05-06T04:53:54.069+0000] {dag.py:3954} INFO - Setting next_dagrun for tutorial to 2024-05-05 00:00:00+00:00, run_after=2024-05-06 00:00:00+00:00
[2024-05-06T04:53:54.094+0000] {processor.py:183} INFO - Processing /home/airflow/.local/lib/python3.12/site-packages/airflow/example_dags/tutorial.py took 0.089 seconds
[2024-05-06T04:54:26.835+0000] {processor.py:161} INFO - Started process (PID=2507) to work on /home/airflow/.local/lib/python3.12/site-packages/airflow/example_dags/tutorial.py
[2024-05-06T04:54:26.848+0000] {processor.py:830} INFO - Processing file /home/airflow/.local/lib/python3.12/site-packages/airflow/example_dags/tutorial.py for tasks to queue
[2024-05-06T04:54:26.852+0000] {logging_mixin.py:188} INFO - [2024-05-06T04:54:26.852+0000] {dagbag.py:540} INFO - Filling up the DagBag from /home/airflow/.local/lib/python3.12/site-packages/airflow/example_dags/tutorial.py
[2024-05-06T04:54:26.887+0000] {processor.py:840} INFO - DAG(s) 'tutorial' retrieved from /home/airflow/.local/lib/python3.12/site-packages/airflow/example_dags/tutorial.py
[2024-05-06T04:54:26.990+0000] {logging_mixin.py:188} INFO - [2024-05-06T04:54:26.990+0000] {dag.py:3096} INFO - Sync 1 DAGs
[2024-05-06T04:54:27.137+0000] {logging_mixin.py:188} INFO - [2024-05-06T04:54:27.136+0000] {dag.py:3954} INFO - Setting next_dagrun for tutorial to 2024-05-05 00:00:00+00:00, run_after=2024-05-06 00:00:00+00:00
[2024-05-06T04:54:27.279+0000] {processor.py:183} INFO - Processing /home/airflow/.local/lib/python3.12/site-packages/airflow/example_dags/tutorial.py took 0.465 seconds
[2024-05-06T04:54:58.217+0000] {processor.py:161} INFO - Started process (PID=2834) to work on /home/airflow/.local/lib/python3.12/site-packages/airflow/example_dags/tutorial.py
[2024-05-06T04:54:58.218+0000] {processor.py:830} INFO - Processing file /home/airflow/.local/lib/python3.12/site-packages/airflow/example_dags/tutorial.py for tasks to queue
[2024-05-06T04:54:58.220+0000] {logging_mixin.py:188} INFO - [2024-05-06T04:54:58.220+0000] {dagbag.py:540} INFO - Filling up the DagBag from /home/airflow/.local/lib/python3.12/site-packages/airflow/example_dags/tutorial.py
[2024-05-06T04:54:58.226+0000] {processor.py:840} INFO - DAG(s) 'tutorial' retrieved from /home/airflow/.local/lib/python3.12/site-packages/airflow/example_dags/tutorial.py
[2024-05-06T04:54:58.250+0000] {logging_mixin.py:188} INFO - [2024-05-06T04:54:58.250+0000] {dag.py:3096} INFO - Sync 1 DAGs
[2024-05-06T04:54:58.277+0000] {logging_mixin.py:188} INFO - [2024-05-06T04:54:58.276+0000] {dag.py:3954} INFO - Setting next_dagrun for tutorial to 2024-05-05 00:00:00+00:00, run_after=2024-05-06 00:00:00+00:00
[2024-05-06T04:54:58.303+0000] {processor.py:183} INFO - Processing /home/airflow/.local/lib/python3.12/site-packages/airflow/example_dags/tutorial.py took 0.092 seconds
[2024-05-06T04:55:28.398+0000] {processor.py:161} INFO - Started process (PID=3096) to work on /home/airflow/.local/lib/python3.12/site-packages/airflow/example_dags/tutorial.py
[2024-05-06T04:55:28.399+0000] {processor.py:830} INFO - Processing file /home/airflow/.local/lib/python3.12/site-packages/airflow/example_dags/tutorial.py for tasks to queue
[2024-05-06T04:55:28.401+0000] {logging_mixin.py:188} INFO - [2024-05-06T04:55:28.401+0000] {dagbag.py:540} INFO - Filling up the DagBag from /home/airflow/.local/lib/python3.12/site-packages/airflow/example_dags/tutorial.py
[2024-05-06T04:55:28.408+0000] {processor.py:840} INFO - DAG(s) 'tutorial' retrieved from /home/airflow/.local/lib/python3.12/site-packages/airflow/example_dags/tutorial.py
[2024-05-06T04:55:28.439+0000] {logging_mixin.py:188} INFO - [2024-05-06T04:55:28.439+0000] {dag.py:3096} INFO - Sync 1 DAGs
[2024-05-06T04:55:28.465+0000] {logging_mixin.py:188} INFO - [2024-05-06T04:55:28.465+0000] {dag.py:3954} INFO - Setting next_dagrun for tutorial to 2024-05-05 00:00:00+00:00, run_after=2024-05-06 00:00:00+00:00
[2024-05-06T04:55:28.493+0000] {processor.py:183} INFO - Processing /home/airflow/.local/lib/python3.12/site-packages/airflow/example_dags/tutorial.py took 0.102 seconds
[2024-05-06T04:55:58.667+0000] {processor.py:161} INFO - Started process (PID=3359) to work on /home/airflow/.local/lib/python3.12/site-packages/airflow/example_dags/tutorial.py
[2024-05-06T04:55:58.668+0000] {processor.py:830} INFO - Processing file /home/airflow/.local/lib/python3.12/site-packages/airflow/example_dags/tutorial.py for tasks to queue
[2024-05-06T04:55:58.670+0000] {logging_mixin.py:188} INFO - [2024-05-06T04:55:58.669+0000] {dagbag.py:540} INFO - Filling up the DagBag from /home/airflow/.local/lib/python3.12/site-packages/airflow/example_dags/tutorial.py
[2024-05-06T04:55:58.677+0000] {processor.py:840} INFO - DAG(s) 'tutorial' retrieved from /home/airflow/.local/lib/python3.12/site-packages/airflow/example_dags/tutorial.py
[2024-05-06T04:55:58.701+0000] {logging_mixin.py:188} INFO - [2024-05-06T04:55:58.700+0000] {dag.py:3096} INFO - Sync 1 DAGs
[2024-05-06T04:55:58.728+0000] {logging_mixin.py:188} INFO - [2024-05-06T04:55:58.728+0000] {dag.py:3954} INFO - Setting next_dagrun for tutorial to 2024-05-05 00:00:00+00:00, run_after=2024-05-06 00:00:00+00:00
[2024-05-06T04:55:58.751+0000] {processor.py:183} INFO - Processing /home/airflow/.local/lib/python3.12/site-packages/airflow/example_dags/tutorial.py took 0.091 seconds
[2024-05-06T04:56:29.624+0000] {processor.py:161} INFO - Started process (PID=3622) to work on /home/airflow/.local/lib/python3.12/site-packages/airflow/example_dags/tutorial.py
[2024-05-06T04:56:29.625+0000] {processor.py:830} INFO - Processing file /home/airflow/.local/lib/python3.12/site-packages/airflow/example_dags/tutorial.py for tasks to queue
[2024-05-06T04:56:29.627+0000] {logging_mixin.py:188} INFO - [2024-05-06T04:56:29.626+0000] {dagbag.py:540} INFO - Filling up the DagBag from /home/airflow/.local/lib/python3.12/site-packages/airflow/example_dags/tutorial.py
[2024-05-06T04:56:29.633+0000] {processor.py:840} INFO - DAG(s) 'tutorial' retrieved from /home/airflow/.local/lib/python3.12/site-packages/airflow/example_dags/tutorial.py
[2024-05-06T04:56:29.656+0000] {logging_mixin.py:188} INFO - [2024-05-06T04:56:29.656+0000] {dag.py:3096} INFO - Sync 1 DAGs
[2024-05-06T04:56:29.683+0000] {logging_mixin.py:188} INFO - [2024-05-06T04:56:29.682+0000] {dag.py:3954} INFO - Setting next_dagrun for tutorial to 2024-05-05 00:00:00+00:00, run_after=2024-05-06 00:00:00+00:00
[2024-05-06T04:56:29.707+0000] {processor.py:183} INFO - Processing /home/airflow/.local/lib/python3.12/site-packages/airflow/example_dags/tutorial.py took 0.089 seconds
[2024-05-06T04:57:00.514+0000] {processor.py:161} INFO - Started process (PID=3885) to work on /home/airflow/.local/lib/python3.12/site-packages/airflow/example_dags/tutorial.py
[2024-05-06T04:57:00.516+0000] {processor.py:830} INFO - Processing file /home/airflow/.local/lib/python3.12/site-packages/airflow/example_dags/tutorial.py for tasks to queue
[2024-05-06T04:57:00.518+0000] {logging_mixin.py:188} INFO - [2024-05-06T04:57:00.518+0000] {dagbag.py:540} INFO - Filling up the DagBag from /home/airflow/.local/lib/python3.12/site-packages/airflow/example_dags/tutorial.py
[2024-05-06T04:57:00.525+0000] {processor.py:840} INFO - DAG(s) 'tutorial' retrieved from /home/airflow/.local/lib/python3.12/site-packages/airflow/example_dags/tutorial.py
[2024-05-06T04:57:00.550+0000] {logging_mixin.py:188} INFO - [2024-05-06T04:57:00.550+0000] {dag.py:3096} INFO - Sync 1 DAGs
[2024-05-06T04:57:00.587+0000] {logging_mixin.py:188} INFO - [2024-05-06T04:57:00.587+0000] {dag.py:3954} INFO - Setting next_dagrun for tutorial to 2024-05-05 00:00:00+00:00, run_after=2024-05-06 00:00:00+00:00
[2024-05-06T04:57:00.613+0000] {processor.py:183} INFO - Processing /home/airflow/.local/lib/python3.12/site-packages/airflow/example_dags/tutorial.py took 0.109 seconds
[2024-05-06T04:57:30.693+0000] {processor.py:161} INFO - Started process (PID=4147) to work on /home/airflow/.local/lib/python3.12/site-packages/airflow/example_dags/tutorial.py
[2024-05-06T04:57:30.694+0000] {processor.py:830} INFO - Processing file /home/airflow/.local/lib/python3.12/site-packages/airflow/example_dags/tutorial.py for tasks to queue
[2024-05-06T04:57:30.696+0000] {logging_mixin.py:188} INFO - [2024-05-06T04:57:30.696+0000] {dagbag.py:540} INFO - Filling up the DagBag from /home/airflow/.local/lib/python3.12/site-packages/airflow/example_dags/tutorial.py
[2024-05-06T04:57:30.706+0000] {processor.py:840} INFO - DAG(s) 'tutorial' retrieved from /home/airflow/.local/lib/python3.12/site-packages/airflow/example_dags/tutorial.py
[2024-05-06T04:57:30.760+0000] {logging_mixin.py:188} INFO - [2024-05-06T04:57:30.760+0000] {dag.py:3096} INFO - Sync 1 DAGs
[2024-05-06T04:57:30.785+0000] {logging_mixin.py:188} INFO - [2024-05-06T04:57:30.785+0000] {dag.py:3954} INFO - Setting next_dagrun for tutorial to 2024-05-05 00:00:00+00:00, run_after=2024-05-06 00:00:00+00:00
[2024-05-06T04:57:30.823+0000] {processor.py:183} INFO - Processing /home/airflow/.local/lib/python3.12/site-packages/airflow/example_dags/tutorial.py took 0.148 seconds
[2024-05-06T04:58:01.159+0000] {processor.py:161} INFO - Started process (PID=4407) to work on /home/airflow/.local/lib/python3.12/site-packages/airflow/example_dags/tutorial.py
[2024-05-06T04:58:01.170+0000] {processor.py:830} INFO - Processing file /home/airflow/.local/lib/python3.12/site-packages/airflow/example_dags/tutorial.py for tasks to queue
[2024-05-06T04:58:01.171+0000] {logging_mixin.py:188} INFO - [2024-05-06T04:58:01.171+0000] {dagbag.py:540} INFO - Filling up the DagBag from /home/airflow/.local/lib/python3.12/site-packages/airflow/example_dags/tutorial.py
[2024-05-06T04:58:01.190+0000] {processor.py:840} INFO - DAG(s) 'tutorial' retrieved from /home/airflow/.local/lib/python3.12/site-packages/airflow/example_dags/tutorial.py
[2024-05-06T04:58:01.228+0000] {logging_mixin.py:188} INFO - [2024-05-06T04:58:01.228+0000] {dag.py:3096} INFO - Sync 1 DAGs
[2024-05-06T04:58:01.269+0000] {logging_mixin.py:188} INFO - [2024-05-06T04:58:01.269+0000] {dag.py:3954} INFO - Setting next_dagrun for tutorial to 2024-05-05 00:00:00+00:00, run_after=2024-05-06 00:00:00+00:00
[2024-05-06T04:58:01.307+0000] {processor.py:183} INFO - Processing /home/airflow/.local/lib/python3.12/site-packages/airflow/example_dags/tutorial.py took 0.168 seconds
[2024-05-06T04:58:31.848+0000] {processor.py:161} INFO - Started process (PID=4669) to work on /home/airflow/.local/lib/python3.12/site-packages/airflow/example_dags/tutorial.py
[2024-05-06T04:58:31.849+0000] {processor.py:830} INFO - Processing file /home/airflow/.local/lib/python3.12/site-packages/airflow/example_dags/tutorial.py for tasks to queue
[2024-05-06T04:58:31.851+0000] {logging_mixin.py:188} INFO - [2024-05-06T04:58:31.851+0000] {dagbag.py:540} INFO - Filling up the DagBag from /home/airflow/.local/lib/python3.12/site-packages/airflow/example_dags/tutorial.py
[2024-05-06T04:58:31.857+0000] {processor.py:840} INFO - DAG(s) 'tutorial' retrieved from /home/airflow/.local/lib/python3.12/site-packages/airflow/example_dags/tutorial.py
[2024-05-06T04:58:31.880+0000] {logging_mixin.py:188} INFO - [2024-05-06T04:58:31.880+0000] {dag.py:3096} INFO - Sync 1 DAGs
[2024-05-06T04:58:31.903+0000] {logging_mixin.py:188} INFO - [2024-05-06T04:58:31.903+0000] {dag.py:3954} INFO - Setting next_dagrun for tutorial to 2024-05-05 00:00:00+00:00, run_after=2024-05-06 00:00:00+00:00
[2024-05-06T04:58:31.928+0000] {processor.py:183} INFO - Processing /home/airflow/.local/lib/python3.12/site-packages/airflow/example_dags/tutorial.py took 0.086 seconds
[2024-05-06T04:59:02.343+0000] {processor.py:161} INFO - Started process (PID=4933) to work on /home/airflow/.local/lib/python3.12/site-packages/airflow/example_dags/tutorial.py
[2024-05-06T04:59:02.344+0000] {processor.py:830} INFO - Processing file /home/airflow/.local/lib/python3.12/site-packages/airflow/example_dags/tutorial.py for tasks to queue
[2024-05-06T04:59:02.346+0000] {logging_mixin.py:188} INFO - [2024-05-06T04:59:02.346+0000] {dagbag.py:540} INFO - Filling up the DagBag from /home/airflow/.local/lib/python3.12/site-packages/airflow/example_dags/tutorial.py
[2024-05-06T04:59:02.353+0000] {processor.py:840} INFO - DAG(s) 'tutorial' retrieved from /home/airflow/.local/lib/python3.12/site-packages/airflow/example_dags/tutorial.py
[2024-05-06T04:59:02.379+0000] {logging_mixin.py:188} INFO - [2024-05-06T04:59:02.378+0000] {dag.py:3096} INFO - Sync 1 DAGs
[2024-05-06T04:59:02.411+0000] {logging_mixin.py:188} INFO - [2024-05-06T04:59:02.411+0000] {dag.py:3954} INFO - Setting next_dagrun for tutorial to 2024-05-05 00:00:00+00:00, run_after=2024-05-06 00:00:00+00:00
[2024-05-06T04:59:02.435+0000] {processor.py:183} INFO - Processing /home/airflow/.local/lib/python3.12/site-packages/airflow/example_dags/tutorial.py took 0.098 seconds
[2024-05-06T04:59:33.347+0000] {processor.py:161} INFO - Started process (PID=5196) to work on /home/airflow/.local/lib/python3.12/site-packages/airflow/example_dags/tutorial.py
[2024-05-06T04:59:33.349+0000] {processor.py:830} INFO - Processing file /home/airflow/.local/lib/python3.12/site-packages/airflow/example_dags/tutorial.py for tasks to queue
[2024-05-06T04:59:33.350+0000] {logging_mixin.py:188} INFO - [2024-05-06T04:59:33.350+0000] {dagbag.py:540} INFO - Filling up the DagBag from /home/airflow/.local/lib/python3.12/site-packages/airflow/example_dags/tutorial.py
[2024-05-06T04:59:33.359+0000] {processor.py:840} INFO - DAG(s) 'tutorial' retrieved from /home/airflow/.local/lib/python3.12/site-packages/airflow/example_dags/tutorial.py
[2024-05-06T04:59:33.387+0000] {logging_mixin.py:188} INFO - [2024-05-06T04:59:33.387+0000] {dag.py:3096} INFO - Sync 1 DAGs
[2024-05-06T04:59:33.415+0000] {logging_mixin.py:188} INFO - [2024-05-06T04:59:33.414+0000] {dag.py:3954} INFO - Setting next_dagrun for tutorial to 2024-05-05 00:00:00+00:00, run_after=2024-05-06 00:00:00+00:00
[2024-05-06T04:59:33.440+0000] {processor.py:183} INFO - Processing /home/airflow/.local/lib/python3.12/site-packages/airflow/example_dags/tutorial.py took 0.099 seconds
[2024-05-06T05:00:03.768+0000] {processor.py:161} INFO - Started process (PID=5458) to work on /home/airflow/.local/lib/python3.12/site-packages/airflow/example_dags/tutorial.py
[2024-05-06T05:00:03.769+0000] {processor.py:830} INFO - Processing file /home/airflow/.local/lib/python3.12/site-packages/airflow/example_dags/tutorial.py for tasks to queue
[2024-05-06T05:00:03.771+0000] {logging_mixin.py:188} INFO - [2024-05-06T05:00:03.770+0000] {dagbag.py:540} INFO - Filling up the DagBag from /home/airflow/.local/lib/python3.12/site-packages/airflow/example_dags/tutorial.py
[2024-05-06T05:00:03.777+0000] {processor.py:840} INFO - DAG(s) 'tutorial' retrieved from /home/airflow/.local/lib/python3.12/site-packages/airflow/example_dags/tutorial.py
[2024-05-06T05:00:03.802+0000] {logging_mixin.py:188} INFO - [2024-05-06T05:00:03.802+0000] {dag.py:3096} INFO - Sync 1 DAGs
[2024-05-06T05:00:03.829+0000] {logging_mixin.py:188} INFO - [2024-05-06T05:00:03.829+0000] {dag.py:3954} INFO - Setting next_dagrun for tutorial to 2024-05-05 00:00:00+00:00, run_after=2024-05-06 00:00:00+00:00
[2024-05-06T05:00:03.853+0000] {processor.py:183} INFO - Processing /home/airflow/.local/lib/python3.12/site-packages/airflow/example_dags/tutorial.py took 0.092 seconds
[2024-05-06T05:00:33.948+0000] {processor.py:161} INFO - Started process (PID=5726) to work on /home/airflow/.local/lib/python3.12/site-packages/airflow/example_dags/tutorial.py
[2024-05-06T05:00:33.949+0000] {processor.py:830} INFO - Processing file /home/airflow/.local/lib/python3.12/site-packages/airflow/example_dags/tutorial.py for tasks to queue
[2024-05-06T05:00:33.951+0000] {logging_mixin.py:188} INFO - [2024-05-06T05:00:33.950+0000] {dagbag.py:540} INFO - Filling up the DagBag from /home/airflow/.local/lib/python3.12/site-packages/airflow/example_dags/tutorial.py
[2024-05-06T05:00:33.958+0000] {processor.py:840} INFO - DAG(s) 'tutorial' retrieved from /home/airflow/.local/lib/python3.12/site-packages/airflow/example_dags/tutorial.py
[2024-05-06T05:00:33.984+0000] {logging_mixin.py:188} INFO - [2024-05-06T05:00:33.983+0000] {dag.py:3096} INFO - Sync 1 DAGs
[2024-05-06T05:00:34.010+0000] {logging_mixin.py:188} INFO - [2024-05-06T05:00:34.009+0000] {dag.py:3954} INFO - Setting next_dagrun for tutorial to 2024-05-05 00:00:00+00:00, run_after=2024-05-06 00:00:00+00:00
[2024-05-06T05:00:34.033+0000] {processor.py:183} INFO - Processing /home/airflow/.local/lib/python3.12/site-packages/airflow/example_dags/tutorial.py took 0.092 seconds
[2024-05-06T05:01:04.344+0000] {processor.py:161} INFO - Started process (PID=5993) to work on /home/airflow/.local/lib/python3.12/site-packages/airflow/example_dags/tutorial.py
[2024-05-06T05:01:04.345+0000] {processor.py:830} INFO - Processing file /home/airflow/.local/lib/python3.12/site-packages/airflow/example_dags/tutorial.py for tasks to queue
[2024-05-06T05:01:04.346+0000] {logging_mixin.py:188} INFO - [2024-05-06T05:01:04.346+0000] {dagbag.py:540} INFO - Filling up the DagBag from /home/airflow/.local/lib/python3.12/site-packages/airflow/example_dags/tutorial.py
[2024-05-06T05:01:04.353+0000] {processor.py:840} INFO - DAG(s) 'tutorial' retrieved from /home/airflow/.local/lib/python3.12/site-packages/airflow/example_dags/tutorial.py
[2024-05-06T05:01:04.376+0000] {logging_mixin.py:188} INFO - [2024-05-06T05:01:04.375+0000] {dag.py:3096} INFO - Sync 1 DAGs
[2024-05-06T05:01:04.401+0000] {logging_mixin.py:188} INFO - [2024-05-06T05:01:04.401+0000] {dag.py:3954} INFO - Setting next_dagrun for tutorial to 2024-05-05 00:00:00+00:00, run_after=2024-05-06 00:00:00+00:00
[2024-05-06T05:01:04.425+0000] {processor.py:183} INFO - Processing /home/airflow/.local/lib/python3.12/site-packages/airflow/example_dags/tutorial.py took 0.087 seconds
[2024-05-06T05:01:35.194+0000] {processor.py:161} INFO - Started process (PID=6258) to work on /home/airflow/.local/lib/python3.12/site-packages/airflow/example_dags/tutorial.py
[2024-05-06T05:01:35.195+0000] {processor.py:830} INFO - Processing file /home/airflow/.local/lib/python3.12/site-packages/airflow/example_dags/tutorial.py for tasks to queue
[2024-05-06T05:01:35.197+0000] {logging_mixin.py:188} INFO - [2024-05-06T05:01:35.197+0000] {dagbag.py:540} INFO - Filling up the DagBag from /home/airflow/.local/lib/python3.12/site-packages/airflow/example_dags/tutorial.py
[2024-05-06T05:01:35.203+0000] {processor.py:840} INFO - DAG(s) 'tutorial' retrieved from /home/airflow/.local/lib/python3.12/site-packages/airflow/example_dags/tutorial.py
[2024-05-06T05:01:35.225+0000] {logging_mixin.py:188} INFO - [2024-05-06T05:01:35.225+0000] {dag.py:3096} INFO - Sync 1 DAGs
[2024-05-06T05:01:35.250+0000] {logging_mixin.py:188} INFO - [2024-05-06T05:01:35.250+0000] {dag.py:3954} INFO - Setting next_dagrun for tutorial to 2024-05-05 00:00:00+00:00, run_after=2024-05-06 00:00:00+00:00
[2024-05-06T05:01:35.290+0000] {processor.py:183} INFO - Processing /home/airflow/.local/lib/python3.12/site-packages/airflow/example_dags/tutorial.py took 0.103 seconds
[2024-05-06T05:02:06.206+0000] {processor.py:161} INFO - Started process (PID=6528) to work on /home/airflow/.local/lib/python3.12/site-packages/airflow/example_dags/tutorial.py
[2024-05-06T05:02:06.207+0000] {processor.py:830} INFO - Processing file /home/airflow/.local/lib/python3.12/site-packages/airflow/example_dags/tutorial.py for tasks to queue
[2024-05-06T05:02:06.208+0000] {logging_mixin.py:188} INFO - [2024-05-06T05:02:06.208+0000] {dagbag.py:540} INFO - Filling up the DagBag from /home/airflow/.local/lib/python3.12/site-packages/airflow/example_dags/tutorial.py
[2024-05-06T05:02:06.215+0000] {processor.py:840} INFO - DAG(s) 'tutorial' retrieved from /home/airflow/.local/lib/python3.12/site-packages/airflow/example_dags/tutorial.py
[2024-05-06T05:02:06.238+0000] {logging_mixin.py:188} INFO - [2024-05-06T05:02:06.238+0000] {dag.py:3096} INFO - Sync 1 DAGs
[2024-05-06T05:02:06.265+0000] {logging_mixin.py:188} INFO - [2024-05-06T05:02:06.264+0000] {dag.py:3954} INFO - Setting next_dagrun for tutorial to 2024-05-05 00:00:00+00:00, run_after=2024-05-06 00:00:00+00:00
[2024-05-06T05:02:06.438+0000] {processor.py:183} INFO - Processing /home/airflow/.local/lib/python3.12/site-packages/airflow/example_dags/tutorial.py took 0.239 seconds
[2024-05-06T05:02:36.675+0000] {processor.py:161} INFO - Started process (PID=6799) to work on /home/airflow/.local/lib/python3.12/site-packages/airflow/example_dags/tutorial.py
[2024-05-06T05:02:36.675+0000] {processor.py:830} INFO - Processing file /home/airflow/.local/lib/python3.12/site-packages/airflow/example_dags/tutorial.py for tasks to queue
[2024-05-06T05:02:36.677+0000] {logging_mixin.py:188} INFO - [2024-05-06T05:02:36.677+0000] {dagbag.py:540} INFO - Filling up the DagBag from /home/airflow/.local/lib/python3.12/site-packages/airflow/example_dags/tutorial.py
[2024-05-06T05:02:36.683+0000] {processor.py:840} INFO - DAG(s) 'tutorial' retrieved from /home/airflow/.local/lib/python3.12/site-packages/airflow/example_dags/tutorial.py
[2024-05-06T05:02:36.705+0000] {logging_mixin.py:188} INFO - [2024-05-06T05:02:36.705+0000] {dag.py:3096} INFO - Sync 1 DAGs
[2024-05-06T05:02:36.731+0000] {logging_mixin.py:188} INFO - [2024-05-06T05:02:36.731+0000] {dag.py:3954} INFO - Setting next_dagrun for tutorial to 2024-05-05 00:00:00+00:00, run_after=2024-05-06 00:00:00+00:00
[2024-05-06T05:02:36.764+0000] {processor.py:183} INFO - Processing /home/airflow/.local/lib/python3.12/site-packages/airflow/example_dags/tutorial.py took 0.097 seconds
[2024-05-06T05:03:07.112+0000] {processor.py:161} INFO - Started process (PID=7062) to work on /home/airflow/.local/lib/python3.12/site-packages/airflow/example_dags/tutorial.py
[2024-05-06T05:03:07.112+0000] {processor.py:830} INFO - Processing file /home/airflow/.local/lib/python3.12/site-packages/airflow/example_dags/tutorial.py for tasks to queue
[2024-05-06T05:03:07.114+0000] {logging_mixin.py:188} INFO - [2024-05-06T05:03:07.114+0000] {dagbag.py:540} INFO - Filling up the DagBag from /home/airflow/.local/lib/python3.12/site-packages/airflow/example_dags/tutorial.py
[2024-05-06T05:03:07.121+0000] {processor.py:840} INFO - DAG(s) 'tutorial' retrieved from /home/airflow/.local/lib/python3.12/site-packages/airflow/example_dags/tutorial.py
[2024-05-06T05:03:07.161+0000] {logging_mixin.py:188} INFO - [2024-05-06T05:03:07.161+0000] {dag.py:3096} INFO - Sync 1 DAGs
[2024-05-06T05:03:07.185+0000] {logging_mixin.py:188} INFO - [2024-05-06T05:03:07.185+0000] {dag.py:3954} INFO - Setting next_dagrun for tutorial to 2024-05-05 00:00:00+00:00, run_after=2024-05-06 00:00:00+00:00
[2024-05-06T05:03:07.209+0000] {processor.py:183} INFO - Processing /home/airflow/.local/lib/python3.12/site-packages/airflow/example_dags/tutorial.py took 0.104 seconds
[2024-05-06T05:03:37.970+0000] {processor.py:161} INFO - Started process (PID=7329) to work on /home/airflow/.local/lib/python3.12/site-packages/airflow/example_dags/tutorial.py
[2024-05-06T05:03:37.971+0000] {processor.py:830} INFO - Processing file /home/airflow/.local/lib/python3.12/site-packages/airflow/example_dags/tutorial.py for tasks to queue
[2024-05-06T05:03:37.973+0000] {logging_mixin.py:188} INFO - [2024-05-06T05:03:37.973+0000] {dagbag.py:540} INFO - Filling up the DagBag from /home/airflow/.local/lib/python3.12/site-packages/airflow/example_dags/tutorial.py
[2024-05-06T05:03:37.979+0000] {processor.py:840} INFO - DAG(s) 'tutorial' retrieved from /home/airflow/.local/lib/python3.12/site-packages/airflow/example_dags/tutorial.py
[2024-05-06T05:03:38.011+0000] {logging_mixin.py:188} INFO - [2024-05-06T05:03:38.010+0000] {dag.py:3096} INFO - Sync 1 DAGs
[2024-05-06T05:03:38.035+0000] {logging_mixin.py:188} INFO - [2024-05-06T05:03:38.035+0000] {dag.py:3954} INFO - Setting next_dagrun for tutorial to 2024-05-05 00:00:00+00:00, run_after=2024-05-06 00:00:00+00:00
[2024-05-06T05:03:38.059+0000] {processor.py:183} INFO - Processing /home/airflow/.local/lib/python3.12/site-packages/airflow/example_dags/tutorial.py took 0.098 seconds
[2024-05-06T05:04:08.395+0000] {processor.py:161} INFO - Started process (PID=7598) to work on /home/airflow/.local/lib/python3.12/site-packages/airflow/example_dags/tutorial.py
[2024-05-06T05:04:08.396+0000] {processor.py:830} INFO - Processing file /home/airflow/.local/lib/python3.12/site-packages/airflow/example_dags/tutorial.py for tasks to queue
[2024-05-06T05:04:08.398+0000] {logging_mixin.py:188} INFO - [2024-05-06T05:04:08.398+0000] {dagbag.py:540} INFO - Filling up the DagBag from /home/airflow/.local/lib/python3.12/site-packages/airflow/example_dags/tutorial.py
[2024-05-06T05:04:08.404+0000] {processor.py:840} INFO - DAG(s) 'tutorial' retrieved from /home/airflow/.local/lib/python3.12/site-packages/airflow/example_dags/tutorial.py
[2024-05-06T05:04:08.428+0000] {logging_mixin.py:188} INFO - [2024-05-06T05:04:08.428+0000] {dag.py:3096} INFO - Sync 1 DAGs
[2024-05-06T05:04:08.713+0000] {logging_mixin.py:188} INFO - [2024-05-06T05:04:08.713+0000] {dag.py:3954} INFO - Setting next_dagrun for tutorial to 2024-05-05 00:00:00+00:00, run_after=2024-05-06 00:00:00+00:00
[2024-05-06T05:04:08.777+0000] {processor.py:183} INFO - Processing /home/airflow/.local/lib/python3.12/site-packages/airflow/example_dags/tutorial.py took 0.389 seconds
[2024-05-06T05:04:39.563+0000] {processor.py:161} INFO - Started process (PID=7865) to work on /home/airflow/.local/lib/python3.12/site-packages/airflow/example_dags/tutorial.py
[2024-05-06T05:04:39.565+0000] {processor.py:830} INFO - Processing file /home/airflow/.local/lib/python3.12/site-packages/airflow/example_dags/tutorial.py for tasks to queue
[2024-05-06T05:04:39.577+0000] {logging_mixin.py:188} INFO - [2024-05-06T05:04:39.577+0000] {dagbag.py:540} INFO - Filling up the DagBag from /home/airflow/.local/lib/python3.12/site-packages/airflow/example_dags/tutorial.py
[2024-05-06T05:04:39.593+0000] {processor.py:840} INFO - DAG(s) 'tutorial' retrieved from /home/airflow/.local/lib/python3.12/site-packages/airflow/example_dags/tutorial.py
[2024-05-06T05:04:39.636+0000] {logging_mixin.py:188} INFO - [2024-05-06T05:04:39.636+0000] {dag.py:3096} INFO - Sync 1 DAGs
[2024-05-06T05:04:39.664+0000] {logging_mixin.py:188} INFO - [2024-05-06T05:04:39.664+0000] {dag.py:3954} INFO - Setting next_dagrun for tutorial to 2024-05-05 00:00:00+00:00, run_after=2024-05-06 00:00:00+00:00
[2024-05-06T05:04:39.693+0000] {processor.py:183} INFO - Processing /home/airflow/.local/lib/python3.12/site-packages/airflow/example_dags/tutorial.py took 0.138 seconds
[2024-05-06T05:05:10.538+0000] {processor.py:161} INFO - Started process (PID=8135) to work on /home/airflow/.local/lib/python3.12/site-packages/airflow/example_dags/tutorial.py
[2024-05-06T05:05:10.539+0000] {processor.py:830} INFO - Processing file /home/airflow/.local/lib/python3.12/site-packages/airflow/example_dags/tutorial.py for tasks to queue
[2024-05-06T05:05:10.541+0000] {logging_mixin.py:188} INFO - [2024-05-06T05:05:10.541+0000] {dagbag.py:540} INFO - Filling up the DagBag from /home/airflow/.local/lib/python3.12/site-packages/airflow/example_dags/tutorial.py
[2024-05-06T05:05:10.548+0000] {processor.py:840} INFO - DAG(s) 'tutorial' retrieved from /home/airflow/.local/lib/python3.12/site-packages/airflow/example_dags/tutorial.py
[2024-05-06T05:05:10.579+0000] {logging_mixin.py:188} INFO - [2024-05-06T05:05:10.579+0000] {dag.py:3096} INFO - Sync 1 DAGs
[2024-05-06T05:05:10.651+0000] {logging_mixin.py:188} INFO - [2024-05-06T05:05:10.651+0000] {dag.py:3954} INFO - Setting next_dagrun for tutorial to 2024-05-05 00:00:00+00:00, run_after=2024-05-06 00:00:00+00:00
[2024-05-06T05:05:10.682+0000] {processor.py:183} INFO - Processing /home/airflow/.local/lib/python3.12/site-packages/airflow/example_dags/tutorial.py took 0.151 seconds
[2024-05-06T05:05:40.784+0000] {processor.py:161} INFO - Started process (PID=8404) to work on /home/airflow/.local/lib/python3.12/site-packages/airflow/example_dags/tutorial.py
[2024-05-06T05:05:40.784+0000] {processor.py:830} INFO - Processing file /home/airflow/.local/lib/python3.12/site-packages/airflow/example_dags/tutorial.py for tasks to queue
[2024-05-06T05:05:40.786+0000] {logging_mixin.py:188} INFO - [2024-05-06T05:05:40.786+0000] {dagbag.py:540} INFO - Filling up the DagBag from /home/airflow/.local/lib/python3.12/site-packages/airflow/example_dags/tutorial.py
[2024-05-06T05:05:40.790+0000] {processor.py:840} INFO - DAG(s) 'tutorial' retrieved from /home/airflow/.local/lib/python3.12/site-packages/airflow/example_dags/tutorial.py
[2024-05-06T05:05:40.806+0000] {logging_mixin.py:188} INFO - [2024-05-06T05:05:40.806+0000] {dag.py:3096} INFO - Sync 1 DAGs
[2024-05-06T05:05:40.824+0000] {logging_mixin.py:188} INFO - [2024-05-06T05:05:40.824+0000] {dag.py:3954} INFO - Setting next_dagrun for tutorial to 2024-05-05 00:00:00+00:00, run_after=2024-05-06 00:00:00+00:00
[2024-05-06T05:05:40.846+0000] {processor.py:183} INFO - Processing /home/airflow/.local/lib/python3.12/site-packages/airflow/example_dags/tutorial.py took 0.067 seconds
[2024-05-06T05:06:11.087+0000] {processor.py:161} INFO - Started process (PID=8679) to work on /home/airflow/.local/lib/python3.12/site-packages/airflow/example_dags/tutorial.py
[2024-05-06T05:06:11.088+0000] {processor.py:830} INFO - Processing file /home/airflow/.local/lib/python3.12/site-packages/airflow/example_dags/tutorial.py for tasks to queue
[2024-05-06T05:06:11.090+0000] {logging_mixin.py:188} INFO - [2024-05-06T05:06:11.089+0000] {dagbag.py:540} INFO - Filling up the DagBag from /home/airflow/.local/lib/python3.12/site-packages/airflow/example_dags/tutorial.py
[2024-05-06T05:06:11.096+0000] {processor.py:840} INFO - DAG(s) 'tutorial' retrieved from /home/airflow/.local/lib/python3.12/site-packages/airflow/example_dags/tutorial.py
[2024-05-06T05:06:11.117+0000] {logging_mixin.py:188} INFO - [2024-05-06T05:06:11.117+0000] {dag.py:3096} INFO - Sync 1 DAGs
[2024-05-06T05:06:11.142+0000] {logging_mixin.py:188} INFO - [2024-05-06T05:06:11.142+0000] {dag.py:3954} INFO - Setting next_dagrun for tutorial to 2024-05-05 00:00:00+00:00, run_after=2024-05-06 00:00:00+00:00
[2024-05-06T05:06:11.167+0000] {processor.py:183} INFO - Processing /home/airflow/.local/lib/python3.12/site-packages/airflow/example_dags/tutorial.py took 0.088 seconds
[2024-05-06T05:06:41.286+0000] {processor.py:161} INFO - Started process (PID=8951) to work on /home/airflow/.local/lib/python3.12/site-packages/airflow/example_dags/tutorial.py
[2024-05-06T05:06:41.286+0000] {processor.py:830} INFO - Processing file /home/airflow/.local/lib/python3.12/site-packages/airflow/example_dags/tutorial.py for tasks to queue
[2024-05-06T05:06:41.288+0000] {logging_mixin.py:188} INFO - [2024-05-06T05:06:41.288+0000] {dagbag.py:540} INFO - Filling up the DagBag from /home/airflow/.local/lib/python3.12/site-packages/airflow/example_dags/tutorial.py
[2024-05-06T05:06:41.294+0000] {processor.py:840} INFO - DAG(s) 'tutorial' retrieved from /home/airflow/.local/lib/python3.12/site-packages/airflow/example_dags/tutorial.py
[2024-05-06T05:06:41.316+0000] {logging_mixin.py:188} INFO - [2024-05-06T05:06:41.316+0000] {dag.py:3096} INFO - Sync 1 DAGs
[2024-05-06T05:06:41.341+0000] {logging_mixin.py:188} INFO - [2024-05-06T05:06:41.341+0000] {dag.py:3954} INFO - Setting next_dagrun for tutorial to 2024-05-05 00:00:00+00:00, run_after=2024-05-06 00:00:00+00:00
[2024-05-06T05:06:41.381+0000] {processor.py:183} INFO - Processing /home/airflow/.local/lib/python3.12/site-packages/airflow/example_dags/tutorial.py took 0.102 seconds
[2024-05-06T05:07:12.131+0000] {processor.py:161} INFO - Started process (PID=9223) to work on /home/airflow/.local/lib/python3.12/site-packages/airflow/example_dags/tutorial.py
[2024-05-06T05:07:12.132+0000] {processor.py:830} INFO - Processing file /home/airflow/.local/lib/python3.12/site-packages/airflow/example_dags/tutorial.py for tasks to queue
[2024-05-06T05:07:12.134+0000] {logging_mixin.py:188} INFO - [2024-05-06T05:07:12.133+0000] {dagbag.py:540} INFO - Filling up the DagBag from /home/airflow/.local/lib/python3.12/site-packages/airflow/example_dags/tutorial.py
[2024-05-06T05:07:12.163+0000] {processor.py:840} INFO - DAG(s) 'tutorial' retrieved from /home/airflow/.local/lib/python3.12/site-packages/airflow/example_dags/tutorial.py
[2024-05-06T05:07:12.208+0000] {logging_mixin.py:188} INFO - [2024-05-06T05:07:12.208+0000] {dag.py:3096} INFO - Sync 1 DAGs
[2024-05-06T05:07:12.255+0000] {logging_mixin.py:188} INFO - [2024-05-06T05:07:12.254+0000] {dag.py:3954} INFO - Setting next_dagrun for tutorial to 2024-05-05 00:00:00+00:00, run_after=2024-05-06 00:00:00+00:00
[2024-05-06T05:07:12.300+0000] {processor.py:183} INFO - Processing /home/airflow/.local/lib/python3.12/site-packages/airflow/example_dags/tutorial.py took 0.188 seconds
[2024-05-06T05:07:42.883+0000] {processor.py:161} INFO - Started process (PID=9496) to work on /home/airflow/.local/lib/python3.12/site-packages/airflow/example_dags/tutorial.py
[2024-05-06T05:07:42.887+0000] {processor.py:830} INFO - Processing file /home/airflow/.local/lib/python3.12/site-packages/airflow/example_dags/tutorial.py for tasks to queue
[2024-05-06T05:07:42.890+0000] {logging_mixin.py:188} INFO - [2024-05-06T05:07:42.890+0000] {dagbag.py:540} INFO - Filling up the DagBag from /home/airflow/.local/lib/python3.12/site-packages/airflow/example_dags/tutorial.py
[2024-05-06T05:07:42.904+0000] {processor.py:840} INFO - DAG(s) 'tutorial' retrieved from /home/airflow/.local/lib/python3.12/site-packages/airflow/example_dags/tutorial.py
[2024-05-06T05:07:43.021+0000] {logging_mixin.py:188} INFO - [2024-05-06T05:07:43.020+0000] {dag.py:3096} INFO - Sync 1 DAGs
[2024-05-06T05:07:43.062+0000] {logging_mixin.py:188} INFO - [2024-05-06T05:07:43.061+0000] {dag.py:3954} INFO - Setting next_dagrun for tutorial to 2024-05-05 00:00:00+00:00, run_after=2024-05-06 00:00:00+00:00
[2024-05-06T05:07:43.085+0000] {processor.py:183} INFO - Processing /home/airflow/.local/lib/python3.12/site-packages/airflow/example_dags/tutorial.py took 0.227 seconds
[2024-05-06T05:08:13.523+0000] {processor.py:161} INFO - Started process (PID=9769) to work on /home/airflow/.local/lib/python3.12/site-packages/airflow/example_dags/tutorial.py
[2024-05-06T05:08:13.524+0000] {processor.py:830} INFO - Processing file /home/airflow/.local/lib/python3.12/site-packages/airflow/example_dags/tutorial.py for tasks to queue
[2024-05-06T05:08:13.526+0000] {logging_mixin.py:188} INFO - [2024-05-06T05:08:13.526+0000] {dagbag.py:540} INFO - Filling up the DagBag from /home/airflow/.local/lib/python3.12/site-packages/airflow/example_dags/tutorial.py
[2024-05-06T05:08:13.543+0000] {processor.py:840} INFO - DAG(s) 'tutorial' retrieved from /home/airflow/.local/lib/python3.12/site-packages/airflow/example_dags/tutorial.py
[2024-05-06T05:08:13.569+0000] {logging_mixin.py:188} INFO - [2024-05-06T05:08:13.568+0000] {dag.py:3096} INFO - Sync 1 DAGs
[2024-05-06T05:08:13.606+0000] {logging_mixin.py:188} INFO - [2024-05-06T05:08:13.606+0000] {dag.py:3954} INFO - Setting next_dagrun for tutorial to 2024-05-05 00:00:00+00:00, run_after=2024-05-06 00:00:00+00:00
[2024-05-06T05:08:13.646+0000] {processor.py:183} INFO - Processing /home/airflow/.local/lib/python3.12/site-packages/airflow/example_dags/tutorial.py took 0.132 seconds
[2024-05-06T05:08:44.164+0000] {processor.py:161} INFO - Started process (PID=10042) to work on /home/airflow/.local/lib/python3.12/site-packages/airflow/example_dags/tutorial.py
[2024-05-06T05:08:44.167+0000] {processor.py:830} INFO - Processing file /home/airflow/.local/lib/python3.12/site-packages/airflow/example_dags/tutorial.py for tasks to queue
[2024-05-06T05:08:44.171+0000] {logging_mixin.py:188} INFO - [2024-05-06T05:08:44.171+0000] {dagbag.py:540} INFO - Filling up the DagBag from /home/airflow/.local/lib/python3.12/site-packages/airflow/example_dags/tutorial.py
[2024-05-06T05:08:44.187+0000] {processor.py:840} INFO - DAG(s) 'tutorial' retrieved from /home/airflow/.local/lib/python3.12/site-packages/airflow/example_dags/tutorial.py
[2024-05-06T05:08:44.262+0000] {logging_mixin.py:188} INFO - [2024-05-06T05:08:44.261+0000] {dag.py:3096} INFO - Sync 1 DAGs
[2024-05-06T05:08:44.303+0000] {logging_mixin.py:188} INFO - [2024-05-06T05:08:44.302+0000] {dag.py:3954} INFO - Setting next_dagrun for tutorial to 2024-05-05 00:00:00+00:00, run_after=2024-05-06 00:00:00+00:00
[2024-05-06T05:08:44.351+0000] {processor.py:183} INFO - Processing /home/airflow/.local/lib/python3.12/site-packages/airflow/example_dags/tutorial.py took 0.203 seconds
[2024-05-06T05:09:14.551+0000] {processor.py:161} INFO - Started process (PID=10314) to work on /home/airflow/.local/lib/python3.12/site-packages/airflow/example_dags/tutorial.py
[2024-05-06T05:09:14.551+0000] {processor.py:830} INFO - Processing file /home/airflow/.local/lib/python3.12/site-packages/airflow/example_dags/tutorial.py for tasks to queue
[2024-05-06T05:09:14.553+0000] {logging_mixin.py:188} INFO - [2024-05-06T05:09:14.553+0000] {dagbag.py:540} INFO - Filling up the DagBag from /home/airflow/.local/lib/python3.12/site-packages/airflow/example_dags/tutorial.py
[2024-05-06T05:09:14.559+0000] {processor.py:840} INFO - DAG(s) 'tutorial' retrieved from /home/airflow/.local/lib/python3.12/site-packages/airflow/example_dags/tutorial.py
[2024-05-06T05:09:14.580+0000] {logging_mixin.py:188} INFO - [2024-05-06T05:09:14.579+0000] {dag.py:3096} INFO - Sync 1 DAGs
[2024-05-06T05:09:14.605+0000] {logging_mixin.py:188} INFO - [2024-05-06T05:09:14.604+0000] {dag.py:3954} INFO - Setting next_dagrun for tutorial to 2024-05-05 00:00:00+00:00, run_after=2024-05-06 00:00:00+00:00
[2024-05-06T05:09:14.627+0000] {processor.py:183} INFO - Processing /home/airflow/.local/lib/python3.12/site-packages/airflow/example_dags/tutorial.py took 0.083 seconds
[2024-05-06T05:09:45.115+0000] {processor.py:161} INFO - Started process (PID=10586) to work on /home/airflow/.local/lib/python3.12/site-packages/airflow/example_dags/tutorial.py
[2024-05-06T05:09:45.116+0000] {processor.py:830} INFO - Processing file /home/airflow/.local/lib/python3.12/site-packages/airflow/example_dags/tutorial.py for tasks to queue
[2024-05-06T05:09:45.118+0000] {logging_mixin.py:188} INFO - [2024-05-06T05:09:45.117+0000] {dagbag.py:540} INFO - Filling up the DagBag from /home/airflow/.local/lib/python3.12/site-packages/airflow/example_dags/tutorial.py
[2024-05-06T05:09:45.124+0000] {processor.py:840} INFO - DAG(s) 'tutorial' retrieved from /home/airflow/.local/lib/python3.12/site-packages/airflow/example_dags/tutorial.py
[2024-05-06T05:09:45.146+0000] {logging_mixin.py:188} INFO - [2024-05-06T05:09:45.146+0000] {dag.py:3096} INFO - Sync 1 DAGs
[2024-05-06T05:09:45.170+0000] {logging_mixin.py:188} INFO - [2024-05-06T05:09:45.170+0000] {dag.py:3954} INFO - Setting next_dagrun for tutorial to 2024-05-05 00:00:00+00:00, run_after=2024-05-06 00:00:00+00:00
[2024-05-06T05:09:45.194+0000] {processor.py:183} INFO - Processing /home/airflow/.local/lib/python3.12/site-packages/airflow/example_dags/tutorial.py took 0.087 seconds
[2024-05-06T05:10:16.064+0000] {processor.py:161} INFO - Started process (PID=10858) to work on /home/airflow/.local/lib/python3.12/site-packages/airflow/example_dags/tutorial.py
[2024-05-06T05:10:16.080+0000] {processor.py:830} INFO - Processing file /home/airflow/.local/lib/python3.12/site-packages/airflow/example_dags/tutorial.py for tasks to queue
[2024-05-06T05:10:16.083+0000] {logging_mixin.py:188} INFO - [2024-05-06T05:10:16.082+0000] {dagbag.py:540} INFO - Filling up the DagBag from /home/airflow/.local/lib/python3.12/site-packages/airflow/example_dags/tutorial.py
[2024-05-06T05:10:16.092+0000] {processor.py:840} INFO - DAG(s) 'tutorial' retrieved from /home/airflow/.local/lib/python3.12/site-packages/airflow/example_dags/tutorial.py
[2024-05-06T05:10:16.143+0000] {logging_mixin.py:188} INFO - [2024-05-06T05:10:16.143+0000] {dag.py:3096} INFO - Sync 1 DAGs
[2024-05-06T05:10:16.177+0000] {logging_mixin.py:188} INFO - [2024-05-06T05:10:16.176+0000] {dag.py:3954} INFO - Setting next_dagrun for tutorial to 2024-05-05 00:00:00+00:00, run_after=2024-05-06 00:00:00+00:00
[2024-05-06T05:10:16.214+0000] {processor.py:183} INFO - Processing /home/airflow/.local/lib/python3.12/site-packages/airflow/example_dags/tutorial.py took 0.158 seconds
[2024-05-06T05:10:47.120+0000] {processor.py:161} INFO - Started process (PID=11130) to work on /home/airflow/.local/lib/python3.12/site-packages/airflow/example_dags/tutorial.py
[2024-05-06T05:10:47.121+0000] {processor.py:830} INFO - Processing file /home/airflow/.local/lib/python3.12/site-packages/airflow/example_dags/tutorial.py for tasks to queue
[2024-05-06T05:10:47.123+0000] {logging_mixin.py:188} INFO - [2024-05-06T05:10:47.123+0000] {dagbag.py:540} INFO - Filling up the DagBag from /home/airflow/.local/lib/python3.12/site-packages/airflow/example_dags/tutorial.py
[2024-05-06T05:10:47.131+0000] {processor.py:840} INFO - DAG(s) 'tutorial' retrieved from /home/airflow/.local/lib/python3.12/site-packages/airflow/example_dags/tutorial.py
[2024-05-06T05:10:47.153+0000] {logging_mixin.py:188} INFO - [2024-05-06T05:10:47.152+0000] {dag.py:3096} INFO - Sync 1 DAGs
[2024-05-06T05:10:47.180+0000] {logging_mixin.py:188} INFO - [2024-05-06T05:10:47.180+0000] {dag.py:3954} INFO - Setting next_dagrun for tutorial to 2024-05-05 00:00:00+00:00, run_after=2024-05-06 00:00:00+00:00
[2024-05-06T05:10:47.216+0000] {processor.py:183} INFO - Processing /home/airflow/.local/lib/python3.12/site-packages/airflow/example_dags/tutorial.py took 0.102 seconds
[2024-05-06T05:11:17.334+0000] {processor.py:161} INFO - Started process (PID=11402) to work on /home/airflow/.local/lib/python3.12/site-packages/airflow/example_dags/tutorial.py
[2024-05-06T05:11:17.336+0000] {processor.py:830} INFO - Processing file /home/airflow/.local/lib/python3.12/site-packages/airflow/example_dags/tutorial.py for tasks to queue
[2024-05-06T05:11:17.343+0000] {logging_mixin.py:188} INFO - [2024-05-06T05:11:17.338+0000] {dagbag.py:540} INFO - Filling up the DagBag from /home/airflow/.local/lib/python3.12/site-packages/airflow/example_dags/tutorial.py
[2024-05-06T05:11:17.358+0000] {processor.py:840} INFO - DAG(s) 'tutorial' retrieved from /home/airflow/.local/lib/python3.12/site-packages/airflow/example_dags/tutorial.py
[2024-05-06T05:11:17.405+0000] {logging_mixin.py:188} INFO - [2024-05-06T05:11:17.404+0000] {dag.py:3096} INFO - Sync 1 DAGs
[2024-05-06T05:11:17.429+0000] {logging_mixin.py:188} INFO - [2024-05-06T05:11:17.429+0000] {dag.py:3954} INFO - Setting next_dagrun for tutorial to 2024-05-05 00:00:00+00:00, run_after=2024-05-06 00:00:00+00:00
[2024-05-06T05:11:17.456+0000] {processor.py:183} INFO - Processing /home/airflow/.local/lib/python3.12/site-packages/airflow/example_dags/tutorial.py took 0.137 seconds
[2024-05-06T05:11:47.649+0000] {processor.py:161} INFO - Started process (PID=11675) to work on /home/airflow/.local/lib/python3.12/site-packages/airflow/example_dags/tutorial.py
[2024-05-06T05:11:47.650+0000] {processor.py:830} INFO - Processing file /home/airflow/.local/lib/python3.12/site-packages/airflow/example_dags/tutorial.py for tasks to queue
[2024-05-06T05:11:47.652+0000] {logging_mixin.py:188} INFO - [2024-05-06T05:11:47.652+0000] {dagbag.py:540} INFO - Filling up the DagBag from /home/airflow/.local/lib/python3.12/site-packages/airflow/example_dags/tutorial.py
[2024-05-06T05:11:47.660+0000] {processor.py:840} INFO - DAG(s) 'tutorial' retrieved from /home/airflow/.local/lib/python3.12/site-packages/airflow/example_dags/tutorial.py
[2024-05-06T05:11:47.680+0000] {logging_mixin.py:188} INFO - [2024-05-06T05:11:47.680+0000] {dag.py:3096} INFO - Sync 1 DAGs
[2024-05-06T05:11:47.706+0000] {logging_mixin.py:188} INFO - [2024-05-06T05:11:47.706+0000] {dag.py:3954} INFO - Setting next_dagrun for tutorial to 2024-05-05 00:00:00+00:00, run_after=2024-05-06 00:00:00+00:00
[2024-05-06T05:11:47.736+0000] {processor.py:183} INFO - Processing /home/airflow/.local/lib/python3.12/site-packages/airflow/example_dags/tutorial.py took 0.094 seconds
[2024-05-06T05:12:18.661+0000] {processor.py:161} INFO - Started process (PID=11947) to work on /home/airflow/.local/lib/python3.12/site-packages/airflow/example_dags/tutorial.py
[2024-05-06T05:12:18.662+0000] {processor.py:830} INFO - Processing file /home/airflow/.local/lib/python3.12/site-packages/airflow/example_dags/tutorial.py for tasks to queue
[2024-05-06T05:12:18.664+0000] {logging_mixin.py:188} INFO - [2024-05-06T05:12:18.663+0000] {dagbag.py:540} INFO - Filling up the DagBag from /home/airflow/.local/lib/python3.12/site-packages/airflow/example_dags/tutorial.py
[2024-05-06T05:12:18.679+0000] {processor.py:840} INFO - DAG(s) 'tutorial' retrieved from /home/airflow/.local/lib/python3.12/site-packages/airflow/example_dags/tutorial.py
[2024-05-06T05:12:18.729+0000] {logging_mixin.py:188} INFO - [2024-05-06T05:12:18.729+0000] {dag.py:3096} INFO - Sync 1 DAGs
[2024-05-06T05:12:18.784+0000] {logging_mixin.py:188} INFO - [2024-05-06T05:12:18.784+0000] {dag.py:3954} INFO - Setting next_dagrun for tutorial to 2024-05-05 00:00:00+00:00, run_after=2024-05-06 00:00:00+00:00
[2024-05-06T05:12:18.840+0000] {processor.py:183} INFO - Processing /home/airflow/.local/lib/python3.12/site-packages/airflow/example_dags/tutorial.py took 0.186 seconds
[2024-05-06T05:12:49.783+0000] {processor.py:161} INFO - Started process (PID=12219) to work on /home/airflow/.local/lib/python3.12/site-packages/airflow/example_dags/tutorial.py
[2024-05-06T05:12:49.784+0000] {processor.py:830} INFO - Processing file /home/airflow/.local/lib/python3.12/site-packages/airflow/example_dags/tutorial.py for tasks to queue
[2024-05-06T05:12:49.787+0000] {logging_mixin.py:188} INFO - [2024-05-06T05:12:49.786+0000] {dagbag.py:540} INFO - Filling up the DagBag from /home/airflow/.local/lib/python3.12/site-packages/airflow/example_dags/tutorial.py
[2024-05-06T05:12:49.792+0000] {processor.py:840} INFO - DAG(s) 'tutorial' retrieved from /home/airflow/.local/lib/python3.12/site-packages/airflow/example_dags/tutorial.py
[2024-05-06T05:12:49.817+0000] {logging_mixin.py:188} INFO - [2024-05-06T05:12:49.817+0000] {dag.py:3096} INFO - Sync 1 DAGs
[2024-05-06T05:12:49.845+0000] {logging_mixin.py:188} INFO - [2024-05-06T05:12:49.845+0000] {dag.py:3954} INFO - Setting next_dagrun for tutorial to 2024-05-05 00:00:00+00:00, run_after=2024-05-06 00:00:00+00:00
[2024-05-06T05:12:49.875+0000] {processor.py:183} INFO - Processing /home/airflow/.local/lib/python3.12/site-packages/airflow/example_dags/tutorial.py took 0.099 seconds
[2024-05-06T05:13:20.341+0000] {processor.py:161} INFO - Started process (PID=12492) to work on /home/airflow/.local/lib/python3.12/site-packages/airflow/example_dags/tutorial.py
[2024-05-06T05:13:20.342+0000] {processor.py:830} INFO - Processing file /home/airflow/.local/lib/python3.12/site-packages/airflow/example_dags/tutorial.py for tasks to queue
[2024-05-06T05:13:20.345+0000] {logging_mixin.py:188} INFO - [2024-05-06T05:13:20.345+0000] {dagbag.py:540} INFO - Filling up the DagBag from /home/airflow/.local/lib/python3.12/site-packages/airflow/example_dags/tutorial.py
[2024-05-06T05:13:20.351+0000] {processor.py:840} INFO - DAG(s) 'tutorial' retrieved from /home/airflow/.local/lib/python3.12/site-packages/airflow/example_dags/tutorial.py
[2024-05-06T05:13:20.391+0000] {logging_mixin.py:188} INFO - [2024-05-06T05:13:20.391+0000] {dag.py:3096} INFO - Sync 1 DAGs
[2024-05-06T05:13:20.432+0000] {logging_mixin.py:188} INFO - [2024-05-06T05:13:20.431+0000] {dag.py:3954} INFO - Setting next_dagrun for tutorial to 2024-05-05 00:00:00+00:00, run_after=2024-05-06 00:00:00+00:00
[2024-05-06T05:13:20.457+0000] {processor.py:183} INFO - Processing /home/airflow/.local/lib/python3.12/site-packages/airflow/example_dags/tutorial.py took 0.123 seconds
[2024-05-06T05:13:51.208+0000] {processor.py:161} INFO - Started process (PID=12765) to work on /home/airflow/.local/lib/python3.12/site-packages/airflow/example_dags/tutorial.py
[2024-05-06T05:13:51.209+0000] {processor.py:830} INFO - Processing file /home/airflow/.local/lib/python3.12/site-packages/airflow/example_dags/tutorial.py for tasks to queue
[2024-05-06T05:13:51.211+0000] {logging_mixin.py:188} INFO - [2024-05-06T05:13:51.211+0000] {dagbag.py:540} INFO - Filling up the DagBag from /home/airflow/.local/lib/python3.12/site-packages/airflow/example_dags/tutorial.py
[2024-05-06T05:13:51.218+0000] {processor.py:840} INFO - DAG(s) 'tutorial' retrieved from /home/airflow/.local/lib/python3.12/site-packages/airflow/example_dags/tutorial.py
[2024-05-06T05:13:51.241+0000] {logging_mixin.py:188} INFO - [2024-05-06T05:13:51.240+0000] {dag.py:3096} INFO - Sync 1 DAGs
[2024-05-06T05:13:51.267+0000] {logging_mixin.py:188} INFO - [2024-05-06T05:13:51.267+0000] {dag.py:3954} INFO - Setting next_dagrun for tutorial to 2024-05-05 00:00:00+00:00, run_after=2024-05-06 00:00:00+00:00
[2024-05-06T05:13:51.293+0000] {processor.py:183} INFO - Processing /home/airflow/.local/lib/python3.12/site-packages/airflow/example_dags/tutorial.py took 0.093 seconds
[2024-05-06T05:14:21.986+0000] {processor.py:161} INFO - Started process (PID=13037) to work on /home/airflow/.local/lib/python3.12/site-packages/airflow/example_dags/tutorial.py
[2024-05-06T05:14:21.987+0000] {processor.py:830} INFO - Processing file /home/airflow/.local/lib/python3.12/site-packages/airflow/example_dags/tutorial.py for tasks to queue
[2024-05-06T05:14:21.990+0000] {logging_mixin.py:188} INFO - [2024-05-06T05:14:21.989+0000] {dagbag.py:540} INFO - Filling up the DagBag from /home/airflow/.local/lib/python3.12/site-packages/airflow/example_dags/tutorial.py
[2024-05-06T05:14:21.995+0000] {processor.py:840} INFO - DAG(s) 'tutorial' retrieved from /home/airflow/.local/lib/python3.12/site-packages/airflow/example_dags/tutorial.py
[2024-05-06T05:14:22.017+0000] {logging_mixin.py:188} INFO - [2024-05-06T05:14:22.017+0000] {dag.py:3096} INFO - Sync 1 DAGs
[2024-05-06T05:14:22.044+0000] {logging_mixin.py:188} INFO - [2024-05-06T05:14:22.043+0000] {dag.py:3954} INFO - Setting next_dagrun for tutorial to 2024-05-05 00:00:00+00:00, run_after=2024-05-06 00:00:00+00:00
[2024-05-06T05:14:22.070+0000] {processor.py:183} INFO - Processing /home/airflow/.local/lib/python3.12/site-packages/airflow/example_dags/tutorial.py took 0.091 seconds
[2024-05-06T05:14:52.709+0000] {processor.py:161} INFO - Started process (PID=13310) to work on /home/airflow/.local/lib/python3.12/site-packages/airflow/example_dags/tutorial.py
[2024-05-06T05:14:52.709+0000] {processor.py:830} INFO - Processing file /home/airflow/.local/lib/python3.12/site-packages/airflow/example_dags/tutorial.py for tasks to queue
[2024-05-06T05:14:52.714+0000] {logging_mixin.py:188} INFO - [2024-05-06T05:14:52.712+0000] {dagbag.py:540} INFO - Filling up the DagBag from /home/airflow/.local/lib/python3.12/site-packages/airflow/example_dags/tutorial.py
[2024-05-06T05:14:52.720+0000] {processor.py:840} INFO - DAG(s) 'tutorial' retrieved from /home/airflow/.local/lib/python3.12/site-packages/airflow/example_dags/tutorial.py
[2024-05-06T05:14:52.741+0000] {logging_mixin.py:188} INFO - [2024-05-06T05:14:52.741+0000] {dag.py:3096} INFO - Sync 1 DAGs
[2024-05-06T05:14:52.767+0000] {logging_mixin.py:188} INFO - [2024-05-06T05:14:52.767+0000] {dag.py:3954} INFO - Setting next_dagrun for tutorial to 2024-05-05 00:00:00+00:00, run_after=2024-05-06 00:00:00+00:00
[2024-05-06T05:14:52.795+0000] {processor.py:183} INFO - Processing /home/airflow/.local/lib/python3.12/site-packages/airflow/example_dags/tutorial.py took 0.093 seconds
[2024-05-06T05:15:23.493+0000] {processor.py:161} INFO - Started process (PID=13582) to work on /home/airflow/.local/lib/python3.12/site-packages/airflow/example_dags/tutorial.py
[2024-05-06T05:15:23.494+0000] {processor.py:830} INFO - Processing file /home/airflow/.local/lib/python3.12/site-packages/airflow/example_dags/tutorial.py for tasks to queue
[2024-05-06T05:15:23.497+0000] {logging_mixin.py:188} INFO - [2024-05-06T05:15:23.496+0000] {dagbag.py:540} INFO - Filling up the DagBag from /home/airflow/.local/lib/python3.12/site-packages/airflow/example_dags/tutorial.py
[2024-05-06T05:15:23.503+0000] {processor.py:840} INFO - DAG(s) 'tutorial' retrieved from /home/airflow/.local/lib/python3.12/site-packages/airflow/example_dags/tutorial.py
[2024-05-06T05:15:23.527+0000] {logging_mixin.py:188} INFO - [2024-05-06T05:15:23.526+0000] {dag.py:3096} INFO - Sync 1 DAGs
[2024-05-06T05:15:23.552+0000] {logging_mixin.py:188} INFO - [2024-05-06T05:15:23.552+0000] {dag.py:3954} INFO - Setting next_dagrun for tutorial to 2024-05-05 00:00:00+00:00, run_after=2024-05-06 00:00:00+00:00
[2024-05-06T05:15:23.582+0000] {processor.py:183} INFO - Processing /home/airflow/.local/lib/python3.12/site-packages/airflow/example_dags/tutorial.py took 0.096 seconds
[2024-05-06T05:15:54.121+0000] {processor.py:161} INFO - Started process (PID=13855) to work on /home/airflow/.local/lib/python3.12/site-packages/airflow/example_dags/tutorial.py
[2024-05-06T05:15:54.122+0000] {processor.py:830} INFO - Processing file /home/airflow/.local/lib/python3.12/site-packages/airflow/example_dags/tutorial.py for tasks to queue
[2024-05-06T05:15:54.124+0000] {logging_mixin.py:188} INFO - [2024-05-06T05:15:54.124+0000] {dagbag.py:540} INFO - Filling up the DagBag from /home/airflow/.local/lib/python3.12/site-packages/airflow/example_dags/tutorial.py
[2024-05-06T05:15:54.131+0000] {processor.py:840} INFO - DAG(s) 'tutorial' retrieved from /home/airflow/.local/lib/python3.12/site-packages/airflow/example_dags/tutorial.py
[2024-05-06T05:15:54.152+0000] {logging_mixin.py:188} INFO - [2024-05-06T05:15:54.152+0000] {dag.py:3096} INFO - Sync 1 DAGs
[2024-05-06T05:15:54.178+0000] {logging_mixin.py:188} INFO - [2024-05-06T05:15:54.178+0000] {dag.py:3954} INFO - Setting next_dagrun for tutorial to 2024-05-05 00:00:00+00:00, run_after=2024-05-06 00:00:00+00:00
[2024-05-06T05:15:54.207+0000] {processor.py:183} INFO - Processing /home/airflow/.local/lib/python3.12/site-packages/airflow/example_dags/tutorial.py took 0.094 seconds
[2024-05-06T05:16:24.873+0000] {processor.py:161} INFO - Started process (PID=14133) to work on /home/airflow/.local/lib/python3.12/site-packages/airflow/example_dags/tutorial.py
[2024-05-06T05:16:24.874+0000] {processor.py:830} INFO - Processing file /home/airflow/.local/lib/python3.12/site-packages/airflow/example_dags/tutorial.py for tasks to queue
[2024-05-06T05:16:24.877+0000] {logging_mixin.py:188} INFO - [2024-05-06T05:16:24.877+0000] {dagbag.py:540} INFO - Filling up the DagBag from /home/airflow/.local/lib/python3.12/site-packages/airflow/example_dags/tutorial.py
[2024-05-06T05:16:24.883+0000] {processor.py:840} INFO - DAG(s) 'tutorial' retrieved from /home/airflow/.local/lib/python3.12/site-packages/airflow/example_dags/tutorial.py
[2024-05-06T05:16:24.906+0000] {logging_mixin.py:188} INFO - [2024-05-06T05:16:24.906+0000] {dag.py:3096} INFO - Sync 1 DAGs
[2024-05-06T05:16:24.934+0000] {logging_mixin.py:188} INFO - [2024-05-06T05:16:24.934+0000] {dag.py:3954} INFO - Setting next_dagrun for tutorial to 2024-05-05 00:00:00+00:00, run_after=2024-05-06 00:00:00+00:00
[2024-05-06T05:16:24.962+0000] {processor.py:183} INFO - Processing /home/airflow/.local/lib/python3.12/site-packages/airflow/example_dags/tutorial.py took 0.096 seconds
[2024-05-06T05:16:55.067+0000] {processor.py:161} INFO - Started process (PID=14401) to work on /home/airflow/.local/lib/python3.12/site-packages/airflow/example_dags/tutorial.py
[2024-05-06T05:16:55.068+0000] {processor.py:830} INFO - Processing file /home/airflow/.local/lib/python3.12/site-packages/airflow/example_dags/tutorial.py for tasks to queue
[2024-05-06T05:16:55.070+0000] {logging_mixin.py:188} INFO - [2024-05-06T05:16:55.070+0000] {dagbag.py:540} INFO - Filling up the DagBag from /home/airflow/.local/lib/python3.12/site-packages/airflow/example_dags/tutorial.py
[2024-05-06T05:16:55.079+0000] {processor.py:840} INFO - DAG(s) 'tutorial' retrieved from /home/airflow/.local/lib/python3.12/site-packages/airflow/example_dags/tutorial.py
[2024-05-06T05:16:55.125+0000] {logging_mixin.py:188} INFO - [2024-05-06T05:16:55.124+0000] {dag.py:3096} INFO - Sync 1 DAGs
[2024-05-06T05:16:55.167+0000] {logging_mixin.py:188} INFO - [2024-05-06T05:16:55.167+0000] {dag.py:3954} INFO - Setting next_dagrun for tutorial to 2024-05-05 00:00:00+00:00, run_after=2024-05-06 00:00:00+00:00
[2024-05-06T05:16:55.212+0000] {processor.py:183} INFO - Processing /home/airflow/.local/lib/python3.12/site-packages/airflow/example_dags/tutorial.py took 0.167 seconds
[2024-05-06T05:17:26.382+0000] {processor.py:161} INFO - Started process (PID=14678) to work on /home/airflow/.local/lib/python3.12/site-packages/airflow/example_dags/tutorial.py
[2024-05-06T05:17:26.383+0000] {processor.py:830} INFO - Processing file /home/airflow/.local/lib/python3.12/site-packages/airflow/example_dags/tutorial.py for tasks to queue
[2024-05-06T05:17:26.388+0000] {logging_mixin.py:188} INFO - [2024-05-06T05:17:26.387+0000] {dagbag.py:540} INFO - Filling up the DagBag from /home/airflow/.local/lib/python3.12/site-packages/airflow/example_dags/tutorial.py
[2024-05-06T05:17:26.395+0000] {processor.py:840} INFO - DAG(s) 'tutorial' retrieved from /home/airflow/.local/lib/python3.12/site-packages/airflow/example_dags/tutorial.py
[2024-05-06T05:17:26.419+0000] {logging_mixin.py:188} INFO - [2024-05-06T05:17:26.419+0000] {dag.py:3096} INFO - Sync 1 DAGs
[2024-05-06T05:17:26.447+0000] {logging_mixin.py:188} INFO - [2024-05-06T05:17:26.446+0000] {dag.py:3954} INFO - Setting next_dagrun for tutorial to 2024-05-05 00:00:00+00:00, run_after=2024-05-06 00:00:00+00:00
[2024-05-06T05:17:26.511+0000] {processor.py:183} INFO - Processing /home/airflow/.local/lib/python3.12/site-packages/airflow/example_dags/tutorial.py took 0.136 seconds
[2024-05-06T05:17:56.679+0000] {processor.py:161} INFO - Started process (PID=14949) to work on /home/airflow/.local/lib/python3.12/site-packages/airflow/example_dags/tutorial.py
[2024-05-06T05:17:56.681+0000] {processor.py:830} INFO - Processing file /home/airflow/.local/lib/python3.12/site-packages/airflow/example_dags/tutorial.py for tasks to queue
[2024-05-06T05:17:56.684+0000] {logging_mixin.py:188} INFO - [2024-05-06T05:17:56.683+0000] {dagbag.py:540} INFO - Filling up the DagBag from /home/airflow/.local/lib/python3.12/site-packages/airflow/example_dags/tutorial.py
[2024-05-06T05:17:56.702+0000] {processor.py:840} INFO - DAG(s) 'tutorial' retrieved from /home/airflow/.local/lib/python3.12/site-packages/airflow/example_dags/tutorial.py
[2024-05-06T05:17:56.757+0000] {logging_mixin.py:188} INFO - [2024-05-06T05:17:56.756+0000] {dag.py:3096} INFO - Sync 1 DAGs
[2024-05-06T05:17:56.786+0000] {logging_mixin.py:188} INFO - [2024-05-06T05:17:56.786+0000] {dag.py:3954} INFO - Setting next_dagrun for tutorial to 2024-05-05 00:00:00+00:00, run_after=2024-05-06 00:00:00+00:00
[2024-05-06T05:17:56.811+0000] {processor.py:183} INFO - Processing /home/airflow/.local/lib/python3.12/site-packages/airflow/example_dags/tutorial.py took 0.152 seconds
[2024-05-06T05:18:27.379+0000] {processor.py:161} INFO - Started process (PID=15222) to work on /home/airflow/.local/lib/python3.12/site-packages/airflow/example_dags/tutorial.py
[2024-05-06T05:18:27.379+0000] {processor.py:830} INFO - Processing file /home/airflow/.local/lib/python3.12/site-packages/airflow/example_dags/tutorial.py for tasks to queue
[2024-05-06T05:18:27.382+0000] {logging_mixin.py:188} INFO - [2024-05-06T05:18:27.382+0000] {dagbag.py:540} INFO - Filling up the DagBag from /home/airflow/.local/lib/python3.12/site-packages/airflow/example_dags/tutorial.py
[2024-05-06T05:18:27.388+0000] {processor.py:840} INFO - DAG(s) 'tutorial' retrieved from /home/airflow/.local/lib/python3.12/site-packages/airflow/example_dags/tutorial.py
[2024-05-06T05:18:27.410+0000] {logging_mixin.py:188} INFO - [2024-05-06T05:18:27.410+0000] {dag.py:3096} INFO - Sync 1 DAGs
[2024-05-06T05:18:27.436+0000] {logging_mixin.py:188} INFO - [2024-05-06T05:18:27.436+0000] {dag.py:3954} INFO - Setting next_dagrun for tutorial to 2024-05-05 00:00:00+00:00, run_after=2024-05-06 00:00:00+00:00
[2024-05-06T05:18:27.466+0000] {processor.py:183} INFO - Processing /home/airflow/.local/lib/python3.12/site-packages/airflow/example_dags/tutorial.py took 0.095 seconds
[2024-05-06T05:18:57.957+0000] {processor.py:161} INFO - Started process (PID=15494) to work on /home/airflow/.local/lib/python3.12/site-packages/airflow/example_dags/tutorial.py
[2024-05-06T05:18:57.958+0000] {processor.py:830} INFO - Processing file /home/airflow/.local/lib/python3.12/site-packages/airflow/example_dags/tutorial.py for tasks to queue
[2024-05-06T05:18:57.960+0000] {logging_mixin.py:188} INFO - [2024-05-06T05:18:57.960+0000] {dagbag.py:540} INFO - Filling up the DagBag from /home/airflow/.local/lib/python3.12/site-packages/airflow/example_dags/tutorial.py
[2024-05-06T05:18:57.966+0000] {processor.py:840} INFO - DAG(s) 'tutorial' retrieved from /home/airflow/.local/lib/python3.12/site-packages/airflow/example_dags/tutorial.py
[2024-05-06T05:18:57.989+0000] {logging_mixin.py:188} INFO - [2024-05-06T05:18:57.989+0000] {dag.py:3096} INFO - Sync 1 DAGs
[2024-05-06T05:18:58.016+0000] {logging_mixin.py:188} INFO - [2024-05-06T05:18:58.016+0000] {dag.py:3954} INFO - Setting next_dagrun for tutorial to 2024-05-05 00:00:00+00:00, run_after=2024-05-06 00:00:00+00:00
[2024-05-06T05:18:58.044+0000] {processor.py:183} INFO - Processing /home/airflow/.local/lib/python3.12/site-packages/airflow/example_dags/tutorial.py took 0.094 seconds
