[2024-05-06T04:54:18.539+0000] {local_task_job_runner.py:120} INFO - ::group::Pre task execution logs
[2024-05-06T04:54:18.747+0000] {taskinstance.py:2073} INFO - Dependencies all met for dep_context=non-requeueable deps ti=<TaskInstance: example_complex.update_tag_template manual__2024-05-06T04:53:55.730459+00:00 [queued]>
[2024-05-06T04:54:18.789+0000] {taskinstance.py:2073} INFO - Dependencies all met for dep_context=requeueable deps ti=<TaskInstance: example_complex.update_tag_template manual__2024-05-06T04:53:55.730459+00:00 [queued]>
[2024-05-06T04:54:18.790+0000] {taskinstance.py:2303} INFO - Starting attempt 1 of 1
[2024-05-06T04:54:18.871+0000] {taskinstance.py:2327} INFO - Executing <Task(BashOperator): update_tag_template> on 2024-05-06 04:53:55.730459+00:00
[2024-05-06T04:54:18.972+0000] {standard_task_runner.py:90} INFO - Running: ['***', 'tasks', 'run', 'example_complex', 'update_tag_template', 'manual__2024-05-06T04:53:55.730459+00:00', '--job-id', '18', '--raw', '--subdir', '/home/***/.local/lib/python3.12/site-packages/***/example_dags/example_complex.py', '--cfg-path', '/tmp/tmpse1u37kj']
[2024-05-06T04:54:18.985+0000] {standard_task_runner.py:91} INFO - Job 18: Subtask update_tag_template
[2024-05-06T04:54:19.004+0000] {logging_mixin.py:188} WARNING - /home/***/.local/lib/python3.12/site-packages/***/task/task_runner/standard_task_runner.py:61 DeprecationWarning: This process (pid=2307) is multi-threaded, use of fork() may lead to deadlocks in the child.
[2024-05-06T04:54:19.013+0000] {standard_task_runner.py:63} INFO - Started process 2373 to run task
[2024-05-06T04:54:19.165+0000] {task_command.py:426} INFO - Running <TaskInstance: example_complex.update_tag_template manual__2024-05-06T04:53:55.730459+00:00 [running]> on host 0cea9ba68f60
[2024-05-06T04:54:19.660+0000] {taskinstance.py:2644} INFO - Exporting env vars: AIRFLOW_CTX_DAG_OWNER='***' AIRFLOW_CTX_DAG_ID='example_complex' AIRFLOW_CTX_TASK_ID='update_tag_template' AIRFLOW_CTX_EXECUTION_DATE='2024-05-06T04:53:55.730459+00:00' AIRFLOW_CTX_TRY_NUMBER='1' AIRFLOW_CTX_DAG_RUN_ID='manual__2024-05-06T04:53:55.730459+00:00'
[2024-05-06T04:54:19.662+0000] {taskinstance.py:430} INFO - ::endgroup::
[2024-05-06T04:54:19.663+0000] {subprocess.py:63} INFO - Tmp dir root location: /tmp
[2024-05-06T04:54:19.663+0000] {subprocess.py:75} INFO - Running command: ['/usr/bin/bash', '-c', 'echo update_tag_template']
[2024-05-06T04:54:19.790+0000] {subprocess.py:86} INFO - Output:
[2024-05-06T04:54:19.808+0000] {subprocess.py:93} INFO - update_tag_template
[2024-05-06T04:54:19.810+0000] {subprocess.py:97} INFO - Command exited with return code 0
[2024-05-06T04:54:19.810+0000] {taskinstance.py:441} INFO - ::group::Post task execution logs
[2024-05-06T04:54:19.978+0000] {taskinstance.py:1205} INFO - Marking task as SUCCESS. dag_id=example_complex, task_id=update_tag_template, execution_date=20240506T045355, start_date=20240506T045418, end_date=20240506T045419
[2024-05-06T04:54:20.139+0000] {local_task_job_runner.py:240} INFO - Task exited with return code 0
[2024-05-06T04:54:20.391+0000] {taskinstance.py:3482} INFO - 0 downstream tasks scheduled from follow-on schedule check
[2024-05-06T04:54:20.403+0000] {local_task_job_runner.py:222} INFO - ::endgroup::
