[2024-05-06T04:54:27.474+0000] {local_task_job_runner.py:120} INFO - ::group::Pre task execution logs
[2024-05-06T04:54:27.752+0000] {taskinstance.py:2073} INFO - Dependencies all met for dep_context=non-requeueable deps ti=<TaskInstance: example_complex.update_tag_template_field manual__2024-05-06T04:53:55.730459+00:00 [queued]>
[2024-05-06T04:54:27.834+0000] {taskinstance.py:2073} INFO - Dependencies all met for dep_context=requeueable deps ti=<TaskInstance: example_complex.update_tag_template_field manual__2024-05-06T04:53:55.730459+00:00 [queued]>
[2024-05-06T04:54:27.844+0000] {taskinstance.py:2303} INFO - Starting attempt 1 of 1
[2024-05-06T04:54:27.965+0000] {taskinstance.py:2327} INFO - Executing <Task(BashOperator): update_tag_template_field> on 2024-05-06 04:53:55.730459+00:00
[2024-05-06T04:54:28.029+0000] {standard_task_runner.py:90} INFO - Running: ['***', 'tasks', 'run', 'example_complex', 'update_tag_template_field', 'manual__2024-05-06T04:53:55.730459+00:00', '--job-id', '24', '--raw', '--subdir', '/home/***/.local/lib/python3.12/site-packages/***/example_dags/example_complex.py', '--cfg-path', '/tmp/tmpz43qc9dp']
[2024-05-06T04:54:28.051+0000] {standard_task_runner.py:91} INFO - Job 24: Subtask update_tag_template_field
[2024-05-06T04:54:28.058+0000] {logging_mixin.py:188} WARNING - /home/***/.local/lib/python3.12/site-packages/***/task/task_runner/standard_task_runner.py:61 DeprecationWarning: This process (pid=2404) is multi-threaded, use of fork() may lead to deadlocks in the child.
[2024-05-06T04:54:28.068+0000] {standard_task_runner.py:63} INFO - Started process 2532 to run task
[2024-05-06T04:54:28.245+0000] {task_command.py:426} INFO - Running <TaskInstance: example_complex.update_tag_template_field manual__2024-05-06T04:53:55.730459+00:00 [running]> on host 0cea9ba68f60
[2024-05-06T04:54:28.509+0000] {taskinstance.py:2644} INFO - Exporting env vars: AIRFLOW_CTX_DAG_OWNER='***' AIRFLOW_CTX_DAG_ID='example_complex' AIRFLOW_CTX_TASK_ID='update_tag_template_field' AIRFLOW_CTX_EXECUTION_DATE='2024-05-06T04:53:55.730459+00:00' AIRFLOW_CTX_TRY_NUMBER='1' AIRFLOW_CTX_DAG_RUN_ID='manual__2024-05-06T04:53:55.730459+00:00'
[2024-05-06T04:54:28.517+0000] {taskinstance.py:430} INFO - ::endgroup::
[2024-05-06T04:54:28.535+0000] {subprocess.py:63} INFO - Tmp dir root location: /tmp
[2024-05-06T04:54:28.541+0000] {subprocess.py:75} INFO - Running command: ['/usr/bin/bash', '-c', 'echo update_tag_template_field']
[2024-05-06T04:54:28.638+0000] {subprocess.py:86} INFO - Output:
[2024-05-06T04:54:28.648+0000] {subprocess.py:93} INFO - update_tag_template_field
[2024-05-06T04:54:28.663+0000] {subprocess.py:97} INFO - Command exited with return code 0
[2024-05-06T04:54:28.664+0000] {taskinstance.py:441} INFO - ::group::Post task execution logs
[2024-05-06T04:54:28.719+0000] {taskinstance.py:1205} INFO - Marking task as SUCCESS. dag_id=example_complex, task_id=update_tag_template_field, execution_date=20240506T045355, start_date=20240506T045427, end_date=20240506T045428
[2024-05-06T04:54:28.808+0000] {local_task_job_runner.py:240} INFO - Task exited with return code 0
[2024-05-06T04:54:28.939+0000] {taskinstance.py:3482} INFO - 1 downstream tasks scheduled from follow-on schedule check
[2024-05-06T04:54:28.950+0000] {local_task_job_runner.py:222} INFO - ::endgroup::
