[2024-05-06T04:54:39.367+0000] {local_task_job_runner.py:120} INFO - ::group::Pre task execution logs
[2024-05-06T04:54:39.409+0000] {taskinstance.py:2073} INFO - Dependencies all met for dep_context=non-requeueable deps ti=<TaskInstance: example_complex.search_catalog_result manual__2024-05-06T04:53:55.730459+00:00 [queued]>
[2024-05-06T04:54:39.431+0000] {taskinstance.py:2073} INFO - Dependencies all met for dep_context=requeueable deps ti=<TaskInstance: example_complex.search_catalog_result manual__2024-05-06T04:53:55.730459+00:00 [queued]>
[2024-05-06T04:54:39.434+0000] {taskinstance.py:2303} INFO - Starting attempt 1 of 1
[2024-05-06T04:54:39.455+0000] {taskinstance.py:2327} INFO - Executing <Task(BashOperator): search_catalog_result> on 2024-05-06 04:53:55.730459+00:00
[2024-05-06T04:54:39.479+0000] {standard_task_runner.py:90} INFO - Running: ['***', 'tasks', 'run', 'example_complex', 'search_catalog_result', 'manual__2024-05-06T04:53:55.730459+00:00', '--job-id', '33', '--raw', '--subdir', '/home/***/.local/lib/python3.12/site-packages/***/example_dags/example_complex.py', '--cfg-path', '/tmp/tmpvkaufxnx']
[2024-05-06T04:54:39.485+0000] {standard_task_runner.py:91} INFO - Job 33: Subtask search_catalog_result
[2024-05-06T04:54:39.483+0000] {logging_mixin.py:188} WARNING - /home/***/.local/lib/python3.12/site-packages/***/task/task_runner/standard_task_runner.py:61 DeprecationWarning: This process (pid=2641) is multi-threaded, use of fork() may lead to deadlocks in the child.
[2024-05-06T04:54:39.490+0000] {standard_task_runner.py:63} INFO - Started process 2646 to run task
[2024-05-06T04:54:39.566+0000] {task_command.py:426} INFO - Running <TaskInstance: example_complex.search_catalog_result manual__2024-05-06T04:53:55.730459+00:00 [running]> on host 0cea9ba68f60
[2024-05-06T04:54:39.718+0000] {taskinstance.py:2644} INFO - Exporting env vars: AIRFLOW_CTX_DAG_OWNER='***' AIRFLOW_CTX_DAG_ID='example_complex' AIRFLOW_CTX_TASK_ID='search_catalog_result' AIRFLOW_CTX_EXECUTION_DATE='2024-05-06T04:53:55.730459+00:00' AIRFLOW_CTX_TRY_NUMBER='1' AIRFLOW_CTX_DAG_RUN_ID='manual__2024-05-06T04:53:55.730459+00:00'
[2024-05-06T04:54:39.726+0000] {taskinstance.py:430} INFO - ::endgroup::
[2024-05-06T04:54:39.726+0000] {subprocess.py:63} INFO - Tmp dir root location: /tmp
[2024-05-06T04:54:39.732+0000] {subprocess.py:75} INFO - Running command: ['/usr/bin/bash', '-c', 'echo search_catalog_result']
[2024-05-06T04:54:39.824+0000] {subprocess.py:86} INFO - Output:
[2024-05-06T04:54:39.832+0000] {subprocess.py:93} INFO - search_catalog_result
[2024-05-06T04:54:39.835+0000] {subprocess.py:97} INFO - Command exited with return code 0
[2024-05-06T04:54:39.836+0000] {taskinstance.py:441} INFO - ::group::Post task execution logs
[2024-05-06T04:54:39.896+0000] {taskinstance.py:1205} INFO - Marking task as SUCCESS. dag_id=example_complex, task_id=search_catalog_result, execution_date=20240506T045355, start_date=20240506T045439, end_date=20240506T045439
[2024-05-06T04:54:39.965+0000] {local_task_job_runner.py:240} INFO - Task exited with return code 0
[2024-05-06T04:54:39.993+0000] {taskinstance.py:3482} INFO - 0 downstream tasks scheduled from follow-on schedule check
[2024-05-06T04:54:40.000+0000] {local_task_job_runner.py:222} INFO - ::endgroup::
