[0m05:26:46.838451 [debug] [MainThread]: Sending event: {'category': 'dbt', 'action': 'invocation', 'label': 'start', 'context': [<snowplow_tracker.self_describing_json.SelfDescribingJson object at 0x7e04364069b0>, <snowplow_tracker.self_describing_json.SelfDescribingJson object at 0x7e0436c770d0>, <snowplow_tracker.self_describing_json.SelfDescribingJson object at 0x7e0434870b20>]}


============================== 05:26:46.842100 | ca777278-4557-4e26-b247-6e5677ae8fb8 ==============================
[0m05:26:46.842100 [info ] [MainThread]: Running with dbt=1.7.14
[0m05:26:46.843104 [debug] [MainThread]: running dbt with arguments {'printer_width': '80', 'indirect_selection': 'eager', 'write_json': 'True', 'log_cache_events': 'False', 'partial_parse': 'True', 'cache_selected_only': 'False', 'profiles_dir': '/home/codespace/.dbt', 'fail_fast': 'False', 'warn_error': 'None', 'log_path': 'logs', 'version_check': 'True', 'debug': 'False', 'use_colors': 'True', 'use_experimental_parser': 'False', 'no_print': 'None', 'quiet': 'False', 'log_format': 'default', 'invocation_command': 'dbt init', 'static_parser': 'True', 'introspect': 'True', 'target_path': 'None', 'warn_error_options': 'WarnErrorOptions(include=[], exclude=[])', 'send_anonymous_usage_stats': 'True'}
[0m05:26:46.843909 [warn ] [MainThread]: [ConfigFolderDirectory]: Unable to parse dict {'dir': PosixPath('/home/codespace/.dbt')}
[0m05:26:46.844781 [info ] [MainThread]: Creating dbt configuration folder at 
[0m05:27:04.466057 [debug] [MainThread]: Starter project path: /workspaces/dw-and-bi/06-analytics-engineering/ENV/lib/python3.10/site-packages/dbt/include/starter_project
[0m05:27:04.472265 [info ] [MainThread]: 
Your new dbt project "ds525" was created!

For more information on how to configure the profiles.yml file,
please consult the dbt documentation here:

  https://docs.getdbt.com/docs/configure-your-profile

One more thing:

Need help? Don't hesitate to reach out to us via GitHub issues or on Slack:

  https://community.getdbt.com/

Happy modeling!

[0m05:27:04.473562 [info ] [MainThread]: Setting up your profile.
[0m05:29:57.986048 [info ] [MainThread]: Profile ds525 written to /home/codespace/.dbt/profiles.yml using target's profile_template.yml and your supplied values. Run 'dbt debug' to validate the connection.
[0m05:29:57.995440 [debug] [MainThread]: Resource report: {"command_name": "init", "command_success": true, "command_wall_clock_time": 191.21422, "process_user_time": 2.596749, "process_kernel_time": 0.103566, "process_mem_max_rss": "92744", "process_in_blocks": "3280", "process_out_blocks": "80"}
[0m05:29:57.996481 [debug] [MainThread]: Command `dbt init` succeeded at 05:29:57.996206 after 191.22 seconds
[0m05:29:57.997299 [debug] [MainThread]: Sending event: {'category': 'dbt', 'action': 'invocation', 'label': 'end', 'context': [<snowplow_tracker.self_describing_json.SelfDescribingJson object at 0x7e04364069b0>, <snowplow_tracker.self_describing_json.SelfDescribingJson object at 0x7e0434871ea0>, <snowplow_tracker.self_describing_json.SelfDescribingJson object at 0x7e0434872d40>]}
[0m05:29:57.998125 [debug] [MainThread]: Flushing usage events
