[2024-05-06T04:54:39.270+0000] {local_task_job_runner.py:120} INFO - ::group::Pre task execution logs
[2024-05-06T04:54:39.341+0000] {taskinstance.py:2073} INFO - Dependencies all met for dep_context=non-requeueable deps ti=<TaskInstance: example_complex.list_tags_result manual__2024-05-06T04:53:55.730459+00:00 [queued]>
[2024-05-06T04:54:39.352+0000] {taskinstance.py:2073} INFO - Dependencies all met for dep_context=requeueable deps ti=<TaskInstance: example_complex.list_tags_result manual__2024-05-06T04:53:55.730459+00:00 [queued]>
[2024-05-06T04:54:39.352+0000] {taskinstance.py:2303} INFO - Starting attempt 1 of 1
[2024-05-06T04:54:39.373+0000] {taskinstance.py:2327} INFO - Executing <Task(BashOperator): list_tags_result> on 2024-05-06 04:53:55.730459+00:00
[2024-05-06T04:54:39.399+0000] {logging_mixin.py:188} WARNING - /home/***/.local/lib/python3.12/site-packages/***/task/task_runner/standard_task_runner.py:61 DeprecationWarning: This process (pid=2639) is multi-threaded, use of fork() may lead to deadlocks in the child.
[2024-05-06T04:54:39.409+0000] {standard_task_runner.py:63} INFO - Started process 2645 to run task
[2024-05-06T04:54:39.400+0000] {standard_task_runner.py:90} INFO - Running: ['***', 'tasks', 'run', 'example_complex', 'list_tags_result', 'manual__2024-05-06T04:53:55.730459+00:00', '--job-id', '32', '--raw', '--subdir', '/home/***/.local/lib/python3.12/site-packages/***/example_dags/example_complex.py', '--cfg-path', '/tmp/tmpcrzyjnlt']
[2024-05-06T04:54:39.410+0000] {standard_task_runner.py:91} INFO - Job 32: Subtask list_tags_result
[2024-05-06T04:54:39.471+0000] {task_command.py:426} INFO - Running <TaskInstance: example_complex.list_tags_result manual__2024-05-06T04:53:55.730459+00:00 [running]> on host 0cea9ba68f60
[2024-05-06T04:54:39.614+0000] {taskinstance.py:2644} INFO - Exporting env vars: AIRFLOW_CTX_DAG_OWNER='***' AIRFLOW_CTX_DAG_ID='example_complex' AIRFLOW_CTX_TASK_ID='list_tags_result' AIRFLOW_CTX_EXECUTION_DATE='2024-05-06T04:53:55.730459+00:00' AIRFLOW_CTX_TRY_NUMBER='1' AIRFLOW_CTX_DAG_RUN_ID='manual__2024-05-06T04:53:55.730459+00:00'
[2024-05-06T04:54:39.617+0000] {taskinstance.py:430} INFO - ::endgroup::
[2024-05-06T04:54:39.619+0000] {subprocess.py:63} INFO - Tmp dir root location: /tmp
[2024-05-06T04:54:39.620+0000] {subprocess.py:75} INFO - Running command: ['/usr/bin/bash', '-c', 'echo list_tags_result']
[2024-05-06T04:54:39.744+0000] {subprocess.py:86} INFO - Output:
[2024-05-06T04:54:39.772+0000] {subprocess.py:93} INFO - list_tags_result
[2024-05-06T04:54:39.775+0000] {subprocess.py:97} INFO - Command exited with return code 0
[2024-05-06T04:54:39.777+0000] {taskinstance.py:441} INFO - ::group::Post task execution logs
[2024-05-06T04:54:39.845+0000] {taskinstance.py:1205} INFO - Marking task as SUCCESS. dag_id=example_complex, task_id=list_tags_result, execution_date=20240506T045355, start_date=20240506T045439, end_date=20240506T045439
[2024-05-06T04:54:39.928+0000] {local_task_job_runner.py:240} INFO - Task exited with return code 0
[2024-05-06T04:54:39.973+0000] {taskinstance.py:3482} INFO - 0 downstream tasks scheduled from follow-on schedule check
[2024-05-06T04:54:39.985+0000] {local_task_job_runner.py:222} INFO - ::endgroup::
