[2024-05-06T05:05:10.527+0000] {processor.py:161} INFO - Started process (PID=8132) to work on /opt/airflow/dags/hello.py
[2024-05-06T05:05:10.528+0000] {processor.py:830} INFO - Processing file /opt/airflow/dags/hello.py for tasks to queue
[2024-05-06T05:05:10.530+0000] {logging_mixin.py:188} INFO - [2024-05-06T05:05:10.530+0000] {dagbag.py:540} INFO - Filling up the DagBag from /opt/airflow/dags/hello.py
[2024-05-06T05:05:10.538+0000] {processor.py:840} INFO - DAG(s) 'hello' retrieved from /opt/airflow/dags/hello.py
[2024-05-06T05:05:10.720+0000] {logging_mixin.py:188} INFO - [2024-05-06T05:05:10.719+0000] {override.py:1829} INFO - Created Permission View: can delete on DAG:hello
[2024-05-06T05:05:10.736+0000] {logging_mixin.py:188} INFO - [2024-05-06T05:05:10.736+0000] {override.py:1829} INFO - Created Permission View: can edit on DAG:hello
[2024-05-06T05:05:10.755+0000] {logging_mixin.py:188} INFO - [2024-05-06T05:05:10.755+0000] {override.py:1829} INFO - Created Permission View: can read on DAG:hello
[2024-05-06T05:05:10.756+0000] {logging_mixin.py:188} INFO - [2024-05-06T05:05:10.755+0000] {dag.py:3096} INFO - Sync 1 DAGs
[2024-05-06T05:05:10.777+0000] {logging_mixin.py:188} INFO - [2024-05-06T05:05:10.776+0000] {dag.py:3118} INFO - Creating ORM DAG for hello
[2024-05-06T05:05:10.777+0000] {logging_mixin.py:188} INFO - [2024-05-06T05:05:10.777+0000] {dag.py:3954} INFO - Setting next_dagrun for hello to None, run_after=None
[2024-05-06T05:05:10.812+0000] {processor.py:183} INFO - Processing /opt/airflow/dags/hello.py took 0.291 seconds
[2024-05-06T05:05:40.884+0000] {processor.py:161} INFO - Started process (PID=8412) to work on /opt/airflow/dags/hello.py
[2024-05-06T05:05:40.887+0000] {processor.py:830} INFO - Processing file /opt/airflow/dags/hello.py for tasks to queue
[2024-05-06T05:05:40.893+0000] {logging_mixin.py:188} INFO - [2024-05-06T05:05:40.892+0000] {dagbag.py:540} INFO - Filling up the DagBag from /opt/airflow/dags/hello.py
[2024-05-06T05:05:40.915+0000] {processor.py:840} INFO - DAG(s) 'hello' retrieved from /opt/airflow/dags/hello.py
[2024-05-06T05:05:40.955+0000] {logging_mixin.py:188} INFO - [2024-05-06T05:05:40.954+0000] {dag.py:3096} INFO - Sync 1 DAGs
[2024-05-06T05:05:40.984+0000] {logging_mixin.py:188} INFO - [2024-05-06T05:05:40.984+0000] {dag.py:3954} INFO - Setting next_dagrun for hello to None, run_after=None
[2024-05-06T05:05:41.042+0000] {processor.py:183} INFO - Processing /opt/airflow/dags/hello.py took 0.165 seconds
[2024-05-06T05:06:11.077+0000] {processor.py:161} INFO - Started process (PID=8676) to work on /opt/airflow/dags/hello.py
[2024-05-06T05:06:11.078+0000] {processor.py:830} INFO - Processing file /opt/airflow/dags/hello.py for tasks to queue
[2024-05-06T05:06:11.080+0000] {logging_mixin.py:188} INFO - [2024-05-06T05:06:11.079+0000] {dagbag.py:540} INFO - Filling up the DagBag from /opt/airflow/dags/hello.py
[2024-05-06T05:06:11.089+0000] {processor.py:840} INFO - DAG(s) 'hello' retrieved from /opt/airflow/dags/hello.py
[2024-05-06T05:06:11.113+0000] {logging_mixin.py:188} INFO - [2024-05-06T05:06:11.113+0000] {dag.py:3096} INFO - Sync 1 DAGs
[2024-05-06T05:06:11.129+0000] {logging_mixin.py:188} INFO - [2024-05-06T05:06:11.129+0000] {dag.py:3954} INFO - Setting next_dagrun for hello to None, run_after=None
[2024-05-06T05:06:11.154+0000] {processor.py:183} INFO - Processing /opt/airflow/dags/hello.py took 0.084 seconds
[2024-05-06T05:06:41.277+0000] {processor.py:161} INFO - Started process (PID=8948) to work on /opt/airflow/dags/hello.py
[2024-05-06T05:06:41.278+0000] {processor.py:830} INFO - Processing file /opt/airflow/dags/hello.py for tasks to queue
[2024-05-06T05:06:41.280+0000] {logging_mixin.py:188} INFO - [2024-05-06T05:06:41.279+0000] {dagbag.py:540} INFO - Filling up the DagBag from /opt/airflow/dags/hello.py
[2024-05-06T05:06:41.286+0000] {processor.py:840} INFO - DAG(s) 'hello' retrieved from /opt/airflow/dags/hello.py
[2024-05-06T05:06:41.311+0000] {logging_mixin.py:188} INFO - [2024-05-06T05:06:41.311+0000] {dag.py:3096} INFO - Sync 1 DAGs
[2024-05-06T05:06:41.330+0000] {logging_mixin.py:188} INFO - [2024-05-06T05:06:41.330+0000] {dag.py:3954} INFO - Setting next_dagrun for hello to None, run_after=None
[2024-05-06T05:06:41.367+0000] {processor.py:183} INFO - Processing /opt/airflow/dags/hello.py took 0.096 seconds
[2024-05-06T05:07:12.098+0000] {processor.py:161} INFO - Started process (PID=9220) to work on /opt/airflow/dags/hello.py
[2024-05-06T05:07:12.099+0000] {processor.py:830} INFO - Processing file /opt/airflow/dags/hello.py for tasks to queue
[2024-05-06T05:07:12.101+0000] {logging_mixin.py:188} INFO - [2024-05-06T05:07:12.100+0000] {dagbag.py:540} INFO - Filling up the DagBag from /opt/airflow/dags/hello.py
[2024-05-06T05:07:12.107+0000] {processor.py:840} INFO - DAG(s) 'hello' retrieved from /opt/airflow/dags/hello.py
[2024-05-06T05:07:12.150+0000] {logging_mixin.py:188} INFO - [2024-05-06T05:07:12.149+0000] {dag.py:3096} INFO - Sync 1 DAGs
[2024-05-06T05:07:12.180+0000] {logging_mixin.py:188} INFO - [2024-05-06T05:07:12.180+0000] {dag.py:3954} INFO - Setting next_dagrun for hello to None, run_after=None
[2024-05-06T05:07:12.231+0000] {processor.py:183} INFO - Processing /opt/airflow/dags/hello.py took 0.141 seconds
[2024-05-06T05:07:42.844+0000] {processor.py:161} INFO - Started process (PID=9494) to work on /opt/airflow/dags/hello.py
[2024-05-06T05:07:42.850+0000] {processor.py:830} INFO - Processing file /opt/airflow/dags/hello.py for tasks to queue
[2024-05-06T05:07:42.872+0000] {logging_mixin.py:188} INFO - [2024-05-06T05:07:42.856+0000] {dagbag.py:540} INFO - Filling up the DagBag from /opt/airflow/dags/hello.py
[2024-05-06T05:07:42.892+0000] {processor.py:840} INFO - DAG(s) 'hello' retrieved from /opt/airflow/dags/hello.py
[2024-05-06T05:07:42.952+0000] {logging_mixin.py:188} INFO - [2024-05-06T05:07:42.952+0000] {dag.py:3096} INFO - Sync 1 DAGs
[2024-05-06T05:07:42.982+0000] {logging_mixin.py:188} INFO - [2024-05-06T05:07:42.982+0000] {dag.py:3954} INFO - Setting next_dagrun for hello to None, run_after=None
[2024-05-06T05:07:43.037+0000] {processor.py:183} INFO - Processing /opt/airflow/dags/hello.py took 0.225 seconds
[2024-05-06T05:08:13.546+0000] {processor.py:161} INFO - Started process (PID=9767) to work on /opt/airflow/dags/hello.py
[2024-05-06T05:08:13.547+0000] {processor.py:830} INFO - Processing file /opt/airflow/dags/hello.py for tasks to queue
[2024-05-06T05:08:13.549+0000] {logging_mixin.py:188} INFO - [2024-05-06T05:08:13.549+0000] {dagbag.py:540} INFO - Filling up the DagBag from /opt/airflow/dags/hello.py
[2024-05-06T05:08:13.569+0000] {processor.py:840} INFO - DAG(s) 'hello' retrieved from /opt/airflow/dags/hello.py
[2024-05-06T05:08:13.611+0000] {logging_mixin.py:188} INFO - [2024-05-06T05:08:13.611+0000] {dag.py:3096} INFO - Sync 1 DAGs
[2024-05-06T05:08:13.640+0000] {logging_mixin.py:188} INFO - [2024-05-06T05:08:13.640+0000] {dag.py:3954} INFO - Setting next_dagrun for hello to None, run_after=None
[2024-05-06T05:08:13.689+0000] {processor.py:183} INFO - Processing /opt/airflow/dags/hello.py took 0.157 seconds
[2024-05-06T05:08:44.128+0000] {processor.py:161} INFO - Started process (PID=10039) to work on /opt/airflow/dags/hello.py
[2024-05-06T05:08:44.131+0000] {processor.py:830} INFO - Processing file /opt/airflow/dags/hello.py for tasks to queue
[2024-05-06T05:08:44.134+0000] {logging_mixin.py:188} INFO - [2024-05-06T05:08:44.133+0000] {dagbag.py:540} INFO - Filling up the DagBag from /opt/airflow/dags/hello.py
[2024-05-06T05:08:44.169+0000] {processor.py:840} INFO - DAG(s) 'hello' retrieved from /opt/airflow/dags/hello.py
[2024-05-06T05:08:44.249+0000] {logging_mixin.py:188} INFO - [2024-05-06T05:08:44.248+0000] {dag.py:3096} INFO - Sync 1 DAGs
[2024-05-06T05:08:44.291+0000] {logging_mixin.py:188} INFO - [2024-05-06T05:08:44.291+0000] {dag.py:3954} INFO - Setting next_dagrun for hello to None, run_after=None
[2024-05-06T05:08:44.358+0000] {processor.py:183} INFO - Processing /opt/airflow/dags/hello.py took 0.241 seconds
[2024-05-06T05:09:14.542+0000] {processor.py:161} INFO - Started process (PID=10311) to work on /opt/airflow/dags/hello.py
[2024-05-06T05:09:14.543+0000] {processor.py:830} INFO - Processing file /opt/airflow/dags/hello.py for tasks to queue
[2024-05-06T05:09:14.545+0000] {logging_mixin.py:188} INFO - [2024-05-06T05:09:14.545+0000] {dagbag.py:540} INFO - Filling up the DagBag from /opt/airflow/dags/hello.py
[2024-05-06T05:09:14.552+0000] {processor.py:840} INFO - DAG(s) 'hello' retrieved from /opt/airflow/dags/hello.py
[2024-05-06T05:09:14.580+0000] {logging_mixin.py:188} INFO - [2024-05-06T05:09:14.579+0000] {dag.py:3096} INFO - Sync 1 DAGs
[2024-05-06T05:09:14.594+0000] {logging_mixin.py:188} INFO - [2024-05-06T05:09:14.594+0000] {dag.py:3954} INFO - Setting next_dagrun for hello to None, run_after=None
[2024-05-06T05:09:14.618+0000] {processor.py:183} INFO - Processing /opt/airflow/dags/hello.py took 0.082 seconds
[2024-05-06T05:09:45.099+0000] {processor.py:161} INFO - Started process (PID=10583) to work on /opt/airflow/dags/hello.py
[2024-05-06T05:09:45.100+0000] {processor.py:830} INFO - Processing file /opt/airflow/dags/hello.py for tasks to queue
[2024-05-06T05:09:45.102+0000] {logging_mixin.py:188} INFO - [2024-05-06T05:09:45.102+0000] {dagbag.py:540} INFO - Filling up the DagBag from /opt/airflow/dags/hello.py
[2024-05-06T05:09:45.109+0000] {processor.py:840} INFO - DAG(s) 'hello' retrieved from /opt/airflow/dags/hello.py
[2024-05-06T05:09:45.133+0000] {logging_mixin.py:188} INFO - [2024-05-06T05:09:45.133+0000] {dag.py:3096} INFO - Sync 1 DAGs
[2024-05-06T05:09:45.148+0000] {logging_mixin.py:188} INFO - [2024-05-06T05:09:45.148+0000] {dag.py:3954} INFO - Setting next_dagrun for hello to None, run_after=None
[2024-05-06T05:09:45.174+0000] {processor.py:183} INFO - Processing /opt/airflow/dags/hello.py took 0.081 seconds
[2024-05-06T05:10:16.040+0000] {processor.py:161} INFO - Started process (PID=10855) to work on /opt/airflow/dags/hello.py
[2024-05-06T05:10:16.041+0000] {processor.py:830} INFO - Processing file /opt/airflow/dags/hello.py for tasks to queue
[2024-05-06T05:10:16.043+0000] {logging_mixin.py:188} INFO - [2024-05-06T05:10:16.043+0000] {dagbag.py:540} INFO - Filling up the DagBag from /opt/airflow/dags/hello.py
[2024-05-06T05:10:16.056+0000] {processor.py:840} INFO - DAG(s) 'hello' retrieved from /opt/airflow/dags/hello.py
[2024-05-06T05:10:16.095+0000] {logging_mixin.py:188} INFO - [2024-05-06T05:10:16.095+0000] {dag.py:3096} INFO - Sync 1 DAGs
[2024-05-06T05:10:16.126+0000] {logging_mixin.py:188} INFO - [2024-05-06T05:10:16.125+0000] {dag.py:3954} INFO - Setting next_dagrun for hello to None, run_after=None
[2024-05-06T05:10:16.175+0000] {processor.py:183} INFO - Processing /opt/airflow/dags/hello.py took 0.145 seconds
[2024-05-06T05:10:47.109+0000] {processor.py:161} INFO - Started process (PID=11127) to work on /opt/airflow/dags/hello.py
[2024-05-06T05:10:47.110+0000] {processor.py:830} INFO - Processing file /opt/airflow/dags/hello.py for tasks to queue
[2024-05-06T05:10:47.112+0000] {logging_mixin.py:188} INFO - [2024-05-06T05:10:47.111+0000] {dagbag.py:540} INFO - Filling up the DagBag from /opt/airflow/dags/hello.py
[2024-05-06T05:10:47.120+0000] {processor.py:840} INFO - DAG(s) 'hello' retrieved from /opt/airflow/dags/hello.py
[2024-05-06T05:10:47.145+0000] {logging_mixin.py:188} INFO - [2024-05-06T05:10:47.144+0000] {dag.py:3096} INFO - Sync 1 DAGs
[2024-05-06T05:10:47.163+0000] {logging_mixin.py:188} INFO - [2024-05-06T05:10:47.163+0000] {dag.py:3954} INFO - Setting next_dagrun for hello to None, run_after=None
[2024-05-06T05:10:47.205+0000] {processor.py:183} INFO - Processing /opt/airflow/dags/hello.py took 0.103 seconds
[2024-05-06T05:11:17.341+0000] {processor.py:161} INFO - Started process (PID=11399) to work on /opt/airflow/dags/hello.py
[2024-05-06T05:11:17.342+0000] {processor.py:830} INFO - Processing file /opt/airflow/dags/hello.py for tasks to queue
[2024-05-06T05:11:17.347+0000] {logging_mixin.py:188} INFO - [2024-05-06T05:11:17.346+0000] {dagbag.py:540} INFO - Filling up the DagBag from /opt/airflow/dags/hello.py
[2024-05-06T05:11:17.354+0000] {processor.py:840} INFO - DAG(s) 'hello' retrieved from /opt/airflow/dags/hello.py
[2024-05-06T05:11:17.384+0000] {logging_mixin.py:188} INFO - [2024-05-06T05:11:17.384+0000] {dag.py:3096} INFO - Sync 1 DAGs
[2024-05-06T05:11:17.402+0000] {logging_mixin.py:188} INFO - [2024-05-06T05:11:17.402+0000] {dag.py:3954} INFO - Setting next_dagrun for hello to None, run_after=None
[2024-05-06T05:11:17.430+0000] {processor.py:183} INFO - Processing /opt/airflow/dags/hello.py took 0.115 seconds
[2024-05-06T05:11:47.611+0000] {processor.py:161} INFO - Started process (PID=11670) to work on /opt/airflow/dags/hello.py
[2024-05-06T05:11:47.612+0000] {processor.py:830} INFO - Processing file /opt/airflow/dags/hello.py for tasks to queue
[2024-05-06T05:11:47.614+0000] {logging_mixin.py:188} INFO - [2024-05-06T05:11:47.614+0000] {dagbag.py:540} INFO - Filling up the DagBag from /opt/airflow/dags/hello.py
[2024-05-06T05:11:47.620+0000] {processor.py:840} INFO - DAG(s) 'hello' retrieved from /opt/airflow/dags/hello.py
[2024-05-06T05:11:47.643+0000] {logging_mixin.py:188} INFO - [2024-05-06T05:11:47.643+0000] {dag.py:3096} INFO - Sync 1 DAGs
[2024-05-06T05:11:47.659+0000] {logging_mixin.py:188} INFO - [2024-05-06T05:11:47.659+0000] {dag.py:3954} INFO - Setting next_dagrun for hello to None, run_after=None
[2024-05-06T05:11:47.684+0000] {processor.py:183} INFO - Processing /opt/airflow/dags/hello.py took 0.081 seconds
[2024-05-06T05:12:17.950+0000] {processor.py:161} INFO - Started process (PID=11929) to work on /opt/airflow/dags/hello.py
[2024-05-06T05:12:17.951+0000] {processor.py:830} INFO - Processing file /opt/airflow/dags/hello.py for tasks to queue
[2024-05-06T05:12:17.953+0000] {logging_mixin.py:188} INFO - [2024-05-06T05:12:17.952+0000] {dagbag.py:540} INFO - Filling up the DagBag from /opt/airflow/dags/hello.py
[2024-05-06T05:12:17.959+0000] {processor.py:840} INFO - DAG(s) 'hello' retrieved from /opt/airflow/dags/hello.py
[2024-05-06T05:12:17.988+0000] {logging_mixin.py:188} INFO - [2024-05-06T05:12:17.988+0000] {dag.py:3096} INFO - Sync 1 DAGs
[2024-05-06T05:12:18.006+0000] {logging_mixin.py:188} INFO - [2024-05-06T05:12:18.005+0000] {dag.py:3954} INFO - Setting next_dagrun for hello to None, run_after=None
[2024-05-06T05:12:18.050+0000] {processor.py:183} INFO - Processing /opt/airflow/dags/hello.py took 0.107 seconds
[2024-05-06T05:12:48.498+0000] {processor.py:161} INFO - Started process (PID=12201) to work on /opt/airflow/dags/hello.py
[2024-05-06T05:12:48.499+0000] {processor.py:830} INFO - Processing file /opt/airflow/dags/hello.py for tasks to queue
[2024-05-06T05:12:48.501+0000] {logging_mixin.py:188} INFO - [2024-05-06T05:12:48.501+0000] {dagbag.py:540} INFO - Filling up the DagBag from /opt/airflow/dags/hello.py
[2024-05-06T05:12:48.508+0000] {processor.py:840} INFO - DAG(s) 'hello' retrieved from /opt/airflow/dags/hello.py
[2024-05-06T05:12:48.536+0000] {logging_mixin.py:188} INFO - [2024-05-06T05:12:48.536+0000] {dag.py:3096} INFO - Sync 1 DAGs
[2024-05-06T05:12:48.554+0000] {logging_mixin.py:188} INFO - [2024-05-06T05:12:48.553+0000] {dag.py:3954} INFO - Setting next_dagrun for hello to None, run_after=None
[2024-05-06T05:12:48.579+0000] {processor.py:183} INFO - Processing /opt/airflow/dags/hello.py took 0.088 seconds
[2024-05-06T05:13:19.086+0000] {processor.py:161} INFO - Started process (PID=12474) to work on /opt/airflow/dags/hello.py
[2024-05-06T05:13:19.088+0000] {processor.py:830} INFO - Processing file /opt/airflow/dags/hello.py for tasks to queue
[2024-05-06T05:13:19.090+0000] {logging_mixin.py:188} INFO - [2024-05-06T05:13:19.089+0000] {dagbag.py:540} INFO - Filling up the DagBag from /opt/airflow/dags/hello.py
[2024-05-06T05:13:19.096+0000] {processor.py:840} INFO - DAG(s) 'hello' retrieved from /opt/airflow/dags/hello.py
[2024-05-06T05:13:19.120+0000] {logging_mixin.py:188} INFO - [2024-05-06T05:13:19.120+0000] {dag.py:3096} INFO - Sync 1 DAGs
[2024-05-06T05:13:19.137+0000] {logging_mixin.py:188} INFO - [2024-05-06T05:13:19.137+0000] {dag.py:3954} INFO - Setting next_dagrun for hello to None, run_after=None
[2024-05-06T05:13:19.171+0000] {processor.py:183} INFO - Processing /opt/airflow/dags/hello.py took 0.091 seconds
[2024-05-06T05:13:49.931+0000] {processor.py:161} INFO - Started process (PID=12747) to work on /opt/airflow/dags/hello.py
[2024-05-06T05:13:49.932+0000] {processor.py:830} INFO - Processing file /opt/airflow/dags/hello.py for tasks to queue
[2024-05-06T05:13:49.934+0000] {logging_mixin.py:188} INFO - [2024-05-06T05:13:49.934+0000] {dagbag.py:540} INFO - Filling up the DagBag from /opt/airflow/dags/hello.py
[2024-05-06T05:13:49.945+0000] {processor.py:840} INFO - DAG(s) 'hello' retrieved from /opt/airflow/dags/hello.py
[2024-05-06T05:13:49.998+0000] {logging_mixin.py:188} INFO - [2024-05-06T05:13:49.998+0000] {dag.py:3096} INFO - Sync 1 DAGs
[2024-05-06T05:13:50.015+0000] {logging_mixin.py:188} INFO - [2024-05-06T05:13:50.015+0000] {dag.py:3954} INFO - Setting next_dagrun for hello to None, run_after=None
[2024-05-06T05:13:50.037+0000] {processor.py:183} INFO - Processing /opt/airflow/dags/hello.py took 0.112 seconds
[2024-05-06T05:14:20.672+0000] {processor.py:161} INFO - Started process (PID=13019) to work on /opt/airflow/dags/hello.py
[2024-05-06T05:14:20.673+0000] {processor.py:830} INFO - Processing file /opt/airflow/dags/hello.py for tasks to queue
[2024-05-06T05:14:20.676+0000] {logging_mixin.py:188} INFO - [2024-05-06T05:14:20.675+0000] {dagbag.py:540} INFO - Filling up the DagBag from /opt/airflow/dags/hello.py
[2024-05-06T05:14:20.685+0000] {processor.py:840} INFO - DAG(s) 'hello' retrieved from /opt/airflow/dags/hello.py
[2024-05-06T05:14:20.738+0000] {logging_mixin.py:188} INFO - [2024-05-06T05:14:20.738+0000] {dag.py:3096} INFO - Sync 1 DAGs
[2024-05-06T05:14:20.755+0000] {logging_mixin.py:188} INFO - [2024-05-06T05:14:20.755+0000] {dag.py:3954} INFO - Setting next_dagrun for hello to None, run_after=None
[2024-05-06T05:14:20.814+0000] {processor.py:183} INFO - Processing /opt/airflow/dags/hello.py took 0.149 seconds
[2024-05-06T05:14:51.374+0000] {processor.py:161} INFO - Started process (PID=13292) to work on /opt/airflow/dags/hello.py
[2024-05-06T05:14:51.374+0000] {processor.py:830} INFO - Processing file /opt/airflow/dags/hello.py for tasks to queue
[2024-05-06T05:14:51.376+0000] {logging_mixin.py:188} INFO - [2024-05-06T05:14:51.376+0000] {dagbag.py:540} INFO - Filling up the DagBag from /opt/airflow/dags/hello.py
[2024-05-06T05:14:51.388+0000] {processor.py:840} INFO - DAG(s) 'hello' retrieved from /opt/airflow/dags/hello.py
[2024-05-06T05:14:51.437+0000] {logging_mixin.py:188} INFO - [2024-05-06T05:14:51.436+0000] {dag.py:3096} INFO - Sync 1 DAGs
[2024-05-06T05:14:51.464+0000] {logging_mixin.py:188} INFO - [2024-05-06T05:14:51.464+0000] {dag.py:3954} INFO - Setting next_dagrun for hello to None, run_after=None
[2024-05-06T05:14:51.503+0000] {processor.py:183} INFO - Processing /opt/airflow/dags/hello.py took 0.146 seconds
[2024-05-06T05:15:22.190+0000] {processor.py:161} INFO - Started process (PID=13564) to work on /opt/airflow/dags/hello.py
[2024-05-06T05:15:22.192+0000] {processor.py:830} INFO - Processing file /opt/airflow/dags/hello.py for tasks to queue
[2024-05-06T05:15:22.194+0000] {logging_mixin.py:188} INFO - [2024-05-06T05:15:22.193+0000] {dagbag.py:540} INFO - Filling up the DagBag from /opt/airflow/dags/hello.py
[2024-05-06T05:15:22.210+0000] {processor.py:840} INFO - DAG(s) 'hello' retrieved from /opt/airflow/dags/hello.py
[2024-05-06T05:15:22.254+0000] {logging_mixin.py:188} INFO - [2024-05-06T05:15:22.254+0000] {dag.py:3096} INFO - Sync 1 DAGs
[2024-05-06T05:15:22.288+0000] {logging_mixin.py:188} INFO - [2024-05-06T05:15:22.287+0000] {dag.py:3954} INFO - Setting next_dagrun for hello to None, run_after=None
[2024-05-06T05:15:22.323+0000] {processor.py:183} INFO - Processing /opt/airflow/dags/hello.py took 0.144 seconds
[2024-05-06T05:15:52.763+0000] {processor.py:161} INFO - Started process (PID=13837) to work on /opt/airflow/dags/hello.py
[2024-05-06T05:15:52.764+0000] {processor.py:830} INFO - Processing file /opt/airflow/dags/hello.py for tasks to queue
[2024-05-06T05:15:52.765+0000] {logging_mixin.py:188} INFO - [2024-05-06T05:15:52.765+0000] {dagbag.py:540} INFO - Filling up the DagBag from /opt/airflow/dags/hello.py
[2024-05-06T05:15:52.779+0000] {processor.py:840} INFO - DAG(s) 'hello' retrieved from /opt/airflow/dags/hello.py
[2024-05-06T05:15:52.846+0000] {logging_mixin.py:188} INFO - [2024-05-06T05:15:52.845+0000] {dag.py:3096} INFO - Sync 1 DAGs
[2024-05-06T05:15:52.896+0000] {logging_mixin.py:188} INFO - [2024-05-06T05:15:52.896+0000] {dag.py:3954} INFO - Setting next_dagrun for hello to None, run_after=None
[2024-05-06T05:15:52.939+0000] {processor.py:183} INFO - Processing /opt/airflow/dags/hello.py took 0.182 seconds
[2024-05-06T05:16:23.610+0000] {processor.py:161} INFO - Started process (PID=14108) to work on /opt/airflow/dags/hello.py
[2024-05-06T05:16:23.611+0000] {processor.py:830} INFO - Processing file /opt/airflow/dags/hello.py for tasks to queue
[2024-05-06T05:16:23.612+0000] {logging_mixin.py:188} INFO - [2024-05-06T05:16:23.612+0000] {dagbag.py:540} INFO - Filling up the DagBag from /opt/airflow/dags/hello.py
[2024-05-06T05:16:23.619+0000] {processor.py:840} INFO - DAG(s) 'hello' retrieved from /opt/airflow/dags/hello.py
[2024-05-06T05:16:23.644+0000] {logging_mixin.py:188} INFO - [2024-05-06T05:16:23.643+0000] {dag.py:3096} INFO - Sync 1 DAGs
[2024-05-06T05:16:23.659+0000] {logging_mixin.py:188} INFO - [2024-05-06T05:16:23.659+0000] {dag.py:3954} INFO - Setting next_dagrun for hello to None, run_after=None
[2024-05-06T05:16:23.683+0000] {processor.py:183} INFO - Processing /opt/airflow/dags/hello.py took 0.080 seconds
[2024-05-06T05:16:53.911+0000] {processor.py:161} INFO - Started process (PID=14381) to work on /opt/airflow/dags/hello.py
[2024-05-06T05:16:53.914+0000] {processor.py:830} INFO - Processing file /opt/airflow/dags/hello.py for tasks to queue
[2024-05-06T05:16:53.916+0000] {logging_mixin.py:188} INFO - [2024-05-06T05:16:53.916+0000] {dagbag.py:540} INFO - Filling up the DagBag from /opt/airflow/dags/hello.py
[2024-05-06T05:16:53.923+0000] {processor.py:840} INFO - DAG(s) 'hello' retrieved from /opt/airflow/dags/hello.py
[2024-05-06T05:16:53.948+0000] {logging_mixin.py:188} INFO - [2024-05-06T05:16:53.948+0000] {dag.py:3096} INFO - Sync 1 DAGs
[2024-05-06T05:16:53.964+0000] {logging_mixin.py:188} INFO - [2024-05-06T05:16:53.964+0000] {dag.py:3954} INFO - Setting next_dagrun for hello to None, run_after=None
[2024-05-06T05:16:53.993+0000] {processor.py:183} INFO - Processing /opt/airflow/dags/hello.py took 0.090 seconds
[2024-05-06T05:17:24.047+0000] {processor.py:161} INFO - Started process (PID=14654) to work on /opt/airflow/dags/hello.py
[2024-05-06T05:17:24.048+0000] {processor.py:830} INFO - Processing file /opt/airflow/dags/hello.py for tasks to queue
[2024-05-06T05:17:24.051+0000] {logging_mixin.py:188} INFO - [2024-05-06T05:17:24.050+0000] {dagbag.py:540} INFO - Filling up the DagBag from /opt/airflow/dags/hello.py
[2024-05-06T05:17:24.057+0000] {processor.py:840} INFO - DAG(s) 'hello' retrieved from /opt/airflow/dags/hello.py
[2024-05-06T05:17:24.081+0000] {logging_mixin.py:188} INFO - [2024-05-06T05:17:24.081+0000] {dag.py:3096} INFO - Sync 1 DAGs
[2024-05-06T05:17:24.101+0000] {logging_mixin.py:188} INFO - [2024-05-06T05:17:24.101+0000] {dag.py:3954} INFO - Setting next_dagrun for hello to None, run_after=None
[2024-05-06T05:17:24.128+0000] {processor.py:183} INFO - Processing /opt/airflow/dags/hello.py took 0.087 seconds
[2024-05-06T05:17:54.490+0000] {processor.py:161} INFO - Started process (PID=14926) to work on /opt/airflow/dags/hello.py
[2024-05-06T05:17:54.491+0000] {processor.py:830} INFO - Processing file /opt/airflow/dags/hello.py for tasks to queue
[2024-05-06T05:17:54.493+0000] {logging_mixin.py:188} INFO - [2024-05-06T05:17:54.493+0000] {dagbag.py:540} INFO - Filling up the DagBag from /opt/airflow/dags/hello.py
[2024-05-06T05:17:54.500+0000] {processor.py:840} INFO - DAG(s) 'hello' retrieved from /opt/airflow/dags/hello.py
[2024-05-06T05:17:54.523+0000] {logging_mixin.py:188} INFO - [2024-05-06T05:17:54.523+0000] {dag.py:3096} INFO - Sync 1 DAGs
[2024-05-06T05:17:54.539+0000] {logging_mixin.py:188} INFO - [2024-05-06T05:17:54.538+0000] {dag.py:3954} INFO - Setting next_dagrun for hello to None, run_after=None
[2024-05-06T05:17:54.565+0000] {processor.py:183} INFO - Processing /opt/airflow/dags/hello.py took 0.081 seconds
[2024-05-06T05:18:25.111+0000] {processor.py:161} INFO - Started process (PID=15204) to work on /opt/airflow/dags/hello.py
[2024-05-06T05:18:25.113+0000] {processor.py:830} INFO - Processing file /opt/airflow/dags/hello.py for tasks to queue
[2024-05-06T05:18:25.115+0000] {logging_mixin.py:188} INFO - [2024-05-06T05:18:25.115+0000] {dagbag.py:540} INFO - Filling up the DagBag from /opt/airflow/dags/hello.py
[2024-05-06T05:18:25.127+0000] {processor.py:840} INFO - DAG(s) 'hello' retrieved from /opt/airflow/dags/hello.py
[2024-05-06T05:18:25.156+0000] {logging_mixin.py:188} INFO - [2024-05-06T05:18:25.156+0000] {dag.py:3096} INFO - Sync 1 DAGs
[2024-05-06T05:18:25.175+0000] {logging_mixin.py:188} INFO - [2024-05-06T05:18:25.175+0000] {dag.py:3954} INFO - Setting next_dagrun for hello to None, run_after=None
[2024-05-06T05:18:25.206+0000] {processor.py:183} INFO - Processing /opt/airflow/dags/hello.py took 0.103 seconds
[2024-05-06T05:18:55.705+0000] {processor.py:161} INFO - Started process (PID=15476) to work on /opt/airflow/dags/hello.py
[2024-05-06T05:18:55.706+0000] {processor.py:830} INFO - Processing file /opt/airflow/dags/hello.py for tasks to queue
[2024-05-06T05:18:55.708+0000] {logging_mixin.py:188} INFO - [2024-05-06T05:18:55.708+0000] {dagbag.py:540} INFO - Filling up the DagBag from /opt/airflow/dags/hello.py
[2024-05-06T05:18:55.721+0000] {processor.py:840} INFO - DAG(s) 'hello' retrieved from /opt/airflow/dags/hello.py
[2024-05-06T05:18:55.745+0000] {logging_mixin.py:188} INFO - [2024-05-06T05:18:55.745+0000] {dag.py:3096} INFO - Sync 1 DAGs
[2024-05-06T05:18:55.761+0000] {logging_mixin.py:188} INFO - [2024-05-06T05:18:55.761+0000] {dag.py:3954} INFO - Setting next_dagrun for hello to None, run_after=None
[2024-05-06T05:18:55.786+0000] {processor.py:183} INFO - Processing /opt/airflow/dags/hello.py took 0.087 seconds
