[2024-05-06T05:00:10.036+0000] {processor.py:161} INFO - Started process (PID=5548) to work on /opt/airflow/dags/my_first_dag.py
[2024-05-06T05:00:10.036+0000] {processor.py:830} INFO - Processing file /opt/airflow/dags/my_first_dag.py for tasks to queue
[2024-05-06T05:00:10.038+0000] {logging_mixin.py:188} INFO - [2024-05-06T05:00:10.037+0000] {dagbag.py:540} INFO - Filling up the DagBag from /opt/airflow/dags/my_first_dag.py
[2024-05-06T05:00:10.041+0000] {processor.py:840} INFO - DAG(s) 'my_first_dag' retrieved from /opt/airflow/dags/my_first_dag.py
[2024-05-06T05:00:10.151+0000] {logging_mixin.py:188} INFO - [2024-05-06T05:00:10.150+0000] {override.py:1829} INFO - Created Permission View: can delete on DAG:my_first_dag
[2024-05-06T05:00:10.165+0000] {logging_mixin.py:188} INFO - [2024-05-06T05:00:10.165+0000] {override.py:1829} INFO - Created Permission View: can edit on DAG:my_first_dag
[2024-05-06T05:00:10.175+0000] {logging_mixin.py:188} INFO - [2024-05-06T05:00:10.175+0000] {override.py:1829} INFO - Created Permission View: can read on DAG:my_first_dag
[2024-05-06T05:00:10.176+0000] {logging_mixin.py:188} INFO - [2024-05-06T05:00:10.176+0000] {dag.py:3096} INFO - Sync 1 DAGs
[2024-05-06T05:00:10.311+0000] {logging_mixin.py:188} INFO - [2024-05-06T05:00:10.310+0000] {dag.py:3118} INFO - Creating ORM DAG for my_first_dag
[2024-05-06T05:00:10.311+0000] {logging_mixin.py:188} INFO - [2024-05-06T05:00:10.311+0000] {dag.py:3954} INFO - Setting next_dagrun for my_first_dag to None, run_after=None
[2024-05-06T05:00:10.331+0000] {processor.py:183} INFO - Processing /opt/airflow/dags/my_first_dag.py took 0.300 seconds
[2024-05-06T05:00:40.751+0000] {processor.py:161} INFO - Started process (PID=5816) to work on /opt/airflow/dags/my_first_dag.py
[2024-05-06T05:00:40.752+0000] {processor.py:830} INFO - Processing file /opt/airflow/dags/my_first_dag.py for tasks to queue
[2024-05-06T05:00:40.753+0000] {logging_mixin.py:188} INFO - [2024-05-06T05:00:40.753+0000] {dagbag.py:540} INFO - Filling up the DagBag from /opt/airflow/dags/my_first_dag.py
[2024-05-06T05:00:40.756+0000] {processor.py:840} INFO - DAG(s) 'my_first_dag' retrieved from /opt/airflow/dags/my_first_dag.py
[2024-05-06T05:00:40.778+0000] {logging_mixin.py:188} INFO - [2024-05-06T05:00:40.777+0000] {dag.py:3096} INFO - Sync 1 DAGs
[2024-05-06T05:00:40.797+0000] {logging_mixin.py:188} INFO - [2024-05-06T05:00:40.797+0000] {dag.py:3954} INFO - Setting next_dagrun for my_first_dag to None, run_after=None
[2024-05-06T05:00:40.837+0000] {processor.py:183} INFO - Processing /opt/airflow/dags/my_first_dag.py took 0.090 seconds
[2024-05-06T05:01:11.276+0000] {processor.py:161} INFO - Started process (PID=6083) to work on /opt/airflow/dags/my_first_dag.py
[2024-05-06T05:01:11.276+0000] {processor.py:830} INFO - Processing file /opt/airflow/dags/my_first_dag.py for tasks to queue
[2024-05-06T05:01:11.278+0000] {logging_mixin.py:188} INFO - [2024-05-06T05:01:11.277+0000] {dagbag.py:540} INFO - Filling up the DagBag from /opt/airflow/dags/my_first_dag.py
[2024-05-06T05:01:11.281+0000] {processor.py:840} INFO - DAG(s) 'my_first_dag' retrieved from /opt/airflow/dags/my_first_dag.py
[2024-05-06T05:01:11.296+0000] {logging_mixin.py:188} INFO - [2024-05-06T05:01:11.296+0000] {dag.py:3096} INFO - Sync 1 DAGs
[2024-05-06T05:01:11.306+0000] {logging_mixin.py:188} INFO - [2024-05-06T05:01:11.306+0000] {dag.py:3954} INFO - Setting next_dagrun for my_first_dag to None, run_after=None
[2024-05-06T05:01:11.325+0000] {processor.py:183} INFO - Processing /opt/airflow/dags/my_first_dag.py took 0.055 seconds
[2024-05-06T05:01:41.447+0000] {processor.py:161} INFO - Started process (PID=6350) to work on /opt/airflow/dags/my_first_dag.py
[2024-05-06T05:01:41.448+0000] {processor.py:830} INFO - Processing file /opt/airflow/dags/my_first_dag.py for tasks to queue
[2024-05-06T05:01:41.450+0000] {logging_mixin.py:188} INFO - [2024-05-06T05:01:41.450+0000] {dagbag.py:540} INFO - Filling up the DagBag from /opt/airflow/dags/my_first_dag.py
[2024-05-06T05:01:41.455+0000] {processor.py:840} INFO - DAG(s) 'my_first_dag' retrieved from /opt/airflow/dags/my_first_dag.py
[2024-05-06T05:01:41.477+0000] {logging_mixin.py:188} INFO - [2024-05-06T05:01:41.477+0000] {dag.py:3096} INFO - Sync 1 DAGs
[2024-05-06T05:01:41.493+0000] {logging_mixin.py:188} INFO - [2024-05-06T05:01:41.492+0000] {dag.py:3954} INFO - Setting next_dagrun for my_first_dag to None, run_after=None
[2024-05-06T05:01:41.530+0000] {processor.py:183} INFO - Processing /opt/airflow/dags/my_first_dag.py took 0.090 seconds
[2024-05-06T05:02:11.592+0000] {processor.py:161} INFO - Started process (PID=6618) to work on /opt/airflow/dags/my_first_dag.py
[2024-05-06T05:02:11.593+0000] {processor.py:830} INFO - Processing file /opt/airflow/dags/my_first_dag.py for tasks to queue
[2024-05-06T05:02:11.595+0000] {logging_mixin.py:188} INFO - [2024-05-06T05:02:11.595+0000] {dagbag.py:540} INFO - Filling up the DagBag from /opt/airflow/dags/my_first_dag.py
[2024-05-06T05:02:11.599+0000] {processor.py:840} INFO - DAG(s) 'my_first_dag' retrieved from /opt/airflow/dags/my_first_dag.py
[2024-05-06T05:02:11.621+0000] {logging_mixin.py:188} INFO - [2024-05-06T05:02:11.621+0000] {dag.py:3096} INFO - Sync 1 DAGs
[2024-05-06T05:02:11.636+0000] {logging_mixin.py:188} INFO - [2024-05-06T05:02:11.636+0000] {dag.py:3954} INFO - Setting next_dagrun for my_first_dag to None, run_after=None
[2024-05-06T05:02:11.661+0000] {processor.py:183} INFO - Processing /opt/airflow/dags/my_first_dag.py took 0.076 seconds
[2024-05-06T05:02:41.963+0000] {processor.py:161} INFO - Started process (PID=6886) to work on /opt/airflow/dags/my_first_dag.py
[2024-05-06T05:02:41.965+0000] {processor.py:830} INFO - Processing file /opt/airflow/dags/my_first_dag.py for tasks to queue
[2024-05-06T05:02:41.967+0000] {logging_mixin.py:188} INFO - [2024-05-06T05:02:41.966+0000] {dagbag.py:540} INFO - Filling up the DagBag from /opt/airflow/dags/my_first_dag.py
[2024-05-06T05:02:41.971+0000] {processor.py:840} INFO - DAG(s) 'my_first_dag' retrieved from /opt/airflow/dags/my_first_dag.py
[2024-05-06T05:02:42.013+0000] {logging_mixin.py:188} INFO - [2024-05-06T05:02:42.013+0000] {dag.py:3096} INFO - Sync 1 DAGs
[2024-05-06T05:02:42.026+0000] {logging_mixin.py:188} INFO - [2024-05-06T05:02:42.026+0000] {dag.py:3954} INFO - Setting next_dagrun for my_first_dag to None, run_after=None
[2024-05-06T05:02:42.172+0000] {processor.py:183} INFO - Processing /opt/airflow/dags/my_first_dag.py took 0.215 seconds
[2024-05-06T05:03:12.414+0000] {processor.py:161} INFO - Started process (PID=7154) to work on /opt/airflow/dags/my_first_dag.py
[2024-05-06T05:03:12.415+0000] {processor.py:830} INFO - Processing file /opt/airflow/dags/my_first_dag.py for tasks to queue
[2024-05-06T05:03:12.416+0000] {logging_mixin.py:188} INFO - [2024-05-06T05:03:12.416+0000] {dagbag.py:540} INFO - Filling up the DagBag from /opt/airflow/dags/my_first_dag.py
[2024-05-06T05:03:12.420+0000] {processor.py:840} INFO - DAG(s) 'my_first_dag' retrieved from /opt/airflow/dags/my_first_dag.py
[2024-05-06T05:03:12.436+0000] {logging_mixin.py:188} INFO - [2024-05-06T05:03:12.436+0000] {dag.py:3096} INFO - Sync 1 DAGs
[2024-05-06T05:03:12.446+0000] {logging_mixin.py:188} INFO - [2024-05-06T05:03:12.446+0000] {dag.py:3954} INFO - Setting next_dagrun for my_first_dag to None, run_after=None
[2024-05-06T05:03:12.466+0000] {processor.py:183} INFO - Processing /opt/airflow/dags/my_first_dag.py took 0.057 seconds
[2024-05-06T05:03:42.970+0000] {processor.py:161} INFO - Started process (PID=7421) to work on /opt/airflow/dags/my_first_dag.py
[2024-05-06T05:03:42.972+0000] {processor.py:830} INFO - Processing file /opt/airflow/dags/my_first_dag.py for tasks to queue
[2024-05-06T05:03:42.974+0000] {logging_mixin.py:188} INFO - [2024-05-06T05:03:42.974+0000] {dagbag.py:540} INFO - Filling up the DagBag from /opt/airflow/dags/my_first_dag.py
[2024-05-06T05:03:42.979+0000] {processor.py:840} INFO - DAG(s) 'my_first_dag' retrieved from /opt/airflow/dags/my_first_dag.py
[2024-05-06T05:03:42.996+0000] {logging_mixin.py:188} INFO - [2024-05-06T05:03:42.996+0000] {dag.py:3096} INFO - Sync 1 DAGs
[2024-05-06T05:03:43.006+0000] {logging_mixin.py:188} INFO - [2024-05-06T05:03:43.006+0000] {dag.py:3954} INFO - Setting next_dagrun for my_first_dag to None, run_after=None
[2024-05-06T05:03:43.030+0000] {processor.py:183} INFO - Processing /opt/airflow/dags/my_first_dag.py took 0.067 seconds
[2024-05-06T05:04:13.678+0000] {processor.py:161} INFO - Started process (PID=7688) to work on /opt/airflow/dags/my_first_dag.py
[2024-05-06T05:04:13.679+0000] {processor.py:830} INFO - Processing file /opt/airflow/dags/my_first_dag.py for tasks to queue
[2024-05-06T05:04:13.680+0000] {logging_mixin.py:188} INFO - [2024-05-06T05:04:13.680+0000] {dagbag.py:540} INFO - Filling up the DagBag from /opt/airflow/dags/my_first_dag.py
[2024-05-06T05:04:13.684+0000] {processor.py:840} INFO - DAG(s) 'my_first_dag' retrieved from /opt/airflow/dags/my_first_dag.py
[2024-05-06T05:04:13.839+0000] {logging_mixin.py:188} INFO - [2024-05-06T05:04:13.839+0000] {dag.py:3096} INFO - Sync 1 DAGs
[2024-05-06T05:04:13.849+0000] {logging_mixin.py:188} INFO - [2024-05-06T05:04:13.849+0000] {dag.py:3954} INFO - Setting next_dagrun for my_first_dag to None, run_after=None
[2024-05-06T05:04:13.869+0000] {processor.py:183} INFO - Processing /opt/airflow/dags/my_first_dag.py took 0.196 seconds
[2024-05-06T05:04:44.654+0000] {processor.py:161} INFO - Started process (PID=7955) to work on /opt/airflow/dags/my_first_dag.py
[2024-05-06T05:04:44.655+0000] {processor.py:830} INFO - Processing file /opt/airflow/dags/my_first_dag.py for tasks to queue
[2024-05-06T05:04:44.658+0000] {logging_mixin.py:188} INFO - [2024-05-06T05:04:44.657+0000] {dagbag.py:540} INFO - Filling up the DagBag from /opt/airflow/dags/my_first_dag.py
[2024-05-06T05:04:44.664+0000] {processor.py:840} INFO - DAG(s) 'my_first_dag' retrieved from /opt/airflow/dags/my_first_dag.py
[2024-05-06T05:04:44.687+0000] {logging_mixin.py:188} INFO - [2024-05-06T05:04:44.687+0000] {dag.py:3096} INFO - Sync 1 DAGs
[2024-05-06T05:04:44.703+0000] {logging_mixin.py:188} INFO - [2024-05-06T05:04:44.703+0000] {dag.py:3954} INFO - Setting next_dagrun for my_first_dag to None, run_after=None
[2024-05-06T05:04:44.729+0000] {processor.py:183} INFO - Processing /opt/airflow/dags/my_first_dag.py took 0.082 seconds
[2024-05-06T05:05:14.918+0000] {processor.py:161} INFO - Started process (PID=8227) to work on /opt/airflow/dags/my_first_dag.py
[2024-05-06T05:05:14.919+0000] {processor.py:830} INFO - Processing file /opt/airflow/dags/my_first_dag.py for tasks to queue
[2024-05-06T05:05:14.920+0000] {logging_mixin.py:188} INFO - [2024-05-06T05:05:14.920+0000] {dagbag.py:540} INFO - Filling up the DagBag from /opt/airflow/dags/my_first_dag.py
[2024-05-06T05:05:14.923+0000] {processor.py:840} INFO - DAG(s) 'my_first_dag' retrieved from /opt/airflow/dags/my_first_dag.py
[2024-05-06T05:05:14.939+0000] {logging_mixin.py:188} INFO - [2024-05-06T05:05:14.939+0000] {dag.py:3096} INFO - Sync 1 DAGs
[2024-05-06T05:05:14.950+0000] {logging_mixin.py:188} INFO - [2024-05-06T05:05:14.950+0000] {dag.py:3954} INFO - Setting next_dagrun for my_first_dag to None, run_after=None
[2024-05-06T05:05:14.971+0000] {processor.py:183} INFO - Processing /opt/airflow/dags/my_first_dag.py took 0.059 seconds
[2024-05-06T05:05:45.311+0000] {processor.py:161} INFO - Started process (PID=8499) to work on /opt/airflow/dags/my_first_dag.py
[2024-05-06T05:05:45.312+0000] {processor.py:830} INFO - Processing file /opt/airflow/dags/my_first_dag.py for tasks to queue
[2024-05-06T05:05:45.313+0000] {logging_mixin.py:188} INFO - [2024-05-06T05:05:45.313+0000] {dagbag.py:540} INFO - Filling up the DagBag from /opt/airflow/dags/my_first_dag.py
[2024-05-06T05:05:45.316+0000] {processor.py:840} INFO - DAG(s) 'my_first_dag' retrieved from /opt/airflow/dags/my_first_dag.py
[2024-05-06T05:05:45.332+0000] {logging_mixin.py:188} INFO - [2024-05-06T05:05:45.332+0000] {dag.py:3096} INFO - Sync 1 DAGs
[2024-05-06T05:05:45.343+0000] {logging_mixin.py:188} INFO - [2024-05-06T05:05:45.343+0000] {dag.py:3954} INFO - Setting next_dagrun for my_first_dag to None, run_after=None
[2024-05-06T05:05:45.364+0000] {processor.py:183} INFO - Processing /opt/airflow/dags/my_first_dag.py took 0.058 seconds
[2024-05-06T05:06:16.115+0000] {processor.py:161} INFO - Started process (PID=8771) to work on /opt/airflow/dags/my_first_dag.py
[2024-05-06T05:06:16.116+0000] {processor.py:830} INFO - Processing file /opt/airflow/dags/my_first_dag.py for tasks to queue
[2024-05-06T05:06:16.118+0000] {logging_mixin.py:188} INFO - [2024-05-06T05:06:16.118+0000] {dagbag.py:540} INFO - Filling up the DagBag from /opt/airflow/dags/my_first_dag.py
[2024-05-06T05:06:16.123+0000] {processor.py:840} INFO - DAG(s) 'my_first_dag' retrieved from /opt/airflow/dags/my_first_dag.py
[2024-05-06T05:06:16.141+0000] {logging_mixin.py:188} INFO - [2024-05-06T05:06:16.141+0000] {dag.py:3096} INFO - Sync 1 DAGs
[2024-05-06T05:06:16.152+0000] {logging_mixin.py:188} INFO - [2024-05-06T05:06:16.152+0000] {dag.py:3954} INFO - Setting next_dagrun for my_first_dag to None, run_after=None
[2024-05-06T05:06:16.174+0000] {processor.py:183} INFO - Processing /opt/airflow/dags/my_first_dag.py took 0.071 seconds
[2024-05-06T05:06:46.555+0000] {processor.py:161} INFO - Started process (PID=9043) to work on /opt/airflow/dags/my_first_dag.py
[2024-05-06T05:06:46.556+0000] {processor.py:830} INFO - Processing file /opt/airflow/dags/my_first_dag.py for tasks to queue
[2024-05-06T05:06:46.557+0000] {logging_mixin.py:188} INFO - [2024-05-06T05:06:46.557+0000] {dagbag.py:540} INFO - Filling up the DagBag from /opt/airflow/dags/my_first_dag.py
[2024-05-06T05:06:46.561+0000] {processor.py:840} INFO - DAG(s) 'my_first_dag' retrieved from /opt/airflow/dags/my_first_dag.py
[2024-05-06T05:06:46.577+0000] {logging_mixin.py:188} INFO - [2024-05-06T05:06:46.577+0000] {dag.py:3096} INFO - Sync 1 DAGs
[2024-05-06T05:06:46.588+0000] {logging_mixin.py:188} INFO - [2024-05-06T05:06:46.588+0000] {dag.py:3954} INFO - Setting next_dagrun for my_first_dag to None, run_after=None
[2024-05-06T05:06:46.607+0000] {processor.py:183} INFO - Processing /opt/airflow/dags/my_first_dag.py took 0.058 seconds
[2024-05-06T05:07:17.394+0000] {processor.py:161} INFO - Started process (PID=9315) to work on /opt/airflow/dags/my_first_dag.py
[2024-05-06T05:07:17.394+0000] {processor.py:830} INFO - Processing file /opt/airflow/dags/my_first_dag.py for tasks to queue
[2024-05-06T05:07:17.396+0000] {logging_mixin.py:188} INFO - [2024-05-06T05:07:17.396+0000] {dagbag.py:540} INFO - Filling up the DagBag from /opt/airflow/dags/my_first_dag.py
[2024-05-06T05:07:17.399+0000] {processor.py:840} INFO - DAG(s) 'my_first_dag' retrieved from /opt/airflow/dags/my_first_dag.py
[2024-05-06T05:07:17.416+0000] {logging_mixin.py:188} INFO - [2024-05-06T05:07:17.416+0000] {dag.py:3096} INFO - Sync 1 DAGs
[2024-05-06T05:07:17.427+0000] {logging_mixin.py:188} INFO - [2024-05-06T05:07:17.427+0000] {dag.py:3954} INFO - Setting next_dagrun for my_first_dag to None, run_after=None
[2024-05-06T05:07:17.447+0000] {processor.py:183} INFO - Processing /opt/airflow/dags/my_first_dag.py took 0.058 seconds
[2024-05-06T05:07:48.128+0000] {processor.py:161} INFO - Started process (PID=9589) to work on /opt/airflow/dags/my_first_dag.py
[2024-05-06T05:07:48.129+0000] {processor.py:830} INFO - Processing file /opt/airflow/dags/my_first_dag.py for tasks to queue
[2024-05-06T05:07:48.131+0000] {logging_mixin.py:188} INFO - [2024-05-06T05:07:48.130+0000] {dagbag.py:540} INFO - Filling up the DagBag from /opt/airflow/dags/my_first_dag.py
[2024-05-06T05:07:48.134+0000] {processor.py:840} INFO - DAG(s) 'my_first_dag' retrieved from /opt/airflow/dags/my_first_dag.py
[2024-05-06T05:07:48.150+0000] {logging_mixin.py:188} INFO - [2024-05-06T05:07:48.150+0000] {dag.py:3096} INFO - Sync 1 DAGs
[2024-05-06T05:07:48.161+0000] {logging_mixin.py:188} INFO - [2024-05-06T05:07:48.161+0000] {dag.py:3954} INFO - Setting next_dagrun for my_first_dag to None, run_after=None
[2024-05-06T05:07:48.181+0000] {processor.py:183} INFO - Processing /opt/airflow/dags/my_first_dag.py took 0.058 seconds
[2024-05-06T05:08:18.686+0000] {processor.py:161} INFO - Started process (PID=9862) to work on /opt/airflow/dags/my_first_dag.py
[2024-05-06T05:08:18.687+0000] {processor.py:830} INFO - Processing file /opt/airflow/dags/my_first_dag.py for tasks to queue
[2024-05-06T05:08:18.689+0000] {logging_mixin.py:188} INFO - [2024-05-06T05:08:18.688+0000] {dagbag.py:540} INFO - Filling up the DagBag from /opt/airflow/dags/my_first_dag.py
[2024-05-06T05:08:18.692+0000] {processor.py:840} INFO - DAG(s) 'my_first_dag' retrieved from /opt/airflow/dags/my_first_dag.py
[2024-05-06T05:08:18.710+0000] {logging_mixin.py:188} INFO - [2024-05-06T05:08:18.710+0000] {dag.py:3096} INFO - Sync 1 DAGs
[2024-05-06T05:08:18.721+0000] {logging_mixin.py:188} INFO - [2024-05-06T05:08:18.721+0000] {dag.py:3954} INFO - Setting next_dagrun for my_first_dag to None, run_after=None
[2024-05-06T05:08:18.741+0000] {processor.py:183} INFO - Processing /opt/airflow/dags/my_first_dag.py took 0.060 seconds
[2024-05-06T05:08:49.270+0000] {processor.py:161} INFO - Started process (PID=10134) to work on /opt/airflow/dags/my_first_dag.py
[2024-05-06T05:08:49.271+0000] {processor.py:830} INFO - Processing file /opt/airflow/dags/my_first_dag.py for tasks to queue
[2024-05-06T05:08:49.273+0000] {logging_mixin.py:188} INFO - [2024-05-06T05:08:49.273+0000] {dagbag.py:540} INFO - Filling up the DagBag from /opt/airflow/dags/my_first_dag.py
[2024-05-06T05:08:49.277+0000] {processor.py:840} INFO - DAG(s) 'my_first_dag' retrieved from /opt/airflow/dags/my_first_dag.py
[2024-05-06T05:08:49.296+0000] {logging_mixin.py:188} INFO - [2024-05-06T05:08:49.296+0000] {dag.py:3096} INFO - Sync 1 DAGs
[2024-05-06T05:08:49.307+0000] {logging_mixin.py:188} INFO - [2024-05-06T05:08:49.307+0000] {dag.py:3954} INFO - Setting next_dagrun for my_first_dag to None, run_after=None
[2024-05-06T05:08:49.329+0000] {processor.py:183} INFO - Processing /opt/airflow/dags/my_first_dag.py took 0.067 seconds
[2024-05-06T05:09:19.640+0000] {processor.py:161} INFO - Started process (PID=10406) to work on /opt/airflow/dags/my_first_dag.py
[2024-05-06T05:09:19.641+0000] {processor.py:830} INFO - Processing file /opt/airflow/dags/my_first_dag.py for tasks to queue
[2024-05-06T05:09:19.642+0000] {logging_mixin.py:188} INFO - [2024-05-06T05:09:19.642+0000] {dagbag.py:540} INFO - Filling up the DagBag from /opt/airflow/dags/my_first_dag.py
[2024-05-06T05:09:19.646+0000] {processor.py:840} INFO - DAG(s) 'my_first_dag' retrieved from /opt/airflow/dags/my_first_dag.py
[2024-05-06T05:09:19.662+0000] {logging_mixin.py:188} INFO - [2024-05-06T05:09:19.662+0000] {dag.py:3096} INFO - Sync 1 DAGs
[2024-05-06T05:09:19.673+0000] {logging_mixin.py:188} INFO - [2024-05-06T05:09:19.673+0000] {dag.py:3954} INFO - Setting next_dagrun for my_first_dag to None, run_after=None
[2024-05-06T05:09:19.693+0000] {processor.py:183} INFO - Processing /opt/airflow/dags/my_first_dag.py took 0.058 seconds
[2024-05-06T05:09:50.310+0000] {processor.py:161} INFO - Started process (PID=10678) to work on /opt/airflow/dags/my_first_dag.py
[2024-05-06T05:09:50.311+0000] {processor.py:830} INFO - Processing file /opt/airflow/dags/my_first_dag.py for tasks to queue
[2024-05-06T05:09:50.312+0000] {logging_mixin.py:188} INFO - [2024-05-06T05:09:50.312+0000] {dagbag.py:540} INFO - Filling up the DagBag from /opt/airflow/dags/my_first_dag.py
[2024-05-06T05:09:50.317+0000] {processor.py:840} INFO - DAG(s) 'my_first_dag' retrieved from /opt/airflow/dags/my_first_dag.py
[2024-05-06T05:09:50.334+0000] {logging_mixin.py:188} INFO - [2024-05-06T05:09:50.334+0000] {dag.py:3096} INFO - Sync 1 DAGs
[2024-05-06T05:09:50.345+0000] {logging_mixin.py:188} INFO - [2024-05-06T05:09:50.345+0000] {dag.py:3954} INFO - Setting next_dagrun for my_first_dag to None, run_after=None
[2024-05-06T05:09:50.366+0000] {processor.py:183} INFO - Processing /opt/airflow/dags/my_first_dag.py took 0.061 seconds
[2024-05-06T05:10:20.470+0000] {processor.py:161} INFO - Started process (PID=10950) to work on /opt/airflow/dags/my_first_dag.py
[2024-05-06T05:10:20.471+0000] {processor.py:830} INFO - Processing file /opt/airflow/dags/my_first_dag.py for tasks to queue
[2024-05-06T05:10:20.472+0000] {logging_mixin.py:188} INFO - [2024-05-06T05:10:20.472+0000] {dagbag.py:540} INFO - Filling up the DagBag from /opt/airflow/dags/my_first_dag.py
[2024-05-06T05:10:20.476+0000] {processor.py:840} INFO - DAG(s) 'my_first_dag' retrieved from /opt/airflow/dags/my_first_dag.py
[2024-05-06T05:10:20.494+0000] {logging_mixin.py:188} INFO - [2024-05-06T05:10:20.494+0000] {dag.py:3096} INFO - Sync 1 DAGs
[2024-05-06T05:10:20.506+0000] {logging_mixin.py:188} INFO - [2024-05-06T05:10:20.506+0000] {dag.py:3954} INFO - Setting next_dagrun for my_first_dag to None, run_after=None
[2024-05-06T05:10:20.528+0000] {processor.py:183} INFO - Processing /opt/airflow/dags/my_first_dag.py took 0.064 seconds
[2024-05-06T05:10:50.567+0000] {processor.py:161} INFO - Started process (PID=11222) to work on /opt/airflow/dags/my_first_dag.py
[2024-05-06T05:10:50.568+0000] {processor.py:830} INFO - Processing file /opt/airflow/dags/my_first_dag.py for tasks to queue
[2024-05-06T05:10:50.569+0000] {logging_mixin.py:188} INFO - [2024-05-06T05:10:50.569+0000] {dagbag.py:540} INFO - Filling up the DagBag from /opt/airflow/dags/my_first_dag.py
[2024-05-06T05:10:50.572+0000] {processor.py:840} INFO - DAG(s) 'my_first_dag' retrieved from /opt/airflow/dags/my_first_dag.py
[2024-05-06T05:10:50.589+0000] {logging_mixin.py:188} INFO - [2024-05-06T05:10:50.589+0000] {dag.py:3096} INFO - Sync 1 DAGs
[2024-05-06T05:10:50.600+0000] {logging_mixin.py:188} INFO - [2024-05-06T05:10:50.600+0000] {dag.py:3954} INFO - Setting next_dagrun for my_first_dag to None, run_after=None
[2024-05-06T05:10:50.620+0000] {processor.py:183} INFO - Processing /opt/airflow/dags/my_first_dag.py took 0.060 seconds
[2024-05-06T05:11:21.434+0000] {processor.py:161} INFO - Started process (PID=11489) to work on /opt/airflow/dags/my_first_dag.py
[2024-05-06T05:11:21.436+0000] {processor.py:830} INFO - Processing file /opt/airflow/dags/my_first_dag.py for tasks to queue
[2024-05-06T05:11:21.438+0000] {logging_mixin.py:188} INFO - [2024-05-06T05:11:21.437+0000] {dagbag.py:540} INFO - Filling up the DagBag from /opt/airflow/dags/my_first_dag.py
[2024-05-06T05:11:21.442+0000] {processor.py:840} INFO - DAG(s) 'my_first_dag' retrieved from /opt/airflow/dags/my_first_dag.py
[2024-05-06T05:11:21.470+0000] {logging_mixin.py:188} INFO - [2024-05-06T05:11:21.470+0000] {dag.py:3096} INFO - Sync 1 DAGs
[2024-05-06T05:11:21.488+0000] {logging_mixin.py:188} INFO - [2024-05-06T05:11:21.488+0000] {dag.py:3954} INFO - Setting next_dagrun for my_first_dag to None, run_after=None
[2024-05-06T05:11:21.516+0000] {processor.py:183} INFO - Processing /opt/airflow/dags/my_first_dag.py took 0.088 seconds
[2024-05-06T05:11:51.752+0000] {processor.py:161} INFO - Started process (PID=11762) to work on /opt/airflow/dags/my_first_dag.py
[2024-05-06T05:11:51.754+0000] {processor.py:830} INFO - Processing file /opt/airflow/dags/my_first_dag.py for tasks to queue
[2024-05-06T05:11:51.756+0000] {logging_mixin.py:188} INFO - [2024-05-06T05:11:51.755+0000] {dagbag.py:540} INFO - Filling up the DagBag from /opt/airflow/dags/my_first_dag.py
[2024-05-06T05:11:51.761+0000] {processor.py:840} INFO - DAG(s) 'my_first_dag' retrieved from /opt/airflow/dags/my_first_dag.py
[2024-05-06T05:11:51.790+0000] {logging_mixin.py:188} INFO - [2024-05-06T05:11:51.789+0000] {dag.py:3096} INFO - Sync 1 DAGs
[2024-05-06T05:11:51.811+0000] {logging_mixin.py:188} INFO - [2024-05-06T05:11:51.810+0000] {dag.py:3954} INFO - Setting next_dagrun for my_first_dag to None, run_after=None
[2024-05-06T05:11:51.841+0000] {processor.py:183} INFO - Processing /opt/airflow/dags/my_first_dag.py took 0.096 seconds
[2024-05-06T05:12:22.813+0000] {processor.py:161} INFO - Started process (PID=12034) to work on /opt/airflow/dags/my_first_dag.py
[2024-05-06T05:12:22.814+0000] {processor.py:830} INFO - Processing file /opt/airflow/dags/my_first_dag.py for tasks to queue
[2024-05-06T05:12:22.816+0000] {logging_mixin.py:188} INFO - [2024-05-06T05:12:22.816+0000] {dagbag.py:540} INFO - Filling up the DagBag from /opt/airflow/dags/my_first_dag.py
[2024-05-06T05:12:22.820+0000] {processor.py:840} INFO - DAG(s) 'my_first_dag' retrieved from /opt/airflow/dags/my_first_dag.py
[2024-05-06T05:12:22.844+0000] {logging_mixin.py:188} INFO - [2024-05-06T05:12:22.843+0000] {dag.py:3096} INFO - Sync 1 DAGs
[2024-05-06T05:12:22.860+0000] {logging_mixin.py:188} INFO - [2024-05-06T05:12:22.860+0000] {dag.py:3954} INFO - Setting next_dagrun for my_first_dag to None, run_after=None
[2024-05-06T05:12:22.887+0000] {processor.py:183} INFO - Processing /opt/airflow/dags/my_first_dag.py took 0.080 seconds
[2024-05-06T05:12:53.825+0000] {processor.py:161} INFO - Started process (PID=12313) to work on /opt/airflow/dags/my_first_dag.py
[2024-05-06T05:12:53.826+0000] {processor.py:830} INFO - Processing file /opt/airflow/dags/my_first_dag.py for tasks to queue
[2024-05-06T05:12:53.828+0000] {logging_mixin.py:188} INFO - [2024-05-06T05:12:53.828+0000] {dagbag.py:540} INFO - Filling up the DagBag from /opt/airflow/dags/my_first_dag.py
[2024-05-06T05:12:53.833+0000] {processor.py:840} INFO - DAG(s) 'my_first_dag' retrieved from /opt/airflow/dags/my_first_dag.py
[2024-05-06T05:12:53.866+0000] {logging_mixin.py:188} INFO - [2024-05-06T05:12:53.866+0000] {dag.py:3096} INFO - Sync 1 DAGs
[2024-05-06T05:12:53.888+0000] {logging_mixin.py:188} INFO - [2024-05-06T05:12:53.888+0000] {dag.py:3954} INFO - Setting next_dagrun for my_first_dag to None, run_after=None
[2024-05-06T05:12:53.926+0000] {processor.py:183} INFO - Processing /opt/airflow/dags/my_first_dag.py took 0.110 seconds
[2024-05-06T05:13:24.738+0000] {processor.py:161} INFO - Started process (PID=12586) to work on /opt/airflow/dags/my_first_dag.py
[2024-05-06T05:13:24.743+0000] {processor.py:830} INFO - Processing file /opt/airflow/dags/my_first_dag.py for tasks to queue
[2024-05-06T05:13:24.745+0000] {logging_mixin.py:188} INFO - [2024-05-06T05:13:24.744+0000] {dagbag.py:540} INFO - Filling up the DagBag from /opt/airflow/dags/my_first_dag.py
[2024-05-06T05:13:24.750+0000] {processor.py:840} INFO - DAG(s) 'my_first_dag' retrieved from /opt/airflow/dags/my_first_dag.py
[2024-05-06T05:13:24.786+0000] {logging_mixin.py:188} INFO - [2024-05-06T05:13:24.786+0000] {dag.py:3096} INFO - Sync 1 DAGs
[2024-05-06T05:13:24.803+0000] {logging_mixin.py:188} INFO - [2024-05-06T05:13:24.803+0000] {dag.py:3954} INFO - Setting next_dagrun for my_first_dag to None, run_after=None
[2024-05-06T05:13:24.828+0000] {processor.py:183} INFO - Processing /opt/airflow/dags/my_first_dag.py took 0.101 seconds
[2024-05-06T05:13:55.340+0000] {processor.py:161} INFO - Started process (PID=12858) to work on /opt/airflow/dags/my_first_dag.py
[2024-05-06T05:13:55.347+0000] {processor.py:830} INFO - Processing file /opt/airflow/dags/my_first_dag.py for tasks to queue
[2024-05-06T05:13:55.354+0000] {logging_mixin.py:188} INFO - [2024-05-06T05:13:55.354+0000] {dagbag.py:540} INFO - Filling up the DagBag from /opt/airflow/dags/my_first_dag.py
[2024-05-06T05:13:55.362+0000] {processor.py:840} INFO - DAG(s) 'my_first_dag' retrieved from /opt/airflow/dags/my_first_dag.py
[2024-05-06T05:13:55.395+0000] {logging_mixin.py:188} INFO - [2024-05-06T05:13:55.394+0000] {dag.py:3096} INFO - Sync 1 DAGs
[2024-05-06T05:13:55.411+0000] {logging_mixin.py:188} INFO - [2024-05-06T05:13:55.411+0000] {dag.py:3954} INFO - Setting next_dagrun for my_first_dag to None, run_after=None
[2024-05-06T05:13:55.437+0000] {processor.py:183} INFO - Processing /opt/airflow/dags/my_first_dag.py took 0.110 seconds
[2024-05-06T05:14:26.200+0000] {processor.py:161} INFO - Started process (PID=13131) to work on /opt/airflow/dags/my_first_dag.py
[2024-05-06T05:14:26.201+0000] {processor.py:830} INFO - Processing file /opt/airflow/dags/my_first_dag.py for tasks to queue
[2024-05-06T05:14:26.203+0000] {logging_mixin.py:188} INFO - [2024-05-06T05:14:26.202+0000] {dagbag.py:540} INFO - Filling up the DagBag from /opt/airflow/dags/my_first_dag.py
[2024-05-06T05:14:26.208+0000] {processor.py:840} INFO - DAG(s) 'my_first_dag' retrieved from /opt/airflow/dags/my_first_dag.py
[2024-05-06T05:14:26.231+0000] {logging_mixin.py:188} INFO - [2024-05-06T05:14:26.230+0000] {dag.py:3096} INFO - Sync 1 DAGs
[2024-05-06T05:14:26.247+0000] {logging_mixin.py:188} INFO - [2024-05-06T05:14:26.247+0000] {dag.py:3954} INFO - Setting next_dagrun for my_first_dag to None, run_after=None
[2024-05-06T05:14:26.275+0000] {processor.py:183} INFO - Processing /opt/airflow/dags/my_first_dag.py took 0.082 seconds
[2024-05-06T05:14:56.918+0000] {processor.py:161} INFO - Started process (PID=13403) to work on /opt/airflow/dags/my_first_dag.py
[2024-05-06T05:14:56.920+0000] {processor.py:830} INFO - Processing file /opt/airflow/dags/my_first_dag.py for tasks to queue
[2024-05-06T05:14:56.926+0000] {logging_mixin.py:188} INFO - [2024-05-06T05:14:56.925+0000] {dagbag.py:540} INFO - Filling up the DagBag from /opt/airflow/dags/my_first_dag.py
[2024-05-06T05:14:56.931+0000] {processor.py:840} INFO - DAG(s) 'my_first_dag' retrieved from /opt/airflow/dags/my_first_dag.py
[2024-05-06T05:14:56.953+0000] {logging_mixin.py:188} INFO - [2024-05-06T05:14:56.952+0000] {dag.py:3096} INFO - Sync 1 DAGs
[2024-05-06T05:14:56.971+0000] {logging_mixin.py:188} INFO - [2024-05-06T05:14:56.971+0000] {dag.py:3954} INFO - Setting next_dagrun for my_first_dag to None, run_after=None
[2024-05-06T05:14:57.017+0000] {processor.py:183} INFO - Processing /opt/airflow/dags/my_first_dag.py took 0.105 seconds
[2024-05-06T05:15:27.558+0000] {processor.py:161} INFO - Started process (PID=13676) to work on /opt/airflow/dags/my_first_dag.py
[2024-05-06T05:15:27.559+0000] {processor.py:830} INFO - Processing file /opt/airflow/dags/my_first_dag.py for tasks to queue
[2024-05-06T05:15:27.561+0000] {logging_mixin.py:188} INFO - [2024-05-06T05:15:27.561+0000] {dagbag.py:540} INFO - Filling up the DagBag from /opt/airflow/dags/my_first_dag.py
[2024-05-06T05:15:27.566+0000] {processor.py:840} INFO - DAG(s) 'my_first_dag' retrieved from /opt/airflow/dags/my_first_dag.py
[2024-05-06T05:15:27.589+0000] {logging_mixin.py:188} INFO - [2024-05-06T05:15:27.589+0000] {dag.py:3096} INFO - Sync 1 DAGs
[2024-05-06T05:15:27.607+0000] {logging_mixin.py:188} INFO - [2024-05-06T05:15:27.606+0000] {dag.py:3954} INFO - Setting next_dagrun for my_first_dag to None, run_after=None
[2024-05-06T05:15:27.632+0000] {processor.py:183} INFO - Processing /opt/airflow/dags/my_first_dag.py took 0.080 seconds
[2024-05-06T05:15:58.403+0000] {processor.py:161} INFO - Started process (PID=13947) to work on /opt/airflow/dags/my_first_dag.py
[2024-05-06T05:15:58.404+0000] {processor.py:830} INFO - Processing file /opt/airflow/dags/my_first_dag.py for tasks to queue
[2024-05-06T05:15:58.406+0000] {logging_mixin.py:188} INFO - [2024-05-06T05:15:58.406+0000] {dagbag.py:540} INFO - Filling up the DagBag from /opt/airflow/dags/my_first_dag.py
[2024-05-06T05:15:58.415+0000] {processor.py:840} INFO - DAG(s) 'my_first_dag' retrieved from /opt/airflow/dags/my_first_dag.py
[2024-05-06T05:15:58.438+0000] {logging_mixin.py:188} INFO - [2024-05-06T05:15:58.438+0000] {dag.py:3096} INFO - Sync 1 DAGs
[2024-05-06T05:15:58.455+0000] {logging_mixin.py:188} INFO - [2024-05-06T05:15:58.454+0000] {dag.py:3954} INFO - Setting next_dagrun for my_first_dag to None, run_after=None
[2024-05-06T05:15:58.504+0000] {processor.py:183} INFO - Processing /opt/airflow/dags/my_first_dag.py took 0.107 seconds
[2024-05-06T05:16:29.019+0000] {processor.py:161} INFO - Started process (PID=14220) to work on /opt/airflow/dags/my_first_dag.py
[2024-05-06T05:16:29.020+0000] {processor.py:830} INFO - Processing file /opt/airflow/dags/my_first_dag.py for tasks to queue
[2024-05-06T05:16:29.022+0000] {logging_mixin.py:188} INFO - [2024-05-06T05:16:29.022+0000] {dagbag.py:540} INFO - Filling up the DagBag from /opt/airflow/dags/my_first_dag.py
[2024-05-06T05:16:29.027+0000] {processor.py:840} INFO - DAG(s) 'my_first_dag' retrieved from /opt/airflow/dags/my_first_dag.py
[2024-05-06T05:16:29.050+0000] {logging_mixin.py:188} INFO - [2024-05-06T05:16:29.050+0000] {dag.py:3096} INFO - Sync 1 DAGs
[2024-05-06T05:16:29.067+0000] {logging_mixin.py:188} INFO - [2024-05-06T05:16:29.067+0000] {dag.py:3954} INFO - Setting next_dagrun for my_first_dag to None, run_after=None
[2024-05-06T05:16:29.093+0000] {processor.py:183} INFO - Processing /opt/airflow/dags/my_first_dag.py took 0.080 seconds
[2024-05-06T05:16:59.643+0000] {processor.py:161} INFO - Started process (PID=14493) to work on /opt/airflow/dags/my_first_dag.py
[2024-05-06T05:16:59.643+0000] {processor.py:830} INFO - Processing file /opt/airflow/dags/my_first_dag.py for tasks to queue
[2024-05-06T05:16:59.645+0000] {logging_mixin.py:188} INFO - [2024-05-06T05:16:59.645+0000] {dagbag.py:540} INFO - Filling up the DagBag from /opt/airflow/dags/my_first_dag.py
[2024-05-06T05:16:59.650+0000] {processor.py:840} INFO - DAG(s) 'my_first_dag' retrieved from /opt/airflow/dags/my_first_dag.py
[2024-05-06T05:16:59.677+0000] {logging_mixin.py:188} INFO - [2024-05-06T05:16:59.676+0000] {dag.py:3096} INFO - Sync 1 DAGs
[2024-05-06T05:16:59.692+0000] {logging_mixin.py:188} INFO - [2024-05-06T05:16:59.692+0000] {dag.py:3954} INFO - Setting next_dagrun for my_first_dag to None, run_after=None
[2024-05-06T05:16:59.720+0000] {processor.py:183} INFO - Processing /opt/airflow/dags/my_first_dag.py took 0.083 seconds
[2024-05-06T05:17:30.505+0000] {processor.py:161} INFO - Started process (PID=14765) to work on /opt/airflow/dags/my_first_dag.py
[2024-05-06T05:17:30.507+0000] {processor.py:830} INFO - Processing file /opt/airflow/dags/my_first_dag.py for tasks to queue
[2024-05-06T05:17:30.509+0000] {logging_mixin.py:188} INFO - [2024-05-06T05:17:30.509+0000] {dagbag.py:540} INFO - Filling up the DagBag from /opt/airflow/dags/my_first_dag.py
[2024-05-06T05:17:30.513+0000] {processor.py:840} INFO - DAG(s) 'my_first_dag' retrieved from /opt/airflow/dags/my_first_dag.py
[2024-05-06T05:17:30.540+0000] {logging_mixin.py:188} INFO - [2024-05-06T05:17:30.540+0000] {dag.py:3096} INFO - Sync 1 DAGs
[2024-05-06T05:17:30.557+0000] {logging_mixin.py:188} INFO - [2024-05-06T05:17:30.557+0000] {dag.py:3954} INFO - Setting next_dagrun for my_first_dag to None, run_after=None
[2024-05-06T05:17:30.584+0000] {processor.py:183} INFO - Processing /opt/airflow/dags/my_first_dag.py took 0.085 seconds
[2024-05-06T05:18:00.928+0000] {processor.py:161} INFO - Started process (PID=15037) to work on /opt/airflow/dags/my_first_dag.py
[2024-05-06T05:18:00.929+0000] {processor.py:830} INFO - Processing file /opt/airflow/dags/my_first_dag.py for tasks to queue
[2024-05-06T05:18:00.931+0000] {logging_mixin.py:188} INFO - [2024-05-06T05:18:00.931+0000] {dagbag.py:540} INFO - Filling up the DagBag from /opt/airflow/dags/my_first_dag.py
[2024-05-06T05:18:00.935+0000] {processor.py:840} INFO - DAG(s) 'my_first_dag' retrieved from /opt/airflow/dags/my_first_dag.py
[2024-05-06T05:18:00.959+0000] {logging_mixin.py:188} INFO - [2024-05-06T05:18:00.959+0000] {dag.py:3096} INFO - Sync 1 DAGs
[2024-05-06T05:18:00.976+0000] {logging_mixin.py:188} INFO - [2024-05-06T05:18:00.976+0000] {dag.py:3954} INFO - Setting next_dagrun for my_first_dag to None, run_after=None
[2024-05-06T05:18:01.020+0000] {processor.py:183} INFO - Processing /opt/airflow/dags/my_first_dag.py took 0.098 seconds
[2024-05-06T05:18:31.422+0000] {processor.py:161} INFO - Started process (PID=15309) to work on /opt/airflow/dags/my_first_dag.py
[2024-05-06T05:18:31.424+0000] {processor.py:830} INFO - Processing file /opt/airflow/dags/my_first_dag.py for tasks to queue
[2024-05-06T05:18:31.426+0000] {logging_mixin.py:188} INFO - [2024-05-06T05:18:31.425+0000] {dagbag.py:540} INFO - Filling up the DagBag from /opt/airflow/dags/my_first_dag.py
[2024-05-06T05:18:31.431+0000] {processor.py:840} INFO - DAG(s) 'my_first_dag' retrieved from /opt/airflow/dags/my_first_dag.py
[2024-05-06T05:18:31.463+0000] {logging_mixin.py:188} INFO - [2024-05-06T05:18:31.462+0000] {dag.py:3096} INFO - Sync 1 DAGs
[2024-05-06T05:18:31.479+0000] {logging_mixin.py:188} INFO - [2024-05-06T05:18:31.479+0000] {dag.py:3954} INFO - Setting next_dagrun for my_first_dag to None, run_after=None
[2024-05-06T05:18:31.509+0000] {processor.py:183} INFO - Processing /opt/airflow/dags/my_first_dag.py took 0.093 seconds
[2024-05-06T05:19:02.015+0000] {processor.py:161} INFO - Started process (PID=15581) to work on /opt/airflow/dags/my_first_dag.py
[2024-05-06T05:19:02.016+0000] {processor.py:830} INFO - Processing file /opt/airflow/dags/my_first_dag.py for tasks to queue
[2024-05-06T05:19:02.018+0000] {logging_mixin.py:188} INFO - [2024-05-06T05:19:02.017+0000] {dagbag.py:540} INFO - Filling up the DagBag from /opt/airflow/dags/my_first_dag.py
[2024-05-06T05:19:02.023+0000] {processor.py:840} INFO - DAG(s) 'my_first_dag' retrieved from /opt/airflow/dags/my_first_dag.py
[2024-05-06T05:19:02.048+0000] {logging_mixin.py:188} INFO - [2024-05-06T05:19:02.048+0000] {dag.py:3096} INFO - Sync 1 DAGs
[2024-05-06T05:19:02.065+0000] {logging_mixin.py:188} INFO - [2024-05-06T05:19:02.065+0000] {dag.py:3954} INFO - Setting next_dagrun for my_first_dag to None, run_after=None
[2024-05-06T05:19:02.090+0000] {processor.py:183} INFO - Processing /opt/airflow/dags/my_first_dag.py took 0.082 seconds
